Log file open, 06/11/17 17:44:00
LogInit:Display: Running engine for game: Meeting
LogPlatformFile: Not using cached read wrapper
LogInit:Display: RandInit(1582079462) SRandInit(1582079462).
LogTaskGraph: Started task graph with 5 named threads and 8 total threads with 1 sets of task threads.
LogStats: Stats thread started at 2.046082
LogInit: Using libcurl 7.47.1
LogInit:  - built for x86_64-pc-win32
LogInit:  - supports SSL with OpenSSL/1.0.2g
LogInit:  - supports HTTP deflate (compression) using libz 1.2.8
LogInit:  - other features:
LogInit:      CURL_VERSION_SSL
LogInit:      CURL_VERSION_LIBZ
LogInit:      CURL_VERSION_IPV6
LogInit:      CURL_VERSION_ASYNCHDNS
LogInit:      CURL_VERSION_LARGEFILE
LogInit:      CURL_VERSION_IDN
LogInit:  CurlRequestOptions (configurable via config and command line):
LogInit:  - bVerifyPeer = false  - Libcurl will NOT verify peer certificate
LogInit:  - bUseHttpProxy = false  - Libcurl will NOT use HTTP proxy
LogInit:  - bDontReuseConnections = false  - Libcurl will reuse connections
LogInit:  - CertBundlePath = nullptr  - Libcurl will use whatever was configured at build time.
LogInit: Build: ++UE4+Release-4.15-CL-3450819
LogInit: Engine Version: 4.15.3-3450819+++UE4+Release-4.15
LogInit: Compatible Engine Version: 4.15.0-3299760+++UE4+Release-4.15
LogInit: Net CL: 3299760
LogDevObjectVersion: Number of dev versions registered: 14
LogDevObjectVersion:   Dev-Blueprints (B0D832E4-1F89-4F0D-ACCF-7EB736FD4AA2): 8
LogDevObjectVersion:   Dev-Build (E1C64328-A22C-4D53-A36C-8E866417BD8C): 0
LogDevObjectVersion:   Dev-Core (375EC13C-06E4-48FB-B500-84F0262A717E): 2
LogDevObjectVersion:   Dev-Editor (E4B068ED-F494-42E9-A231-DA0B2E46BB41): 14
LogDevObjectVersion:   Dev-Framework (CFFC743F-43B0-4480-9391-14DF171D2073): 22
LogDevObjectVersion:   Dev-Mobile (B02B49B5-BB20-44E9-A304-32B752E40360): 0
LogDevObjectVersion:   Dev-Networking (A4E4105C-59A1-49B5-A7C5-40C4547EDFEE): 0
LogDevObjectVersion:   Dev-Online (39C831C9-5AE6-47DC-9A44-9C173E1C8E7C): 0
LogDevObjectVersion:   Dev-Physics (78F01B33-EBEA-4F98-B9B4-84EACCB95AA2): 0
LogDevObjectVersion:   Dev-Platform (6631380F-2D4D-43E0-8009-CF276956A95A): 0
LogDevObjectVersion:   Dev-Rendering (12F88B9F-8875-4AFC-A67C-D90C383ABD29): 12
LogDevObjectVersion:   Dev-Sequencer (7B5AE74C-D270-4C10-A958-57980B212A5A): 3
LogDevObjectVersion:   Dev-VR (D7296918-1DD6-4BDD-9DE2-64A83CC13884): 0
LogDevObjectVersion:   Dev-LoadTimes (C2A15278-BFE7-4AFE-6C17-90FF531DF755): 1
LogInit: Compiled (64-bit): May 21 2017 11:02:34
LogInit: Compiled with Visual C++: 19.00.23026.00
LogInit: Build Configuration: Development
LogInit: Branch Name: ++UE4+Release-4.15
LogInit: Command line:  
LogInit: Base directory: D:/UE_4.15/Engine/Binaries/Win64/
LogInit: Installed Engine Build: 1
LogInit: Presizing for max 8388607 objects, including 0 objects not considered by GC, pre-allocating 0 bytes for permanent pool.
LogInit: Object subsystem initialized
[2017.06.11-09.44.01:509][  0]LogInit: Selected Device Profile: [Windows]
[2017.06.11-09.44.01:509][  0]LogInit: Applying CVar settings loaded from the selected device profile: [Windows]
[2017.06.11-09.44.01:576][  0]LogInit: Computer: ASUS
[2017.06.11-09.44.01:576][  0]LogInit: User: User
[2017.06.11-09.44.01:576][  0]LogInit: CPU Page size=65536, Cores=4
[2017.06.11-09.44.01:576][  0]LogInit: High frequency timer resolution =2.338349 MHz
[2017.06.11-09.44.01:577][  0]LogMemory: Memory total: Physical=7.9GB (8GB approx)
[2017.06.11-09.44.01:577][  0]LogMemory: Platform Memory Stats for Windows
[2017.06.11-09.44.01:577][  0]LogMemory: Process Physical Memory: 261.87 MB used, 261.87 MB peak
[2017.06.11-09.44.01:577][  0]LogMemory: Process Virtual Memory: 262.54 MB used, 262.54 MB peak
[2017.06.11-09.44.01:577][  0]LogMemory: Physical Memory: 4193.41 MB used,  3916.07 MB free, 8109.48 MB total
[2017.06.11-09.44.01:577][  0]LogMemory: Virtual Memory: 646.04 MB used,  3916.07 MB free, 134217728.00 MB total
[2017.06.11-09.44.02:062][  0]LogTextLocalizationManager: No specific translations for ('en-US') exist, so ('en') translations will be used.
[2017.06.11-09.44.04:841][  0]LogD3D11RHI: D3D11 adapters:
[2017.06.11-09.44.04:884][  0]LogD3D11RHI:    0. 'NVIDIA GeForce GTX 770M' (Feature Level 11_0)
[2017.06.11-09.44.04:884][  0]LogD3D11RHI:       3039/0/4054 MB DedicatedVideo/DedicatedSystem/SharedSystem, Outputs:1, VendorId:0x10de
[2017.06.11-09.44.04:912][  0]LogD3D11RHI:    1. 'Microsoft Basic Render Driver' (Feature Level 11_0)
[2017.06.11-09.44.04:912][  0]LogD3D11RHI:       0/0/4054 MB DedicatedVideo/DedicatedSystem/SharedSystem, Outputs:0, VendorId:0x1414
[2017.06.11-09.44.04:912][  0]LogD3D11RHI: Chosen D3D11 Adapter: 0
[2017.06.11-09.44.04:915][  0]LogD3D11RHI: Creating new Direct3DDevice
[2017.06.11-09.44.04:915][  0]LogD3D11RHI:     GPU DeviceId: 0x11e0 (for the marketing name, search the web for "GPU Device Id")
[2017.06.11-09.44.04:915][  0]LogWindows: EnumDisplayDevices:
[2017.06.11-09.44.04:915][  0]LogWindows:    0. 'NVIDIA GeForce GTX 770M' (P:1 D:1)
[2017.06.11-09.44.04:915][  0]LogWindows:    1. 'NVIDIA GeForce GTX 770M' (P:0 D:0)
[2017.06.11-09.44.04:915][  0]LogWindows:    2. 'NVIDIA GeForce GTX 770M' (P:0 D:0)
[2017.06.11-09.44.04:915][  0]LogWindows:    3. 'NVIDIA GeForce GTX 770M' (P:0 D:0)
[2017.06.11-09.44.04:916][  0]LogWindows: DebugString: FoundDriverCount:4 
[2017.06.11-09.44.04:916][  0]LogD3D11RHI:     Adapter Name: NVIDIA GeForce GTX 770M
[2017.06.11-09.44.04:916][  0]LogD3D11RHI:   Driver Version: 375.63 (internal:21.21.13.7563, unified:375.63)
[2017.06.11-09.44.04:916][  0]LogD3D11RHI:      Driver Date: 10-21-2016
[2017.06.11-09.44.04:916][  0]LogRHI: Texture pool is 1361 MB (70% of 1945 MB)
[2017.06.11-09.44.04:930][  0]LogD3D11RHI:Warning: Timestamp queries are currently disabled on this hardware due to instability. Realtime GPU stats will not be available. You can override this behaviour by setting r.NVIDIATimestampWorkaround to 0
[2017.06.11-09.44.04:930][  0]LogD3D11RHI: Async texture creation enabled
[2017.06.11-09.44.04:946][  0]LogD3D11RHI: GPU Timing Frequency: 1000.000000 (Debug: 2 2)
[2017.06.11-09.44.04:993][  0]LogShaderCompilers: Guid format shader working directory is 9 characters bigger than the processId version (C:/Users/User/Desktop/Unreal/Meeting/Intermediate/Shaders/WorkingDirectory/8436/).
[2017.06.11-09.44.04:993][  0]LogShaderCompilers: Cleaned the shader compiler working directory 'C:/Users/User/AppData/Local/Temp/UnrealShaderWorkingDir/4C9477C74D862E8B318BE0B3BC272C90/'.
[2017.06.11-09.44.04:993][  0]LogShaderCompilers:Display: Using Local Shader Compiler.
[2017.06.11-09.44.07:496][  0]LogTemp:Display: Loaded TP AllDesktopTargetPlatform
[2017.06.11-09.44.07:541][  0]LogTemp:Display: Loaded TP MacClientTargetPlatform
[2017.06.11-09.44.07:585][  0]LogTemp:Display: Loaded TP MacNoEditorTargetPlatform
[2017.06.11-09.44.07:633][  0]LogTemp:Display: Loaded TP MacServerTargetPlatform
[2017.06.11-09.44.07:710][  0]LogTemp:Display: Loaded TP MacTargetPlatform
[2017.06.11-09.44.07:759][  0]LogTemp:Display: Loaded TP WindowsClientTargetPlatform
[2017.06.11-09.44.07:804][  0]LogTemp:Display: Loaded TP WindowsNoEditorTargetPlatform
[2017.06.11-09.44.07:858][  0]LogTemp:Display: Loaded TP WindowsServerTargetPlatform
[2017.06.11-09.44.07:922][  0]LogTemp:Display: Loaded TP WindowsTargetPlatform
[2017.06.11-09.44.07:985][  0]LogTemp:Display: Loaded TP AndroidTargetPlatform
[2017.06.11-09.44.08:031][  0]LogTemp:Display: Loaded TP Android_ASTCTargetPlatform
[2017.06.11-09.44.08:076][  0]LogTemp:Display: Loaded TP Android_ATCTargetPlatform
[2017.06.11-09.44.08:130][  0]LogTemp:Display: Loaded TP Android_DXTTargetPlatform
[2017.06.11-09.44.08:175][  0]LogTemp:Display: Loaded TP Android_ETC1TargetPlatform
[2017.06.11-09.44.08:232][  0]LogTemp:Display: Loaded TP Android_ETC2TargetPlatform
[2017.06.11-09.44.08:321][  0]LogTemp:Display: Loaded TP Android_MultiTargetPlatform
[2017.06.11-09.44.08:321][  0]LogTemp:Display: Loaded TP Android_PVRTCTargetPlatform
[2017.06.11-09.44.08:382][  0]LogTemp:Display: Loaded TP HTML5TargetPlatform
[2017.06.11-09.44.08:517][  0]LogTemp:Display: Loaded TP IOSTargetPlatform
[2017.06.11-09.44.08:546][  0]LogTemp:Display: Loaded TP TVOSTargetPlatform
[2017.06.11-09.44.08:591][  0]LogTemp:Display: Loaded TP LinuxClientTargetPlatform
[2017.06.11-09.44.08:641][  0]LogTemp:Display: Loaded TP LinuxNoEditorTargetPlatform
[2017.06.11-09.44.08:690][  0]LogTemp:Display: Loaded TP LinuxServerTargetPlatform
[2017.06.11-09.44.08:740][  0]LogTemp:Display: Loaded TP LinuxTargetPlatform
[2017.06.11-09.44.08:740][  0]LogTargetPlatformManager:Display: Building Assets For Windows
[2017.06.11-09.44.09:426][  0]LogDerivedDataCache:Display: Max Cache Size: 512 MB
[2017.06.11-09.44.10:093][  0]LogDerivedDataCache: Loaded boot cache 0.67s 50MB C:/Users/User/AppData/Local/UnrealEngine/4.15/DerivedDataCache/Boot.ddc.
[2017.06.11-09.44.10:093][  0]LogDerivedDataCache:Display: Loaded Boot cache: C:/Users/User/AppData/Local/UnrealEngine/4.15/DerivedDataCache/Boot.ddc
[2017.06.11-09.44.10:093][  0]LogDerivedDataCache: FDerivedDataBackendGraph:  Pak pak cache file C:/Users/User/Desktop/Unreal/Meeting/DerivedDataCache/DDC.ddp not found, will not use a pak cache.
[2017.06.11-09.44.10:093][  0]LogDerivedDataCache: Unable to find inner node Pak for hierarchical cache Hierarchy.
[2017.06.11-09.44.10:094][  0]LogDerivedDataCache: FDerivedDataBackendGraph:  CompressedPak pak cache file C:/Users/User/Desktop/Unreal/Meeting/DerivedDataCache/Compressed.ddp not found, will not use a pak cache.
[2017.06.11-09.44.10:094][  0]LogDerivedDataCache: Unable to find inner node CompressedPak for hierarchical cache Hierarchy.
[2017.06.11-09.44.10:142][  0]LogDerivedDataCache:Display: Pak cache opened for reading ../../../Engine/DerivedDataCache/Compressed.ddp.
[2017.06.11-09.44.10:154][  0]LogDerivedDataCache: Using Local data cache path C:/Users/User/AppData/Local/UnrealEngine/Common/DerivedDataCache: Writable
[2017.06.11-09.44.10:162][  0]LogSlate: Using Freetype 2.6.0
[2017.06.11-09.44.10:163][  0]LogSlate: SlateFontCache - WITH_FREETYPE: 1, WITH_HARFBUZZ: 1
[2017.06.11-09.44.10:163][  0]LogSlate: SlateFontCache - WITH_FREETYPE: 1, WITH_HARFBUZZ: 1
[2017.06.11-09.44.24:184][  0]LogInit: Selected Device Profile: [Windows]
[2017.06.11-09.44.24:186][  0]LogContentStreaming: Texture pool size is 0.00 MB
[2017.06.11-09.44.24:455][  0]LogMeshUtilities: Using QuadricMeshReduction for automatic static mesh reduction
[2017.06.11-09.44.24:554][  0]LogSimplygon: Simplygon DLL not present - disabling.
[2017.06.11-09.44.24:637][  0]LogMeshUtilities: Using SimplygonSwarm for distributed automatic mesh merging
[2017.06.11-09.44.24:637][  0]LogMeshUtilities: No automatic skeletal mesh reduction module available
[2017.06.11-09.44.24:637][  0]LogMeshUtilities: No automatic mesh merging module available
[2017.06.11-09.44.25:340][  0]LogNetVersion: GetLocalNetworkVersion: CL: 3299760, ProjectName: meeting, ProjectVersion: , EngineNetworkVersion: 2, GameNetworkVersion: 0, NetworkChecksum: 116300604
[2017.06.11-09.44.25:391][  0]LogAssetRegistry: FAssetRegistry took 0.0214 seconds to start up
[2017.06.11-09.44.25:462][  0]LogPackageLocalizationCache: Processed 3 localized package path(s) for 2 prioritized culture(s) in 0.057332 seconds
[2017.06.11-09.44.25:467][  0]LogUObjectArray: 32493 objects as part of root set at end of initial load.
[2017.06.11-09.44.25:467][  0]LogUObjectAllocator: 7077024 out of 0 bytes used by permanent object pool.
[2017.06.11-09.44.25:467][  0]LogUObjectArray: CloseDisregardForGC: 0/0 objects in disregard for GC pool
[2017.06.11-09.44.25:511][  0]LogInit: WinSock: version 1.1 (2.2), MaxSocks=32767, MaxUdp=65467
[2017.06.11-09.44.35:954][  0]LogTcpMessaging: Initializing TcpMessaging bridge
[2017.06.11-09.44.36:001][  0]LogUdpMessaging: Initializing bridge on interface 0.0.0.0:0 to multicast group 230.0.0.1:6666.
[2017.06.11-09.44.36:664][  0]LogMaterial: Uniform references updated for custom material expression Custom.
[2017.06.11-09.44.37:044][  0]SourceControl: Info Source control is disabled
[2017.06.11-09.44.37:680][  0]SourceControl: Info Source control is disabled
[2017.06.11-09.44.37:861][  0]SourceControl: Info Source control is disabled
[2017.06.11-09.44.37:931][  0]SourceControl: Info Source control is disabled
[2017.06.11-09.44.39:810][  0]LogEngine: Initializing Engine...
[2017.06.11-09.44.39:836][  0]LogHMD: Failed to initialize OpenVR with code 100
[2017.06.11-09.44.39:934][  0]LogStats: UGameplayTagsManager::ConstructGameplayTagTree: Construct from data asset -  0.000 s
[2017.06.11-09.44.39:934][  0]LogStats: UGameplayTagsManager::ConstructGameplayTagTree: GameplayTagTreeChangedEvent.Broadcast -  0.000 s
[2017.06.11-09.44.40:067][  0]LogAIModule: Creating AISystem for world Untitled
[2017.06.11-09.44.40:095][  0]LogInit: XAudio2 using 'Speakers (Realtek High Definition Audio)' : 2 channels at 48 kHz using 32 bits per sample (channel mask 0x3)
[2017.06.11-09.44.40:236][  0]LogInit: FAudioDevice initialized.
[2017.06.11-09.44.40:260][  0]LogDerivedDataCache: Saved boot cache 0.02s 50MB C:/Users/User/AppData/Local/UnrealEngine/4.15/DerivedDataCache/Boot.ddc.
[2017.06.11-09.44.40:269][  0]LogInit: Texture streaming: Enabled
[2017.06.11-09.44.40:379][  0]LogEngineSessionManager: EngineSessionManager initialized
[2017.06.11-09.44.40:391][  0]LogEngineSessionManager: EngineSessionManager sent abnormal shutdown report. Type=Crashed, SessionId={07E8F38A-4E14-2A04-E092-1AA482B303F4}
[2017.06.11-09.44.40:790][  0]LogInit: Transaction tracking system initialized
[2017.06.11-09.44.41:178][  0]BlueprintLog: New page: Editor Load
[2017.06.11-09.44.42:285][  0]LocalizationService: Info Localization service is disabled
[2017.06.11-09.44.43:152][  0]LogConsoleResponse:Display: 
[2017.06.11-09.44.44:372][  0]LogCook:Display: Max memory allowance for cook 16384mb min free memory 0mb
[2017.06.11-09.44.44:372][  0]LogCook:Display: Mobile HDR setting 1
[2017.06.11-09.44.44:643][  0]LogFileCache: Scanning file cache for directory 'C:/Users/User/Desktop/Unreal/Meeting/Content/' took 0.04s
[2017.06.11-09.44.45:729][  0]SourceControl: Info Source control is disabled
[2017.06.11-09.44.45:977][  0]LogWindowsTextInputMethodSystem:Display: IME system now deactivated.
[2017.06.11-09.44.46:002][  0]LogSlate: Took 0.000206 seconds to synchronously load lazily loaded font '../../../Engine/Content/Slate/Fonts/Roboto-Regular.ttf' (155K)
[2017.06.11-09.45.06:236][  0]LogWindowsTextInputMethodSystem:Display: IME system now deactivated.
[2017.06.11-09.45.06:237][  0]LogWindowsTextInputMethodSystem:Display: IME system now deactivated.
[2017.06.11-09.45.06:243][  0]Cmd: MAP LOAD FILE="C:/Users/User/Desktop/Unreal/Meeting/Content/ThirdPersonBP/Maps/ThirdPersonExampleMap.umap" TEMPLATE=0 SHOWPROGRESS=1 FEATURELEVEL=3
[2017.06.11-09.45.06:297][  0]LightingResults: New page: Lighting Build
[2017.06.11-09.45.06:326][  0]MapCheck: New page: Map Check
[2017.06.11-09.45.06:326][  0]LightingResults: New page: Lighting Build
[2017.06.11-09.45.06:514][  0]LogBlueprint:Warning: [Compiler ThirdPersonCharacter] Warning InputAction Event references unknown Action 'ResetVR' for  InputAction ResetVR
[2017.06.11-09.45.06:514][  0]LogBlueprint:Warning: [Compiler ThirdPersonCharacter] Warning Input Axis Event references unknown Axis 'LookUpRate' for  InputAxis LookUpRate
[2017.06.11-09.45.06:514][  0]LogBlueprint:Warning: [Compiler ThirdPersonCharacter] Warning Input Axis Event references unknown Axis 'TurnRate' for  InputAxis TurnRate
[2017.06.11-09.45.06:515][  0]LogBlueprint:Warning: [Compiler ThirdPersonCharacter] Warning InputAction Event references unknown Action 'Jump' for  InputAction Jump
[2017.06.11-09.45.06:515][  0]LogBlueprint:Warning: [Compiler ThirdPersonCharacter] Warning Input Axis Event references unknown Axis 'LookUp' for  InputAxis LookUp
[2017.06.11-09.45.06:515][  0]LogBlueprint:Warning: [Compiler ThirdPersonCharacter] Warning Input Axis Event references unknown Axis 'Turn' for  InputAxis Turn
[2017.06.11-09.45.06:518][  0]LogBlueprint:Warning: [Compiler ThirdPersonCharacter] Warning [0071.33] Compile of ThirdPersonCharacter successful, but with 6 Warning(s) [in 7 ms] (/Game/ThirdPersonBP/Blueprints/ThirdPersonCharacter.ThirdPersonCharacter)
[2017.06.11-09.45.06:518][  0]LogBlueprint:Warning: [Compiler ThirdPersonCharacter] Warning [0071.33] Compile of ThirdPersonCharacter successful, but with 7 Warning(s) [in 0 ms] (/Game/ThirdPersonBP/Blueprints/ThirdPersonCharacter.ThirdPersonCharacter)
[2017.06.11-09.45.06:518][  0]LogBlueprint:Warning: [Compiler ThirdPersonCharacter] Warning [0071.33] Compile of ThirdPersonCharacter successful, but with 8 Warning(s) [in 0 ms] (/Game/ThirdPersonBP/Blueprints/ThirdPersonCharacter.ThirdPersonCharacter)
[2017.06.11-09.45.06:525][  0]LogBlueprint:Warning: [Compiler ThirdPersonCharacter] Warning InputAction Event references unknown Action 'ResetVR' for  InputAction ResetVR
[2017.06.11-09.45.06:525][  0]LogBlueprint:Warning: [Compiler ThirdPersonCharacter] Warning Input Axis Event references unknown Axis 'LookUpRate' for  InputAxis LookUpRate
[2017.06.11-09.45.06:525][  0]LogBlueprint:Warning: [Compiler ThirdPersonCharacter] Warning Input Axis Event references unknown Axis 'TurnRate' for  InputAxis TurnRate
[2017.06.11-09.45.06:526][  0]LogBlueprint:Warning: [Compiler ThirdPersonCharacter] Warning InputAction Event references unknown Action 'Jump' for  InputAction Jump
[2017.06.11-09.45.06:526][  0]LogBlueprint:Warning: [Compiler ThirdPersonCharacter] Warning Input Axis Event references unknown Axis 'LookUp' for  InputAxis LookUp
[2017.06.11-09.45.06:526][  0]LogBlueprint:Warning: [Compiler ThirdPersonCharacter] Warning Input Axis Event references unknown Axis 'Turn' for  InputAxis Turn
[2017.06.11-09.45.06:533][  0]LogBlueprint:Warning: [Compiler ThirdPersonCharacter] Warning [0071.34] Compile of ThirdPersonCharacter successful, but with 6 Warning(s) [in 10 ms] (/Game/ThirdPersonBP/Blueprints/ThirdPersonCharacter.ThirdPersonCharacter)
[2017.06.11-09.45.06:533][  0]LogBlueprint:Warning: [Compiler ThirdPersonCharacter] Warning [0071.34] Compile of ThirdPersonCharacter successful, but with 7 Warning(s) [in 0 ms] (/Game/ThirdPersonBP/Blueprints/ThirdPersonCharacter.ThirdPersonCharacter)
[2017.06.11-09.45.06:533][  0]LogBlueprint:Warning: [Compiler ThirdPersonCharacter] Warning [0071.34] Compile of ThirdPersonCharacter successful, but with 8 Warning(s) [in 0 ms] (/Game/ThirdPersonBP/Blueprints/ThirdPersonCharacter.ThirdPersonCharacter)
[2017.06.11-09.45.10:875][  0]LogAIModule: Creating AISystem for world ThirdPersonExampleMap
[2017.06.11-09.45.10:953][  0]LogEditorServer: Finished looking for orphan Actors (0.000 secs)
[2017.06.11-09.45.10:954][  0]Cmd: MAP CHECKDEP NOCLEARLOG
[2017.06.11-09.45.11:016][  0]MapCheck: Info Map check complete: 0 Error(s), 0 Warning(s), took 61.969ms to complete.
[2017.06.11-09.45.11:016][  0]LogFileHelpers: Loading map 'ThirdPersonExampleMap' took 4.772
[2017.06.11-09.45.11:346][  0]LogStats:Warning: MetaData mismatch. Did you assign a stat to two groups? New //STATGROUP_Threads//SplashScreenThread///Thread_166c_0///####STATCAT_Advanced#### old //STATGROUP_Threads//SplashScreenThread///Thread_207c_0///####STATCAT_Advanced####
[2017.06.11-09.45.11:346][  0]LogCollectionManager: Loaded 0 collections in 0.001162 seconds
[2017.06.11-09.45.11:416][  0]LogFileCache: Scanning file cache for directory 'C:/Users/User/Desktop/Unreal/Meeting/Saved/Collections/' took 0.01s
[2017.06.11-09.45.11:416][  0]LogFileCache: Scanning file cache for directory 'C:/Users/User/Desktop/Unreal/Meeting/Content/Developers/User/Collections/' took 0.01s
[2017.06.11-09.45.11:416][  0]LogFileCache: Scanning file cache for directory 'C:/Users/User/Desktop/Unreal/Meeting/Content/Collections/' took 0.01s
[2017.06.11-09.45.11:416][  0]LogCollectionManager: Rebuilt the GUID cache for 0 collections in 0.000003 seconds
[2017.06.11-09.45.11:426][  0]LogContentBrowser: Native class hierarchy populated in 0.0098 seconds. Added 2249 classes and 457 folders.
[2017.06.11-09.45.11:476][  0]LogContentBrowser: Native class hierarchy updated for 'WidgetCarousel' in 0.0020 seconds. Added 0 classes and 0 folders.
[2017.06.11-09.45.13:005][  0]LogContentBrowser: Native class hierarchy updated for 'AddContentDialog' in 0.0022 seconds. Added 0 classes and 0 folders.
[2017.06.11-09.45.13:042][  0]LogCrashTracker: Crashtracker disabled due to settings.
[2017.06.11-09.45.13:047][  0]LogUObjectGlobals:Warning: Failed to find object 'Class None.'
[2017.06.11-09.45.13:128][  0]LogContentBrowser: Native class hierarchy updated for 'HierarchicalLODOutliner' in 0.0022 seconds. Added 1 classes and 2 folders.
[2017.06.11-09.45.13:128][  0]LogLoad: (Engine Initialization) Total time: 77.94 seconds
[2017.06.11-09.45.13:128][  0]LogLoad: (Engine Initialization) Total Blueprint compile time: 0.20 seconds
[2017.06.11-09.45.13:128][  0]LogExternalProfiler: Found external profiler: VSPerf
[2017.06.11-09.45.13:128][  0]LogExternalProfiler: Using external profiler: VSPerf
[2017.06.11-09.45.13:467][  0]LogOcInput: OculusInput pre-init called
[2017.06.11-09.45.13:488][  0]LogContentStreaming: Texture pool size now 1000 MB
[2017.06.11-09.45.13:492][  0]LogSlate: Took 0.000353 seconds to synchronously load lazily loaded font '../../../Engine/Content/Slate/Fonts/Roboto-Bold.ttf' (160K)
[2017.06.11-09.45.13:519][  0]LogSlate: Took 0.024156 seconds to synchronously load lazily loaded font '../../../Engine/Content/Editor/Slate/Fonts/FontAwesome.ttf' (139K)
[2017.06.11-09.45.13:555][  0]LogSlate: Took 0.032558 seconds to synchronously load lazily loaded font '../../../Engine/Content/Editor/Slate/Fonts/DroidSansMono.ttf' (77K)
[2017.06.11-09.45.13:742][  0]LogRenderer: Reallocating scene render targets to support 1124x628 NumSamples 1 (Frame:2).
[2017.06.11-09.45.13:742][  0]LogSlate: Took 0.020270 seconds to synchronously load lazily loaded font '../../../Engine/Content/Slate/Fonts/Roboto-Light.ttf' (159K)
[2017.06.11-09.45.13:866][  1]LogAssetRegistry: Asset discovery search completed in 48.4961 seconds
[2017.06.11-09.45.13:866][  1]LogCollectionManager: Rebuilt the object cache for 0 collections in 0.000005 seconds (found 0 objects)
[2017.06.11-09.45.13:866][  1]LogCollectionManager: Fixed up redirectors for 0 collections in 0.000127 seconds (updated 0 objects)
[2017.06.11-09.45.29:258][165]LogTemp: Repeting last play command: Selected Viewport
[2017.06.11-09.45.29:270][165]LogBlueprintUserMessages: Early PlayInEditor Detection: Level '/Game/ThirdPersonBP/Maps/ThirdPersonExampleMap.ThirdPersonExampleMap:PersistentLevel' has LevelScriptBlueprint '/Game/ThirdPersonBP/Maps/ThirdPersonExampleMap.ThirdPersonExampleMap:PersistentLevel.ThirdPersonExampleMap' with GeneratedClass '/Game/ThirdPersonBP/Maps/ThirdPersonExampleMap.ThirdPersonExampleMap_C' with ClassGeneratedBy '/Game/ThirdPersonBP/Maps/ThirdPersonExampleMap.ThirdPersonExampleMap:PersistentLevel.ThirdPersonExampleMap'
[2017.06.11-09.45.29:271][165]LogPlayLevel: PlayLevel: No blueprints needed recompiling
[2017.06.11-09.45.29:271][165]PIE: New page: PIE session: ThirdPersonExampleMap (Jun 12, 2017, 1:45:29 AM)
[2017.06.11-09.45.29:271][165]LogPlayLevel: Creating play world package: /Game/ThirdPersonBP/Maps/UEDPIE_0_ThirdPersonExampleMap
[2017.06.11-09.45.29:323][165]LogPlayLevel: PIE: StaticDuplicateObject took: (0.052150s)
[2017.06.11-09.45.29:324][165]LogAIModule: Creating AISystem for world ThirdPersonExampleMap
[2017.06.11-09.45.29:324][165]LogPlayLevel: PIE: World Init took: (0.000684s)
[2017.06.11-09.45.29:325][165]LogPlayLevel: PIE: Created PIE world by copying editor world from /Game/ThirdPersonBP/Maps/ThirdPersonExampleMap.ThirdPersonExampleMap to /Game/ThirdPersonBP/Maps/UEDPIE_0_ThirdPersonExampleMap.ThirdPersonExampleMap (0.053499s)
[2017.06.11-09.45.29:342][165]LogInit: XAudio2 using 'Speakers (Realtek High Definition Audio)' : 2 channels at 48 kHz using 32 bits per sample (channel mask 0x3)
[2017.06.11-09.45.29:350][165]LogInit: FAudioDevice initialized.
[2017.06.11-09.45.29:429][165]LogLoad: Game class is 'MeetingGameModeBase_BP_C'
[2017.06.11-09.45.29:446][165]LogWorld: Bringing World /Game/ThirdPersonBP/Maps/UEDPIE_0_ThirdPersonExampleMap.ThirdPersonExampleMap up for play (max tick rate 0) at 2017.06.11-17.45.29
[2017.06.11-09.45.29:449][165]LogWorld: Bringing up level for play took: 0.017739
[2017.06.11-09.45.29:482][165]LogContentBrowser: Native class hierarchy updated for 'MovieSceneCapture' in 0.0021 seconds. Added 11 classes and 0 folders.
