Log file open, 07/12/17 15:27:36
LogInit:Display: Running engine for game: Meeting
LogPlatformFile: Not using cached read wrapper
LogInit:Display: RandInit(1517823645) SRandInit(1517823645).
LogTaskGraph: Started task graph with 5 named threads and 8 total threads with 1 sets of task threads.
LogStats: Stats thread started at 0.072251
LogInit: Using libcurl 7.47.1
LogInit:  - built for x86_64-pc-win32
LogInit:  - supports SSL with OpenSSL/1.0.2g
LogInit:  - supports HTTP deflate (compression) using libz 1.2.8
LogInit:  - other features:
LogInit:      CURL_VERSION_SSL
LogInit:      CURL_VERSION_LIBZ
LogInit:      CURL_VERSION_IPV6
LogInit:      CURL_VERSION_ASYNCHDNS
LogInit:      CURL_VERSION_LARGEFILE
LogInit:      CURL_VERSION_IDN
LogInit:  CurlRequestOptions (configurable via config and command line):
LogInit:  - bVerifyPeer = false  - Libcurl will NOT verify peer certificate
LogInit:  - bUseHttpProxy = false  - Libcurl will NOT use HTTP proxy
LogInit:  - bDontReuseConnections = false  - Libcurl will reuse connections
LogInit:  - CertBundlePath = nullptr  - Libcurl will use whatever was configured at build time.
LogInit: Build: ++UE4+Release-4.15-CL-3450819
LogInit: Engine Version: 4.15.3-3450819+++UE4+Release-4.15
LogInit: Compatible Engine Version: 4.15.0-3299760+++UE4+Release-4.15
LogInit: Net CL: 3299760
LogDevObjectVersion: Number of dev versions registered: 14
LogDevObjectVersion:   Dev-Blueprints (B0D832E4-1F89-4F0D-ACCF-7EB736FD4AA2): 8
LogDevObjectVersion:   Dev-Build (E1C64328-A22C-4D53-A36C-8E866417BD8C): 0
LogDevObjectVersion:   Dev-Core (375EC13C-06E4-48FB-B500-84F0262A717E): 2
LogDevObjectVersion:   Dev-Editor (E4B068ED-F494-42E9-A231-DA0B2E46BB41): 14
LogDevObjectVersion:   Dev-Framework (CFFC743F-43B0-4480-9391-14DF171D2073): 22
LogDevObjectVersion:   Dev-Mobile (B02B49B5-BB20-44E9-A304-32B752E40360): 0
LogDevObjectVersion:   Dev-Networking (A4E4105C-59A1-49B5-A7C5-40C4547EDFEE): 0
LogDevObjectVersion:   Dev-Online (39C831C9-5AE6-47DC-9A44-9C173E1C8E7C): 0
LogDevObjectVersion:   Dev-Physics (78F01B33-EBEA-4F98-B9B4-84EACCB95AA2): 0
LogDevObjectVersion:   Dev-Platform (6631380F-2D4D-43E0-8009-CF276956A95A): 0
LogDevObjectVersion:   Dev-Rendering (12F88B9F-8875-4AFC-A67C-D90C383ABD29): 12
LogDevObjectVersion:   Dev-Sequencer (7B5AE74C-D270-4C10-A958-57980B212A5A): 3
LogDevObjectVersion:   Dev-VR (D7296918-1DD6-4BDD-9DE2-64A83CC13884): 0
LogDevObjectVersion:   Dev-LoadTimes (C2A15278-BFE7-4AFE-6C17-90FF531DF755): 1
LogInit: Compiled (64-bit): May 21 2017 11:02:34
LogInit: Compiled with Visual C++: 19.00.23026.00
LogInit: Build Configuration: Development
LogInit: Branch Name: ++UE4+Release-4.15
LogInit: Command line:  
LogInit: Base directory: C:/Program Files/Epic Games/UE_4.15/Engine/Binaries/Win64/
LogInit: Installed Engine Build: 1
LogInit: Presizing for max 8388607 objects, including 0 objects not considered by GC, pre-allocating 0 bytes for permanent pool.
LogInit: Object subsystem initialized
[2017.07.12-07.27.37:808][  0]LogInit: Selected Device Profile: [Windows]
[2017.07.12-07.27.37:808][  0]LogInit: Applying CVar settings loaded from the selected device profile: [Windows]
[2017.07.12-07.27.37:854][  0]LogInit: Computer: USER
[2017.07.12-07.27.37:854][  0]LogInit: User: Uses
[2017.07.12-07.27.37:854][  0]LogInit: CPU Page size=65536, Cores=4
[2017.07.12-07.27.37:854][  0]LogInit: High frequency timer resolution =3.320305 MHz
[2017.07.12-07.27.37:854][  0]LogMemory: Memory total: Physical=15.9GB (16GB approx)
[2017.07.12-07.27.37:854][  0]LogMemory: Platform Memory Stats for Windows
[2017.07.12-07.27.37:854][  0]LogMemory: Process Physical Memory: 263.57 MB used, 263.57 MB peak
[2017.07.12-07.27.37:854][  0]LogMemory: Process Virtual Memory: 262.35 MB used, 262.35 MB peak
[2017.07.12-07.27.37:854][  0]LogMemory: Physical Memory: 7661.20 MB used,  8650.28 MB free, 16311.48 MB total
[2017.07.12-07.27.37:854][  0]LogMemory: Virtual Memory: 645.11 MB used,  8650.28 MB free, 134217728.00 MB total
[2017.07.12-07.27.38:126][  0]LogTextLocalizationManager: No specific translations for ('en-US') exist, so ('en') translations will be used.
[2017.07.12-07.27.42:747][  0]LogD3D11RHI: D3D11 adapters:
[2017.07.12-07.27.42:787][  0]LogD3D11RHI:    0. 'NVIDIA GeForce GTX 960' (Feature Level 11_0)
[2017.07.12-07.27.42:787][  0]LogD3D11RHI:       2016/0/8155 MB DedicatedVideo/DedicatedSystem/SharedSystem, Outputs:1, VendorId:0x10de
[2017.07.12-07.27.42:788][  0]LogD3D11RHI:    1. 'Microsoft Basic Render Driver' (Feature Level 11_0)
[2017.07.12-07.27.42:788][  0]LogD3D11RHI:       0/0/8155 MB DedicatedVideo/DedicatedSystem/SharedSystem, Outputs:0, VendorId:0x1414
[2017.07.12-07.27.42:788][  0]LogD3D11RHI: Chosen D3D11 Adapter: 0
[2017.07.12-07.27.42:796][  0]LogD3D11RHI: Creating new Direct3DDevice
[2017.07.12-07.27.42:797][  0]LogD3D11RHI:     GPU DeviceId: 0x1401 (for the marketing name, search the web for "GPU Device Id")
[2017.07.12-07.27.42:797][  0]LogWindows: EnumDisplayDevices:
[2017.07.12-07.27.42:797][  0]LogWindows:    0. 'NVIDIA GeForce GTX 960' (P:1 D:1)
[2017.07.12-07.27.42:797][  0]LogWindows:    1. 'NVIDIA GeForce GTX 960' (P:0 D:0)
[2017.07.12-07.27.42:797][  0]LogWindows:    2. 'NVIDIA GeForce GTX 960' (P:0 D:0)
[2017.07.12-07.27.42:797][  0]LogWindows:    3. 'NVIDIA GeForce GTX 960' (P:0 D:0)
[2017.07.12-07.27.42:797][  0]LogWindows: DebugString: FoundDriverCount:4 
[2017.07.12-07.27.42:797][  0]LogD3D11RHI:     Adapter Name: NVIDIA GeForce GTX 960
[2017.07.12-07.27.42:797][  0]LogD3D11RHI:   Driver Version: 382.05 (internal:22.21.13.8205, unified:382.05)
[2017.07.12-07.27.42:797][  0]LogD3D11RHI:      Driver Date: 5-1-2017
[2017.07.12-07.27.42:797][  0]LogRHI: Texture pool is 1361 MB (70% of 1945 MB)
[2017.07.12-07.27.42:825][  0]LogD3D11RHI: Async texture creation enabled
[2017.07.12-07.27.42:835][  0]LogD3D11RHI: GPU Timing Frequency: 1000.000000 (Debug: 2 1)
[2017.07.12-07.27.42:836][  0]LogShaderCompilers: Guid format shader working directory is -20 characters bigger than the processId version (../../../../../../Users/Uses/Desktop/FYP/FYP_DumbTesting/Meeting/Intermediate/Shaders/WorkingDirectory/38908/).
[2017.07.12-07.27.42:836][  0]LogShaderCompilers: Cleaned the shader compiler working directory 'C:/Users/Uses/AppData/Local/Temp/UnrealShaderWorkingDir/505881AF410223455E2E6FB974C91D47/'.
[2017.07.12-07.27.42:836][  0]LogShaderCompilers:Display: Using Local Shader Compiler.
[2017.07.12-07.27.47:270][  0]LogTemp:Display: Loaded TP AllDesktopTargetPlatform
[2017.07.12-07.27.47:323][  0]LogTemp:Display: Loaded TP MacClientTargetPlatform
[2017.07.12-07.27.47:368][  0]LogTemp:Display: Loaded TP MacNoEditorTargetPlatform
[2017.07.12-07.27.47:415][  0]LogTemp:Display: Loaded TP MacServerTargetPlatform
[2017.07.12-07.27.47:486][  0]LogTemp:Display: Loaded TP MacTargetPlatform
[2017.07.12-07.27.47:547][  0]LogTemp:Display: Loaded TP WindowsClientTargetPlatform
[2017.07.12-07.27.47:591][  0]LogTemp:Display: Loaded TP WindowsNoEditorTargetPlatform
[2017.07.12-07.27.47:647][  0]LogTemp:Display: Loaded TP WindowsServerTargetPlatform
[2017.07.12-07.27.47:709][  0]LogTemp:Display: Loaded TP WindowsTargetPlatform
[2017.07.12-07.27.47:800][  0]LogTemp:Display: Loaded TP AndroidTargetPlatform
[2017.07.12-07.27.47:869][  0]LogTemp:Display: Loaded TP Android_ASTCTargetPlatform
[2017.07.12-07.27.47:913][  0]LogTemp:Display: Loaded TP Android_ATCTargetPlatform
[2017.07.12-07.27.47:958][  0]LogTemp:Display: Loaded TP Android_DXTTargetPlatform
[2017.07.12-07.27.48:003][  0]LogTemp:Display: Loaded TP Android_ETC1TargetPlatform
[2017.07.12-07.27.48:054][  0]LogTemp:Display: Loaded TP Android_ETC2TargetPlatform
[2017.07.12-07.27.48:150][  0]LogTemp:Display: Loaded TP Android_MultiTargetPlatform
[2017.07.12-07.27.48:150][  0]LogTemp:Display: Loaded TP Android_PVRTCTargetPlatform
[2017.07.12-07.27.48:185][  0]LogTemp:Display: Loaded TP HTML5TargetPlatform
[2017.07.12-07.27.48:308][  0]LogTemp:Display: Loaded TP IOSTargetPlatform
[2017.07.12-07.27.48:337][  0]LogTemp:Display: Loaded TP TVOSTargetPlatform
[2017.07.12-07.27.48:394][  0]LogTemp:Display: Loaded TP LinuxClientTargetPlatform
[2017.07.12-07.27.48:442][  0]LogTemp:Display: Loaded TP LinuxNoEditorTargetPlatform
[2017.07.12-07.27.48:488][  0]LogTemp:Display: Loaded TP LinuxServerTargetPlatform
[2017.07.12-07.27.48:548][  0]LogTemp:Display: Loaded TP LinuxTargetPlatform
[2017.07.12-07.27.48:548][  0]LogTargetPlatformManager:Display: Building Assets For Windows
[2017.07.12-07.27.49:054][  0]LogDerivedDataCache:Display: Max Cache Size: 512 MB
[2017.07.12-07.27.49:584][  0]LogDerivedDataCache: Loaded boot cache 0.53s 50MB C:/Users/Uses/AppData/Local/UnrealEngine/4.15/DerivedDataCache/Boot.ddc.
[2017.07.12-07.27.49:584][  0]LogDerivedDataCache:Display: Loaded Boot cache: C:/Users/Uses/AppData/Local/UnrealEngine/4.15/DerivedDataCache/Boot.ddc
[2017.07.12-07.27.49:584][  0]LogDerivedDataCache: FDerivedDataBackendGraph:  Pak pak cache file ../../../../../../Users/Uses/Desktop/FYP/FYP_DumbTesting/Meeting/DerivedDataCache/DDC.ddp not found, will not use a pak cache.
[2017.07.12-07.27.49:584][  0]LogDerivedDataCache: Unable to find inner node Pak for hierarchical cache Hierarchy.
[2017.07.12-07.27.49:584][  0]LogDerivedDataCache: FDerivedDataBackendGraph:  CompressedPak pak cache file ../../../../../../Users/Uses/Desktop/FYP/FYP_DumbTesting/Meeting/DerivedDataCache/Compressed.ddp not found, will not use a pak cache.
[2017.07.12-07.27.49:584][  0]LogDerivedDataCache: Unable to find inner node CompressedPak for hierarchical cache Hierarchy.
[2017.07.12-07.27.49:640][  0]LogDerivedDataCache:Display: Pak cache opened for reading ../../../Engine/DerivedDataCache/Compressed.ddp.
[2017.07.12-07.27.49:653][  0]LogDerivedDataCache: Using Local data cache path C:/Users/Uses/AppData/Local/UnrealEngine/Common/DerivedDataCache: Writable
[2017.07.12-07.27.49:662][  0]LogSlate: Using Freetype 2.6.0
[2017.07.12-07.27.49:720][  0]LogSlate: SlateFontCache - WITH_FREETYPE: 1, WITH_HARFBUZZ: 1
[2017.07.12-07.27.49:720][  0]LogSlate: SlateFontCache - WITH_FREETYPE: 1, WITH_HARFBUZZ: 1
[2017.07.12-07.27.52:733][  0]LogInit: Selected Device Profile: [Windows]
[2017.07.12-07.27.52:751][  0]LogContentStreaming: Texture pool size is 0.00 MB
[2017.07.12-07.27.52:968][  0]LogMeshUtilities: Using QuadricMeshReduction for automatic static mesh reduction
[2017.07.12-07.27.53:092][  0]LogSimplygon: Simplygon DLL not present - disabling.
[2017.07.12-07.27.53:139][  0]LogMeshUtilities: Using SimplygonSwarm for distributed automatic mesh merging
[2017.07.12-07.27.53:139][  0]LogMeshUtilities: No automatic skeletal mesh reduction module available
[2017.07.12-07.27.53:139][  0]LogMeshUtilities: No automatic mesh merging module available
[2017.07.12-07.27.54:450][  0]LogNetVersion: GetLocalNetworkVersion: CL: 3299760, ProjectName: meeting, ProjectVersion: , EngineNetworkVersion: 2, GameNetworkVersion: 0, NetworkChecksum: 116300604
[2017.07.12-07.27.54:510][  0]LogAssetRegistry: FAssetRegistry took 0.0214 seconds to start up
[2017.07.12-07.27.54:568][  0]LogPackageLocalizationCache: Processed 3 localized package path(s) for 2 prioritized culture(s) in 0.040819 seconds
[2017.07.12-07.27.54:573][  0]LogUObjectArray: 32493 objects as part of root set at end of initial load.
[2017.07.12-07.27.54:573][  0]LogUObjectAllocator: 7077024 out of 0 bytes used by permanent object pool.
[2017.07.12-07.27.54:573][  0]LogUObjectArray: CloseDisregardForGC: 0/0 objects in disregard for GC pool
[2017.07.12-07.27.54:629][  0]LogInit: WinSock: version 1.1 (2.2), MaxSocks=32767, MaxUdp=65467
[2017.07.12-07.28.25:293][  0]LogTcpMessaging: Initializing TcpMessaging bridge
[2017.07.12-07.28.25:342][  0]LogUdpMessaging: Initializing bridge on interface 0.0.0.0:0 to multicast group 230.0.0.1:6666.
[2017.07.12-07.28.26:338][  0]LogMaterial: Uniform references updated for custom material expression Custom.
[2017.07.12-07.28.26:836][  0]SourceControl: Info Source control is disabled
[2017.07.12-07.28.26:837][  0]SourceControl: Info Source control is disabled
[2017.07.12-07.28.26:900][  0]SourceControl: Info Source control is disabled
[2017.07.12-07.28.26:947][  0]SourceControl: Info Source control is disabled
[2017.07.12-07.28.28:395][  0]LogEngine: Initializing Engine...
[2017.07.12-07.28.28:396][  0]LogHMD: Failed to initialize OpenVR with code 110
[2017.07.12-07.28.28:675][  0]LogStats: UGameplayTagsManager::ConstructGameplayTagTree: Construct from data asset -  0.000 s
[2017.07.12-07.28.28:675][  0]LogStats: UGameplayTagsManager::ConstructGameplayTagTree: GameplayTagTreeChangedEvent.Broadcast -  0.000 s
[2017.07.12-07.28.28:772][  0]LogAIModule: Creating AISystem for world Untitled
[2017.07.12-07.28.28:783][  0]LogInit: XAudio2 using 'Speakers (Realtek High Definition Audio)' : 2 channels at 48 kHz using 32 bits per sample (channel mask 0x3)
[2017.07.12-07.28.28:803][  0]LogInit: FAudioDevice initialized.
[2017.07.12-07.28.28:829][  0]LogDerivedDataCache: Saved boot cache 0.03s 50MB C:/Users/Uses/AppData/Local/UnrealEngine/4.15/DerivedDataCache/Boot.ddc.
[2017.07.12-07.28.28:833][  0]LogInit: Texture streaming: Enabled
[2017.07.12-07.28.28:907][  0]LogEngineSessionManager: EngineSessionManager initialized
[2017.07.12-07.28.28:985][  0]LogInit: Transaction tracking system initialized
[2017.07.12-07.28.29:270][  0]BlueprintLog: New page: Editor Load
[2017.07.12-07.28.30:003][  0]LocalizationService: Info Localization service is disabled
[2017.07.12-07.28.30:868][  0]LogConsoleResponse:Display: 
[2017.07.12-07.28.34:077][  0]LogCook:Display: Max memory allowance for cook 16384mb min free memory 0mb
[2017.07.12-07.28.34:077][  0]LogCook:Display: Mobile HDR setting 1
[2017.07.12-07.28.34:341][  0]LogFileCache: Scanning file cache for directory 'C:/Users/Uses/Desktop/FYP/FYP_DumbTesting/Meeting/Content/' took 0.02s
[2017.07.12-07.28.35:866][  0]SourceControl: Info Source control is disabled
[2017.07.12-07.28.35:866][  0]Cmd: MAP LOAD FILE="../../../../../../Users/Uses/Desktop/FYP/FYP_DumbTesting/Meeting/Content/ThirdPersonBP/Maps/MockUp_Map.umap" TEMPLATE=0 SHOWPROGRESS=1 FEATURELEVEL=3
[2017.07.12-07.28.35:867][  0]LightingResults: New page: Lighting Build
[2017.07.12-07.28.35:899][  0]MapCheck: New page: Map Check
[2017.07.12-07.28.35:899][  0]LightingResults: New page: Lighting Build
[2017.07.12-07.28.36:866][  0]LogBlueprint:Warning: [Compiler ThirdPersonCharacter] Warning InputAction Event references unknown Action 'ResetVR' for  InputAction ResetVR
[2017.07.12-07.28.36:866][  0]LogBlueprint:Warning: [Compiler ThirdPersonCharacter] Warning Input Axis Event references unknown Axis 'LookUpRate' for  InputAxis LookUpRate
[2017.07.12-07.28.36:866][  0]LogBlueprint:Warning: [Compiler ThirdPersonCharacter] Warning Input Axis Event references unknown Axis 'TurnRate' for  InputAxis TurnRate
[2017.07.12-07.28.36:866][  0]LogBlueprint:Warning: [Compiler ThirdPersonCharacter] Warning InputAction Event references unknown Action 'Jump' for  InputAction Jump
[2017.07.12-07.28.36:866][  0]LogBlueprint:Warning: [Compiler ThirdPersonCharacter] Warning Input Axis Event references unknown Axis 'LookUp' for  InputAxis LookUp
[2017.07.12-07.28.36:866][  0]LogBlueprint:Warning: [Compiler ThirdPersonCharacter] Warning Input Axis Event references unknown Axis 'Turn' for  InputAxis Turn
[2017.07.12-07.28.36:869][  0]LogBlueprint:Warning: [Compiler ThirdPersonCharacter] Warning [0062.35] Compile of ThirdPersonCharacter successful, but with 6 Warning(s) [in 7 ms] (/Game/ThirdPersonBP/Blueprints/ThirdPersonCharacter.ThirdPersonCharacter)
[2017.07.12-07.28.36:869][  0]LogBlueprint:Warning: [Compiler ThirdPersonCharacter] Warning [0062.35] Compile of ThirdPersonCharacter successful, but with 7 Warning(s) [in 0 ms] (/Game/ThirdPersonBP/Blueprints/ThirdPersonCharacter.ThirdPersonCharacter)
[2017.07.12-07.28.36:869][  0]LogBlueprint:Warning: [Compiler ThirdPersonCharacter] Warning [0062.35] Compile of ThirdPersonCharacter successful, but with 8 Warning(s) [in 0 ms] (/Game/ThirdPersonBP/Blueprints/ThirdPersonCharacter.ThirdPersonCharacter)
[2017.07.12-07.28.36:874][  0]LogBlueprint:Warning: [Compiler ThirdPersonCharacter] Warning InputAction Event references unknown Action 'ResetVR' for  InputAction ResetVR
[2017.07.12-07.28.36:874][  0]LogBlueprint:Warning: [Compiler ThirdPersonCharacter] Warning Input Axis Event references unknown Axis 'LookUpRate' for  InputAxis LookUpRate
[2017.07.12-07.28.36:875][  0]LogBlueprint:Warning: [Compiler ThirdPersonCharacter] Warning Input Axis Event references unknown Axis 'TurnRate' for  InputAxis TurnRate
[2017.07.12-07.28.36:875][  0]LogBlueprint:Warning: [Compiler ThirdPersonCharacter] Warning InputAction Event references unknown Action 'Jump' for  InputAction Jump
[2017.07.12-07.28.36:875][  0]LogBlueprint:Warning: [Compiler ThirdPersonCharacter] Warning Input Axis Event references unknown Axis 'LookUp' for  InputAxis LookUp
[2017.07.12-07.28.36:875][  0]LogBlueprint:Warning: [Compiler ThirdPersonCharacter] Warning Input Axis Event references unknown Axis 'Turn' for  InputAxis Turn
[2017.07.12-07.28.36:878][  0]LogBlueprint:Warning: [Compiler ThirdPersonCharacter] Warning [0062.36] Compile of ThirdPersonCharacter successful, but with 6 Warning(s) [in 7 ms] (/Game/ThirdPersonBP/Blueprints/ThirdPersonCharacter.ThirdPersonCharacter)
[2017.07.12-07.28.36:878][  0]LogBlueprint:Warning: [Compiler ThirdPersonCharacter] Warning [0062.36] Compile of ThirdPersonCharacter successful, but with 7 Warning(s) [in 0 ms] (/Game/ThirdPersonBP/Blueprints/ThirdPersonCharacter.ThirdPersonCharacter)
[2017.07.12-07.28.36:878][  0]LogBlueprint:Warning: [Compiler ThirdPersonCharacter] Warning [0062.36] Compile of ThirdPersonCharacter successful, but with 8 Warning(s) [in 0 ms] (/Game/ThirdPersonBP/Blueprints/ThirdPersonCharacter.ThirdPersonCharacter)
[2017.07.12-07.28.38:747][  0]LogLinker:Warning: Can't find file '/Game/Art/Environment/newdev/FLOORFLOOR'
[2017.07.12-07.28.38:747][  0]LogLinker:Warning: Can't find file for asset '/Game/Art/Environment/newdev/FLOORFLOOR' while loading ../../../../../../Users/Uses/Desktop/FYP/FYP_DumbTesting/Meeting/Content/Art/Environment/Mesh/SM_Corridor_Floor.uasset.
[2017.07.12-07.28.38:747][  0]LoadErrors:Error: Error /Game/Art/Environment/Mesh/SM_Corridor_Floor : Can't find file for asset. /Game/Art/Environment/newdev/FLOORFLOOR
[2017.07.12-07.28.38:747][  0]LogLinker:Warning: Can't find file '/Game/Art/Environment/newdev/FLOORFLOOR'
[2017.07.12-07.28.38:747][  0]LogLinker:Warning: Can't find file for asset '/Game/Art/Environment/newdev/FLOORFLOOR' while loading ../../../../../../Users/Uses/Desktop/FYP/FYP_DumbTesting/Meeting/Content/Art/Environment/Mesh/SM_Corridor_Floor.uasset.
[2017.07.12-07.28.38:747][  0]LoadErrors:Error: Error /Game/Art/Environment/Mesh/SM_Corridor_Floor : Can't find file for asset. /Game/Art/Environment/newdev/FLOORFLOOR
[2017.07.12-07.28.38:750][  0]LogLinker:Warning: Can't find file '/Game/Art/Environment/newdev/zzzzzz'
[2017.07.12-07.28.38:751][  0]LogLinker:Warning: Can't find file for asset '/Game/Art/Environment/newdev/zzzzzz' while loading ../../../../../../Users/Uses/Desktop/FYP/FYP_DumbTesting/Meeting/Content/Art/Environment/Mesh/SM_Corridor_Frame.uasset.
[2017.07.12-07.28.38:751][  0]LoadErrors:Error: Error /Game/Art/Environment/Mesh/SM_Corridor_Frame : Can't find file for asset. /Game/Art/Environment/newdev/zzzzzz
[2017.07.12-07.28.38:751][  0]LogLinker:Warning: Can't find file '/Game/Art/Environment/newdev/zzzzzz'
[2017.07.12-07.28.38:751][  0]LogLinker:Warning: Can't find file for asset '/Game/Art/Environment/newdev/zzzzzz' while loading ../../../../../../Users/Uses/Desktop/FYP/FYP_DumbTesting/Meeting/Content/Art/Environment/Mesh/SM_Corridor_Frame.uasset.
[2017.07.12-07.28.38:751][  0]LoadErrors:Error: Error /Game/Art/Environment/Mesh/SM_Corridor_Frame : Can't find file for asset. /Game/Art/Environment/newdev/zzzzzz
[2017.07.12-07.28.38:757][  0]LogLinker:Warning: Can't find file '/Game/Art/Environment/newdev/2'
[2017.07.12-07.28.38:757][  0]LogLinker:Warning: Can't find file for asset '/Game/Art/Environment/newdev/2' while loading ../../../../../../Users/Uses/Desktop/FYP/FYP_DumbTesting/Meeting/Content/Art/Environment/Mesh/SM_Corridor_Wall.uasset.
[2017.07.12-07.28.38:757][  0]LoadErrors:Error: Error /Game/Art/Environment/Mesh/SM_Corridor_Wall : Can't find file for asset. /Game/Art/Environment/newdev/2
[2017.07.12-07.28.38:757][  0]LogLinker:Warning: Can't find file '/Game/Art/Environment/newdev/2'
[2017.07.12-07.28.38:757][  0]LogLinker:Warning: Can't find file for asset '/Game/Art/Environment/newdev/2' while loading ../../../../../../Users/Uses/Desktop/FYP/FYP_DumbTesting/Meeting/Content/Art/Environment/Mesh/SM_Corridor_Wall.uasset.
[2017.07.12-07.28.38:757][  0]LoadErrors:Error: Error /Game/Art/Environment/Mesh/SM_Corridor_Wall : Can't find file for asset. /Game/Art/Environment/newdev/2
[2017.07.12-07.28.39:626][  0]LogLinker:Warning: Can't find file '/Game/Art/Environment/newdev/2'
[2017.07.12-07.28.39:626][  0]LoadErrors: Info Failed to load /Game/Art/Environment/newdev/2.2 Referenced by SM_Corridor_Wall
[2017.07.12-07.28.39:626][  0]LogLinker:Warning: Can't find file for asset '/Game/Art/Environment/newdev/2' while loading NULL.
[2017.07.12-07.28.39:626][  0]LoadErrors: Info Failed to load /Game/Art/Environment/newdev/2.2 Referenced by SM_Corridor_Wall
[2017.07.12-07.28.39:627][  0]LogLinker:Warning: Can't find file '/Game/Art/Environment/newdev/zzzzzz'
[2017.07.12-07.28.39:627][  0]LoadErrors: Info Failed to load /Game/Art/Environment/newdev/zzzzzz.zzzzzz Referenced by SM_Corridor_Frame
[2017.07.12-07.28.39:627][  0]LogLinker:Warning: Can't find file for asset '/Game/Art/Environment/newdev/zzzzzz' while loading NULL.
[2017.07.12-07.28.39:627][  0]LoadErrors: Info Failed to load /Game/Art/Environment/newdev/zzzzzz.zzzzzz Referenced by SM_Corridor_Frame
[2017.07.12-07.28.39:627][  0]LogLinker:Warning: Can't find file '/Game/Art/Environment/newdev/FLOORFLOOR'
[2017.07.12-07.28.39:627][  0]LoadErrors: Info Failed to load /Game/Art/Environment/newdev/FLOORFLOOR.FLOORFLOOR Referenced by SM_Corridor_Floor
[2017.07.12-07.28.39:627][  0]LogLinker:Warning: Can't find file for asset '/Game/Art/Environment/newdev/FLOORFLOOR' while loading NULL.
[2017.07.12-07.28.39:627][  0]LoadErrors: Info Failed to load /Game/Art/Environment/newdev/FLOORFLOOR.FLOORFLOOR Referenced by SM_Corridor_Floor
[2017.07.12-07.28.45:196][  0]LogAIModule: Creating AISystem for world MockUp_Map
[2017.07.12-07.28.45:345][  0]LogEditorServer: Finished looking for orphan Actors (0.000 secs)
[2017.07.12-07.28.45:346][  0]Cmd: MAP CHECKDEP NOCLEARLOG
[2017.07.12-07.28.45:403][  0]MapCheck: Info Map check complete: 0 Error(s), 0 Warning(s), took 56.977ms to complete.
[2017.07.12-07.28.45:403][  0]LogFileHelpers: Loading map 'MockUp_Map' took 9.537
[2017.07.12-07.28.45:628][  0]LogCollectionManager: Loaded 0 collections in 0.001092 seconds
[2017.07.12-07.28.45:700][  0]LogFileCache: Scanning file cache for directory 'C:/Users/Uses/Desktop/FYP/FYP_DumbTesting/Meeting/Saved/Collections/' took 0.01s
[2017.07.12-07.28.45:700][  0]LogFileCache: Scanning file cache for directory 'C:/Users/Uses/Desktop/FYP/FYP_DumbTesting/Meeting/Content/Developers/Uses/Collections/' took 0.01s
[2017.07.12-07.28.45:700][  0]LogFileCache: Scanning file cache for directory 'C:/Users/Uses/Desktop/FYP/FYP_DumbTesting/Meeting/Content/Collections/' took 0.01s
[2017.07.12-07.28.45:700][  0]LogCollectionManager: Rebuilt the GUID cache for 0 collections in 0.000001 seconds
[2017.07.12-07.28.45:709][  0]LogContentBrowser: Native class hierarchy populated in 0.0085 seconds. Added 2250 classes and 455 folders.
[2017.07.12-07.28.45:761][  0]LogContentBrowser: Native class hierarchy updated for 'WidgetCarousel' in 0.0014 seconds. Added 0 classes and 0 folders.
[2017.07.12-07.28.47:526][  0]LogContentBrowser: Native class hierarchy updated for 'AddContentDialog' in 0.0063 seconds. Added 0 classes and 0 folders.
[2017.07.12-07.28.47:600][  0]LogContentBrowser: Native class hierarchy updated for 'SceneOutliner' in 0.0017 seconds. Added 1 classes and 2 folders.
[2017.07.12-07.28.47:701][  0]LogCrashTracker: Crashtracker disabled due to settings.
[2017.07.12-07.28.47:706][  0]LogUObjectGlobals:Warning: Failed to find object 'Class None.'
[2017.07.12-07.28.47:765][  0]LogContentBrowser: Native class hierarchy updated for 'HierarchicalLODOutliner' in 0.0017 seconds. Added 1 classes and 2 folders.
[2017.07.12-07.28.47:766][  0]LogLoad: (Engine Initialization) Total time: 73.24 seconds
[2017.07.12-07.28.47:766][  0]LogLoad: (Engine Initialization) Total Blueprint compile time: 0.22 seconds
[2017.07.12-07.28.47:766][  0]LogExternalProfiler: Found external profiler: VSPerf
[2017.07.12-07.28.47:766][  0]LogExternalProfiler: Using external profiler: VSPerf
[2017.07.12-07.28.48:106][  0]LogOcInput: OculusInput pre-init called
[2017.07.12-07.28.48:133][  0]LogContentStreaming: Texture pool size now 3000 MB
[2017.07.12-07.28.48:154][  0]LogSlate: Took 0.003123 seconds to synchronously load lazily loaded font '../../../Engine/Content/Slate/Fonts/Roboto-Regular.ttf' (155K)
[2017.07.12-07.28.48:179][  0]LogSlate: Took 0.021567 seconds to synchronously load lazily loaded font '../../../Engine/Content/Slate/Fonts/Roboto-Bold.ttf' (160K)
[2017.07.12-07.28.48:198][  0]LogSlate: Took 0.013759 seconds to synchronously load lazily loaded font '../../../Engine/Content/Editor/Slate/Fonts/FontAwesome.ttf' (139K)
[2017.07.12-07.28.48:519][  0]LogSlate: Took 0.002920 seconds to synchronously load lazily loaded font '../../../Engine/Content/Slate/Fonts/Roboto-Light.ttf' (159K)
[2017.07.12-07.28.48:561][  0]LogRenderer: Reallocating scene render targets to support 1184x660 NumSamples 1 (Frame:2).
[2017.07.12-07.28.48:622][  1]LogAssetRegistry: Asset discovery search completed in 54.1336 seconds
[2017.07.12-07.28.48:622][  1]LogCollectionManager: Rebuilt the object cache for 0 collections in 0.000004 seconds (found 0 objects)
[2017.07.12-07.28.48:622][  1]LogCollectionManager: Fixed up redirectors for 0 collections in 0.000015 seconds (updated 0 objects)
[2017.07.12-07.30.33:343][441]LogEditorViewport: Clicking on Actor (LMB): BP_Sky_Sphere_C (SkySphereBlueprint)
[2017.07.12-07.30.34:706][588]LogEditorViewport: Clicking on Actor (LMB): BP_Sky_Sphere_C (SkySphereBlueprint)
[2017.07.12-07.30.37:488][914]LogSlate: Took 0.032237 seconds to synchronously load lazily loaded font '../../../Engine/Content/Editor/Slate/Fonts/Roboto-Italic.ttf' (157K)
[2017.07.12-07.30.42:783][543]Cmd: CAMERA ALIGN ACTIVEVIEWPORTONLY
[2017.07.12-07.30.53:741][818]Cmd: CAMERA ALIGN ACTIVEVIEWPORTONLY
[2017.07.12-07.31.03:533][946]LogEditorViewport: Clicking on Actor (LMB): BP_Sky_Sphere_C (SkySphereBlueprint)
[2017.07.12-07.32.07:043][223]LogSlate: Took 0.000126 seconds to synchronously load lazily loaded font '../../../Engine/Content/Slate/Fonts/Roboto-Light.ttf' (159K)
[2017.07.12-07.32.07:062][223]LogFactory: FactoryCreateFile: Texture with ReimportTextureFactory (0 0 ../../../../../../Users/Uses/Desktop/NEBULAZ_back6.png)
[2017.07.12-07.32.07:302][223]LogTexture:Display: Building textures: NEBULAZ_back6 (AutoDXT, 2048X2048) - 320 MB total VRAM
[2017.07.12-07.32.08:304][223]LogFactory: FactoryCreateFile: Texture with ReimportTextureFactory (0 0 ../../../../../../Users/Uses/Desktop/NEBULAZ_bottom4.png)
[2017.07.12-07.32.08:518][223]LogTexture:Display: Building textures: NEBULAZ_bottom4 (AutoDXT, 2048X2048) - 320 MB total VRAM
[2017.07.12-07.32.09:153][223]LogFactory: FactoryCreateFile: Texture with ReimportTextureFactory (0 0 ../../../../../../Users/Uses/Desktop/NEBULAZ_front5.png)
[2017.07.12-07.32.09:389][223]LogTexture:Display: Building textures: NEBULAZ_front5 (AutoDXT, 2048X2048) - 320 MB total VRAM
[2017.07.12-07.32.10:241][223]LogFactory: FactoryCreateFile: Texture with ReimportTextureFactory (0 0 ../../../../../../Users/Uses/Desktop/NEBULAZ_left2.png)
[2017.07.12-07.32.10:455][223]LogTexture:Display: Building textures: NEBULAZ_left2 (AutoDXT, 2048X2048) - 320 MB total VRAM
[2017.07.12-07.32.11:151][223]LogFactory: FactoryCreateFile: Texture with ReimportTextureFactory (0 0 ../../../../../../Users/Uses/Desktop/NEBULAZ_right1.png)
[2017.07.12-07.32.11:380][223]LogTexture:Display: Building textures: NEBULAZ_right1 (AutoDXT, 2048X2048) - 320 MB total VRAM
[2017.07.12-07.32.12:251][223]LogFactory: FactoryCreateFile: Texture with ReimportTextureFactory (0 0 ../../../../../../Users/Uses/Desktop/NEBULAZ_top3.png)
[2017.07.12-07.32.12:467][223]LogTexture:Display: Building textures: NEBULAZ_top3 (AutoDXT, 2048X2048) - 320 MB total VRAM
[2017.07.12-07.32.24:303][484]LogMaterial: Missing cached shader map for material NewMaterial, compiling. 
[2017.07.12-07.32.24:303][484]LogTemp:Display: Added material ShaderMap 0x0000018AFB782E80 with Material 0x0000018AE57EF100 to ShaderMapsBeingCompiled
[2017.07.12-07.32.24:318][484]LogTemp:Display: Kicking off shader compilation for NewMaterial, GameThreadShaderMap 0x0000018AFB782E80
[2017.07.12-07.32.24:393][484]LogMaterial: Missing cached shader map for material NewMaterial, compiling. 
[2017.07.12-07.32.24:394][484]LogTemp:Display: Added material ShaderMap 0x0000018B1C392B00 with Material 0x0000018AE57EF100 to ShaderMapsBeingCompiled
[2017.07.12-07.32.24:401][484]LogTemp:Display: Kicking off shader compilation for NewMaterial, GameThreadShaderMap 0x0000018B1C392B00
[2017.07.12-07.32.24:401][484]LogMaterial: 0.00 seconds spent updating 1 materials, 1 interfaces, 0 instances, 0 with static permutations.
[2017.07.12-07.32.24:456][484]LogSlate: Took 0.016599 seconds to synchronously load lazily loaded font '../../../Engine/Content/Editor/Slate/Fonts/Roboto-BoldCondensed.ttf' (158K)
[2017.07.12-07.32.25:403][531]LogTemp:Display: Finished compile of shader map 0x0000018B1C392B00
[2017.07.12-07.32.25:403][531]LogTemp:Display: Shader map NewMaterial complete, GameThreadShaderMap 0x0000018B1C392B00, marking material NewMaterial as finished
[2017.07.12-07.32.25:403][531]LogTemp:Display: Marking material as finished 0x0000018AE57EF100
[2017.07.12-07.32.25:414][532]MaterialEditorStats: Info Base pass shader with only dynamic lighting: 80 instructions
[2017.07.12-07.32.25:414][532]MaterialEditorStats: Info Vertex shader: 29 instructions
[2017.07.12-07.32.25:414][532]MaterialEditorStats: Info Texture samplers: 1/16
[2017.07.12-07.32.29:582][881]LogMaterial: Missing cached shader map for material NewMaterial, compiling. 
[2017.07.12-07.32.29:583][881]LogTemp:Display: Added material ShaderMap 0x0000018B2BEC5980 with Material 0x0000018AE57EF100 to ShaderMapsBeingCompiled
[2017.07.12-07.32.29:590][881]LogTemp:Display: Kicking off shader compilation for NewMaterial, GameThreadShaderMap 0x0000018B2BEC5980
[2017.07.12-07.32.29:591][881]LogMaterial: 0.00 seconds spent updating 1 materials, 1 interfaces, 0 instances, 0 with static permutations.
[2017.07.12-07.32.29:591][881]LogMaterial: Missing cached shader map for material FMatExpressionPreview MaterialExpressionTextureSample_0, compiling. 
[2017.07.12-07.32.29:592][881]LogTemp:Display: Added material ShaderMap 0x0000018B29A16400 with Material 0x0000018B2A628400 to ShaderMapsBeingCompiled
[2017.07.12-07.32.29:594][881]LogTemp:Display: Kicking off shader compilation for FMatExpressionPreview MaterialExpressionTextureSample_0, GameThreadShaderMap 0x0000018B29A16400
[2017.07.12-07.32.29:596][881]LogTemp:Display: Removed shader map 0x0000018B29A16400 from material 0x0000018B2A628400
[2017.07.12-07.32.29:629][881]LogMaterial: Missing cached shader map for material FMatExpressionPreview MaterialExpressionTextureSample_0, compiling. 
[2017.07.12-07.32.29:630][881]LogTemp:Display: Added material ShaderMap 0x0000018B29A14B80 with Material 0x0000018B2A1EBD00 to ShaderMapsBeingCompiled
[2017.07.12-07.32.29:633][881]LogTemp:Display: Kicking off shader compilation for FMatExpressionPreview MaterialExpressionTextureSample_0, GameThreadShaderMap 0x0000018B29A14B80
[2017.07.12-07.32.29:651][881]LogMaterial: Missing cached shader map for material NewMaterial, compiling. 
[2017.07.12-07.32.29:652][881]LogTemp:Display: Added material ShaderMap 0x0000018B2BE6E400 with Material 0x0000018AE57EF100 to ShaderMapsBeingCompiled
[2017.07.12-07.32.29:665][881]LogTemp:Display: Kicking off shader compilation for NewMaterial, GameThreadShaderMap 0x0000018B2BE6E400
[2017.07.12-07.32.29:665][881]LogMaterial: 0.00 seconds spent updating 1 materials, 1 interfaces, 0 instances, 0 with static permutations.
[2017.07.12-07.32.29:678][881]LogMaterial: Missing cached shader map for material FMatExpressionPreview MaterialExpressionTextureSample_1, compiling. 
[2017.07.12-07.32.29:679][881]LogTemp:Display: Added material ShaderMap 0x0000018B2CAA7580 with Material 0x0000018B2BE13A00 to ShaderMapsBeingCompiled
[2017.07.12-07.32.29:681][881]LogTemp:Display: Kicking off shader compilation for FMatExpressionPreview MaterialExpressionTextureSample_1, GameThreadShaderMap 0x0000018B2CAA7580
[2017.07.12-07.32.29:688][881]LogTemp:Display: Removed shader map 0x0000018B29A14B80 from material 0x0000018B2A1EBD00
[2017.07.12-07.32.29:688][881]LogTemp:Display: Removed shader map 0x0000018B2CAA7580 from material 0x0000018B2BE13A00
[2017.07.12-07.32.29:718][881]LogMaterial: Missing cached shader map for material FMatExpressionPreview MaterialExpressionTextureSample_0, compiling. 
[2017.07.12-07.32.29:719][881]LogTemp:Display: Added material ShaderMap 0x0000018B2CAA5D00 with Material 0x0000018B2BE13A00 to ShaderMapsBeingCompiled
[2017.07.12-07.32.29:722][881]LogTemp:Display: Kicking off shader compilation for FMatExpressionPreview MaterialExpressionTextureSample_0, GameThreadShaderMap 0x0000018B2CAA5D00
[2017.07.12-07.32.29:733][881]LogMaterial: Missing cached shader map for material FMatExpressionPreview MaterialExpressionTextureSample_1, compiling. 
[2017.07.12-07.32.29:733][881]LogTemp:Display: Added material ShaderMap 0x0000018B2CAA4480 with Material 0x0000018B2BE12800 to ShaderMapsBeingCompiled
[2017.07.12-07.32.29:736][881]LogTemp:Display: Kicking off shader compilation for FMatExpressionPreview MaterialExpressionTextureSample_1, GameThreadShaderMap 0x0000018B2CAA4480
[2017.07.12-07.32.29:754][881]LogMaterial: Missing cached shader map for material NewMaterial, compiling. 
[2017.07.12-07.32.29:755][881]LogTemp:Display: Added material ShaderMap 0x0000018B2C9AF900 with Material 0x0000018AE57EF100 to ShaderMapsBeingCompiled
[2017.07.12-07.32.29:764][881]LogTemp:Display: Kicking off shader compilation for NewMaterial, GameThreadShaderMap 0x0000018B2C9AF900
[2017.07.12-07.32.29:764][881]LogMaterial: 0.00 seconds spent updating 1 materials, 1 interfaces, 0 instances, 0 with static permutations.
[2017.07.12-07.32.29:765][881]LogMaterial: Missing cached shader map for material FMatExpressionPreview MaterialExpressionTextureSample_2, compiling. 
[2017.07.12-07.32.29:765][881]LogTemp:Display: Added material ShaderMap 0x0000018B2C938B80 with Material 0x0000018B2C987A00 to ShaderMapsBeingCompiled
[2017.07.12-07.32.29:768][881]LogTemp:Display: Kicking off shader compilation for FMatExpressionPreview MaterialExpressionTextureSample_2, GameThreadShaderMap 0x0000018B2C938B80
[2017.07.12-07.32.29:772][881]LogTemp:Display: Removed shader map 0x0000018B2CAA5D00 from material 0x0000018B2BE13A00
[2017.07.12-07.32.29:772][881]LogTemp:Display: Removed shader map 0x0000018B2CAA4480 from material 0x0000018B2BE12800
[2017.07.12-07.32.29:772][881]LogTemp:Display: Removed shader map 0x0000018B2C938B80 from material 0x0000018B2C987A00
[2017.07.12-07.32.29:802][881]LogMaterial: Missing cached shader map for material FMatExpressionPreview MaterialExpressionTextureSample_0, compiling. 
[2017.07.12-07.32.29:803][881]LogTemp:Display: Added material ShaderMap 0x0000018B2C8B6E80 with Material 0x0000018B2C987A00 to ShaderMapsBeingCompiled
[2017.07.12-07.32.29:806][881]LogTemp:Display: Kicking off shader compilation for FMatExpressionPreview MaterialExpressionTextureSample_0, GameThreadShaderMap 0x0000018B2C8B6E80
[2017.07.12-07.32.29:815][881]LogMaterial: Missing cached shader map for material FMatExpressionPreview MaterialExpressionTextureSample_1, compiling. 
[2017.07.12-07.32.29:816][881]LogTemp:Display: Added material ShaderMap 0x0000018B2C8B5600 with Material 0x0000018B2C985000 to ShaderMapsBeingCompiled
[2017.07.12-07.32.29:820][881]LogTemp:Display: Kicking off shader compilation for FMatExpressionPreview MaterialExpressionTextureSample_1, GameThreadShaderMap 0x0000018B2C8B5600
[2017.07.12-07.32.29:834][881]LogMaterial: Missing cached shader map for material FMatExpressionPreview MaterialExpressionTextureSample_2, compiling. 
[2017.07.12-07.32.29:835][881]LogTemp:Display: Added material ShaderMap 0x0000018B2C6C7C80 with Material 0x0000018B2C6E3D00 to ShaderMapsBeingCompiled
[2017.07.12-07.32.29:837][881]LogTemp:Display: Kicking off shader compilation for FMatExpressionPreview MaterialExpressionTextureSample_2, GameThreadShaderMap 0x0000018B2C6C7C80
[2017.07.12-07.32.29:848][881]LogMaterial: Missing cached shader map for material NewMaterial, compiling. 
[2017.07.12-07.32.29:848][881]LogTemp:Display: Added material ShaderMap 0x0000018B2C613200 with Material 0x0000018AE57EF100 to ShaderMapsBeingCompiled
[2017.07.12-07.32.29:859][881]LogTemp:Display: Kicking off shader compilation for NewMaterial, GameThreadShaderMap 0x0000018B2C613200
[2017.07.12-07.32.29:859][881]LogMaterial: 0.00 seconds spent updating 1 materials, 1 interfaces, 0 instances, 0 with static permutations.
[2017.07.12-07.32.29:872][881]LogMaterial: Missing cached shader map for material FMatExpressionPreview MaterialExpressionTextureSample_3, compiling. 
[2017.07.12-07.32.29:873][881]LogTemp:Display: Added material ShaderMap 0x0000018B2C59C800 with Material 0x0000018B2C57BA00 to ShaderMapsBeingCompiled
[2017.07.12-07.32.29:877][881]LogTemp:Display: Kicking off shader compilation for FMatExpressionPreview MaterialExpressionTextureSample_3, GameThreadShaderMap 0x0000018B2C59C800
[2017.07.12-07.32.29:883][881]LogTemp:Display: Removed shader map 0x0000018B2C8B6E80 from material 0x0000018B2C987A00
[2017.07.12-07.32.29:884][881]LogTemp:Display: Removed shader map 0x0000018B2C8B5600 from material 0x0000018B2C985000
[2017.07.12-07.32.29:884][881]LogTemp:Display: Removed shader map 0x0000018B2C6C7C80 from material 0x0000018B2C6E3D00
[2017.07.12-07.32.29:884][881]LogTemp:Display: Removed shader map 0x0000018B2C59C800 from material 0x0000018B2C57BA00
[2017.07.12-07.32.29:914][881]LogMaterial: Missing cached shader map for material FMatExpressionPreview MaterialExpressionTextureSample_0, compiling. 
[2017.07.12-07.32.29:915][881]LogTemp:Display: Added material ShaderMap 0x0000018B2C51AE80 with Material 0x0000018B2C57BA00 to ShaderMapsBeingCompiled
[2017.07.12-07.32.29:918][881]LogTemp:Display: Kicking off shader compilation for FMatExpressionPreview MaterialExpressionTextureSample_0, GameThreadShaderMap 0x0000018B2C51AE80
[2017.07.12-07.32.29:929][881]LogMaterial: Missing cached shader map for material FMatExpressionPreview MaterialExpressionTextureSample_1, compiling. 
[2017.07.12-07.32.29:930][881]LogTemp:Display: Added material ShaderMap 0x0000018B2C519600 with Material 0x0000018B2C57AB00 to ShaderMapsBeingCompiled
[2017.07.12-07.32.29:932][881]LogTemp:Display: Kicking off shader compilation for FMatExpressionPreview MaterialExpressionTextureSample_1, GameThreadShaderMap 0x0000018B2C519600
[2017.07.12-07.32.29:944][881]LogMaterial: Missing cached shader map for material FMatExpressionPreview MaterialExpressionTextureSample_2, compiling. 
[2017.07.12-07.32.29:945][881]LogTemp:Display: Added material ShaderMap 0x0000018B2C2CBC80 with Material 0x0000018B2C57A800 to ShaderMapsBeingCompiled
[2017.07.12-07.32.29:948][881]LogTemp:Display: Kicking off shader compilation for FMatExpressionPreview MaterialExpressionTextureSample_2, GameThreadShaderMap 0x0000018B2C2CBC80
[2017.07.12-07.32.29:957][881]LogMaterial: Missing cached shader map for material FMatExpressionPreview MaterialExpressionTextureSample_3, compiling. 
[2017.07.12-07.32.29:958][881]LogTemp:Display: Added material ShaderMap 0x0000018B2C2CA400 with Material 0x0000018B2C579900 to ShaderMapsBeingCompiled
[2017.07.12-07.32.29:961][881]LogTemp:Display: Kicking off shader compilation for FMatExpressionPreview MaterialExpressionTextureSample_3, GameThreadShaderMap 0x0000018B2C2CA400
[2017.07.12-07.32.29:977][881]LogMaterial: Missing cached shader map for material NewMaterial, compiling. 
[2017.07.12-07.32.29:977][881]LogTemp:Display: Added material ShaderMap 0x0000018B2C1FD980 with Material 0x0000018AE57EF100 to ShaderMapsBeingCompiled
[2017.07.12-07.32.29:989][881]LogTemp:Display: Kicking off shader compilation for NewMaterial, GameThreadShaderMap 0x0000018B2C1FD980
[2017.07.12-07.32.29:989][881]LogMaterial: 0.00 seconds spent updating 1 materials, 1 interfaces, 0 instances, 0 with static permutations.
[2017.07.12-07.32.30:003][881]LogMaterial: Missing cached shader map for material FMatExpressionPreview MaterialExpressionTextureSample_4, compiling. 
[2017.07.12-07.32.30:004][881]LogTemp:Display: Added material ShaderMap 0x0000018B2C10EE80 with Material 0x0000018B2C1CFA00 to ShaderMapsBeingCompiled
[2017.07.12-07.32.30:007][881]LogTemp:Display: Kicking off shader compilation for FMatExpressionPreview MaterialExpressionTextureSample_4, GameThreadShaderMap 0x0000018B2C10EE80
[2017.07.12-07.32.30:014][881]LogTemp:Display: Removed shader map 0x0000018B2C51AE80 from material 0x0000018B2C57BA00
[2017.07.12-07.32.30:014][881]LogTemp:Display: Removed shader map 0x0000018B2C519600 from material 0x0000018B2C57AB00
[2017.07.12-07.32.30:014][881]LogTemp:Display: Removed shader map 0x0000018B2C2CBC80 from material 0x0000018B2C57A800
[2017.07.12-07.32.30:014][881]LogTemp:Display: Removed shader map 0x0000018B2C2CA400 from material 0x0000018B2C579900
[2017.07.12-07.32.30:014][881]LogTemp:Display: Removed shader map 0x0000018B2C10EE80 from material 0x0000018B2C1CFA00
[2017.07.12-07.32.30:043][881]LogMaterial: Missing cached shader map for material FMatExpressionPreview MaterialExpressionTextureSample_0, compiling. 
[2017.07.12-07.32.30:044][881]LogTemp:Display: Added material ShaderMap 0x0000018B2C10D600 with Material 0x0000018B2C0E7A00 to ShaderMapsBeingCompiled
[2017.07.12-07.32.30:047][881]LogTemp:Display: Kicking off shader compilation for FMatExpressionPreview MaterialExpressionTextureSample_0, GameThreadShaderMap 0x0000018B2C10D600
[2017.07.12-07.32.30:048][881]LogMaterial: Missing cached shader map for material FMatExpressionPreview MaterialExpressionTextureSample_1, compiling. 
[2017.07.12-07.32.30:049][881]LogTemp:Display: Added material ShaderMap 0x0000018B2CEA7C80 with Material 0x0000018B2C0E7400 to ShaderMapsBeingCompiled
[2017.07.12-07.32.30:052][881]LogTemp:Display: Kicking off shader compilation for FMatExpressionPreview MaterialExpressionTextureSample_1, GameThreadShaderMap 0x0000018B2CEA7C80
[2017.07.12-07.32.30:066][881]LogMaterial: Missing cached shader map for material FMatExpressionPreview MaterialExpressionTextureSample_2, compiling. 
[2017.07.12-07.32.30:066][881]LogTemp:Display: Added material ShaderMap 0x0000018B2CEA6400 with Material 0x0000018B2C0E7100 to ShaderMapsBeingCompiled
[2017.07.12-07.32.30:069][881]LogTemp:Display: Kicking off shader compilation for FMatExpressionPreview MaterialExpressionTextureSample_2, GameThreadShaderMap 0x0000018B2CEA6400
[2017.07.12-07.32.30:071][881]LogMaterial: Missing cached shader map for material FMatExpressionPreview MaterialExpressionTextureSample_3, compiling. 
[2017.07.12-07.32.30:072][881]LogTemp:Display: Added material ShaderMap 0x0000018B2CEA4B80 with Material 0x0000018B2C0E6800 to ShaderMapsBeingCompiled
[2017.07.12-07.32.30:075][881]LogTemp:Display: Kicking off shader compilation for FMatExpressionPreview MaterialExpressionTextureSample_3, GameThreadShaderMap 0x0000018B2CEA4B80
[2017.07.12-07.32.30:087][881]LogMaterial: Missing cached shader map for material FMatExpressionPreview MaterialExpressionTextureSample_4, compiling. 
[2017.07.12-07.32.30:088][881]LogTemp:Display: Added material ShaderMap 0x0000018B2CE5AE80 with Material 0x0000018B2C0E5F00 to ShaderMapsBeingCompiled
[2017.07.12-07.32.30:091][881]LogTemp:Display: Kicking off shader compilation for FMatExpressionPreview MaterialExpressionTextureSample_4, GameThreadShaderMap 0x0000018B2CE5AE80
[2017.07.12-07.32.30:108][881]LogMaterial: Missing cached shader map for material NewMaterial, compiling. 
[2017.07.12-07.32.30:109][881]LogTemp:Display: Added material ShaderMap 0x0000018B2CD86400 with Material 0x0000018AE57EF100 to ShaderMapsBeingCompiled
[2017.07.12-07.32.30:121][881]LogTemp:Display: Kicking off shader compilation for NewMaterial, GameThreadShaderMap 0x0000018B2CD86400
[2017.07.12-07.32.30:121][881]LogMaterial: 0.00 seconds spent updating 1 materials, 1 interfaces, 0 instances, 0 with static permutations.
[2017.07.12-07.32.30:128][881]LogMaterial: Missing cached shader map for material FMatExpressionPreview MaterialExpressionTextureSample_5, compiling. 
[2017.07.12-07.32.30:129][881]LogTemp:Display: Added material ShaderMap 0x0000018B2DA8F580 with Material 0x0000018B2CD5BD00 to ShaderMapsBeingCompiled
[2017.07.12-07.32.30:132][881]LogTemp:Display: Kicking off shader compilation for FMatExpressionPreview MaterialExpressionTextureSample_5, GameThreadShaderMap 0x0000018B2DA8F580
[2017.07.12-07.32.30:138][881]LogTemp:Display: Removed shader map 0x0000018B2C10D600 from material 0x0000018B2C0E7A00
[2017.07.12-07.32.30:138][881]LogTemp:Display: Removed shader map 0x0000018B2CEA7C80 from material 0x0000018B2C0E7400
[2017.07.12-07.32.30:138][881]LogTemp:Display: Removed shader map 0x0000018B2CEA6400 from material 0x0000018B2C0E7100
[2017.07.12-07.32.30:138][881]LogTemp:Display: Removed shader map 0x0000018B2CEA4B80 from material 0x0000018B2C0E6800
[2017.07.12-07.32.30:138][881]LogTemp:Display: Removed shader map 0x0000018B2CE5AE80 from material 0x0000018B2C0E5F00
[2017.07.12-07.32.30:138][881]LogTemp:Display: Removed shader map 0x0000018B2DA8F580 from material 0x0000018B2CD5BD00
[2017.07.12-07.32.30:170][881]LogMaterial: Missing cached shader map for material FMatExpressionPreview MaterialExpressionTextureSample_0, compiling. 
[2017.07.12-07.32.30:171][881]LogTemp:Display: Added material ShaderMap 0x0000018B2DA8DD00 with Material 0x0000018B2CD5BD00 to ShaderMapsBeingCompiled
[2017.07.12-07.32.30:174][881]LogTemp:Display: Kicking off shader compilation for FMatExpressionPreview MaterialExpressionTextureSample_0, GameThreadShaderMap 0x0000018B2DA8DD00
[2017.07.12-07.32.30:180][881]LogMaterial: Missing cached shader map for material FMatExpressionPreview MaterialExpressionTextureSample_1, compiling. 
[2017.07.12-07.32.30:180][881]LogTemp:Display: Added material ShaderMap 0x0000018B2DA8C480 with Material 0x0000018B2C0E6800 to ShaderMapsBeingCompiled
[2017.07.12-07.32.30:183][881]LogTemp:Display: Kicking off shader compilation for FMatExpressionPreview MaterialExpressionTextureSample_1, GameThreadShaderMap 0x0000018B2DA8C480
[2017.07.12-07.32.30:187][881]LogMaterial: Missing cached shader map for material FMatExpressionPreview MaterialExpressionTextureSample_2, compiling. 
[2017.07.12-07.32.30:188][881]LogTemp:Display: Added material ShaderMap 0x0000018B2DA1EB00 with Material 0x0000018B2DA07A00 to ShaderMapsBeingCompiled
[2017.07.12-07.32.30:190][881]LogTemp:Display: Kicking off shader compilation for FMatExpressionPreview MaterialExpressionTextureSample_2, GameThreadShaderMap 0x0000018B2DA1EB00
[2017.07.12-07.32.30:191][881]LogMaterial: Missing cached shader map for material FMatExpressionPreview MaterialExpressionTextureSample_3, compiling. 
[2017.07.12-07.32.30:191][881]LogTemp:Display: Added material ShaderMap 0x0000018B2DA1D280 with Material 0x0000018B2DA07700 to ShaderMapsBeingCompiled
[2017.07.12-07.32.30:193][881]LogTemp:Display: Kicking off shader compilation for FMatExpressionPreview MaterialExpressionTextureSample_3, GameThreadShaderMap 0x0000018B2DA1D280
[2017.07.12-07.32.30:200][881]LogMaterial: Missing cached shader map for material FMatExpressionPreview MaterialExpressionTextureSample_4, compiling. 
[2017.07.12-07.32.30:201][881]LogTemp:Display: Added material ShaderMap 0x0000018B2D9AF580 with Material 0x0000018B2DA07400 to ShaderMapsBeingCompiled
[2017.07.12-07.32.30:203][881]LogTemp:Display: Kicking off shader compilation for FMatExpressionPreview MaterialExpressionTextureSample_4, GameThreadShaderMap 0x0000018B2D9AF580
[2017.07.12-07.32.30:213][881]LogMaterial: Missing cached shader map for material FMatExpressionPreview MaterialExpressionTextureSample_5, compiling. 
[2017.07.12-07.32.30:214][881]LogTemp:Display: Added material ShaderMap 0x0000018B2D9ADD00 with Material 0x0000018B2DA06B00 to ShaderMapsBeingCompiled
[2017.07.12-07.32.30:217][881]LogTemp:Display: Kicking off shader compilation for FMatExpressionPreview MaterialExpressionTextureSample_5, GameThreadShaderMap 0x0000018B2D9ADD00
[2017.07.12-07.32.30:220][881]LogTemp:Display: Finished compile of shader map 0x0000018B2BEC5980
[2017.07.12-07.32.30:220][881]LogTemp:Display: Shader map NewMaterial complete, GameThreadShaderMap 0x0000018B2BEC5980, marking material NewMaterial as finished
[2017.07.12-07.32.30:220][881]LogTemp:Display: Marking material as finished 0x0000018AE57EF100
[2017.07.12-07.32.30:220][881]LogTemp:Display: Finished compile of shader map 0x0000018B2BE6E400
[2017.07.12-07.32.30:220][881]LogTemp:Display: Shader map NewMaterial complete, GameThreadShaderMap 0x0000018B2BE6E400, marking material NewMaterial as finished
[2017.07.12-07.32.30:220][881]LogTemp:Display: Marking material as finished 0x0000018AE57EF100
[2017.07.12-07.32.30:221][881]LogTemp:Display: Finished compile of shader map 0x0000018B2CAA5D00
[2017.07.12-07.32.30:221][881]LogTemp:Display: Finished compile of shader map 0x0000018B2C9AF900
[2017.07.12-07.32.30:221][881]LogTemp:Display: Shader map NewMaterial complete, GameThreadShaderMap 0x0000018B2C9AF900, marking material NewMaterial as finished
[2017.07.12-07.32.30:221][881]LogTemp:Display: Marking material as finished 0x0000018AE57EF100
[2017.07.12-07.32.30:221][881]LogTemp:Display: Finished compile of shader map 0x0000018B2C613200
[2017.07.12-07.32.30:221][881]LogTemp:Display: Shader map NewMaterial complete, GameThreadShaderMap 0x0000018B2C613200, marking material NewMaterial as finished
[2017.07.12-07.32.30:221][881]LogTemp:Display: Marking material as finished 0x0000018AE57EF100
[2017.07.12-07.32.30:292][882]LogTemp:Display: Finished compile of shader map 0x0000018B2C1FD980
[2017.07.12-07.32.30:292][882]LogTemp:Display: Shader map NewMaterial complete, GameThreadShaderMap 0x0000018B2C1FD980, marking material NewMaterial as finished
[2017.07.12-07.32.30:292][882]LogTemp:Display: Marking material as finished 0x0000018AE57EF100
[2017.07.12-07.32.30:318][883]LogTemp:Display: Finished compile of shader map 0x0000018B2C10D600
[2017.07.12-07.32.31:008][926]LogTemp:Display: Finished compile of shader map 0x0000018B2CD86400
[2017.07.12-07.32.31:008][926]LogTemp:Display: Shader map NewMaterial complete, GameThreadShaderMap 0x0000018B2CD86400, marking material NewMaterial as finished
[2017.07.12-07.32.31:008][926]LogTemp:Display: Marking material as finished 0x0000018AE57EF100
[2017.07.12-07.32.31:026][927]MaterialEditorStats: Info Base pass shader with only dynamic lighting: 80 instructions
[2017.07.12-07.32.31:026][927]MaterialEditorStats: Info Vertex shader: 29 instructions
[2017.07.12-07.32.31:026][927]MaterialEditorStats: Info Texture samplers: 1/16
[2017.07.12-07.32.31:058][929]LogTemp:Display: Finished compile of shader map 0x0000018B2DA8DD00
[2017.07.12-07.32.31:058][929]LogTemp:Display: Shader map FMatExpressionPreview MaterialExpressionTextureSample_0 complete, GameThreadShaderMap 0x0000018B2DA8DD00, marking material FMatExpressionPreview MaterialExpressionTextureSample_0 as finished
[2017.07.12-07.32.31:058][929]LogTemp:Display: Marking material as finished 0x0000018B2CD5BD00
[2017.07.12-07.32.31:222][937]LogTemp:Display: Finished compile of shader map 0x0000018B2DA8C480
[2017.07.12-07.32.31:222][937]LogTemp:Display: Shader map FMatExpressionPreview MaterialExpressionTextureSample_1 complete, GameThreadShaderMap 0x0000018B2DA8C480, marking material FMatExpressionPreview MaterialExpressionTextureSample_1 as finished
[2017.07.12-07.32.31:222][937]LogTemp:Display: Marking material as finished 0x0000018B2C0E6800
[2017.07.12-07.32.31:270][940]LogTemp:Display: Finished compile of shader map 0x0000018B2DA1EB00
[2017.07.12-07.32.31:270][940]LogTemp:Display: Shader map FMatExpressionPreview MaterialExpressionTextureSample_2 complete, GameThreadShaderMap 0x0000018B2DA1EB00, marking material FMatExpressionPreview MaterialExpressionTextureSample_2 as finished
[2017.07.12-07.32.31:270][940]LogTemp:Display: Marking material as finished 0x0000018B2DA07A00
[2017.07.12-07.32.31:432][949]LogTemp:Display: Finished compile of shader map 0x0000018B2DA1D280
[2017.07.12-07.32.31:432][949]LogTemp:Display: Shader map FMatExpressionPreview MaterialExpressionTextureSample_3 complete, GameThreadShaderMap 0x0000018B2DA1D280, marking material FMatExpressionPreview MaterialExpressionTextureSample_3 as finished
[2017.07.12-07.32.31:432][949]LogTemp:Display: Marking material as finished 0x0000018B2DA07700
[2017.07.12-07.32.31:492][953]LogTemp:Display: Finished compile of shader map 0x0000018B2D9AF580
[2017.07.12-07.32.31:492][953]LogTemp:Display: Shader map FMatExpressionPreview MaterialExpressionTextureSample_4 complete, GameThreadShaderMap 0x0000018B2D9AF580, marking material FMatExpressionPreview MaterialExpressionTextureSample_4 as finished
[2017.07.12-07.32.31:492][953]LogTemp:Display: Marking material as finished 0x0000018B2DA07400
[2017.07.12-07.32.31:617][962]LogTemp:Display: Finished compile of shader map 0x0000018B2D9ADD00
[2017.07.12-07.32.31:617][962]LogTemp:Display: Shader map FMatExpressionPreview MaterialExpressionTextureSample_5 complete, GameThreadShaderMap 0x0000018B2D9ADD00, marking material FMatExpressionPreview MaterialExpressionTextureSample_5 as finished
[2017.07.12-07.32.31:617][962]LogTemp:Display: Marking material as finished 0x0000018B2DA06B00
[2017.07.12-07.32.38:312][544]LogMaterial: Missing cached shader map for material NewMaterial, compiling. 
[2017.07.12-07.32.38:312][544]LogTemp:Display: Added material ShaderMap 0x0000018B1D084800 with Material 0x0000018AE57EF100 to ShaderMapsBeingCompiled
[2017.07.12-07.32.38:319][544]LogTemp:Display: Kicking off shader compilation for NewMaterial, GameThreadShaderMap 0x0000018B1D084800
[2017.07.12-07.32.38:320][544]LogMaterial: 0.00 seconds spent updating 1 materials, 1 interfaces, 0 instances, 0 with static permutations.
[2017.07.12-07.32.39:110][591]LogTemp:Display: Finished compile of shader map 0x0000018B1D084800
[2017.07.12-07.32.39:110][591]LogTemp:Display: Shader map NewMaterial complete, GameThreadShaderMap 0x0000018B1D084800, marking material NewMaterial as finished
[2017.07.12-07.32.39:110][591]LogTemp:Display: Marking material as finished 0x0000018AE57EF100
[2017.07.12-07.32.39:122][592]MaterialEditorStats: Info Base pass shader with only dynamic lighting: 80 instructions
[2017.07.12-07.32.39:122][592]MaterialEditorStats: Info Vertex shader: 29 instructions
[2017.07.12-07.32.39:122][592]MaterialEditorStats: Info Texture samplers: 1/16
[2017.07.12-07.32.41:957][846]LogMaterial: Missing cached shader map for material NewMaterial, compiling. 
[2017.07.12-07.32.41:958][846]LogTemp:Display: Added material ShaderMap 0x0000018B2A3D3580 with Material 0x0000018AE57EF100 to ShaderMapsBeingCompiled
[2017.07.12-07.32.41:965][846]LogTemp:Display: Kicking off shader compilation for NewMaterial, GameThreadShaderMap 0x0000018B2A3D3580
[2017.07.12-07.32.41:965][846]LogMaterial: 0.00 seconds spent updating 1 materials, 1 interfaces, 0 instances, 0 with static permutations.
[2017.07.12-07.32.41:998][846]LogMaterial: Missing cached shader map for material FMatExpressionPreview MaterialExpressionTextureSample_0, compiling. 
[2017.07.12-07.32.41:999][846]LogTemp:Display: Added material ShaderMap 0x0000018B2D233580 with Material 0x0000018B2CD5BD00 to ShaderMapsBeingCompiled
[2017.07.12-07.32.42:002][846]LogTemp:Display: Kicking off shader compilation for FMatExpressionPreview MaterialExpressionTextureSample_0, GameThreadShaderMap 0x0000018B2D233580
[2017.07.12-07.32.42:721][889]LogTemp:Display: Finished compile of shader map 0x0000018B2A3D3580
[2017.07.12-07.32.42:721][889]LogTemp:Display: Shader map NewMaterial complete, GameThreadShaderMap 0x0000018B2A3D3580, marking material NewMaterial as finished
[2017.07.12-07.32.42:721][889]LogTemp:Display: Marking material as finished 0x0000018AE57EF100
[2017.07.12-07.32.42:796][894]LogTemp:Display: Finished compile of shader map 0x0000018B2D233580
[2017.07.12-07.32.42:796][894]LogTemp:Display: Shader map FMatExpressionPreview MaterialExpressionTextureSample_0 complete, GameThreadShaderMap 0x0000018B2D233580, marking material FMatExpressionPreview MaterialExpressionTextureSample_0 as finished
[2017.07.12-07.32.42:796][894]LogTemp:Display: Marking material as finished 0x0000018B2CD5BD00
[2017.07.12-07.32.42:926][906]MaterialEditorStats: Info Base pass shader with only dynamic lighting: 80 instructions
[2017.07.12-07.32.42:926][906]MaterialEditorStats: Info Vertex shader: 29 instructions
[2017.07.12-07.32.42:926][906]MaterialEditorStats: Info Texture samplers: 1/16
[2017.07.12-07.32.45:119][113]LogMaterial: Missing cached shader map for material NewMaterial, compiling. 
[2017.07.12-07.32.45:120][113]LogTemp:Display: Added material ShaderMap 0x0000018B2C612780 with Material 0x0000018AE57EF100 to ShaderMapsBeingCompiled
[2017.07.12-07.32.45:127][113]LogTemp:Display: Kicking off shader compilation for NewMaterial, GameThreadShaderMap 0x0000018B2C612780
[2017.07.12-07.32.45:127][113]LogMaterial: 0.00 seconds spent updating 1 materials, 1 interfaces, 0 instances, 0 with static permutations.
[2017.07.12-07.32.45:161][113]LogMaterial: Missing cached shader map for material FMatExpressionPreview MaterialExpressionTextureSample_1, compiling. 
[2017.07.12-07.32.45:162][113]LogTemp:Display: Added material ShaderMap 0x0000018B2A5BF900 with Material 0x0000018B10087400 to ShaderMapsBeingCompiled
[2017.07.12-07.32.45:165][113]LogTemp:Display: Kicking off shader compilation for FMatExpressionPreview MaterialExpressionTextureSample_1, GameThreadShaderMap 0x0000018B2A5BF900
[2017.07.12-07.32.45:895][157]LogTemp:Display: Finished compile of shader map 0x0000018B2C612780
[2017.07.12-07.32.45:895][157]LogTemp:Display: Shader map NewMaterial complete, GameThreadShaderMap 0x0000018B2C612780, marking material NewMaterial as finished
[2017.07.12-07.32.45:895][157]LogTemp:Display: Marking material as finished 0x0000018AE57EF100
[2017.07.12-07.32.45:940][160]LogTemp:Display: Finished compile of shader map 0x0000018B2A5BF900
[2017.07.12-07.32.45:940][160]LogTemp:Display: Shader map FMatExpressionPreview MaterialExpressionTextureSample_1 complete, GameThreadShaderMap 0x0000018B2A5BF900, marking material FMatExpressionPreview MaterialExpressionTextureSample_1 as finished
[2017.07.12-07.32.45:940][160]LogTemp:Display: Marking material as finished 0x0000018B10087400
[2017.07.12-07.32.48:018][345]MaterialEditorStats: Info Base pass shader with only dynamic lighting: 80 instructions
[2017.07.12-07.32.48:018][345]MaterialEditorStats: Info Vertex shader: 29 instructions
[2017.07.12-07.32.48:018][345]MaterialEditorStats: Info Texture samplers: 1/16
[2017.07.12-07.33.32:603][736]LogMaterial: Missing cached shader map for material NewMaterial, compiling. 
[2017.07.12-07.33.32:603][736]LogTemp:Display: Added material ShaderMap 0x0000018B2DA8D980 with Material 0x0000018AE57EF100 to ShaderMapsBeingCompiled
[2017.07.12-07.33.32:611][736]LogTemp:Display: Kicking off shader compilation for NewMaterial, GameThreadShaderMap 0x0000018B2DA8D980
[2017.07.12-07.33.32:611][736]LogMaterial: 0.00 seconds spent updating 1 materials, 1 interfaces, 0 instances, 0 with static permutations.
[2017.07.12-07.33.33:578][798]LogTemp:Display: Finished compile of shader map 0x0000018B2DA8D980
[2017.07.12-07.33.33:578][798]LogTemp:Display: Shader map NewMaterial complete, GameThreadShaderMap 0x0000018B2DA8D980, marking material NewMaterial as finished
[2017.07.12-07.33.33:578][798]LogTemp:Display: Marking material as finished 0x0000018AE57EF100
[2017.07.12-07.33.33:591][799]MaterialEditorStats: Info Base pass shader with only dynamic lighting: 80 instructions
[2017.07.12-07.33.33:591][799]MaterialEditorStats: Info Vertex shader: 29 instructions
[2017.07.12-07.33.33:591][799]MaterialEditorStats: Info Texture samplers: 1/16
[2017.07.12-07.33.41:503][517]LogMaterial: Missing cached shader map for material NewMaterial, compiling. 
[2017.07.12-07.33.41:504][517]LogTemp:Display: Added material ShaderMap 0x0000018B2DA1C480 with Material 0x0000018AE57EF100 to ShaderMapsBeingCompiled
[2017.07.12-07.33.41:511][517]LogTemp:Display: Kicking off shader compilation for NewMaterial, GameThreadShaderMap 0x0000018B2DA1C480
[2017.07.12-07.33.41:511][517]LogMaterial: 0.00 seconds spent updating 1 materials, 1 interfaces, 0 instances, 0 with static permutations.
[2017.07.12-07.33.41:547][517]LogMaterial: Missing cached shader map for material FMatExpressionPreview MaterialExpressionTextureSample_2, compiling. 
[2017.07.12-07.33.41:548][517]LogTemp:Display: Added material ShaderMap 0x0000018B2DA3D600 with Material 0x0000018B2A1E9C00 to ShaderMapsBeingCompiled
[2017.07.12-07.33.41:550][517]LogTemp:Display: Kicking off shader compilation for FMatExpressionPreview MaterialExpressionTextureSample_2, GameThreadShaderMap 0x0000018B2DA3D600
[2017.07.12-07.33.42:289][564]LogTemp:Display: Finished compile of shader map 0x0000018B2DA1C480
[2017.07.12-07.33.42:289][564]LogTemp:Display: Shader map NewMaterial complete, GameThreadShaderMap 0x0000018B2DA1C480, marking material NewMaterial as finished
[2017.07.12-07.33.42:289][564]LogTemp:Display: Marking material as finished 0x0000018AE57EF100
[2017.07.12-07.33.42:337][568]LogTemp:Display: Finished compile of shader map 0x0000018B2DA3D600
[2017.07.12-07.33.42:337][568]LogTemp:Display: Shader map FMatExpressionPreview MaterialExpressionTextureSample_2 complete, GameThreadShaderMap 0x0000018B2DA3D600, marking material FMatExpressionPreview MaterialExpressionTextureSample_2 as finished
[2017.07.12-07.33.42:337][568]LogTemp:Display: Marking material as finished 0x0000018B2A1E9C00
[2017.07.12-07.33.42:533][588]MaterialEditorStats: Info Base pass shader with only dynamic lighting: 80 instructions
[2017.07.12-07.33.42:533][588]MaterialEditorStats: Info Vertex shader: 29 instructions
[2017.07.12-07.33.42:533][588]MaterialEditorStats: Info Texture samplers: 1/16
[2017.07.12-07.33.44:826][807]LogMaterial: Missing cached shader map for material NewMaterial, compiling. 
[2017.07.12-07.33.44:827][807]LogTemp:Display: Added material ShaderMap 0x0000018B2D924F00 with Material 0x0000018AE57EF100 to ShaderMapsBeingCompiled
[2017.07.12-07.33.44:834][807]LogTemp:Display: Kicking off shader compilation for NewMaterial, GameThreadShaderMap 0x0000018B2D924F00
[2017.07.12-07.33.44:834][807]LogMaterial: 0.00 seconds spent updating 1 materials, 1 interfaces, 0 instances, 0 with static permutations.
[2017.07.12-07.33.44:875][807]LogMaterial: Missing cached shader map for material FMatExpressionPreview MaterialExpressionTextureSample_3, compiling. 
[2017.07.12-07.33.44:876][807]LogTemp:Display: Added material ShaderMap 0x0000018B2DA8C800 with Material 0x0000018B2C6E3100 to ShaderMapsBeingCompiled
[2017.07.12-07.33.44:879][807]LogTemp:Display: Kicking off shader compilation for FMatExpressionPreview MaterialExpressionTextureSample_3, GameThreadShaderMap 0x0000018B2DA8C800
[2017.07.12-07.33.45:642][855]LogTemp:Display: Finished compile of shader map 0x0000018B2D924F00
[2017.07.12-07.33.45:642][855]LogTemp:Display: Shader map NewMaterial complete, GameThreadShaderMap 0x0000018B2D924F00, marking material NewMaterial as finished
[2017.07.12-07.33.45:642][855]LogTemp:Display: Marking material as finished 0x0000018AE57EF100
[2017.07.12-07.33.45:697][860]LogTemp:Display: Finished compile of shader map 0x0000018B2DA8C800
[2017.07.12-07.33.45:697][860]LogTemp:Display: Shader map FMatExpressionPreview MaterialExpressionTextureSample_3 complete, GameThreadShaderMap 0x0000018B2DA8C800, marking material FMatExpressionPreview MaterialExpressionTextureSample_3 as finished
[2017.07.12-07.33.45:697][860]LogTemp:Display: Marking material as finished 0x0000018B2C6E3100
[2017.07.12-07.33.45:833][874]MaterialEditorStats: Info Base pass shader with only dynamic lighting: 80 instructions
[2017.07.12-07.33.45:833][874]MaterialEditorStats: Info Vertex shader: 29 instructions
[2017.07.12-07.33.45:833][874]MaterialEditorStats: Info Texture samplers: 1/16
[2017.07.12-07.33.47:195][  3]LogMaterial: Missing cached shader map for material NewMaterial, compiling. 
[2017.07.12-07.33.47:195][  3]LogTemp:Display: Added material ShaderMap 0x0000018B2D18EB00 with Material 0x0000018AE57EF100 to ShaderMapsBeingCompiled
[2017.07.12-07.33.47:203][  3]LogTemp:Display: Kicking off shader compilation for NewMaterial, GameThreadShaderMap 0x0000018B2D18EB00
[2017.07.12-07.33.47:203][  3]LogMaterial: 0.00 seconds spent updating 1 materials, 1 interfaces, 0 instances, 0 with static permutations.
[2017.07.12-07.33.47:955][ 50]LogTemp:Display: Finished compile of shader map 0x0000018B2D18EB00
[2017.07.12-07.33.47:955][ 50]LogTemp:Display: Shader map NewMaterial complete, GameThreadShaderMap 0x0000018B2D18EB00, marking material NewMaterial as finished
[2017.07.12-07.33.47:955][ 50]LogTemp:Display: Marking material as finished 0x0000018AE57EF100
[2017.07.12-07.33.47:977][ 52]MaterialEditorStats: Info Base pass shader with only dynamic lighting: 80 instructions
[2017.07.12-07.33.47:977][ 52]MaterialEditorStats: Info Vertex shader: 29 instructions
[2017.07.12-07.33.47:977][ 52]MaterialEditorStats: Info Texture samplers: 1/16
[2017.07.12-07.33.51:764][416]LogMaterial: Missing cached shader map for material NewMaterial, compiling. 
[2017.07.12-07.33.51:765][416]LogTemp:Display: Added material ShaderMap 0x0000018B2A597900 with Material 0x0000018AE57EF100 to ShaderMapsBeingCompiled
[2017.07.12-07.33.51:772][416]LogTemp:Display: Kicking off shader compilation for NewMaterial, GameThreadShaderMap 0x0000018B2A597900
[2017.07.12-07.33.51:772][416]LogMaterial: 0.00 seconds spent updating 1 materials, 1 interfaces, 0 instances, 0 with static permutations.
[2017.07.12-07.33.51:810][416]LogMaterial: Missing cached shader map for material FMatExpressionPreview MaterialExpressionTextureSample_5, compiling. 
[2017.07.12-07.33.51:811][416]LogTemp:Display: Added material ShaderMap 0x0000018B110A4100 with Material 0x0000018B10087100 to ShaderMapsBeingCompiled
[2017.07.12-07.33.51:814][416]LogTemp:Display: Kicking off shader compilation for FMatExpressionPreview MaterialExpressionTextureSample_5, GameThreadShaderMap 0x0000018B110A4100
[2017.07.12-07.33.52:547][461]LogTemp:Display: Finished compile of shader map 0x0000018B2A597900
[2017.07.12-07.33.52:547][461]LogTemp:Display: Shader map NewMaterial complete, GameThreadShaderMap 0x0000018B2A597900, marking material NewMaterial as finished
[2017.07.12-07.33.52:547][461]LogTemp:Display: Marking material as finished 0x0000018AE57EF100
[2017.07.12-07.33.52:581][464]LogTemp:Display: Finished compile of shader map 0x0000018B110A4100
[2017.07.12-07.33.52:581][464]LogTemp:Display: Shader map FMatExpressionPreview MaterialExpressionTextureSample_5 complete, GameThreadShaderMap 0x0000018B110A4100, marking material FMatExpressionPreview MaterialExpressionTextureSample_5 as finished
[2017.07.12-07.33.52:581][464]LogTemp:Display: Marking material as finished 0x0000018B10087100
[2017.07.12-07.33.53:133][512]LogMaterial: Missing cached shader map for material NewMaterial, compiling. 
[2017.07.12-07.33.53:133][512]LogTemp:Display: Added material ShaderMap 0x0000018B2D9ACB80 with Material 0x0000018AE57EF100 to ShaderMapsBeingCompiled
[2017.07.12-07.33.53:141][512]LogTemp:Display: Kicking off shader compilation for NewMaterial, GameThreadShaderMap 0x0000018B2D9ACB80
[2017.07.12-07.33.53:141][512]LogMaterial: 0.00 seconds spent updating 1 materials, 1 interfaces, 0 instances, 0 with static permutations.
[2017.07.12-07.33.53:220][512]LogMaterial: Missing cached shader map for material FMatExpressionPreview MaterialExpressionTextureSample_4, compiling. 
[2017.07.12-07.33.53:221][512]LogTemp:Display: Added material ShaderMap 0x0000018B2A597900 with Material 0x0000018B2D67BD00 to ShaderMapsBeingCompiled
[2017.07.12-07.33.53:223][512]LogTemp:Display: Kicking off shader compilation for FMatExpressionPreview MaterialExpressionTextureSample_4, GameThreadShaderMap 0x0000018B2A597900
[2017.07.12-07.33.53:923][556]LogTemp:Display: Finished compile of shader map 0x0000018B2D9ACB80
[2017.07.12-07.33.53:923][556]LogTemp:Display: Shader map NewMaterial complete, GameThreadShaderMap 0x0000018B2D9ACB80, marking material NewMaterial as finished
[2017.07.12-07.33.53:923][556]LogTemp:Display: Marking material as finished 0x0000018AE57EF100
[2017.07.12-07.33.53:936][557]MaterialEditorStats: Info Base pass shader with only dynamic lighting: 80 instructions
[2017.07.12-07.33.53:936][557]MaterialEditorStats: Info Vertex shader: 29 instructions
[2017.07.12-07.33.53:936][557]MaterialEditorStats: Info Texture samplers: 1/16
[2017.07.12-07.33.53:981][560]LogTemp:Display: Finished compile of shader map 0x0000018B2A597900
[2017.07.12-07.33.53:981][560]LogTemp:Display: Shader map FMatExpressionPreview MaterialExpressionTextureSample_4 complete, GameThreadShaderMap 0x0000018B2A597900, marking material FMatExpressionPreview MaterialExpressionTextureSample_4 as finished
[2017.07.12-07.33.53:981][560]LogTemp:Display: Marking material as finished 0x0000018B2D67BD00
[2017.07.12-07.33.55:246][674]LogMaterial: Missing cached shader map for material NewMaterial, compiling. 
[2017.07.12-07.33.55:247][674]LogTemp:Display: Added material ShaderMap 0x0000018B2C9EEE80 with Material 0x0000018AE57EF100 to ShaderMapsBeingCompiled
[2017.07.12-07.33.55:254][674]LogTemp:Display: Kicking off shader compilation for NewMaterial, GameThreadShaderMap 0x0000018B2C9EEE80
[2017.07.12-07.33.55:254][674]LogMaterial: 0.00 seconds spent updating 1 materials, 1 interfaces, 0 instances, 0 with static permutations.
[2017.07.12-07.33.55:926][713]LogMaterial: Missing cached shader map for material NewMaterial, compiling. 
[2017.07.12-07.33.55:927][713]LogTemp:Display: Added material ShaderMap 0x0000018B2A5B3200 with Material 0x0000018AE57EF100 to ShaderMapsBeingCompiled
[2017.07.12-07.33.55:935][713]LogTemp:Display: Kicking off shader compilation for NewMaterial, GameThreadShaderMap 0x0000018B2A5B3200
[2017.07.12-07.33.55:935][713]LogMaterial: 0.00 seconds spent updating 1 materials, 1 interfaces, 0 instances, 0 with static permutations.
[2017.07.12-07.33.56:008][714]LogTemp:Display: Finished compile of shader map 0x0000018B2C9EEE80
[2017.07.12-07.33.56:008][714]LogTemp:Display: Shader map NewMaterial complete, GameThreadShaderMap 0x0000018B2C9EEE80, marking material NewMaterial as finished
[2017.07.12-07.33.56:008][714]LogTemp:Display: Marking material as finished 0x0000018AE57EF100
[2017.07.12-07.33.56:666][759]LogTemp:Display: Finished compile of shader map 0x0000018B2A5B3200
[2017.07.12-07.33.56:666][759]LogTemp:Display: Shader map NewMaterial complete, GameThreadShaderMap 0x0000018B2A5B3200, marking material NewMaterial as finished
[2017.07.12-07.33.56:666][759]LogTemp:Display: Marking material as finished 0x0000018AE57EF100
[2017.07.12-07.33.56:703][762]MaterialEditorStats: Info Base pass shader with only dynamic lighting: 80 instructions
[2017.07.12-07.33.56:703][762]MaterialEditorStats: Info Vertex shader: 29 instructions
[2017.07.12-07.33.56:703][762]MaterialEditorStats: Info Texture samplers: 1/16
[2017.07.12-07.34.00:327][ 80]LogMaterial: Missing cached shader map for material NewMaterial, compiling. 
[2017.07.12-07.34.00:327][ 80]LogTemp:Display: Added material ShaderMap 0x0000018B2A5B0800 with Material 0x0000018AE57EF100 to ShaderMapsBeingCompiled
[2017.07.12-07.34.00:334][ 80]LogTemp:Display: Kicking off shader compilation for NewMaterial, GameThreadShaderMap 0x0000018B2A5B0800
[2017.07.12-07.34.00:335][ 80]LogMaterial: 0.00 seconds spent updating 1 materials, 1 interfaces, 0 instances, 0 with static permutations.
[2017.07.12-07.34.01:069][127]LogTemp:Display: Finished compile of shader map 0x0000018B2A5B0800
[2017.07.12-07.34.01:069][127]LogTemp:Display: Shader map NewMaterial complete, GameThreadShaderMap 0x0000018B2A5B0800, marking material NewMaterial as finished
[2017.07.12-07.34.01:069][127]LogTemp:Display: Marking material as finished 0x0000018AE57EF100
[2017.07.12-07.34.01:084][128]MaterialEditorStats: Info Base pass shader with only dynamic lighting: 80 instructions
[2017.07.12-07.34.01:084][128]MaterialEditorStats: Info Vertex shader: 29 instructions
[2017.07.12-07.34.01:084][128]MaterialEditorStats: Info Texture samplers: 1/16
[2017.07.12-07.34.03:383][330]LogMaterial: Missing cached shader map for material NewMaterial, compiling. 
[2017.07.12-07.34.03:384][330]LogTemp:Display: Added material ShaderMap 0x0000018B2DA3CB80 with Material 0x0000018AE57EF100 to ShaderMapsBeingCompiled
[2017.07.12-07.34.03:391][330]LogTemp:Display: Kicking off shader compilation for NewMaterial, GameThreadShaderMap 0x0000018B2DA3CB80
[2017.07.12-07.34.03:392][330]LogMaterial: 0.00 seconds spent updating 1 materials, 1 interfaces, 0 instances, 0 with static permutations.
[2017.07.12-07.34.04:139][377]LogTemp:Display: Finished compile of shader map 0x0000018B2DA3CB80
[2017.07.12-07.34.04:139][377]LogTemp:Display: Shader map NewMaterial complete, GameThreadShaderMap 0x0000018B2DA3CB80, marking material NewMaterial as finished
[2017.07.12-07.34.04:139][377]LogTemp:Display: Marking material as finished 0x0000018AE57EF100
[2017.07.12-07.34.04:151][378]MaterialEditorStats: Info Base pass shader with only dynamic lighting: 80 instructions
[2017.07.12-07.34.04:151][378]MaterialEditorStats: Info Vertex shader: 29 instructions
[2017.07.12-07.34.04:151][378]MaterialEditorStats: Info Texture samplers: 1/16
[2017.07.12-07.34.07:639][688]LogMaterial: Missing cached shader map for material NewMaterial, compiling. 
[2017.07.12-07.34.07:640][688]LogTemp:Display: Added material ShaderMap 0x0000018B2A5B1D00 with Material 0x0000018AE57EF100 to ShaderMapsBeingCompiled
[2017.07.12-07.34.07:647][688]LogTemp:Display: Kicking off shader compilation for NewMaterial, GameThreadShaderMap 0x0000018B2A5B1D00
[2017.07.12-07.34.07:647][688]LogMaterial: 0.00 seconds spent updating 1 materials, 1 interfaces, 0 instances, 0 with static permutations.
[2017.07.12-07.34.08:393][735]LogTemp:Display: Finished compile of shader map 0x0000018B2A5B1D00
[2017.07.12-07.34.08:393][735]LogTemp:Display: Shader map NewMaterial complete, GameThreadShaderMap 0x0000018B2A5B1D00, marking material NewMaterial as finished
[2017.07.12-07.34.08:393][735]LogTemp:Display: Marking material as finished 0x0000018AE57EF100
[2017.07.12-07.34.08:411][736]MaterialEditorStats: Info Base pass shader with only dynamic lighting: 80 instructions
[2017.07.12-07.34.08:411][736]MaterialEditorStats: Info Vertex shader: 29 instructions
[2017.07.12-07.34.08:411][736]MaterialEditorStats: Info Texture samplers: 1/16
[2017.07.12-07.34.11:085][966]LogMaterial: Missing cached shader map for material NewMaterial, compiling. 
[2017.07.12-07.34.11:085][966]LogTemp:Display: Added material ShaderMap 0x0000018B2CAA5280 with Material 0x0000018AE57EF100 to ShaderMapsBeingCompiled
[2017.07.12-07.34.11:092][966]LogTemp:Display: Kicking off shader compilation for NewMaterial, GameThreadShaderMap 0x0000018B2CAA5280
[2017.07.12-07.34.11:093][966]LogMaterial: 0.00 seconds spent updating 1 materials, 1 interfaces, 0 instances, 0 with static permutations.
[2017.07.12-07.34.11:824][ 11]LogTemp:Display: Finished compile of shader map 0x0000018B2CAA5280
[2017.07.12-07.34.11:824][ 11]LogTemp:Display: Shader map NewMaterial complete, GameThreadShaderMap 0x0000018B2CAA5280, marking material NewMaterial as finished
[2017.07.12-07.34.11:824][ 11]LogTemp:Display: Marking material as finished 0x0000018AE57EF100
[2017.07.12-07.34.11:836][ 12]MaterialEditorStats: Info Base pass shader with only dynamic lighting: 80 instructions
[2017.07.12-07.34.11:836][ 12]MaterialEditorStats: Info Vertex shader: 29 instructions
[2017.07.12-07.34.11:836][ 12]MaterialEditorStats: Info Texture samplers: 1/16
[2017.07.12-07.34.17:865][577]LogMaterial: Missing cached shader map for material NewMaterial, compiling. 
[2017.07.12-07.34.17:866][577]LogTemp:Display: Added material ShaderMap 0x0000018ADE6F0B80 with Material 0x0000018AE57EF100 to ShaderMapsBeingCompiled
[2017.07.12-07.34.17:873][577]LogTemp:Display: Kicking off shader compilation for NewMaterial, GameThreadShaderMap 0x0000018ADE6F0B80
[2017.07.12-07.34.17:873][577]LogMaterial: 0.00 seconds spent updating 1 materials, 1 interfaces, 0 instances, 0 with static permutations.
[2017.07.12-07.34.18:709][627]LogTemp:Display: Finished compile of shader map 0x0000018ADE6F0B80
[2017.07.12-07.34.18:709][627]LogTemp:Display: Shader map NewMaterial complete, GameThreadShaderMap 0x0000018ADE6F0B80, marking material NewMaterial as finished
[2017.07.12-07.34.18:709][627]LogTemp:Display: Marking material as finished 0x0000018AE57EF100
[2017.07.12-07.34.18:723][628]MaterialEditorStats: Info Base pass shader with only dynamic lighting: 95 instructions
[2017.07.12-07.34.18:723][628]MaterialEditorStats: Info Vertex shader: 31 instructions
[2017.07.12-07.34.18:723][628]MaterialEditorStats: Info Texture samplers: 7/16
[2017.07.12-07.34.29:967][617]LogMaterial: Missing cached shader map for material NewMaterial, compiling. 
[2017.07.12-07.34.29:968][617]LogTemp:Display: Added material ShaderMap 0x0000018ADE6CA080 with Material 0x0000018AE57EF100 to ShaderMapsBeingCompiled
[2017.07.12-07.34.29:975][617]LogTemp:Display: Kicking off shader compilation for NewMaterial, GameThreadShaderMap 0x0000018ADE6CA080
[2017.07.12-07.34.29:975][617]LogMaterial: 0.00 seconds spent updating 1 materials, 1 interfaces, 0 instances, 0 with static permutations.
[2017.07.12-07.34.30:820][670]LogTemp:Display: Finished compile of shader map 0x0000018ADE6CA080
[2017.07.12-07.34.30:820][670]LogTemp:Display: Shader map NewMaterial complete, GameThreadShaderMap 0x0000018ADE6CA080, marking material NewMaterial as finished
[2017.07.12-07.34.30:820][670]LogTemp:Display: Marking material as finished 0x0000018AE57EF100
[2017.07.12-07.34.30:831][671]MaterialEditorStats: Info Base pass shader with only dynamic lighting: 96 instructions
[2017.07.12-07.34.30:831][671]MaterialEditorStats: Info Vertex shader: 31 instructions
[2017.07.12-07.34.30:831][671]MaterialEditorStats: Info Texture samplers: 7/16
[2017.07.12-07.34.33:375][895]LogMaterialEditor: Applying material NewMaterial
[2017.07.12-07.34.33:908][895]LogMaterial: Missing cached shader map for material NewMaterial, compiling. 
[2017.07.12-07.34.33:908][895]LogTemp:Display: Added material ShaderMap 0x0000018ADE6F3900 with Material 0x0000018AE57EF100 to ShaderMapsBeingCompiled
[2017.07.12-07.34.33:923][895]LogTemp:Display: Kicking off shader compilation for NewMaterial, GameThreadShaderMap 0x0000018ADE6F3900
[2017.07.12-07.34.33:923][895]LogMaterial: 0.00 seconds spent updating 1 materials, 1 interfaces, 0 instances, 0 with static permutations.
[2017.07.12-07.34.33:942][895]LogMaterial: Missing cached shader map for material NewMaterial, compiling. 
[2017.07.12-07.34.33:943][895]LogTemp:Display: Added material ShaderMap 0x0000018B2D232400 with Material 0x0000018AE8EAA800 to ShaderMapsBeingCompiled
[2017.07.12-07.34.33:958][895]LogTemp:Display: Kicking off shader compilation for NewMaterial, GameThreadShaderMap 0x0000018B2D232400
[2017.07.12-07.34.33:971][895]LogMaterial: Missing cached shader map for material NewMaterial, compiling. 
[2017.07.12-07.34.33:972][895]LogTemp:Display: Added material ShaderMap 0x0000018ADE808F00 with Material 0x0000018AE8EAA800 to ShaderMapsBeingCompiled
[2017.07.12-07.34.33:988][895]LogTemp:Display: Kicking off shader compilation for NewMaterial, GameThreadShaderMap 0x0000018ADE808F00
[2017.07.12-07.34.33:994][895]LogMaterial: 0.00 seconds spent updating 1 materials, 1 interfaces, 0 instances, 0 with static permutations.
[2017.07.12-07.34.34:019][895]LogMaterial: Missing cached shader map for material FDebugViewModeMaterialProxy NewMaterial, compiling. 
[2017.07.12-07.34.34:019][895]LogTemp:Display: Added material ShaderMap 0x0000018B2E6D2B00 with Material 0x0000018B2A927A00 to ShaderMapsBeingCompiled
[2017.07.12-07.34.34:699][895]LogTemp:Display: Finished compile of shader map 0x0000018B2E6D2B00
[2017.07.12-07.34.34:699][895]LogTemp:Display: Shader map FDebugViewModeMaterialProxy NewMaterial complete, GameThreadShaderMap 0x0000018B2E6D2B00, marking material FDebugViewModeMaterialProxy NewMaterial as finished
[2017.07.12-07.34.34:699][895]LogTemp:Display: Marking material as finished 0x0000018B2A927A00
[2017.07.12-07.34.34:702][895]TextureStreamingBuild:Display: Compiling optional shaders took 0.689 seconds.
[2017.07.12-07.34.34:725][895]LogTemp:Display: Finished compile of shader map 0x0000018ADE6F3900
[2017.07.12-07.34.34:725][895]LogTemp:Display: Shader map NewMaterial complete, GameThreadShaderMap 0x0000018ADE6F3900, marking material NewMaterial as finished
[2017.07.12-07.34.34:725][895]LogTemp:Display: Marking material as finished 0x0000018AE57EF100
[2017.07.12-07.34.36:126][  1]LogTemp:Display: Finished compile of shader map 0x0000018ADE808F00
[2017.07.12-07.34.36:126][  1]LogTemp:Display: Shader map NewMaterial complete, GameThreadShaderMap 0x0000018ADE808F00, marking material NewMaterial as finished
[2017.07.12-07.34.36:126][  1]LogTemp:Display: Marking material as finished 0x0000018AE8EAA800
[2017.07.12-07.34.36:137][  2]MaterialEditorStats: Info Base pass shader with only dynamic lighting: 96 instructions
[2017.07.12-07.34.36:137][  2]MaterialEditorStats: Info Vertex shader: 31 instructions
[2017.07.12-07.34.36:137][  2]MaterialEditorStats: Info Texture samplers: 8/16
[2017.07.12-07.34.55:056][538]LogSlate: Took 0.000145 seconds to synchronously load lazily loaded font '../../../Engine/Content/Slate/Fonts/Roboto-Light.ttf' (159K)
[2017.07.12-07.34.58:016][853]LogMaterial:Warning: Material /Game/Art/Environment/Space/NewMaterial.NewMaterial needed to have new flag set bUsedWithStaticLighting !
[2017.07.12-07.34.58:024][853]LogMaterial: Missing cached shader map for material NewMaterial, compiling. 
[2017.07.12-07.34.58:024][853]LogTemp:Display: Added material ShaderMap 0x0000018AE8EDC800 with Material 0x0000018AE8EAA800 to ShaderMapsBeingCompiled
[2017.07.12-07.34.58:044][853]LogTemp:Display: Kicking off shader compilation for NewMaterial, GameThreadShaderMap 0x0000018AE8EDC800
[2017.07.12-07.34.58:045][853]LogMaterial: 0.00 seconds spent updating 1 materials, 1 interfaces, 0 instances, 0 with static permutations.
[2017.07.12-07.35.00:407][ 61]LogTemp:Display: Finished compile of shader map 0x0000018AE8EDC800
[2017.07.12-07.35.00:407][ 61]LogTemp:Display: Shader map NewMaterial complete, GameThreadShaderMap 0x0000018AE8EDC800, marking material NewMaterial as finished
[2017.07.12-07.35.00:407][ 61]LogTemp:Display: Marking material as finished 0x0000018AE8EAA800
[2017.07.12-07.35.00:435][ 64]Cmd: CAMERA ALIGN ACTIVEVIEWPORTONLY
[2017.07.12-07.35.02:907][322]LogEditorViewport: Clicking on Actor (LMB): BP_Sky_Sphere_C (SkySphereBlueprint)
[2017.07.12-07.35.14:591][414]LogWindows: Windows GetLastError: The operation completed successfully. (0)
