Log file open, 10/02/17 20:17:24
LogInit:Display: Running engine for game: Meeting
LogPlatformFile: Not using cached read wrapper
LogInit:Display: RandInit(-1794723045) SRandInit(-1794723045).
LogTaskGraph: Started task graph with 5 named threads and 8 total threads with 1 sets of task threads.
LogStats: Stats thread started at 0.091164
LogInit: Using libcurl 7.47.1
LogInit:  - built for x86_64-pc-win32
LogInit:  - supports SSL with OpenSSL/1.0.2g
LogInit:  - supports HTTP deflate (compression) using libz 1.2.8
LogInit:  - other features:
LogInit:      CURL_VERSION_SSL
LogInit:      CURL_VERSION_LIBZ
LogInit:      CURL_VERSION_IPV6
LogInit:      CURL_VERSION_ASYNCHDNS
LogInit:      CURL_VERSION_LARGEFILE
LogInit:      CURL_VERSION_IDN
LogInit:  CurlRequestOptions (configurable via config and command line):
LogInit:  - bVerifyPeer = false  - Libcurl will NOT verify peer certificate
LogInit:  - bUseHttpProxy = false  - Libcurl will NOT use HTTP proxy
LogInit:  - bDontReuseConnections = false  - Libcurl will reuse connections
LogInit:  - CertBundlePath = nullptr  - Libcurl will use whatever was configured at build time.
LogInit: Build: ++UE4+Release-4.15-CL-3450819
LogInit: Engine Version: 4.15.3-3450819+++UE4+Release-4.15
LogInit: Compatible Engine Version: 4.15.0-3299760+++UE4+Release-4.15
LogInit: Net CL: 3299760
LogDevObjectVersion: Number of dev versions registered: 14
LogDevObjectVersion:   Dev-Blueprints (B0D832E4-1F89-4F0D-ACCF-7EB736FD4AA2): 8
LogDevObjectVersion:   Dev-Build (E1C64328-A22C-4D53-A36C-8E866417BD8C): 0
LogDevObjectVersion:   Dev-Core (375EC13C-06E4-48FB-B500-84F0262A717E): 2
LogDevObjectVersion:   Dev-Editor (E4B068ED-F494-42E9-A231-DA0B2E46BB41): 14
LogDevObjectVersion:   Dev-Framework (CFFC743F-43B0-4480-9391-14DF171D2073): 22
LogDevObjectVersion:   Dev-Mobile (B02B49B5-BB20-44E9-A304-32B752E40360): 0
LogDevObjectVersion:   Dev-Networking (A4E4105C-59A1-49B5-A7C5-40C4547EDFEE): 0
LogDevObjectVersion:   Dev-Online (39C831C9-5AE6-47DC-9A44-9C173E1C8E7C): 0
LogDevObjectVersion:   Dev-Physics (78F01B33-EBEA-4F98-B9B4-84EACCB95AA2): 0
LogDevObjectVersion:   Dev-Platform (6631380F-2D4D-43E0-8009-CF276956A95A): 0
LogDevObjectVersion:   Dev-Rendering (12F88B9F-8875-4AFC-A67C-D90C383ABD29): 12
LogDevObjectVersion:   Dev-Sequencer (7B5AE74C-D270-4C10-A958-57980B212A5A): 3
LogDevObjectVersion:   Dev-VR (D7296918-1DD6-4BDD-9DE2-64A83CC13884): 0
LogDevObjectVersion:   Dev-LoadTimes (C2A15278-BFE7-4AFE-6C17-90FF531DF755): 1
LogInit: Compiled (64-bit): May 21 2017 11:02:34
LogInit: Compiled with Visual C++: 19.00.23026.00
LogInit: Build Configuration: Development
LogInit: Branch Name: ++UE4+Release-4.15
LogInit: Command line:  
LogInit: Base directory: C:/Program Files/Epic Games/UE_4.15/Engine/Binaries/Win64/
LogInit: Installed Engine Build: 1
LogInit: Presizing for max 8388607 objects, including 0 objects not considered by GC, pre-allocating 0 bytes for permanent pool.
LogInit: Object subsystem initialized
[2017.10.02-12.17.25:493][  0]LogInit: Selected Device Profile: [Windows]
[2017.10.02-12.17.25:493][  0]LogInit: Applying CVar settings loaded from the selected device profile: [Windows]
[2017.10.02-12.17.25:562][  0]LogInit: Computer: MSI
[2017.10.02-12.17.25:562][  0]LogInit: User: chong
[2017.10.02-12.17.25:562][  0]LogInit: CPU Page size=65536, Cores=4
[2017.10.02-12.17.25:562][  0]LogInit: High frequency timer resolution =2.531252 MHz
[2017.10.02-12.17.25:562][  0]LogMemory: Memory total: Physical=11.9GB (12GB approx)
[2017.10.02-12.17.25:562][  0]LogMemory: Platform Memory Stats for Windows
[2017.10.02-12.17.25:562][  0]LogMemory: Process Physical Memory: 271.18 MB used, 271.18 MB peak
[2017.10.02-12.17.25:562][  0]LogMemory: Process Virtual Memory: 278.38 MB used, 278.38 MB peak
[2017.10.02-12.17.25:562][  0]LogMemory: Physical Memory: 5476.16 MB used,  6722.43 MB free, 12198.60 MB total
[2017.10.02-12.17.25:562][  0]LogMemory: Virtual Memory: 661.12 MB used,  6722.43 MB free, 134217728.00 MB total
[2017.10.02-12.17.26:309][  0]LogTextLocalizationManager: No specific translations for ('en-MY') exist, so ('en') translations will be used.
[2017.10.02-12.17.32:806][  0]LogD3D11RHI: D3D11 adapters:
[2017.10.02-12.17.33:516][  0]LogD3D11RHI:    0. 'NVIDIA GeForce GTX 960M' (Feature Level 11_0)
[2017.10.02-12.17.33:516][  0]LogD3D11RHI:       2019/0/6099 MB DedicatedVideo/DedicatedSystem/SharedSystem, Outputs:1, VendorId:0x10de
[2017.10.02-12.17.33:525][  0]LogD3D11RHI:    1. 'Intel(R) HD Graphics 530' (Feature Level 11_0)
[2017.10.02-12.17.33:525][  0]LogD3D11RHI:       128/0/6099 MB DedicatedVideo/DedicatedSystem/SharedSystem, Outputs:0, VendorId:0x8086
[2017.10.02-12.17.33:527][  0]LogD3D11RHI:    2. 'Microsoft Basic Render Driver' (Feature Level 11_0)
[2017.10.02-12.17.33:527][  0]LogD3D11RHI:       0/0/6099 MB DedicatedVideo/DedicatedSystem/SharedSystem, Outputs:0, VendorId:0x1414
[2017.10.02-12.17.33:527][  0]LogD3D11RHI: Chosen D3D11 Adapter: 0
[2017.10.02-12.17.33:538][  0]LogD3D11RHI: Creating new Direct3DDevice
[2017.10.02-12.17.33:538][  0]LogD3D11RHI:     GPU DeviceId: 0x139b (for the marketing name, search the web for "GPU Device Id")
[2017.10.02-12.17.33:538][  0]LogWindows: EnumDisplayDevices:
[2017.10.02-12.17.33:539][  0]LogWindows:    0. 'Intel(R) HD Graphics 530' (P:1 D:1)
[2017.10.02-12.17.33:540][  0]LogWindows:    1. 'Intel(R) HD Graphics 530' (P:0 D:0)
[2017.10.02-12.17.33:540][  0]LogWindows:    2. 'Intel(R) HD Graphics 530' (P:0 D:0)
[2017.10.02-12.17.33:540][  0]LogWindows: DebugString: PrimaryIsNotTheChoosenAdapter PrimaryIsNotTheChoosenAdapter PrimaryIsNotTheChoosenAdapter FoundDriverCount:0 
[2017.10.02-12.17.33:540][  0]LogD3D11RHI:     Adapter Name: NVIDIA GeForce GTX 960M
[2017.10.02-12.17.33:540][  0]LogD3D11RHI:   Driver Version: Unknown (internal:Unknown, unified:Unknown)
[2017.10.02-12.17.33:540][  0]LogD3D11RHI:      Driver Date: Unknown
[2017.10.02-12.17.33:540][  0]LogRHI: Texture pool is 1361 MB (70% of 1945 MB)
[2017.10.02-12.17.34:246][  0]LogD3D11RHI: Async texture creation enabled
[2017.10.02-12.17.34:302][  0]LogD3D11RHI: GPU Timing Frequency: 1000.000000 (Debug: 2 1)
[2017.10.02-12.17.34:302][  0]LogShaderCompilers: Guid format shader working directory is -33 characters bigger than the processId version (../../../../../../Users/chong/OneDrive/Documents/GitHub/FYP_DumbTesting/Meeting/Intermediate/Shaders/WorkingDirectory/9988/).
[2017.10.02-12.17.34:302][  0]LogShaderCompilers: Cleaned the shader compiler working directory 'C:/Users/chong/AppData/Local/Temp/UnrealShaderWorkingDir/CF194C2E4D82888CDC82BBBDB79ECE6A/'.
[2017.10.02-12.17.34:302][  0]LogShaderCompilers:Display: Using Local Shader Compiler.
[2017.10.02-12.17.37:195][  0]LogTemp:Display: Loaded TP AllDesktopTargetPlatform
[2017.10.02-12.17.37:253][  0]LogTemp:Display: Loaded TP MacClientTargetPlatform
[2017.10.02-12.17.37:313][  0]LogTemp:Display: Loaded TP MacNoEditorTargetPlatform
[2017.10.02-12.17.37:373][  0]LogTemp:Display: Loaded TP MacServerTargetPlatform
[2017.10.02-12.17.37:481][  0]LogTemp:Display: Loaded TP MacTargetPlatform
[2017.10.02-12.17.37:545][  0]LogTemp:Display: Loaded TP WindowsClientTargetPlatform
[2017.10.02-12.17.37:606][  0]LogTemp:Display: Loaded TP WindowsNoEditorTargetPlatform
[2017.10.02-12.17.37:666][  0]LogTemp:Display: Loaded TP WindowsServerTargetPlatform
[2017.10.02-12.17.37:714][  0]LogTemp:Display: Loaded TP WindowsTargetPlatform
[2017.10.02-12.17.37:785][  0]LogTemp:Display: Loaded TP AndroidTargetPlatform
[2017.10.02-12.17.37:842][  0]LogTemp:Display: Loaded TP Android_ASTCTargetPlatform
[2017.10.02-12.17.37:898][  0]LogTemp:Display: Loaded TP Android_ATCTargetPlatform
[2017.10.02-12.17.37:955][  0]LogTemp:Display: Loaded TP Android_DXTTargetPlatform
[2017.10.02-12.17.38:016][  0]LogTemp:Display: Loaded TP Android_ETC1TargetPlatform
[2017.10.02-12.17.38:076][  0]LogTemp:Display: Loaded TP Android_ETC2TargetPlatform
[2017.10.02-12.17.38:191][  0]LogTemp:Display: Loaded TP Android_MultiTargetPlatform
[2017.10.02-12.17.38:191][  0]LogTemp:Display: Loaded TP Android_PVRTCTargetPlatform
[2017.10.02-12.17.38:229][  0]LogTemp:Display: Loaded TP HTML5TargetPlatform
[2017.10.02-12.17.38:383][  0]LogTemp:Display: Loaded TP IOSTargetPlatform
[2017.10.02-12.17.38:420][  0]LogTemp:Display: Loaded TP TVOSTargetPlatform
[2017.10.02-12.17.38:479][  0]LogTemp:Display: Loaded TP LinuxClientTargetPlatform
[2017.10.02-12.17.38:543][  0]LogTemp:Display: Loaded TP LinuxNoEditorTargetPlatform
[2017.10.02-12.17.38:600][  0]LogTemp:Display: Loaded TP LinuxServerTargetPlatform
[2017.10.02-12.17.38:661][  0]LogTemp:Display: Loaded TP LinuxTargetPlatform
[2017.10.02-12.17.38:661][  0]LogTargetPlatformManager:Display: Building Assets For Windows
[2017.10.02-12.17.39:234][  0]LogDerivedDataCache:Display: Max Cache Size: 512 MB
[2017.10.02-12.17.39:744][  0]LogDerivedDataCache: Loaded boot cache 0.51s 50MB C:/Users/chong/AppData/Local/UnrealEngine/4.15/DerivedDataCache/Boot.ddc.
[2017.10.02-12.17.39:744][  0]LogDerivedDataCache:Display: Loaded Boot cache: C:/Users/chong/AppData/Local/UnrealEngine/4.15/DerivedDataCache/Boot.ddc
[2017.10.02-12.17.39:744][  0]LogDerivedDataCache: FDerivedDataBackendGraph:  Pak pak cache file ../../../../../../Users/chong/OneDrive/Documents/GitHub/FYP_DumbTesting/Meeting/DerivedDataCache/DDC.ddp not found, will not use a pak cache.
[2017.10.02-12.17.39:744][  0]LogDerivedDataCache: Unable to find inner node Pak for hierarchical cache Hierarchy.
[2017.10.02-12.17.39:744][  0]LogDerivedDataCache: FDerivedDataBackendGraph:  CompressedPak pak cache file ../../../../../../Users/chong/OneDrive/Documents/GitHub/FYP_DumbTesting/Meeting/DerivedDataCache/Compressed.ddp not found, will not use a pak cache.
[2017.10.02-12.17.39:744][  0]LogDerivedDataCache: Unable to find inner node CompressedPak for hierarchical cache Hierarchy.
[2017.10.02-12.17.39:776][  0]LogDerivedDataCache:Display: Pak cache opened for reading ../../../Engine/DerivedDataCache/Compressed.ddp.
[2017.10.02-12.17.39:788][  0]LogDerivedDataCache: Using Local data cache path C:/Users/chong/AppData/Local/UnrealEngine/Common/DerivedDataCache: Writable
[2017.10.02-12.17.39:797][  0]LogSlate: Using Freetype 2.6.0
[2017.10.02-12.17.39:824][  0]LogSlate: SlateFontCache - WITH_FREETYPE: 1, WITH_HARFBUZZ: 1
[2017.10.02-12.17.39:824][  0]LogSlate: SlateFontCache - WITH_FREETYPE: 1, WITH_HARFBUZZ: 1
[2017.10.02-12.17.44:424][  0]LogInit: Selected Device Profile: [Windows]
[2017.10.02-12.17.44:426][  0]LogContentStreaming: Texture pool size is 0.00 MB
[2017.10.02-12.17.44:643][  0]LogMeshUtilities: Using QuadricMeshReduction for automatic static mesh reduction
[2017.10.02-12.17.44:702][  0]LogSimplygon: Simplygon DLL not present - disabling.
[2017.10.02-12.17.44:757][  0]LogMeshUtilities: Using SimplygonSwarm for distributed automatic mesh merging
[2017.10.02-12.17.44:757][  0]LogMeshUtilities: No automatic skeletal mesh reduction module available
[2017.10.02-12.17.44:757][  0]LogMeshUtilities: No automatic mesh merging module available
[2017.10.02-12.17.45:511][  0]LogNetVersion: GetLocalNetworkVersion: CL: 3299760, ProjectName: meeting, ProjectVersion: , EngineNetworkVersion: 2, GameNetworkVersion: 0, NetworkChecksum: 116300604
[2017.10.02-12.17.45:560][  0]LogAssetRegistry: FAssetRegistry took 0.0222 seconds to start up
[2017.10.02-12.17.45:615][  0]LogPackageLocalizationCache: Processed 3 localized package path(s) for 2 prioritized culture(s) in 0.033577 seconds
[2017.10.02-12.17.45:621][  0]LogUObjectArray: 32493 objects as part of root set at end of initial load.
[2017.10.02-12.17.45:621][  0]LogUObjectAllocator: 7077024 out of 0 bytes used by permanent object pool.
[2017.10.02-12.17.45:621][  0]LogUObjectArray: CloseDisregardForGC: 0/0 objects in disregard for GC pool
[2017.10.02-12.17.45:687][  0]LogInit: WinSock: version 1.1 (2.2), MaxSocks=32767, MaxUdp=65467
[2017.10.02-12.18.20:168][  0]LogTcpMessaging: Initializing TcpMessaging bridge
[2017.10.02-12.18.20:211][  0]LogUdpMessaging: Initializing bridge on interface 0.0.0.0:0 to multicast group 230.0.0.1:6666.
[2017.10.02-12.18.21:500][  0]LogMaterial: Uniform references updated for custom material expression Custom.
[2017.10.02-12.18.21:939][  0]SourceControl: Info Source control is disabled
[2017.10.02-12.18.21:940][  0]SourceControl: Info Source control is disabled
[2017.10.02-12.18.21:992][  0]SourceControl: Info Source control is disabled
[2017.10.02-12.18.22:043][  0]SourceControl: Info Source control is disabled
[2017.10.02-12.18.23:966][  0]LogEngine: Initializing Engine...
[2017.10.02-12.18.23:967][  0]LogHMD: Failed to initialize OpenVR with code 110
[2017.10.02-12.18.24:095][  0]LogStats: UGameplayTagsManager::ConstructGameplayTagTree: Construct from data asset -  0.000 s
[2017.10.02-12.18.24:095][  0]LogStats: UGameplayTagsManager::ConstructGameplayTagTree: GameplayTagTreeChangedEvent.Broadcast -  0.000 s
[2017.10.02-12.18.24:226][  0]LogAIModule: Creating AISystem for world Untitled
[2017.10.02-12.18.24:239][  0]LogInit: XAudio2 using 'Speakers (Realtek High Definition Audio)' : 8 channels at 48 kHz using 32 bits per sample (channel mask 0x63f)
[2017.10.02-12.18.24:294][  0]LogInit: FAudioDevice initialized.
[2017.10.02-12.18.24:326][  0]LogDerivedDataCache: Saved boot cache 0.03s 50MB C:/Users/chong/AppData/Local/UnrealEngine/4.15/DerivedDataCache/Boot.ddc.
[2017.10.02-12.18.24:467][  0]LogInit: Texture streaming: Enabled
[2017.10.02-12.18.24:563][  0]LogEngineSessionManager: EngineSessionManager initialized
[2017.10.02-12.18.24:660][  0]LogInit: Transaction tracking system initialized
[2017.10.02-12.18.25:026][  0]BlueprintLog: New page: Editor Load
[2017.10.02-12.18.25:965][  0]LocalizationService: Info Localization service is disabled
[2017.10.02-12.18.27:044][  0]LogConsoleResponse:Display: 
[2017.10.02-12.18.27:792][  0]LogCook:Display: Max memory allowance for cook 16384mb min free memory 0mb
[2017.10.02-12.18.27:792][  0]LogCook:Display: Mobile HDR setting 1
[2017.10.02-12.18.27:950][  0]LogFileCache: Scanning file cache for directory 'C:/Users/chong/OneDrive/Documents/GitHub/FYP_DumbTesting/Meeting/Content/' took 0.03s
[2017.10.02-12.18.29:790][  0]SourceControl: Info Source control is disabled
[2017.10.02-12.18.29:790][  0]Cmd: MAP LOAD FILE="../../../../../../Users/chong/OneDrive/Documents/GitHub/FYP_DumbTesting/Meeting/Content/ThirdPersonBP/Maps/MockUp_Map.umap" TEMPLATE=0 SHOWPROGRESS=1 FEATURELEVEL=3
[2017.10.02-12.18.29:791][  0]LightingResults: New page: Lighting Build
[2017.10.02-12.18.29:832][  0]MapCheck: New page: Map Check
[2017.10.02-12.18.29:832][  0]LightingResults: New page: Lighting Build
[2017.10.02-12.18.31:119][  0]LogProperty:Error: UStructProperty::Serialize Loading: Property 'StructProperty /Game/Tech/InteractionSystem/BPI_Interactable.BPI_Interactable_C:UseItem.itemInfo'. Unknown structure.
[2017.10.02-12.18.31:119][  0]LogProperty:Error: UStructProperty::Serialize Loading: Property 'StructProperty /Game/Tech/InteractionSystem/BPI_Interactable.BPI_Interactable_C:PickUp.itemInfo'. Unknown structure.
[2017.10.02-12.18.33:336][  0]LogBlueprint:Error: [Compiler UI_InventoryItem] Error COMPILER ERROR: failed building connection with 'Only exactly matching structures are considered compatible.' at  Use Item
Using Interface BPI_Interactable_C
[2017.10.02-12.18.33:342][  0]LogBlueprint:Warning: [Compiler UI_InventoryItem] Warning [0072.08] Compile of UI_InventoryItem failed. 1 Fatal Issue(s) 0 Warning(s) [in 37 ms] (/Game/Tech/InteractionSystem/Inventory/UI_InventoryItem.UI_InventoryItem)
[2017.10.02-12.18.33:342][  0]LogBlueprint:Warning: [Compiler UI_InventoryItem] Warning [0072.08] Compile of UI_InventoryItem failed. 1 Fatal Issue(s) 1 Warning(s) [in 0 ms] (/Game/Tech/InteractionSystem/Inventory/UI_InventoryItem.UI_InventoryItem)
[2017.10.02-12.18.33:342][  0]LogBlueprint:Warning: [Compiler UI_InventoryItem] Warning [0072.08] Compile of UI_InventoryItem failed. 1 Fatal Issue(s) 2 Warning(s) [in 0 ms] (/Game/Tech/InteractionSystem/Inventory/UI_InventoryItem.UI_InventoryItem)
[2017.10.02-12.18.38:600][  0]LogBlueprint:Warning: [Compiler ThirdPersonCharacter] Warning InputAction Event references unknown Action 'ResetVR' for  InputAction ResetVR
[2017.10.02-12.18.38:600][  0]LogBlueprint:Warning: [Compiler ThirdPersonCharacter] Warning Input Axis Event references unknown Axis 'LookUpRate' for  InputAxis LookUpRate
[2017.10.02-12.18.38:600][  0]LogBlueprint:Warning: [Compiler ThirdPersonCharacter] Warning Input Axis Event references unknown Axis 'TurnRate' for  InputAxis TurnRate
[2017.10.02-12.18.38:600][  0]LogBlueprint:Warning: [Compiler ThirdPersonCharacter] Warning InputAction Event references unknown Action 'Jump' for  InputAction Jump
[2017.10.02-12.18.38:600][  0]LogBlueprint:Warning: [Compiler ThirdPersonCharacter] Warning Input Axis Event references unknown Axis 'LookUp' for  InputAxis LookUp
[2017.10.02-12.18.38:601][  0]LogBlueprint:Warning: [Compiler ThirdPersonCharacter] Warning Input Axis Event references unknown Axis 'Turn' for  InputAxis Turn
[2017.10.02-12.18.38:604][  0]LogBlueprint:Warning: [Compiler ThirdPersonCharacter] Warning [0077.34] Compile of ThirdPersonCharacter successful, but with 6 Warning(s) [in 9 ms] (/Game/ThirdPersonBP/Blueprints/ThirdPersonCharacter.ThirdPersonCharacter)
[2017.10.02-12.18.38:604][  0]LogBlueprint:Warning: [Compiler ThirdPersonCharacter] Warning [0077.34] Compile of ThirdPersonCharacter successful, but with 7 Warning(s) [in 0 ms] (/Game/ThirdPersonBP/Blueprints/ThirdPersonCharacter.ThirdPersonCharacter)
[2017.10.02-12.18.38:604][  0]LogBlueprint:Warning: [Compiler ThirdPersonCharacter] Warning [0077.34] Compile of ThirdPersonCharacter successful, but with 8 Warning(s) [in 0 ms] (/Game/ThirdPersonBP/Blueprints/ThirdPersonCharacter.ThirdPersonCharacter)
[2017.10.02-12.18.38:610][  0]LogBlueprint:Warning: [Compiler ThirdPersonCharacter] Warning InputAction Event references unknown Action 'ResetVR' for  InputAction ResetVR
[2017.10.02-12.18.38:610][  0]LogBlueprint:Warning: [Compiler ThirdPersonCharacter] Warning Input Axis Event references unknown Axis 'LookUpRate' for  InputAxis LookUpRate
[2017.10.02-12.18.38:610][  0]LogBlueprint:Warning: [Compiler ThirdPersonCharacter] Warning Input Axis Event references unknown Axis 'TurnRate' for  InputAxis TurnRate
[2017.10.02-12.18.38:610][  0]LogBlueprint:Warning: [Compiler ThirdPersonCharacter] Warning InputAction Event references unknown Action 'Jump' for  InputAction Jump
[2017.10.02-12.18.38:610][  0]LogBlueprint:Warning: [Compiler ThirdPersonCharacter] Warning Input Axis Event references unknown Axis 'LookUp' for  InputAxis LookUp
[2017.10.02-12.18.38:611][  0]LogBlueprint:Warning: [Compiler ThirdPersonCharacter] Warning Input Axis Event references unknown Axis 'Turn' for  InputAxis Turn
[2017.10.02-12.18.38:614][  0]LogBlueprint:Warning: [Compiler ThirdPersonCharacter] Warning [0077.35] Compile of ThirdPersonCharacter successful, but with 6 Warning(s) [in 8 ms] (/Game/ThirdPersonBP/Blueprints/ThirdPersonCharacter.ThirdPersonCharacter)
[2017.10.02-12.18.38:615][  0]LogBlueprint:Warning: [Compiler ThirdPersonCharacter] Warning [0077.35] Compile of ThirdPersonCharacter successful, but with 7 Warning(s) [in 0 ms] (/Game/ThirdPersonBP/Blueprints/ThirdPersonCharacter.ThirdPersonCharacter)
[2017.10.02-12.18.38:615][  0]LogBlueprint:Warning: [Compiler ThirdPersonCharacter] Warning [0077.35] Compile of ThirdPersonCharacter successful, but with 8 Warning(s) [in 0 ms] (/Game/ThirdPersonBP/Blueprints/ThirdPersonCharacter.ThirdPersonCharacter)
[2017.10.02-12.18.38:619][  0]LogLinker:Warning: Can't find file '/Game/ThirdPersonBP/Maps/MockUp_Map_BuiltData'
[2017.10.02-12.18.38:630][  0]LogLinker:Warning: Can't find file for asset '/Game/ThirdPersonBP/Maps/MockUp_Map_BuiltData' while loading ../../../../../../Users/chong/OneDrive/Documents/GitHub/FYP_DumbTesting/Meeting/Content/ThirdPersonBP/Maps/MockUp_Map.umap.
[2017.10.02-12.18.38:630][  0]LoadErrors:Error: Error /Game/ThirdPersonBP/Maps/MockUp_Map : Can't find file for asset. /Game/ThirdPersonBP/Maps/MockUp_Map_BuiltData
[2017.10.02-12.18.48:608][  0]LogLinker:Warning: Can't find file '/Game/ThirdPersonBP/Maps/MockUp_Map_BuiltData'
[2017.10.02-12.18.48:608][  0]LogLinker:Warning: Can't find file for asset '/Game/ThirdPersonBP/Maps/MockUp_Map_BuiltData' while loading ../../../../../../Users/chong/OneDrive/Documents/GitHub/FYP_DumbTesting/Meeting/Content/ThirdPersonBP/Maps/MockUp_Map.umap.
[2017.10.02-12.18.48:608][  0]LoadErrors:Error: Error /Game/ThirdPersonBP/Maps/MockUp_Map : Can't find file for asset. /Game/ThirdPersonBP/Maps/MockUp_Map_BuiltData
[2017.10.02-12.18.48:630][  0]LogLinker:Warning: Can't find file '/Game/ThirdPersonBP/Maps/MockUp_Map_BuiltData'
[2017.10.02-12.18.48:630][  0]LogLinker:Warning: Can't find file for asset '/Game/ThirdPersonBP/Maps/MockUp_Map_BuiltData' while loading NULL.
[2017.10.02-12.18.48:630][  0]LogLinker:Warning: Can't find file '/Game/ThirdPersonBP/Maps/MockUp_Map_BuiltData'
[2017.10.02-12.18.48:630][  0]LogLinker:Warning: Can't find file for asset '/Game/ThirdPersonBP/Maps/MockUp_Map_BuiltData' while loading NULL.
[2017.10.02-12.18.49:572][  0]LogLinker:Warning: Can't find file '/Game/ThirdPersonBP/Maps/MockUp_Map_BuiltData'
[2017.10.02-12.18.49:572][  0]LoadErrors: Info Failed to load /Game/ThirdPersonBP/Maps/MockUp_Map_BuiltData.MockUp_Map_BuiltData Referenced by PersistentLevel
[2017.10.02-12.18.49:572][  0]LogLinker:Warning: Can't find file for asset '/Game/ThirdPersonBP/Maps/MockUp_Map_BuiltData' while loading NULL.
[2017.10.02-12.18.49:572][  0]LoadErrors: Info Failed to load /Game/ThirdPersonBP/Maps/MockUp_Map_BuiltData.MockUp_Map_BuiltData Referenced by PersistentLevel
[2017.10.02-12.18.58:154][  0]LogTexture:Display: Building textures: T_Gradient (AutoDXT, 512X512) - 45 MB total VRAM
[2017.10.02-12.18.58:476][  0]LogMaterial: Missing cached shader map for material M_AimSight, compiling. 
[2017.10.02-12.18.59:101][  0]LogTemp:Display: Added material ShaderMap 0x000001D0FD2EF580 with Material 0x000001D0C839A200 to ShaderMapsBeingCompiled
[2017.10.02-12.18.59:391][  0]LogTemp:Display: Kicking off shader compilation for M_AimSight, GameThreadShaderMap 0x000001D0FD2EF580
[2017.10.02-12.19.03:918][  0]LogTexture:Display: Building textures: testlp_1001_OcclusionRoughnessMetallic (AutoDXT, 2048X2048) - 79 MB total VRAM
[2017.10.02-12.19.11:292][  0]LogTexture:Display: Building textures: testlp_1001_Normal (BC5, 2048X2048) - 79 MB total VRAM
[2017.10.02-12.19.12:673][  0]LogTexture:Display: Building textures: testlp_1001_Emissive (AutoDXT, 2048X2048) - 79 MB total VRAM
[2017.10.02-12.19.13:223][  0]LogTexture:Display: Building textures: testlp_1001_BaseColor (AutoDXT, 2048X2048) - 79 MB total VRAM
[2017.10.02-12.19.20:064][  0]LogMaterial: Missing cached shader map for material M_YeejinDoor1Blue, compiling. 
[2017.10.02-12.19.20:651][  0]LogTemp:Display: Added material ShaderMap 0x000001D0D9703580 with Material 0x000001D0C8BC5480 to ShaderMapsBeingCompiled
[2017.10.02-12.19.22:315][  0]LogTemp:Display: Kicking off shader compilation for M_YeejinDoor1Blue, GameThreadShaderMap 0x000001D0D9703580
[2017.10.02-12.19.38:782][  0]LogStaticMesh: Building static mesh Door_Frame...
[2017.10.02-12.19.38:940][  0]LogStaticMesh: Built static mesh [0.19s] /Game/Art/Environment/Door/Door_Mesh/Door_Frame.Door_Frame
[2017.10.02-12.19.38:997][  0]LogStaticMesh: Building static mesh Door_LeftRight_2...
[2017.10.02-12.19.39:005][  0]LogStaticMesh: Built static mesh [0.01s] /Game/Art/Environment/Door/Door_Mesh/Door_LeftRight_2.Door_LeftRight_2
[2017.10.02-12.19.42:709][  0]LogTexture:Display: Building textures: Apple (BGRA8, 515X576) - 417 MB total VRAM
[2017.10.02-12.19.42:823][  0]LogMaterial: Missing cached shader map for material M_YeejinDoorRed, compiling. 
[2017.10.02-12.19.42:824][  0]LogTemp:Display: Added material ShaderMap 0x000001D0A2FA8B80 with Material 0x000001D0E35C4580 to ShaderMapsBeingCompiled
[2017.10.02-12.19.42:863][  0]LogTemp:Display: Kicking off shader compilation for M_YeejinDoorRed, GameThreadShaderMap 0x000001D0A2FA8B80
[2017.10.02-12.19.43:058][  0]LogTexture:Display: Building textures: doorpart2LP_1001_OcclusionRoughnessMetallic (AutoDXT, 2048X2048) - 418 MB total VRAM
[2017.10.02-12.19.45:823][  0]LogTexture:Display: Building textures: doorpart2LP_1001_Normal (BC5, 2048X2048) - 418 MB total VRAM
[2017.10.02-12.19.46:596][  0]LogTexture:Display: Building textures: doorpart2LP_1001_BaseColor (AutoDXT, 2048X2048) - 418 MB total VRAM
[2017.10.02-12.19.50:748][  0]LogTexture:Display: Building textures: doorleftright2LPLP_1001_OcclusionRoughnessMetallic (AutoDXT, 2048X2048) - 847 MB total VRAM
[2017.10.02-12.19.52:225][  0]LogTexture:Display: Building textures: doorleftright2LPLP_1001_Normal (BC5, 2048X2048) - 847 MB total VRAM
[2017.10.02-12.19.52:754][  0]LogTexture:Display: Building textures: doorleftright2LPLP_1001_BaseColor (AutoDXT, 2048X2048) - 847 MB total VRAM
[2017.10.02-12.19.53:779][  0]LogMaterial: Missing cached shader map for material M_YeejinDoor_LeftRight_2, compiling. 
[2017.10.02-12.19.53:780][  0]LogTemp:Display: Added material ShaderMap 0x000001D0A2E4BC80 with Material 0x000001D0E59A5480 to ShaderMapsBeingCompiled
[2017.10.02-12.19.53:813][  0]LogTemp:Display: Kicking off shader compilation for M_YeejinDoor_LeftRight_2, GameThreadShaderMap 0x000001D0A2E4BC80
[2017.10.02-12.19.56:601][  0]LogAIModule: Creating AISystem for world MockUp_Map
[2017.10.02-12.19.56:656][  0]LogTemp:Display: Finished compile of shader map 0x000001D0FD2EF580
[2017.10.02-12.19.56:656][  0]LogTemp:Display: Shader map M_AimSight complete, GameThreadShaderMap 0x000001D0FD2EF580, marking material M_AimSight as finished
[2017.10.02-12.19.56:656][  0]LogTemp:Display: Marking material as finished 0x000001D0C839A200
[2017.10.02-12.19.56:673][  0]LogTemp:Display: Finished compile of shader map 0x000001D0D9703580
[2017.10.02-12.19.56:673][  0]LogTemp:Display: Shader map M_YeejinDoor1Blue complete, GameThreadShaderMap 0x000001D0D9703580, marking material M_YeejinDoor1Blue as finished
[2017.10.02-12.19.56:673][  0]LogTemp:Display: Marking material as finished 0x000001D0C8BC5480
[2017.10.02-12.19.56:691][  0]LogTemp:Display: Finished compile of shader map 0x000001D0A2FA8B80
[2017.10.02-12.19.56:691][  0]LogTemp:Display: Shader map M_YeejinDoorRed complete, GameThreadShaderMap 0x000001D0A2FA8B80, marking material M_YeejinDoorRed as finished
[2017.10.02-12.19.56:691][  0]LogTemp:Display: Marking material as finished 0x000001D0E35C4580
[2017.10.02-12.19.56:699][  0]LogTemp:Display: Finished compile of shader map 0x000001D0A2E4BC80
[2017.10.02-12.19.56:699][  0]LogTemp:Display: Shader map M_YeejinDoor_LeftRight_2 complete, GameThreadShaderMap 0x000001D0A2E4BC80, marking material M_YeejinDoor_LeftRight_2 as finished
[2017.10.02-12.19.56:699][  0]LogTemp:Display: Marking material as finished 0x000001D0E59A5480
[2017.10.02-12.19.57:099][  0]LogEditorServer: Finished looking for orphan Actors (0.000 secs)
[2017.10.02-12.19.57:110][  0]Cmd: MAP CHECKDEP NOCLEARLOG
[2017.10.02-12.19.57:255][  0]MapCheck: Info Map check complete: 0 Error(s), 0 Warning(s), took 144.565ms to complete.
[2017.10.02-12.19.57:255][  0]LogFileHelpers: Loading map 'MockUp_Map' took 87.465
[2017.10.02-12.19.57:564][  0]LogCollectionManager: Loaded 0 collections in 0.002129 seconds
[2017.10.02-12.19.57:666][  0]LogFileCache: Scanning file cache for directory 'C:/Users/chong/OneDrive/Documents/GitHub/FYP_DumbTesting/Meeting/Saved/Collections/' took 0.01s
[2017.10.02-12.19.57:667][  0]LogFileCache: Scanning file cache for directory 'C:/Users/chong/OneDrive/Documents/GitHub/FYP_DumbTesting/Meeting/Content/Developers/chong/Collections/' took 0.01s
[2017.10.02-12.19.57:667][  0]LogFileCache: Scanning file cache for directory 'C:/Users/chong/OneDrive/Documents/GitHub/FYP_DumbTesting/Meeting/Content/Collections/' took 0.01s
[2017.10.02-12.19.57:667][  0]LogCollectionManager: Rebuilt the GUID cache for 0 collections in 0.000002 seconds
[2017.10.02-12.19.57:678][  0]LogContentBrowser: Native class hierarchy populated in 0.0116 seconds. Added 2258 classes and 455 folders.
[2017.10.02-12.19.57:762][  0]LogContentBrowser: Native class hierarchy updated for 'WidgetCarousel' in 0.0023 seconds. Added 0 classes and 0 folders.
[2017.10.02-12.19.59:359][  0]LogContentBrowser: Native class hierarchy updated for 'AddContentDialog' in 0.0026 seconds. Added 0 classes and 0 folders.
[2017.10.02-12.19.59:440][  0]LogContentBrowser: Native class hierarchy updated for 'SceneOutliner' in 0.0030 seconds. Added 1 classes and 2 folders.
[2017.10.02-12.19.59:553][  0]LogCrashTracker: Crashtracker disabled due to settings.
[2017.10.02-12.19.59:565][  0]LogUObjectGlobals:Warning: Failed to find object 'Class None.'
[2017.10.02-12.19.59:656][  0]LogContentBrowser: Native class hierarchy updated for 'HierarchicalLODOutliner' in 0.0026 seconds. Added 1 classes and 2 folders.
[2017.10.02-12.19.59:657][  0]LogLoad: (Engine Initialization) Total time: 158.40 seconds
[2017.10.02-12.19.59:657][  0]LogLoad: (Engine Initialization) Total Blueprint compile time: 1.48 seconds
[2017.10.02-12.19.59:657][  0]LogExternalProfiler: Found external profiler: VSPerf
[2017.10.02-12.19.59:657][  0]LogExternalProfiler: Using external profiler: VSPerf
[2017.10.02-12.19.59:996][  0]LogOcInput: OculusInput pre-init called
[2017.10.02-12.20.00:031][  0]LogContentStreaming: Texture pool size now 400 MB
[2017.10.02-12.20.00:120][  0]LogSlate: Took 0.022450 seconds to synchronously load lazily loaded font '../../../Engine/Content/Slate/Fonts/Roboto-Regular.ttf' (155K)
[2017.10.02-12.20.00:142][  0]LogSlate: Took 0.019177 seconds to synchronously load lazily loaded font '../../../Engine/Content/Slate/Fonts/Roboto-Bold.ttf' (160K)
[2017.10.02-12.20.00:208][  0]LogSlate: Took 0.057868 seconds to synchronously load lazily loaded font '../../../Engine/Content/Editor/Slate/Fonts/FontAwesome.ttf' (139K)
[2017.10.02-12.20.00:234][  0]LogSlate: Took 0.025678 seconds to synchronously load lazily loaded font '../../../Engine/Content/Editor/Slate/Fonts/DroidSansMono.ttf' (77K)
[2017.10.02-12.20.00:650][  0]LogRenderer: Reallocating scene render targets to support 956x432 NumSamples 1 (Frame:2).
[2017.10.02-12.20.01:137][  2]LogAssetRegistry: Asset discovery search completed in 135.6003 seconds
[2017.10.02-12.20.01:138][  2]LogCollectionManager: Rebuilt the object cache for 0 collections in 0.000008 seconds (found 0 objects)
[2017.10.02-12.20.01:138][  2]LogCollectionManager: Fixed up redirectors for 0 collections in 0.000154 seconds (updated 0 objects)
[2017.10.02-12.22.04:487][455]LogSlate: Took 0.021211 seconds to synchronously load lazily loaded font '../../../Engine/Content/Slate/Fonts/Roboto-Light.ttf' (159K)
[2017.10.02-12.22.14:821][ 62]LogSlate: Took 0.000265 seconds to synchronously load lazily loaded font '../../../Engine/Content/Slate/Fonts/Roboto-Light.ttf' (159K)
[2017.10.02-12.22.14:978][ 62]LogSlate: Took 0.019658 seconds to synchronously load lazily loaded font '../../../Engine/Content/Editor/Slate/Fonts/Roboto-BoldCondensed.ttf' (158K)
[2017.10.02-12.22.42:325][660]Running C:/Program Files/Epic Games/UE_4.15/Engine/Binaries/DotNET/UnrealBuildTool.exe  -projectfiles -project="C:/Users/chong/OneDrive/Documents/GitHub/FYP_DumbTesting/Meeting/Meeting.uproject" -game -rocket -progress
[2017.10.02-12.22.42:931][660]Discovering modules, targets and source code for project...
[2017.10.02-12.22.50:667][660]LogSlate: Took 0.000161 seconds to synchronously load lazily loaded font '../../../Engine/Content/Slate/Fonts/Roboto-Regular.ttf' (155K)
[2017.10.02-12.22.54:714][660]LogVSAccessor:Warning: Couldn't access Visual Studio
[2017.10.02-12.22.54:725][660]Recompiling Meeting...
[2017.10.02-12.22.54:726][660]Launching UnrealBuildTool... [C:/Program Files/Epic Games/UE_4.15/Engine/Binaries/DotNET/UnrealBuildTool.exe Meeting -ModuleWithSuffix Meeting 2681 Win64 Development -editorrecompile -canskiplink "C:/Users/chong/OneDrive/Documents/GitHub/FYP_DumbTesting/Meeting/Meeting.uproject" ]
[2017.10.02-12.26.31:258][660]CompilerResultsLog: New page: Compilation - Oct 3, 2017, 4:26:31 AM
[2017.10.02-12.26.31:259][660]CompilerResultsLog: Info Compiling game modules for hot reload
[2017.10.02-12.26.31:259][660]CompilerResultsLog: Info Parsing headers for MeetingEditor
[2017.10.02-12.26.31:259][660]CompilerResultsLog: Info   Running UnrealHeaderTool "C:\Users\chong\OneDrive\Documents\GitHub\FYP_DumbTesting\Meeting\Meeting.uproject" "C:\Users\chong\OneDrive\Documents\GitHub\FYP_DumbTesting\Meeting\Intermediate\Build\Win64\MeetingEditor\Development\MeetingEditor.uhtmanifest" -LogCmds="loginit warning, logexit warning, logdatabase error" -Unattended -WarningsAsErrors -installed
[2017.10.02-12.26.31:260][660]CompilerResultsLog: Info Reflection code generated for MeetingEditor in 8.3036252 seconds
[2017.10.02-12.26.31:260][660]CompilerResultsLog: Info Performing 4 actions (4 in parallel)
[2017.10.02-12.26.31:260][660]CompilerResultsLog: Info ExtraFunction.cpp
[2017.10.02-12.26.31:260][660]CompilerResultsLog: Info Meeting.generated.cpp
[2017.10.02-12.26.31:260][660]CompilerResultsLog: Info [3/4] Link UE4Editor-Meeting-2681.dll
[2017.10.02-12.26.31:261][660]CompilerResultsLog: Info [4/4] Link UE4Editor-Meeting-2681.lib
[2017.10.02-12.26.31:261][660]CompilerResultsLog: Info    Creating library C:\Users\chong\OneDrive\Documents\GitHub\FYP_DumbTesting\Meeting\Intermediate\Build\Win64\UE4Editor\Development\UE4Editor-Meeting-2681.lib and object C:\Users\chong\OneDrive\Documents\GitHub\FYP_DumbTesting\Meeting\Intermediate\Build\Win64\UE4Editor\Development\UE4Editor-Meeting-2681.exp
[2017.10.02-12.26.31:261][660]CompilerResultsLog: Info    Creating library C:\Users\chong\OneDrive\Documents\GitHub\FYP_DumbTesting\Meeting\Intermediate\Build\Win64\UE4Editor\Development\UE4Editor-Meeting-2681.suppressed.lib and object C:\Users\chong\OneDrive\Documents\GitHub\FYP_DumbTesting\Meeting\Intermediate\Build\Win64\UE4Editor\Development\UE4Editor-Meeting-2681.suppressed.exp
[2017.10.02-12.26.31:262][660]CompilerResultsLog: Info Total build time: 216.11 seconds (Local executor: 135.20 seconds)
[2017.10.02-12.26.31:262][660]LogMainFrame: MainFrame: Module compiling took 216.548 seconds
[2017.10.02-12.26.31:414][660]LogClass: Could not find existing class ExtraFunction in package /Script/Meeting for HotReload, assuming new class
[2017.10.02-12.26.31:425][660]LogContentBrowser: Native class hierarchy updated for 'Meeting' in 0.0023 seconds. Added 14 classes and 2 folders.
[2017.10.02-12.26.31:429][660]Display: HotReload successful (0 functions remapped  0 scriptstructs remapped)
[2017.10.02-12.26.31:508][660]LogContentBrowser: Native class hierarchy populated in 0.0133 seconds. Added 2261 classes and 459 folders.
[2017.10.02-12.26.31:510][660]Display: HotReload took 216.8s.
[2017.10.02-12.26.31:511][660]Warning: HotReload operation took 216.8s.
[2017.10.02-12.26.31:624][660]LogHotReload: New module detected: UE4Editor-Meeting-2681.dll
[2017.10.02-12.26.31:690][661]LogHotReload: Starting Hot-Reload from IDE
[2017.10.02-12.26.31:855][661]LogContentBrowser: Native class hierarchy updated for 'Meeting' in 0.0021 seconds. Added 14 classes and 2 folders.
[2017.10.02-12.26.31:859][661]Display: HotReload successful (0 functions remapped  0 scriptstructs remapped)
[2017.10.02-12.26.31:874][661]LogContentBrowser: Native class hierarchy populated in 0.0127 seconds. Added 2261 classes and 459 folders.
[2017.10.02-12.26.31:880][661]Display: HotReload took  0.2s.
[2017.10.02-12.26.54:551][669]LogVSAccessor:Warning: Couldn't goto line number '0' in 'C:/Users/chong/OneDrive/Documents/GitHub/FYP_DumbTesting/Meeting/Source/Meeting/ExtraFunction.h'
[2017.10.02-12.26.54:670][669]LogVSAccessor:Warning: Couldn't goto line number '0' in 'C:/Users/chong/OneDrive/Documents/GitHub/FYP_DumbTesting/Meeting/Source/Meeting/ExtraFunction.cpp'
[2017.10.02-12.28.01:668][917]Recompiling Meeting...
[2017.10.02-12.28.01:669][917]Launching UnrealBuildTool... [C:/Program Files/Epic Games/UE_4.15/Engine/Binaries/DotNET/UnrealBuildTool.exe Meeting -ModuleWithSuffix Meeting 5422 Win64 Development -editorrecompile -canskiplink "C:/Users/chong/OneDrive/Documents/GitHub/FYP_DumbTesting/Meeting/Meeting.uproject" ]
[2017.10.02-12.28.01:671][917]Warning: Starting HotReload took  0.4s.
[2017.10.02-12.28.18:161][886]LogVSAccessor:Warning: Couldn't goto line number '0' in 'C:/Users/chong/OneDrive/Documents/GitHub/FYP_DumbTesting/Meeting/Source/Meeting/EnemyAI.h'
[2017.10.02-12.28.18:280][886]LogVSAccessor:Warning: Couldn't goto line number '0' in 'C:/Users/chong/OneDrive/Documents/GitHub/FYP_DumbTesting/Meeting/Source/Meeting/EnemyAI.cpp'
[2017.10.02-12.28.37:055][535]LogContentBrowser: Native class hierarchy updated for 'BlueprintGraph' in 0.0028 seconds. Added 112 classes and 0 folders.
[2017.10.02-12.28.52:042][890]LogSlate: Took 0.119857 seconds to synchronously load lazily loaded font '../../../Engine/Content/Editor/Slate/Fonts/Roboto-Italic.ttf' (157K)
[2017.10.02-12.28.56:572][158]CompilerResultsLog: New page: Compilation - Oct 3, 2017, 4:28:56 AM
[2017.10.02-12.28.56:572][158]CompilerResultsLog: Info Compiling game modules for hot reload
[2017.10.02-12.28.56:572][158]CompilerResultsLog: Info Parsing headers for MeetingEditor
[2017.10.02-12.28.56:572][158]CompilerResultsLog: Info   Running UnrealHeaderTool "C:\Users\chong\OneDrive\Documents\GitHub\FYP_DumbTesting\Meeting\Meeting.uproject" "C:\Users\chong\OneDrive\Documents\GitHub\FYP_DumbTesting\Meeting\Intermediate\Build\Win64\MeetingEditor\Development\MeetingEditor.uhtmanifest" -LogCmds="loginit warning, logexit warning, logdatabase error" -Unattended -WarningsAsErrors -installed
[2017.10.02-12.28.56:573][158]CompilerResultsLog: Info Reflection code generated for MeetingEditor in 10.3087606 seconds
[2017.10.02-12.28.56:573][158]CompilerResultsLog: Info Performing 4 actions (4 in parallel)
[2017.10.02-12.28.56:573][158]CompilerResultsLog: Info Meeting.generated.cpp
[2017.10.02-12.28.56:573][158]CompilerResultsLog: Info ExtraFunction.cpp
[2017.10.02-12.28.56:573][158]CompilerResultsLog: Info [3/4] Link UE4Editor-Meeting-5422.dll
[2017.10.02-12.28.56:573][158]CompilerResultsLog: Info [4/4] Link UE4Editor-Meeting-5422.lib
[2017.10.02-12.28.56:573][158]CompilerResultsLog: Info    Creating library C:\Users\chong\OneDrive\Documents\GitHub\FYP_DumbTesting\Meeting\Intermediate\Build\Win64\UE4Editor\Development\UE4Editor-Meeting-5422.lib and object C:\Users\chong\OneDrive\Documents\GitHub\FYP_DumbTesting\Meeting\Intermediate\Build\Win64\UE4Editor\Development\UE4Editor-Meeting-5422.exp
[2017.10.02-12.28.56:574][158]CompilerResultsLog: Info    Creating library C:\Users\chong\OneDrive\Documents\GitHub\FYP_DumbTesting\Meeting\Intermediate\Build\Win64\UE4Editor\Development\UE4Editor-Meeting-5422.suppressed.lib and object C:\Users\chong\OneDrive\Documents\GitHub\FYP_DumbTesting\Meeting\Intermediate\Build\Win64\UE4Editor\Development\UE4Editor-Meeting-5422.suppressed.exp
[2017.10.02-12.28.56:574][158]CompilerResultsLog: Info Total build time: 53.92 seconds (Local executor: 21.91 seconds)
[2017.10.02-12.28.56:574][158]LogMainFrame: MainFrame: Module compiling took 54.912 seconds
[2017.10.02-12.28.56:712][158]LogClass: Could not find existing class ExtraFunction in package /Script/Meeting for HotReload, assuming new class
[2017.10.02-12.28.56:712][158]LogClass: Function SetSightRange is new.
[2017.10.02-12.28.56:759][158]LogHotReload: Re-instancing ExtraFunction after hot-reload.
[2017.10.02-12.28.56:901][158]LogContentBrowser: Native class hierarchy updated for 'Meeting' in 0.0026 seconds. Added 14 classes and 2 folders.
[2017.10.02-12.28.56:905][158]Display: HotReload successful (0 functions remapped  0 scriptstructs remapped)
[2017.10.02-12.28.57:275][158]LogContentBrowser: Native class hierarchy populated in 0.0148 seconds. Added 2261 classes and 459 folders.
[2017.10.02-12.28.57:276][158]Display: HotReload took 56.0s.
[2017.10.02-12.29.36:351][406]LogSlate:Warning: Prevented a slow task dialog from being summoned while a context menu was open
[2017.10.02-12.32.56:432][446]Recompiling Meeting...
[2017.10.02-12.32.56:433][446]Launching UnrealBuildTool... [C:/Program Files/Epic Games/UE_4.15/Engine/Binaries/DotNET/UnrealBuildTool.exe Meeting -ModuleWithSuffix Meeting 8246 Win64 Development -editorrecompile -canskiplink "C:/Users/chong/OneDrive/Documents/GitHub/FYP_DumbTesting/Meeting/Meeting.uproject" ]
[2017.10.02-12.32.56:451][446]Warning: Starting HotReload took  0.1s.
[2017.10.02-12.33.40:763][101]CompilerResultsLog: New page: Compilation - Oct 3, 2017, 4:33:40 AM
[2017.10.02-12.33.40:763][101]CompilerResultsLog: Info Compiling game modules for hot reload
[2017.10.02-12.33.40:763][101]CompilerResultsLog: Info Parsing headers for MeetingEditor
[2017.10.02-12.33.40:763][101]CompilerResultsLog: Info   Running UnrealHeaderTool "C:\Users\chong\OneDrive\Documents\GitHub\FYP_DumbTesting\Meeting\Meeting.uproject" "C:\Users\chong\OneDrive\Documents\GitHub\FYP_DumbTesting\Meeting\Intermediate\Build\Win64\MeetingEditor\Development\MeetingEditor.uhtmanifest" -LogCmds="loginit warning, logexit warning, logdatabase error" -Unattended -WarningsAsErrors -installed
[2017.10.02-12.33.40:764][101]CompilerResultsLog: Info Reflection code generated for MeetingEditor in 8.3835354 seconds
[2017.10.02-12.33.40:764][101]CompilerResultsLog: Info Performing 4 actions (4 in parallel)
[2017.10.02-12.33.40:764][101]CompilerResultsLog: Info Meeting.generated.cpp
[2017.10.02-12.33.40:764][101]CompilerResultsLog: Info ExtraFunction.cpp
[2017.10.02-12.33.40:764][101]CompilerResultsLog: Info [3/4] Link UE4Editor-Meeting-8246.dll
[2017.10.02-12.33.40:764][101]CompilerResultsLog: Info [4/4] Link UE4Editor-Meeting-8246.lib
[2017.10.02-12.33.40:764][101]CompilerResultsLog: Info    Creating library C:\Users\chong\OneDrive\Documents\GitHub\FYP_DumbTesting\Meeting\Intermediate\Build\Win64\UE4Editor\Development\UE4Editor-Meeting-8246.lib and object C:\Users\chong\OneDrive\Documents\GitHub\FYP_DumbTesting\Meeting\Intermediate\Build\Win64\UE4Editor\Development\UE4Editor-Meeting-8246.exp
[2017.10.02-12.33.40:764][101]CompilerResultsLog: Info    Creating library C:\Users\chong\OneDrive\Documents\GitHub\FYP_DumbTesting\Meeting\Intermediate\Build\Win64\UE4Editor\Development\UE4Editor-Meeting-8246.suppressed.lib and object C:\Users\chong\OneDrive\Documents\GitHub\FYP_DumbTesting\Meeting\Intermediate\Build\Win64\UE4Editor\Development\UE4Editor-Meeting-8246.suppressed.exp
[2017.10.02-12.33.40:765][101]CompilerResultsLog: Info Total build time: 43.36 seconds (Local executor: 8.26 seconds)
[2017.10.02-12.33.40:765][101]LogMainFrame: MainFrame: Module compiling took 44.338 seconds
