Log file open, 12/08/17 01:32:43
LogInit:Display: Running engine for game: Meeting
LogPlatformFile: Not using cached read wrapper
LogInit:Display: RandInit(-89406074) SRandInit(-89406074).
LogTaskGraph: Started task graph with 5 named threads and 8 total threads with 1 sets of task threads.
LogStats: Stats thread started at 0.087017
LogInit: Using libcurl 7.47.1
LogInit:  - built for x86_64-pc-win32
LogInit:  - supports SSL with OpenSSL/1.0.2g
LogInit:  - supports HTTP deflate (compression) using libz 1.2.8
LogInit:  - other features:
LogInit:      CURL_VERSION_SSL
LogInit:      CURL_VERSION_LIBZ
LogInit:      CURL_VERSION_IPV6
LogInit:      CURL_VERSION_ASYNCHDNS
LogInit:      CURL_VERSION_LARGEFILE
LogInit:      CURL_VERSION_IDN
LogInit:  CurlRequestOptions (configurable via config and command line):
LogInit:  - bVerifyPeer = false  - Libcurl will NOT verify peer certificate
LogInit:  - bUseHttpProxy = false  - Libcurl will NOT use HTTP proxy
LogInit:  - bDontReuseConnections = false  - Libcurl will reuse connections
LogInit:  - CertBundlePath = nullptr  - Libcurl will use whatever was configured at build time.
LogInit: Build: ++UE4+Release-4.15-CL-3450819
LogInit: Engine Version: 4.15.3-3450819+++UE4+Release-4.15
LogInit: Compatible Engine Version: 4.15.0-3299760+++UE4+Release-4.15
LogInit: Net CL: 3299760
LogDevObjectVersion: Number of dev versions registered: 14
LogDevObjectVersion:   Dev-Blueprints (B0D832E4-1F89-4F0D-ACCF-7EB736FD4AA2): 8
LogDevObjectVersion:   Dev-Build (E1C64328-A22C-4D53-A36C-8E866417BD8C): 0
LogDevObjectVersion:   Dev-Core (375EC13C-06E4-48FB-B500-84F0262A717E): 2
LogDevObjectVersion:   Dev-Editor (E4B068ED-F494-42E9-A231-DA0B2E46BB41): 14
LogDevObjectVersion:   Dev-Framework (CFFC743F-43B0-4480-9391-14DF171D2073): 22
LogDevObjectVersion:   Dev-Mobile (B02B49B5-BB20-44E9-A304-32B752E40360): 0
LogDevObjectVersion:   Dev-Networking (A4E4105C-59A1-49B5-A7C5-40C4547EDFEE): 0
LogDevObjectVersion:   Dev-Online (39C831C9-5AE6-47DC-9A44-9C173E1C8E7C): 0
LogDevObjectVersion:   Dev-Physics (78F01B33-EBEA-4F98-B9B4-84EACCB95AA2): 0
LogDevObjectVersion:   Dev-Platform (6631380F-2D4D-43E0-8009-CF276956A95A): 0
LogDevObjectVersion:   Dev-Rendering (12F88B9F-8875-4AFC-A67C-D90C383ABD29): 12
LogDevObjectVersion:   Dev-Sequencer (7B5AE74C-D270-4C10-A958-57980B212A5A): 3
LogDevObjectVersion:   Dev-VR (D7296918-1DD6-4BDD-9DE2-64A83CC13884): 0
LogDevObjectVersion:   Dev-LoadTimes (C2A15278-BFE7-4AFE-6C17-90FF531DF755): 1
LogInit: Compiled (64-bit): May 21 2017 11:02:34
LogInit: Compiled with Visual C++: 19.00.23026.00
LogInit: Build Configuration: Development
LogInit: Branch Name: ++UE4+Release-4.15
LogInit: Command line:  
LogInit: Base directory: C:/Program Files/Epic Games/UE_4.15/Engine/Binaries/Win64/
LogInit: Installed Engine Build: 1
LogInit: Presizing for max 8388607 objects, including 0 objects not considered by GC, pre-allocating 0 bytes for permanent pool.
LogInit: Object subsystem initialized
[2017.12.07-17.32.44:817][  0]LogInit: Selected Device Profile: [Windows]
[2017.12.07-17.32.44:817][  0]LogInit: Applying CVar settings loaded from the selected device profile: [Windows]
[2017.12.07-17.32.44:906][  0]LogInit: Computer: MSI
[2017.12.07-17.32.44:906][  0]LogInit: User: chong
[2017.12.07-17.32.44:906][  0]LogInit: CPU Page size=65536, Cores=4
[2017.12.07-17.32.44:906][  0]LogInit: High frequency timer resolution =2.531253 MHz
[2017.12.07-17.32.44:907][  0]LogMemory: Memory total: Physical=11.9GB (12GB approx)
[2017.12.07-17.32.44:907][  0]LogMemory: Platform Memory Stats for Windows
[2017.12.07-17.32.44:907][  0]LogMemory: Process Physical Memory: 274.04 MB used, 274.04 MB peak
[2017.12.07-17.32.44:907][  0]LogMemory: Process Virtual Memory: 268.61 MB used, 268.61 MB peak
[2017.12.07-17.32.44:907][  0]LogMemory: Physical Memory: 5403.33 MB used,  6795.27 MB free, 12198.60 MB total
[2017.12.07-17.32.44:907][  0]LogMemory: Virtual Memory: 684.45 MB used,  6795.27 MB free, 134217728.00 MB total
[2017.12.07-17.32.46:461][  0]LogTextLocalizationManager: No specific translations for ('en-MY') exist, so ('en') translations will be used.
[2017.12.07-17.32.55:152][  0]LogD3D11RHI: D3D11 adapters:
[2017.12.07-17.32.56:139][  0]LogD3D11RHI:    0. 'NVIDIA GeForce GTX 960M' (Feature Level 11_0)
[2017.12.07-17.32.56:139][  0]LogD3D11RHI:       2019/0/6099 MB DedicatedVideo/DedicatedSystem/SharedSystem, Outputs:1, VendorId:0x10de
[2017.12.07-17.32.56:147][  0]LogD3D11RHI:    1. 'Intel(R) HD Graphics 530' (Feature Level 11_0)
[2017.12.07-17.32.56:147][  0]LogD3D11RHI:       128/0/6099 MB DedicatedVideo/DedicatedSystem/SharedSystem, Outputs:0, VendorId:0x8086
[2017.12.07-17.32.56:149][  0]LogD3D11RHI:    2. 'Microsoft Basic Render Driver' (Feature Level 11_0)
[2017.12.07-17.32.56:149][  0]LogD3D11RHI:       0/0/6099 MB DedicatedVideo/DedicatedSystem/SharedSystem, Outputs:0, VendorId:0x1414
[2017.12.07-17.32.56:149][  0]LogD3D11RHI: Chosen D3D11 Adapter: 0
[2017.12.07-17.32.56:156][  0]LogD3D11RHI: Creating new Direct3DDevice
[2017.12.07-17.32.56:156][  0]LogD3D11RHI:     GPU DeviceId: 0x139b (for the marketing name, search the web for "GPU Device Id")
[2017.12.07-17.32.56:156][  0]LogWindows: EnumDisplayDevices:
[2017.12.07-17.32.56:156][  0]LogWindows:    0. 'Intel(R) HD Graphics 530' (P:1 D:1)
[2017.12.07-17.32.56:156][  0]LogWindows:    1. 'Intel(R) HD Graphics 530' (P:0 D:0)
[2017.12.07-17.32.56:156][  0]LogWindows:    2. 'Intel(R) HD Graphics 530' (P:0 D:0)
[2017.12.07-17.32.56:156][  0]LogWindows: DebugString: GetVideoDriverDetailsInvalid PrimaryIsNotTheChoosenAdapter GetVideoDriverDetailsInvalid PrimaryIsNotTheChoosenAdapter GetVideoDriverDetailsInvalid PrimaryIsNotTheChoosenAdapter FoundDriverCount:0 
[2017.12.07-17.32.56:156][  0]LogD3D11RHI:     Adapter Name: NVIDIA GeForce GTX 960M
[2017.12.07-17.32.56:156][  0]LogD3D11RHI:   Driver Version: Unknown (internal:Unknown, unified:Unknown)
[2017.12.07-17.32.56:156][  0]LogD3D11RHI:      Driver Date: Unknown
[2017.12.07-17.32.56:156][  0]LogRHI: Texture pool is 1361 MB (70% of 1945 MB)
[2017.12.07-17.32.56:183][  0]LogD3D11RHI: Async texture creation enabled
[2017.12.07-17.32.56:287][  0]LogD3D11RHI: GPU Timing Frequency: 1000.000000 (Debug: 2 1)
[2017.12.07-17.32.56:287][  0]LogShaderCompilers: Guid format shader working directory is -33 characters bigger than the processId version (../../../../../../Users/chong/OneDrive/Documents/GitHub/FYP_DumbTesting/Meeting/Intermediate/Shaders/WorkingDirectory/6820/).
[2017.12.07-17.32.56:287][  0]LogShaderCompilers: Cleaned the shader compiler working directory 'C:/Users/chong/AppData/Local/Temp/UnrealShaderWorkingDir/9BFE80AF443CA90EB5007C80E59B00A0/'.
[2017.12.07-17.32.56:288][  0]LogShaderCompilers:Display: Using Local Shader Compiler.
[2017.12.07-17.33.01:557][  0]LogTemp:Display: Loaded TP AllDesktopTargetPlatform
[2017.12.07-17.33.01:639][  0]LogTemp:Display: Loaded TP MacClientTargetPlatform
[2017.12.07-17.33.01:720][  0]LogTemp:Display: Loaded TP MacNoEditorTargetPlatform
[2017.12.07-17.33.01:794][  0]LogTemp:Display: Loaded TP MacServerTargetPlatform
[2017.12.07-17.33.01:930][  0]LogTemp:Display: Loaded TP MacTargetPlatform
[2017.12.07-17.33.02:040][  0]LogTemp:Display: Loaded TP WindowsClientTargetPlatform
[2017.12.07-17.33.02:112][  0]LogTemp:Display: Loaded TP WindowsNoEditorTargetPlatform
[2017.12.07-17.33.02:190][  0]LogTemp:Display: Loaded TP WindowsServerTargetPlatform
[2017.12.07-17.33.02:298][  0]LogTemp:Display: Loaded TP WindowsTargetPlatform
[2017.12.07-17.33.02:404][  0]LogTemp:Display: Loaded TP AndroidTargetPlatform
[2017.12.07-17.33.02:508][  0]LogTemp:Display: Loaded TP Android_ASTCTargetPlatform
[2017.12.07-17.33.02:590][  0]LogTemp:Display: Loaded TP Android_ATCTargetPlatform
[2017.12.07-17.33.02:659][  0]LogTemp:Display: Loaded TP Android_DXTTargetPlatform
[2017.12.07-17.33.02:746][  0]LogTemp:Display: Loaded TP Android_ETC1TargetPlatform
[2017.12.07-17.33.02:830][  0]LogTemp:Display: Loaded TP Android_ETC2TargetPlatform
[2017.12.07-17.33.02:984][  0]LogTemp:Display: Loaded TP Android_MultiTargetPlatform
[2017.12.07-17.33.02:984][  0]LogTemp:Display: Loaded TP Android_PVRTCTargetPlatform
[2017.12.07-17.33.03:049][  0]LogTemp:Display: Loaded TP HTML5TargetPlatform
[2017.12.07-17.33.03:217][  0]LogTemp:Display: Loaded TP IOSTargetPlatform
[2017.12.07-17.33.03:254][  0]LogTemp:Display: Loaded TP TVOSTargetPlatform
[2017.12.07-17.33.03:323][  0]LogTemp:Display: Loaded TP LinuxClientTargetPlatform
[2017.12.07-17.33.03:391][  0]LogTemp:Display: Loaded TP LinuxNoEditorTargetPlatform
[2017.12.07-17.33.03:445][  0]LogTemp:Display: Loaded TP LinuxServerTargetPlatform
[2017.12.07-17.33.03:532][  0]LogTemp:Display: Loaded TP LinuxTargetPlatform
[2017.12.07-17.33.03:532][  0]LogTargetPlatformManager:Display: Building Assets For Windows
[2017.12.07-17.33.04:551][  0]LogDerivedDataCache:Display: Max Cache Size: 512 MB
[2017.12.07-17.33.05:059][  0]LogDerivedDataCache: Loaded boot cache 0.51s 50MB C:/Users/chong/AppData/Local/UnrealEngine/4.15/DerivedDataCache/Boot.ddc.
[2017.12.07-17.33.05:059][  0]LogDerivedDataCache:Display: Loaded Boot cache: C:/Users/chong/AppData/Local/UnrealEngine/4.15/DerivedDataCache/Boot.ddc
[2017.12.07-17.33.05:059][  0]LogDerivedDataCache: FDerivedDataBackendGraph:  Pak pak cache file ../../../../../../Users/chong/OneDrive/Documents/GitHub/FYP_DumbTesting/Meeting/DerivedDataCache/DDC.ddp not found, will not use a pak cache.
[2017.12.07-17.33.05:059][  0]LogDerivedDataCache: Unable to find inner node Pak for hierarchical cache Hierarchy.
[2017.12.07-17.33.05:059][  0]LogDerivedDataCache: FDerivedDataBackendGraph:  CompressedPak pak cache file ../../../../../../Users/chong/OneDrive/Documents/GitHub/FYP_DumbTesting/Meeting/DerivedDataCache/Compressed.ddp not found, will not use a pak cache.
[2017.12.07-17.33.05:059][  0]LogDerivedDataCache: Unable to find inner node CompressedPak for hierarchical cache Hierarchy.
[2017.12.07-17.33.05:133][  0]LogDerivedDataCache:Display: Pak cache opened for reading ../../../Engine/DerivedDataCache/Compressed.ddp.
[2017.12.07-17.33.05:145][  0]LogDerivedDataCache: Using Local data cache path C:/Users/chong/AppData/Local/UnrealEngine/Common/DerivedDataCache: Writable
[2017.12.07-17.33.05:154][  0]LogSlate: Using Freetype 2.6.0
[2017.12.07-17.33.05:180][  0]LogSlate: SlateFontCache - WITH_FREETYPE: 1, WITH_HARFBUZZ: 1
[2017.12.07-17.33.05:180][  0]LogSlate: SlateFontCache - WITH_FREETYPE: 1, WITH_HARFBUZZ: 1
[2017.12.07-17.33.10:085][  0]LogInit: Selected Device Profile: [Windows]
[2017.12.07-17.33.10:096][  0]LogContentStreaming: Texture pool size is 0.00 MB
[2017.12.07-17.33.10:375][  0]LogMeshUtilities: Using QuadricMeshReduction for automatic static mesh reduction
[2017.12.07-17.33.10:453][  0]LogSimplygon: Simplygon DLL not present - disabling.
[2017.12.07-17.33.10:579][  0]LogMeshUtilities: Using SimplygonSwarm for distributed automatic mesh merging
[2017.12.07-17.33.10:579][  0]LogMeshUtilities: No automatic skeletal mesh reduction module available
[2017.12.07-17.33.10:579][  0]LogMeshUtilities: No automatic mesh merging module available
[2017.12.07-17.33.11:848][  0]LogNetVersion: GetLocalNetworkVersion: CL: 3299760, ProjectName: meeting, ProjectVersion: , EngineNetworkVersion: 2, GameNetworkVersion: 0, NetworkChecksum: 116300604
[2017.12.07-17.33.11:948][  0]LogAssetRegistry: FAssetRegistry took 0.0223 seconds to start up
[2017.12.07-17.33.12:077][  0]LogPackageLocalizationCache: Processed 3 localized package path(s) for 2 prioritized culture(s) in 0.098255 seconds
[2017.12.07-17.33.12:081][  0]LogUObjectArray: 32493 objects as part of root set at end of initial load.
[2017.12.07-17.33.12:081][  0]LogUObjectAllocator: 7077032 out of 0 bytes used by permanent object pool.
[2017.12.07-17.33.12:081][  0]LogUObjectArray: CloseDisregardForGC: 0/0 objects in disregard for GC pool
[2017.12.07-17.33.12:151][  0]LogInit: WinSock: version 1.1 (2.2), MaxSocks=32767, MaxUdp=65467
[2017.12.07-17.33.47:047][  0]LogTcpMessaging: Initializing TcpMessaging bridge
[2017.12.07-17.33.47:114][  0]LogUdpMessaging: Initializing bridge on interface 0.0.0.0:0 to multicast group 230.0.0.1:6666.
[2017.12.07-17.33.48:544][  0]LogMaterial: Uniform references updated for custom material expression Custom.
[2017.12.07-17.33.49:178][  0]SourceControl: Info Source control is disabled
[2017.12.07-17.33.49:180][  0]SourceControl: Info Source control is disabled
[2017.12.07-17.33.49:260][  0]SourceControl: Info Source control is disabled
[2017.12.07-17.33.49:356][  0]SourceControl: Info Source control is disabled
[2017.12.07-17.33.52:273][  0]LogEngine: Initializing Engine...
[2017.12.07-17.33.52:273][  0]LogHMD: Failed to initialize OpenVR with code 110
[2017.12.07-17.33.52:418][  0]LogStats: UGameplayTagsManager::ConstructGameplayTagTree: Construct from data asset -  0.000 s
[2017.12.07-17.33.52:419][  0]LogStats: UGameplayTagsManager::ConstructGameplayTagTree: GameplayTagTreeChangedEvent.Broadcast -  0.000 s
[2017.12.07-17.33.52:644][  0]LogAIModule: Creating AISystem for world Untitled
[2017.12.07-17.33.52:655][  0]LogInit: XAudio2 using 'Speakers (Realtek High Definition Audio)' : 2 channels at 48 kHz using 32 bits per sample (channel mask 0x3)
[2017.12.07-17.33.52:716][  0]LogInit: FAudioDevice initialized.
[2017.12.07-17.33.52:763][  0]LogDerivedDataCache: Saved boot cache 0.05s 50MB C:/Users/chong/AppData/Local/UnrealEngine/4.15/DerivedDataCache/Boot.ddc.
[2017.12.07-17.33.53:093][  0]LogInit: Texture streaming: Enabled
[2017.12.07-17.33.53:748][  0]LogEngineSessionManager: EngineSessionManager initialized
[2017.12.07-17.33.53:928][  0]LogInit: Transaction tracking system initialized
[2017.12.07-17.33.54:590][  0]BlueprintLog: New page: Editor Load
[2017.12.07-17.33.56:304][  0]LocalizationService: Info Localization service is disabled
[2017.12.07-17.33.58:133][  0]LogConsoleResponse:Display: 
[2017.12.07-17.33.58:786][  0]LogCook:Display: Max memory allowance for cook 16384mb min free memory 0mb
[2017.12.07-17.33.58:786][  0]LogCook:Display: Mobile HDR setting 1
[2017.12.07-17.33.59:980][  0]LogFileCache: Scanning file cache for directory 'C:/Users/chong/OneDrive/Documents/GitHub/FYP_DumbTesting/Meeting/Content/' took 0.04s
[2017.12.07-17.34.01:328][  0]SourceControl: Info Source control is disabled
[2017.12.07-17.34.01:328][  0]Cmd: MAP LOAD FILE="../../../../../../Users/chong/OneDrive/Documents/GitHub/FYP_DumbTesting/Meeting/Content/ThirdPersonBP/Maps/MockUp_Map.umap" TEMPLATE=0 SHOWPROGRESS=1 FEATURELEVEL=3
[2017.12.07-17.34.01:328][  0]LightingResults: New page: Lighting Build
[2017.12.07-17.34.01:386][  0]MapCheck: New page: Map Check
[2017.12.07-17.34.01:386][  0]LightingResults: New page: Lighting Build
[2017.12.07-17.34.20:895][  0]LogBlueprint:Warning: [Compiler ThirdPersonCharacter] Warning InputAction Event references unknown Action 'ResetVR' for  InputAction ResetVR
[2017.12.07-17.34.20:896][  0]LogBlueprint:Warning: [Compiler ThirdPersonCharacter] Warning Input Axis Event references unknown Axis 'LookUpRate' for  InputAxis LookUpRate
[2017.12.07-17.34.20:896][  0]LogBlueprint:Warning: [Compiler ThirdPersonCharacter] Warning Input Axis Event references unknown Axis 'TurnRate' for  InputAxis TurnRate
[2017.12.07-17.34.20:896][  0]LogBlueprint:Warning: [Compiler ThirdPersonCharacter] Warning InputAction Event references unknown Action 'Jump' for  InputAction Jump
[2017.12.07-17.34.20:896][  0]LogBlueprint:Warning: [Compiler ThirdPersonCharacter] Warning Input Axis Event references unknown Axis 'LookUp' for  InputAxis LookUp
[2017.12.07-17.34.20:896][  0]LogBlueprint:Warning: [Compiler ThirdPersonCharacter] Warning Input Axis Event references unknown Axis 'Turn' for  InputAxis Turn
[2017.12.07-17.34.20:901][  0]LogBlueprint:Warning: [Compiler ThirdPersonCharacter] Warning [0102.34] Compile of ThirdPersonCharacter successful, but with 6 Warning(s) [in 14 ms] (/Game/ThirdPersonBP/Blueprints/ThirdPersonCharacter.ThirdPersonCharacter)
[2017.12.07-17.34.20:901][  0]LogBlueprint:Warning: [Compiler ThirdPersonCharacter] Warning [0102.34] Compile of ThirdPersonCharacter successful, but with 7 Warning(s) [in 0 ms] (/Game/ThirdPersonBP/Blueprints/ThirdPersonCharacter.ThirdPersonCharacter)
[2017.12.07-17.34.20:901][  0]LogBlueprint:Warning: [Compiler ThirdPersonCharacter] Warning [0102.34] Compile of ThirdPersonCharacter successful, but with 8 Warning(s) [in 0 ms] (/Game/ThirdPersonBP/Blueprints/ThirdPersonCharacter.ThirdPersonCharacter)
[2017.12.07-17.34.20:911][  0]LogBlueprint:Warning: [Compiler ThirdPersonCharacter] Warning InputAction Event references unknown Action 'ResetVR' for  InputAction ResetVR
[2017.12.07-17.34.20:911][  0]LogBlueprint:Warning: [Compiler ThirdPersonCharacter] Warning Input Axis Event references unknown Axis 'LookUpRate' for  InputAxis LookUpRate
[2017.12.07-17.34.20:911][  0]LogBlueprint:Warning: [Compiler ThirdPersonCharacter] Warning Input Axis Event references unknown Axis 'TurnRate' for  InputAxis TurnRate
[2017.12.07-17.34.20:911][  0]LogBlueprint:Warning: [Compiler ThirdPersonCharacter] Warning InputAction Event references unknown Action 'Jump' for  InputAction Jump
[2017.12.07-17.34.20:911][  0]LogBlueprint:Warning: [Compiler ThirdPersonCharacter] Warning Input Axis Event references unknown Axis 'LookUp' for  InputAxis LookUp
[2017.12.07-17.34.20:912][  0]LogBlueprint:Warning: [Compiler ThirdPersonCharacter] Warning Input Axis Event references unknown Axis 'Turn' for  InputAxis Turn
[2017.12.07-17.34.20:916][  0]LogBlueprint:Warning: [Compiler ThirdPersonCharacter] Warning [0102.35] Compile of ThirdPersonCharacter successful, but with 6 Warning(s) [in 11 ms] (/Game/ThirdPersonBP/Blueprints/ThirdPersonCharacter.ThirdPersonCharacter)
[2017.12.07-17.34.20:916][  0]LogBlueprint:Warning: [Compiler ThirdPersonCharacter] Warning [0102.35] Compile of ThirdPersonCharacter successful, but with 7 Warning(s) [in 0 ms] (/Game/ThirdPersonBP/Blueprints/ThirdPersonCharacter.ThirdPersonCharacter)
[2017.12.07-17.34.20:916][  0]LogBlueprint:Warning: [Compiler ThirdPersonCharacter] Warning [0102.35] Compile of ThirdPersonCharacter successful, but with 8 Warning(s) [in 0 ms] (/Game/ThirdPersonBP/Blueprints/ThirdPersonCharacter.ThirdPersonCharacter)
[2017.12.07-17.35.58:425][  0]LogMaterial: Missing cached shader map for material M_Metal_Steel, compiling. 
[2017.12.07-17.35.58:441][  0]LogMaterial:Warning: Failed to compile Material /Game/StarterContent/Materials/M_Metal_Steel.M_Metal_Steel for platform PCD3D_SM5, Default Material will be used in game.
[2017.12.07-17.35.58:441][  0]LogMaterial:Warning: 	(Node TextureSample) TextureSample> Missing input texture
[2017.12.07-17.36.01:328][  0]LogAudioDerivedData:Display: Building compressed audio format OGG wave Weakspot_Burning...
[2017.12.07-17.36.06:204][  0]LogAudioDerivedData:Display: Building compressed audio format OGG wave Weakspot_Burst...
[2017.12.07-17.36.06:398][  0]LogAudioDerivedData:Display: Building compressed audio format OGG wave Interface-open-6...
[2017.12.07-17.36.06:430][  0]LogAudioDerivedData:Display: Building compressed audio format OGG wave Interact__Everything_that_is_interacted_...
[2017.12.07-17.36.06:455][  0]LogAudioDerivedData:Display: Building compressed audio format OGG wave Close_Inventory...
[2017.12.07-17.36.06:586][  0]LogAudioDerivedData:Display: Building compressed audio format OGG wave Open_Inventory...
[2017.12.07-17.36.07:107][  0]LogAIModule: Creating AISystem for world MockUp_Map
[2017.12.07-17.36.07:643][  0]LogEditorServer: Finished looking for orphan Actors (0.000 secs)
[2017.12.07-17.36.07:666][  0]Cmd: MAP CHECKDEP NOCLEARLOG
[2017.12.07-17.36.07:931][  0]MapCheck: Info Map check complete: 0 Error(s), 0 Warning(s), took 264.913ms to complete.
[2017.12.07-17.36.07:931][  0]LogFileHelpers: Loading map 'MockUp_Map' took 126.603
[2017.12.07-17.36.08:353][  0]LogCollectionManager: Loaded 0 collections in 0.001880 seconds
[2017.12.07-17.36.08:443][  0]LogFileCache: Scanning file cache for directory 'C:/Users/chong/OneDrive/Documents/GitHub/FYP_DumbTesting/Meeting/Saved/Collections/' took 0.01s
[2017.12.07-17.36.08:443][  0]LogFileCache: Scanning file cache for directory 'C:/Users/chong/OneDrive/Documents/GitHub/FYP_DumbTesting/Meeting/Content/Developers/chong/Collections/' took 0.01s
[2017.12.07-17.36.08:443][  0]LogFileCache: Scanning file cache for directory 'C:/Users/chong/OneDrive/Documents/GitHub/FYP_DumbTesting/Meeting/Content/Collections/' took 0.01s
[2017.12.07-17.36.08:443][  0]LogCollectionManager: Rebuilt the GUID cache for 0 collections in 0.000002 seconds
[2017.12.07-17.36.08:460][  0]LogContentBrowser: Native class hierarchy populated in 0.0171 seconds. Added 2259 classes and 455 folders.
[2017.12.07-17.36.08:572][  0]LogContentBrowser: Native class hierarchy updated for 'WidgetCarousel' in 0.0033 seconds. Added 0 classes and 0 folders.
[2017.12.07-17.36.10:617][  0]LogContentBrowser: Native class hierarchy updated for 'AddContentDialog' in 0.0023 seconds. Added 0 classes and 0 folders.
[2017.12.07-17.36.10:717][  0]LogContentBrowser: Native class hierarchy updated for 'SceneOutliner' in 0.0041 seconds. Added 1 classes and 2 folders.
[2017.12.07-17.36.10:874][  0]LogCrashTracker: Crashtracker disabled due to settings.
[2017.12.07-17.36.10:884][  0]LogUObjectGlobals:Warning: Failed to find object 'Class None.'
[2017.12.07-17.36.10:978][  0]LogContentBrowser: Native class hierarchy updated for 'HierarchicalLODOutliner' in 0.0027 seconds. Added 1 classes and 2 folders.
[2017.12.07-17.36.10:979][  0]LogLoad: (Engine Initialization) Total time: 212.41 seconds
[2017.12.07-17.36.10:979][  0]LogLoad: (Engine Initialization) Total Blueprint compile time: 3.88 seconds
[2017.12.07-17.36.10:979][  0]LogExternalProfiler: Found external profiler: VSPerf
[2017.12.07-17.36.10:979][  0]LogExternalProfiler: Using external profiler: VSPerf
[2017.12.07-17.36.11:318][  0]LogOcInput: OculusInput pre-init called
[2017.12.07-17.36.11:343][  0]LogContentStreaming: Texture pool size now 400 MB
[2017.12.07-17.36.11:369][  0]LogSlate: Took 0.021523 seconds to synchronously load lazily loaded font '../../../Engine/Content/Slate/Fonts/Roboto-Regular.ttf' (155K)
[2017.12.07-17.36.11:391][  0]LogSlate: Took 0.018081 seconds to synchronously load lazily loaded font '../../../Engine/Content/Slate/Fonts/Roboto-Bold.ttf' (160K)
[2017.12.07-17.36.11:427][  0]LogSlate: Took 0.030688 seconds to synchronously load lazily loaded font '../../../Engine/Content/Editor/Slate/Fonts/FontAwesome.ttf' (139K)
[2017.12.07-17.36.11:725][  0]LogSlate: Took 0.025423 seconds to synchronously load lazily loaded font '../../../Engine/Content/Slate/Fonts/Roboto-Light.ttf' (159K)
[2017.12.07-17.36.11:803][  0]LogRenderer: Reallocating scene render targets to support 956x432 NumSamples 1 (Frame:2).
[2017.12.07-17.36.12:650][  3]LogAssetRegistry: Asset discovery search completed in 180.7241 seconds
[2017.12.07-17.36.12:650][  3]LogCollectionManager: Rebuilt the object cache for 0 collections in 0.000026 seconds (found 0 objects)
[2017.12.07-17.36.12:650][  3]LogCollectionManager: Fixed up redirectors for 0 collections in 0.000054 seconds (updated 0 objects)
[2017.12.07-17.36.46:075][507]LogSlate: Took 0.000131 seconds to synchronously load lazily loaded font '../../../Engine/Content/Slate/Fonts/Roboto-Light.ttf' (159K)
[2017.12.07-17.36.46:581][507]LogSlate: Took 0.000154 seconds to synchronously load lazily loaded font '../../../Engine/Content/Slate/Fonts/Roboto-Regular.ttf' (155K)
[2017.12.07-17.36.46:728][507]LogContentBrowser: Native class hierarchy updated for 'BlueprintGraph' in 0.0031 seconds. Added 112 classes and 0 folders.
[2017.12.07-17.36.47:729][507]LogSlate: Took 0.013828 seconds to synchronously load lazily loaded font '../../../Engine/Content/Editor/Slate/Fonts/Roboto-BoldCondensed.ttf' (158K)
[2017.12.07-17.36.48:563][508]LogSlate: Took 0.043044 seconds to synchronously load lazily loaded font '../../../Engine/Content/Editor/Slate/Fonts/Roboto-Italic.ttf' (157K)
[2017.12.07-17.36.58:012][992]LogActorComponent: ReregisterComponent: (/Game/ThirdPersonBP/Maps/MockUp_Map.MockUp_Map:PersistentLevel.EnemyChracter_BP1.CharacterMesh0) Not currently registered. Aborting.
[2017.12.07-17.36.58:012][992]LogActorComponent: ReregisterComponent: (/Game/ThirdPersonBP/Maps/MockUp_Map.MockUp_Map:PersistentLevel.EnemyChracter_BP10_139.CharacterMesh0) Not currently registered. Aborting.
[2017.12.07-17.36.58:012][992]LogActorComponent: ReregisterComponent: (/Game/ThirdPersonBP/Maps/MockUp_Map.MockUp_Map:PersistentLevel.EnemyChracter_BP11_224.CharacterMesh0) Not currently registered. Aborting.
[2017.12.07-17.36.58:012][992]LogActorComponent: ReregisterComponent: (/Game/ThirdPersonBP/Maps/MockUp_Map.MockUp_Map:PersistentLevel.EnemyChracter_BP12_337.CharacterMesh0) Not currently registered. Aborting.
[2017.12.07-17.36.58:012][992]LogActorComponent: ReregisterComponent: (/Game/ThirdPersonBP/Maps/MockUp_Map.MockUp_Map:PersistentLevel.EnemyChracter_BP13_576.CharacterMesh0) Not currently registered. Aborting.
[2017.12.07-17.36.58:012][992]LogActorComponent: ReregisterComponent: (/Game/ThirdPersonBP/Maps/MockUp_Map.MockUp_Map:PersistentLevel.EnemyChracter_BP14_1097.CharacterMesh0) Not currently registered. Aborting.
[2017.12.07-17.36.58:012][992]LogActorComponent: ReregisterComponent: (/Game/ThirdPersonBP/Maps/MockUp_Map.MockUp_Map:PersistentLevel.EnemyChracter_BP2.CharacterMesh0) Not currently registered. Aborting.
[2017.12.07-17.36.58:012][992]LogActorComponent: ReregisterComponent: (/Game/ThirdPersonBP/Maps/MockUp_Map.MockUp_Map:PersistentLevel.EnemyChracter_BP3_720.CharacterMesh0) Not currently registered. Aborting.
[2017.12.07-17.36.58:012][992]LogActorComponent: ReregisterComponent: (/Game/ThirdPersonBP/Maps/MockUp_Map.MockUp_Map:PersistentLevel.EnemyChracter_BP4_3297.CharacterMesh0) Not currently registered. Aborting.
[2017.12.07-17.36.58:012][992]LogActorComponent: ReregisterComponent: (/Game/ThirdPersonBP/Maps/MockUp_Map.MockUp_Map:PersistentLevel.EnemyChracter_BP5_50.CharacterMesh0) Not currently registered. Aborting.
[2017.12.07-17.36.58:012][992]LogActorComponent: ReregisterComponent: (/Game/ThirdPersonBP/Maps/MockUp_Map.MockUp_Map:PersistentLevel.EnemyChracter_BP6_4959.CharacterMesh0) Not currently registered. Aborting.
[2017.12.07-17.36.58:012][992]LogActorComponent: ReregisterComponent: (/Game/ThirdPersonBP/Maps/MockUp_Map.MockUp_Map:PersistentLevel.EnemyChracter_BP7.CharacterMesh0) Not currently registered. Aborting.
[2017.12.07-17.36.58:012][992]LogActorComponent: ReregisterComponent: (/Game/ThirdPersonBP/Maps/MockUp_Map.MockUp_Map:PersistentLevel.EnemyChracter_BP8_5461.CharacterMesh0) Not currently registered. Aborting.
[2017.12.07-17.36.58:012][992]LogActorComponent: ReregisterComponent: (/Game/ThirdPersonBP/Maps/MockUp_Map.MockUp_Map:PersistentLevel.EnemyChracter_BP9_5914.CharacterMesh0) Not currently registered. Aborting.
[2017.12.07-17.36.58:012][992]LogActorComponent: ReregisterComponent: (/Game/ThirdPersonBP/Maps/MockUp_Map.MockUp_Map:PersistentLevel.EnemyChracter_BP_2013.CharacterMesh0) Not currently registered. Aborting.
[2017.12.07-17.36.58:012][992]LogActorComponent: ReregisterComponent: (/Engine/Transient.World_4:PersistentLevel.EnemyChracter_BP_C_0.CharacterMesh0) Not currently registered. Aborting.
[2017.12.07-17.36.58:012][992]LogActorComponent: ReregisterComponent: (/Engine/Transient.World_5:PersistentLevel.EnemyChracter_BP_C_1.CharacterMesh0) Not currently registered. Aborting.
[2017.12.07-17.37.00:383][120]BlueprintLog: New page: Compile EnemyChracter_BP
[2017.12.07-17.37.07:751][169]LogSavePackage: Save=126.64ms
[2017.12.07-17.37.07:751][169]LogSavePackage: Moving '../../../../../../Users/chong/OneDrive/Documents/GitHub/FYP_DumbTesting/Meeting/Saved/EnemyChracter_BP1DC6697348A66809F990399C8C982D3A.tmp' to '../../../../../../Users/chong/OneDrive/Documents/GitHub/FYP_DumbTesting/Meeting/Content/Blueprint/AI/EnemyChracter_BP.uasset'
[2017.12.07-17.37.07:762][169]LogSavePackage:Display: Finished SavePackage ../../../../../../Users/chong/OneDrive/Documents/GitHub/FYP_DumbTesting/Meeting/Content/Blueprint/AI/EnemyChracter_BP.uasset
[2017.12.07-17.37.48:685][426]LogSlate: Took 0.000175 seconds to synchronously load lazily loaded font '../../../Engine/Content/Slate/Fonts/Roboto-Light.ttf' (159K)
[2017.12.07-17.38.28:705][572]BlueprintLog: New page: Compile EnemyChracter_BP
[2017.12.07-17.38.31:113][615]LogSavePackage: Save=140.96ms
[2017.12.07-17.38.31:113][615]LogSavePackage: Moving '../../../../../../Users/chong/OneDrive/Documents/GitHub/FYP_DumbTesting/Meeting/Saved/EnemyChracter_BP395E960346560BDD5F0B4B88908218AE.tmp' to '../../../../../../Users/chong/OneDrive/Documents/GitHub/FYP_DumbTesting/Meeting/Content/Blueprint/AI/EnemyChracter_BP.uasset'
[2017.12.07-17.38.31:117][615]LogSavePackage:Display: Finished SavePackage ../../../../../../Users/chong/OneDrive/Documents/GitHub/FYP_DumbTesting/Meeting/Content/Blueprint/AI/EnemyChracter_BP.uasset
[2017.12.07-17.39.18:230][416]LogContentBrowser: Native class hierarchy updated for 'SkeletonEditor' in 0.0028 seconds. Added 1 classes and 2 folders.
[2017.12.07-17.39.18:575][416]LogActorComponent: RegisterComponentWithWorld: (/Engine/Transient.World_9:PersistentLevel.Actor_0.DebugSkelMeshComponent_0) Already registered. Aborting.
[2017.12.07-17.39.18:757][416]LogSkeletalMesh: USkeletalMeshComponent::InitArticulated : Bodies already created (/Engine/Transient.World_9:PersistentLevel.Actor_0.DebugSkelMeshComponent_0) - call TermArticulated first.
[2017.12.07-17.40.18:720][188]LogActorComponent: RegisterComponentWithWorld: (/Engine/Transient.World_13:PersistentLevel.Actor_1.DebugSkelMeshComponent_2) Already registered. Aborting.
[2017.12.07-17.40.18:786][188]LogSkeletalMesh: USkeletalMeshComponent::InitArticulated : Bodies already created (/Engine/Transient.World_13:PersistentLevel.Actor_1.DebugSkelMeshComponent_2) - call TermArticulated first.
[2017.12.07-17.40.49:263][944]LogActorComponent: RegisterComponentWithWorld: (/Engine/Transient.World_15:PersistentLevel.Actor_2.DebugSkelMeshComponent_4) Already registered. Aborting.
[2017.12.07-17.40.49:325][944]LogSkeletalMesh: USkeletalMeshComponent::InitArticulated : Bodies already created (/Engine/Transient.World_15:PersistentLevel.Actor_2.DebugSkelMeshComponent_4) - call TermArticulated first.
[2017.12.07-17.40.59:034][170]LogActorComponent: RegisterComponentWithWorld: (/Engine/Transient.World_17:PersistentLevel.Actor_3.DebugSkelMeshComponent_6) Already registered. Aborting.
[2017.12.07-17.40.59:099][170]LogSkeletalMesh: USkeletalMeshComponent::InitArticulated : Bodies already created (/Engine/Transient.World_17:PersistentLevel.Actor_3.DebugSkelMeshComponent_6) - call TermArticulated first.
[2017.12.07-17.41.00:493][185]LogSavePackage: Save=19.65ms
[2017.12.07-17.41.00:493][185]LogSavePackage: Moving '../../../../../../Users/chong/OneDrive/Documents/GitHub/FYP_DumbTesting/Meeting/Saved/EnemyRunForward_BlendspaceA93051F14DD4BC6539FD4B9E1012984B.tmp' to '../../../../../../Users/chong/OneDrive/Documents/GitHub/FYP_DumbTesting/Meeting/Content/AnimStarterPack/Ai_Animation_Placeholder/Droid/Blendspace/EnemyRunForward_Blendspace.uasset'
[2017.12.07-17.41.00:497][185]LogSavePackage:Display: Finished SavePackage ../../../../../../Users/chong/OneDrive/Documents/GitHub/FYP_DumbTesting/Meeting/Content/AnimStarterPack/Ai_Animation_Placeholder/Droid/Blendspace/EnemyRunForward_Blendspace.uasset
[2017.12.07-17.41.11:061][429]LogActorComponent: RegisterComponentWithWorld: (/Engine/Transient.World_19:PersistentLevel.Actor_4.DebugSkelMeshComponent_8) Already registered. Aborting.
[2017.12.07-17.41.11:150][429]LogSkeletalMesh: USkeletalMeshComponent::InitArticulated : Bodies already created (/Engine/Transient.World_19:PersistentLevel.Actor_4.DebugSkelMeshComponent_8) - call TermArticulated first.
[2017.12.07-17.43.10:769][862]LogTemp: Repeting last play command: Selected Viewport
[2017.12.07-17.43.10:821][862]LogBlueprintUserMessages: Early PlayInEditor Detection: Level '/Game/ThirdPersonBP/Maps/MockUp_Map.MockUp_Map:PersistentLevel' has LevelScriptBlueprint '/Game/ThirdPersonBP/Maps/MockUp_Map.MockUp_Map:PersistentLevel.MockUp_Map' with GeneratedClass '/Game/ThirdPersonBP/Maps/MockUp_Map.MockUp_Map_C' with ClassGeneratedBy '/Game/ThirdPersonBP/Maps/MockUp_Map.MockUp_Map:PersistentLevel.MockUp_Map'
[2017.12.07-17.43.10:821][862]BlueprintLog: New page: Pre-Play auto-recompile
[2017.12.07-17.43.10:821][862]LogPlayLevel: [PlayLevel] Compiling DroidAnim_BP before play...
[2017.12.07-17.43.11:118][862]LogPlayLevel: PlayLevel: Blueprint regeneration took 296 ms (1 blueprints)
[2017.12.07-17.43.11:122][862]PIE: New page: PIE session: MockUp_Map (Dec 8, 2017, 9:43:11 AM)
[2017.12.07-17.43.11:123][862]LogPlayLevel: Creating play world package: /Game/ThirdPersonBP/Maps/UEDPIE_0_MockUp_Map
[2017.12.07-17.43.11:365][862]LogPlayLevel: PIE: StaticDuplicateObject took: (0.241594s)
[2017.12.07-17.43.11:365][862]LogAIModule: Creating AISystem for world MockUp_Map
[2017.12.07-17.43.11:366][862]LogPlayLevel: PIE: World Init took: (0.000755s)
[2017.12.07-17.43.11:367][862]LogPlayLevel: PIE: Created PIE world by copying editor world from /Game/ThirdPersonBP/Maps/MockUp_Map.MockUp_Map to /Game/ThirdPersonBP/Maps/UEDPIE_0_MockUp_Map.MockUp_Map (0.244257s)
[2017.12.07-17.43.11:399][862]LogInit: XAudio2 using 'Speakers (Realtek High Definition Audio)' : 2 channels at 48 kHz using 32 bits per sample (channel mask 0x3)
[2017.12.07-17.43.11:429][862]LogInit: FAudioDevice initialized.
[2017.12.07-17.43.11:582][862]LogLoad: Game class is 'MeetingGameModeBase_BP_C'
[2017.12.07-17.43.11:695][862]LogWorld: Bringing World /Game/ThirdPersonBP/Maps/UEDPIE_0_MockUp_Map.MockUp_Map up for play (max tick rate 60) at 2017.12.08-01.43.11
[2017.12.07-17.43.11:727][862]LogWorld: Bringing up level for play took: 0.142886
[2017.12.07-17.43.11:786][862]LogContentBrowser: Native class hierarchy updated for 'MovieSceneCapture' in 0.0023 seconds. Added 11 classes and 0 folders.
[2017.12.07-17.43.11:803][862]PIE: Info Play in editor start time for /Game/ThirdPersonBP/Maps/UEDPIE_0_MockUp_Map 1.735
[2017.12.07-17.43.11:804][862]LogBlueprintUserMessages: Late PlayInEditor Detection: Level '/Game/ThirdPersonBP/Maps/MockUp_Map.MockUp_Map:PersistentLevel' has LevelScriptBlueprint '/Game/ThirdPersonBP/Maps/MockUp_Map.MockUp_Map:PersistentLevel.MockUp_Map' with GeneratedClass '/Game/ThirdPersonBP/Maps/MockUp_Map.MockUp_Map_C' with ClassGeneratedBy '/Game/ThirdPersonBP/Maps/MockUp_Map.MockUp_Map:PersistentLevel.MockUp_Map'
[2017.12.07-17.43.14:063][966]LogScriptCore:Warning: Script Msg: Attempted to access index 2 from array patrolPoint of length 2!
[2017.12.07-17.43.14:063][966]LogScriptCore:Warning: Script Msg: Attempted to access index 2 from array patrolPoint of length 2!
[2017.12.07-17.43.15:740][ 52]LogScriptCore:Warning: Script Msg: Attempted to access index 2 from array patrolPoint of length 2!
[2017.12.07-17.43.16:447][ 91]LogScriptCore:Warning: Script Msg: Attempted to access index 2 from array patrolPoint of length 2!
[2017.12.07-17.43.17:346][142]LogScriptCore:Warning: Script Msg: Attempted to access index 2 from array patrolPoint of length 2!
[2017.12.07-17.43.19:241][252]LogScriptCore:Warning: Script Msg: Attempted to access index 3 from array patrolPoint of length 3!
[2017.12.07-17.43.20:400][318]LogScriptCore:Warning: Script Msg: Attempted to access index 3 from array patrolPoint of length 3!
[2017.12.07-17.43.22:993][473]LogScriptCore:Warning: Script Msg: Attempted to access index 2 from array patrolPoint of length 2!
[2017.12.07-17.43.23:942][530]LogScriptCore:Warning: Script Msg: Attempted to access index 2 from array patrolPoint of length 2!
[2017.12.07-17.43.29:239][832]LogScriptCore:Warning: Script Msg: Attempted to access index 2 from array patrolPoint of length 2!
[2017.12.07-17.43.30:265][891]LogScriptCore:Warning: Script Msg: Attempted to access index 2 from array patrolPoint of length 2!
[2017.12.07-17.43.33:273][ 56]LogScriptCore:Warning: Script Msg: Attempted to access index 2 from array patrolPoint of length 2!
[2017.12.07-17.43.33:679][ 79]LogScriptCore:Warning: Script Msg: Attempted to access index 2 from array patrolPoint of length 2!
[2017.12.07-17.43.33:969][ 96]LogBlueprintUserMessages: [ResetAttackRangeCD_C_0] Hello
[2017.12.07-17.43.36:936][264]LogBlueprintUserMessages: [ResetAttackRangeCD_C_0] Hello
[2017.12.07-17.43.37:518][298]LogScriptCore:Warning: Script Msg: Attempted to access index 2 from array patrolPoint of length 2!
[2017.12.07-17.43.39:034][384]LogBlueprintUserMessages: [ResetAttackRangeCD_C_0] Hello
[2017.12.07-17.43.39:930][435]LogScriptCore:Warning: Script Msg: Attempted to access index 3 from array patrolPoint of length 3!
[2017.12.07-17.43.40:696][479]LogScriptCore:Warning: Script Msg: Attempted to access index 2 from array patrolPoint of length 2!
[2017.12.07-17.43.40:959][494]LogBlueprintUserMessages: [ResetAttackRangeCD_C_0] Hello
[2017.12.07-17.43.43:206][620]LogBlueprintUserMessages: [ResetAttackRangeCD_C_0] Hello
[2017.12.07-17.43.43:437][633]LogScriptCore:Warning: Script Msg: Attempted to access index 2 from array patrolPoint of length 2!
[2017.12.07-17.43.44:307][680]LogScriptCore:Warning: Script Msg: Attempted to access index 2 from array patrolPoint of length 2!
[2017.12.07-17.43.44:716][704]LogScriptCore:Warning: Script Msg: Attempted to access index 3 from array patrolPoint of length 3!
[2017.12.07-17.43.44:786][708]LogScriptCore:Warning: Script Msg: Attempted to access index 2 from array patrolPoint of length 2!
[2017.12.07-17.43.45:397][743]LogBlueprintUserMessages: [EnemyChracter_BP4_3297] Right hit
[2017.12.07-17.43.45:435][745]LogBlueprintUserMessages: [ResetAttackRangeCD_C_0] Hello
[2017.12.07-17.43.46:369][797]LogBlueprintUserMessages: Early EndPlayMap Detection: Level '/Game/ThirdPersonBP/Maps/MockUp_Map.MockUp_Map:PersistentLevel' has LevelScriptBlueprint '/Game/ThirdPersonBP/Maps/MockUp_Map.MockUp_Map:PersistentLevel.MockUp_Map' with GeneratedClass '/Game/ThirdPersonBP/Maps/MockUp_Map.MockUp_Map_C' with ClassGeneratedBy '/Game/ThirdPersonBP/Maps/MockUp_Map.MockUp_Map:PersistentLevel.MockUp_Map'
[2017.12.07-17.43.46:519][797]LogBlueprintUserMessages: Late EndPlayMap Detection: Level '/Game/ThirdPersonBP/Maps/MockUp_Map.MockUp_Map:PersistentLevel' has LevelScriptBlueprint '/Game/ThirdPersonBP/Maps/MockUp_Map.MockUp_Map:PersistentLevel.MockUp_Map' with GeneratedClass '/Game/ThirdPersonBP/Maps/MockUp_Map.MockUp_Map_C' with ClassGeneratedBy '/Game/ThirdPersonBP/Maps/MockUp_Map.MockUp_Map:PersistentLevel.MockUp_Map'
[2017.12.07-17.44.38:522][719]LogEditorViewport: Clicking on Actor (LMB): InstancedFoliageActor (InstancedFoliageActor)
[2017.12.07-17.44.43:454][931]LogEditorViewport: Clicking on Actor (LMB): StaticMeshActor (SM_RL_Floor_Corner4)
[2017.12.07-17.44.58:968][484]LogNavigationPoint: PostEditMove Clear paths rebuilt
[2017.12.07-17.45.00:320][541]LogNavigationPoint: PostEditMove Clear paths rebuilt
[2017.12.07-17.45.13:456][ 75]BlueprintLog: New page: Compile EnemyChracter_BP
[2017.12.07-17.45.14:837][109]LogSavePackage: Save=138.77ms
[2017.12.07-17.45.14:837][109]LogSavePackage: Moving '../../../../../../Users/chong/OneDrive/Documents/GitHub/FYP_DumbTesting/Meeting/Saved/EnemyChracter_BP98A663F7441E8404FB55EDBC9C810826.tmp' to '../../../../../../Users/chong/OneDrive/Documents/GitHub/FYP_DumbTesting/Meeting/Content/Blueprint/AI/EnemyChracter_BP.uasset'
[2017.12.07-17.45.14:845][109]LogSavePackage:Display: Finished SavePackage ../../../../../../Users/chong/OneDrive/Documents/GitHub/FYP_DumbTesting/Meeting/Content/Blueprint/AI/EnemyChracter_BP.uasset
[2017.12.07-17.45.17:517][222]LogTemp: Repeting last play command: Selected Viewport
[2017.12.07-17.45.17:571][222]LogBlueprintUserMessages: Early PlayInEditor Detection: Level '/Game/ThirdPersonBP/Maps/MockUp_Map.MockUp_Map:PersistentLevel' has LevelScriptBlueprint '/Game/ThirdPersonBP/Maps/MockUp_Map.MockUp_Map:PersistentLevel.MockUp_Map' with GeneratedClass '/Game/ThirdPersonBP/Maps/MockUp_Map.MockUp_Map_C' with ClassGeneratedBy '/Game/ThirdPersonBP/Maps/MockUp_Map.MockUp_Map:PersistentLevel.MockUp_Map'
[2017.12.07-17.45.17:571][222]LogPlayLevel: PlayLevel: No blueprints needed recompiling
[2017.12.07-17.45.17:572][222]PIE: New page: PIE session: MockUp_Map (Dec 8, 2017, 9:45:17 AM)
[2017.12.07-17.45.17:572][222]LogPlayLevel: Creating play world package: /Game/ThirdPersonBP/Maps/UEDPIE_0_MockUp_Map
[2017.12.07-17.45.18:053][222]LogPlayLevel: PIE: StaticDuplicateObject took: (0.480425s)
[2017.12.07-17.45.18:054][222]LogAIModule: Creating AISystem for world MockUp_Map
[2017.12.07-17.45.18:054][222]LogPlayLevel: PIE: World Init took: (0.000983s)
[2017.12.07-17.45.18:056][222]LogPlayLevel: PIE: Created PIE world by copying editor world from /Game/ThirdPersonBP/Maps/MockUp_Map.MockUp_Map to /Game/ThirdPersonBP/Maps/UEDPIE_0_MockUp_Map.MockUp_Map (0.483270s)
[2017.12.07-17.45.18:093][222]LogInit: XAudio2 using 'Speakers (Realtek High Definition Audio)' : 2 channels at 48 kHz using 32 bits per sample (channel mask 0x3)
[2017.12.07-17.45.18:124][222]LogInit: FAudioDevice initialized.
[2017.12.07-17.45.18:160][222]LogLoad: Game class is 'MeetingGameModeBase_BP_C'
[2017.12.07-17.45.18:263][222]LogWorld: Bringing World /Game/ThirdPersonBP/Maps/UEDPIE_0_MockUp_Map.MockUp_Map up for play (max tick rate 60) at 2017.12.08-01.45.18
[2017.12.07-17.45.18:293][222]LogWorld: Bringing up level for play took: 0.131209
[2017.12.07-17.45.18:307][222]PIE: Info Play in editor start time for /Game/ThirdPersonBP/Maps/UEDPIE_0_MockUp_Map 0.238
[2017.12.07-17.45.18:308][222]LogBlueprintUserMessages: Late PlayInEditor Detection: Level '/Game/ThirdPersonBP/Maps/MockUp_Map.MockUp_Map:PersistentLevel' has LevelScriptBlueprint '/Game/ThirdPersonBP/Maps/MockUp_Map.MockUp_Map:PersistentLevel.MockUp_Map' with GeneratedClass '/Game/ThirdPersonBP/Maps/MockUp_Map.MockUp_Map_C' with ClassGeneratedBy '/Game/ThirdPersonBP/Maps/MockUp_Map.MockUp_Map:PersistentLevel.MockUp_Map'
[2017.12.07-17.45.20:584][330]LogScriptCore:Warning: Script Msg: Attempted to access index 2 from array patrolPoint of length 2!
[2017.12.07-17.45.20:584][330]LogScriptCore:Warning: Script Msg: Attempted to access index 2 from array patrolPoint of length 2!
[2017.12.07-17.45.22:191][425]LogScriptCore:Warning: Script Msg: Attempted to access index 2 from array patrolPoint of length 2!
[2017.12.07-17.45.22:936][468]LogScriptCore:Warning: Script Msg: Attempted to access index 2 from array patrolPoint of length 2!
[2017.12.07-17.45.23:827][519]LogScriptCore:Warning: Script Msg: Attempted to access index 2 from array patrolPoint of length 2!
[2017.12.07-17.45.25:738][626]LogScriptCore:Warning: Script Msg: Attempted to access index 3 from array patrolPoint of length 3!
[2017.12.07-17.45.26:855][688]LogScriptCore:Warning: Script Msg: Attempted to access index 3 from array patrolPoint of length 3!
[2017.12.07-17.45.27:611][726]LogBlueprintUserMessages: Early EndPlayMap Detection: Level '/Game/ThirdPersonBP/Maps/MockUp_Map.MockUp_Map:PersistentLevel' has LevelScriptBlueprint '/Game/ThirdPersonBP/Maps/MockUp_Map.MockUp_Map:PersistentLevel.MockUp_Map' with GeneratedClass '/Game/ThirdPersonBP/Maps/MockUp_Map.MockUp_Map_C' with ClassGeneratedBy '/Game/ThirdPersonBP/Maps/MockUp_Map.MockUp_Map:PersistentLevel.MockUp_Map'
[2017.12.07-17.45.27:725][726]LogBlueprintUserMessages: Late EndPlayMap Detection: Level '/Game/ThirdPersonBP/Maps/MockUp_Map.MockUp_Map:PersistentLevel' has LevelScriptBlueprint '/Game/ThirdPersonBP/Maps/MockUp_Map.MockUp_Map:PersistentLevel.MockUp_Map' with GeneratedClass '/Game/ThirdPersonBP/Maps/MockUp_Map.MockUp_Map_C' with ClassGeneratedBy '/Game/ThirdPersonBP/Maps/MockUp_Map.MockUp_Map:PersistentLevel.MockUp_Map'
[2017.12.07-17.45.27:838][727]Cmd: SELECT NONE
