Log file open, 12/05/17 22:45:51
LogInit:Display: Running engine for game: Meeting
LogPlatformFile: Not using cached read wrapper
LogInit:Display: RandInit(-25126232) SRandInit(-25126231).
LogTaskGraph: Started task graph with 5 named threads and 7 total threads with 1 sets of task threads.
LogStats: Stats thread started at 0.109845
LogInit: Using libcurl 7.47.1
LogInit:  - built for x86_64-pc-win32
LogInit:  - supports SSL with OpenSSL/1.0.2g
LogInit:  - supports HTTP deflate (compression) using libz 1.2.8
LogInit:  - other features:
LogInit:      CURL_VERSION_SSL
LogInit:      CURL_VERSION_LIBZ
LogInit:      CURL_VERSION_IPV6
LogInit:      CURL_VERSION_ASYNCHDNS
LogInit:      CURL_VERSION_LARGEFILE
LogInit:      CURL_VERSION_IDN
LogInit:  CurlRequestOptions (configurable via config and command line):
LogInit:  - bVerifyPeer = false  - Libcurl will NOT verify peer certificate
LogInit:  - bUseHttpProxy = false  - Libcurl will NOT use HTTP proxy
LogInit:  - bDontReuseConnections = false  - Libcurl will reuse connections
LogInit:  - CertBundlePath = nullptr  - Libcurl will use whatever was configured at build time.
LogInit: Build: ++UE4+Release-4.15-CL-3450819
LogInit: Engine Version: 4.15.3-3450819+++UE4+Release-4.15
LogInit: Compatible Engine Version: 4.15.0-3299760+++UE4+Release-4.15
LogInit: Net CL: 3299760
LogDevObjectVersion: Number of dev versions registered: 14
LogDevObjectVersion:   Dev-Blueprints (B0D832E4-1F89-4F0D-ACCF-7EB736FD4AA2): 8
LogDevObjectVersion:   Dev-Build (E1C64328-A22C-4D53-A36C-8E866417BD8C): 0
LogDevObjectVersion:   Dev-Core (375EC13C-06E4-48FB-B500-84F0262A717E): 2
LogDevObjectVersion:   Dev-Editor (E4B068ED-F494-42E9-A231-DA0B2E46BB41): 14
LogDevObjectVersion:   Dev-Framework (CFFC743F-43B0-4480-9391-14DF171D2073): 22
LogDevObjectVersion:   Dev-Mobile (B02B49B5-BB20-44E9-A304-32B752E40360): 0
LogDevObjectVersion:   Dev-Networking (A4E4105C-59A1-49B5-A7C5-40C4547EDFEE): 0
LogDevObjectVersion:   Dev-Online (39C831C9-5AE6-47DC-9A44-9C173E1C8E7C): 0
LogDevObjectVersion:   Dev-Physics (78F01B33-EBEA-4F98-B9B4-84EACCB95AA2): 0
LogDevObjectVersion:   Dev-Platform (6631380F-2D4D-43E0-8009-CF276956A95A): 0
LogDevObjectVersion:   Dev-Rendering (12F88B9F-8875-4AFC-A67C-D90C383ABD29): 12
LogDevObjectVersion:   Dev-Sequencer (7B5AE74C-D270-4C10-A958-57980B212A5A): 3
LogDevObjectVersion:   Dev-VR (D7296918-1DD6-4BDD-9DE2-64A83CC13884): 0
LogDevObjectVersion:   Dev-LoadTimes (C2A15278-BFE7-4AFE-6C17-90FF531DF755): 1
LogInit: Compiled (64-bit): May 21 2017 11:02:34
LogInit: Compiled with Visual C++: 19.00.23026.00
LogInit: Build Configuration: Development
LogInit: Branch Name: ++UE4+Release-4.15
LogInit: Command line:  
LogInit: Base directory: D:/UnrealEngine/UE_4.15/Engine/Binaries/Win64/
LogInit: Installed Engine Build: 1
LogInit: Presizing for max 8388607 objects, including 0 objects not considered by GC, pre-allocating 0 bytes for permanent pool.
LogInit: Object subsystem initialized
[2017.12.05-14.45.53:335][  0]LogInit: Selected Device Profile: [Windows]
[2017.12.05-14.45.53:335][  0]LogInit: Applying CVar settings loaded from the selected device profile: [Windows]
[2017.12.05-14.45.53:406][  0]LogInit: Computer: WINCTRL-E5MM7PO
[2017.12.05-14.45.53:406][  0]LogInit: User: HELLOBYE
[2017.12.05-14.45.53:406][  0]LogInit: CPU Page size=65536, Cores=3
[2017.12.05-14.45.53:406][  0]LogInit: High frequency timer resolution =3.825774 MHz
[2017.12.05-14.45.53:406][  0]LogMemory: Memory total: Physical=8.0GB (8GB approx)
[2017.12.05-14.45.53:406][  0]LogMemory: Platform Memory Stats for Windows
[2017.12.05-14.45.53:406][  0]LogMemory: Process Physical Memory: 272.54 MB used, 272.54 MB peak
[2017.12.05-14.45.53:406][  0]LogMemory: Process Virtual Memory: 278.33 MB used, 278.33 MB peak
[2017.12.05-14.45.53:406][  0]LogMemory: Physical Memory: 4650.85 MB used,  3523.26 MB free, 8174.11 MB total
[2017.12.05-14.45.53:406][  0]LogMemory: Virtual Memory: 660.47 MB used,  3523.26 MB free, 134217728.00 MB total
[2017.12.05-14.45.54:206][  0]LogTextLocalizationManager: No specific translations for ('en-MY') exist, so ('en') translations will be used.
[2017.12.05-14.45.59:256][  0]LogD3D11RHI: D3D11 adapters:
[2017.12.05-14.45.59:343][  0]LogD3D11RHI:    0. 'NVIDIA GeForce GTX 650' (Feature Level 11_0)
[2017.12.05-14.45.59:343][  0]LogD3D11RHI:       995/0/4087 MB DedicatedVideo/DedicatedSystem/SharedSystem, Outputs:1, VendorId:0x10de
[2017.12.05-14.45.59:350][  0]LogD3D11RHI:    1. 'Microsoft Basic Render Driver' (Feature Level 11_0)
[2017.12.05-14.45.59:350][  0]LogD3D11RHI:       0/0/4087 MB DedicatedVideo/DedicatedSystem/SharedSystem, Outputs:0, VendorId:0x1414
[2017.12.05-14.45.59:350][  0]LogD3D11RHI: Chosen D3D11 Adapter: 0
[2017.12.05-14.45.59:356][  0]LogD3D11RHI: Creating new Direct3DDevice
[2017.12.05-14.45.59:357][  0]LogD3D11RHI:     GPU DeviceId: 0xfc6 (for the marketing name, search the web for "GPU Device Id")
[2017.12.05-14.45.59:357][  0]LogWindows: EnumDisplayDevices:
[2017.12.05-14.45.59:357][  0]LogWindows:    0. 'NVIDIA GeForce GTX 650' (P:1 D:1)
[2017.12.05-14.45.59:357][  0]LogWindows:    1. 'NVIDIA GeForce GTX 650' (P:0 D:0)
[2017.12.05-14.45.59:357][  0]LogWindows:    2. 'NVIDIA GeForce GTX 650' (P:0 D:0)
[2017.12.05-14.45.59:357][  0]LogWindows:    3. 'NVIDIA GeForce GTX 650' (P:0 D:0)
[2017.12.05-14.45.59:357][  0]LogWindows: DebugString: FoundDriverCount:4 
[2017.12.05-14.45.59:357][  0]LogD3D11RHI:     Adapter Name: NVIDIA GeForce GTX 650
[2017.12.05-14.45.59:357][  0]LogD3D11RHI:   Driver Version: 388.13 (internal:23.21.13.8813, unified:388.13)
[2017.12.05-14.45.59:357][  0]LogD3D11RHI:      Driver Date: 10-27-2017
[2017.12.05-14.45.59:357][  0]LogRHI: Texture pool is 696 MB (70% of 995 MB)
[2017.12.05-14.45.59:403][  0]LogD3D11RHI:Warning: Timestamp queries are currently disabled on this hardware due to instability. Realtime GPU stats will not be available. You can override this behaviour by setting r.NVIDIATimestampWorkaround to 0
[2017.12.05-14.45.59:404][  0]LogD3D11RHI: Async texture creation enabled
[2017.12.05-14.45.59:669][  0]LogD3D11RHI: GPU Timing Frequency: 1000.000000 (Debug: 2 2)
[2017.12.05-14.45.59:723][  0]LogShaderCompilers: Guid format shader working directory is 6 characters bigger than the processId version (../../../../../GitHub/FYP_DumbTesting/Meeting/Intermediate/Shaders/WorkingDirectory/4060/).
[2017.12.05-14.45.59:724][  0]LogShaderCompilers: Cleaned the shader compiler working directory 'C:/Users/HELLO_BYE`/AppData/Local/Temp/UnrealShaderWorkingDir/051C302B437ACB04317D428BC5FD0315/'.
[2017.12.05-14.45.59:724][  0]LogShaderCompilers:Display: Using Local Shader Compiler.
[2017.12.05-14.46.05:035][  0]LogTemp:Display: Loaded TP AllDesktopTargetPlatform
[2017.12.05-14.46.05:105][  0]LogTemp:Display: Loaded TP MacClientTargetPlatform
[2017.12.05-14.46.05:172][  0]LogTemp:Display: Loaded TP MacNoEditorTargetPlatform
[2017.12.05-14.46.05:240][  0]LogTemp:Display: Loaded TP MacServerTargetPlatform
[2017.12.05-14.46.05:329][  0]LogTemp:Display: Loaded TP MacTargetPlatform
[2017.12.05-14.46.05:396][  0]LogTemp:Display: Loaded TP WindowsClientTargetPlatform
[2017.12.05-14.46.05:464][  0]LogTemp:Display: Loaded TP WindowsNoEditorTargetPlatform
[2017.12.05-14.46.05:532][  0]LogTemp:Display: Loaded TP WindowsServerTargetPlatform
[2017.12.05-14.46.05:583][  0]LogTemp:Display: Loaded TP WindowsTargetPlatform
[2017.12.05-14.46.05:670][  0]LogTemp:Display: Loaded TP AndroidTargetPlatform
[2017.12.05-14.46.05:733][  0]LogTemp:Display: Loaded TP Android_ASTCTargetPlatform
[2017.12.05-14.46.05:797][  0]LogTemp:Display: Loaded TP Android_ATCTargetPlatform
[2017.12.05-14.46.05:861][  0]LogTemp:Display: Loaded TP Android_DXTTargetPlatform
[2017.12.05-14.46.05:925][  0]LogTemp:Display: Loaded TP Android_ETC1TargetPlatform
[2017.12.05-14.46.05:992][  0]LogTemp:Display: Loaded TP Android_ETC2TargetPlatform
[2017.12.05-14.46.06:126][  0]LogTemp:Display: Loaded TP Android_MultiTargetPlatform
[2017.12.05-14.46.06:126][  0]LogTemp:Display: Loaded TP Android_PVRTCTargetPlatform
[2017.12.05-14.46.06:167][  0]LogTemp:Display: Loaded TP HTML5TargetPlatform
[2017.12.05-14.46.06:401][  0]LogTemp:Display: Loaded TP IOSTargetPlatform
[2017.12.05-14.46.06:451][  0]LogTemp:Display: Loaded TP TVOSTargetPlatform
[2017.12.05-14.46.06:516][  0]LogTemp:Display: Loaded TP LinuxClientTargetPlatform
[2017.12.05-14.46.06:582][  0]LogTemp:Display: Loaded TP LinuxNoEditorTargetPlatform
[2017.12.05-14.46.06:643][  0]LogTemp:Display: Loaded TP LinuxServerTargetPlatform
[2017.12.05-14.46.06:714][  0]LogTemp:Display: Loaded TP LinuxTargetPlatform
[2017.12.05-14.46.06:714][  0]LogTargetPlatformManager:Display: Building Assets For Windows
[2017.12.05-14.46.08:091][  0]LogDerivedDataCache:Display: Max Cache Size: 512 MB
[2017.12.05-14.46.08:676][  0]LogDerivedDataCache: Loaded boot cache 0.58s 50MB C:/Users/HELLO_BYE`/AppData/Local/UnrealEngine/4.15/DerivedDataCache/Boot.ddc.
[2017.12.05-14.46.08:676][  0]LogDerivedDataCache:Display: Loaded Boot cache: C:/Users/HELLO_BYE`/AppData/Local/UnrealEngine/4.15/DerivedDataCache/Boot.ddc
[2017.12.05-14.46.08:676][  0]LogDerivedDataCache: FDerivedDataBackendGraph:  Pak pak cache file ../../../../../GitHub/FYP_DumbTesting/Meeting/DerivedDataCache/DDC.ddp not found, will not use a pak cache.
[2017.12.05-14.46.08:676][  0]LogDerivedDataCache: Unable to find inner node Pak for hierarchical cache Hierarchy.
[2017.12.05-14.46.08:676][  0]LogDerivedDataCache: FDerivedDataBackendGraph:  CompressedPak pak cache file ../../../../../GitHub/FYP_DumbTesting/Meeting/DerivedDataCache/Compressed.ddp not found, will not use a pak cache.
[2017.12.05-14.46.08:676][  0]LogDerivedDataCache: Unable to find inner node CompressedPak for hierarchical cache Hierarchy.
[2017.12.05-14.46.08:746][  0]LogDerivedDataCache:Display: Pak cache opened for reading ../../../Engine/DerivedDataCache/Compressed.ddp.
[2017.12.05-14.46.08:758][  0]LogDerivedDataCache: Using Local data cache path C:/Users/HELLO_BYE`/AppData/Local/UnrealEngine/Common/DerivedDataCache: Writable
[2017.12.05-14.46.08:772][  0]LogSlate: Using Freetype 2.6.0
[2017.12.05-14.46.08:827][  0]LogSlate: SlateFontCache - WITH_FREETYPE: 1, WITH_HARFBUZZ: 1
[2017.12.05-14.46.08:827][  0]LogSlate: SlateFontCache - WITH_FREETYPE: 1, WITH_HARFBUZZ: 1
[2017.12.05-14.46.16:866][  0]LogInit: Selected Device Profile: [Windows]
[2017.12.05-14.46.16:868][  0]LogContentStreaming: Texture pool size is 0.00 MB
[2017.12.05-14.46.17:105][  0]LogMeshUtilities: Using QuadricMeshReduction for automatic static mesh reduction
[2017.12.05-14.46.17:152][  0]LogSimplygon: Simplygon DLL not present - disabling.
[2017.12.05-14.46.17:205][  0]LogMeshUtilities: Using SimplygonSwarm for distributed automatic mesh merging
[2017.12.05-14.46.17:205][  0]LogMeshUtilities: No automatic skeletal mesh reduction module available
[2017.12.05-14.46.17:205][  0]LogMeshUtilities: No automatic mesh merging module available
[2017.12.05-14.46.18:073][  0]LogNetVersion: GetLocalNetworkVersion: CL: 3299760, ProjectName: meeting, ProjectVersion: , EngineNetworkVersion: 2, GameNetworkVersion: 0, NetworkChecksum: 116300604
[2017.12.05-14.46.18:127][  0]LogAssetRegistry: FAssetRegistry took 0.0221 seconds to start up
[2017.12.05-14.46.18:197][  0]LogPackageLocalizationCache: Processed 3 localized package path(s) for 2 prioritized culture(s) in 0.043412 seconds
[2017.12.05-14.46.18:204][  0]LogUObjectArray: 32493 objects as part of root set at end of initial load.
[2017.12.05-14.46.18:204][  0]LogUObjectAllocator: 7077032 out of 0 bytes used by permanent object pool.
[2017.12.05-14.46.18:204][  0]LogUObjectArray: CloseDisregardForGC: 0/0 objects in disregard for GC pool
[2017.12.05-14.46.18:276][  0]LogInit: WinSock: version 1.1 (2.2), MaxSocks=32767, MaxUdp=65467
[2017.12.05-14.46.36:446][  0]LogTcpMessaging: Initializing TcpMessaging bridge
[2017.12.05-14.46.36:494][  0]LogUdpMessaging: Initializing bridge on interface 0.0.0.0:0 to multicast group 230.0.0.1:6666.
[2017.12.05-14.46.37:431][  0]LogMaterial: Uniform references updated for custom material expression Custom.
[2017.12.05-14.46.37:864][  0]SourceControl: Info Source control is disabled
[2017.12.05-14.46.38:645][  0]SourceControl: Info Source control is disabled
[2017.12.05-14.46.38:703][  0]SourceControl: Info Source control is disabled
[2017.12.05-14.46.38:760][  0]SourceControl: Info Source control is disabled
[2017.12.05-14.46.40:697][  0]LogEngine: Initializing Engine...
[2017.12.05-14.46.40:729][  0]LogHMD: Failed to initialize OpenVR with code 100
[2017.12.05-14.46.40:869][  0]LogStats: UGameplayTagsManager::ConstructGameplayTagTree: Construct from data asset -  0.000 s
[2017.12.05-14.46.40:869][  0]LogStats: UGameplayTagsManager::ConstructGameplayTagTree: GameplayTagTreeChangedEvent.Broadcast -  0.000 s
[2017.12.05-14.46.41:019][  0]LogAIModule: Creating AISystem for world Untitled
[2017.12.05-14.46.41:051][  0]LogInit: XAudio2 using 'VX2363 Series-4 (NVIDIA High Definition Audio)' : 2 channels at 48 kHz using 16 bits per sample (channel mask 0x3)
[2017.12.05-14.46.41:066][  0]LogInit: FAudioDevice initialized.
[2017.12.05-14.46.41:203][  0]LogDerivedDataCache: Saved boot cache 0.14s 50MB C:/Users/HELLO_BYE`/AppData/Local/UnrealEngine/4.15/DerivedDataCache/Boot.ddc.
[2017.12.05-14.46.41:234][  0]LogInit: Texture streaming: Enabled
[2017.12.05-14.46.41:380][  0]LogEngineSessionManager: EngineSessionManager initialized
[2017.12.05-14.46.41:489][  0]LogInit: Transaction tracking system initialized
[2017.12.05-14.46.41:893][  0]BlueprintLog: New page: Editor Load
[2017.12.05-14.46.42:977][  0]LocalizationService: Info Localization service is disabled
[2017.12.05-14.46.43:855][  0]LogConsoleResponse:Display: 
[2017.12.05-14.46.44:414][  0]LogCook:Display: Max memory allowance for cook 16384mb min free memory 0mb
[2017.12.05-14.46.44:415][  0]LogCook:Display: Mobile HDR setting 1
[2017.12.05-14.46.44:804][  0]LogFileCache: Scanning file cache for directory 'D:/GitHub/FYP_DumbTesting/Meeting/Content/' took 0.04s
[2017.12.05-14.46.46:030][  0]SourceControl: Info Source control is disabled
[2017.12.05-14.46.46:030][  0]Cmd: MAP LOAD FILE="../../../../../GitHub/FYP_DumbTesting/Meeting/Content/ThirdPersonBP/Maps/MockUp_Map.umap" TEMPLATE=0 SHOWPROGRESS=1 FEATURELEVEL=3
[2017.12.05-14.46.46:031][  0]LightingResults: New page: Lighting Build
[2017.12.05-14.46.46:079][  0]MapCheck: New page: Map Check
[2017.12.05-14.46.46:079][  0]LightingResults: New page: Lighting Build
[2017.12.05-14.47.03:611][  0]LogBlueprint:Warning: [Compiler ThirdPersonCharacter] Warning InputAction Event references unknown Action 'ResetVR' for  InputAction ResetVR
[2017.12.05-14.47.03:611][  0]LogBlueprint:Warning: [Compiler ThirdPersonCharacter] Warning Input Axis Event references unknown Axis 'LookUpRate' for  InputAxis LookUpRate
[2017.12.05-14.47.03:611][  0]LogBlueprint:Warning: [Compiler ThirdPersonCharacter] Warning Input Axis Event references unknown Axis 'TurnRate' for  InputAxis TurnRate
[2017.12.05-14.47.03:612][  0]LogBlueprint:Warning: [Compiler ThirdPersonCharacter] Warning InputAction Event references unknown Action 'Jump' for  InputAction Jump
[2017.12.05-14.47.03:612][  0]LogBlueprint:Warning: [Compiler ThirdPersonCharacter] Warning Input Axis Event references unknown Axis 'LookUp' for  InputAxis LookUp
[2017.12.05-14.47.03:612][  0]LogBlueprint:Warning: [Compiler ThirdPersonCharacter] Warning Input Axis Event references unknown Axis 'Turn' for  InputAxis Turn
[2017.12.05-14.47.03:616][  0]LogBlueprint:Warning: [Compiler ThirdPersonCharacter] Warning [0079.90] Compile of ThirdPersonCharacter successful, but with 6 Warning(s) [in 13 ms] (/Game/ThirdPersonBP/Blueprints/ThirdPersonCharacter.ThirdPersonCharacter)
[2017.12.05-14.47.03:617][  0]LogBlueprint:Warning: [Compiler ThirdPersonCharacter] Warning [0079.90] Compile of ThirdPersonCharacter successful, but with 7 Warning(s) [in 0 ms] (/Game/ThirdPersonBP/Blueprints/ThirdPersonCharacter.ThirdPersonCharacter)
[2017.12.05-14.47.03:617][  0]LogBlueprint:Warning: [Compiler ThirdPersonCharacter] Warning [0079.90] Compile of ThirdPersonCharacter successful, but with 8 Warning(s) [in 0 ms] (/Game/ThirdPersonBP/Blueprints/ThirdPersonCharacter.ThirdPersonCharacter)
[2017.12.05-14.47.03:625][  0]LogBlueprint:Warning: [Compiler ThirdPersonCharacter] Warning InputAction Event references unknown Action 'ResetVR' for  InputAction ResetVR
[2017.12.05-14.47.03:625][  0]LogBlueprint:Warning: [Compiler ThirdPersonCharacter] Warning Input Axis Event references unknown Axis 'LookUpRate' for  InputAxis LookUpRate
[2017.12.05-14.47.03:625][  0]LogBlueprint:Warning: [Compiler ThirdPersonCharacter] Warning Input Axis Event references unknown Axis 'TurnRate' for  InputAxis TurnRate
[2017.12.05-14.47.03:625][  0]LogBlueprint:Warning: [Compiler ThirdPersonCharacter] Warning InputAction Event references unknown Action 'Jump' for  InputAction Jump
[2017.12.05-14.47.03:626][  0]LogBlueprint:Warning: [Compiler ThirdPersonCharacter] Warning Input Axis Event references unknown Axis 'LookUp' for  InputAxis LookUp
[2017.12.05-14.47.03:626][  0]LogBlueprint:Warning: [Compiler ThirdPersonCharacter] Warning Input Axis Event references unknown Axis 'Turn' for  InputAxis Turn
[2017.12.05-14.47.03:632][  0]LogBlueprint:Warning: [Compiler ThirdPersonCharacter] Warning [0079.91] Compile of ThirdPersonCharacter successful, but with 6 Warning(s) [in 12 ms] (/Game/ThirdPersonBP/Blueprints/ThirdPersonCharacter.ThirdPersonCharacter)
[2017.12.05-14.47.03:632][  0]LogBlueprint:Warning: [Compiler ThirdPersonCharacter] Warning [0079.91] Compile of ThirdPersonCharacter successful, but with 7 Warning(s) [in 0 ms] (/Game/ThirdPersonBP/Blueprints/ThirdPersonCharacter.ThirdPersonCharacter)
[2017.12.05-14.47.03:632][  0]LogBlueprint:Warning: [Compiler ThirdPersonCharacter] Warning [0079.91] Compile of ThirdPersonCharacter successful, but with 8 Warning(s) [in 0 ms] (/Game/ThirdPersonBP/Blueprints/ThirdPersonCharacter.ThirdPersonCharacter)
[2017.12.05-14.47.27:112][  0]LogStaticMesh: Building static mesh Lab_Chair...
[2017.12.05-14.47.27:581][  0]LogStaticMesh: Built static mesh [0.49s] /Game/Art/Environment/Material/Blockout_Lab/Lab_Chair.Lab_Chair
[2017.12.05-14.47.44:800][  0]LogTexture:Display: Building textures: HQ_Lightmap0_12 (AutoDXT, 1024X1024) - 429 MB total VRAM
[2017.12.05-14.47.59:233][  0]LogTexture:Display: Building textures: HQ_Lightmap0_13 (AutoDXT, 1024X1024) - 429 MB total VRAM
[2017.12.05-14.48.03:269][  0]LogTexture:Display: Building textures: HQ_Lightmap0_14 (AutoDXT, 1024X1024) - 429 MB total VRAM
[2017.12.05-14.48.08:767][  0]LogTexture:Display: Building textures: HQ_Lightmap0_15 (AutoDXT, 1024X1024) - 429 MB total VRAM
[2017.12.05-14.48.13:558][  0]LogTexture:Display: Building textures: HQ_Lightmap0_16 (AutoDXT, 1024X1024) - 429 MB total VRAM
[2017.12.05-14.48.20:009][  0]LogTexture:Display: Building textures: HQ_Lightmap0_17 (AutoDXT, 1024X1024) - 429 MB total VRAM
[2017.12.05-14.48.24:144][  0]LogTexture:Display: Building textures: HQ_Lightmap0_18 (AutoDXT, 1024X1024) - 429 MB total VRAM
[2017.12.05-14.48.51:865][  0]LogTexture:Display: Building textures: HQ_Lightmap1_1 (AutoDXT, 4096X4096) - 429 MB total VRAM
[2017.12.05-14.49.13:516][  0]LogTexture:Display: Building textures: HQ_Lightmap1_10 (AutoDXT, 1024X1024) - 429 MB total VRAM
[2017.12.05-14.49.14:516][  0]LogTexture:Display: Building textures: HQ_Lightmap1_11 (AutoDXT, 1024X1024) - 429 MB total VRAM
[2017.12.05-14.49.15:522][  0]LogTexture:Display: Building textures: HQ_Lightmap1_2 (AutoDXT, 1024X1024) - 429 MB total VRAM
[2017.12.05-14.49.16:539][  0]LogTexture:Display: Building textures: HQ_Lightmap1_3 (AutoDXT, 1024X1024) - 429 MB total VRAM
[2017.12.05-14.49.17:576][  0]LogTexture:Display: Building textures: HQ_Lightmap1_4 (AutoDXT, 1024X1024) - 429 MB total VRAM
[2017.12.05-14.49.18:531][  0]LogTexture:Display: Building textures: HQ_Lightmap1_5 (AutoDXT, 1024X1024) - 429 MB total VRAM
[2017.12.05-14.49.19:575][  0]LogTexture:Display: Building textures: HQ_Lightmap1_6 (AutoDXT, 1024X1024) - 429 MB total VRAM
[2017.12.05-14.49.20:598][  0]LogTexture:Display: Building textures: HQ_Lightmap1_7 (AutoDXT, 1024X1024) - 429 MB total VRAM
[2017.12.05-14.49.21:615][  0]LogTexture:Display: Building textures: HQ_Lightmap1_8 (AutoDXT, 1024X1024) - 429 MB total VRAM
[2017.12.05-14.49.22:555][  0]LogTexture:Display: Building textures: HQ_Lightmap1_9 (AutoDXT, 1024X1024) - 430 MB total VRAM
[2017.12.05-14.49.23:480][  0]LogTexture:Display: Building textures: LQ_Lightmap_0_12 (DXT1, 1024X1024) - 430 MB total VRAM
[2017.12.05-14.49.24:274][  0]LogTexture:Display: Building textures: LQ_Lightmap_0_13 (DXT1, 1024X1024) - 430 MB total VRAM
[2017.12.05-14.49.24:996][  0]LogTexture:Display: Building textures: LQ_Lightmap_0_14 (DXT1, 1024X1024) - 430 MB total VRAM
[2017.12.05-14.49.25:690][  0]LogTexture:Display: Building textures: LQ_Lightmap_0_15 (DXT1, 1024X1024) - 430 MB total VRAM
[2017.12.05-14.49.26:133][  0]LogTexture:Display: Building textures: LQ_Lightmap_0_16 (DXT1, 1024X1024) - 430 MB total VRAM
[2017.12.05-14.49.26:599][  0]LogTexture:Display: Building textures: LQ_Lightmap_0_17 (DXT1, 1024X1024) - 430 MB total VRAM
[2017.12.05-14.49.27:064][  0]LogTexture:Display: Building textures: LQ_Lightmap_0_18 (DXT1, 1024X1024) - 430 MB total VRAM
[2017.12.05-14.49.28:286][  0]LogTexture:Display: Building textures: LQ_Lightmap_1_1 (DXT1, 4096X4096) - 430 MB total VRAM
[2017.12.05-14.49.34:866][  0]LogTexture:Display: Building textures: LQ_Lightmap_1_10 (DXT1, 1024X1024) - 430 MB total VRAM
[2017.12.05-14.49.35:804][  0]LogTexture:Display: Building textures: LQ_Lightmap_1_11 (DXT1, 1024X1024) - 430 MB total VRAM
[2017.12.05-14.49.36:779][  0]LogTexture:Display: Building textures: LQ_Lightmap_1_2 (DXT1, 1024X1024) - 430 MB total VRAM
[2017.12.05-14.49.37:823][  0]LogTexture:Display: Building textures: LQ_Lightmap_1_3 (DXT1, 1024X1024) - 430 MB total VRAM
[2017.12.05-14.49.38:628][  0]LogTexture:Display: Building textures: LQ_Lightmap_1_4 (DXT1, 1024X1024) - 430 MB total VRAM
[2017.12.05-14.49.39:938][  0]LogTexture:Display: Building textures: LQ_Lightmap_1_5 (DXT1, 1024X1024) - 430 MB total VRAM
[2017.12.05-14.49.41:281][  0]LogTexture:Display: Building textures: LQ_Lightmap_1_6 (DXT1, 1024X1024) - 430 MB total VRAM
[2017.12.05-14.49.42:668][  0]LogTexture:Display: Building textures: LQ_Lightmap_1_7 (DXT1, 1024X1024) - 430 MB total VRAM
[2017.12.05-14.49.43:973][  0]LogTexture:Display: Building textures: LQ_Lightmap_1_8 (DXT1, 1024X1024) - 430 MB total VRAM
[2017.12.05-14.49.44:804][  0]LogTexture:Display: Building textures: LQ_Lightmap_1_9 (DXT1, 1024X1024) - 430 MB total VRAM
[2017.12.05-14.49.45:546][  0]LogTexture:Display: Building textures: SkyOcclusion0_12 (AutoDXT, 1024X512) - 430 MB total VRAM
[2017.12.05-14.49.45:814][  0]LogTexture:Display: Building textures: SkyOcclusion0_13 (AutoDXT, 1024X512) - 430 MB total VRAM
[2017.12.05-14.49.46:130][  0]LogTexture:Display: Building textures: SkyOcclusion0_14 (AutoDXT, 1024X512) - 430 MB total VRAM
[2017.12.05-14.49.46:386][  0]LogTexture:Display: Building textures: SkyOcclusion0_15 (AutoDXT, 1024X512) - 430 MB total VRAM
[2017.12.05-14.49.46:457][  0]LogTexture:Display: Building textures: SkyOcclusion0_16 (AutoDXT, 1024X512) - 430 MB total VRAM
[2017.12.05-14.49.46:509][  0]LogTexture:Display: Building textures: SkyOcclusion0_17 (AutoDXT, 1024X512) - 430 MB total VRAM
[2017.12.05-14.49.46:676][  0]LogTexture:Display: Building textures: SkyOcclusion0_18 (AutoDXT, 1024X512) - 430 MB total VRAM
[2017.12.05-14.49.47:158][  0]LogTexture:Display: Building textures: SkyOcclusion1_1 (AutoDXT, 4096X2048) - 430 MB total VRAM
[2017.12.05-14.49.50:337][  0]LogTexture:Display: Building textures: SkyOcclusion1_10 (AutoDXT, 1024X512) - 430 MB total VRAM
[2017.12.05-14.49.50:651][  0]LogTexture:Display: Building textures: SkyOcclusion1_11 (AutoDXT, 1024X512) - 430 MB total VRAM
[2017.12.05-14.49.50:913][  0]LogTexture:Display: Building textures: SkyOcclusion1_2 (AutoDXT, 1024X512) - 430 MB total VRAM
[2017.12.05-14.49.51:141][  0]LogTexture:Display: Building textures: SkyOcclusion1_3 (AutoDXT, 1024X512) - 430 MB total VRAM
[2017.12.05-14.49.51:417][  0]LogTexture:Display: Building textures: SkyOcclusion1_4 (AutoDXT, 1024X512) - 430 MB total VRAM
[2017.12.05-14.49.51:639][  0]LogTexture:Display: Building textures: SkyOcclusion1_5 (AutoDXT, 1024X512) - 430 MB total VRAM
[2017.12.05-14.49.51:888][  0]LogTexture:Display: Building textures: SkyOcclusion1_6 (AutoDXT, 1024X512) - 430 MB total VRAM
[2017.12.05-14.49.52:216][  0]LogTexture:Display: Building textures: SkyOcclusion1_7 (AutoDXT, 1024X512) - 430 MB total VRAM
[2017.12.05-14.49.52:527][  0]LogTexture:Display: Building textures: SkyOcclusion1_8 (AutoDXT, 1024X512) - 430 MB total VRAM
[2017.12.05-14.49.52:891][  0]LogTexture:Display: Building textures: SkyOcclusion1_9 (AutoDXT, 1024X512) - 430 MB total VRAM
[2017.12.05-14.50.11:726][  0]LogTexture:Display: Building textures: CHAIRLP_DefaultMaterial_OcclusionRoughnessMetallic (AutoDXT, 2048X2048) - 1402 MB total VRAM
[2017.12.05-14.50.14:358][  0]LogTexture:Display: Building textures: CHAIRLP_DefaultMaterial_Normal (BC5, 2048X2048) - 1402 MB total VRAM
[2017.12.05-14.50.15:936][  0]LogTexture:Display: Building textures: CHAIRLP_DefaultMaterial_BaseColor (AutoDXT, 2048X2048) - 1402 MB total VRAM
[2017.12.05-14.50.16:894][  0]LogMaterial: Missing cached shader map for material M_chair, compiling. 
[2017.12.05-14.50.16:916][  0]LogTemp:Display: Added material ShaderMap 0x0000017988553C80 with Material 0x0000017972279D80 to ShaderMapsBeingCompiled
[2017.12.05-14.50.17:120][  0]LogTemp:Display: Kicking off shader compilation for M_chair, GameThreadShaderMap 0x0000017988553C80
[2017.12.05-14.50.17:807][  0]LogMaterial: Missing cached shader map for material M_Metal_Steel, compiling. 
[2017.12.05-14.50.17:808][  0]LogMaterial:Warning: Failed to compile Material /Game/StarterContent/Materials/M_Metal_Steel.M_Metal_Steel for platform PCD3D_SM5, Default Material will be used in game.
[2017.12.05-14.50.17:808][  0]LogMaterial:Warning: 	(Node TextureSample) TextureSample> Missing input texture
[2017.12.05-14.50.25:070][  0]LogAIModule: Creating AISystem for world MockUp_Map
[2017.12.05-14.50.26:483][  0]LogEditorServer: Finished looking for orphan Actors (0.001 secs)
[2017.12.05-14.50.26:637][  0]Cmd: MAP CHECKDEP NOCLEARLOG
[2017.12.05-14.50.27:243][  0]MapCheck: Info Map check complete: 0 Error(s), 0 Warning(s), took 606.129ms to complete.
[2017.12.05-14.50.27:251][  0]LogFileHelpers: Loading map 'MockUp_Map' took 221.221
[2017.12.05-14.50.27:375][  0]LogTemp:Display: Finished compile of shader map 0x0000017988553C80
[2017.12.05-14.50.27:375][  0]LogTemp:Display: Shader map M_chair complete, GameThreadShaderMap 0x0000017988553C80, marking material M_chair as finished
[2017.12.05-14.50.27:375][  0]LogTemp:Display: Marking material as finished 0x0000017972279D80
[2017.12.05-14.50.29:694][  0]LogCollectionManager: Loaded 0 collections in 0.001723 seconds
[2017.12.05-14.50.31:947][  0]LogFileCache: Scanning file cache for directory 'D:/GitHub/FYP_DumbTesting/Meeting/Saved/Collections/' took 0.01s
[2017.12.05-14.50.31:947][  0]LogFileCache: Scanning file cache for directory 'D:/GitHub/FYP_DumbTesting/Meeting/Content/Developers/HELLOBYE/Collections/' took 0.01s
[2017.12.05-14.50.31:947][  0]LogFileCache: Scanning file cache for directory 'D:/GitHub/FYP_DumbTesting/Meeting/Content/Collections/' took 0.01s
[2017.12.05-14.50.31:947][  0]LogCollectionManager: Rebuilt the GUID cache for 0 collections in 0.000007 seconds
[2017.12.05-14.50.32:029][  0]LogContentBrowser: Native class hierarchy populated in 0.0801 seconds. Added 2259 classes and 455 folders.
[2017.12.05-14.50.32:253][  0]LogContentBrowser: Native class hierarchy updated for 'WidgetCarousel' in 0.0021 seconds. Added 0 classes and 0 folders.
[2017.12.05-14.50.34:068][  0]LogContentBrowser: Native class hierarchy updated for 'AddContentDialog' in 0.0068 seconds. Added 0 classes and 0 folders.
[2017.12.05-14.50.34:506][  0]LogContentBrowser: Native class hierarchy updated for 'SceneOutliner' in 0.0026 seconds. Added 1 classes and 2 folders.
[2017.12.05-14.50.35:756][  0]LogCrashTracker: Crashtracker disabled due to settings.
[2017.12.05-14.50.35:827][  0]LogUObjectGlobals:Warning: Failed to find object 'Class None.'
[2017.12.05-14.50.36:066][  0]LogContentBrowser: Native class hierarchy updated for 'HierarchicalLODOutliner' in 0.0024 seconds. Added 1 classes and 2 folders.
[2017.12.05-14.50.36:066][  0]LogLoad: (Engine Initialization) Total time: 292.35 seconds
[2017.12.05-14.50.36:066][  0]LogLoad: (Engine Initialization) Total Blueprint compile time: 2.89 seconds
[2017.12.05-14.50.36:066][  0]LogExternalProfiler: Found external profiler: VSPerf
[2017.12.05-14.50.36:066][  0]LogExternalProfiler: Using external profiler: VSPerf
[2017.12.05-14.50.36:451][  0]LogOcInput: OculusInput pre-init called
[2017.12.05-14.50.37:202][  0]LogContentStreaming: Texture pool size now 1000 MB
[2017.12.05-14.50.37:739][  0]LogSlate: Took 0.108002 seconds to synchronously load lazily loaded font '../../../Engine/Content/Slate/Fonts/Roboto-Regular.ttf' (155K)
[2017.12.05-14.50.37:917][  0]LogSlate: Took 0.172749 seconds to synchronously load lazily loaded font '../../../Engine/Content/Slate/Fonts/Roboto-Bold.ttf' (160K)
[2017.12.05-14.50.38:070][  0]LogSlate: Took 0.117091 seconds to synchronously load lazily loaded font '../../../Engine/Content/Editor/Slate/Fonts/FontAwesome.ttf' (139K)
[2017.12.05-14.50.39:389][  0]LogRenderer: Reallocating scene render targets to support 1204x616 NumSamples 1 (Frame:2).
[2017.12.05-14.50.39:389][  0]LogSlate: Took 0.045598 seconds to synchronously load lazily loaded font '../../../Engine/Content/Slate/Fonts/Roboto-Light.ttf' (159K)
[2017.12.05-14.50.43:203][ 10]LogAssetRegistry: Asset discovery search completed in 265.0983 seconds
[2017.12.05-14.50.43:214][ 10]LogCollectionManager: Rebuilt the object cache for 0 collections in 0.000005 seconds (found 0 objects)
[2017.12.05-14.50.43:214][ 10]LogCollectionManager: Fixed up redirectors for 0 collections in 0.010500 seconds (updated 0 objects)
[2017.12.05-14.50.53:385][480]LogSlate: Took 0.030617 seconds to synchronously load lazily loaded font '../../../Engine/Content/Editor/Slate/Fonts/DroidSansMono.ttf' (77K)
[2017.12.05-14.50.57:165][869]Cmd: r.Streaming.PoolSize 0
[2017.12.05-14.50.57:373][869]r.Streaming.PoolSize = "0"
[2017.12.05-14.50.57:642][875]LogContentStreaming: Texture pool size now 0 MB
[2017.12.05-14.51.20:086][898]LogEditorViewport: Clicking on Actor (LMB): StaticMeshActor (Monitor_LP_14)
[2017.12.05-14.51.22:653][899]LogEditorViewport: Clicking on Actor (LMB): StaticMeshActor (Monitor_LP_14)
[2017.12.05-14.51.23:115][910]LogEditorViewport: Clicking on Actor (LMB): StaticMeshActor (Monitor_LP_14)
[2017.12.05-14.51.33:777][211]LogEditorActor: Deleted Actor: StaticMeshActor
[2017.12.05-14.51.44:133][211]LogEditorActor: Deleted 1 Actors (10.600 secs)
[2017.12.05-14.51.52:176][465]LogEditorActor: Deleted Actor: StaticMeshActor
[2017.12.05-14.51.52:210][465]LogEditorActor: Deleted 1 Actors (0.044 secs)
[2017.12.05-14.52.16:948][ 76]LogEditorViewport: Clicking on Actor (LMB): Emitter (P_SubtleSteam_Rise_Slow)
[2017.12.05-14.52.17:761][ 91]LogEditorViewport: Clicking on Actor (LMB): Emitter (P_SubtleSteam_Rise_Slow)
[2017.12.05-14.52.18:317][114]LogEditorViewport: Clicking on Actor (LMB): Emitter (P_SubtleSteam_Rise_Slow)
[2017.12.05-14.52.18:407][114]LogEditorViewport: Clicking on Component (LMB): ParticleSystemComponent (ParticleSystemComponent0)
[2017.12.05-14.52.18:552][115]LogEditorViewport: Clicking on Component (LMB): ParticleSystemComponent (ParticleSystemComponent0)
[2017.12.05-14.52.22:713][293]LogEditorViewport: Clicking on Component (LMB): ParticleSystemComponent (ParticleSystemComponent0)
[2017.12.05-14.52.22:767][293]LogEditorViewport: Clicking on Actor (double click): Emitter (P_SubtleSteam_Rise_Slow)
[2017.12.05-14.52.22:953][298]LogEditorViewport: Clicking on Actor (LMB): Emitter (P_SubtleSteam_Rise_Slow)
[2017.12.05-14.52.23:366][314]LogEditorViewport: Clicking on Actor (LMB): Emitter (P_SubtleSteam_Rise_Slow)
[2017.12.05-14.52.23:408][314]LogEditorViewport: Clicking on Component (LMB): ParticleSystemComponent (ParticleSystemComponent0)
[2017.12.05-14.52.26:126][392]LogD3D11RHI: Timed out while waiting for GPU to catch up. (0.5 s)
[2017.12.05-14.52.31:427][589]LogConsoleManager:Warning: Setting the console variable 'r.Streaming.PoolSize' with 'SetByScalability' was ignored as it is lower priority than the previous 'SetByConsole'. Value remains '0'
[2017.12.05-14.52.36:020][589]LogMaterial: Missing cached shader map for material M_Metal_Steel, compiling. 
[2017.12.05-14.52.36:021][589]LogMaterial:Warning: Failed to compile Material /Game/StarterContent/Materials/M_Metal_Steel.M_Metal_Steel for platform PCD3D_SM5, Default Material will be used in game.
[2017.12.05-14.52.36:021][589]LogMaterial:Warning: 	(Node TextureSample) TextureSample> Missing input texture
[2017.12.05-14.52.36:797][591]LogRenderer: Reallocating scene render targets to support 1204x616 NumSamples 1 (Frame:2889).
[2017.12.05-14.52.39:110][610]LogD3D11RHI: Timed out while waiting for GPU to catch up. (0.5 s)
[2017.12.05-14.54.53:795][381]LogSlate: Took 0.010911 seconds to synchronously load lazily loaded font '../../../Engine/Content/Slate/Fonts/Roboto-Light.ttf' (159K)
[2017.12.05-14.54.54:762][381]LogSlate: Took 0.035748 seconds to synchronously load lazily loaded font '../../../Engine/Content/Slate/Fonts/Roboto-Regular.ttf' (155K)
[2017.12.05-14.55.00:076][381]LogContentBrowser: Native class hierarchy updated for 'BlueprintGraph' in 0.0358 seconds. Added 112 classes and 0 folders.
[2017.12.05-14.55.05:473][381]LogSlate: Took 0.124692 seconds to synchronously load lazily loaded font '../../../Engine/Content/Editor/Slate/Fonts/Roboto-BoldCondensed.ttf' (158K)
[2017.12.05-14.55.06:098][382]LogSlate: Took 0.024431 seconds to synchronously load lazily loaded font '../../../Engine/Content/Editor/Slate/Fonts/Roboto-Italic.ttf' (157K)
[2017.12.05-14.55.42:669][431]LogLinker: Can't find file '/Game/Tech/ComputerEvent/CorridorArea/LogUI_Widget05'
[2017.12.05-14.55.42:669][431]LogLinker: Can't find file '/Game/Tech/ComputerEvent/CorridorArea/LogUI_Widget05'
[2017.12.05-14.55.42:679][431]LogProperty:Warning: ClassProperty /Script/BlueprintGraph.K2Node_DynamicCast:TargetType: unresolved reference to 'WidgetBlueprintGeneratedClass'/Game/Tech/ComputerEvent/CorridorArea/LogUI_Widget05.LogUI_Widget05_C''
[2017.12.05-14.55.42:681][431]LogProperty:Warning: ObjectProperty /Script/Engine.MemberReference:MemberParent: unresolved reference to 'WidgetBlueprintGeneratedClass'/Game/Tech/ComputerEvent/CorridorArea/LogUI_Widget05.LogUI_Widget05_C',MemberName="NewEventDispatcher_1",MemberGuid=3B21DA894468AA50FA49CC9E1DB64F99)'
[2017.12.05-14.55.43:027][431]LogLinker: Can't find file '/Game/Tech/ComputerEvent/CorridorArea/LogUI_Widget06'
[2017.12.05-14.55.43:027][431]LogLinker: Can't find file '/Game/Tech/ComputerEvent/CorridorArea/LogUI_Widget06'
[2017.12.05-14.55.43:027][431]LogProperty:Warning: ClassProperty /Script/BlueprintGraph.K2Node_DynamicCast:TargetType: unresolved reference to 'WidgetBlueprintGeneratedClass'/Game/Tech/ComputerEvent/CorridorArea/LogUI_Widget06.LogUI_Widget06_C''
[2017.12.05-14.55.43:028][431]LogProperty:Warning: ObjectProperty /Script/Engine.MemberReference:MemberParent: unresolved reference to 'WidgetBlueprintGeneratedClass'/Game/Tech/ComputerEvent/CorridorArea/LogUI_Widget06.LogUI_Widget06_C',MemberName="NewEventDispatcher_1",MemberGuid=3B21DA894468AA50FA49CC9E1DB64F99)'
[2017.12.05-14.55.43:028][431]LogLinker: Can't find file '/Game/Tech/ComputerEvent/CorridorArea/LogUI_Widget07'
[2017.12.05-14.55.43:029][431]LogLinker: Can't find file '/Game/Tech/ComputerEvent/CorridorArea/LogUI_Widget07'
[2017.12.05-14.55.43:029][431]LogProperty:Warning: ClassProperty /Script/BlueprintGraph.K2Node_DynamicCast:TargetType: unresolved reference to 'WidgetBlueprintGeneratedClass'/Game/Tech/ComputerEvent/CorridorArea/LogUI_Widget07.LogUI_Widget07_C''
[2017.12.05-14.55.43:030][431]LogProperty:Warning: ObjectProperty /Script/Engine.MemberReference:MemberParent: unresolved reference to 'WidgetBlueprintGeneratedClass'/Game/Tech/ComputerEvent/CorridorArea/LogUI_Widget07.LogUI_Widget07_C',MemberName="NewEventDispatcher_1",MemberGuid=3B21DA894468AA50FA49CC9E1DB64F99)'
[2017.12.05-14.55.43:030][431]LogLinker: Can't find file '/Game/Tech/ComputerEvent/CorridorArea/LogUI_Widget09'
[2017.12.05-14.55.43:030][431]LogLinker: Can't find file '/Game/Tech/ComputerEvent/CorridorArea/LogUI_Widget09'
[2017.12.05-14.55.43:031][431]LogProperty:Warning: ClassProperty /Script/BlueprintGraph.K2Node_DynamicCast:TargetType: unresolved reference to 'WidgetBlueprintGeneratedClass'/Game/Tech/ComputerEvent/CorridorArea/LogUI_Widget09.LogUI_Widget09_C''
[2017.12.05-14.55.43:031][431]LogProperty:Warning: ObjectProperty /Script/Engine.MemberReference:MemberParent: unresolved reference to 'WidgetBlueprintGeneratedClass'/Game/Tech/ComputerEvent/CorridorArea/LogUI_Widget09.LogUI_Widget09_C',MemberName="NewEventDispatcher_1",MemberGuid=3B21DA894468AA50FA49CC9E1DB64F99)'
[2017.12.05-14.55.43:032][431]LogLinker: Can't find file '/Game/Tech/ComputerEvent/CorridorArea/LogUI_Widget10'
[2017.12.05-14.55.43:032][431]LogLinker: Can't find file '/Game/Tech/ComputerEvent/CorridorArea/LogUI_Widget10'
[2017.12.05-14.55.43:032][431]LogProperty:Warning: ClassProperty /Script/BlueprintGraph.K2Node_DynamicCast:TargetType: unresolved reference to 'WidgetBlueprintGeneratedClass'/Game/Tech/ComputerEvent/CorridorArea/LogUI_Widget10.LogUI_Widget10_C''
[2017.12.05-14.55.43:033][431]LogProperty:Warning: ObjectProperty /Script/Engine.MemberReference:MemberParent: unresolved reference to 'WidgetBlueprintGeneratedClass'/Game/Tech/ComputerEvent/CorridorArea/LogUI_Widget10.LogUI_Widget10_C',MemberName="NewEventDispatcher_1",MemberGuid=3B21DA894468AA50FA49CC9E1DB64F99)'
[2017.12.05-14.55.43:034][431]LogLinker: Can't find file '/Game/Tech/ComputerEvent/CorridorArea/LogUI_Widget11'
[2017.12.05-14.55.43:034][431]LogLinker: Can't find file '/Game/Tech/ComputerEvent/CorridorArea/LogUI_Widget11'
[2017.12.05-14.55.43:034][431]LogProperty:Warning: ClassProperty /Script/BlueprintGraph.K2Node_DynamicCast:TargetType: unresolved reference to 'WidgetBlueprintGeneratedClass'/Game/Tech/ComputerEvent/CorridorArea/LogUI_Widget11.LogUI_Widget11_C''
[2017.12.05-14.55.43:035][431]LogProperty:Warning: ObjectProperty /Script/Engine.MemberReference:MemberParent: unresolved reference to 'WidgetBlueprintGeneratedClass'/Game/Tech/ComputerEvent/CorridorArea/LogUI_Widget11.LogUI_Widget11_C',MemberName="NewEventDispatcher_1",MemberGuid=3B21DA894468AA50FA49CC9E1DB64F99)'
[2017.12.05-14.55.43:036][431]LogLinker: Can't find file '/Game/Tech/ComputerEvent/CorridorArea/LogUI_Widget12'
[2017.12.05-14.55.43:036][431]LogLinker: Can't find file '/Game/Tech/ComputerEvent/CorridorArea/LogUI_Widget12'
[2017.12.05-14.55.43:036][431]LogProperty:Warning: ClassProperty /Script/BlueprintGraph.K2Node_DynamicCast:TargetType: unresolved reference to 'WidgetBlueprintGeneratedClass'/Game/Tech/ComputerEvent/CorridorArea/LogUI_Widget12.LogUI_Widget12_C''
[2017.12.05-14.55.43:037][431]LogProperty:Warning: ObjectProperty /Script/Engine.MemberReference:MemberParent: unresolved reference to 'WidgetBlueprintGeneratedClass'/Game/Tech/ComputerEvent/CorridorArea/LogUI_Widget12.LogUI_Widget12_C',MemberName="NewEventDispatcher_1",MemberGuid=3B21DA894468AA50FA49CC9E1DB64F99)'
[2017.12.05-14.55.43:037][431]LogLinker: Can't find file '/Game/Tech/ComputerEvent/CorridorArea/LogUI_Widget13'
[2017.12.05-14.55.43:038][431]LogLinker: Can't find file '/Game/Tech/ComputerEvent/CorridorArea/LogUI_Widget13'
[2017.12.05-14.55.43:038][431]LogProperty:Warning: ClassProperty /Script/BlueprintGraph.K2Node_DynamicCast:TargetType: unresolved reference to 'WidgetBlueprintGeneratedClass'/Game/Tech/ComputerEvent/CorridorArea/LogUI_Widget13.LogUI_Widget13_C''
[2017.12.05-14.55.43:039][431]LogLinker: Can't find file '/Game/Tech/ComputerEvent/CorridorArea/LogUI_Widget14'
[2017.12.05-14.55.43:039][431]LogLinker: Can't find file '/Game/Tech/ComputerEvent/CorridorArea/LogUI_Widget14'
[2017.12.05-14.55.43:039][431]LogProperty:Warning: ClassProperty /Script/BlueprintGraph.K2Node_DynamicCast:TargetType: unresolved reference to 'WidgetBlueprintGeneratedClass'/Game/Tech/ComputerEvent/CorridorArea/LogUI_Widget14.LogUI_Widget14_C''
[2017.12.05-14.55.43:040][431]LogProperty:Warning: ObjectProperty /Script/Engine.MemberReference:MemberParent: unresolved reference to 'WidgetBlueprintGeneratedClass'/Game/Tech/ComputerEvent/CorridorArea/LogUI_Widget13.LogUI_Widget13_C',MemberName="NewEventDispatcher_1",MemberGuid=3B21DA894468AA50FA49CC9E1DB64F99)'
[2017.12.05-14.55.43:041][431]LogProperty:Warning: ObjectProperty /Script/Engine.MemberReference:MemberParent: unresolved reference to 'WidgetBlueprintGeneratedClass'/Game/Tech/ComputerEvent/CorridorArea/LogUI_Widget14.LogUI_Widget14_C',MemberName="NewEventDispatcher_1",MemberGuid=3B21DA894468AA50FA49CC9E1DB64F99)'
[2017.12.05-14.55.43:042][431]LogLinker: Can't find file '/Game/Tech/ComputerEvent/CorridorArea/LogUI_Widget16'
[2017.12.05-14.55.43:042][431]LogLinker: Can't find file '/Game/Tech/ComputerEvent/CorridorArea/LogUI_Widget16'
[2017.12.05-14.55.43:042][431]LogProperty:Warning: ClassProperty /Script/BlueprintGraph.K2Node_DynamicCast:TargetType: unresolved reference to 'WidgetBlueprintGeneratedClass'/Game/Tech/ComputerEvent/CorridorArea/LogUI_Widget16.LogUI_Widget16_C''
[2017.12.05-14.55.43:043][431]LogProperty:Warning: ObjectProperty /Script/Engine.MemberReference:MemberParent: unresolved reference to 'WidgetBlueprintGeneratedClass'/Game/Tech/ComputerEvent/CorridorArea/LogUI_Widget16.LogUI_Widget16_C',MemberName="NewEventDispatcher_1",MemberGuid=3B21DA894468AA50FA49CC9E1DB64F99)'
[2017.12.05-14.55.43:044][431]LogLinker: Can't find file '/Game/Tech/ComputerEvent/CorridorArea/LogUI_Widget17'
[2017.12.05-14.55.43:044][431]LogLinker: Can't find file '/Game/Tech/ComputerEvent/CorridorArea/LogUI_Widget17'
[2017.12.05-14.55.43:044][431]LogProperty:Warning: ClassProperty /Script/BlueprintGraph.K2Node_DynamicCast:TargetType: unresolved reference to 'WidgetBlueprintGeneratedClass'/Game/Tech/ComputerEvent/CorridorArea/LogUI_Widget17.LogUI_Widget17_C''
[2017.12.05-14.55.43:045][431]LogLinker: Can't find file '/Game/Tech/ComputerEvent/CorridorArea/LogUI_Widget18'
[2017.12.05-14.55.43:045][431]LogLinker: Can't find file '/Game/Tech/ComputerEvent/CorridorArea/LogUI_Widget18'
[2017.12.05-14.55.43:045][431]LogProperty:Warning: ClassProperty /Script/BlueprintGraph.K2Node_DynamicCast:TargetType: unresolved reference to 'WidgetBlueprintGeneratedClass'/Game/Tech/ComputerEvent/CorridorArea/LogUI_Widget18.LogUI_Widget18_C''
[2017.12.05-14.55.43:046][431]LogLinker: Can't find file '/Game/Tech/ComputerEvent/CorridorArea/LogUI_Widget19'
[2017.12.05-14.55.43:047][431]LogLinker: Can't find file '/Game/Tech/ComputerEvent/CorridorArea/LogUI_Widget19'
[2017.12.05-14.55.43:047][431]LogProperty:Warning: ClassProperty /Script/BlueprintGraph.K2Node_DynamicCast:TargetType: unresolved reference to 'WidgetBlueprintGeneratedClass'/Game/Tech/ComputerEvent/CorridorArea/LogUI_Widget19.LogUI_Widget19_C''
[2017.12.05-14.55.43:048][431]LogProperty:Warning: ObjectProperty /Script/Engine.MemberReference:MemberParent: unresolved reference to 'WidgetBlueprintGeneratedClass'/Game/Tech/ComputerEvent/CorridorArea/LogUI_Widget17.LogUI_Widget17_C',MemberName="NewEventDispatcher_1",MemberGuid=3B21DA894468AA50FA49CC9E1DB64F99)'
[2017.12.05-14.55.43:048][431]LogProperty:Warning: ObjectProperty /Script/Engine.MemberReference:MemberParent: unresolved reference to 'WidgetBlueprintGeneratedClass'/Game/Tech/ComputerEvent/CorridorArea/LogUI_Widget18.LogUI_Widget18_C',MemberName="NewEventDispatcher_1",MemberGuid=3B21DA894468AA50FA49CC9E1DB64F99)'
[2017.12.05-14.55.43:049][431]LogProperty:Warning: ObjectProperty /Script/Engine.MemberReference:MemberParent: unresolved reference to 'WidgetBlueprintGeneratedClass'/Game/Tech/ComputerEvent/CorridorArea/LogUI_Widget19.LogUI_Widget19_C',MemberName="NewEventDispatcher_1",MemberGuid=3B21DA894468AA50FA49CC9E1DB64F99)'
[2017.12.05-14.55.43:050][431]LogLinker: Can't find file '/Game/Tech/ComputerEvent/CorridorArea/LogUI_Widget15'
[2017.12.05-14.55.43:050][431]LogLinker: Can't find file '/Game/Tech/ComputerEvent/CorridorArea/LogUI_Widget15'
[2017.12.05-14.55.43:050][431]LogProperty:Warning: ClassProperty /Script/BlueprintGraph.K2Node_DynamicCast:TargetType: unresolved reference to 'WidgetBlueprintGeneratedClass'/Game/Tech/ComputerEvent/CorridorArea/LogUI_Widget15.LogUI_Widget15_C''
[2017.12.05-14.55.43:051][431]LogProperty:Warning: ObjectProperty /Script/Engine.MemberReference:MemberParent: unresolved reference to 'WidgetBlueprintGeneratedClass'/Game/Tech/ComputerEvent/CorridorArea/LogUI_Widget15.LogUI_Widget15_C',MemberName="NewEventDispatcher_1",MemberGuid=3B21DA894468AA50FA49CC9E1DB64F99)'
[2017.12.05-14.55.43:051][431]LogLinker: Can't find file '/Game/Tech/ComputerEvent/CorridorArea/LogUI_Widget08'
[2017.12.05-14.55.43:052][431]LogLinker: Can't find file '/Game/Tech/ComputerEvent/CorridorArea/LogUI_Widget08'
[2017.12.05-14.55.43:052][431]LogProperty:Warning: ClassProperty /Script/BlueprintGraph.K2Node_DynamicCast:TargetType: unresolved reference to 'WidgetBlueprintGeneratedClass'/Game/Tech/ComputerEvent/CorridorArea/LogUI_Widget08.LogUI_Widget08_C''
[2017.12.05-14.55.43:053][431]LogProperty:Warning: ObjectProperty /Script/Engine.MemberReference:MemberParent: unresolved reference to 'WidgetBlueprintGeneratedClass'/Game/Tech/ComputerEvent/CorridorArea/LogUI_Widget08.LogUI_Widget08_C',MemberName="NewEventDispatcher_1",MemberGuid=3B21DA894468AA50FA49CC9E1DB64F99)'
[2017.12.05-14.55.45:587][601]LogEditorTransaction: Undo Move Node
[2017.12.05-14.55.46:153][601]LogSlate: Took 0.000756 seconds to synchronously load lazily loaded font '../../../Engine/Content/Slate/Fonts/Roboto-Light.ttf' (159K)
[2017.12.05-14.55.47:048][647]LogEditorTransaction: Undo Paste clipboard contents
[2017.12.05-14.55.48:219][743]LogProperty:Warning: ClassProperty /Script/BlueprintGraph.K2Node_DynamicCast:TargetType: unresolved reference to 'WidgetBlueprintGeneratedClass'/Game/Tech/ComputerEvent/CorridorArea/LogUI_Widget05.LogUI_Widget05_C''
[2017.12.05-14.55.48:220][743]LogProperty:Warning: ObjectProperty /Script/Engine.MemberReference:MemberParent: unresolved reference to 'WidgetBlueprintGeneratedClass'/Game/Tech/ComputerEvent/CorridorArea/LogUI_Widget05.LogUI_Widget05_C',MemberName="NewEventDispatcher_1",MemberGuid=3B21DA894468AA50FA49CC9E1DB64F99)'
[2017.12.05-14.55.48:221][743]LogProperty:Warning: ClassProperty /Script/BlueprintGraph.K2Node_DynamicCast:TargetType: unresolved reference to 'WidgetBlueprintGeneratedClass'/Game/Tech/ComputerEvent/CorridorArea/LogUI_Widget06.LogUI_Widget06_C''
[2017.12.05-14.55.48:222][743]LogProperty:Warning: ObjectProperty /Script/Engine.MemberReference:MemberParent: unresolved reference to 'WidgetBlueprintGeneratedClass'/Game/Tech/ComputerEvent/CorridorArea/LogUI_Widget06.LogUI_Widget06_C',MemberName="NewEventDispatcher_1",MemberGuid=3B21DA894468AA50FA49CC9E1DB64F99)'
[2017.12.05-14.55.48:223][743]LogProperty:Warning: ClassProperty /Script/BlueprintGraph.K2Node_DynamicCast:TargetType: unresolved reference to 'WidgetBlueprintGeneratedClass'/Game/Tech/ComputerEvent/CorridorArea/LogUI_Widget07.LogUI_Widget07_C''
[2017.12.05-14.55.48:223][743]LogProperty:Warning: ObjectProperty /Script/Engine.MemberReference:MemberParent: unresolved reference to 'WidgetBlueprintGeneratedClass'/Game/Tech/ComputerEvent/CorridorArea/LogUI_Widget07.LogUI_Widget07_C',MemberName="NewEventDispatcher_1",MemberGuid=3B21DA894468AA50FA49CC9E1DB64F99)'
[2017.12.05-14.55.48:224][743]LogProperty:Warning: ClassProperty /Script/BlueprintGraph.K2Node_DynamicCast:TargetType: unresolved reference to 'WidgetBlueprintGeneratedClass'/Game/Tech/ComputerEvent/CorridorArea/LogUI_Widget09.LogUI_Widget09_C''
[2017.12.05-14.55.48:225][743]LogProperty:Warning: ObjectProperty /Script/Engine.MemberReference:MemberParent: unresolved reference to 'WidgetBlueprintGeneratedClass'/Game/Tech/ComputerEvent/CorridorArea/LogUI_Widget09.LogUI_Widget09_C',MemberName="NewEventDispatcher_1",MemberGuid=3B21DA894468AA50FA49CC9E1DB64F99)'
[2017.12.05-14.55.48:226][743]LogProperty:Warning: ClassProperty /Script/BlueprintGraph.K2Node_DynamicCast:TargetType: unresolved reference to 'WidgetBlueprintGeneratedClass'/Game/Tech/ComputerEvent/CorridorArea/LogUI_Widget10.LogUI_Widget10_C''
[2017.12.05-14.55.48:226][743]LogProperty:Warning: ObjectProperty /Script/Engine.MemberReference:MemberParent: unresolved reference to 'WidgetBlueprintGeneratedClass'/Game/Tech/ComputerEvent/CorridorArea/LogUI_Widget10.LogUI_Widget10_C',MemberName="NewEventDispatcher_1",MemberGuid=3B21DA894468AA50FA49CC9E1DB64F99)'
[2017.12.05-14.55.48:227][743]LogProperty:Warning: ClassProperty /Script/BlueprintGraph.K2Node_DynamicCast:TargetType: unresolved reference to 'WidgetBlueprintGeneratedClass'/Game/Tech/ComputerEvent/CorridorArea/LogUI_Widget11.LogUI_Widget11_C''
[2017.12.05-14.55.48:228][743]LogProperty:Warning: ObjectProperty /Script/Engine.MemberReference:MemberParent: unresolved reference to 'WidgetBlueprintGeneratedClass'/Game/Tech/ComputerEvent/CorridorArea/LogUI_Widget11.LogUI_Widget11_C',MemberName="NewEventDispatcher_1",MemberGuid=3B21DA894468AA50FA49CC9E1DB64F99)'
[2017.12.05-14.55.48:229][743]LogProperty:Warning: ClassProperty /Script/BlueprintGraph.K2Node_DynamicCast:TargetType: unresolved reference to 'WidgetBlueprintGeneratedClass'/Game/Tech/ComputerEvent/CorridorArea/LogUI_Widget12.LogUI_Widget12_C''
[2017.12.05-14.55.48:230][743]LogProperty:Warning: ObjectProperty /Script/Engine.MemberReference:MemberParent: unresolved reference to 'WidgetBlueprintGeneratedClass'/Game/Tech/ComputerEvent/CorridorArea/LogUI_Widget12.LogUI_Widget12_C',MemberName="NewEventDispatcher_1",MemberGuid=3B21DA894468AA50FA49CC9E1DB64F99)'
[2017.12.05-14.55.48:230][743]LogProperty:Warning: ClassProperty /Script/BlueprintGraph.K2Node_DynamicCast:TargetType: unresolved reference to 'WidgetBlueprintGeneratedClass'/Game/Tech/ComputerEvent/CorridorArea/LogUI_Widget13.LogUI_Widget13_C''
[2017.12.05-14.55.48:231][743]LogProperty:Warning: ClassProperty /Script/BlueprintGraph.K2Node_DynamicCast:TargetType: unresolved reference to 'WidgetBlueprintGeneratedClass'/Game/Tech/ComputerEvent/CorridorArea/LogUI_Widget14.LogUI_Widget14_C''
[2017.12.05-14.55.48:232][743]LogProperty:Warning: ObjectProperty /Script/Engine.MemberReference:MemberParent: unresolved reference to 'WidgetBlueprintGeneratedClass'/Game/Tech/ComputerEvent/CorridorArea/LogUI_Widget13.LogUI_Widget13_C',MemberName="NewEventDispatcher_1",MemberGuid=3B21DA894468AA50FA49CC9E1DB64F99)'
[2017.12.05-14.55.48:232][743]LogProperty:Warning: ObjectProperty /Script/Engine.MemberReference:MemberParent: unresolved reference to 'WidgetBlueprintGeneratedClass'/Game/Tech/ComputerEvent/CorridorArea/LogUI_Widget14.LogUI_Widget14_C',MemberName="NewEventDispatcher_1",MemberGuid=3B21DA894468AA50FA49CC9E1DB64F99)'
[2017.12.05-14.55.48:233][743]LogProperty:Warning: ClassProperty /Script/BlueprintGraph.K2Node_DynamicCast:TargetType: unresolved reference to 'WidgetBlueprintGeneratedClass'/Game/Tech/ComputerEvent/CorridorArea/LogUI_Widget16.LogUI_Widget16_C''
[2017.12.05-14.55.48:234][743]LogProperty:Warning: ObjectProperty /Script/Engine.MemberReference:MemberParent: unresolved reference to 'WidgetBlueprintGeneratedClass'/Game/Tech/ComputerEvent/CorridorArea/LogUI_Widget16.LogUI_Widget16_C',MemberName="NewEventDispatcher_1",MemberGuid=3B21DA894468AA50FA49CC9E1DB64F99)'
[2017.12.05-14.55.48:235][743]LogProperty:Warning: ClassProperty /Script/BlueprintGraph.K2Node_DynamicCast:TargetType: unresolved reference to 'WidgetBlueprintGeneratedClass'/Game/Tech/ComputerEvent/CorridorArea/LogUI_Widget17.LogUI_Widget17_C''
[2017.12.05-14.55.48:236][743]LogProperty:Warning: ClassProperty /Script/BlueprintGraph.K2Node_DynamicCast:TargetType: unresolved reference to 'WidgetBlueprintGeneratedClass'/Game/Tech/ComputerEvent/CorridorArea/LogUI_Widget18.LogUI_Widget18_C''
[2017.12.05-14.55.48:237][743]LogProperty:Warning: ClassProperty /Script/BlueprintGraph.K2Node_DynamicCast:TargetType: unresolved reference to 'WidgetBlueprintGeneratedClass'/Game/Tech/ComputerEvent/CorridorArea/LogUI_Widget19.LogUI_Widget19_C''
[2017.12.05-14.55.48:237][743]LogProperty:Warning: ObjectProperty /Script/Engine.MemberReference:MemberParent: unresolved reference to 'WidgetBlueprintGeneratedClass'/Game/Tech/ComputerEvent/CorridorArea/LogUI_Widget17.LogUI_Widget17_C',MemberName="NewEventDispatcher_1",MemberGuid=3B21DA894468AA50FA49CC9E1DB64F99)'
[2017.12.05-14.55.48:238][743]LogProperty:Warning: ObjectProperty /Script/Engine.MemberReference:MemberParent: unresolved reference to 'WidgetBlueprintGeneratedClass'/Game/Tech/ComputerEvent/CorridorArea/LogUI_Widget18.LogUI_Widget18_C',MemberName="NewEventDispatcher_1",MemberGuid=3B21DA894468AA50FA49CC9E1DB64F99)'
[2017.12.05-14.55.48:239][743]LogProperty:Warning: ObjectProperty /Script/Engine.MemberReference:MemberParent: unresolved reference to 'WidgetBlueprintGeneratedClass'/Game/Tech/ComputerEvent/CorridorArea/LogUI_Widget19.LogUI_Widget19_C',MemberName="NewEventDispatcher_1",MemberGuid=3B21DA894468AA50FA49CC9E1DB64F99)'
[2017.12.05-14.55.48:239][743]LogProperty:Warning: ClassProperty /Script/BlueprintGraph.K2Node_DynamicCast:TargetType: unresolved reference to 'WidgetBlueprintGeneratedClass'/Game/Tech/ComputerEvent/CorridorArea/LogUI_Widget15.LogUI_Widget15_C''
[2017.12.05-14.55.48:240][743]LogProperty:Warning: ObjectProperty /Script/Engine.MemberReference:MemberParent: unresolved reference to 'WidgetBlueprintGeneratedClass'/Game/Tech/ComputerEvent/CorridorArea/LogUI_Widget15.LogUI_Widget15_C',MemberName="NewEventDispatcher_1",MemberGuid=3B21DA894468AA50FA49CC9E1DB64F99)'
[2017.12.05-14.55.48:241][743]LogProperty:Warning: ClassProperty /Script/BlueprintGraph.K2Node_DynamicCast:TargetType: unresolved reference to 'WidgetBlueprintGeneratedClass'/Game/Tech/ComputerEvent/CorridorArea/LogUI_Widget08.LogUI_Widget08_C''
[2017.12.05-14.55.48:242][743]LogProperty:Warning: ObjectProperty /Script/Engine.MemberReference:MemberParent: unresolved reference to 'WidgetBlueprintGeneratedClass'/Game/Tech/ComputerEvent/CorridorArea/LogUI_Widget08.LogUI_Widget08_C',MemberName="NewEventDispatcher_1",MemberGuid=3B21DA894468AA50FA49CC9E1DB64F99)'
[2017.12.05-14.56.03:308][849]LogEditorTransaction: Undo Delete current selection
[2017.12.05-14.56.03:832][867]LogEditorTransaction: Undo Delete current selection
[2017.12.05-14.56.04:173][873]LogEditorTransaction: Undo Paste clipboard contents
[2017.12.05-14.56.04:468][882]LogEditorTransaction: Undo Clicking on Components
[2017.12.05-14.56.47:606][197]BlueprintLog: New page: Compile Grid_BP
