"../../../Engine/Content/EditorLandscapeResources/DataLayer.uasset" 0
"../../../Engine/Content/EditorMaterials/GizmoMaterial.uasset" 1
"../../../Engine/Content/EditorMaterials/MAT_Groups_Toggle.uasset" 2
"../../../Engine/Content/EditorMaterials/MAT_Groups_Visibility.uasset" 3
"../../../Engine/Content/EditorMaterials/PreviewShadowIndicator.uasset" 4
"../../../Engine/Content/EditorMaterials/PreviewShadowIndicatorMaterial.uasset" 5
"../../../Engine/Content/EditorMaterials/AssetViewer/EpicQuadPanorama_CC+EV1.uasset" 6
"../../../Engine/Content/EditorMaterials/MatineeGroups/MAT_ColorTrack.uasset" 7
"../../../Engine/Content/EditorMaterials/MatineeGroups/MAT_Groups_Anim.uasset" 8
"../../../Engine/Content/EditorMaterials/MatineeGroups/MAT_Groups_AudioMaster.uasset" 9
"../../../Engine/Content/EditorMaterials/MatineeGroups/MAT_Groups_Director.uasset" 10
"../../../Engine/Content/EditorMaterials/MatineeGroups/MAT_Groups_Event.uasset" 11
"../../../Engine/Content/EditorMaterials/MatineeGroups/MAT_Groups_Fade.uasset" 12
"../../../Engine/Content/EditorMaterials/MatineeGroups/MAT_Groups_Float.uasset" 13
"../../../Engine/Content/EditorMaterials/MatineeGroups/MAT_Groups_Move.uasset" 14
"../../../Engine/Content/EditorMaterials/MatineeGroups/MAT_Groups_Slomo.uasset" 15
"../../../Engine/Content/EditorMaterials/MatineeGroups/MAT_Groups_Sound.uasset" 16
"../../../Engine/Content/EditorMaterials/MatineeGroups/MAT_Groups_Vector.uasset" 17
"../../../Engine/Content/EditorMaterials/ParticleSystems/PSysThumbnail_NoImage.uasset" 18
"../../../Engine/Content/EditorMaterials/ParticleSystems/PSysThumbnail_OOD.uasset" 19
"../../../Engine/Content/EditorMaterials/Camera/CineMat.uasset" 20
"../../../Engine/Content/EditorMaterials/Camera/MI_CineMat_Rig.uasset" 21
"../../../Engine/Content/EditorMeshes/Camera/SM_CraneRig_Arm.uasset" 22
"../../../Engine/Content/EditorMeshes/Camera/SM_CraneRig_Base.uasset" 23
"../../../Engine/Content/EditorMeshes/Camera/SM_CraneRig_Body.uasset" 24
"../../../Engine/Content/EditorMeshes/Camera/SM_CraneRig_Mount.uasset" 25
"../../../Engine/Content/EditorMeshes/Camera/SM_RailRig_Mount.uasset" 26
"../../../Engine/Content/EditorMeshes/Camera/SM_RailRig_Track.uasset" 27
"../../../Engine/Content/EditorMeshes/ColorCalibrator/M_ChromeBall.uasset" 28
"../../../Engine/Content/EditorMeshes/ColorCalibrator/M_ClearCoat.uasset" 29
"../../../Engine/Content/EditorMeshes/ColorCalibrator/M_ClearCoatBlack.uasset" 30
"../../../Engine/Content/EditorMeshes/ColorCalibrator/T_ColorGrid.uasset" 31
"../../../Engine/Content/EditorMeshes/ColorCalibrator/M_ColorGrid.uasset" 32
"../../../Engine/Content/EditorMeshes/ColorCalibrator/M_GreyBall.uasset" 33
"../../../Engine/Content/EditorMeshes/ColorCalibrator/SM_ColorCalibrator.uasset" 34
"../../../Engine/Content/EditorResources/BSPVertex.uasset" 35
"../../../Engine/Content/EditorResources/EmptyActor.uasset" 36
"../../../Engine/Content/EditorResources/RGBTable16x1_AssetViewer.uasset" 37
"../../../Engine/Content/EditorResources/S_Actor.uasset" 38
"../../../Engine/Content/EditorResources/S_Trigger.uasset" 39
"../../../Engine/Content/EditorResources/AudioIcons/S_AudioComponent_AutoActivate.uasset" 40
"../../../Engine/Content/EditorResources/LightIcons/S_LightError.uasset" 41
"../../../Engine/Content/EditorResources/SequenceRecorder/Countdown.uasset" 42
"../../../Engine/Content/EditorResources/SequenceRecorder/RecordingIndicator.uasset" 43
"../../../Engine/Content/EditorSounds/Notifications/CompileFailed.uasset" 44
"../../../Engine/Content/EditorSounds/Notifications/CompileFailed_Cue.uasset" 45
"../../../Engine/Content/EditorSounds/Notifications/CompileSuccess.uasset" 46
"../../../Engine/Content/EditorSounds/Notifications/CompileStart_Cue.uasset" 47
"../../../Engine/Content/EditorSounds/Notifications/CompileSuccess_Cue.uasset" 48
"../../../Engine/Content/EngineDamageTypes/DmgTypeBP_Environmental.uasset" 49
"../../../Engine/Content/EngineDebugMaterials/HeatmapGradient.uasset" 50
"../../../Engine/Content/EngineDebugMaterials/BoneWeightMaterial.uasset" 51
"../../../Engine/Content/EngineDebugMaterials/DebugMeshMaterial.uasset" 52
"../../../Engine/Content/EngineDebugMaterials/GeomMaterial.uasset" 53
"../../../Engine/Content/EngineFonts/Faces/RobotoBold.uasset" 54
"../../../Engine/Content/EngineFonts/Faces/RobotoBoldItalic.uasset" 55
"../../../Engine/Content/EngineFonts/Faces/RobotoItalic.uasset" 56
"../../../Engine/Content/EngineFonts/Faces/RobotoLight.uasset" 57
"../../../Engine/Content/EngineFonts/Faces/RobotoRegular.uasset" 58
"../../../Engine/Content/EngineFonts/Roboto.uasset" 59
"../../../Engine/Content/EngineFonts/Faces/RobotoTiny.uasset" 60
"../../../Engine/Content/EngineFonts/RobotoTiny.uasset" 61
"../../../Engine/Content/EngineMaterials/DefaultBokeh.uasset" 62
"../../../Engine/Content/EngineMaterials/DefaultDiffuse.uasset" 63
"../../../Engine/Content/EngineMaterials/DefaultDeferredDecalMaterial.uasset" 64
"../../../Engine/Content/EngineMaterials/DefaultLightFunctionMaterial.uasset" 65
"../../../Engine/Content/EngineMaterials/DefaultPhysicalMaterial.uasset" 66
"../../../Engine/Content/Functions/Engine_MaterialFunctions02/Utility/BreakOutFloat2Components.uasset" 67
"../../../Engine/Content/EngineMaterials/DefaultPostProcessMaterial.uasset" 68
"../../../Engine/Content/EngineFonts/RobotoDistanceField.uasset" 69
"../../../Engine/Content/EngineMaterials/DefaultTextMaterialOpaque.uasset" 70
"../../../Engine/Content/EngineMaterials/DefaultWhiteGrid.uasset" 71
"../../../Engine/Content/EngineMaterials/EditorBrushMaterial.uasset" 72
"../../../Engine/Content/EngineMaterials/Good64x64TilingNoiseHighFreq.uasset" 73
"../../../Engine/Content/EngineMaterials/MiniFont.uasset" 74
"../../../Engine/Content/EngineMaterials/InvalidLightmapSettings.uasset" 75
"../../../Engine/Content/EngineMaterials/M_InvalidLightmapSettings.uasset" 76
"../../../Engine/Content/EngineMaterials/PhAT_JointLimitMaterial.uasset" 77
"../../../Engine/Content/EngineMaterials/PreintegratedSkinBRDF.uasset" 78
"../../../Engine/Content/EngineMaterials/RemoveSurfaceMaterial.uasset" 79
"../../../Engine/Content/EngineMaterials/WeightMapPlaceholderTexture.uasset" 80
"../../../Engine/Content/EngineResources/WhiteSquareTexture.uasset" 81
"../../../Engine/Content/EngineMaterials/Widget3DPassThrough.uasset" 82
"../../../Engine/Content/EngineMaterials/Widget3DPassThrough_Masked.uasset" 83
"../../../Engine/Content/EngineMaterials/Widget3DPassThrough_Opaque.uasset" 84
"../../../Engine/Content/EngineMaterials/Widget3DPassThrough_Masked_OneSided.uasset" 85
"../../../Engine/Content/EngineMaterials/Widget3DPassThrough_Opaque_OneSided.uasset" 86
"../../../Engine/Content/EngineMaterials/Widget3DPassThrough_Translucent.uasset" 87
"../../../Engine/Content/EngineMaterials/Widget3DPassThrough_Translucent_OneSided.uasset" 88
"../../../Engine/Content/Functions/Engine_MaterialFunctions01/Opacity/CameraDepthFade.uasset" 89
"../../../Engine/Content/EngineMaterials/T_Default_Material_Grid_M.uasset" 90
"../../../Engine/Content/EngineMaterials/T_Default_Material_Grid_N.uasset" 91
"../../../Engine/Content/EngineMaterials/DefaultMaterial.uasset" 92
"../../../Engine/Content/EngineMeshes/Cube.uasset" 93
"../../../Engine/Content/EngineMeshes/Cylinder.uasset" 94
"../../../Engine/Content/EngineMeshes/Sphere.uasset" 95
"../../../Engine/Content/EngineResources/Black.uasset" 96
"../../../Engine/Content/EngineResources/DefaultTexture.uasset" 97
"../../../Engine/Content/EngineResources/DefaultTextureCube.uasset" 98
"../../../Engine/Content/EngineResources/GradientTexture0.uasset" 99
"../../../Engine/Content/EngineSounds/Master.uasset" 100
"../../../Engine/Content/Functions/Engine_MaterialFunctions01/Shading/ConvertFromDiffSpec.uasset" 101
"../../../Engine/Content/Functions/Engine_MaterialFunctions01/Shading/PowerToRoughness.uasset" 102
"../../../Engine/Content/Maps/Templates/Thumbnails/Default.uasset" 103
"../../../Engine/Content/Maps/Templates/Thumbnails/VR-Basic.uasset" 104
"../../../Engine/Content/MobileResources/T_MobileControls_texture.uasset" 105
"../../../Engine/Content/MobileResources/T_MobileMenu2.uasset" 106
"../../../Engine/Content/MobileResources/HUD/AnalogHat.uasset" 107
"../../../Engine/Content/MobileResources/HUD/VirtualJoystick_Background.uasset" 108
"../../../Engine/Content/MobileResources/HUD/VirtualJoystick_Thumb.uasset" 109
"../../../Engine/Content/MobileResources/HUD/DefaultVirtualJoysticks.uasset" 110
"../../../Engine/Content/MobileResources/HUD/LeftVirtualJoystickOnly.uasset" 111
"../../../Engine/Content/MobileResources/HUD/MobileHUDButton1_off.uasset" 112
"../../../Engine/Content/MobileResources/HUD/MobileHUDButton1_on.uasset" 113
"../../../Engine/Content/MobileResources/HUD/MobileHUDButton2_off.uasset" 114
"../../../Engine/Content/MobileResources/HUD/MobileHUDButton2_on.uasset" 115
"../../../Engine/Content/MobileResources/HUD/MobileHUDButton3.uasset" 116
"../../../Engine/Content/MobileResources/HUD/MobileHUDButtonFire.uasset" 117
"../../../Engine/Content/MobileResources/HUD/MobileHUDDirectionPad.uasset" 118
"../../../Engine/Content/MobileResources/HUD/MobileHUDDirectionPad2.uasset" 119
"../../../Engine/Content/MobileResources/HUD/MobileHUDDirectionPad3.uasset" 120
"../../../Engine/Content/MobileResources/HUD/MobileHUDDirectionStick.uasset" 121
"../../../Engine/Content/MobileResources/HUD/T_Castle_ThumbstickInner.uasset" 122
"../../../Engine/Content/MobileResources/HUD/T_Castle_ThumbstickOutter.uasset" 123
"../../../Engine/Content/Tutorial/ContentIntroCurve.uasset" 124
"../../../Engine/Content/Tutorial/Basics/TutorialAssets/icon_tab_Levels_40x.uasset" 125
"../../../Engine/Content/Tutorial/BlueprintTutorials/TutorialAssets/BlueprintInterface_64x.uasset" 126
"../../../Engine/Content/Tutorial/BlueprintTutorials/TutorialAssets/BlueprintMacroLibrary_64x.uasset" 127
"../../../Engine/Content/Tutorial/BlueprintTutorials/TutorialAssets/Blueprint_64x.uasset" 128
"../../../Engine/Content/Tutorial/BlueprintTutorials/TutorialAssets/Tutorial_BP_Interface.uasset" 129
"../../../Engine/Content/Tutorial/Foliage/TutorialAssets/Foliage.uasset" 130
"../../../Engine/Content/Tutorial/Landscape/TutorialAssets/Landscape.uasset" 131
"../../../Engine/Content/Tutorial/Paper2D/TutorialAssets/Paper2DFlipbook_TutorialIcon.uasset" 132
"../../../Engine/Content/Tutorial/Paper2D/TutorialAssets/Paper2DSprite_TutorialIcon.uasset" 133
"../../../Engine/Content/Tutorial/SubEditors/TutorialAssets/icon_Editor_Preferences_General_40x.uasset" 134
"../../../Engine/Content/Tutorial/SubEditors/TutorialAssets/icon_ShowSkeletalMeshes_40x.uasset" 135
"../../../Engine/Content/Tutorial/SubEditors/TutorialAssets/TutorialMaterial.uasset" 136
"../../../Engine/Content/Tutorial/SubEditors/TutorialAssets/T_SmokeSubUV_8X8.uasset" 137
"../../../Engine/Content/Tutorial/SubEditors/TutorialAssets/T_soft_smoke.uasset" 138
"../../../Engine/Content/Tutorial/SubEditors/TutorialAssets/M_smoke_subUV_blackbody.uasset" 139
"../../../Engine/Content/Tutorial/SubEditors/TutorialAssets/TutorialParticleSystem.uasset" 140
"../../../Engine/Content/EngineMaterials/WorldGridMaterial.uasset" 141
"../../../Engine/Content/EditorMeshes/EditorCube.uasset" 142
"../../../Engine/Content/Tutorial/SubEditors/TutorialAssets/Tutorial_DM.uasset" 143
"../../../Engine/Content/VREditor/Devices/Generic/GenericHMDMaterial.uasset" 144
"../../../Engine/Content/VREditor/Devices/Generic/GenericHMD.uasset" 145
"../../../Engine/Content/VREditor/FloatingText/LineMaterial.uasset" 146
"../../../Engine/Content/VREditor/FloatingText/JointSphere.uasset" 147
"../../../Engine/Content/VREditor/FloatingText/LineSegmentCylinder.uasset" 148
"../../../Engine/Content/VREditor/Fonts/VRText_RobotoLarge.uasset" 149
"../../../Engine/Content/VREditor/Fonts/VRTextMaterial.uasset" 150
"../../../Engine/Content/VREditor/Fonts/TranslucentVRTextMaterial.uasset" 151
"../../../Engine/Content/VREditor/LaserPointer/VR_LaserPower_01.uasset" 152
"../../../Engine/Content/VREditor/LaserPointer/LaserPointerMaterial.uasset" 153
"../../../Engine/Content/VREditor/LaserPointer/LaserPointerMaterialInst.uasset" 154
"../../../Engine/Content/VREditor/LaserPointer/TranslucentLaserPointerMaterialInst.uasset" 155
"../../../Engine/Content/VREditor/LaserPointer/LaserPointerMesh.uasset" 156
"../../../Engine/Content/VREditor/Sounds/VR_grab_Cue.uasset" 157
"../../../Engine/Content/VREditor/Sounds/VR_teleport_Cue.uasset" 158
"../../../Engine/Content/VREditor/TransformGizmo/TransformGizmoMaterial.uasset" 159
"../../../Engine/Content/VREditor/TransformGizmo/TranslucentTransformGizmoMaterial.uasset" 160
"../../../Engine/Content/VREditor/TransformGizmo/BoundingBoxCorner.uasset" 161
"../../../Engine/Content/VREditor/TransformGizmo/BoundingBoxEdge.uasset" 162
"../../../Engine/Content/VREditor/TransformGizmo/PlaneTranslationHandle.uasset" 163
"../../../Engine/Content/VREditor/TransformGizmo/RotationHandle.uasset" 164
"../../../Engine/Content/VREditor/TransformGizmo/RotationHandleFull.uasset" 165
"../../../Engine/Content/VREditor/TransformGizmo/StretchingHandle.uasset" 166
"../../../Engine/Content/VREditor/TransformGizmo/TranslateHandleLong.uasset" 167
"../../../Engine/Content/VREditor/TransformGizmo/TranslationHandle.uasset" 168
"../../../Engine/Content/VREditor/TransformGizmo/UniformScaleHandle.uasset" 169
"../../../Engine/Content/VREditor/UI/CloseButtonMesh.uasset" 170
"../../../Engine/Content/VREditor/UI/SelectionBarMesh.uasset" 171
"../../../Engine/Content/Functions/Engine_MaterialFunctions01/Gradient/RadialGradient.uasset" 172
"../../../Engine/Content/VREditor/WorldMovementGrid/SimpleGrid.uasset" 173
"../../../Engine/Content/VREditor/WorldMovementGrid/GridMaterial.uasset" 174
"../../../Engine/Content/Functions/Engine_MaterialFunctions01/Density/ExponentialDensity.uasset" 175
"../../../Engine/Content/VREditor/WorldMovementGrid/GridPostProcess.uasset" 176
"../../../Engine/Content/EditorLandscapeResources/FlattenHeightMat.uasset" 177
"../../../Engine/Content/VREditor/WorldMovementGrid/PlaneMesh.uasset" 178
"../../../Meeting/Content/Effects/Steam/Textures/T_Clouds_01.uasset" 179
"../../../Meeting/Content/Effects/Steam/Textures/T_Smoke_Tile_01.uasset" 180
"../../../Meeting/Content/GODRAY_2.uasset" 181
"../../../Meeting/Content/GODRAYAF_2.uasset" 182
"../../../Meeting/Content/AnimStarterPack/UE4_Mannequin/Mesh/UE4_Mannequin_Skeleton.uasset" 183
"../../../Meeting/Content/AnimStarterPack/Idle_Rifle_Hip.uasset" 184
"../../../Meeting/Content/AnimStarterPack/Aim_Pose/Aim_Center.uasset" 185
"../../../Meeting/Content/AnimStarterPack/Aim_Pose/Aim_Center_Down.uasset" 186
"../../../Meeting/Content/AnimStarterPack/Aim_Pose/Aim_Center_Up.uasset" 187
"../../../Meeting/Content/AnimStarterPack/Aim_Pose/Aim_Left_Center.uasset" 188
"../../../Meeting/Content/AnimStarterPack/Aim_Pose/Aim_Left_Down.uasset" 189
"../../../Meeting/Content/AnimStarterPack/Aim_Pose/Aim_Left_Up.uasset" 190
"../../../Meeting/Content/AnimStarterPack/Aim_Pose/Aim_Right_Center.uasset" 191
"../../../Meeting/Content/AnimStarterPack/Aim_Pose/Aim_Right_Down.uasset" 192
"../../../Meeting/Content/AnimStarterPack/Aim_Pose/Aim_Right_Up.uasset" 193
"../../../Meeting/Content/AnimStarterPack/UE4_Mannequin/Mesh/Rifle_AimOffset.uasset" 194
"../../../Meeting/Content/AnimStarterPack/Idle_Rifle_Ironsights.uasset" 195
"../../../Meeting/Content/Sound/FootstepSound/Left_Footsteps.uasset" 196
"../../../Meeting/Content/Sound/FootstepSound/Right_Footsteps.uasset" 197
"../../../Meeting/Content/AnimStarterPack/Sprint_Fwd_Rifle.uasset" 198
"../../../Meeting/Content/AnimStarterPack/Walk_Bwd_Rifle_Ironsights.uasset" 199
"../../../Meeting/Content/AnimStarterPack/Walk_Fwd_Rifle_Ironsights.uasset" 200
"../../../Meeting/Content/AnimStarterPack/Walk_Lt_Rifle_Ironsights.uasset" 201
"../../../Meeting/Content/AnimStarterPack/Walk_Rt_Rifle_Ironsights.uasset" 202
"../../../Meeting/Content/AnimStarterPack/BlendSpace/WalkAim_BS.uasset" 203
"../../../Meeting/Content/AnimStarterPack/Jog_Bwd_Rifle.uasset" 204
"../../../Meeting/Content/AnimStarterPack/Jog_Fwd_Rifle.uasset" 205
"../../../Meeting/Content/AnimStarterPack/Jog_Lt_Rifle.uasset" 206
"../../../Meeting/Content/AnimStarterPack/Jog_Rt_Rifle.uasset" 207
"../../../Meeting/Content/AnimStarterPack/BlendSpace/WalkHip_BS.uasset" 208
"../../../Engine/Content/EditorBlueprintResources/StandardMacros.uasset" 209
"../../../Meeting/Content/Blueprint/CharaterAnimationControl_BP.uasset" 210
"../../../Meeting/Content/Tech/InteractionSystem/InteractionWidget.uasset" 211
"../../../Meeting/Content/Tech/InteractionSystem/Pickup/Base_Pickup.uasset" 212
"../../../Meeting/Content/Tech/InteractionSystem/BPI_Interactable.uasset" 213
"../../../Meeting/Content/Art/GUI/Hacking_Terminal_UI/Hacking_Terminal_UI.uasset" 214
"../../../Meeting/Content/Tech/HackHUD.uasset" 215
"../../../Meeting/Content/Tech/InteractionSystem/Hacking_Terminal_UI8_Blueprint.uasset" 216
"../../../Meeting/Content/Art/Environment/Door/Door_Material/doorpart1LP_1001_BaseColor.uasset" 217
"../../../Meeting/Content/Art/Environment/Door/Door_Material/doorpart1LP_1001_Emissive.uasset" 218
"../../../Meeting/Content/Art/Environment/Door/Door_Material/doorpart1LP_1001_Normal.uasset" 219
"../../../Meeting/Content/Art/Environment/Door/Door_Material/doorpart1LP_1001_OcclusionRoughnessMetallic.uasset" 220
"../../../Meeting/Content/Art/Environment/Door/Door_Material/M_YeejinDoor1Blue.uasset" 221
"../../../Meeting/Content/Art/Environment/walldoorLP_1001_BaseColor.uasset" 222
"../../../Meeting/Content/Art/Environment/walldoorLP_1001_Emissive.uasset" 223
"../../../Meeting/Content/Art/Environment/walldoorLP_1001_Normal.uasset" 224
"../../../Meeting/Content/Art/Environment/walldoorLP_1001_OcclusionRoughnessMetallic.uasset" 225
"../../../Meeting/Content/Art/Environment/M_DoorWALLBlue.uasset" 226
"../../../Meeting/Content/Art/GUI/Door_UI/Door_UI_Material/3.uasset" 227
"../../../Meeting/Content/Art/GUI/Door_UI/Door_UI_Material/Unlocked/Door_UI_10.uasset" 228
"../../../Meeting/Content/Art/GUI/Door_UI/Door_UI_Material/6.uasset" 229
"../../../Meeting/Content/Art/GUI/Door_UI/Door_UI_Material/Unlocked/Door_UI_13.uasset" 230
"../../../Meeting/Content/Art/GUI/Door_UI/Door_UI_Material/7__open_.uasset" 231
"../../../Meeting/Content/Art/GUI/Door_UI/Door_UI_Material/Unlocked/Door_UI_7.uasset" 232
"../../../Meeting/Content/Art/GUI/Door_UI/Door_UI_Material/1.uasset" 233
"../../../Meeting/Content/Art/GUI/Door_UI/Door_UI_Material/Unlocked/Door_UI_8.uasset" 234
"../../../Meeting/Content/Art/GUI/Door_UI/Door_UI_Material/2.uasset" 235
"../../../Meeting/Content/Art/GUI/Door_UI/Door_UI_Material/Unlocked/Door_UI_9.uasset" 236
"../../../Meeting/Content/Art/GUI/Hacking_Terminal_UI/Hacking_Terminal_UI_Material/1.uasset" 237
"../../../Meeting/Content/Art/GUI/Hacking_Terminal_UI/Hacking_Terminal_UI_Material/Hacking_UI_1.uasset" 238
"../../../Meeting/Content/Tech/InteractionSystem/Hacking_Terminal_UI_Blueprint.uasset" 239
"../../../Meeting/Content/Tech/InteractionSystem/Pickup/Battery/Duracell_AA_texture.uasset" 240
"../../../Meeting/Content/Tech/InteractionSystem/Pickup/Battery/Mat_Battery.uasset" 241
"../../../Meeting/Content/Tech/InteractionSystem/Pickup/Battery/Duracell_AA_Cylinder_001.uasset" 242
"../../../Meeting/Content/Tech/InteractionSystem/Pickup/Battery.uasset" 243
"../../../Meeting/Content/Tech/InteractionSystem/Pickup/Fruit/AppleTexture.uasset" 244
"../../../Meeting/Content/Tech/InteractionSystem/Pickup/Fruit/Mat_Apple.uasset" 245
"../../../Meeting/Content/Tech/InteractionSystem/Pickup/Fruit/SM_Apple.uasset" 246
"../../../Meeting/Content/Tech/InteractionSystem/Pickup/Fruit.uasset" 247
"../../../Meeting/Content/Tech/AmmoSystem/TilingNoise.uasset" 248
"../../../Meeting/Content/Tech/Weakspot/Mat_Dissolve.uasset" 249
"../../../Meeting/Content/Tech/Weakspot/Mat_Bloom_Inst.uasset" 250
"../../../Meeting/Content/Tech/Art/Effects/Textures/Noise/T_TilingNoise16.uasset" 251
"../../../Meeting/Content/Tech/Weakspot/Mat_Burn_Inst.uasset" 252
"../../../Engine/Content/BasicShapes/Sphere.uasset" 253
"../../../Meeting/Content/Tech/Weakspot/EnemyWeakspot_BP.uasset" 254
"../../../Meeting/Content/Tech/InteractionSystem/Pickup/FinteractableVariable.uasset" 255
"../../../Engine/Content/Functions/Engine_MaterialFunctions02/Fresnel_Function.uasset" 256
"../../../Engine/Content/EditorMaterials/Cascade/CASC_Cross.uasset" 257
"../../../Engine/Content/EditorMaterials/Cascade/CASC_None.uasset" 258
"../../../Engine/Content/Functions/Engine_MaterialFunctions03/Blends/Blend_Overlay.uasset" 259
"../../../Meeting/Content/Tech/AmmoSystem/Scanlines.uasset" 260
"../../../Meeting/Content/Tech/AmmoSystem/WoodTexture.uasset" 261
"../../../Meeting/Content/Tech/AmmoSystem/Mat_AmmoUI.uasset" 262
"../../../Engine/Content/Functions/Engine_MaterialFunctions01/Gradient/LinearGradient.uasset" 263
"../../../Meeting/Content/Tech/NewLightBeam/Assets/Textures/T_TilingNoise02_M.uasset" 264
"../../../Meeting/Content/Tech/NewLightBeam/Assets/Materials/M_Security_Camera_Viewcone2.uasset" 265
"../../../Meeting/Content/Tech/NewLightBeam/Assets/Materials/M_Security_Camera_Viewcone3.uasset" 266
"../../../Engine/Content/EngineVolumetrics/LightBeam/Materials/T_EV_DustPanner_01.uasset" 267
"../../../Engine/Content/EngineVolumetrics/LightBeam/Materials/T_EV_LightBeam_Falloff_01.uasset" 268
"../../../Engine/Content/EngineVolumetrics/LightBeam/Materials/T_EV_LightBeam_Falloff_02.uasset" 269
"../../../Meeting/Content/Tech/NewLightBeam/M_EV_Lightbeam_Master_02.uasset" 270
"../../../Meeting/Content/Tech/AmmoSystem/UI_Ammo.uasset" 271
"../../../Meeting/Content/Tech/HealthSystem/MaterialFunctions/MFUN_XYSplit.uasset" 272
"../../../Meeting/Content/Tech/HealthSystem/MaterialFunctions/MFUN_CMPCoords.uasset" 273
"../../../Meeting/Content/Tech/HealthSystem/MaterialFunctions/MFUN_DynRadius.uasset" 274
"../../../Meeting/Content/Tech/HealthSystem/MaterialFunctions/MFUN_Pulse.uasset" 275
"../../../Meeting/Content/Tech/HealthSystem/Material/SK_Noise01.uasset" 276
"../../../Meeting/Content/Tech/HealthSystem/Material/Mat_Health.uasset" 277
"../../../Meeting/Content/Tech/HealthSystem/Material/MatInst_Health.uasset" 278
"../../../Meeting/Content/Tech/HealthSystem/UI_Health.uasset" 279
"../../../Engine/Content/BasicShapes/Plane.uasset" 280
"../../../Engine/Content/Functions/Engine_MaterialFunctions02/Utility/BlendAngleCorrectedNormals.uasset" 281
"../../../Engine/Content/Functions/MaterialLayerFunctions/MatLayerBlend_AO.uasset" 282
"../../../Engine/Content/Functions/MaterialLayerFunctions/MatLayerBlend_NormalBlend.uasset" 283
"../../../Engine/Content/Functions/MaterialLayerFunctions/MatLayerBlend_Simple.uasset" 284
"../../../Meeting/Content/AnimStarterPack/UE4_Mannequin/Materials/MaterialLayers/T_ML_Rubber_Blue_01_D.uasset" 285
"../../../Meeting/Content/AnimStarterPack/UE4_Mannequin/Materials/MaterialLayers/T_ML_Rubber_Blue_01_N.uasset" 286
"../../../Meeting/Content/AnimStarterPack/UE4_Mannequin/Materials/MaterialLayers/ML_GlossyBlack_Latex_UE4.uasset" 287
"../../../Meeting/Content/AnimStarterPack/UE4_Mannequin/Materials/MaterialLayers/ML_Plastic_Shiny_Beige.uasset" 288
"../../../Meeting/Content/AnimStarterPack/UE4_Mannequin/Textures/UE4_LOGO_CARD.uasset" 289
"../../../Meeting/Content/AnimStarterPack/UE4_Mannequin/Materials/MaterialLayers/ML_Plastic_Shiny_Beige_LOGO.uasset" 290
"../../../Meeting/Content/AnimStarterPack/UE4_Mannequin/Materials/MaterialLayers/T_ML_Aluminum01.uasset" 291
"../../../Meeting/Content/AnimStarterPack/UE4_Mannequin/Materials/MaterialLayers/T_ML_Aluminum01_N.uasset" 292
"../../../Meeting/Content/AnimStarterPack/UE4_Mannequin/Materials/MaterialLayers/ML_SoftMetal_UE4.uasset" 293
"../../../Meeting/Content/AnimStarterPack/UE4_Mannequin/Textures/UE4_Mannequin__normals.uasset" 294
"../../../Meeting/Content/AnimStarterPack/UE4_Mannequin/Textures/UE4_Mannequin_MAT_MASKA.uasset" 295
"../../../Meeting/Content/AnimStarterPack/UE4_Mannequin/Textures/UE4_Mannequin_occlusion_Mobile.uasset" 296
"../../../Meeting/Content/AnimStarterPack/UE4_Mannequin/Materials/M_UE4Man_Body.uasset" 297
"../../../Meeting/Content/AnimStarterPack/UE4_Mannequin/Textures/UE4Man_Logo_N.uasset" 298
"../../../Meeting/Content/AnimStarterPack/UE4_Mannequin/Materials/M_UE4Man_ChestLogo.uasset" 299
"../../../Meeting/Content/AnimStarterPack/UE4_Mannequin/Mesh/SK_Mannequin_PhysicsAsset.uasset" 300
"../../../Meeting/Content/AnimStarterPack/UE4_Mannequin/Mesh/SK_Mannequin.uasset" 301
"../../../Meeting/Content/Art/Copy_of_gun_1_Box053.uasset" 302
"../../../Meeting/Content/Art/Copy_of_gun_1_Object039.uasset" 303
"../../../Meeting/Content/Art/bloodblur.uasset" 304
"../../../Meeting/Content/Tech/BloodEffectHUD.uasset" 305
"../../../Meeting/Content/Tech/HealthSystem/Health.uasset" 306
"../../../Meeting/Content/Tech/NewLightBeam/Assets/Materials/M_Security_Camera_Viewcone.uasset" 307
"../../../Meeting/Content/Tech/NewLightBeam/Assets/Meshes/SM_Security_Camera_Viewcone.uasset" 308
"../../../Meeting/Content/StarterContent/Textures/T_Smoke_Tiled_D.uasset" 309
"../../../Meeting/Content/Tech/NewLightBeam/M_BeamSmoke.uasset" 310
"../../../Meeting/Content/Tech/NewLightBeam/P_BeamSmoke.uasset" 311
"../../../Meeting/Content/Tech/NewLightBeam/SM_BigCone.uasset" 312
"../../../Meeting/Content/Blueprint/Charater_BP.uasset" 313
"../../../Meeting/Content/MeetingGameModeBase_BP.uasset" 314
"../../../Meeting/Content/AnimStarterPack/Aim_Space_Hip.uasset" 315
"../../../Meeting/Content/AnimStarterPack/Aim_Space_Ironsights.uasset" 316
"../../../Meeting/Content/AnimStarterPack/Crouch_to_Stand_Rifle_Hip.uasset" 317
"../../../Meeting/Content/AnimStarterPack/Crouch_to_Stand_Rifle_Ironsights.uasset" 318
"../../../Meeting/Content/AnimStarterPack/Crouch_Walk_Lt_Rifle_Ironsights.uasset" 319
"../../../Meeting/Content/AnimStarterPack/Crouch_Walk_Rt_Rifle_Ironsights.uasset" 320
"../../../Meeting/Content/AnimStarterPack/Death_1.uasset" 321
"../../../Meeting/Content/AnimStarterPack/Death_2.uasset" 322
"../../../Meeting/Content/AnimStarterPack/Death_3.uasset" 323
"../../../Meeting/Content/AnimStarterPack/Death_Ironsights_1.uasset" 324
"../../../Meeting/Content/AnimStarterPack/Death_Ironsights_2.uasset" 325
"../../../Meeting/Content/AnimStarterPack/Equip_Rifle_Standing.uasset" 326
"../../../Meeting/Content/AnimStarterPack/Fire_Rifle_Hip.uasset" 327
"../../../Meeting/Content/AnimStarterPack/Fire_Shotgun_Hip.uasset" 328
"../../../Meeting/Content/AnimStarterPack/Fire_Shotgun_Ironsights.uasset" 329
"../../../Meeting/Content/AnimStarterPack/Hit_React_4.uasset" 330
"../../../Meeting/Content/AnimStarterPack/Idle_Pistol.uasset" 331
"../../../Meeting/Content/AnimStarterPack/Jump_From_Stand_Ironsights.uasset" 332
"../../../Meeting/Content/AnimStarterPack/Prone_Death_1.uasset" 333
"../../../Meeting/Content/AnimStarterPack/Prone_Death_2.uasset" 334
"../../../Meeting/Content/AnimStarterPack/Prone_Fire_1.uasset" 335
"../../../Meeting/Content/AnimStarterPack/Prone_Fire_2.uasset" 336
"../../../Meeting/Content/AnimStarterPack/Prone_Idle.uasset" 337
"../../../Meeting/Content/AnimStarterPack/Prone_Reload_Rifle.uasset" 338
"../../../Meeting/Content/AnimStarterPack/Prone_Reload_Shotgun.uasset" 339
"../../../Meeting/Content/AnimStarterPack/Prone_To_Stand.uasset" 340
"../../../Meeting/Content/AnimStarterPack/Reload_Pistol.uasset" 341
"../../../Meeting/Content/AnimStarterPack/Reload_Rifle_Ironsights.uasset" 342
"../../../Meeting/Content/AnimStarterPack/Reload_Shotgun_Hip.uasset" 343
"../../../Meeting/Content/AnimStarterPack/Reload_Shotgun_Ironsights.uasset" 344
"../../../Meeting/Content/AnimStarterPack/Stand_to_Crouch_Rifle_Hip.uasset" 345
"../../../Meeting/Content/AnimStarterPack/Stand_to_Crouch_Rifle_Ironsights.uasset" 346
"../../../Meeting/Content/AnimStarterPack/Stand_To_Prone.uasset" 347
"../../../Meeting/Content/AnimStarterPack/Ai_Animation_Placeholder/Animation_Attack__1__Skeleton.uasset" 348
"../../../Meeting/Content/AnimStarterPack/Ai_Animation_Placeholder/Animation_Attack__1__Anim.uasset" 349
"../../../Meeting/Content/AnimStarterPack/Ai_Animation_Placeholder/placeholder_enemy_idle.uasset" 350
"../../../Meeting/Content/AnimStarterPack/Ai_Animation_Placeholder/placeholder_enemy_walking.uasset" 351
"../../../Meeting/Content/Art/Gun.uasset" 352
"../../../Meeting/Content/Art/INTERCEILINGLP_1001_BaseColor.uasset" 353
"../../../Meeting/Content/Art/INTERCEILINGLP_1001_BaseColor_Mat.uasset" 354
"../../../Meeting/Content/Art/INTERCEILINGLP_1001_Normal.uasset" 355
"../../../Meeting/Content/Art/INTERCEILINGLP_1001_Mat.uasset" 356
"../../../Meeting/Content/Art/m_Dim.uasset" 357
"../../../Meeting/Content/Art/testvine_Alpha.uasset" 358
"../../../Meeting/Content/Art/testvine_D.uasset" 359
"../../../Meeting/Content/Art/testvine_N.uasset" 360
"../../../Meeting/Content/Art/m_testine.uasset" 361
"../../../Meeting/Content/Art/wallUI.uasset" 362
"../../../Meeting/Content/Art/M_WALLUI.uasset" 363
"../../../Meeting/Content/Art/RESEARCHLAB.uasset" 364
"../../../Meeting/Content/Art/RGBTable16x1__2_.uasset" 365
"../../../Meeting/Content/Art/wat.uasset" 366
"../../../Meeting/Content/Art/Assets/Materials/M_Particle_Effect_Ring.uasset" 367
"../../../Meeting/Content/Art/Assets/Textures/T_Effect_Ring.uasset" 368
"../../../Meeting/Content/Art/Assets/Textures/T_Environment_Materials_Wet_FluidNormal02.uasset" 369
"../../../Meeting/Content/Art/DoorAnimation/Dooranimation_Object005_Skeleton.uasset" 370
"../../../Meeting/Content/Art/DoorAnimation/Dooranimation_Object005_Anim.uasset" 371
"../../../Meeting/Content/Art/DoorUI/ANIMATION_Object002_Skeleton.uasset" 372
"../../../Meeting/Content/Art/DoorUI/ANIMATION_Object002_Anim.uasset" 373
"../../../Meeting/Content/Art/Environment/1.uasset" 374
"../../../Meeting/Content/Art/Environment/ceilingLPbij.uasset" 375
"../../../Meeting/Content/Art/Environment/cornerwall2LP_1001_BaseColor.uasset" 376
"../../../Meeting/Content/Art/Environment/cornerwall2LP_1001_Emissive.uasset" 377
"../../../Meeting/Content/Art/Environment/cornerwall2LP_1001_Normal.uasset" 378
"../../../Meeting/Content/Art/Environment/cornerwall2LP_1001_OcclusionRoughnessMetallic.uasset" 379
"../../../Meeting/Content/Art/Environment/RGB_Alpha.uasset" 380
"../../../Meeting/Content/Art/Environment/M_cornerwall.uasset" 381
"../../../Meeting/Content/Art/Environment/intersectionwallLP_1001_BaseColor.uasset" 382
"../../../Meeting/Content/Art/Environment/intersectionwallLP_1001_Normal.uasset" 383
"../../../Meeting/Content/Art/Environment/intersectionwallLP_1001_OcclusionRoughnessMetallic.uasset" 384
"../../../Meeting/Content/Art/Environment/M_intersection_Wall.uasset" 385
"../../../Meeting/Content/Art/Environment/lp_framelo_1001_BaseColor.uasset" 386
"../../../Meeting/Content/Art/Environment/lp_framelo_1001_Normal.uasset" 387
"../../../Meeting/Content/Art/Environment/lp_framelo_1001_OcclusionRoughnessMetallic.uasset" 388
"../../../Meeting/Content/Art/Environment/M_NewFrrame.uasset" 389
"../../../Meeting/Content/Art/Environment/outershitLP_1001_BaseColor.uasset" 390
"../../../Meeting/Content/Art/Environment/outershitLP_1001_Emissive.uasset" 391
"../../../Meeting/Content/Art/Environment/outershitLP_1001_Normal.uasset" 392
"../../../Meeting/Content/Art/Environment/outershitLP_1001_OcclusionRoughnessMetallic.uasset" 393
"../../../Meeting/Content/Art/Environment/M_Outershit.uasset" 394
"../../../Meeting/Content/Art/Environment/SM_Corridor_Ceiling_02.uasset" 395
"../../../Meeting/Content/Art/Environment/SM_Corridor_Corner_Wall.uasset" 396
"../../../Meeting/Content/Art/Environment/SM_Corridor_Floor_Tcheat.uasset" 397
"../../../Meeting/Content/Art/Environment/SM_Corridor_Intersection_Ceiling.uasset" 398
"../../../Meeting/Content/Art/Environment/SM_Corridor_Intersection_Light.uasset" 399
"../../../Meeting/Content/Art/Environment/SM_Corridor_Intersection_Pillar.uasset" 400
"../../../Meeting/Content/Art/Environment/SM_Corridor_Intersection_Wall.uasset" 401
"../../../Meeting/Content/Art/Environment/SM_OuterShit.uasset" 402
"../../../Meeting/Content/Art/Environment/test.uasset" 403
"../../../Meeting/Content/Art/Environment/1001_Opacity.uasset" 404
"../../../Meeting/Content/Art/Environment/INTERSECTIONCEILINGLP_1001_BaseColor.uasset" 405
"../../../Meeting/Content/Art/Environment/INTERSECTIONCEILINGLP_1001_Emissive.uasset" 406
"../../../Meeting/Content/Art/Environment/INTERSECTIONCEILINGLP_1001_Normal.uasset" 407
"../../../Meeting/Content/Art/Environment/INTERSECTIONCEILINGLP_1001_OcclusionRoughnessMetallic.uasset" 408
"../../../Meeting/Content/Art/Environment/Material/M_Corridor_Intersection_Ceiling.uasset" 409
"../../../Meeting/Content/Art/Environment/ZZZZZ.uasset" 410
"../../../Meeting/Content/Art/Environment/Decals/DIRT3/Diffuse_+_Alpha.uasset" 411
"../../../Meeting/Content/Art/Environment/Decals/DIRT3/Normal.uasset" 412
"../../../Meeting/Content/Art/Environment/Decals/M_Decal_Dirt_3.uasset" 413
"../../../Meeting/Content/Art/Environment/Decals/dirt2/Diffuse.uasset" 414
"../../../Meeting/Content/Art/Environment/Decals/dirt2/Height.uasset" 415
"../../../Meeting/Content/Art/Environment/Development/NewFolder/M_Development.uasset" 416
"../../../Meeting/Content/Art/Environment/Door/Door_Temp/SM_Door_Frame.uasset" 417
"../../../Meeting/Content/Art/Environment/Door/Door_Temp/SM_Door_LeftRight1.uasset" 418
"../../../Meeting/Content/Art/Environment/Door/Door_Temp/SM_Door_LeftRight2.uasset" 419
"../../../Meeting/Content/Art/Environment/Door/Door_Temp/SM_Door_UpDown.uasset" 420
"../../../Meeting/Content/Art/Environment/Texture/pillarLP_1001_BaseColor.uasset" 421
"../../../Meeting/Content/Art/Environment/Texture/pillarLP_1001_Normal.uasset" 422
"../../../Meeting/Content/Art/Environment/Texture/pillarLP_1001_OcclusionRoughnessMetallic.uasset" 423
"../../../Meeting/Content/Art/Environment/Material/1.uasset" 424
"../../../Meeting/Content/Art/Environment/Texture/WALL1LP_1001_BaseColor.uasset" 425
"../../../Meeting/Content/Art/Environment/Texture/WALL1LP_1001_Normal.uasset" 426
"../../../Meeting/Content/Art/Environment/Texture/WALL1LP_1001_OcclusionRoughnessMetallic.uasset" 427
"../../../Meeting/Content/Art/Environment/Material/2.uasset" 428
"../../../Meeting/Content/Art/Environment/Material/LF.uasset" 429
"../../../Meeting/Content/Art/Environment/Material/LF2.uasset" 430
"../../../Engine/Content/Functions/Engine_MaterialFunctions01/WorldPositionOffset/SimpleGrassWind.uasset" 431
"../../../Meeting/Content/Art/Environment/qcihF_2K_Albedo.uasset" 432
"../../../Meeting/Content/Art/Environment/qcihF_2K_Normal.uasset" 433
"../../../Meeting/Content/Art/Environment/qcihF_2K_Opacity.uasset" 434
"../../../Meeting/Content/Art/Environment/qcihF_2K_Roughness.uasset" 435
"../../../Meeting/Content/Art/Environment/Texture/qcihF_2K_Bump.uasset" 436
"../../../Meeting/Content/Art/Environment/Texture/qcihF_2K_Displacement.uasset" 437
"../../../Meeting/Content/Art/Environment/Material/M_Grass.uasset" 438
"../../../Meeting/Content/Art/Environment/Texture/lightLP_1001_BaseColor.uasset" 439
"../../../Meeting/Content/Art/Environment/Texture/lightLP_1001_Emissive.uasset" 440
"../../../Meeting/Content/Art/Environment/Texture/lightLP_1001_Normal.uasset" 441
"../../../Meeting/Content/Art/Environment/Texture/lightLP_1001_OcclusionRoughnessMetallic.uasset" 442
"../../../Meeting/Content/Art/Environment/Material/M_light.uasset" 443
"../../../Meeting/Content/Art/Environment/Material/M_light_2.uasset" 444
"../../../Meeting/Content/Art/Environment/Material/M_light_3.uasset" 445
"../../../Meeting/Content/Art/Environment/Material/NEW_UT.uasset" 446
"../../../Meeting/Content/Art/Environment/Texture/qcihF_2K_Albedo.uasset" 447
"../../../Meeting/Content/Art/Environment/Texture/qcihF_2K_Normal.uasset" 448
"../../../Meeting/Content/Art/Environment/Texture/qcihF_2K_Opacity.uasset" 449
"../../../Meeting/Content/Art/Environment/Texture/qcihF_2K_Roughness.uasset" 450
"../../../Meeting/Content/Art/Environment/Material/plants.uasset" 451
"../../../Meeting/Content/Art/Environment/Texture/newshitzzlp_1001_BaseColor.uasset" 452
"../../../Meeting/Content/Art/Environment/Texture/newshitzzlp_1001_Normal.uasset" 453
"../../../Meeting/Content/Art/Environment/Texture/newshitzzlp_1001_OcclusionRoughnessMetallic.uasset" 454
"../../../Meeting/Content/Art/Environment/Material/zzzzzz.uasset" 455
"../../../Meeting/Content/Art/Environment/Mesh/SM_Corridor_Door_Frame.uasset" 456
"../../../Meeting/Content/Art/Environment/Mesh/SM_Corridor_Extra_01.uasset" 457
"../../../Meeting/Content/Art/Environment/Mesh/SM_Corridor_Extra_02.uasset" 458
"../../../Meeting/Content/Art/Environment/Mesh/SM_Corridor_Wall.uasset" 459
"../../../Meeting/Content/Art/Environment/Mesh/SM_Corridor_Wall_03.uasset" 460
"../../../Meeting/Content/Art/Environment/Mesh/SM_Corridor_Wall_Cover.uasset" 461
"../../../Meeting/Content/Art/Environment/Mesh/SM_Corridor_Wall_Panel.uasset" 462
"../../../Meeting/Content/Art/Environment/Mesh/SM_Corridor_Wall_Pipe_01.uasset" 463
"../../../Meeting/Content/Art/Environment/Mesh/SM_Corridor_Wall_Pipe_02.uasset" 464
"../../../Meeting/Content/Art/Environment/Mesh/SM_Grass.uasset" 465
"../../../Meeting/Content/Art/Environment/Texture/leaves.uasset" 466
"../../../Meeting/Content/Art/Environment/Texture/leaves_O.uasset" 467
"../../../Meeting/Content/Art/Environment/Material/M_Leaf.uasset" 468
"../../../Meeting/Content/Art/Environment/Texture/branch.uasset" 469
"../../../Meeting/Content/Art/T_Trunk_Albedo.uasset" 470
"../../../Meeting/Content/Art/T_Trunk_N.uasset" 471
"../../../Meeting/Content/Art/Environment/Material/M_Vine.uasset" 472
"../../../Meeting/Content/Art/Environment/Mesh/SM_Ivy.uasset" 473
"../../../Meeting/Content/Art/Environment/Mesh/SM_Ivy_Corner.uasset" 474
"../../../Meeting/Content/Art/Environment/Mesh/SM_leaves.uasset" 475
"../../../Meeting/Content/Art/Environment/Mesh/SM_Leavess.uasset" 476
"../../../Meeting/Content/Art/Environment/Mesh/SM_Wire_03.uasset" 477
"../../../Meeting/Content/Art/Environment/Mesh/testbush.uasset" 478
"../../../Engine/Content/Functions/Engine_MaterialFunctions01/ImageAdjustment/CheapContrast.uasset" 479
"../../../Engine/Content/Functions/Engine_MaterialFunctions01/Shading/FuzzyShading.uasset" 480
"../../../Engine/Content/Functions/Engine_MaterialFunctions02/Math/CreateThirdOrthogonalVector.uasset" 481
"../../../Engine/Content/Functions/Engine_MaterialFunctions02/Utility/BreakOutFloat3Components.uasset" 482
"../../../Engine/Content/Functions/Engine_MaterialFunctions02/Math/Transform3x3Matrix.uasset" 483
"../../../Engine/Content/Functions/Engine_MaterialFunctions02/Utility/MakeFloat3.uasset" 484
"../../../Engine/Content/Functions/Engine_MaterialFunctions02/ExampleContent/Textures/SphereRenderNormalsMap.uasset" 485
"../../../Engine/Content/Functions/Engine_MaterialFunctions02/WorldAlignedNormals_HighQuality.uasset" 486
"../../../Engine/Content/EngineMaterials/DefaultNormal_Uncompressed.uasset" 487
"../../../Engine/Content/Functions/Engine_MaterialFunctions01/Texturing/WorldAlignedNormal.uasset" 488
"../../../Engine/Content/Functions/Engine_MaterialFunctions01/Texturing/WorldAlignedTexture.uasset" 489
"../../../Meeting/Content/Art/Environment/Moss_Vertex/TexturesCom_Moss0073_1_seamless_N.uasset" 490
"../../../Meeting/Content/Art/Environment/Moss_Vertex/TexturesCom_Moss0073_1_seamless_S__1_.uasset" 491
"../../../Meeting/Content/Art/Environment/Moss_Vertex/M_Function_Moss.uasset" 492
"../../../Meeting/Content/Art/Environment/Texture/1001_Opacity.uasset" 493
"../../../Meeting/Content/Art/Foliage/creepingfig_H.uasset" 494
"../../../Meeting/Content/Art/Foliage/pjDto2_512_Bump.uasset" 495
"../../../Meeting/Content/Art/Foliage/pjDto2_512_Cavity.uasset" 496
"../../../Meeting/Content/Art/Foliage/snakeplant_Height.uasset" 497
"../../../Meeting/Content/Art/GUI/Door_UI/Door_UI_Material/cornerpillarLPLP_1001_BaseColor.uasset" 498
"../../../Meeting/Content/Art/GUI/Door_UI/Door_UI_Material/cornerpillarLPLP_1001_Emissive.uasset" 499
"../../../Meeting/Content/Art/GUI/Door_UI/Door_UI_Material/cornerpillarLPLP_1001_Normal.uasset" 500
"../../../Meeting/Content/Art/GUI/Door_UI/Door_UI_Material/cornerpillarLPLP_1001_OcclusionRoughnessMetallic.uasset" 501
"../../../Meeting/Content/Art/GUI/Hacking_Terminal_UI/Hacking_Panel/Panel_Texture/DefaultMaterial_Mixed_AO.uasset" 502
"../../../Meeting/Content/Art/IES/9.uasset" 503
"../../../Meeting/Content/Mannequin/Character/Mesh/UE4_Mannequin_Skeleton.uasset" 504
"../../../Meeting/Content/Mannequin/Animations/ThirdPerson_Jump.uasset" 505
"../../../Meeting/Content/Mannequin/Animations/ThirdPersonJump_Loop.uasset" 506
"../../../Meeting/Content/Mannequin/Animations/ThirdPersonJump_Start.uasset" 507
"../../../Meeting/Content/Mannequin/Animations/ThirdPersonIdle.uasset" 508
"../../../Meeting/Content/Mannequin/Animations/ThirdPersonRun.uasset" 509
"../../../Meeting/Content/Mannequin/Animations/ThirdPersonWalk.uasset" 510
"../../../Meeting/Content/Mannequin/Animations/ThirdPerson_IdleRun_2D.uasset" 511
"../../../Meeting/Content/Mannequin/Animations/ThirdPerson_AnimBP.uasset" 512
"../../../Meeting/Content/Mannequin/Character/Materials/MaterialLayers/T_ML_Rubber_Blue_01_D.uasset" 513
"../../../Meeting/Content/Mannequin/Character/Materials/MaterialLayers/T_ML_Rubber_Blue_01_N.uasset" 514
"../../../Meeting/Content/Mannequin/Character/Materials/MaterialLayers/ML_GlossyBlack_Latex_UE4.uasset" 515
"../../../Meeting/Content/Mannequin/Character/Materials/MaterialLayers/ML_Plastic_Shiny_Beige.uasset" 516
"../../../Meeting/Content/Mannequin/Character/Textures/UE4_LOGO_CARD.uasset" 517
"../../../Meeting/Content/Mannequin/Character/Materials/MaterialLayers/ML_Plastic_Shiny_Beige_LOGO.uasset" 518
"../../../Meeting/Content/Mannequin/Character/Materials/MaterialLayers/T_ML_Aluminum01.uasset" 519
"../../../Meeting/Content/Mannequin/Character/Materials/MaterialLayers/T_ML_Aluminum01_N.uasset" 520
"../../../Meeting/Content/Mannequin/Character/Materials/MaterialLayers/ML_SoftMetal_UE4.uasset" 521
"../../../Meeting/Content/Mannequin/Character/Textures/UE4_Mannequin__normals.uasset" 522
"../../../Meeting/Content/Mannequin/Character/Textures/UE4_Mannequin_MAT_MASKA.uasset" 523
"../../../Meeting/Content/Mannequin/Character/Materials/M_UE4Man_Body.uasset" 524
"../../../Meeting/Content/Mannequin/Character/Textures/UE4Man_Logo_N.uasset" 525
"../../../Meeting/Content/Mannequin/Character/Materials/M_UE4Man_ChestLogo.uasset" 526
"../../../Meeting/Content/Mannequin/Character/Mesh/SK_Mannequin_PhysicsAsset.uasset" 527
"../../../Meeting/Content/Mannequin/Character/Mesh/SK_Mannequin.uasset" 528
"../../../Meeting/Content/Blueprint/MainPlayer_BP.uasset" 529
"../../../Meeting/Content/DomPlaceholders/SM_CornerFloor_1.uasset" 530
"../../../Meeting/Content/DomPlaceholders/SM_CornerFloor_2.uasset" 531
"../../../Meeting/Content/DomPlaceholders/SM_CornerFloor_4.uasset" 532
"../../../Meeting/Content/DomPlaceholders/SM_Corner_Floor_3.uasset" 533
"../../../Meeting/Content/DomPlaceholders/SM_Door_B.uasset" 534
"../../../Meeting/Content/DomPlaceholders/SM_Door_Frame_Placeholder.uasset" 535
"../../../Meeting/Content/DomPlaceholders/SM_Door_G.uasset" 536
"../../../Meeting/Content/DomPlaceholders/SM_FLoor_1.uasset" 537
"../../../Meeting/Content/DomPlaceholders/SM_Stuffs_3.uasset" 538
"../../../Meeting/Content/DomPlaceholders/SM_Stuffs_4.uasset" 539
"../../../Meeting/Content/DomPlaceholders/SM_Stuffs_5.uasset" 540
"../../../Meeting/Content/DomPlaceholders/SM_Stuffs_6.uasset" 541
"../../../Meeting/Content/DomPlaceholders/SM_Stuff_1.uasset" 542
"../../../Meeting/Content/DomPlaceholders/SM_Stuff_2.uasset" 543
"../../../Meeting/Content/Effects/Steam/Textures/T_SmokeBall_01_8_8.uasset" 544
"../../../Meeting/Content/Effects/Steam/Materials/M_Smoke_MacroUV_Subtle_Near.uasset" 545
"../../../Meeting/Content/Effects/Steam/P_AT_Entrance_Steam_01.uasset" 546
"../../../Meeting/Content/Effects/Steam/Materials/M_Smoke_MacroUV_Subtle_Emissive_Near.uasset" 547
"../../../Meeting/Content/Effects/Steam/Materials/M_Smoke_MacroUV_Subtle_Emissive_Near_NoSep.uasset" 548
"../../../Meeting/Content/Effects/Steam/P_AT_Steam_Jet_01_NoSep.uasset" 549
"../../../Meeting/Content/Effects/Steam/P_SteamClose.uasset" 550
"../../../Meeting/Content/Effects/Steam/P_SteamCloseFeet.uasset" 551
"../../../Meeting/Content/Effects/Steam/P_SteamClose_Emissive.uasset" 552
"../../../Meeting/Content/Effects/Steam/P_SteamClose_Tunnel.uasset" 553
"../../../Meeting/Content/Effects/Steam/Materials/M_Smoke_MacroUV_Subtle_Near_NoSep.uasset" 554
"../../../Meeting/Content/Effects/Steam/P_SteamClose_Tunnel_NoSep.uasset" 555
"../../../Meeting/Content/Effects/Steam/Textures/T_Steam_04.uasset" 556
"../../../Meeting/Content/Effects/Steam/Materials/M_Steam_test_02.uasset" 557
"../../../Meeting/Content/Effects/Steam/P_SteamJet.uasset" 558
"../../../Meeting/Content/Effects/Steam/Materials/M_Smoke_MacroUV_LF_E_Pan.uasset" 559
"../../../Meeting/Content/Effects/Steam/P_SteamVolume_Down_Massive.uasset" 560
"../../../Meeting/Content/Effects/Steam/P_Steam_Jet_Emissive.uasset" 561
"../../../Meeting/Content/Effects/Steam/P_SubtleSteam_Blow.uasset" 562
"../../../Meeting/Content/Effects/Steam/Materials/M_Smoke_MacroUV_LF_Pan.uasset" 563
"../../../Meeting/Content/Effects/Steam/P_SubtleSteam_LightsHanging.uasset" 564
"../../../Engine/Content/EngineMaterials/OrientParticle.uasset" 565
"../../../Engine/Content/EngineMaterials/DefaultParticle.uasset" 566
"../../../Meeting/Content/Effects/Steam/P_SubtleSteam_Rise.uasset" 567
"../../../Meeting/Content/Env/Blueprints/Assets/GodRay/T_GodRay_Mask01.uasset" 568
"../../../Meeting/Content/Effects/Steam/Materials/M_MeshSteam_Emissive.uasset" 569
"../../../Meeting/Content/Effects/Steam/Materials/M_MeshSteam_Emissive_LowDistant_Inst.uasset" 570
"../../../Meeting/Content/Effects/Steam/Materials/M_MeshSteam_Emissive_SideVentDim_Inst.uasset" 571
"../../../Meeting/Content/Effects/Steam/Materials/M_MeshSteam.uasset" 572
"../../../Meeting/Content/Effects/Steam/Materials/M_MeshSteam_Inst.uasset" 573
"../../../Meeting/Content/Effects/Steam/Materials/M_GodRay_Grate.uasset" 574
"../../../Meeting/Content/Effects/Steam/Materials/M_MeshSteam_Emissive_Rays_Inst.uasset" 575
"../../../Meeting/Content/Effects/Steam/Meshes/SM_GodRays_ThruGrates.uasset" 576
"../../../Meeting/Content/Effects/Steam/Materials/M_MeshSteam_Emissive_Screw.uasset" 577
"../../../Meeting/Content/Effects/Steam/Materials/M_MeshSteam_Emissive_Screw_Inst_01.uasset" 578
"../../../Meeting/Content/Effects/Steam/Meshes/SM_SteamScrewCore.uasset" 579
"../../../Meeting/Content/Effects/Steam/Materials/M_MeshSteam_Emissive_Screw_Inst_02.uasset" 580
"../../../Meeting/Content/Effects/Steam/Meshes/SM_SteamScrewCore_Tall.uasset" 581
"../../../Meeting/Content/Effects/Steam/Materials/M_MeshSteam_Emissive_Tendril_Inst_02.uasset" 582
"../../../Meeting/Content/Effects/Steam/Meshes/SM_SteamScrewTendril_Tall.uasset" 583
"../../../Meeting/Content/Effects/Steam/Meshes/SM_Steam_Around_Combined.uasset" 584
"../../../Meeting/Content/Effects/Steam/Materials/M_MeshSteam_Emissive_SideVent_Inst.uasset" 585
"../../../Meeting/Content/Effects/Steam/Meshes/VIS_ArtDemo_SteamVentSide.uasset" 586
"../../../Meeting/Content/Effects/Steam/Textures/T_SmokeBall_8_8.uasset" 587
"../../../Meeting/Content/Effects/Steam/Textures/T_Steam_02_Packed.uasset" 588
"../../../Meeting/Content/Sound/Background_Ambience_5_Cue.uasset" 589
"../../../Meeting/Content/Sound/LeftFootSound.uasset" 590
"../../../Meeting/Content/Sound/RightFootSound.uasset" 591
"../../../Meeting/Content/Sound/FootstepSound/Left_Footsteps_Cue.uasset" 592
"../../../Meeting/Content/Sound/FootstepSound/Right_Footsteps_Cue.uasset" 593
"../../../Meeting/Content/Sound/Sound/Ambient_Echoes_1_Cue.uasset" 594
"../../../Meeting/Content/Sound/Sound/Ambient_Echoes_2_Cue.uasset" 595
"../../../Meeting/Content/Sound/Sound/Ambient_Echoes_3_Cue.uasset" 596
"../../../Meeting/Content/Sound/Sound/Ambient_Echoes_4_Cue.uasset" 597
"../../../Meeting/Content/Sound/Sound/Ambient_Echoes_5_Cue.uasset" 598
"../../../Meeting/Content/Sound/Sound/Ambient_Echoes_6_Cue.uasset" 599
"../../../Meeting/Content/Sound/Sound/Ambient_Echoes_7_Cue.uasset" 600
"../../../Meeting/Content/Sound/Sound/Ambient_Echoes_8_Cue.uasset" 601
"../../../Meeting/Content/Sound/Sound/Ambient_Echoes_9_Cue.uasset" 602
"../../../Meeting/Content/StarterContent/Audio/Steam01_Cue.uasset" 603
"../../../Meeting/Content/StarterContent/Textures/T_Smoke_SubUV.uasset" 604
"../../../Meeting/Content/StarterContent/Particles/Materials/M_smoke_subUV.uasset" 605
"../../../Meeting/Content/StarterContent/Particles/P_Steam_Lit.uasset" 606
"../../../Meeting/Content/StarterContent/Blueprints/Blueprint_Effect_Steam.uasset" 607
"../../../Meeting/Content/StarterContent/Textures/T_MacroVariation.uasset" 608
"../../../Meeting/Content/StarterContent/Materials/M_Metal_Chrome.uasset" 609
"../../../Meeting/Content/Art/Environment/Door/Door_Material/wire_225143087_Base_Color.uasset" 610
"../../../Meeting/Content/Art/Environment/Door/Door_Material/wire_225143087_Emissive.uasset" 611
"../../../Meeting/Content/Art/Environment/Door/Door_Material/wire_225143087_Metallic.uasset" 612
"../../../Meeting/Content/Art/Environment/Door/Door_Material/wire_225143087_Mixed_AO.uasset" 613
"../../../Meeting/Content/Art/Environment/Door/Door_Material/wire_225143087_Normal_DirectX.uasset" 614
"../../../Meeting/Content/Art/Environment/Door/Door_Material/wire_225143087_Roughness.uasset" 615
"../../../Meeting/Content/Art/Environment/Door/Door_Material/Door_Material.uasset" 616
"../../../Meeting/Content/Art/Environment/Door/Door_Mesh/Door_TopBottom.uasset" 617
"../../../Meeting/Content/Tech/InteractionSystem/Door_TopBottom28_Blueprint.uasset" 618
"../../../Meeting/Content/Art/GUI/Hacking_Terminal_UI/Hacking_Terminal_UI_Material/6.uasset" 619
"../../../Meeting/Content/Art/GUI/Hacking_Terminal_UI/Hacking_Terminal_UI_Material/Hacking_UI_6.uasset" 620
"../../../Meeting/Content/Tech/InteractionSystem/Hacking_Terminal_UI6_Blueprint.uasset" 621
"../../../Meeting/Content/Tech/InteractionSystem/SM_Door_UpDown_Blueprint.uasset" 622
"../../../Meeting/Content/Tech/NewLightBeam/Aim.uasset" 623
"../../../Meeting/Content/Tech/NewLightBeam/SM_SmallCone.uasset" 624
"../../../Meeting/Content/Tech/NewLightBeam/Shoot.uasset" 625
"../../../Engine/Plugins/2D/Paper2D/Content/DummySprite.uasset" 626
"../../../Engine/Plugins/2D/Paper2D/Content/DefaultPaperTerrainMaterial.uasset" 627
"../../../Engine/Plugins/2D/Paper2D/Content/DefaultSpriteMaterial.uasset" 628
"../../../Engine/Plugins/2D/Paper2D/Content/MaskedUnlitSpriteMaterial.uasset" 629
"../../../Engine/Plugins/2D/Paper2D/Content/OpaqueUnlitSpriteMaterial.uasset" 630
"../../../Engine/Plugins/2D/Paper2D/Content/PlaceholderTextures/DummySpriteTexture.uasset" 631
"../../../Meeting/Content/AnimStarterPack/Crouch_Idle_Rifle_Hip.uasset" 632
"../../../Meeting/Content/AnimStarterPack/Crouch_Idle_Rifle_Ironsights.uasset" 633
"../../../Meeting/Content/AnimStarterPack/Crouch_Walk_Fwd_Rifle_Ironsights.uasset" 634
"../../../Meeting/Content/AnimStarterPack/Equip_Pistol_Standing.uasset" 635
"../../../Meeting/Content/AnimStarterPack/Fire_Rifle_Ironsights.uasset" 636
"../../../Meeting/Content/AnimStarterPack/Hit_React_1.uasset" 637
"../../../Meeting/Content/AnimStarterPack/Hit_React_2.uasset" 638
"../../../Meeting/Content/AnimStarterPack/Hit_React_3.uasset" 639
"../../../Meeting/Content/AnimStarterPack/Idle_Rifle_Hip_Break1.uasset" 640
"../../../Meeting/Content/AnimStarterPack/Idle_Rifle_Hip_Break2.uasset" 641
"../../../Meeting/Content/AnimStarterPack/Reload_Rifle_Hip.uasset" 642
"../../../Engine/Content/EngineSky/C_Sky_Cloud_Color.uasset" 643
"../../../Engine/Content/EngineSky/C_Sky_Horizon_Color.uasset" 644
"../../../Engine/Content/EngineSky/C_Sky_Zenith_Color.uasset" 645
"../../../Engine/Content/EngineSky/T_Sky_Blue.uasset" 646
"../../../Engine/Content/EngineSky/T_Sky_Clouds_M.uasset" 647
"../../../Engine/Content/EngineSky/T_Sky_Stars.uasset" 648
"../../../Engine/Content/EngineSky/M_Sky_Panning_Clouds2.uasset" 649
"../../../Engine/Content/EngineSky/SM_SkySphere.uasset" 650
"../../../Engine/Content/EngineSky/BP_Sky_Sphere.uasset" 651
"../../../Engine/Content/TemplateResources/M_Template_Master.uasset" 652
"../../../Engine/Content/TemplateResources/MI_Template_BaseGray_03_Metal.uasset" 653
"../../../Meeting/Content/AnimStarterPack/Showcase.umap" 654
"../../../Meeting/Content/AnimStarterPack/Ai_Animation_Placeholder/placeholder_enemy_attack.uasset" 655
"../../../Meeting/Content/AnimStarterPack/Ai_Animation_Placeholder/placeholder_enemy_death.uasset" 656
"../../../Meeting/Content/AnimStarterPack/Crouch_Walk_Bwd_Rifle_Hip.uasset" 657
"../../../Meeting/Content/AnimStarterPack/Crouch_Walk_Bwd_Rifle_Ironsights.uasset" 658
"../../../Meeting/Content/AnimStarterPack/Crouch_Walk_Fwd_Rifle_Hip.uasset" 659
"../../../Meeting/Content/AnimStarterPack/Crouch_Walk_Lt_Rifle_Hip.uasset" 660
"../../../Meeting/Content/AnimStarterPack/Crouch_Walk_Rt_Rifle_Hip.uasset" 661
"../../../Meeting/Content/AnimStarterPack/BlendSpace/EnemyPatrolAnim_BS.uasset" 662
"../../../Meeting/Content/AnimStarterPack/BlendSpace/EnemyWalkAnim_BS.uasset" 663
"../../../Meeting/Content/Blueprint/AI/Animation/Anim_BP_Enemy.uasset" 664
"../../../Meeting/Content/Blueprint/AI/EnemyBB.uasset" 665
"../../../Meeting/Content/Blueprint/AI/EnemyAI_BP.uasset" 666
"../../../Meeting/Content/Blueprint/AI/ClearFocus.uasset" 667
"../../../Meeting/Content/Blueprint/AI/FocusPlayer.uasset" 668
"../../../Meeting/Content/Blueprint/AI/MoveAroundPlayer.uasset" 669
"../../../Meeting/Content/Blueprint/AI/EnemyBT.uasset" 670
"../../../Meeting/Content/AnimStarterPack/UE4_Mannequin/Mesh/SK_Mannequin_Enemy.uasset" 671
"../../../Meeting/Content/Blueprint/AI/EnemyChracter_BP.uasset" 672
"../../../Meeting/Content/Art/DoorAnimation/Dooranimation_Object004_Skeleton.uasset" 673
"../../../Meeting/Content/Art/DoorAnimation/Dooranimation_Object004_Anim.uasset" 674
"../../../Meeting/Content/Art/DoorAnimation/Dooranimation_Object006_Skeleton.uasset" 675
"../../../Meeting/Content/Art/DoorAnimation/Dooranimation_Object006_Anim.uasset" 676
"../../../Meeting/Content/Art/DoorAnimation/Dooranimation_Object008_Skeleton.uasset" 677
"../../../Meeting/Content/Art/DoorAnimation/Dooranimation_Object008_Anim.uasset" 678
"../../../Meeting/Content/Art/DoorAnimation/Dooranimation_Object009_Skeleton.uasset" 679
"../../../Meeting/Content/Art/DoorAnimation/Dooranimation_Object009_Anim.uasset" 680
"../../../Meeting/Content/Art/DoorAnimation/FARK1_Skeleton.uasset" 681
"../../../Meeting/Content/Art/DoorAnimation/FARK1_Anim.uasset" 682
"../../../Meeting/Content/Art/DoorAnimation/FARK2_Skeleton.uasset" 683
"../../../Meeting/Content/Art/DoorAnimation/FARK2_Anim.uasset" 684
"../../../Meeting/Content/Art/DoorUI/ANIMATION_Object003_Skeleton.uasset" 685
"../../../Meeting/Content/Art/DoorUI/ANIMATION_Object003_Anim.uasset" 686
"../../../Meeting/Content/Art/DoorUI/ANIMATION_Object004_Skeleton.uasset" 687
"../../../Meeting/Content/Art/DoorUI/ANIMATION_Object004_Anim.uasset" 688
"../../../Meeting/Content/Art/DoorUI/ANIMATION_Object005_Skeleton.uasset" 689
"../../../Meeting/Content/Art/DoorUI/ANIMATION_Object005_Anim.uasset" 690
"../../../Meeting/Content/Art/DoorUI/ANIMATION_Object006_Skeleton.uasset" 691
"../../../Meeting/Content/Art/DoorUI/ANIMATION_Object006_Anim.uasset" 692
"../../../Meeting/Content/Art/DoorUI/ANIMATION_Object007_Skeleton.uasset" 693
"../../../Meeting/Content/Art/DoorUI/ANIMATION_Object007_Anim.uasset" 694
"../../../Meeting/Content/Art/DoorUI/ANIMATION_Plane001_Skeleton.uasset" 695
"../../../Meeting/Content/Art/DoorUI/ANIMATION_Plane001_Anim.uasset" 696
"../../../Meeting/Content/Art/DoorUI/Start_Pose/Object003_Pose.uasset" 697
"../../../Meeting/Content/Art/DoorUI/Start_Pose/Object004_Pose.uasset" 698
"../../../Meeting/Content/Art/DoorUI/Start_Pose/Object005_Pose.uasset" 699
"../../../Meeting/Content/Art/DoorUI/Start_Pose/Object006_Pose.uasset" 700
"../../../Meeting/Content/Art/DoorUI/Start_Pose/Object007_Pose.uasset" 701
"../../../Meeting/Content/Art/DoorUI/Start_Pose/Plane001_Pose.uasset" 702
"../../../Meeting/Content/Art/Environment/SM_Corridor_WallDoor.uasset" 703
"../../../Meeting/Content/Tech/InteractionSystem/SmallDoor_BP.uasset" 704
"../../../Meeting/Content/Blueprint/TriggerBox_Blueprint.uasset" 705
"../../../Meeting/Content/Art/Environment/Space/Art/Environment/Space/SpaceBP.uasset" 706
"../../../Meeting/Content/Tech/InteractionSystem/Door_Down_BP.uasset" 707
"../../../Meeting/Content/Tech/InteractionSystem/Door_TopBottom11_Blueprint.uasset" 708
"../../../Meeting/Content/Tech/InteractionSystem/Door_TopBottom29_Blueprint.uasset" 709
"../../../Meeting/Content/Tech/InteractionSystem/Door_TopBottom30_Blueprint.uasset" 710
"../../../Meeting/Content/Tech/InteractionSystem/Pickup/Battery/BP_Battery.uasset" 711
"../../../Meeting/Content/Tech/InteractionSystem/Pickup/Fruit/BP_Fruit.uasset" 712
"../../../Meeting/Content/Art/GUI/Door_UI/Door_UI_Material/5.uasset" 713
"../../../Meeting/Content/Art/GUI/Door_UI/Door_UI_Material/Locked/Door_UI_5.uasset" 714
"../../../Meeting/Content/Art/GUI/Door_UI/Door_UI_Mesh.uasset" 715
"../../../Meeting/Content/Tech/LockedDoor/Door_UI_Mesh6_Blueprint.uasset" 716
"../../../Meeting/Content/Art/GUI/Door_UI/Door_UI_Material/Locked/Door_UI_6.uasset" 717
"../../../Meeting/Content/Art/GUI/GUI.uasset" 718
"../../../Meeting/Content/Tech/LockedDoor/GUI10_Blueprint.uasset" 719
"../../../Meeting/Content/Art/GUI/Door_UI/Door_UI_Material/Locked/Door_UI_1.uasset" 720
"../../../Meeting/Content/Tech/LockedDoor/GUI6_Blueprint.uasset" 721
"../../../Meeting/Content/Art/GUI/Door_UI/Door_UI_Material/Locked/Door_UI_2.uasset" 722
"../../../Meeting/Content/Tech/LockedDoor/GUI7_Blueprint.uasset" 723
"../../../Meeting/Content/Art/GUI/Door_UI/Door_UI_Material/Locked/Door_UI_3.uasset" 724
"../../../Meeting/Content/Tech/LockedDoor/GUI8_Blueprint.uasset" 725
"../../../Meeting/Content/Art/GUI/Door_UI/Door_UI_Material/4.uasset" 726
"../../../Meeting/Content/Art/GUI/Door_UI/Door_UI_Material/Locked/Door_UI_4.uasset" 727
"../../../Meeting/Content/Tech/LockedDoor/GUI9_Blueprint.uasset" 728
"../../../Meeting/Content/ThirdPersonBP/Blueprints/ThirdPersonCharacter.uasset" 729
"../../../Meeting/Content/ThirdPersonBP/Maps/MockUp_Map_BuiltData.uasset" 730
"../../../Engine/Content/BasicShapes/BasicShapeMaterial.uasset" 731
"../../../Meeting/Content/Art/Environment/Texture/DD_O.uasset" 732
"../../../Meeting/Content/Art/Environment/Decals/M_Decal_01.uasset" 733
"../../../Meeting/Content/Art/Environment/Decals/lol_N.uasset" 734
"../../../Meeting/Content/Art/Environment/Texture/T_moss_alpha_test.uasset" 735
"../../../Meeting/Content/Art/Environment/Texture/TexturesCom_Grass0154_1_seamless_S.uasset" 736
"../../../Meeting/Content/Art/Environment/Decals/M_Decal_02.uasset" 737
"../../../Meeting/Content/Art/Environment/Decals/Diffuse_+_Alpha.uasset" 738
"../../../Meeting/Content/Art/Environment/Decals/Normal.uasset" 739
"../../../Meeting/Content/Art/Environment/Decals/M_Decal_Dirt_01.uasset" 740
"../../../Meeting/Content/Art/Environment/Decals/dirt2/Diffuse_+_Alpha.uasset" 741
"../../../Meeting/Content/Art/Environment/Decals/dirt2/Normal.uasset" 742
"../../../Meeting/Content/Art/Environment/Decals/M_Decal_Dirt_2.uasset" 743
"../../../Meeting/Content/Art/Environment/Decals/Dirt4/Diffuse_+_Alpha.uasset" 744
"../../../Meeting/Content/Art/Environment/Decals/Dirt4/Normal.uasset" 745
"../../../Meeting/Content/Art/Environment/Decals/M_Decal_Dirt_4.uasset" 746
"../../../Meeting/Content/Art/Environment/Decals/Textures/T_Moss_Leak_01_Albedo.uasset" 747
"../../../Meeting/Content/Art/Environment/Decals/Textures/T_Moss_Leak_01_N.uasset" 748
"../../../Meeting/Content/Art/Environment/Decals/Textures/T_Moss_Leak_01_Opacity.uasset" 749
"../../../Meeting/Content/Art/Environment/Decals/M_Decal_Leak_01.uasset" 750
"../../../Meeting/Content/Art/Environment/Decals/Textures/T_Moss_Leak_02_Albedo.uasset" 751
"../../../Meeting/Content/Art/Environment/Decals/Textures/T_Moss_Leak_02_N.uasset" 752
"../../../Meeting/Content/Art/Environment/Decals/Textures/T_Moss_Leak_02_Opacity.uasset" 753
"../../../Meeting/Content/Art/Environment/Decals/M_Decal_Leak_02.uasset" 754
"../../../Meeting/Content/Art/Environment/Decals/Textures/T_Moss_Leak_03_Albedo.uasset" 755
"../../../Meeting/Content/Art/Environment/Decals/Textures/T_Moss_Leak_03_N.uasset" 756
"../../../Meeting/Content/Art/Environment/Decals/Textures/T_Moss_Leak_03_Opacity.uasset" 757
"../../../Meeting/Content/Art/Environment/Decals/M_Decal_Leak_03.uasset" 758
"../../../Meeting/Content/Art/Environment/Decals/RESEARCHLABDIRECTION.uasset" 759
"../../../Meeting/Content/Art/Environment/Decals/M_Decal_RL.uasset" 760
"../../../Meeting/Content/Art/Environment/Door/Door_Material/doorpart2LP_1001_BaseColor.uasset" 761
"../../../Meeting/Content/Art/Environment/Door/Door_Material/doorpart2LP_1001_Normal.uasset" 762
"../../../Meeting/Content/Art/Environment/Door/Door_Material/doorpart2LP_1001_OcclusionRoughnessMetallic.uasset" 763
"../../../Meeting/Content/Art/Environment/Door/Door_Material/M_YeejinDoor2.uasset" 764
"../../../Meeting/Content/Art/Environment/Door/Door_Material/M_YeejinDoorRed.uasset" 765
"../../../Meeting/Content/Art/Environment/box2lp_DefaultMaterial_BaseColor.uasset" 766
"../../../Meeting/Content/Art/Environment/box2lp_DefaultMaterial_Normal.uasset" 767
"../../../Meeting/Content/Art/Environment/box2lp_DefaultMaterial_OcclusionRoughnessMetallic.uasset" 768
"../../../Meeting/Content/Art/Environment/M_Box2.uasset" 769
"../../../Meeting/Content/Art/Environment/ceiling2LP_1001_BaseColor.uasset" 770
"../../../Meeting/Content/Art/Environment/ceiling2LP_1001_Normal.uasset" 771
"../../../Meeting/Content/Art/Environment/ceiling2LP_1001_OcclusionRoughnessMetallic.uasset" 772
"../../../Meeting/Content/Art/Environment/M_Ceiling2.uasset" 773
"../../../Meeting/Content/Art/Environment/ceilingfloorLP_1001_BaseColor.uasset" 774
"../../../Meeting/Content/Art/Environment/ceilingfloorLP_1001_Normal.uasset" 775
"../../../Meeting/Content/Art/Environment/ceilingfloorLP_1001_OcclusionRoughnessMetallic.uasset" 776
"../../../Meeting/Content/Art/Environment/M_CornerCeilingFloor.uasset" 777
"../../../Meeting/Content/Art/Environment/cornerpillarLPLP_1001_BaseColor.uasset" 778
"../../../Meeting/Content/Art/Environment/cornerpillarLPLP_1001_Emissive.uasset" 779
"../../../Meeting/Content/Art/Environment/cornerpillarLPLP_1001_Normal.uasset" 780
"../../../Meeting/Content/Art/Environment/cornerpillarLPLP_1001_OcclusionRoughnessMetallic.uasset" 781
"../../../Meeting/Content/Art/Environment/M_CornerPillarLo.uasset" 782
"../../../Meeting/Content/Art/Environment/decoLP_1001_BaseColor.uasset" 783
"../../../Meeting/Content/Art/Environment/decoLP_1001_Normal.uasset" 784
"../../../Meeting/Content/Art/Environment/decoLP_1001_OcclusionRoughnessMetallic.uasset" 785
"../../../Meeting/Content/Art/Environment/M_Deco_01.uasset" 786
"../../../Meeting/Content/Art/Environment/M_DoorWALLRed.uasset" 787
"../../../Meeting/Content/Art/Environment/TfloorLP_1001_BaseColor.uasset" 788
"../../../Meeting/Content/Art/Environment/TfloorLP_1001_Emissive.uasset" 789
"../../../Meeting/Content/Art/Environment/TfloorLP_1001_Normal.uasset" 790
"../../../Meeting/Content/Art/Environment/TfloorLP_1001_OcclusionRoughnessMetallic.uasset" 791
"../../../Meeting/Content/Art/Environment/M_Floor_T.uasset" 792
"../../../Meeting/Content/Art/Environment/floorCoverLP_1001_BaseColor.uasset" 793
"../../../Meeting/Content/Art/Environment/floorCoverLP_1001_Normal.uasset" 794
"../../../Meeting/Content/Art/Environment/floorCoverLP_1001_OcclusionRoughnessMetallic.uasset" 795
"../../../Meeting/Content/Art/Environment/M_FloorCover.uasset" 796
"../../../Meeting/Content/Art/Environment/frametopLP_1001_BaseColor.uasset" 797
"../../../Meeting/Content/Art/Environment/frametopLP_1001_Emissive.uasset" 798
"../../../Meeting/Content/Art/Environment/frametopLP_1001_Normal.uasset" 799
"../../../Meeting/Content/Art/Environment/frametopLP_1001_OcclusionRoughnessMetallic.uasset" 800
"../../../Meeting/Content/Art/Environment/M_frametop.uasset" 801
"../../../Meeting/Content/Art/Environment/handleLP_1001_BaseColor.uasset" 802
"../../../Meeting/Content/Art/Environment/handleLP_1001_Normal.uasset" 803
"../../../Meeting/Content/Art/Environment/handleLP_1001_OcclusionRoughnessMetallic.uasset" 804
"../../../Meeting/Content/Art/Environment/M_Handle.uasset" 805
"../../../Meeting/Content/Art/Environment/newlightLP_1001_BaseColor.uasset" 806
"../../../Meeting/Content/Art/Environment/newlightLP_1001_Emissive.uasset" 807
"../../../Meeting/Content/Art/Environment/newlightLP_1001_Normal.uasset" 808
"../../../Meeting/Content/Art/Environment/newlightLP_1001_OcclusionRoughnessMetallic.uasset" 809
"../../../Meeting/Content/Art/Environment/M_NewLight.uasset" 810
"../../../Meeting/Content/Art/Environment/M_NewLight_3.uasset" 811
"../../../Meeting/Content/Art/Environment/M_NewLight_4.uasset" 812
"../../../Meeting/Content/Art/Environment/M_NewLightFunction_2.uasset" 813
"../../../Meeting/Content/Art/Environment/m_nolight.uasset" 814
"../../../Meeting/Content/Art/Environment/m_orange.uasset" 815
"../../../Meeting/Content/Art/Environment/TCEILINGLP_1001_BaseColor.uasset" 816
"../../../Meeting/Content/Art/Environment/TCEILINGLP_1001_Emissive.uasset" 817
"../../../Meeting/Content/Art/Environment/TCEILINGLP_1001_Normal.uasset" 818
"../../../Meeting/Content/Art/Environment/TCEILINGLP_1001_OcclusionRoughnessMetallic.uasset" 819
"../../../Meeting/Content/Art/Environment/M_Tceiling.uasset" 820
"../../../Meeting/Content/Art/Environment/m_white.uasset" 821
"../../../Meeting/Content/Art/Environment/devmesh_1001_BaseColor.uasset" 822
"../../../Meeting/Content/Art/Environment/devmesh_1001_Normal.uasset" 823
"../../../Meeting/Content/Art/Environment/devmesh_1001_OcclusionRoughnessMetallic.uasset" 824
"../../../Meeting/Content/Art/Environment/M_Wire_01.uasset" 825
"../../../Meeting/Content/Art/Environment/Texture/ceilingLP_1001_BaseColor.uasset" 826
"../../../Meeting/Content/Art/Environment/Texture/ceilingLP_1001_Normal.uasset" 827
"../../../Meeting/Content/Art/Environment/Texture/ceilingLP_1001_OcclusionRoughnessMetallic.uasset" 828
"../../../Meeting/Content/Art/Environment/Material/ceiling.uasset" 829
"../../../Meeting/Content/Art/Environment/Texture/OHSHITWADDUPLP_1001_BaseColor.uasset" 830
"../../../Meeting/Content/Art/Environment/Texture/OHSHITWADDUPLP_1001_Normal.uasset" 831
"../../../Meeting/Content/Art/Environment/Texture/OHSHITWADDUPLP_1001_OcclusionRoughnessMetallic.uasset" 832
"../../../Meeting/Content/Art/Environment/Material/finalframe.uasset" 833
"../../../Meeting/Content/Art/Environment/Texture/floorlp_1001_BaseColor.uasset" 834
"../../../Meeting/Content/Art/Environment/Texture/floorlp_1001_Emissive.uasset" 835
"../../../Meeting/Content/Art/Environment/Texture/floorlp_1001_Normal.uasset" 836
"../../../Meeting/Content/Art/Environment/Texture/floorlp_1001_OcclusionRoughnessMetallic.uasset" 837
"../../../Meeting/Content/Art/Environment/Material/FLOORFLOOR.uasset" 838
"../../../Meeting/Content/Art/Environment/Texture/boxLP_1001_BaseColor.uasset" 839
"../../../Meeting/Content/Art/Environment/Texture/boxLP_1001_Normal.uasset" 840
"../../../Meeting/Content/Art/Environment/Texture/boxLP_1001_OcclusionRoughnessMetallic.uasset" 841
"../../../Meeting/Content/Art/Environment/Material/m_box.uasset" 842
"../../../Meeting/Content/Art/Environment/Texture/LPPIPE_1001_BaseColor.uasset" 843
"../../../Meeting/Content/Art/Environment/Texture/LPPIPE_1001_Normal.uasset" 844
"../../../Meeting/Content/Art/Environment/Texture/LPPIPE_1001_OcclusionRoughnessMetallic.uasset" 845
"../../../Meeting/Content/Art/Environment/Material/M_CorridorPipeAndExtra.uasset" 846
"../../../Meeting/Content/Art/Environment/Material/M_light_4.uasset" 847
"../../../Meeting/Content/Art/Environment/Material/M_Light_RED.uasset" 848
"../../../Meeting/Content/Art/Environment/Material/M_Light_RED_2.uasset" 849
"../../../Meeting/Content/Art/Environment/Material/M_Light_White.uasset" 850
"../../../Meeting/Content/Art/Environment/Texture/TexturesCom_Leaves0195_1_alphamasked_S.uasset" 851
"../../../Meeting/Content/Art/Environment/Material/M_newleaves.uasset" 852
"../../../Meeting/Content/Art/Environment/Texture/innerventLP_1001_BaseColor.uasset" 853
"../../../Meeting/Content/Art/Environment/Texture/innerventLP_1001_Normal.uasset" 854
"../../../Meeting/Content/Art/Environment/Texture/innerventLP_1001_OcclusionRoughnessMetallic.uasset" 855
"../../../Meeting/Content/Art/Environment/Material/M_Vent_Inner.uasset" 856
"../../../Meeting/Content/Art/Environment/Texture/wall2lp_1001_BaseColor.uasset" 857
"../../../Meeting/Content/Art/Environment/Texture/wall2lp_1001_Normal.uasset" 858
"../../../Meeting/Content/Art/Environment/Texture/wall2lp_1001_OcclusionRoughnessMetallic.uasset" 859
"../../../Meeting/Content/Art/Environment/Material/wall2.uasset" 860
"../../../Meeting/Content/Art/Environment/Sebby/sebbylp_1001_alpha.uasset" 861
"../../../Meeting/Content/Art/Environment/Sebby/sebbylp_1001_BaseColor.uasset" 862
"../../../Meeting/Content/Art/Environment/Sebby/sebbylp_1001_Normal.uasset" 863
"../../../Meeting/Content/Art/Environment/Sebby/sebbylp_1001_OcclusionRoughnessMetallic.uasset" 864
"../../../Meeting/Content/Art/Environment/Sebby/M_sebbyyplush_2.uasset" 865
"../../../Meeting/Content/Art/Environment/Space/Art/Environment/Space/Nebula.uasset" 866
"../../../Meeting/Content/Art/Environment/Space/Art/Environment/Space/M_SkyBox.uasset" 867
"../../../Meeting/Content/Art/Environment/walldoorwalldoor/walldoorLP_1001_BaseColor.uasset" 868
"../../../Meeting/Content/Art/Environment/walldoorwalldoor/walldoorLP_1001_Normal.uasset" 869
"../../../Meeting/Content/Art/Environment/walldoorwalldoor/walldoorLP_1001_OcclusionRoughnessMetallic.uasset" 870
"../../../Meeting/Content/Art/Environment/walldoorwalldoor/M_walldoor.uasset" 871
"../../../Meeting/Content/Art/Foliage/creepingfig_Alpha.uasset" 872
"../../../Meeting/Content/Art/Foliage/creepingfig_AO.uasset" 873
"../../../Meeting/Content/Art/Foliage/creepingfig_D.uasset" 874
"../../../Meeting/Content/Art/Foliage/creepingfig_N.uasset" 875
"../../../Meeting/Content/Art/Foliage/creepingfig_R.uasset" 876
"../../../Meeting/Content/Art/Foliage/M_creepingfig.uasset" 877
"../../../Meeting/Content/Art/GUI/Door_UI/Door_UI_Material/Unlocked/Door_UI_11.uasset" 878
"../../../Meeting/Content/Art/GUI/Hacking_Terminal_UI/Hacking_Panel/Panel_Texture/DefaultMaterial_Ambient_occlusion.uasset" 879
"../../../Meeting/Content/Art/GUI/Hacking_Terminal_UI/Hacking_Panel/Panel_Texture/DefaultMaterial_Base_Color.uasset" 880
"../../../Meeting/Content/Art/GUI/Hacking_Terminal_UI/Hacking_Panel/Panel_Texture/DefaultMaterial_Emissive.uasset" 881
"../../../Meeting/Content/Art/GUI/Hacking_Terminal_UI/Hacking_Panel/Panel_Texture/DefaultMaterial_Metallic.uasset" 882
"../../../Meeting/Content/Art/GUI/Hacking_Terminal_UI/Hacking_Panel/Panel_Texture/DefaultMaterial_Normal_DirectX.uasset" 883
"../../../Meeting/Content/Art/GUI/Hacking_Terminal_UI/Hacking_Panel/Panel_Texture/DefaultMaterial_Roughness.uasset" 884
"../../../Meeting/Content/Art/GUI/Hacking_Terminal_UI/Hacking_Panel/Panel_Texture/Panel_Material.uasset" 885
"../../../Meeting/Content/Art/GUI/Hacking_Terminal_UI/Hacking_Terminal_UI_Material/2.uasset" 886
"../../../Meeting/Content/Art/GUI/Hacking_Terminal_UI/Hacking_Terminal_UI_Material/Hacking_UI_2.uasset" 887
"../../../Meeting/Content/Art/GUI/Hacking_Terminal_UI/Hacking_Terminal_UI_Material/3.uasset" 888
"../../../Meeting/Content/Art/GUI/Hacking_Terminal_UI/Hacking_Terminal_UI_Material/Hacking_UI_3.uasset" 889
"../../../Meeting/Content/Art/GUI/Hacking_Terminal_UI/Hacking_Terminal_UI_Material/4.uasset" 890
"../../../Meeting/Content/Art/GUI/Hacking_Terminal_UI/Hacking_Terminal_UI_Material/Hacking_UI_4.uasset" 891
"../../../Meeting/Content/Art/GUI/Hacking_Terminal_UI/Hacking_Terminal_UI_Material/5.uasset" 892
"../../../Meeting/Content/Art/GUI/Hacking_Terminal_UI/Hacking_Terminal_UI_Material/Hacking_UI_5.uasset" 893
"../../../Meeting/Content/Art/GUI/Hacking_Terminal_UI/Hacking_Terminal_UI_Material/7.uasset" 894
"../../../Meeting/Content/Art/GUI/Hacking_Terminal_UI/Hacking_Terminal_UI_Material/Hacking_UI_7.uasset" 895
"../../../Meeting/Content/Art/GUI/Hacking_Terminal_UI/Hacking_Terminal_UI_Material/8.uasset" 896
"../../../Meeting/Content/Art/GUI/Hacking_Terminal_UI/Hacking_Terminal_UI_Material/Hacking_UI_8.uasset" 897
"../../../Meeting/Content/Art/INTERCEILINGLP_1001_OcclusionRoughnessMetallic.uasset" 898
"../../../Meeting/Content/Art/M_InterCeiling.uasset" 899
"../../../Meeting/Content/Art/INTERWALLLP_1001_BaseColor.uasset" 900
"../../../Meeting/Content/Art/INTERWALLLP_1001_Normal.uasset" 901
"../../../Meeting/Content/Art/INTERWALLLP_1001_OcclusionRoughnessMetallic.uasset" 902
"../../../Meeting/Content/Art/M_Interwall.uasset" 903
"../../../Meeting/Content/Art/LEAF.uasset" 904
"../../../Meeting/Content/Art/LEAF_AO.uasset" 905
"../../../Meeting/Content/Art/LEAF_Normal.uasset" 906
"../../../Meeting/Content/Art/LEAF_Opacity.uasset" 907
"../../../Meeting/Content/Art/LEAF_Roughness.uasset" 908
"../../../Meeting/Content/Art/M_Leaves.uasset" 909
"../../../Meeting/Content/Art/NEWLWALLLP_1001_BaseColor.uasset" 910
"../../../Meeting/Content/Art/NEWLWALLLP_1001_Normal.uasset" 911
"../../../Meeting/Content/Art/NEWLWALLLP_1001_OcclusionRoughnessMetallic.uasset" 912
"../../../Meeting/Content/Art/M_Lwall1.uasset" 913
"../../../Meeting/Content/Art/LwallcornerLP_1001_BaseColor.uasset" 914
"../../../Meeting/Content/Art/LwallcornerLP_1001_Normal.uasset" 915
"../../../Meeting/Content/Art/LwallcornerLP_1001_OcclusionRoughnessMetallic.uasset" 916
"../../../Meeting/Content/Art/M_Lwall2.uasset" 917
"../../../Meeting/Content/Art/M_NewLight_2.uasset" 918
"../../../Meeting/Content/Art/M_NewLightFunction_4.uasset" 919
"../../../Meeting/Content/Art/newPIPELP_1001_BaseColor.uasset" 920
"../../../Meeting/Content/Art/newPIPELP_1001_Normal.uasset" 921
"../../../Meeting/Content/Art/newPIPELP_1001_OcclusionRoughnessMetallic.uasset" 922
"../../../Meeting/Content/Art/M_NewPipe.uasset" 923
"../../../Meeting/Content/Art/NEWFRAMELP_1001_BaseColor.uasset" 924
"../../../Meeting/Content/Art/NEWFRAMELP_1001_Normal.uasset" 925
"../../../Meeting/Content/Art/NEWFRAMELP_1001_OcclusionRoughnessMetallic.uasset" 926
"../../../Meeting/Content/Art/SM_newframe.uasset" 927
"../../../Meeting/Content/NEWWALLLP_1001_BaseColor.uasset" 928
"../../../Meeting/Content/NEWWALLLP_1001_Normal.uasset" 929
"../../../Meeting/Content/NEWWALLLP_1001_OcclusionRoughnessMetallic.uasset" 930
"../../../Meeting/Content/M_newwall.uasset" 931
"../../../Meeting/Content/StarterContent/Textures/T_Metal_Steel_D.uasset" 932
"../../../Meeting/Content/StarterContent/Textures/T_Metal_Steel_N.uasset" 933
"../../../Meeting/Content/StarterContent/Materials/M_Metal_Steel.uasset" 934
"../../../Meeting/Content/Tech/InteractionSystem/Pickup/M_PickupOutline.uasset" 935
"../../../Meeting/Content/GODRAY.uasset" 936
"../../../Meeting/Content/GODRAYAF.uasset" 937
"../../../Engine/Content/BasicShapes/Cone.uasset" 938
"../../../Engine/Content/BasicShapes/Cube.uasset" 939
"../../../Engine/Content/BasicShapes/Cylinder.uasset" 940
"../../../Meeting/Content/Art/DoorAnimation/Dooranimation_Object004_PhysicsAsset.uasset" 941
"../../../Meeting/Content/Art/DoorAnimation/Dooranimation_Object005_PhysicsAsset.uasset" 942
"../../../Meeting/Content/Art/DoorAnimation/Dooranimation_Object006_PhysicsAsset.uasset" 943
"../../../Meeting/Content/Art/DoorAnimation/Dooranimation_Object008_PhysicsAsset.uasset" 944
"../../../Meeting/Content/Art/DoorAnimation/Dooranimation_Object009_PhysicsAsset.uasset" 945
"../../../Meeting/Content/Art/DoorAnimation/Dooranimation.uasset" 946
"../../../Meeting/Content/Art/DoorAnimation/FARK1_PhysicsAsset.uasset" 947
"../../../Meeting/Content/Art/DoorAnimation/FARK1.uasset" 948
"../../../Meeting/Content/Art/DoorAnimation/FARK2_PhysicsAsset.uasset" 949
"../../../Meeting/Content/Art/DoorAnimation/FARK2.uasset" 950
"../../../Meeting/Content/Art/DoorUI/ANIMATION_Object002_PhysicsAsset.uasset" 951
"../../../Meeting/Content/Art/DoorUI/ANIMATION_Object003_PhysicsAsset.uasset" 952
"../../../Meeting/Content/Art/DoorUI/ANIMATION_Object004_PhysicsAsset.uasset" 953
"../../../Meeting/Content/Art/DoorUI/ANIMATION_Object005_PhysicsAsset.uasset" 954
"../../../Meeting/Content/Art/DoorUI/ANIMATION_Object006_PhysicsAsset.uasset" 955
"../../../Meeting/Content/Art/DoorUI/ANIMATION_Object007_PhysicsAsset.uasset" 956
"../../../Meeting/Content/Art/DoorUI/ANIMATION_Plane001_PhysicsAsset.uasset" 957
"../../../Meeting/Content/Art/DoorUI/ANIMATION.uasset" 958
"../../../Meeting/Content/Art/Environment/Door/Door_Mesh/Door_Frame.uasset" 959
"../../../Meeting/Content/Art/Environment/Door/Door_Mesh/Door_LeftRight_1.uasset" 960
"../../../Meeting/Content/Art/Environment/Door/Door_Mesh/Door_LeftRight_2.uasset" 961
"../../../Meeting/Content/Art/Environment/intersectionfloorLP_1001_BaseColor.uasset" 962
"../../../Meeting/Content/Art/Environment/intersectionfloorLP_1001_Emissive.uasset" 963
"../../../Meeting/Content/Art/Environment/intersectionfloorLP_1001_Normal.uasset" 964
"../../../Meeting/Content/Art/Environment/intersectionfloorLP_1001_OcclusionRoughnessMetallic.uasset" 965
"../../../Meeting/Content/Art/Environment/M_IntersectionFloor.uasset" 966
"../../../Meeting/Content/Art/Environment/intersectionfloorLP.uasset" 967
"../../../Meeting/Content/Art/Environment/Mesh/SM_Corridor_Box.uasset" 968
"../../../Meeting/Content/Art/Environment/Mesh/SM_Corridor_Ceiling.uasset" 969
"../../../Meeting/Content/Art/Environment/Mesh/SM_Corridor_Floor.uasset" 970
"../../../Meeting/Content/Art/Environment/Mesh/SM_Corridor_Frame.uasset" 971
"../../../Meeting/Content/Art/Environment/Mesh/SM_Corridor_Light.uasset" 972
"../../../Meeting/Content/Art/Environment/Mesh/SM_Corridor_Pipe_Big.uasset" 973
"../../../Meeting/Content/Art/Environment/Mesh/SM_Corridor_Pipe_Small.uasset" 974
"../../../Meeting/Content/Art/Environment/Mesh/SM_Corridor_Vent_Inner.uasset" 975
"../../../Meeting/Content/Art/Environment/Texture/vent_LP_1001_BaseColor.uasset" 976
"../../../Meeting/Content/Art/Environment/Texture/vent_LP_1001_Normal.uasset" 977
"../../../Meeting/Content/Art/Environment/Texture/vent_LP_1001_OcclusionRoughnessMetallic.uasset" 978
"../../../Meeting/Content/Art/Environment/Material/M_Vent.uasset" 979
"../../../Meeting/Content/Art/Environment/Mesh/SM_Corridor_Vent_Outer.uasset" 980
"../../../Meeting/Content/Art/Environment/Mesh/SM_Corridor_Wall_02.uasset" 981
"../../../Meeting/Content/Art/Environment/Mesh/SM_Corridor_Wall_Handle.uasset" 982
"../../../Meeting/Content/Art/Environment/Texture/samanthaLP_1001_BaseColor.uasset" 983
"../../../Meeting/Content/Art/Environment/Texture/samanthaLP_1001_Normal.uasset" 984
"../../../Meeting/Content/Art/Environment/Texture/samanthaLP_1001_OcclusionRoughnessMetallic.uasset" 985
"../../../Meeting/Content/Art/Environment/Material/M_Corridor_Wall_Samantha.uasset" 986
"../../../Meeting/Content/Art/Environment/Mesh/SM_Corridor_Wall_Samantha.uasset" 987
"../../../Meeting/Content/Art/Environment/Mesh/SM_Vine_01.uasset" 988
"../../../Meeting/Content/Art/Environment/Mesh/SM_Vine_02.uasset" 989
"../../../Meeting/Content/Art/Environment/Mesh/SM_Wire.uasset" 990
"../../../Meeting/Content/Art/Environment/Mesh/SM_Wire_02.uasset" 991
"../../../Meeting/Content/Art/Environment/Mesh/SM_Wire_04.uasset" 992
"../../../Meeting/Content/Art/Environment/Sebby/11_1001_BaseColor.uasset" 993
"../../../Meeting/Content/Art/Environment/Sebby/11_1001_Normal.uasset" 994
"../../../Meeting/Content/Art/Environment/Sebby/11_1001_OcclusionRoughnessMetallic.uasset" 995
"../../../Meeting/Content/Art/Environment/Sebby/sebby.uasset" 996
"../../../Meeting/Content/Art/Environment/Sebby/123.uasset" 997
"../../../Meeting/Content/Art/Environment/Sebby/M_sebbyyplush.uasset" 998
"../../../Meeting/Content/Art/Environment/Sebby/SEBBYPLUSH.uasset" 999
"../../../Meeting/Content/Art/Environment/SM_Box.uasset" 1000
"../../../Meeting/Content/Art/Environment/SM_Corridor_Ceilling_02.uasset" 1001
"../../../Meeting/Content/Art/Environment/SM_Corridor_Ceilling_T.uasset" 1002
"../../../Meeting/Content/Art/Environment/SM_Corridor_ConerPillar.uasset" 1003
"../../../Meeting/Content/Art/Environment/SM_Corridor_Corner_CeillingFloor.uasset" 1004
"../../../Meeting/Content/Art/Environment/SM_Corridor_Deco.uasset" 1005
"../../../Meeting/Content/Art/Environment/deco2LP_1001_BaseColor.uasset" 1006
"../../../Meeting/Content/Art/Environment/deco2LP_1001_Normal.uasset" 1007
"../../../Meeting/Content/Art/Environment/deco2LP_1001_OcclusionRoughnessMetallic.uasset" 1008
"../../../Meeting/Content/Art/Environment/M_Corridor_Deco2.uasset" 1009
"../../../Meeting/Content/Art/Environment/SM_Corridor_Deco_02.uasset" 1010
"../../../Meeting/Content/Art/Environment/SM_Corridor_Floor_Cover.uasset" 1011
"../../../Meeting/Content/Art/Environment/SM_Corridor_Floor_T.uasset" 1012
"../../../Meeting/Content/Art/Environment/SM_Corridor_Intersection_FrameTop.uasset" 1013
"../../../Meeting/Content/Art/samantha2LP_1001_BaseColor.uasset" 1014
"../../../Meeting/Content/Art/samantha2LP_1001_Normal.uasset" 1015
"../../../Meeting/Content/Art/samantha2LP_1001_OcclusionRoughnessMetallic.uasset" 1016
"../../../Meeting/Content/Art/Environment/M_Samantha2.uasset" 1017
"../../../Meeting/Content/Art/Environment/SM_Corridor_Wall_Samantha2.uasset" 1018
"../../../Meeting/Content/Art/Environment/SM_Corridor_Wall_Samantha2_Cap.uasset" 1019
"../../../Meeting/Content/Art/Environment/SM_Corridor_WallForDoor.uasset" 1020
"../../../Meeting/Content/Art/Environment/SM_GRASS.uasset" 1021
"../../../Meeting/Content/Art/Environment/SM_Handle.uasset" 1022
"../../../Meeting/Content/Art/Environment/SM_Wire_05.uasset" 1023
"../../../Meeting/Content/Art/Environment/800px_COLOURBOX2281586.uasset" 1024
"../../../Meeting/Content/Art/Environment/Material/M_wire.uasset" 1025
"../../../Meeting/Content/Art/Environment/SM_Wire_Curve.uasset" 1026
"../../../Meeting/Content/Art/Environment/wireringLP_1001_BaseColor.uasset" 1027
"../../../Meeting/Content/Art/Environment/wireringLP_1001_Normal.uasset" 1028
"../../../Meeting/Content/Art/Environment/wireringLP_1001_OcclusionRoughnessMetallic.uasset" 1029
"../../../Meeting/Content/Art/Environment/NewMaterial.uasset" 1030
"../../../Meeting/Content/Art/Environment/SM_WireRing.uasset" 1031
"../../../Meeting/Content/Art/Foliage/snakeplant_Alpha.uasset" 1032
"../../../Meeting/Content/Art/Foliage/snakeplant_Diffuse.uasset" 1033
"../../../Meeting/Content/Art/Foliage/snakeplant_Normal.uasset" 1034
"../../../Meeting/Content/Art/Foliage/snakeplant_Roughness.uasset" 1035
"../../../Meeting/Content/Art/Foliage/snakeplant_Translucency.uasset" 1036
"../../../Meeting/Content/Art/Foliage/M_snakeplant.uasset" 1037
"../../../Meeting/Content/Art/Foliage/pjDto2_512_Albedo.uasset" 1038
"../../../Meeting/Content/Art/Foliage/pjDto2_512_Alpha.uasset" 1039
"../../../Meeting/Content/Art/Foliage/pjDto2_512_AO.uasset" 1040
"../../../Meeting/Content/Art/Foliage/pjDto2_512_Displacement.uasset" 1041
"../../../Meeting/Content/Art/Foliage/pjDto2_512_Normal.uasset" 1042
"../../../Meeting/Content/Art/Foliage/pjDto2_512_Roughness.uasset" 1043
"../../../Meeting/Content/Art/Foliage/M_Soil.uasset" 1044
"../../../Meeting/Content/Art/Foliage/SM_Foliage_02.uasset" 1045
"../../../Meeting/Content/Art/GUI/Hacking_Terminal_UI/Hacking_Panel/Panel_Export.uasset" 1046
"../../../Meeting/Content/Art/newtest.uasset" 1047
"../../../Meeting/Content/Art/newtest2.uasset" 1048
"../../../Meeting/Content/Art/RL_MOCK/container.uasset" 1049
"../../../Meeting/Content/Art/RL_MOCK/cylinder_filler.uasset" 1050
"../../../Meeting/Content/Art/RL_MOCK/doorthing.uasset" 1051
"../../../Meeting/Content/Art/RL_MOCK/floor.uasset" 1052
"../../../Meeting/Content/Art/RL_MOCK/robot_arm.uasset" 1053
"../../../Meeting/Content/Art/RL_MOCK/tree2.uasset" 1054
"../../../Meeting/Content/Art/RL_MOCK/treez.uasset" 1055
"../../../Meeting/Content/Art/SM_Corridor_Lwall.uasset" 1056
"../../../Meeting/Content/Art/SM_Corridor_NewPipe.uasset" 1057
"../../../Meeting/Content/Art/SM_Corridor_NewPipe_Ring.uasset" 1058
"../../../Meeting/Content/Art/SM_NewLight.uasset" 1059
"../../../Meeting/Content/Art/SM_Pillar_Vine.uasset" 1060
"../../../Meeting/Content/Art/SM_Pillar_Vine_02.uasset" 1061
"../../../Meeting/Content/Art/SM_Pillar_Vine_03.uasset" 1062
"../../../Meeting/Content/Art/SM_Pillar_Vine_04.uasset" 1063
"../../../Meeting/Content/Art/Vines3.uasset" 1064
"../../../Meeting/Content/Art/wall.uasset" 1065
"../../../Meeting/Content/DomPlaceholders/SM_Floor_2.uasset" 1066
"../../../Meeting/Content/DomPlaceholders/SM_Stuffs_7.uasset" 1067
"../../../Meeting/Content/Effects/Steam/P_AT_Steam_Jet_01.uasset" 1068
"../../../Meeting/Content/Effects/Steam/Materials/M_Smoke_MacroUV_Subtle.uasset" 1069
"../../../Meeting/Content/Effects/Steam/P_BackSteam_Tunnel.uasset" 1070
"../../../Meeting/Content/Effects/Steam/P_LowSteam_Tunnel.uasset" 1071
"../../../Meeting/Content/Effects/Steam/P_SteamVolume_Massive.uasset" 1072
"../../../Meeting/Content/Effects/Steam/P_SubtleSteam_Rise_Slow.uasset" 1073
"../../../Meeting/Content/SM_Corridor_Wall_04.uasset" 1074
"../../../Meeting/Content/Sound/Backgroun_Ambience_1_Cue.uasset" 1075
"../../../Meeting/Content/Sound/LightBuzz_Normal.uasset" 1076
"../../../Meeting/Content/Sound/Sound/Echoes_MEtal_Cue.uasset" 1077
"../../../Meeting/Content/StarterContent/Particles/Materials/M_Radial_Gradient.uasset" 1078
"../../../Meeting/Content/StarterContent/Textures/T_Spark_Core.uasset" 1079
"../../../Meeting/Content/StarterContent/Particles/Materials/M_Spark.uasset" 1080
"../../../Meeting/Content/StarterContent/Particles/P_Sparks.uasset" 1081
"../../../Meeting/Content/vine4.uasset" 1082
"../../../Meeting/Content/ThirdPersonBP/Maps/MockUp_Map.umap" 1083
"../../../Meeting/Content/StarterContent/Textures/T_Metal_Aluminum_D.uasset" 1084
"../../../Meeting/Content/StarterContent/Textures/T_Metal_Gold_N.uasset" 1085
"../../../Meeting/Content/StarterContent/Materials/M_Metal_Burnished_Steel.uasset" 1086
"../../../Meeting/Content/ThirdPersonBP/Maps/ThirdPersonExampleMap.umap" 1087
"../../../Engine/Content/Maps/Entry.umap" 1088
