Log file open, 08/09/17 01:21:36
LogInit:Display: Running engine for game: Meeting
LogPlatformFile: Not using cached read wrapper
LogInit:Display: RandInit(638518355) SRandInit(638518355).
LogTaskGraph: Started task graph with 5 named threads and 8 total threads with 1 sets of task threads.
LogStats: Stats thread started at 0.083613
LogInit: Using libcurl 7.47.1
LogInit:  - built for x86_64-pc-win32
LogInit:  - supports SSL with OpenSSL/1.0.2g
LogInit:  - supports HTTP deflate (compression) using libz 1.2.8
LogInit:  - other features:
LogInit:      CURL_VERSION_SSL
LogInit:      CURL_VERSION_LIBZ
LogInit:      CURL_VERSION_IPV6
LogInit:      CURL_VERSION_ASYNCHDNS
LogInit:      CURL_VERSION_LARGEFILE
LogInit:      CURL_VERSION_IDN
LogInit:  CurlRequestOptions (configurable via config and command line):
LogInit:  - bVerifyPeer = false  - Libcurl will NOT verify peer certificate
LogInit:  - bUseHttpProxy = false  - Libcurl will NOT use HTTP proxy
LogInit:  - bDontReuseConnections = false  - Libcurl will reuse connections
LogInit:  - CertBundlePath = nullptr  - Libcurl will use whatever was configured at build time.
LogInit: Build: ++UE4+Release-4.15-CL-3450819
LogInit: Engine Version: 4.15.3-3450819+++UE4+Release-4.15
LogInit: Compatible Engine Version: 4.15.0-3299760+++UE4+Release-4.15
LogInit: Net CL: 3299760
LogDevObjectVersion: Number of dev versions registered: 14
LogDevObjectVersion:   Dev-Blueprints (B0D832E4-1F89-4F0D-ACCF-7EB736FD4AA2): 8
LogDevObjectVersion:   Dev-Build (E1C64328-A22C-4D53-A36C-8E866417BD8C): 0
LogDevObjectVersion:   Dev-Core (375EC13C-06E4-48FB-B500-84F0262A717E): 2
LogDevObjectVersion:   Dev-Editor (E4B068ED-F494-42E9-A231-DA0B2E46BB41): 14
LogDevObjectVersion:   Dev-Framework (CFFC743F-43B0-4480-9391-14DF171D2073): 22
LogDevObjectVersion:   Dev-Mobile (B02B49B5-BB20-44E9-A304-32B752E40360): 0
LogDevObjectVersion:   Dev-Networking (A4E4105C-59A1-49B5-A7C5-40C4547EDFEE): 0
LogDevObjectVersion:   Dev-Online (39C831C9-5AE6-47DC-9A44-9C173E1C8E7C): 0
LogDevObjectVersion:   Dev-Physics (78F01B33-EBEA-4F98-B9B4-84EACCB95AA2): 0
LogDevObjectVersion:   Dev-Platform (6631380F-2D4D-43E0-8009-CF276956A95A): 0
LogDevObjectVersion:   Dev-Rendering (12F88B9F-8875-4AFC-A67C-D90C383ABD29): 12
LogDevObjectVersion:   Dev-Sequencer (7B5AE74C-D270-4C10-A958-57980B212A5A): 3
LogDevObjectVersion:   Dev-VR (D7296918-1DD6-4BDD-9DE2-64A83CC13884): 0
LogDevObjectVersion:   Dev-LoadTimes (C2A15278-BFE7-4AFE-6C17-90FF531DF755): 1
LogInit: Compiled (64-bit): May 21 2017 11:02:34
LogInit: Compiled with Visual C++: 19.00.23026.00
LogInit: Build Configuration: Development
LogInit: Branch Name: ++UE4+Release-4.15
LogInit: Command line:  
LogInit: Base directory: C:/Program Files/Epic Games/UE_4.15/Engine/Binaries/Win64/
LogInit: Installed Engine Build: 1
LogInit: Presizing for max 8388607 objects, including 0 objects not considered by GC, pre-allocating 0 bytes for permanent pool.
LogInit: Object subsystem initialized
[2017.08.08-17.21.37:944][  0]LogInit: Selected Device Profile: [Windows]
[2017.08.08-17.21.37:944][  0]LogInit: Applying CVar settings loaded from the selected device profile: [Windows]
[2017.08.08-17.21.38:044][  0]LogInit: Computer: MSI
[2017.08.08-17.21.38:044][  0]LogInit: User: chong
[2017.08.08-17.21.38:044][  0]LogInit: CPU Page size=65536, Cores=4
[2017.08.08-17.21.38:044][  0]LogInit: High frequency timer resolution =2.531246 MHz
[2017.08.08-17.21.38:044][  0]LogMemory: Memory total: Physical=11.9GB (12GB approx)
[2017.08.08-17.21.38:044][  0]LogMemory: Platform Memory Stats for Windows
[2017.08.08-17.21.38:044][  0]LogMemory: Process Physical Memory: 265.91 MB used, 265.91 MB peak
[2017.08.08-17.21.38:044][  0]LogMemory: Process Virtual Memory: 262.38 MB used, 262.38 MB peak
[2017.08.08-17.21.38:044][  0]LogMemory: Physical Memory: 6488.06 MB used,  5710.54 MB free, 12198.60 MB total
[2017.08.08-17.21.38:044][  0]LogMemory: Virtual Memory: 645.13 MB used,  5710.54 MB free, 134217728.00 MB total
[2017.08.08-17.21.39:090][  0]LogTextLocalizationManager: No specific translations for ('en-MY') exist, so ('en') translations will be used.
[2017.08.08-17.21.46:085][  0]LogD3D11RHI: D3D11 adapters:
[2017.08.08-17.21.46:163][  0]LogD3D11RHI:    0. 'NVIDIA GeForce GTX 960M' (Feature Level 11_0)
[2017.08.08-17.21.46:163][  0]LogD3D11RHI:       2019/0/6099 MB DedicatedVideo/DedicatedSystem/SharedSystem, Outputs:1, VendorId:0x10de
[2017.08.08-17.21.46:169][  0]LogD3D11RHI:    1. 'Intel(R) HD Graphics 530' (Feature Level 11_0)
[2017.08.08-17.21.46:169][  0]LogD3D11RHI:       128/0/6099 MB DedicatedVideo/DedicatedSystem/SharedSystem, Outputs:0, VendorId:0x8086
[2017.08.08-17.21.46:170][  0]LogD3D11RHI:    2. 'Microsoft Basic Render Driver' (Feature Level 11_0)
[2017.08.08-17.21.46:170][  0]LogD3D11RHI:       0/0/6099 MB DedicatedVideo/DedicatedSystem/SharedSystem, Outputs:0, VendorId:0x1414
[2017.08.08-17.21.46:170][  0]LogD3D11RHI: Chosen D3D11 Adapter: 0
[2017.08.08-17.21.46:176][  0]LogD3D11RHI: Creating new Direct3DDevice
[2017.08.08-17.21.46:176][  0]LogD3D11RHI:     GPU DeviceId: 0x139b (for the marketing name, search the web for "GPU Device Id")
[2017.08.08-17.21.46:176][  0]LogWindows: EnumDisplayDevices:
[2017.08.08-17.21.46:177][  0]LogWindows:    0. 'Intel(R) HD Graphics 530' (P:1 D:1)
[2017.08.08-17.21.46:177][  0]LogWindows:    1. 'Intel(R) HD Graphics 530' (P:0 D:0)
[2017.08.08-17.21.46:177][  0]LogWindows:    2. 'Intel(R) HD Graphics 530' (P:0 D:0)
[2017.08.08-17.21.46:177][  0]LogWindows: DebugString: PrimaryIsNotTheChoosenAdapter PrimaryIsNotTheChoosenAdapter PrimaryIsNotTheChoosenAdapter FoundDriverCount:0 
[2017.08.08-17.21.46:177][  0]LogD3D11RHI:     Adapter Name: NVIDIA GeForce GTX 960M
[2017.08.08-17.21.46:177][  0]LogD3D11RHI:   Driver Version: Unknown (internal:Unknown, unified:Unknown)
[2017.08.08-17.21.46:177][  0]LogD3D11RHI:      Driver Date: Unknown
[2017.08.08-17.21.46:177][  0]LogRHI: Texture pool is 1361 MB (70% of 1945 MB)
[2017.08.08-17.21.46:211][  0]LogD3D11RHI: Async texture creation enabled
[2017.08.08-17.21.46:222][  0]LogD3D11RHI: GPU Timing Frequency: 1000.000000 (Debug: 2 1)
[2017.08.08-17.21.46:223][  0]LogShaderCompilers: Guid format shader working directory is -34 characters bigger than the processId version (../../../../../../Users/chong/OneDrive/Documents/GitHub/FYP_DumbTesting/Meeting/Intermediate/Shaders/WorkingDirectory/11392/).
[2017.08.08-17.21.46:223][  0]LogShaderCompilers: Cleaned the shader compiler working directory 'C:/Users/chong/AppData/Local/Temp/UnrealShaderWorkingDir/E651EA7E4422E494514374871D6B6995/'.
[2017.08.08-17.21.46:223][  0]LogShaderCompilers:Display: Using Local Shader Compiler.
[2017.08.08-17.21.48:311][  0]LogTemp:Display: Loaded TP AllDesktopTargetPlatform
[2017.08.08-17.21.48:368][  0]LogTemp:Display: Loaded TP MacClientTargetPlatform
[2017.08.08-17.21.48:427][  0]LogTemp:Display: Loaded TP MacNoEditorTargetPlatform
[2017.08.08-17.21.48:485][  0]LogTemp:Display: Loaded TP MacServerTargetPlatform
[2017.08.08-17.21.48:557][  0]LogTemp:Display: Loaded TP MacTargetPlatform
[2017.08.08-17.21.48:616][  0]LogTemp:Display: Loaded TP WindowsClientTargetPlatform
[2017.08.08-17.21.48:692][  0]LogTemp:Display: Loaded TP WindowsNoEditorTargetPlatform
[2017.08.08-17.21.48:750][  0]LogTemp:Display: Loaded TP WindowsServerTargetPlatform
[2017.08.08-17.21.48:794][  0]LogTemp:Display: Loaded TP WindowsTargetPlatform
[2017.08.08-17.21.48:867][  0]LogTemp:Display: Loaded TP AndroidTargetPlatform
[2017.08.08-17.21.48:924][  0]LogTemp:Display: Loaded TP Android_ASTCTargetPlatform
[2017.08.08-17.21.48:980][  0]LogTemp:Display: Loaded TP Android_ATCTargetPlatform
[2017.08.08-17.21.49:033][  0]LogTemp:Display: Loaded TP Android_DXTTargetPlatform
[2017.08.08-17.21.49:089][  0]LogTemp:Display: Loaded TP Android_ETC1TargetPlatform
[2017.08.08-17.21.49:144][  0]LogTemp:Display: Loaded TP Android_ETC2TargetPlatform
[2017.08.08-17.21.49:253][  0]LogTemp:Display: Loaded TP Android_MultiTargetPlatform
[2017.08.08-17.21.49:253][  0]LogTemp:Display: Loaded TP Android_PVRTCTargetPlatform
[2017.08.08-17.21.49:291][  0]LogTemp:Display: Loaded TP HTML5TargetPlatform
[2017.08.08-17.21.49:398][  0]LogTemp:Display: Loaded TP IOSTargetPlatform
[2017.08.08-17.21.49:433][  0]LogTemp:Display: Loaded TP TVOSTargetPlatform
[2017.08.08-17.21.49:489][  0]LogTemp:Display: Loaded TP LinuxClientTargetPlatform
[2017.08.08-17.21.49:556][  0]LogTemp:Display: Loaded TP LinuxNoEditorTargetPlatform
[2017.08.08-17.21.49:614][  0]LogTemp:Display: Loaded TP LinuxServerTargetPlatform
[2017.08.08-17.21.49:671][  0]LogTemp:Display: Loaded TP LinuxTargetPlatform
[2017.08.08-17.21.49:671][  0]LogTargetPlatformManager:Display: Building Assets For Windows
[2017.08.08-17.21.50:140][  0]LogDerivedDataCache:Display: Max Cache Size: 512 MB
[2017.08.08-17.21.50:674][  0]LogDerivedDataCache: Loaded boot cache 0.53s 50MB C:/Users/chong/AppData/Local/UnrealEngine/4.15/DerivedDataCache/Boot.ddc.
[2017.08.08-17.21.50:675][  0]LogDerivedDataCache:Display: Loaded Boot cache: C:/Users/chong/AppData/Local/UnrealEngine/4.15/DerivedDataCache/Boot.ddc
[2017.08.08-17.21.50:675][  0]LogDerivedDataCache: FDerivedDataBackendGraph:  Pak pak cache file ../../../../../../Users/chong/OneDrive/Documents/GitHub/FYP_DumbTesting/Meeting/DerivedDataCache/DDC.ddp not found, will not use a pak cache.
[2017.08.08-17.21.50:675][  0]LogDerivedDataCache: Unable to find inner node Pak for hierarchical cache Hierarchy.
[2017.08.08-17.21.50:675][  0]LogDerivedDataCache: FDerivedDataBackendGraph:  CompressedPak pak cache file ../../../../../../Users/chong/OneDrive/Documents/GitHub/FYP_DumbTesting/Meeting/DerivedDataCache/Compressed.ddp not found, will not use a pak cache.
[2017.08.08-17.21.50:675][  0]LogDerivedDataCache: Unable to find inner node CompressedPak for hierarchical cache Hierarchy.
[2017.08.08-17.21.50:693][  0]LogDerivedDataCache:Display: Pak cache opened for reading ../../../Engine/DerivedDataCache/Compressed.ddp.
[2017.08.08-17.21.50:704][  0]LogDerivedDataCache: Using Local data cache path C:/Users/chong/AppData/Local/UnrealEngine/Common/DerivedDataCache: Writable
[2017.08.08-17.21.50:714][  0]LogSlate: Using Freetype 2.6.0
[2017.08.08-17.21.50:846][  0]LogSlate: SlateFontCache - WITH_FREETYPE: 1, WITH_HARFBUZZ: 1
[2017.08.08-17.21.50:846][  0]LogSlate: SlateFontCache - WITH_FREETYPE: 1, WITH_HARFBUZZ: 1
[2017.08.08-17.21.53:831][  0]LogInit: Selected Device Profile: [Windows]
[2017.08.08-17.21.53:833][  0]LogContentStreaming: Texture pool size is 0.00 MB
[2017.08.08-17.21.54:047][  0]LogMeshUtilities: Using QuadricMeshReduction for automatic static mesh reduction
[2017.08.08-17.21.54:091][  0]LogSimplygon: Simplygon DLL not present - disabling.
[2017.08.08-17.21.54:145][  0]LogMeshUtilities: Using SimplygonSwarm for distributed automatic mesh merging
[2017.08.08-17.21.54:145][  0]LogMeshUtilities: No automatic skeletal mesh reduction module available
[2017.08.08-17.21.54:145][  0]LogMeshUtilities: No automatic mesh merging module available
[2017.08.08-17.21.54:879][  0]LogNetVersion: GetLocalNetworkVersion: CL: 3299760, ProjectName: meeting, ProjectVersion: , EngineNetworkVersion: 2, GameNetworkVersion: 0, NetworkChecksum: 116300604
[2017.08.08-17.21.54:926][  0]LogAssetRegistry: FAssetRegistry took 0.0224 seconds to start up
[2017.08.08-17.21.54:996][  0]LogPackageLocalizationCache: Processed 3 localized package path(s) for 2 prioritized culture(s) in 0.040814 seconds
[2017.08.08-17.21.55:002][  0]LogUObjectArray: 32493 objects as part of root set at end of initial load.
[2017.08.08-17.21.55:002][  0]LogUObjectAllocator: 7077032 out of 0 bytes used by permanent object pool.
[2017.08.08-17.21.55:002][  0]LogUObjectArray: CloseDisregardForGC: 0/0 objects in disregard for GC pool
[2017.08.08-17.21.55:067][  0]LogInit: WinSock: version 1.1 (2.2), MaxSocks=32767, MaxUdp=65467
[2017.08.08-17.22.34:801][  0]LogTcpMessaging: Initializing TcpMessaging bridge
[2017.08.08-17.22.34:849][  0]LogUdpMessaging: Initializing bridge on interface 0.0.0.0:0 to multicast group 230.0.0.1:6666.
[2017.08.08-17.22.36:087][  0]LogMaterial: Uniform references updated for custom material expression Custom.
[2017.08.08-17.22.36:532][  0]SourceControl: Info Source control is disabled
[2017.08.08-17.22.36:533][  0]SourceControl: Info Source control is disabled
[2017.08.08-17.22.36:590][  0]SourceControl: Info Source control is disabled
[2017.08.08-17.22.36:645][  0]SourceControl: Info Source control is disabled
[2017.08.08-17.22.38:469][  0]LogEngine: Initializing Engine...
[2017.08.08-17.22.38:470][  0]LogHMD: Failed to initialize OpenVR with code 110
[2017.08.08-17.22.38:589][  0]LogStats: UGameplayTagsManager::ConstructGameplayTagTree: Construct from data asset -  0.000 s
[2017.08.08-17.22.38:589][  0]LogStats: UGameplayTagsManager::ConstructGameplayTagTree: GameplayTagTreeChangedEvent.Broadcast -  0.000 s
[2017.08.08-17.22.38:721][  0]LogAIModule: Creating AISystem for world Untitled
[2017.08.08-17.22.38:731][  0]LogInit: XAudio2 using 'Speakers (Realtek High Definition Audio)' : 8 channels at 48 kHz using 32 bits per sample (channel mask 0x63f)
[2017.08.08-17.22.38:776][  0]LogInit: FAudioDevice initialized.
[2017.08.08-17.22.38:828][  0]LogDerivedDataCache: Saved boot cache 0.05s 50MB C:/Users/chong/AppData/Local/UnrealEngine/4.15/DerivedDataCache/Boot.ddc.
[2017.08.08-17.22.38:852][  0]LogInit: Texture streaming: Enabled
[2017.08.08-17.22.38:952][  0]LogEngineSessionManager: EngineSessionManager initialized
[2017.08.08-17.22.39:234][  0]LogInit: Transaction tracking system initialized
[2017.08.08-17.22.39:608][  0]BlueprintLog: New page: Editor Load
[2017.08.08-17.22.40:721][  0]LocalizationService: Info Localization service is disabled
[2017.08.08-17.22.41:867][  0]LogConsoleResponse:Display: 
[2017.08.08-17.22.42:029][  0]LogCook:Display: Max memory allowance for cook 16384mb min free memory 0mb
[2017.08.08-17.22.42:029][  0]LogCook:Display: Mobile HDR setting 1
[2017.08.08-17.22.42:996][  0]LogFileCache: Scanning file cache for directory 'C:/Users/chong/OneDrive/Documents/GitHub/FYP_DumbTesting/Meeting/Content/' took 0.02s
[2017.08.08-17.22.43:789][  0]SourceControl: Info Source control is disabled
[2017.08.08-17.22.43:790][  0]Cmd: MAP LOAD FILE="../../../../../../Users/chong/OneDrive/Documents/GitHub/FYP_DumbTesting/Meeting/Content/ThirdPersonBP/Maps/MockUp_Map.umap" TEMPLATE=0 SHOWPROGRESS=1 FEATURELEVEL=3
[2017.08.08-17.22.43:831][  0]LightingResults: New page: Lighting Build
[2017.08.08-17.22.43:878][  0]MapCheck: New page: Map Check
[2017.08.08-17.22.43:878][  0]LightingResults: New page: Lighting Build
[2017.08.08-17.22.46:892][  0]LogBlueprint:Warning: [EnemyWeakspot_BP] 'EnemyWeakspot' variable not found. Base class was probably changed.
[2017.08.08-17.22.46:892][  0]LogBlueprint:Warning: [EnemyWeakspot_BP] 'bIsRedDamaged' variable not found. Base class was probably changed.
[2017.08.08-17.22.46:892][  0]LogBlueprint:Warning: [EnemyWeakspot_BP] 'EnemyWeakspot' variable not found. Base class was probably changed.
[2017.08.08-17.22.46:892][  0]LogBlueprint:Warning: [EnemyWeakspot_BP] 'bIsRedDamaged' variable not found. Base class was probably changed.
[2017.08.08-17.22.46:892][  0]LogBlueprint:Warning: [EnemyWeakspot_BP] 'bIsRedDamaged' variable not found. Base class was probably changed.
[2017.08.08-17.22.46:892][  0]LogBlueprint:Warning: [EnemyWeakspot_BP] 'EnemyWeakspot' variable not found. Base class was probably changed.
[2017.08.08-17.22.46:892][  0]LogBlueprint:Warning: [EnemyWeakspot_BP] 'bIsUVDamaged' variable not found. Base class was probably changed.
[2017.08.08-17.22.46:892][  0]LogBlueprint:Warning: [EnemyWeakspot_BP] 'EnemyWeakspot' variable not found. Base class was probably changed.
[2017.08.08-17.22.46:892][  0]LogBlueprint:Warning: [EnemyWeakspot_BP] 'bIsUVDamaged' variable not found. Base class was probably changed.
[2017.08.08-17.22.46:892][  0]LogBlueprint:Warning: [EnemyWeakspot_BP] 'bIsUVDamaged' variable not found. Base class was probably changed.
[2017.08.08-17.22.46:892][  0]LogBlueprint:Warning: [EnemyWeakspot_BP] 'bIsRedDamaged' variable not found. Base class was probably changed.
[2017.08.08-17.22.46:892][  0]LogBlueprint:Warning: [EnemyWeakspot_BP] 'bIsRedDamaged' variable not found. Base class was probably changed.
[2017.08.08-17.22.46:892][  0]LogBlueprint:Warning: [EnemyWeakspot_BP] 'EnemyWeakspot' variable not found. Base class was probably changed.
[2017.08.08-17.22.46:892][  0]LogBlueprint:Warning: [EnemyWeakspot_BP] 'EnemyWeakspot' variable not found. Base class was probably changed.
[2017.08.08-17.22.46:892][  0]LogBlueprint:Warning: [EnemyWeakspot_BP] 'bIsUVDamaged' variable not found. Base class was probably changed.
[2017.08.08-17.22.46:892][  0]LogBlueprint:Warning: [EnemyWeakspot_BP] 'bIsUVDamaged' variable not found. Base class was probably changed.
[2017.08.08-17.22.46:892][  0]LogBlueprint:Warning: [EnemyWeakspot_BP] 'EnemyWeakspot' variable not found. Base class was probably changed.
[2017.08.08-17.22.46:892][  0]LogBlueprint:Warning: [EnemyWeakspot_BP] 'enemyCurrentHealth' variable not found. Base class was probably changed.
[2017.08.08-17.22.46:907][  0]LogBlueprint:Warning: [EnemyWeakspot_BP] 'EnemyWeakspot' variable not found. Base class was probably changed.
[2017.08.08-17.22.46:907][  0]LogBlueprint:Warning: [EnemyWeakspot_BP] 'enemyCurrentHealth' variable not found. Base class was probably changed.
[2017.08.08-17.22.46:945][  0]LogBlueprint:Warning: [Compiler EnemyWeakspot_BP] Warning Could not find a variable named "enemyCurrentHealth" in 'EnemyWeakspot_BP'.
Make sure 'EnemyWeakspot_BP' has been compiled for  Get enemyCurrentHealth
[2017.08.08-17.22.46:945][  0]LogBlueprint:Warning: [Compiler EnemyWeakspot_BP] Warning Could not find a variable named "EnemyWeakspot" in 'EnemyWeakspot_BP_C'.
Make sure 'EnemyWeakspot_BP_C' has been compiled for  Get EnemyWeakspot
[2017.08.08-17.22.46:945][  0]LogBlueprint:Warning: [Compiler EnemyWeakspot_BP] Warning Could not find a variable named "enemyCurrentHealth" in 'EnemyWeakspot_BP'.
Make sure 'EnemyWeakspot_BP' has been compiled for  Get enemyCurrentHealth
[2017.08.08-17.22.46:945][  0]LogBlueprint:Warning: [Compiler EnemyWeakspot_BP] Warning Could not find a variable named "EnemyWeakspot" in 'EnemyWeakspot_BP_C'.
Make sure 'EnemyWeakspot_BP_C' has been compiled for  Get EnemyWeakspot
[2017.08.08-17.22.46:945][  0]LogBlueprint:Warning: [Compiler EnemyWeakspot_BP] Warning Could not find a variable named "bIsUVDamaged" in 'EnemyWeakspot_BP'.
Make sure 'EnemyWeakspot_BP' has been compiled for  Set bIsUVDamaged
[2017.08.08-17.22.46:945][  0]LogBlueprint:Warning: [Compiler EnemyWeakspot_BP] Warning Could not find a variable named "EnemyWeakspot" in 'EnemyWeakspot_BP_C'.
Make sure 'EnemyWeakspot_BP_C' has been compiled for  Get EnemyWeakspot
[2017.08.08-17.22.46:945][  0]LogBlueprint:Warning: [Compiler EnemyWeakspot_BP] Warning Could not find a variable named "EnemyWeakspot" in 'EnemyWeakspot_BP_C'.
Make sure 'EnemyWeakspot_BP_C' has been compiled for  Get EnemyWeakspot
[2017.08.08-17.22.46:945][  0]LogBlueprint:Warning: [Compiler EnemyWeakspot_BP] Warning Could not find a variable named "bIsRedDamaged" in 'EnemyWeakspot_BP'.
Make sure 'EnemyWeakspot_BP' has been compiled for  Set bIsRedDamaged
[2017.08.08-17.22.46:945][  0]LogBlueprint:Warning: [Compiler EnemyWeakspot_BP] Warning Could not find a variable named "bIsUVDamaged" in 'EnemyWeakspot_BP'.
Make sure 'EnemyWeakspot_BP' has been compiled for  Set bIsUVDamaged
[2017.08.08-17.22.46:945][  0]LogBlueprint:Warning: [Compiler EnemyWeakspot_BP] Warning Could not find a variable named "EnemyWeakspot" in 'EnemyWeakspot_BP_C'.
Make sure 'EnemyWeakspot_BP_C' has been compiled for  Get EnemyWeakspot
[2017.08.08-17.22.46:946][  0]LogBlueprint:Warning: [Compiler EnemyWeakspot_BP] Warning Could not find a variable named "bIsUVDamaged" in 'EnemyWeakspot_BP'.
Make sure 'EnemyWeakspot_BP' has been compiled for  Get bIsUVDamaged
[2017.08.08-17.22.46:946][  0]LogBlueprint:Warning: [Compiler EnemyWeakspot_BP] Warning Could not find a variable named "EnemyWeakspot" in 'EnemyWeakspot_BP_C'.
Make sure 'EnemyWeakspot_BP_C' has been compiled for  Get EnemyWeakspot
[2017.08.08-17.22.46:946][  0]LogBlueprint:Warning: [Compiler EnemyWeakspot_BP] Warning Could not find a variable named "bIsRedDamaged" in 'EnemyWeakspot_BP'.
Make sure 'EnemyWeakspot_BP' has been compiled for  Set bIsRedDamaged
[2017.08.08-17.22.46:946][  0]LogBlueprint:Warning: [Compiler EnemyWeakspot_BP] Warning Could not find a variable named "EnemyWeakspot" in 'EnemyWeakspot_BP_C'.
Make sure 'EnemyWeakspot_BP_C' has been compiled for  Get EnemyWeakspot
[2017.08.08-17.22.46:946][  0]LogBlueprint:Warning: [Compiler EnemyWeakspot_BP] Warning Could not find a variable named "bIsRedDamaged" in 'EnemyWeakspot_BP'.
Make sure 'EnemyWeakspot_BP' has been compiled for  Get bIsRedDamaged
[2017.08.08-17.22.46:946][  0]LogBlueprint:Warning: [Compiler EnemyWeakspot_BP] Warning Could not find a variable named "EnemyWeakspot" in 'EnemyWeakspot_BP_C'.
Make sure 'EnemyWeakspot_BP_C' has been compiled for  Get EnemyWeakspot
[2017.08.08-17.22.46:947][  0]LogBlueprint:Error: [Compiler EnemyWeakspot_BP] Error The property associated with  Is Red Damaged  could not be found
[2017.08.08-17.22.46:947][  0]LogBlueprint:Error: [Compiler EnemyWeakspot_BP] Error The property associated with  Is Red Damaged  could not be found
[2017.08.08-17.22.46:947][  0]LogBlueprint:Error: [Compiler EnemyWeakspot_BP] Error The property associated with  Is UVDamaged  could not be found
[2017.08.08-17.22.46:947][  0]LogBlueprint:Error: [Compiler EnemyWeakspot_BP] Error The property associated with  Is UVDamaged  could not be found
[2017.08.08-17.22.46:947][  0]LogBlueprint:Error: [Compiler EnemyWeakspot_BP] Error The property associated with  Is Red Damaged  could not be found
[2017.08.08-17.22.46:948][  0]LogBlueprint:Error: [Compiler EnemyWeakspot_BP] Error The property associated with  Is UVDamaged  could not be found
[2017.08.08-17.22.46:948][  0]LogBlueprint:Error: [Compiler EnemyWeakspot_BP] Error The property associated with  Enemy Current Health  could not be found
[2017.08.08-17.22.46:948][  0]LogBlueprint:Error: [Compiler EnemyWeakspot_BP] Error The property associated with  Enemy Current Health  could not be found
[2017.08.08-17.22.46:956][  0]LogBlueprint:Warning: [Compiler EnemyWeakspot_BP] Warning [0072.57] Compile of EnemyWeakspot_BP failed. 8 Fatal Issue(s) 16 Warning(s) [in 48 ms] (/Game/Tech/Weakspot/EnemyWeakspot_BP.EnemyWeakspot_BP)
[2017.08.08-17.22.46:956][  0]LogBlueprint:Warning: [Compiler EnemyWeakspot_BP] Warning [0072.57] Compile of EnemyWeakspot_BP failed. 8 Fatal Issue(s) 17 Warning(s) [in 0 ms] (/Game/Tech/Weakspot/EnemyWeakspot_BP.EnemyWeakspot_BP)
[2017.08.08-17.22.46:956][  0]LogBlueprint:Warning: [Compiler EnemyWeakspot_BP] Warning [0072.57] Compile of EnemyWeakspot_BP failed. 8 Fatal Issue(s) 18 Warning(s) [in 0 ms] (/Game/Tech/Weakspot/EnemyWeakspot_BP.EnemyWeakspot_BP)
[2017.08.08-17.22.46:964][  0]LogBlueprint:Warning: [Compiler EnemyWeakspot_BP] Warning Could not find a variable named "enemyCurrentHealth" in 'EnemyWeakspot_BP'.
Make sure 'EnemyWeakspot_BP' has been compiled for  Get enemyCurrentHealth
[2017.08.08-17.22.46:964][  0]LogBlueprint:Warning: [Compiler EnemyWeakspot_BP] Warning Could not find a variable named "EnemyWeakspot" in 'EnemyWeakspot_BP_C'.
Make sure 'EnemyWeakspot_BP_C' has been compiled for  Get EnemyWeakspot
[2017.08.08-17.22.46:964][  0]LogBlueprint:Warning: [Compiler EnemyWeakspot_BP] Warning Could not find a variable named "enemyCurrentHealth" in 'EnemyWeakspot_BP'.
Make sure 'EnemyWeakspot_BP' has been compiled for  Get enemyCurrentHealth
[2017.08.08-17.22.46:964][  0]LogBlueprint:Warning: [Compiler EnemyWeakspot_BP] Warning Could not find a variable named "EnemyWeakspot" in 'EnemyWeakspot_BP_C'.
Make sure 'EnemyWeakspot_BP_C' has been compiled for  Get EnemyWeakspot
[2017.08.08-17.22.46:964][  0]LogBlueprint:Warning: [Compiler EnemyWeakspot_BP] Warning Could not find a variable named "bIsUVDamaged" in 'EnemyWeakspot_BP'.
Make sure 'EnemyWeakspot_BP' has been compiled for  Set bIsUVDamaged
[2017.08.08-17.22.46:964][  0]LogBlueprint:Warning: [Compiler EnemyWeakspot_BP] Warning Could not find a variable named "EnemyWeakspot" in 'EnemyWeakspot_BP_C'.
Make sure 'EnemyWeakspot_BP_C' has been compiled for  Get EnemyWeakspot
[2017.08.08-17.22.46:964][  0]LogBlueprint:Warning: [Compiler EnemyWeakspot_BP] Warning Could not find a variable named "EnemyWeakspot" in 'EnemyWeakspot_BP_C'.
Make sure 'EnemyWeakspot_BP_C' has been compiled for  Get EnemyWeakspot
[2017.08.08-17.22.46:964][  0]LogBlueprint:Warning: [Compiler EnemyWeakspot_BP] Warning Could not find a variable named "bIsRedDamaged" in 'EnemyWeakspot_BP'.
Make sure 'EnemyWeakspot_BP' has been compiled for  Set bIsRedDamaged
[2017.08.08-17.22.46:964][  0]LogBlueprint:Warning: [Compiler EnemyWeakspot_BP] Warning Could not find a variable named "bIsUVDamaged" in 'EnemyWeakspot_BP'.
Make sure 'EnemyWeakspot_BP' has been compiled for  Set bIsUVDamaged
[2017.08.08-17.22.46:964][  0]LogBlueprint:Warning: [Compiler EnemyWeakspot_BP] Warning Could not find a variable named "EnemyWeakspot" in 'EnemyWeakspot_BP_C'.
Make sure 'EnemyWeakspot_BP_C' has been compiled for  Get EnemyWeakspot
[2017.08.08-17.22.46:965][  0]LogBlueprint:Warning: [Compiler EnemyWeakspot_BP] Warning Could not find a variable named "bIsUVDamaged" in 'EnemyWeakspot_BP'.
Make sure 'EnemyWeakspot_BP' has been compiled for  Get bIsUVDamaged
[2017.08.08-17.22.46:965][  0]LogBlueprint:Warning: [Compiler EnemyWeakspot_BP] Warning Could not find a variable named "EnemyWeakspot" in 'EnemyWeakspot_BP_C'.
Make sure 'EnemyWeakspot_BP_C' has been compiled for  Get EnemyWeakspot
[2017.08.08-17.22.46:965][  0]LogBlueprint:Warning: [Compiler EnemyWeakspot_BP] Warning Could not find a variable named "bIsRedDamaged" in 'EnemyWeakspot_BP'.
Make sure 'EnemyWeakspot_BP' has been compiled for  Set bIsRedDamaged
[2017.08.08-17.22.46:965][  0]LogBlueprint:Warning: [Compiler EnemyWeakspot_BP] Warning Could not find a variable named "EnemyWeakspot" in 'EnemyWeakspot_BP_C'.
Make sure 'EnemyWeakspot_BP_C' has been compiled for  Get EnemyWeakspot
[2017.08.08-17.22.46:965][  0]LogBlueprint:Warning: [Compiler EnemyWeakspot_BP] Warning Could not find a variable named "bIsRedDamaged" in 'EnemyWeakspot_BP'.
Make sure 'EnemyWeakspot_BP' has been compiled for  Get bIsRedDamaged
[2017.08.08-17.22.46:965][  0]LogBlueprint:Warning: [Compiler EnemyWeakspot_BP] Warning Could not find a variable named "EnemyWeakspot" in 'EnemyWeakspot_BP_C'.
Make sure 'EnemyWeakspot_BP_C' has been compiled for  Get EnemyWeakspot
[2017.08.08-17.22.46:966][  0]LogBlueprint:Error: [Compiler EnemyWeakspot_BP] Error The property associated with  Enemy Weakspot  could not be found
[2017.08.08-17.22.46:966][  0]LogBlueprint:Error: [Compiler EnemyWeakspot_BP] Error The property associated with  Is Red Damaged  could not be found
[2017.08.08-17.22.46:966][  0]LogBlueprint:Error: [Compiler EnemyWeakspot_BP] Error The property associated with  Enemy Weakspot  could not be found
[2017.08.08-17.22.46:966][  0]LogBlueprint:Error: [Compiler EnemyWeakspot_BP] Error The property associated with  Is Red Damaged  could not be found
[2017.08.08-17.22.46:966][  0]LogBlueprint:Error: [Compiler EnemyWeakspot_BP] Error The property associated with  Enemy Weakspot  could not be found
[2017.08.08-17.22.46:966][  0]LogBlueprint:Error: [Compiler EnemyWeakspot_BP] Error The property associated with  Is UVDamaged  could not be found
[2017.08.08-17.22.46:967][  0]LogBlueprint:Error: [Compiler EnemyWeakspot_BP] Error The property associated with  Enemy Weakspot  could not be found
[2017.08.08-17.22.46:967][  0]LogBlueprint:Error: [Compiler EnemyWeakspot_BP] Error The property associated with  Is UVDamaged  could not be found
[2017.08.08-17.22.46:967][  0]LogBlueprint:Error: [Compiler EnemyWeakspot_BP] Error The property associated with  Enemy Weakspot  could not be found
[2017.08.08-17.22.46:967][  0]LogBlueprint:Error: [Compiler EnemyWeakspot_BP] Error The property associated with  Is Red Damaged  could not be found
[2017.08.08-17.22.46:967][  0]LogBlueprint:Error: [Compiler EnemyWeakspot_BP] Error The property associated with  Enemy Weakspot  could not be found
[2017.08.08-17.22.46:967][  0]LogBlueprint:Error: [Compiler EnemyWeakspot_BP] Error The property associated with  Is UVDamaged  could not be found
[2017.08.08-17.22.46:967][  0]LogBlueprint:Error: [Compiler EnemyWeakspot_BP] Error The property associated with  Enemy Weakspot  could not be found
[2017.08.08-17.22.46:967][  0]LogBlueprint:Error: [Compiler EnemyWeakspot_BP] Error The property associated with  Enemy Current Health  could not be found
[2017.08.08-17.22.46:968][  0]LogBlueprint:Error: [Compiler EnemyWeakspot_BP] Error The property associated with  Enemy Weakspot  could not be found
[2017.08.08-17.22.46:968][  0]LogBlueprint:Error: [Compiler EnemyWeakspot_BP] Error The property associated with  Enemy Current Health  could not be found
[2017.08.08-17.22.46:975][  0]LogBlueprint:Warning: [Compiler EnemyWeakspot_BP] Warning [0072.59] Compile of EnemyWeakspot_BP failed. 16 Fatal Issue(s) 16 Warning(s) [in 17 ms] (/Game/Tech/Weakspot/EnemyWeakspot_BP.EnemyWeakspot_BP)
[2017.08.08-17.22.46:975][  0]LogBlueprint:Warning: [Compiler EnemyWeakspot_BP] Warning [0072.59] Compile of EnemyWeakspot_BP failed. 16 Fatal Issue(s) 17 Warning(s) [in 0 ms] (/Game/Tech/Weakspot/EnemyWeakspot_BP.EnemyWeakspot_BP)
[2017.08.08-17.22.46:975][  0]LogBlueprint:Warning: [Compiler EnemyWeakspot_BP] Warning [0072.59] Compile of EnemyWeakspot_BP failed. 16 Fatal Issue(s) 18 Warning(s) [in 0 ms] (/Game/Tech/Weakspot/EnemyWeakspot_BP.EnemyWeakspot_BP)
[2017.08.08-17.22.49:368][  0]LogBlueprint:Warning: [Compiler ThirdPersonCharacter] Warning InputAction Event references unknown Action 'ResetVR' for  InputAction ResetVR
[2017.08.08-17.22.49:368][  0]LogBlueprint:Warning: [Compiler ThirdPersonCharacter] Warning Input Axis Event references unknown Axis 'LookUpRate' for  InputAxis LookUpRate
[2017.08.08-17.22.49:369][  0]LogBlueprint:Warning: [Compiler ThirdPersonCharacter] Warning Input Axis Event references unknown Axis 'TurnRate' for  InputAxis TurnRate
[2017.08.08-17.22.49:369][  0]LogBlueprint:Warning: [Compiler ThirdPersonCharacter] Warning InputAction Event references unknown Action 'Jump' for  InputAction Jump
[2017.08.08-17.22.49:369][  0]LogBlueprint:Warning: [Compiler ThirdPersonCharacter] Warning Input Axis Event references unknown Axis 'LookUp' for  InputAxis LookUp
[2017.08.08-17.22.49:369][  0]LogBlueprint:Warning: [Compiler ThirdPersonCharacter] Warning Input Axis Event references unknown Axis 'Turn' for  InputAxis Turn
[2017.08.08-17.22.49:372][  0]LogBlueprint:Warning: [Compiler ThirdPersonCharacter] Warning [0074.99] Compile of ThirdPersonCharacter successful, but with 6 Warning(s) [in 13 ms] (/Game/ThirdPersonBP/Blueprints/ThirdPersonCharacter.ThirdPersonCharacter)
[2017.08.08-17.22.49:373][  0]LogBlueprint:Warning: [Compiler ThirdPersonCharacter] Warning [0074.99] Compile of ThirdPersonCharacter successful, but with 7 Warning(s) [in 0 ms] (/Game/ThirdPersonBP/Blueprints/ThirdPersonCharacter.ThirdPersonCharacter)
[2017.08.08-17.22.49:373][  0]LogBlueprint:Warning: [Compiler ThirdPersonCharacter] Warning [0074.99] Compile of ThirdPersonCharacter successful, but with 8 Warning(s) [in 0 ms] (/Game/ThirdPersonBP/Blueprints/ThirdPersonCharacter.ThirdPersonCharacter)
[2017.08.08-17.22.49:378][  0]LogBlueprint:Warning: [Compiler ThirdPersonCharacter] Warning InputAction Event references unknown Action 'ResetVR' for  InputAction ResetVR
[2017.08.08-17.22.49:378][  0]LogBlueprint:Warning: [Compiler ThirdPersonCharacter] Warning Input Axis Event references unknown Axis 'LookUpRate' for  InputAxis LookUpRate
[2017.08.08-17.22.49:378][  0]LogBlueprint:Warning: [Compiler ThirdPersonCharacter] Warning Input Axis Event references unknown Axis 'TurnRate' for  InputAxis TurnRate
[2017.08.08-17.22.49:378][  0]LogBlueprint:Warning: [Compiler ThirdPersonCharacter] Warning InputAction Event references unknown Action 'Jump' for  InputAction Jump
[2017.08.08-17.22.49:378][  0]LogBlueprint:Warning: [Compiler ThirdPersonCharacter] Warning Input Axis Event references unknown Axis 'LookUp' for  InputAxis LookUp
[2017.08.08-17.22.49:379][  0]LogBlueprint:Warning: [Compiler ThirdPersonCharacter] Warning Input Axis Event references unknown Axis 'Turn' for  InputAxis Turn
[2017.08.08-17.22.49:382][  0]LogBlueprint:Warning: [Compiler ThirdPersonCharacter] Warning [0075.00] Compile of ThirdPersonCharacter successful, but with 6 Warning(s) [in 8 ms] (/Game/ThirdPersonBP/Blueprints/ThirdPersonCharacter.ThirdPersonCharacter)
[2017.08.08-17.22.49:383][  0]LogBlueprint:Warning: [Compiler ThirdPersonCharacter] Warning [0075.00] Compile of ThirdPersonCharacter successful, but with 7 Warning(s) [in 0 ms] (/Game/ThirdPersonBP/Blueprints/ThirdPersonCharacter.ThirdPersonCharacter)
[2017.08.08-17.22.49:383][  0]LogBlueprint:Warning: [Compiler ThirdPersonCharacter] Warning [0075.00] Compile of ThirdPersonCharacter successful, but with 8 Warning(s) [in 0 ms] (/Game/ThirdPersonBP/Blueprints/ThirdPersonCharacter.ThirdPersonCharacter)
[2017.08.08-17.22.55:659][  0]LogLinker:Warning: Can't find file '/Game/Art/Environment/newdev/zzzzzz'
[2017.08.08-17.22.55:659][  0]LogLinker:Warning: Can't find file for asset '/Game/Art/Environment/newdev/zzzzzz' while loading ../../../../../../Users/chong/OneDrive/Documents/GitHub/FYP_DumbTesting/Meeting/Content/Art/Environment/Mesh/SM_Corridor_Frame.uasset.
[2017.08.08-17.22.55:659][  0]LoadErrors:Error: Error /Game/Art/Environment/Mesh/SM_Corridor_Frame : Can't find file for asset. /Game/Art/Environment/newdev/zzzzzz
[2017.08.08-17.22.55:660][  0]LogLinker:Warning: Can't find file '/Game/Art/Environment/newdev/zzzzzz'
[2017.08.08-17.22.55:660][  0]LogLinker:Warning: Can't find file for asset '/Game/Art/Environment/newdev/zzzzzz' while loading ../../../../../../Users/chong/OneDrive/Documents/GitHub/FYP_DumbTesting/Meeting/Content/Art/Environment/Mesh/SM_Corridor_Frame.uasset.
[2017.08.08-17.22.55:660][  0]LoadErrors:Error: Error /Game/Art/Environment/Mesh/SM_Corridor_Frame : Can't find file for asset. /Game/Art/Environment/newdev/zzzzzz
[2017.08.08-17.22.55:750][  0]LogLinker:Warning: Can't find file '/Game/Art/Environment/newdev/2'
[2017.08.08-17.22.55:750][  0]LogLinker:Warning: Can't find file for asset '/Game/Art/Environment/newdev/2' while loading ../../../../../../Users/chong/OneDrive/Documents/GitHub/FYP_DumbTesting/Meeting/Content/Art/Environment/Mesh/SM_Corridor_Wall.uasset.
[2017.08.08-17.22.55:750][  0]LoadErrors:Error: Error /Game/Art/Environment/Mesh/SM_Corridor_Wall : Can't find file for asset. /Game/Art/Environment/newdev/2
[2017.08.08-17.22.55:750][  0]LogLinker:Warning: Can't find file '/Game/Art/Environment/newdev/2'
[2017.08.08-17.22.55:750][  0]LogLinker:Warning: Can't find file for asset '/Game/Art/Environment/newdev/2' while loading ../../../../../../Users/chong/OneDrive/Documents/GitHub/FYP_DumbTesting/Meeting/Content/Art/Environment/Mesh/SM_Corridor_Wall.uasset.
[2017.08.08-17.22.55:750][  0]LoadErrors:Error: Error /Game/Art/Environment/Mesh/SM_Corridor_Wall : Can't find file for asset. /Game/Art/Environment/newdev/2
[2017.08.08-17.22.59:548][  0]LogLinker:Warning: Can't find file '/Game/Art/Environment/newdev/zzzzzz'
[2017.08.08-17.22.59:548][  0]LoadErrors: Info Failed to load /Game/Art/Environment/newdev/zzzzzz.zzzzzz Referenced by SM_Corridor_Frame
[2017.08.08-17.22.59:548][  0]LogLinker:Warning: Can't find file for asset '/Game/Art/Environment/newdev/zzzzzz' while loading NULL.
[2017.08.08-17.22.59:548][  0]LoadErrors: Info Failed to load /Game/Art/Environment/newdev/zzzzzz.zzzzzz Referenced by SM_Corridor_Frame
[2017.08.08-17.22.59:689][  0]LogLinker:Warning: Can't find file '/Game/Art/Environment/newdev/2'
[2017.08.08-17.22.59:689][  0]LoadErrors: Info Failed to load /Game/Art/Environment/newdev/2.2 Referenced by SM_Corridor_Wall
[2017.08.08-17.22.59:689][  0]LogLinker:Warning: Can't find file for asset '/Game/Art/Environment/newdev/2' while loading NULL.
[2017.08.08-17.22.59:689][  0]LoadErrors: Info Failed to load /Game/Art/Environment/newdev/2.2 Referenced by SM_Corridor_Wall
[2017.08.08-17.23.00:254][  0]LogMaterial: Missing cached shader map for material Mat_Health, compiling. 
[2017.08.08-17.23.00:387][  0]LogTemp:Display: Added material ShaderMap 0x0000027C36335D00 with Material 0x0000027C0811CD00 to ShaderMapsBeingCompiled
[2017.08.08-17.23.00:477][  0]LogTemp:Display: Kicking off shader compilation for Mat_Health, GameThreadShaderMap 0x0000027C36335D00
[2017.08.08-17.23.00:487][  0]LogMaterial: Missing cached shader map for material Mat_Health, compiling. 
[2017.08.08-17.23.00:493][  0]LogTemp:Display: Added material ShaderMap 0x0000027C35B35600 with Material 0x0000027C35F45F00 to ShaderMapsBeingCompiled
[2017.08.08-17.23.00:521][  0]LogTemp:Display: Kicking off shader compilation for Mat_Health, GameThreadShaderMap 0x0000027C35B35600
[2017.08.08-17.23.00:649][  0]LogTexture:Display: Building textures: T_TilingNoise16 (AutoDXT, 1024X1024) - 47 MB total VRAM
[2017.08.08-17.23.01:206][  0]LogMaterial: Missing cached shader map for material Mat_Dissolve, compiling. 
[2017.08.08-17.23.01:208][  0]LogTemp:Display: Added material ShaderMap 0x0000027C35A07C80 with Material 0x0000027C082AEE00 to ShaderMapsBeingCompiled
[2017.08.08-17.23.01:243][  0]LogTemp:Display: Kicking off shader compilation for Mat_Dissolve, GameThreadShaderMap 0x0000027C35A07C80
[2017.08.08-17.23.01:259][  0]LogStaticMesh: Building static mesh SM_Apple...
[2017.08.08-17.23.01:400][  0]LogStaticMesh: Built static mesh [0.14s] /Game/Tech/InteractionSystem/Pickup/Fruit/SM_Apple.SM_Apple
[2017.08.08-17.23.01:551][  0]LogTexture:Display: Building textures: AppleTexture (BGRA8, 1555X513) - 47 MB total VRAM
[2017.08.08-17.23.01:677][  0]LogMaterial: Missing cached shader map for material Mat_Apple, compiling. 
[2017.08.08-17.23.01:679][  0]LogTemp:Display: Added material ShaderMap 0x0000027C3667AB00 with Material 0x0000027C077F6680 to ShaderMapsBeingCompiled
[2017.08.08-17.23.01:701][  0]LogTemp:Display: Kicking off shader compilation for Mat_Apple, GameThreadShaderMap 0x0000027C3667AB00
[2017.08.08-17.23.01:726][  0]LogTexture:Display: Building textures: Duracell_AA_texture (BGRA8, 1000X1045) - 50 MB total VRAM
[2017.08.08-17.23.01:861][  0]LogMaterial: Missing cached shader map for material Mat_Battery, compiling. 
[2017.08.08-17.23.01:863][  0]LogTemp:Display: Added material ShaderMap 0x0000027C192A0F00 with Material 0x0000027C0840E500 to ShaderMapsBeingCompiled
[2017.08.08-17.23.01:885][  0]LogTemp:Display: Kicking off shader compilation for Mat_Battery, GameThreadShaderMap 0x0000027C192A0F00
[2017.08.08-17.23.01:886][  0]LogStaticMesh: Building static mesh Duracell_AA_Cylinder_001...
[2017.08.08-17.23.01:992][  0]LogStaticMesh: Built static mesh [0.11s] /Game/Tech/InteractionSystem/Pickup/Battery/Duracell_AA_Cylinder_001.Duracell_AA_Cylinder_001
[2017.08.08-17.23.02:794][  0]LogMaterial: Missing cached shader map for material Door_UI_5, compiling. 
[2017.08.08-17.23.02:795][  0]LogTemp:Display: Added material ShaderMap 0x0000027C362A4480 with Material 0x0000027C08BD9F00 to ShaderMapsBeingCompiled
[2017.08.08-17.23.02:908][  0]LogTemp:Display: Kicking off shader compilation for Door_UI_5, GameThreadShaderMap 0x0000027C362A4480
[2017.08.08-17.23.04:612][  0]LogStaticMesh: Building static mesh Door_Frame...
[2017.08.08-17.23.04:649][  0]LogStaticMesh: Built static mesh [0.04s] /Game/Art/Environment/Door/Door_Mesh/Door_Frame.Door_Frame
[2017.08.08-17.23.04:679][  0]LogStaticMesh: Building static mesh Door_LeftRight_1...
[2017.08.08-17.23.04:694][  0]LogStaticMesh: Built static mesh [0.02s] /Game/Art/Environment/Door/Door_Mesh/Door_LeftRight_1.Door_LeftRight_1
[2017.08.08-17.23.04:717][  0]LogStaticMesh: Building static mesh Door_LeftRight_2...
[2017.08.08-17.23.04:726][  0]LogStaticMesh: Built static mesh [0.03s] /Game/Art/Environment/Door/Door_Mesh/Door_LeftRight_2.Door_LeftRight_2
[2017.08.08-17.23.04:746][  0]LogStaticMesh: Building static mesh Door_TopBottom...
[2017.08.08-17.23.04:752][  0]LogStaticMesh: Built static mesh [0.02s] /Game/Art/Environment/Door/Door_Mesh/Door_TopBottom.Door_TopBottom
[2017.08.08-17.23.04:917][  0]LogStaticMesh: Building static mesh Panel_Export...
[2017.08.08-17.23.06:670][  0]LogStaticMesh: Built static mesh [1.75s] /Game/Art/GUI/Hacking_Terminal_UI/Hacking_Panel/Panel_Export.Panel_Export
[2017.08.08-17.23.07:121][  0]LogStaticMesh: Building static mesh SM_Corridor_ConerPillar...
[2017.08.08-17.23.07:143][  0]LogStaticMesh: Built static mesh [0.02s] /Game/Art/Environment/SM_Corridor_ConerPillar.SM_Corridor_ConerPillar
[2017.08.08-17.23.07:144][  0]LogStaticMesh: Building static mesh SM_Corridor_Corner_CeillingFloor...
[2017.08.08-17.23.07:165][  0]LogStaticMesh: Built static mesh [0.02s] /Game/Art/Environment/SM_Corridor_Corner_CeillingFloor.SM_Corridor_Corner_CeillingFloor
[2017.08.08-17.23.10:274][  0]LogTexture:Display: Building textures: walldoorLP_1001_OcclusionRoughnessMetallic (AutoDXT, 2048X2048) - 479 MB total VRAM
[2017.08.08-17.23.12:318][  0]LogTexture:Display: Building textures: walldoorLP_1001_Normal (BC5, 2048X2048) - 479 MB total VRAM
[2017.08.08-17.23.12:804][  0]LogTexture:Display: Building textures: walldoorLP_1001_Emissive (AutoDXT, 2048X2048) - 479 MB total VRAM
[2017.08.08-17.23.13:366][  0]LogTexture:Display: Building textures: walldoorLP_1001_BaseColor (AutoDXT, 2048X2048) - 479 MB total VRAM
[2017.08.08-17.23.15:765][  0]LogTexture:Display: Building textures: floorlp_1001_OcclusionRoughnessMetallic (AutoDXT, 2048X2048) - 487 MB total VRAM
[2017.08.08-17.23.17:370][  0]LogTexture:Display: Building textures: floorlp_1001_Normal (BC5, 2048X2048) - 487 MB total VRAM
[2017.08.08-17.23.17:815][  0]LogTexture:Display: Building textures: floorlp_1001_Emissive (AutoDXT, 2048X2048) - 487 MB total VRAM
[2017.08.08-17.23.18:397][  0]LogTexture:Display: Building textures: floorlp_1001_BaseColor (AutoDXT, 2048X2048) - 487 MB total VRAM
[2017.08.08-17.23.19:618][  0]LogTexture:Display: Building textures: 7__open_ (BGRA8, 3772X2857) - 487 MB total VRAM
[2017.08.08-17.23.20:337][  0]LogMaterial: Missing cached shader map for material Door_UI_7, compiling. 
[2017.08.08-17.23.20:338][  0]LogTemp:Display: Added material ShaderMap 0x0000027C348AE400 with Material 0x0000027C22B3EF80 to ShaderMapsBeingCompiled
[2017.08.08-17.23.20:400][  0]LogTemp:Display: Kicking off shader compilation for Door_UI_7, GameThreadShaderMap 0x0000027C348AE400
[2017.08.08-17.23.20:403][  0]LogMaterial: Missing cached shader map for material Door_UI_13, compiling. 
[2017.08.08-17.23.20:404][  0]LogTemp:Display: Added material ShaderMap 0x0000027C1F52A400 with Material 0x0000027C22B5D180 to ShaderMapsBeingCompiled
[2017.08.08-17.23.20:445][  0]LogTemp:Display: Kicking off shader compilation for Door_UI_13, GameThreadShaderMap 0x0000027C1F52A400
[2017.08.08-17.23.20:448][  0]LogMaterial: Missing cached shader map for material Door_UI_11, compiling. 
[2017.08.08-17.23.20:449][  0]LogTemp:Display: Added material ShaderMap 0x0000027C9DAE1D00 with Material 0x0000027C22B5E800 to ShaderMapsBeingCompiled
[2017.08.08-17.23.20:484][  0]LogTemp:Display: Kicking off shader compilation for Door_UI_11, GameThreadShaderMap 0x0000027C9DAE1D00
[2017.08.08-17.23.20:488][  0]LogMaterial: Missing cached shader map for material Door_UI_10, compiling. 
[2017.08.08-17.23.20:489][  0]LogTemp:Display: Added material ShaderMap 0x0000027C1F9D1600 with Material 0x0000027C21ED4700 to ShaderMapsBeingCompiled
[2017.08.08-17.23.20:553][  0]LogTemp:Display: Kicking off shader compilation for Door_UI_10, GameThreadShaderMap 0x0000027C1F9D1600
[2017.08.08-17.23.20:702][  0]LogTexture:Display: Building textures: walldoorLP_1001_OcclusionRoughnessMetallic (AutoDXT, 2048X2048) - 528 MB total VRAM
[2017.08.08-17.23.22:309][  0]LogTexture:Display: Building textures: walldoorLP_1001_Normal (BC5, 2048X2048) - 528 MB total VRAM
[2017.08.08-17.23.23:012][  0]LogTexture:Display: Building textures: walldoorLP_1001_BaseColor (AutoDXT, 2048X2048) - 528 MB total VRAM
[2017.08.08-17.23.24:771][  0]LogMaterial: Missing cached shader map for material Hacking_UI_4, compiling. 
[2017.08.08-17.23.24:772][  0]LogTemp:Display: Added material ShaderMap 0x0000027C82F7FC80 with Material 0x0000027C22AF1000 to ShaderMapsBeingCompiled
[2017.08.08-17.23.24:821][  0]LogTemp:Display: Kicking off shader compilation for Hacking_UI_4, GameThreadShaderMap 0x0000027C82F7FC80
[2017.08.08-17.23.25:219][  0]LogTexture:Display: Building textures: DefaultMaterial_Roughness (BGRA8, 2048X2048) - 864 MB total VRAM
[2017.08.08-17.23.26:310][  0]LogTexture:Display: Building textures: DefaultMaterial_Normal_DirectX (BC5, 2048X2048) - 864 MB total VRAM
[2017.08.08-17.23.27:166][  0]LogTexture:Display: Building textures: DefaultMaterial_Metallic (BGRA8, 2048X2048) - 864 MB total VRAM
[2017.08.08-17.23.28:036][  0]LogTexture:Display: Building textures: DefaultMaterial_Emissive (AutoDXT, 2048X2048) - 865 MB total VRAM
[2017.08.08-17.23.28:651][  0]LogTexture:Display: Building textures: DefaultMaterial_Base_Color (AutoDXT, 2048X2048) - 865 MB total VRAM
[2017.08.08-17.23.30:054][  0]LogTexture:Display: Building textures: DefaultMaterial_Ambient_occlusion (BGRA8, 2048X2048) - 865 MB total VRAM
[2017.08.08-17.23.30:932][  0]LogMaterial: Missing cached shader map for material Panel_Material, compiling. 
[2017.08.08-17.23.30:933][  0]LogTemp:Display: Added material ShaderMap 0x0000027CA5B77C80 with Material 0x0000027C22B30E80 to ShaderMapsBeingCompiled
[2017.08.08-17.23.30:964][  0]LogTemp:Display: Kicking off shader compilation for Panel_Material, GameThreadShaderMap 0x0000027CA5B77C80
[2017.08.08-17.23.30:968][  0]LogMaterial: Missing cached shader map for material Door_UI_9, compiling. 
[2017.08.08-17.23.30:970][  0]LogTemp:Display: Added material ShaderMap 0x0000027CA1D3D280 with Material 0x0000027C22B33E80 to ShaderMapsBeingCompiled
[2017.08.08-17.23.31:006][  0]LogTemp:Display: Kicking off shader compilation for Door_UI_9, GameThreadShaderMap 0x0000027CA1D3D280
[2017.08.08-17.23.31:019][  0]LogMaterial: Missing cached shader map for material Door_UI_8, compiling. 
[2017.08.08-17.23.31:021][  0]LogTemp:Display: Added material ShaderMap 0x0000027CBC705600 with Material 0x0000027C22B3D480 to ShaderMapsBeingCompiled
[2017.08.08-17.23.31:056][  0]LogTemp:Display: Kicking off shader compilation for Door_UI_8, GameThreadShaderMap 0x0000027CBC705600
[2017.08.08-17.23.32:679][  0]LogAIModule: Creating AISystem for world MockUp_Map
[2017.08.08-17.23.32:720][  0]LogTemp:Display: Finished compile of shader map 0x0000027C36335D00
[2017.08.08-17.23.32:720][  0]LogTemp:Display: Shader map Mat_Health complete, GameThreadShaderMap 0x0000027C36335D00, marking material Mat_Health as finished
[2017.08.08-17.23.32:720][  0]LogTemp:Display: Marking material as finished 0x0000027C0811CD00
[2017.08.08-17.23.32:729][  0]LogTemp:Display: Finished compile of shader map 0x0000027C35B35600
[2017.08.08-17.23.32:729][  0]LogTemp:Display: Shader map Mat_Health complete, GameThreadShaderMap 0x0000027C35B35600, marking material Mat_Health as finished
[2017.08.08-17.23.32:729][  0]LogTemp:Display: Marking material as finished 0x0000027C35F45F00
[2017.08.08-17.23.32:757][  0]LogTemp:Display: Finished compile of shader map 0x0000027C35A07C80
[2017.08.08-17.23.32:757][  0]LogTemp:Display: Shader map Mat_Dissolve complete, GameThreadShaderMap 0x0000027C35A07C80, marking material Mat_Dissolve as finished
[2017.08.08-17.23.32:757][  0]LogTemp:Display: Marking material as finished 0x0000027C082AEE00
[2017.08.08-17.23.32:765][  0]LogTemp:Display: Finished compile of shader map 0x0000027C3667AB00
[2017.08.08-17.23.32:765][  0]LogTemp:Display: Shader map Mat_Apple complete, GameThreadShaderMap 0x0000027C3667AB00, marking material Mat_Apple as finished
[2017.08.08-17.23.32:765][  0]LogTemp:Display: Marking material as finished 0x0000027C077F6680
[2017.08.08-17.23.32:771][  0]LogTemp:Display: Finished compile of shader map 0x0000027C192A0F00
[2017.08.08-17.23.32:771][  0]LogTemp:Display: Shader map Mat_Battery complete, GameThreadShaderMap 0x0000027C192A0F00, marking material Mat_Battery as finished
[2017.08.08-17.23.32:771][  0]LogTemp:Display: Marking material as finished 0x0000027C0840E500
[2017.08.08-17.23.32:781][  0]LogTemp:Display: Finished compile of shader map 0x0000027C362A4480
[2017.08.08-17.23.32:781][  0]LogTemp:Display: Shader map Door_UI_5 complete, GameThreadShaderMap 0x0000027C362A4480, marking material Door_UI_5 as finished
[2017.08.08-17.23.32:781][  0]LogTemp:Display: Marking material as finished 0x0000027C08BD9F00
[2017.08.08-17.23.32:790][  0]LogTemp:Display: Finished compile of shader map 0x0000027C348AE400
[2017.08.08-17.23.32:790][  0]LogTemp:Display: Shader map Door_UI_7 complete, GameThreadShaderMap 0x0000027C348AE400, marking material Door_UI_7 as finished
[2017.08.08-17.23.32:790][  0]LogTemp:Display: Marking material as finished 0x0000027C22B3EF80
[2017.08.08-17.23.32:799][  0]LogTemp:Display: Finished compile of shader map 0x0000027C1F52A400
[2017.08.08-17.23.32:799][  0]LogTemp:Display: Shader map Door_UI_13 complete, GameThreadShaderMap 0x0000027C1F52A400, marking material Door_UI_13 as finished
[2017.08.08-17.23.32:799][  0]LogTemp:Display: Marking material as finished 0x0000027C22B5D180
[2017.08.08-17.23.32:811][  0]LogTemp:Display: Finished compile of shader map 0x0000027C9DAE1D00
[2017.08.08-17.23.32:811][  0]LogTemp:Display: Shader map Door_UI_11 complete, GameThreadShaderMap 0x0000027C9DAE1D00, marking material Door_UI_11 as finished
[2017.08.08-17.23.32:811][  0]LogTemp:Display: Marking material as finished 0x0000027C22B5E800
[2017.08.08-17.23.33:137][  0]LogEditorServer: Finished looking for orphan Actors (0.001 secs)
[2017.08.08-17.23.33:148][  0]Cmd: MAP CHECKDEP NOCLEARLOG
[2017.08.08-17.23.33:332][  0]MapCheck: Info Map check complete: 0 Error(s), 0 Warning(s), took 183.371ms to complete.
[2017.08.08-17.23.33:332][  0]LogFileHelpers: Loading map 'MockUp_Map' took 49.542
[2017.08.08-17.23.33:741][  0]LogCollectionManager: Loaded 0 collections in 0.003047 seconds
[2017.08.08-17.23.33:870][  0]LogFileCache: Scanning file cache for directory 'C:/Users/chong/OneDrive/Documents/GitHub/FYP_DumbTesting/Meeting/Saved/Collections/' took 0.01s
[2017.08.08-17.23.33:870][  0]LogFileCache: Scanning file cache for directory 'C:/Users/chong/OneDrive/Documents/GitHub/FYP_DumbTesting/Meeting/Content/Developers/chong/Collections/' took 0.01s
[2017.08.08-17.23.33:870][  0]LogFileCache: Scanning file cache for directory 'C:/Users/chong/OneDrive/Documents/GitHub/FYP_DumbTesting/Meeting/Content/Collections/' took 0.01s
[2017.08.08-17.23.33:870][  0]LogCollectionManager: Rebuilt the GUID cache for 0 collections in 0.000002 seconds
[2017.08.08-17.23.33:891][  0]LogContentBrowser: Native class hierarchy populated in 0.0202 seconds. Added 2256 classes and 455 folders.
[2017.08.08-17.23.34:026][  0]LogContentBrowser: Native class hierarchy updated for 'WidgetCarousel' in 0.0030 seconds. Added 0 classes and 0 folders.
[2017.08.08-17.23.36:728][  0]LogContentBrowser: Native class hierarchy updated for 'AddContentDialog' in 0.0033 seconds. Added 0 classes and 0 folders.
[2017.08.08-17.23.36:824][  0]LogContentBrowser: Native class hierarchy updated for 'SceneOutliner' in 0.0033 seconds. Added 1 classes and 2 folders.
[2017.08.08-17.23.36:968][  0]LogCrashTracker: Crashtracker disabled due to settings.
[2017.08.08-17.23.36:977][  0]LogUObjectGlobals:Warning: Failed to find object 'Class None.'
[2017.08.08-17.23.37:088][  0]LogContentBrowser: Native class hierarchy updated for 'HierarchicalLODOutliner' in 0.0036 seconds. Added 1 classes and 2 folders.
[2017.08.08-17.23.37:088][  0]LogLoad: (Engine Initialization) Total time: 122.70 seconds
[2017.08.08-17.23.37:088][  0]LogLoad: (Engine Initialization) Total Blueprint compile time: 0.69 seconds
[2017.08.08-17.23.37:088][  0]LogExternalProfiler: Found external profiler: VSPerf
[2017.08.08-17.23.37:088][  0]LogExternalProfiler: Using external profiler: VSPerf
[2017.08.08-17.23.37:107][  0]LogOcInput: OculusInput pre-init called
[2017.08.08-17.23.37:133][  0]LogContentStreaming: Texture pool size now 1000 MB
[2017.08.08-17.23.37:156][  0]LogTemp:Display: Finished compile of shader map 0x0000027C1F9D1600
[2017.08.08-17.23.37:156][  0]LogTemp:Display: Shader map Door_UI_10 complete, GameThreadShaderMap 0x0000027C1F9D1600, marking material Door_UI_10 as finished
[2017.08.08-17.23.37:156][  0]LogTemp:Display: Marking material as finished 0x0000027C21ED4700
[2017.08.08-17.23.37:161][  0]LogSlate: Took 0.000273 seconds to synchronously load lazily loaded font '../../../Engine/Content/Slate/Fonts/Roboto-Regular.ttf' (155K)
[2017.08.08-17.23.37:164][  0]LogSlate: Took 0.000294 seconds to synchronously load lazily loaded font '../../../Engine/Content/Slate/Fonts/Roboto-Bold.ttf' (160K)
[2017.08.08-17.23.37:264][  0]LogSlate: Took 0.091939 seconds to synchronously load lazily loaded font '../../../Engine/Content/Editor/Slate/Fonts/FontAwesome.ttf' (139K)
[2017.08.08-17.23.37:594][  0]LogSlate: Took 0.000296 seconds to synchronously load lazily loaded font '../../../Engine/Content/Slate/Fonts/Roboto-Light.ttf' (159K)
[2017.08.08-17.23.37:659][  0]LogRenderer: Reallocating scene render targets to support 972x432 NumSamples 1 (Frame:2).
[2017.08.08-17.23.37:932][  1]LogTemp:Display: Finished compile of shader map 0x0000027C82F7FC80
[2017.08.08-17.23.37:932][  1]LogTemp:Display: Shader map Hacking_UI_4 complete, GameThreadShaderMap 0x0000027C82F7FC80, marking material Hacking_UI_4 as finished
[2017.08.08-17.23.37:932][  1]LogTemp:Display: Marking material as finished 0x0000027C22AF1000
[2017.08.08-17.23.38:248][  3]LogAssetRegistry: Asset discovery search completed in 103.3454 seconds
[2017.08.08-17.23.38:249][  3]LogCollectionManager: Rebuilt the object cache for 0 collections in 0.000013 seconds (found 0 objects)
[2017.08.08-17.23.38:249][  3]LogCollectionManager: Fixed up redirectors for 0 collections in 0.000047 seconds (updated 0 objects)
[2017.08.08-17.23.39:993][ 66]LogTemp:Display: Finished compile of shader map 0x0000027CA5B77C80
[2017.08.08-17.23.39:993][ 66]LogTemp:Display: Shader map Panel_Material complete, GameThreadShaderMap 0x0000027CA5B77C80, marking material Panel_Material as finished
[2017.08.08-17.23.39:993][ 66]LogTemp:Display: Marking material as finished 0x0000027C22B30E80
[2017.08.08-17.23.43:082][116]LogTemp:Display: Finished compile of shader map 0x0000027CA1D3D280
[2017.08.08-17.23.43:083][116]LogTemp:Display: Shader map Door_UI_9 complete, GameThreadShaderMap 0x0000027CA1D3D280, marking material Door_UI_9 as finished
[2017.08.08-17.23.43:083][116]LogTemp:Display: Marking material as finished 0x0000027C22B33E80
[2017.08.08-17.23.45:755][124]LogTemp:Display: Finished compile of shader map 0x0000027CBC705600
[2017.08.08-17.23.45:755][124]LogTemp:Display: Shader map Door_UI_8 complete, GameThreadShaderMap 0x0000027CBC705600, marking material Door_UI_8 as finished
[2017.08.08-17.23.45:755][124]LogTemp:Display: Marking material as finished 0x0000027C22B3D480
[2017.08.08-17.26.07:801][420]LogSlate: Took 0.000355 seconds to synchronously load lazily loaded font '../../../Engine/Content/Slate/Fonts/Roboto-Light.ttf' (159K)
[2017.08.08-17.26.08:306][420]LogSlate: Took 0.000133 seconds to synchronously load lazily loaded font '../../../Engine/Content/Slate/Fonts/Roboto-Regular.ttf' (155K)
[2017.08.08-17.26.08:444][420]LogContentBrowser: Native class hierarchy updated for 'BlueprintGraph' in 0.0031 seconds. Added 112 classes and 0 folders.
[2017.08.08-17.26.09:238][420]LogSlate: Took 0.015565 seconds to synchronously load lazily loaded font '../../../Engine/Content/Editor/Slate/Fonts/Roboto-BoldCondensed.ttf' (158K)
[2017.08.08-17.26.09:612][421]LogSlate: Took 0.023187 seconds to synchronously load lazily loaded font '../../../Engine/Content/Editor/Slate/Fonts/Roboto-Italic.ttf' (157K)
[2017.08.08-17.26.11:556][529]LogRenderer: Reallocating scene render targets to support 972x540 NumSamples 1 (Frame:4135).
[2017.08.08-17.26.21:844][125]LogSlate: Took 0.000205 seconds to synchronously load lazily loaded font '../../../Engine/Content/Slate/Fonts/Roboto-Light.ttf' (159K)
[2017.08.08-17.26.26:919][428]BlueprintLog: New page: Compile EnemyChracter_BP
[2017.08.08-17.26.28:147][478]LogSavePackage: Save=43.00ms
[2017.08.08-17.26.28:147][478]LogSavePackage: Moving '../../../../../../Users/chong/OneDrive/Documents/GitHub/FYP_DumbTesting/Meeting/Saved/EnemyChracter_BP09E8C12C4352669A9583A9BBFD902FAF.tmp' to '../../../../../../Users/chong/OneDrive/Documents/GitHub/FYP_DumbTesting/Meeting/Content/Blueprint/AI/EnemyChracter_BP.uasset'
[2017.08.08-17.26.28:155][478]LogSavePackage:Display: Finished SavePackage ../../../../../../Users/chong/OneDrive/Documents/GitHub/FYP_DumbTesting/Meeting/Content/Blueprint/AI/EnemyChracter_BP.uasset
[2017.08.08-17.26.29:723][569]LogSavePackage: Save=33.64ms
[2017.08.08-17.26.29:724][569]LogSavePackage: Moving '../../../../../../Users/chong/OneDrive/Documents/GitHub/FYP_DumbTesting/Meeting/Saved/EnemyChracter_BP3C6543B343A6AE78D9632786F7CF79D1.tmp' to '../../../../../../Users/chong/OneDrive/Documents/GitHub/FYP_DumbTesting/Meeting/Content/Blueprint/AI/EnemyChracter_BP.uasset'
[2017.08.08-17.26.29:726][569]LogSavePackage:Display: Finished SavePackage ../../../../../../Users/chong/OneDrive/Documents/GitHub/FYP_DumbTesting/Meeting/Content/Blueprint/AI/EnemyChracter_BP.uasset
[2017.08.08-17.26.36:658][984]LogTemp: Repeting last play command: Selected Viewport
[2017.08.08-17.26.36:693][984]LogBlueprintUserMessages: Early PlayInEditor Detection: Level '/Game/ThirdPersonBP/Maps/MockUp_Map.MockUp_Map:PersistentLevel' has LevelScriptBlueprint '/Game/ThirdPersonBP/Maps/MockUp_Map.MockUp_Map:PersistentLevel.MockUp_Map' with GeneratedClass '/Game/ThirdPersonBP/Maps/MockUp_Map.MockUp_Map_C' with ClassGeneratedBy '/Game/ThirdPersonBP/Maps/MockUp_Map.MockUp_Map:PersistentLevel.MockUp_Map'
[2017.08.08-17.26.36:693][984]LogPlayLevel: PlayLevel: No blueprints needed recompiling
[2017.08.08-17.27.13:060][347]LogTemp: Repeting last play command: Selected Viewport
[2017.08.08-17.27.13:084][347]LogBlueprintUserMessages: Early PlayInEditor Detection: Level '/Game/ThirdPersonBP/Maps/MockUp_Map.MockUp_Map:PersistentLevel' has LevelScriptBlueprint '/Game/ThirdPersonBP/Maps/MockUp_Map.MockUp_Map:PersistentLevel.MockUp_Map' with GeneratedClass '/Game/ThirdPersonBP/Maps/MockUp_Map.MockUp_Map_C' with ClassGeneratedBy '/Game/ThirdPersonBP/Maps/MockUp_Map.MockUp_Map:PersistentLevel.MockUp_Map'
[2017.08.08-17.27.13:084][347]LogPlayLevel: PlayLevel: No blueprints needed recompiling
[2017.08.08-17.27.19:724][497]LogVSAccessor:Warning: Couldn't access Visual Studio
[2017.08.08-17.27.19:729][497]Recompiling Meeting...
[2017.08.08-17.27.19:730][497]Launching UnrealBuildTool... [C:/Program Files/Epic Games/UE_4.15/Engine/Binaries/DotNET/UnrealBuildTool.exe Meeting -ModuleWithSuffix Meeting 2746 Win64 Development -editorrecompile -canskiplink "C:/Users/chong/OneDrive/Documents/GitHub/FYP_DumbTesting/Meeting/Meeting.uproject" ]
[2017.08.08-17.27.19:733][497]Warning: Starting HotReload took  0.1s.
[2017.08.08-17.30.12:053][784]CompilerResultsLog: New page: Compilation - Aug 9, 2017, 9:30:12 AM
[2017.08.08-17.30.12:053][784]CompilerResultsLog: Info Compiling game modules for hot reload
[2017.08.08-17.30.12:053][784]CompilerResultsLog: Info Performing full C++ include scan (no include cache file)
[2017.08.08-17.30.12:053][784]CompilerResultsLog: Info Parsing headers for MeetingEditor
[2017.08.08-17.30.12:053][784]CompilerResultsLog: Info   Running UnrealHeaderTool "C:\Users\chong\OneDrive\Documents\GitHub\FYP_DumbTesting\Meeting\Meeting.uproject" "C:\Users\chong\OneDrive\Documents\GitHub\FYP_DumbTesting\Meeting\Intermediate\Build\Win64\MeetingEditor\Development\MeetingEditor.uhtmanifest" -LogCmds="loginit warning, logexit warning, logdatabase error" -Unattended -WarningsAsErrors -installed
[2017.08.08-17.30.12:053][784]CompilerResultsLog: Info Reflection code generated for MeetingEditor in 12.3874664 seconds
[2017.08.08-17.30.12:053][784]CompilerResultsLog: Info Performing 17 actions (4 in parallel)
[2017.08.08-17.30.12:053][784]CompilerResultsLog: Info PCH.Meeting.cpp
[2017.08.08-17.30.12:053][784]CompilerResultsLog: Info AI_Movement.cpp
[2017.08.08-17.30.12:053][784]CompilerResultsLog: Info BTService_CheckForPlayer.cpp
[2017.08.08-17.30.12:053][784]CompilerResultsLog: Info EnemyWeakspot.cpp
[2017.08.08-17.30.12:053][784]CompilerResultsLog: Info BTTask_MoveToPlayer.cpp
[2017.08.08-17.30.12:053][784]CompilerResultsLog: Info BTTask_UpdatePatrolPoint.cpp
[2017.08.08-17.30.12:053][784]CompilerResultsLog: Info BTTask_Patroling.cpp
[2017.08.08-17.30.12:053][784]CompilerResultsLog: Info EnemyCharacter.cpp
[2017.08.08-17.30.12:053][784]CompilerResultsLog: Info EnemyAI.cpp
[2017.08.08-17.30.12:053][784]CompilerResultsLog: Info MainPlayer.cpp
[2017.08.08-17.30.12:053][784]CompilerResultsLog: Info Meeting.cpp
[2017.08.08-17.30.12:053][784]CompilerResultsLog: Info MeetingGameModeBase.cpp
[2017.08.08-17.30.12:053][784]CompilerResultsLog: Info OpenDoor.cpp
[2017.08.08-17.30.12:053][784]CompilerResultsLog: Info PlayerShoot.cpp
[2017.08.08-17.30.12:053][784]CompilerResultsLog: Info Meeting.generated.cpp
[2017.08.08-17.30.12:053][784]CompilerResultsLog:Error: Error C:\Users\chong\OneDrive\Documents\GitHub\FYP_DumbTesting\Meeting\Source\Meeting\PlayerShoot.cpp(62) : warning C4996: 'UStaticMeshComponent::StaticMesh': Direct access to StaticMesh member is deprecated and will be made private soon. Please use SetStaticMesh and GetStaticMesh. Please update your code to the new API before upgrading to the next release, otherwise your project will no longer compile.
[2017.08.08-17.30.12:053][784]CompilerResultsLog:Error: Error C:\Program Files\Epic Games\UE_4.15\Engine\Source\Runtime\Engine\Classes\Components/StaticMeshComponent.h(179) : note: see declaration of 'UStaticMeshComponent::StaticMesh'
[2017.08.08-17.30.12:053][784]CompilerResultsLog: Info [16/17] Link UE4Editor-Meeting-2746.dll
[2017.08.08-17.30.12:053][784]CompilerResultsLog: Info [17/17] Link UE4Editor-Meeting-2746.lib
[2017.08.08-17.30.12:053][784]CompilerResultsLog: Info    Creating library C:\Users\chong\OneDrive\Documents\GitHub\FYP_DumbTesting\Meeting\Intermediate\Build\Win64\UE4Editor\Development\UE4Editor-Meeting-2746.lib and object C:\Users\chong\OneDrive\Documents\GitHub\FYP_DumbTesting\Meeting\Intermediate\Build\Win64\UE4Editor\Development\UE4Editor-Meeting-2746.exp
[2017.08.08-17.30.12:053][784]CompilerResultsLog: Info    Creating library C:\Users\chong\OneDrive\Documents\GitHub\FYP_DumbTesting\Meeting\Intermediate\Build\Win64\UE4Editor\Development\UE4Editor-Meeting-2746.suppressed.lib and object C:\Users\chong\OneDrive\Documents\GitHub\FYP_DumbTesting\Meeting\Intermediate\Build\Win64\UE4Editor\Development\UE4Editor-Meeting-2746.suppressed.exp
[2017.08.08-17.30.12:053][784]CompilerResultsLog: Info Total build time: 171.41 seconds (Local executor: 58.96 seconds)
[2017.08.08-17.30.12:061][784]LogMainFrame: MainFrame: Module compiling took 172.337 seconds
[2017.08.08-17.30.12:276][784]LogClass: Could not find existing class EnemyWeakspot in package /Script/Meeting for HotReload, assuming new class
[2017.08.08-17.30.12:293][784]LogContentBrowser: Native class hierarchy updated for 'Meeting' in 0.0038 seconds. Added 12 classes and 2 folders.
[2017.08.08-17.30.12:296][784]Display: HotReload successful (0 functions remapped  0 scriptstructs remapped)
[2017.08.08-17.30.12:675][784]LogContentBrowser: Native class hierarchy populated in 0.0118 seconds. Added 2259 classes and 459 folders.
[2017.08.08-17.30.12:681][784]Display: HotReload took 173.0s.
[2017.08.08-17.30.25:282][888]LogTemp: Repeting last play command: Selected Viewport
[2017.08.08-17.30.25:306][888]LogBlueprintUserMessages: Early PlayInEditor Detection: Level '/Game/ThirdPersonBP/Maps/MockUp_Map.MockUp_Map:PersistentLevel' has LevelScriptBlueprint '/Game/ThirdPersonBP/Maps/MockUp_Map.MockUp_Map:PersistentLevel.MockUp_Map' with GeneratedClass '/Game/ThirdPersonBP/Maps/MockUp_Map.MockUp_Map_C' with ClassGeneratedBy '/Game/ThirdPersonBP/Maps/MockUp_Map.MockUp_Map:PersistentLevel.MockUp_Map'
[2017.08.08-17.30.25:306][888]LogPlayLevel: PlayLevel: No blueprints needed recompiling
[2017.08.08-17.31.07:401][ 36]LogTemp: Repeting last play command: Selected Viewport
[2017.08.08-17.31.07:425][ 36]LogBlueprintUserMessages: Early PlayInEditor Detection: Level '/Game/ThirdPersonBP/Maps/MockUp_Map.MockUp_Map:PersistentLevel' has LevelScriptBlueprint '/Game/ThirdPersonBP/Maps/MockUp_Map.MockUp_Map:PersistentLevel.MockUp_Map' with GeneratedClass '/Game/ThirdPersonBP/Maps/MockUp_Map.MockUp_Map_C' with ClassGeneratedBy '/Game/ThirdPersonBP/Maps/MockUp_Map.MockUp_Map:PersistentLevel.MockUp_Map'
[2017.08.08-17.31.07:425][ 36]LogPlayLevel: PlayLevel: No blueprints needed recompiling
[2017.08.08-17.31.14:622][ 36]PIE: New page: PIE session: MockUp_Map (Aug 9, 2017, 9:31:14 AM)
[2017.08.08-17.31.14:648][ 36]LogPlayLevel: Creating play world package: /Game/ThirdPersonBP/Maps/UEDPIE_0_MockUp_Map
[2017.08.08-17.31.14:838][ 36]LogPlayLevel: PIE: StaticDuplicateObject took: (0.190895s)
[2017.08.08-17.31.14:849][ 36]LogAIModule: Creating AISystem for world MockUp_Map
[2017.08.08-17.31.14:849][ 36]LogPlayLevel: PIE: World Init took: (0.000712s)
[2017.08.08-17.31.14:861][ 36]LogPlayLevel: PIE: Created PIE world by copying editor world from /Game/ThirdPersonBP/Maps/MockUp_Map.MockUp_Map to /Game/ThirdPersonBP/Maps/UEDPIE_0_MockUp_Map.MockUp_Map (0.217938s)
[2017.08.08-17.31.14:912][ 36]LogInit: XAudio2 using 'Speakers (Realtek High Definition Audio)' : 8 channels at 48 kHz using 32 bits per sample (channel mask 0x63f)
[2017.08.08-17.31.14:956][ 36]LogInit: FAudioDevice initialized.
[2017.08.08-17.31.15:143][ 36]LogLoad: Game class is 'MeetingGameModeBase_BP_C'
[2017.08.08-17.31.15:271][ 36]LogWorld: Bringing World /Game/ThirdPersonBP/Maps/UEDPIE_0_MockUp_Map.MockUp_Map up for play (max tick rate 60) at 2017.08.09-01.31.15
[2017.08.08-17.31.15:414][ 36]LogWorld: Bringing up level for play took: 0.190687
[2017.08.08-17.31.15:571][ 36]LogContentBrowser: Native class hierarchy updated for 'MovieSceneCapture' in 0.0018 seconds. Added 11 classes and 0 folders.
[2017.08.08-17.31.15:677][ 36]PIE: Info Play in editor start time for /Game/ThirdPersonBP/Maps/UEDPIE_0_MockUp_Map 8.174
[2017.08.08-17.31.15:681][ 36]LogBlueprintUserMessages: Late PlayInEditor Detection: Level '/Game/ThirdPersonBP/Maps/MockUp_Map.MockUp_Map:PersistentLevel' has LevelScriptBlueprint '/Game/ThirdPersonBP/Maps/MockUp_Map.MockUp_Map:PersistentLevel.MockUp_Map' with GeneratedClass '/Game/ThirdPersonBP/Maps/MockUp_Map.MockUp_Map_C' with ClassGeneratedBy '/Game/ThirdPersonBP/Maps/MockUp_Map.MockUp_Map:PersistentLevel.MockUp_Map'
[2017.08.08-17.31.16:156][ 38]LogCharacterMovement: EnemyChracter_BP_77 is stuck and failed to move! Velocity: X=-86.45 Y=10.57 Z=0.00 Location: X=3946.34 Y=11414.27 Z=224.33 Normal: X=0.52 Y=-0.79 Z=-0.32 PenetrationDepth:6.912 Actor:EnemyWeakspot_BP_C_0 Component:StaticMeshComponent0 BoneName:None (0 other events since notify)
[2017.08.08-17.31.17:172][ 91]LogCharacterMovement: EnemyChracter_BP_77 is stuck and failed to move! Velocity: X=-33.46 Y=6.75 Z=0.00 Location: X=3978.94 Y=11363.07 Z=224.34 Normal: X=0.50 Y=-0.81 Z=-0.31 PenetrationDepth:12.912 Actor:EnemyWeakspot_BP_C_0 Component:StaticMeshComponent0 BoneName:None (26 other events since notify)
[2017.08.08-17.31.18:266][151]LogCharacterMovement: EnemyChracter_BP_77 is stuck and failed to move! Velocity: X=-33.46 Y=6.75 Z=0.00 Location: X=3978.94 Y=11363.07 Z=224.33 Normal: X=0.47 Y=-0.82 Z=-0.31 PenetrationDepth:13.016 Actor:EnemyWeakspot_BP_C_0 Component:StaticMeshComponent0 BoneName:None (18 other events since notify)
[2017.08.08-17.31.20:800][303]LogCharacterMovement: EnemyChracter_BP_77 is stuck and failed to move! Velocity: X=46.11 Y=19.60 Z=0.00 Location: X=3978.61 Y=11363.54 Z=224.33 Normal: X=-0.72 Y=0.64 Z=-0.27 PenetrationDepth:13.749 Actor:EnemyWeakspot_BP_C_0 Component:StaticMeshComponent0 BoneName:None (20 other events since notify)
[2017.08.08-17.31.21:833][365]LogCharacterMovement: EnemyChracter_BP_77 is stuck and failed to move! Velocity: X=33.78 Y=-4.92 Z=0.00 Location: X=3905.92 Y=11673.16 Z=226.39 Normal: X=-0.54 Y=0.84 Z=0.00 PenetrationDepth:4.789 Actor:EnemyWeakspot_BP_C_0 Component:StaticMeshComponent0 BoneName:None (28 other events since notify)
[2017.08.08-17.31.22:833][425]LogCharacterMovement: EnemyChracter_BP_77 is stuck and failed to move! Velocity: X=33.79 Y=-4.93 Z=0.00 Location: X=3906.41 Y=11673.15 Z=225.03 Normal: X=-0.47 Y=0.82 Z=-0.31 PenetrationDepth:13.444 Actor:EnemyWeakspot_BP_C_0 Component:StaticMeshComponent0 BoneName:None (31 other events since notify)
[2017.08.08-17.31.23:866][487]LogCharacterMovement: EnemyChracter_BP_77 is stuck and failed to move! Velocity: X=33.78 Y=-4.92 Z=0.00 Location: X=3906.55 Y=11672.97 Z=224.34 Normal: X=-0.49 Y=0.82 Z=-0.30 PenetrationDepth:13.377 Actor:EnemyWeakspot_BP_C_0 Component:StaticMeshComponent0 BoneName:None (29 other events since notify)
[2017.08.08-17.31.25:758][597]LogCharacterMovement: EnemyChracter_BP_77 is stuck and failed to move! Velocity: X=33.78 Y=-4.92 Z=0.00 Location: X=3906.55 Y=11672.97 Z=224.34 Normal: X=-0.49 Y=0.81 Z=-0.32 PenetrationDepth:12.527 Actor:EnemyWeakspot_BP_C_0 Component:StaticMeshComponent0 BoneName:None (25 other events since notify)
[2017.08.08-17.31.27:125][679]LogCharacterMovement: EnemyChracter_BP_77 is stuck and failed to move! Velocity: X=-495.25 Y=68.75 Z=0.00 Location: X=3939.78 Y=11366.74 Z=225.01 Normal: X=0.68 Y=-0.73 Z=-0.07 PenetrationDepth:2.550 Actor:EnemyWeakspot_BP_C_0 Component:StaticMeshComponent0 BoneName:None (40 other events since notify)
[2017.08.08-17.31.28:124][739]LogCharacterMovement: EnemyChracter_BP_77 is stuck and failed to move! Velocity: X=-67.62 Y=9.40 Z=0.00 Location: X=3939.60 Y=11366.63 Z=224.33 Normal: X=0.49 Y=-0.81 Z=-0.32 PenetrationDepth:12.641 Actor:EnemyWeakspot_BP_C_0 Component:StaticMeshComponent0 BoneName:None (17 other events since notify)
[2017.08.08-17.31.29:143][800]LogCharacterMovement: EnemyChracter_BP_77 is stuck and failed to move! Velocity: X=-33.84 Y=4.70 Z=0.00 Location: X=3939.59 Y=11366.63 Z=224.33 Normal: X=0.46 Y=-0.83 Z=-0.32 PenetrationDepth:13.480 Actor:EnemyWeakspot_BP_C_0 Component:StaticMeshComponent0 BoneName:None (12 other events since notify)
[2017.08.08-17.31.31:208][924]LogCharacterMovement: EnemyChracter_BP_77 is stuck and failed to move! Velocity: X=173.50 Y=156.70 Z=0.00 Location: X=3888.02 Y=11467.85 Z=224.29 Normal: X=-0.76 Y=0.55 Z=-0.35 PenetrationDepth:9.286 Actor:EnemyWeakspot_BP_C_0 Component:StaticMeshComponent0 BoneName:None (7 other events since notify)
[2017.08.08-17.31.32:241][986]LogCharacterMovement: EnemyChracter_BP_77 is stuck and failed to move! Velocity: X=52.80 Y=-4.26 Z=0.00 Location: X=3909.07 Y=11494.05 Z=224.28 Normal: X=-0.65 Y=0.69 Z=-0.30 PenetrationDepth:11.537 Actor:EnemyWeakspot_BP_C_0 Component:StaticMeshComponent0 BoneName:None (37 other events since notify)
[2017.08.08-17.31.33:242][ 46]LogCharacterMovement: EnemyChracter_BP_77 is stuck and failed to move! Velocity: X=331.03 Y=-374.73 Z=0.00 Location: X=3761.07 Y=11673.14 Z=224.34 Normal: X=-0.66 Y=0.74 Z=-0.14 PenetrationDepth:8.439 Actor:EnemyWeakspot_BP_C_0 Component:StaticMeshComponent0 BoneName:None (44 other events since notify)
[2017.08.08-17.31.34:246][103]LogCharacterMovement: EnemyChracter_BP_77 is stuck and failed to move! Velocity: X=331.15 Y=-374.62 Z=0.00 Location: X=3760.99 Y=11673.08 Z=224.28 Normal: X=-0.61 Y=0.76 Z=-0.22 PenetrationDepth:10.494 Actor:EnemyWeakspot_BP_C_0 Component:StaticMeshComponent0 BoneName:None (54 other events since notify)
[2017.08.08-17.31.35:348][166]LogCharacterMovement: EnemyChracter_BP_77 is stuck and failed to move! Velocity: X=331.52 Y=-374.30 Z=0.00 Location: X=3760.72 Y=11672.96 Z=224.29 Normal: X=-0.61 Y=0.77 Z=-0.17 PenetrationDepth:10.615 Actor:EnemyWeakspot_BP_C_0 Component:StaticMeshComponent0 BoneName:None (50 other events since notify)
[2017.08.08-17.31.36:352][213]LogCharacterMovement: EnemyChracter_BP_77 is stuck and failed to move! Velocity: X=-433.90 Y=-100.46 Z=0.00 Location: X=3778.06 Y=11630.06 Z=224.29 Normal: X=0.81 Y=-0.48 Z=-0.35 PenetrationDepth:10.355 Actor:EnemyWeakspot_BP_C_0 Component:StaticMeshComponent0 BoneName:None (39 other events since notify)
[2017.08.08-17.31.39:242][363]LogCharacterMovement: EnemyChracter_BP_77 is stuck and failed to move! Velocity: X=-44.48 Y=11.10 Z=0.00 Location: X=3737.90 Y=11323.08 Z=224.34 Normal: X=0.37 Y=-0.87 Z=-0.32 PenetrationDepth:13.397 Actor:EnemyWeakspot_BP_C_0 Component:StaticMeshComponent0 BoneName:None (12 other events since notify)
[2017.08.08-17.31.41:301][472]LogCharacterMovement: EnemyChracter_BP_77 is stuck and failed to move! Velocity: X=155.88 Y=149.14 Z=0.00 Location: X=3743.06 Y=11330.82 Z=224.27 Normal: X=-0.75 Y=0.62 Z=-0.23 PenetrationDepth:12.384 Actor:EnemyWeakspot_BP_C_0 Component:StaticMeshComponent0 BoneName:None (1 other events since notify)
[2017.08.08-17.31.42:312][527]LogCharacterMovement: EnemyChracter_BP_77 is stuck and failed to move! Velocity: X=405.33 Y=-292.76 Z=0.00 Location: X=3668.60 Y=11601.52 Z=224.28 Normal: X=-0.70 Y=0.69 Z=-0.20 PenetrationDepth:5.344 Actor:EnemyWeakspot_BP_C_0 Component:StaticMeshComponent0 BoneName:None (18 other events since notify)
[2017.08.08-17.31.43:380][576]LogCharacterMovement: EnemyChracter_BP_77 is stuck and failed to move! Velocity: X=34.14 Y=-28.21 Z=0.00 Location: X=3609.97 Y=11673.49 Z=224.35 Normal: X=-0.52 Y=0.79 Z=-0.32 PenetrationDepth:12.989 Actor:EnemyWeakspot_BP_C_0 Component:StaticMeshComponent0 BoneName:None (15 other events since notify)
[2017.08.08-17.31.44:399][620]LogCharacterMovement: EnemyChracter_BP_77 is stuck and failed to move! Velocity: X=35.93 Y=-29.68 Z=0.00 Location: X=3609.97 Y=11673.49 Z=224.35 Normal: X=-0.51 Y=0.80 Z=-0.31 PenetrationDepth:12.918 Actor:EnemyWeakspot_BP_C_0 Component:StaticMeshComponent0 BoneName:None (8 other events since notify)
[2017.08.08-17.31.46:340][698]LogCharacterMovement: EnemyChracter_BP_77 is stuck and failed to move! Velocity: X=-86.57 Y=-55.75 Z=0.00 Location: X=3610.46 Y=11671.38 Z=224.35 Normal: X=0.82 Y=-0.50 Z=-0.28 PenetrationDepth:13.158 Actor:EnemyWeakspot_BP_C_0 Component:StaticMeshComponent0 BoneName:None (9 other events since notify)
[2017.08.08-17.31.47:815][751]LogCharacterMovement: EnemyChracter_BP_77 is stuck and failed to move! Velocity: X=-54.07 Y=17.15 Z=0.00 Location: X=3567.73 Y=11321.93 Z=224.31 Normal: X=0.42 Y=-0.89 Z=-0.19 PenetrationDepth:8.167 Actor:EnemyWeakspot_BP_C_0 Component:StaticMeshComponent0 BoneName:None (11 other events since notify)
[2017.08.08-17.31.48:826][787]LogCharacterMovement: EnemyChracter_BP_77 is stuck and failed to move! Velocity: X=-49.89 Y=17.03 Z=0.00 Location: X=3567.49 Y=11321.86 Z=224.25 Normal: X=0.36 Y=-0.88 Z=-0.31 PenetrationDepth:12.553 Actor:EnemyWeakspot_BP_C_0 Component:StaticMeshComponent0 BoneName:None (18 other events since notify)
[2017.08.08-17.31.49:845][829]LogCharacterMovement: EnemyChracter_BP_77 is stuck and failed to move! Velocity: X=-40.08 Y=13.68 Z=0.00 Location: X=3567.49 Y=11321.86 Z=224.25 Normal: X=0.35 Y=-0.89 Z=-0.28 PenetrationDepth:12.757 Actor:EnemyWeakspot_BP_C_0 Component:StaticMeshComponent0 BoneName:None (25 other events since notify)
[2017.08.08-17.31.50:858][870]LogCharacterMovement: EnemyChracter_BP_77 is stuck and failed to move! Velocity: X=-52.10 Y=17.78 Z=0.00 Location: X=3567.48 Y=11321.86 Z=224.25 Normal: X=0.31 Y=-0.90 Z=-0.30 PenetrationDepth:13.105 Actor:EnemyWeakspot_BP_C_0 Component:StaticMeshComponent0 BoneName:None (22 other events since notify)
[2017.08.08-17.31.51:858][913]LogCharacterMovement: EnemyChracter_BP_77 is stuck and failed to move! Velocity: X=472.78 Y=162.73 Z=0.00 Location: X=3567.48 Y=11324.65 Z=224.29 Normal: X=-0.82 Y=0.55 Z=-0.14 PenetrationDepth:5.017 Actor:EnemyWeakspot_BP_C_0 Component:StaticMeshComponent0 BoneName:None (31 other events since notify)
[2017.08.08-17.31.52:960][963]LogCharacterMovement: EnemyChracter_BP_77 is stuck and failed to move! Velocity: X=434.52 Y=-247.37 Z=0.00 Location: X=3573.12 Y=11672.70 Z=224.30 Normal: X=-0.63 Y=0.73 Z=-0.27 PenetrationDepth:8.318 Actor:EnemyWeakspot_BP_C_0 Component:StaticMeshComponent0 BoneName:None (8 other events since notify)
[2017.08.08-17.31.53:989][  9]LogCharacterMovement: EnemyChracter_BP_77 is stuck and failed to move! Velocity: X=37.03 Y=-21.17 Z=0.00 Location: X=3573.36 Y=11673.43 Z=224.28 Normal: X=-0.50 Y=0.81 Z=-0.30 PenetrationDepth:12.923 Actor:EnemyWeakspot_BP_C_0 Component:StaticMeshComponent0 BoneName:None (33 other events since notify)
[2017.08.08-17.31.55:001][ 61]LogCharacterMovement: EnemyChracter_BP_77 is stuck and failed to move! Velocity: X=88.90 Y=-50.82 Z=0.00 Location: X=3573.36 Y=11673.43 Z=224.28 Normal: X=-0.56 Y=0.77 Z=-0.30 PenetrationDepth:10.898 Actor:EnemyWeakspot_BP_C_0 Component:StaticMeshComponent0 BoneName:None (41 other events since notify)
[2017.08.08-17.31.56:018][122]LogCharacterMovement: EnemyChracter_BP_77 is stuck and failed to move! Velocity: X=29.63 Y=-16.94 Z=0.00 Location: X=3573.36 Y=11673.43 Z=224.28 Normal: X=-0.54 Y=0.80 Z=-0.26 PenetrationDepth:12.741 Actor:EnemyWeakspot_BP_C_0 Component:StaticMeshComponent0 BoneName:None (51 other events since notify)
[2017.08.08-17.31.57:587][214]LogCharacterMovement: EnemyChracter_BP_77 is stuck and failed to move! Velocity: X=-474.29 Y=158.26 Z=0.00 Location: X=3574.93 Y=11323.00 Z=224.94 Normal: X=0.34 Y=-0.90 Z=-0.27 PenetrationDepth:6.539 Actor:EnemyWeakspot_BP_C_0 Component:StaticMeshComponent0 BoneName:None (42 other events since notify)
[2017.08.08-17.31.58:602][273]LogCharacterMovement: EnemyChracter_BP_77 is stuck and failed to move! Velocity: X=-32.37 Y=10.83 Z=0.00 Location: X=3574.05 Y=11322.87 Z=224.28 Normal: X=0.33 Y=-0.89 Z=-0.31 PenetrationDepth:12.557 Actor:EnemyWeakspot_BP_C_0 Component:StaticMeshComponent0 BoneName:None (12 other events since notify)
[2017.08.08-17.31.59:698][339]LogCharacterMovement: EnemyChracter_BP_77 is stuck and failed to move! Velocity: X=-32.49 Y=10.84 Z=0.00 Location: X=3574.03 Y=11322.86 Z=224.27 Normal: X=0.30 Y=-0.90 Z=-0.32 PenetrationDepth:13.477 Actor:EnemyWeakspot_BP_C_0 Component:StaticMeshComponent0 BoneName:None (10 other events since notify)
[2017.08.08-17.32.01:607][450]LogCharacterMovement: EnemyChracter_BP_77 is stuck and failed to move! Velocity: X=43.01 Y=29.73 Z=0.00 Location: X=3573.98 Y=11323.78 Z=224.23 Normal: X=-0.70 Y=0.65 Z=-0.30 PenetrationDepth:13.292 Actor:EnemyWeakspot_BP_C_0 Component:StaticMeshComponent0 BoneName:None (4 other events since notify)
[2017.08.08-17.32.02:934][529]LogCharacterMovement: EnemyChracter_BP_77 is stuck and failed to move! Velocity: X=458.47 Y=-199.51 Z=0.00 Location: X=3505.41 Y=11651.34 Z=225.99 Normal: X=-0.70 Y=0.71 Z=-0.02 PenetrationDepth:6.717 Actor:EnemyWeakspot_BP_C_0 Component:StaticMeshComponent0 BoneName:None (39 other events since notify)
[2017.08.08-17.32.03:953][590]LogCharacterMovement: EnemyChracter_BP_77 is stuck and failed to move! Velocity: X=31.29 Y=-13.65 Z=0.00 Location: X=3506.16 Y=11651.52 Z=224.34 Normal: X=-0.54 Y=0.78 Z=-0.32 PenetrationDepth:12.859 Actor:EnemyWeakspot_BP_C_0 Component:StaticMeshComponent0 BoneName:None (15 other events since notify)
[2017.08.08-17.32.04:967][651]LogCharacterMovement: EnemyChracter_BP_77 is stuck and failed to move! Velocity: X=31.29 Y=-13.65 Z=0.00 Location: X=3506.16 Y=11651.52 Z=224.34 Normal: X=-0.51 Y=0.80 Z=-0.31 PenetrationDepth:13.061 Actor:EnemyWeakspot_BP_C_0 Component:StaticMeshComponent0 BoneName:None (17 other events since notify)
[2017.08.08-17.32.06:668][753]LogCharacterMovement: EnemyChracter_BP_77 is stuck and failed to move! Velocity: X=-43.51 Y=-34.46 Z=0.00 Location: X=3506.53 Y=11650.88 Z=224.33 Normal: X=0.83 Y=-0.48 Z=-0.28 PenetrationDepth:13.197 Actor:EnemyWeakspot_BP_C_0 Component:StaticMeshComponent0 BoneName:None (11 other events since notify)
[2017.08.08-17.32.07:868][825]LogCharacterMovement: EnemyChracter_BP_77 is stuck and failed to move! Velocity: X=-474.87 Y=156.53 Z=0.00 Location: X=3579.94 Y=11323.31 Z=226.37 Normal: X=0.43 Y=-0.90 Z=-0.01 PenetrationDepth:3.787 Actor:EnemyWeakspot_BP_C_0 Component:StaticMeshComponent0 BoneName:None (28 other events since notify)
[2017.08.08-17.32.09:017][893]LogCharacterMovement: EnemyChracter_BP_77 is stuck and failed to move! Velocity: X=-38.85 Y=12.85 Z=0.00 Location: X=3579.04 Y=11323.08 Z=224.29 Normal: X=0.32 Y=-0.90 Z=-0.31 PenetrationDepth:13.563 Actor:EnemyWeakspot_BP_C_0 Component:StaticMeshComponent0 BoneName:None (34 other events since notify)
[2017.08.08-17.32.14:249][105]LogStats: FPlatformStackWalk::StackWalkAndDump -  1.296 s
[2017.08.08-17.32.14:250][105]LogOutputDevice:Error: === Handled ensure: ===
[2017.08.08-17.32.14:250][105]LogOutputDevice:Error: 
[2017.08.08-17.32.14:250][105]LogOutputDevice:Error: Ensure condition failed: ListenerTransformCopy.IsValid() [File:D:\Build\++UE4+Release-4.15+Compile\Sync\Engine\Source\Runtime\Engine\Private\AudioDevice.cpp] [Line: 2143]
[2017.08.08-17.32.14:250][105]LogOutputDevice:Error: Invalid listener transform provided to AudioDevice
[2017.08.08-17.32.14:250][105]LogOutputDevice:Error: Stack: 
[2017.08.08-17.32.14:250][105]LogOutputDevice:Error: UE4Editor-Core.dll!0x00000000AD3B95E6
[2017.08.08-17.32.14:250][105]LogOutputDevice:Error: UE4Editor-Core.dll!0x00000000AD169B82
[2017.08.08-17.32.14:250][105]LogOutputDevice:Error: UE4Editor-Core.dll!0x00000000AD17B666
[2017.08.08-17.32.14:250][105]LogOutputDevice:Error: UE4Editor-Engine.dll!0x00000000A6A71B6B
[2017.08.08-17.32.14:250][105]LogOutputDevice:Error: UE4Editor-UnrealEd.dll!0x00000000AB52793A
[2017.08.08-17.32.14:250][105]LogOutputDevice:Error: UE4Editor-UnrealEd.dll!0x00000000AB524873
[2017.08.08-17.32.14:250][105]LogOutputDevice:Error: UE4Editor-UnrealEd.dll!0x00000000AB1B197D
[2017.08.08-17.32.14:250][105]LogOutputDevice:Error: UE4Editor-Engine.dll!0x00000000A778A8DE
[2017.08.08-17.32.14:250][105]LogOutputDevice:Error: UE4Editor-UnrealEd.dll!0x00000000AB109315
[2017.08.08-17.32.14:250][105]LogOutputDevice:Error: UE4Editor-UnrealEd.dll!0x00000000AB1072F9
[2017.08.08-17.32.14:250][105]LogOutputDevice:Error: UE4Editor-UnrealEd.dll!0x00000000AB912196
[2017.08.08-17.32.14:250][105]LogOutputDevice:Error: UE4Editor.exe!0x0000000089AFDEE3
[2017.08.08-17.32.14:250][105]LogOutputDevice:Error: UE4Editor.exe!0x0000000089AEEB40
[2017.08.08-17.32.14:250][105]LogOutputDevice:Error: UE4Editor.exe!0x0000000089AEEBBA
[2017.08.08-17.32.14:250][105]LogOutputDevice:Error: UE4Editor.exe!0x0000000089B00A29
[2017.08.08-17.32.14:250][105]LogOutputDevice:Error: UE4Editor.exe!0x0000000089B022B6
[2017.08.08-17.32.14:250][105]LogOutputDevice:Error: KERNEL32.DLL!0x00000000EC0C2774
[2017.08.08-17.32.14:250][105]LogOutputDevice:Error: ntdll.dll!0x00000000EDB50D51
[2017.08.08-17.32.14:250][105]LogOutputDevice:Error: 
[2017.08.08-17.32.14:251][105]LogStats:                SubmitErrorReport -  0.000 s
