Log file open, 10/27/17 01:52:38
LogInit:Display: Running engine for game: Meeting
LogPlatformFile: Not using cached read wrapper
LogInit:Display: RandInit(-1728452288) SRandInit(-1728452287).
LogTaskGraph: Started task graph with 5 named threads and 8 total threads with 1 sets of task threads.
LogStats: Stats thread started at 0.083889
LogInit: Using libcurl 7.47.1
LogInit:  - built for x86_64-pc-win32
LogInit:  - supports SSL with OpenSSL/1.0.2g
LogInit:  - supports HTTP deflate (compression) using libz 1.2.8
LogInit:  - other features:
LogInit:      CURL_VERSION_SSL
LogInit:      CURL_VERSION_LIBZ
LogInit:      CURL_VERSION_IPV6
LogInit:      CURL_VERSION_ASYNCHDNS
LogInit:      CURL_VERSION_LARGEFILE
LogInit:      CURL_VERSION_IDN
LogInit:  CurlRequestOptions (configurable via config and command line):
LogInit:  - bVerifyPeer = false  - Libcurl will NOT verify peer certificate
LogInit:  - bUseHttpProxy = false  - Libcurl will NOT use HTTP proxy
LogInit:  - bDontReuseConnections = false  - Libcurl will reuse connections
LogInit:  - CertBundlePath = nullptr  - Libcurl will use whatever was configured at build time.
LogInit: Build: ++UE4+Release-4.15-CL-3450819
LogInit: Engine Version: 4.15.3-3450819+++UE4+Release-4.15
LogInit: Compatible Engine Version: 4.15.0-3299760+++UE4+Release-4.15
LogInit: Net CL: 3299760
LogDevObjectVersion: Number of dev versions registered: 14
LogDevObjectVersion:   Dev-Blueprints (B0D832E4-1F89-4F0D-ACCF-7EB736FD4AA2): 8
LogDevObjectVersion:   Dev-Build (E1C64328-A22C-4D53-A36C-8E866417BD8C): 0
LogDevObjectVersion:   Dev-Core (375EC13C-06E4-48FB-B500-84F0262A717E): 2
LogDevObjectVersion:   Dev-Editor (E4B068ED-F494-42E9-A231-DA0B2E46BB41): 14
LogDevObjectVersion:   Dev-Framework (CFFC743F-43B0-4480-9391-14DF171D2073): 22
LogDevObjectVersion:   Dev-Mobile (B02B49B5-BB20-44E9-A304-32B752E40360): 0
LogDevObjectVersion:   Dev-Networking (A4E4105C-59A1-49B5-A7C5-40C4547EDFEE): 0
LogDevObjectVersion:   Dev-Online (39C831C9-5AE6-47DC-9A44-9C173E1C8E7C): 0
LogDevObjectVersion:   Dev-Physics (78F01B33-EBEA-4F98-B9B4-84EACCB95AA2): 0
LogDevObjectVersion:   Dev-Platform (6631380F-2D4D-43E0-8009-CF276956A95A): 0
LogDevObjectVersion:   Dev-Rendering (12F88B9F-8875-4AFC-A67C-D90C383ABD29): 12
LogDevObjectVersion:   Dev-Sequencer (7B5AE74C-D270-4C10-A958-57980B212A5A): 3
LogDevObjectVersion:   Dev-VR (D7296918-1DD6-4BDD-9DE2-64A83CC13884): 0
LogDevObjectVersion:   Dev-LoadTimes (C2A15278-BFE7-4AFE-6C17-90FF531DF755): 1
LogInit: Compiled (64-bit): May 21 2017 11:02:34
LogInit: Compiled with Visual C++: 19.00.23026.00
LogInit: Build Configuration: Development
LogInit: Branch Name: ++UE4+Release-4.15
LogInit: Command line:  
LogInit: Base directory: C:/Program Files/Epic Games/UE_4.15/Engine/Binaries/Win64/
LogInit: Installed Engine Build: 1
LogInit: Presizing for max 8388607 objects, including 0 objects not considered by GC, pre-allocating 0 bytes for permanent pool.
LogInit: Object subsystem initialized
[2017.10.26-17.52.39:863][  0]LogInit: Selected Device Profile: [Windows]
[2017.10.26-17.52.39:863][  0]LogInit: Applying CVar settings loaded from the selected device profile: [Windows]
[2017.10.26-17.52.39:926][  0]LogInit: Computer: MSI
[2017.10.26-17.52.39:926][  0]LogInit: User: chong
[2017.10.26-17.52.39:926][  0]LogInit: CPU Page size=65536, Cores=4
[2017.10.26-17.52.39:926][  0]LogInit: High frequency timer resolution =2.531247 MHz
[2017.10.26-17.52.39:926][  0]LogMemory: Memory total: Physical=11.9GB (12GB approx)
[2017.10.26-17.52.39:926][  0]LogMemory: Platform Memory Stats for Windows
[2017.10.26-17.52.39:926][  0]LogMemory: Process Physical Memory: 272.89 MB used, 272.89 MB peak
[2017.10.26-17.52.39:926][  0]LogMemory: Process Virtual Memory: 267.58 MB used, 267.58 MB peak
[2017.10.26-17.52.39:926][  0]LogMemory: Physical Memory: 5527.83 MB used,  6670.77 MB free, 12198.60 MB total
[2017.10.26-17.52.39:926][  0]LogMemory: Virtual Memory: 650.23 MB used,  6670.77 MB free, 134217728.00 MB total
[2017.10.26-17.52.40:866][  0]LogTextLocalizationManager: No specific translations for ('en-MY') exist, so ('en') translations will be used.
[2017.10.26-17.52.47:501][  0]LogD3D11RHI: D3D11 adapters:
[2017.10.26-17.52.48:355][  0]LogD3D11RHI:    0. 'NVIDIA GeForce GTX 960M' (Feature Level 11_0)
[2017.10.26-17.52.48:355][  0]LogD3D11RHI:       2019/0/6099 MB DedicatedVideo/DedicatedSystem/SharedSystem, Outputs:1, VendorId:0x10de
[2017.10.26-17.52.48:362][  0]LogD3D11RHI:    1. 'Intel(R) HD Graphics 530' (Feature Level 11_0)
[2017.10.26-17.52.48:362][  0]LogD3D11RHI:       128/0/6099 MB DedicatedVideo/DedicatedSystem/SharedSystem, Outputs:0, VendorId:0x8086
[2017.10.26-17.52.48:363][  0]LogD3D11RHI:    2. 'Microsoft Basic Render Driver' (Feature Level 11_0)
[2017.10.26-17.52.48:363][  0]LogD3D11RHI:       0/0/6099 MB DedicatedVideo/DedicatedSystem/SharedSystem, Outputs:0, VendorId:0x1414
[2017.10.26-17.52.48:363][  0]LogD3D11RHI: Chosen D3D11 Adapter: 0
[2017.10.26-17.52.48:370][  0]LogD3D11RHI: Creating new Direct3DDevice
[2017.10.26-17.52.48:370][  0]LogD3D11RHI:     GPU DeviceId: 0x139b (for the marketing name, search the web for "GPU Device Id")
[2017.10.26-17.52.48:370][  0]LogWindows: EnumDisplayDevices:
[2017.10.26-17.52.48:370][  0]LogWindows:    0. 'Intel(R) HD Graphics 530' (P:1 D:1)
[2017.10.26-17.52.48:371][  0]LogWindows:    1. 'Intel(R) HD Graphics 530' (P:0 D:0)
[2017.10.26-17.52.48:371][  0]LogWindows:    2. 'Intel(R) HD Graphics 530' (P:0 D:0)
[2017.10.26-17.52.48:371][  0]LogWindows: DebugString: PrimaryIsNotTheChoosenAdapter PrimaryIsNotTheChoosenAdapter PrimaryIsNotTheChoosenAdapter FoundDriverCount:0 
[2017.10.26-17.52.48:371][  0]LogD3D11RHI:     Adapter Name: NVIDIA GeForce GTX 960M
[2017.10.26-17.52.48:371][  0]LogD3D11RHI:   Driver Version: Unknown (internal:Unknown, unified:Unknown)
[2017.10.26-17.52.48:371][  0]LogD3D11RHI:      Driver Date: Unknown
[2017.10.26-17.52.48:371][  0]LogRHI: Texture pool is 1361 MB (70% of 1945 MB)
[2017.10.26-17.52.48:401][  0]LogD3D11RHI: Async texture creation enabled
[2017.10.26-17.52.48:446][  0]LogD3D11RHI: GPU Timing Frequency: 1000.000000 (Debug: 2 1)
[2017.10.26-17.52.48:447][  0]LogShaderCompilers: Guid format shader working directory is -34 characters bigger than the processId version (../../../../../../Users/chong/OneDrive/Documents/GitHub/FYP_DumbTesting/Meeting/Intermediate/Shaders/WorkingDirectory/12376/).
[2017.10.26-17.52.48:447][  0]LogShaderCompilers: Cleaned the shader compiler working directory 'C:/Users/chong/AppData/Local/Temp/UnrealShaderWorkingDir/7403FF674B1EE354A77E6E9824E8F287/'.
[2017.10.26-17.52.48:447][  0]LogShaderCompilers:Display: Using Local Shader Compiler.
[2017.10.26-17.52.51:958][  0]LogTemp:Display: Loaded TP AllDesktopTargetPlatform
[2017.10.26-17.52.52:020][  0]LogTemp:Display: Loaded TP MacClientTargetPlatform
[2017.10.26-17.52.52:075][  0]LogTemp:Display: Loaded TP MacNoEditorTargetPlatform
[2017.10.26-17.52.52:132][  0]LogTemp:Display: Loaded TP MacServerTargetPlatform
[2017.10.26-17.52.52:234][  0]LogTemp:Display: Loaded TP MacTargetPlatform
[2017.10.26-17.52.52:291][  0]LogTemp:Display: Loaded TP WindowsClientTargetPlatform
[2017.10.26-17.52.52:352][  0]LogTemp:Display: Loaded TP WindowsNoEditorTargetPlatform
[2017.10.26-17.52.52:409][  0]LogTemp:Display: Loaded TP WindowsServerTargetPlatform
[2017.10.26-17.52.52:453][  0]LogTemp:Display: Loaded TP WindowsTargetPlatform
[2017.10.26-17.52.52:527][  0]LogTemp:Display: Loaded TP AndroidTargetPlatform
[2017.10.26-17.52.52:615][  0]LogTemp:Display: Loaded TP Android_ASTCTargetPlatform
[2017.10.26-17.52.52:680][  0]LogTemp:Display: Loaded TP Android_ATCTargetPlatform
[2017.10.26-17.52.52:737][  0]LogTemp:Display: Loaded TP Android_DXTTargetPlatform
[2017.10.26-17.52.52:796][  0]LogTemp:Display: Loaded TP Android_ETC1TargetPlatform
[2017.10.26-17.52.52:853][  0]LogTemp:Display: Loaded TP Android_ETC2TargetPlatform
[2017.10.26-17.52.52:978][  0]LogTemp:Display: Loaded TP Android_MultiTargetPlatform
[2017.10.26-17.52.52:978][  0]LogTemp:Display: Loaded TP Android_PVRTCTargetPlatform
[2017.10.26-17.52.53:024][  0]LogTemp:Display: Loaded TP HTML5TargetPlatform
[2017.10.26-17.52.53:175][  0]LogTemp:Display: Loaded TP IOSTargetPlatform
[2017.10.26-17.52.53:213][  0]LogTemp:Display: Loaded TP TVOSTargetPlatform
[2017.10.26-17.52.53:267][  0]LogTemp:Display: Loaded TP LinuxClientTargetPlatform
[2017.10.26-17.52.53:326][  0]LogTemp:Display: Loaded TP LinuxNoEditorTargetPlatform
[2017.10.26-17.52.53:380][  0]LogTemp:Display: Loaded TP LinuxServerTargetPlatform
[2017.10.26-17.52.53:445][  0]LogTemp:Display: Loaded TP LinuxTargetPlatform
[2017.10.26-17.52.53:445][  0]LogTargetPlatformManager:Display: Building Assets For Windows
[2017.10.26-17.52.54:151][  0]LogDerivedDataCache:Display: Max Cache Size: 512 MB
[2017.10.26-17.52.54:561][  0]LogDerivedDataCache: Loaded boot cache 0.41s 50MB C:/Users/chong/AppData/Local/UnrealEngine/4.15/DerivedDataCache/Boot.ddc.
[2017.10.26-17.52.54:561][  0]LogDerivedDataCache:Display: Loaded Boot cache: C:/Users/chong/AppData/Local/UnrealEngine/4.15/DerivedDataCache/Boot.ddc
[2017.10.26-17.52.54:561][  0]LogDerivedDataCache: FDerivedDataBackendGraph:  Pak pak cache file ../../../../../../Users/chong/OneDrive/Documents/GitHub/FYP_DumbTesting/Meeting/DerivedDataCache/DDC.ddp not found, will not use a pak cache.
[2017.10.26-17.52.54:561][  0]LogDerivedDataCache: Unable to find inner node Pak for hierarchical cache Hierarchy.
[2017.10.26-17.52.54:561][  0]LogDerivedDataCache: FDerivedDataBackendGraph:  CompressedPak pak cache file ../../../../../../Users/chong/OneDrive/Documents/GitHub/FYP_DumbTesting/Meeting/DerivedDataCache/Compressed.ddp not found, will not use a pak cache.
[2017.10.26-17.52.54:561][  0]LogDerivedDataCache: Unable to find inner node CompressedPak for hierarchical cache Hierarchy.
[2017.10.26-17.52.54:613][  0]LogDerivedDataCache:Display: Pak cache opened for reading ../../../Engine/DerivedDataCache/Compressed.ddp.
[2017.10.26-17.52.54:626][  0]LogDerivedDataCache: Using Local data cache path C:/Users/chong/AppData/Local/UnrealEngine/Common/DerivedDataCache: Writable
[2017.10.26-17.52.54:657][  0]LogSlate: Using Freetype 2.6.0
[2017.10.26-17.52.54:694][  0]LogSlate: SlateFontCache - WITH_FREETYPE: 1, WITH_HARFBUZZ: 1
[2017.10.26-17.52.54:694][  0]LogSlate: SlateFontCache - WITH_FREETYPE: 1, WITH_HARFBUZZ: 1
[2017.10.26-17.52.58:649][  0]LogInit: Selected Device Profile: [Windows]
[2017.10.26-17.52.58:653][  0]LogContentStreaming: Texture pool size is 0.00 MB
[2017.10.26-17.52.58:971][  0]LogMeshUtilities: Using QuadricMeshReduction for automatic static mesh reduction
[2017.10.26-17.52.59:033][  0]LogSimplygon: Simplygon DLL not present - disabling.
[2017.10.26-17.52.59:094][  0]LogMeshUtilities: Using SimplygonSwarm for distributed automatic mesh merging
[2017.10.26-17.52.59:094][  0]LogMeshUtilities: No automatic skeletal mesh reduction module available
[2017.10.26-17.52.59:094][  0]LogMeshUtilities: No automatic mesh merging module available
[2017.10.26-17.53.01:665][  0]LogNetVersion: GetLocalNetworkVersion: CL: 3299760, ProjectName: meeting, ProjectVersion: , EngineNetworkVersion: 2, GameNetworkVersion: 0, NetworkChecksum: 116300604
[2017.10.26-17.53.01:722][  0]LogAssetRegistry: FAssetRegistry took 0.0218 seconds to start up
[2017.10.26-17.53.01:787][  0]LogPackageLocalizationCache: Processed 3 localized package path(s) for 2 prioritized culture(s) in 0.042046 seconds
[2017.10.26-17.53.01:795][  0]LogUObjectArray: 32493 objects as part of root set at end of initial load.
[2017.10.26-17.53.01:795][  0]LogUObjectAllocator: 7077024 out of 0 bytes used by permanent object pool.
[2017.10.26-17.53.01:795][  0]LogUObjectArray: CloseDisregardForGC: 0/0 objects in disregard for GC pool
[2017.10.26-17.53.01:867][  0]LogInit: WinSock: version 1.1 (2.2), MaxSocks=32767, MaxUdp=65467
[2017.10.26-17.53.42:287][  0]LogTcpMessaging: Initializing TcpMessaging bridge
[2017.10.26-17.53.42:363][  0]LogUdpMessaging: Initializing bridge on interface 0.0.0.0:0 to multicast group 230.0.0.1:6666.
[2017.10.26-17.53.44:301][  0]LogMaterial: Uniform references updated for custom material expression Custom.
[2017.10.26-17.53.45:141][  0]SourceControl: Info Source control is disabled
[2017.10.26-17.53.45:142][  0]SourceControl: Info Source control is disabled
[2017.10.26-17.53.45:325][  0]SourceControl: Info Source control is disabled
[2017.10.26-17.53.45:429][  0]SourceControl: Info Source control is disabled
[2017.10.26-17.53.49:283][  0]LogEngine: Initializing Engine...
[2017.10.26-17.53.49:285][  0]LogHMD: Failed to initialize OpenVR with code 110
[2017.10.26-17.53.49:448][  0]LogStats: UGameplayTagsManager::ConstructGameplayTagTree: Construct from data asset -  0.000 s
[2017.10.26-17.53.49:449][  0]LogStats: UGameplayTagsManager::ConstructGameplayTagTree: GameplayTagTreeChangedEvent.Broadcast -  0.000 s
[2017.10.26-17.53.49:703][  0]LogAIModule: Creating AISystem for world Untitled
[2017.10.26-17.53.49:746][  0]LogInit: XAudio2 using 'Speakers (Realtek High Definition Audio)' : 8 channels at 48 kHz using 32 bits per sample (channel mask 0x63f)
[2017.10.26-17.53.49:796][  0]LogInit: FAudioDevice initialized.
[2017.10.26-17.53.49:825][  0]LogDerivedDataCache: Saved boot cache 0.03s 50MB C:/Users/chong/AppData/Local/UnrealEngine/4.15/DerivedDataCache/Boot.ddc.
[2017.10.26-17.53.49:919][  0]LogInit: Texture streaming: Enabled
[2017.10.26-17.53.50:373][  0]LogEngineSessionManager: EngineSessionManager initialized
[2017.10.26-17.53.50:811][  0]LogInit: Transaction tracking system initialized
[2017.10.26-17.53.52:164][  0]BlueprintLog: New page: Editor Load
[2017.10.26-17.53.54:463][  0]LocalizationService: Info Localization service is disabled
[2017.10.26-17.53.56:523][  0]LogConsoleResponse:Display: 
[2017.10.26-17.53.58:368][  0]LogCook:Display: Max memory allowance for cook 16384mb min free memory 0mb
[2017.10.26-17.53.58:368][  0]LogCook:Display: Mobile HDR setting 1
[2017.10.26-17.53.58:947][  0]LogFileCache: Scanning file cache for directory 'C:/Users/chong/OneDrive/Documents/GitHub/FYP_DumbTesting/Meeting/Content/' took 0.05s
[2017.10.26-17.54.02:778][  0]SourceControl: Info Source control is disabled
[2017.10.26-17.54.02:883][  0]Cmd: MAP LOAD FILE="../../../../../../Users/chong/OneDrive/Documents/GitHub/FYP_DumbTesting/Meeting/Content/ThirdPersonBP/Maps/MockUp_Map.umap" TEMPLATE=0 SHOWPROGRESS=1 FEATURELEVEL=3
[2017.10.26-17.54.02:921][  0]LightingResults: New page: Lighting Build
[2017.10.26-17.54.03:004][  0]MapCheck: New page: Map Check
[2017.10.26-17.54.03:004][  0]LightingResults: New page: Lighting Build
[2017.10.26-17.54.11:046][  0]LogLinker:Error: BPGC_ARCH_FOR_CDO_ExtraFunction_10 has an inappropriate outermost, it was probably saved with a deprecated outer (file: ../../../../../../Users/chong/OneDrive/Documents/GitHub/FYP_DumbTesting/Meeting/Content/Blueprint/AI/BehaviorTree/UpdateVisionRadius.uasset)
[2017.10.26-17.54.11:047][  0]LogLinker:Error: BPGC_ARCH_FOR_CDO_ExtraFunction_10 has an inappropriate outermost, it was probably saved with a deprecated outer (file: ../../../../../../Users/chong/OneDrive/Documents/GitHub/FYP_DumbTesting/Meeting/Content/Blueprint/AI/BehaviorTree/UpdateVisionRadius.uasset)
[2017.10.26-17.54.11:049][  0]LogLinker:Error: BPGC_ARCH_FOR_CDO_ExtraFunction_10 has an inappropriate outermost, it was probably saved with a deprecated outer (file: ../../../../../../Users/chong/OneDrive/Documents/GitHub/FYP_DumbTesting/Meeting/Content/Blueprint/AI/BehaviorTree/UpdateVisionRadius.uasset)
[2017.10.26-17.54.13:167][  0]LogBlueprint:Warning: [Compiler ThirdPersonCharacter] Warning InputAction Event references unknown Action 'ResetVR' for  InputAction ResetVR
[2017.10.26-17.54.13:167][  0]LogBlueprint:Warning: [Compiler ThirdPersonCharacter] Warning Input Axis Event references unknown Axis 'LookUpRate' for  InputAxis LookUpRate
[2017.10.26-17.54.13:168][  0]LogBlueprint:Warning: [Compiler ThirdPersonCharacter] Warning Input Axis Event references unknown Axis 'TurnRate' for  InputAxis TurnRate
[2017.10.26-17.54.13:168][  0]LogBlueprint:Warning: [Compiler ThirdPersonCharacter] Warning InputAction Event references unknown Action 'Jump' for  InputAction Jump
[2017.10.26-17.54.13:168][  0]LogBlueprint:Warning: [Compiler ThirdPersonCharacter] Warning Input Axis Event references unknown Axis 'LookUp' for  InputAxis LookUp
[2017.10.26-17.54.13:168][  0]LogBlueprint:Warning: [Compiler ThirdPersonCharacter] Warning Input Axis Event references unknown Axis 'Turn' for  InputAxis Turn
[2017.10.26-17.54.13:172][  0]LogBlueprint:Warning: [Compiler ThirdPersonCharacter] Warning [0098.04] Compile of ThirdPersonCharacter successful, but with 6 Warning(s) [in 11 ms] (/Game/ThirdPersonBP/Blueprints/ThirdPersonCharacter.ThirdPersonCharacter)
[2017.10.26-17.54.13:172][  0]LogBlueprint:Warning: [Compiler ThirdPersonCharacter] Warning [0098.04] Compile of ThirdPersonCharacter successful, but with 7 Warning(s) [in 0 ms] (/Game/ThirdPersonBP/Blueprints/ThirdPersonCharacter.ThirdPersonCharacter)
[2017.10.26-17.54.13:172][  0]LogBlueprint:Warning: [Compiler ThirdPersonCharacter] Warning [0098.04] Compile of ThirdPersonCharacter successful, but with 8 Warning(s) [in 0 ms] (/Game/ThirdPersonBP/Blueprints/ThirdPersonCharacter.ThirdPersonCharacter)
[2017.10.26-17.54.13:179][  0]LogBlueprint:Warning: [Compiler ThirdPersonCharacter] Warning InputAction Event references unknown Action 'ResetVR' for  InputAction ResetVR
[2017.10.26-17.54.13:179][  0]LogBlueprint:Warning: [Compiler ThirdPersonCharacter] Warning Input Axis Event references unknown Axis 'LookUpRate' for  InputAxis LookUpRate
[2017.10.26-17.54.13:179][  0]LogBlueprint:Warning: [Compiler ThirdPersonCharacter] Warning Input Axis Event references unknown Axis 'TurnRate' for  InputAxis TurnRate
[2017.10.26-17.54.13:179][  0]LogBlueprint:Warning: [Compiler ThirdPersonCharacter] Warning InputAction Event references unknown Action 'Jump' for  InputAction Jump
[2017.10.26-17.54.13:180][  0]LogBlueprint:Warning: [Compiler ThirdPersonCharacter] Warning Input Axis Event references unknown Axis 'LookUp' for  InputAxis LookUp
[2017.10.26-17.54.13:180][  0]LogBlueprint:Warning: [Compiler ThirdPersonCharacter] Warning Input Axis Event references unknown Axis 'Turn' for  InputAxis Turn
[2017.10.26-17.54.13:184][  0]LogBlueprint:Warning: [Compiler ThirdPersonCharacter] Warning [0098.05] Compile of ThirdPersonCharacter successful, but with 6 Warning(s) [in 9 ms] (/Game/ThirdPersonBP/Blueprints/ThirdPersonCharacter.ThirdPersonCharacter)
[2017.10.26-17.54.13:184][  0]LogBlueprint:Warning: [Compiler ThirdPersonCharacter] Warning [0098.05] Compile of ThirdPersonCharacter successful, but with 7 Warning(s) [in 0 ms] (/Game/ThirdPersonBP/Blueprints/ThirdPersonCharacter.ThirdPersonCharacter)
[2017.10.26-17.54.13:184][  0]LogBlueprint:Warning: [Compiler ThirdPersonCharacter] Warning [0098.05] Compile of ThirdPersonCharacter successful, but with 8 Warning(s) [in 0 ms] (/Game/ThirdPersonBP/Blueprints/ThirdPersonCharacter.ThirdPersonCharacter)
[2017.10.26-17.54.36:744][  0]LogAnimationCompression: Building Anim DDC data for AnimSequence /Game/Art/KiorCharacter/Anim/Kior_Inventory.Kior_Inventory
[2017.10.26-17.54.37:048][  0]LogAnimationCompression: Building Anim DDC data for AnimSequence /Game/Art/KiorCharacter/Anim/Kior_Idle.Kior_Idle
[2017.10.26-17.54.37:058][  0]LogAnimationCompression: Building Anim DDC data for AnimSequence /Game/Art/KiorCharacter/Anim/Kior_Hurt.Kior_Hurt
[2017.10.26-17.54.37:061][  0]LogAnimationCompression: Building Anim DDC data for AnimSequence /Game/Art/KiorCharacter/Anim/Kior_Death.Kior_Death
[2017.10.26-17.54.37:065][  0]LogAnimationCompression: Building Anim DDC data for AnimSequence /Game/Art/KiorCharacter/Anim/Kior_Aim_Right_Up.Kior_Aim_Right_Up
[2017.10.26-17.54.37:255][  0]LogAnimationCompression: Building Anim DDC data for AnimSequence /Game/Art/KiorCharacter/Anim/Kior_Aim_Right_Down.Kior_Aim_Right_Down
[2017.10.26-17.54.37:256][  0]LogAnimationCompression: Building Anim DDC data for AnimSequence /Game/Art/KiorCharacter/Anim/Kior_Aim_Right_Center.Kior_Aim_Right_Center
[2017.10.26-17.54.37:257][  0]LogAnimationCompression: Building Anim DDC data for AnimSequence /Game/Art/KiorCharacter/Anim/Kior_Aim_Left_Up.Kior_Aim_Left_Up
[2017.10.26-17.54.37:257][  0]LogAnimationCompression: Building Anim DDC data for AnimSequence /Game/Art/KiorCharacter/Anim/Kior_Aim_Left_Down.Kior_Aim_Left_Down
[2017.10.26-17.54.37:258][  0]LogAnimationCompression: Building Anim DDC data for AnimSequence /Game/Art/KiorCharacter/Anim/Kior_Aim_Left_Center.Kior_Aim_Left_Center
[2017.10.26-17.54.37:259][  0]LogAnimationCompression: Building Anim DDC data for AnimSequence /Game/Art/KiorCharacter/Anim/Kior_Aim_Center_Up.Kior_Aim_Center_Up
[2017.10.26-17.54.37:259][  0]LogAnimationCompression: Building Anim DDC data for AnimSequence /Game/Art/KiorCharacter/Anim/Kior_Aim_Center_Down.Kior_Aim_Center_Down
[2017.10.26-17.54.37:260][  0]LogAnimationCompression: Building Anim DDC data for AnimSequence /Game/Art/KiorCharacter/Anim/Kior_Aim_Center.Kior_Aim_Center
[2017.10.26-17.54.43:156][  0]LogAnimationCompression: Building Anim DDC data for AnimSequence /Game/Art/KiorCharacter/Anim/Kior_Walk_Right_Aim.Kior_Walk_Right_Aim
[2017.10.26-17.54.43:158][  0]LogAnimationCompression: Building Anim DDC data for AnimSequence /Game/Art/KiorCharacter/Anim/Kior_Walk_Left_Aim.Kior_Walk_Left_Aim
[2017.10.26-17.54.43:160][  0]LogAnimationCompression: Building Anim DDC data for AnimSequence /Game/Art/KiorCharacter/Anim/Kior_Walk_Forward_Aim.Kior_Walk_Forward_Aim
[2017.10.26-17.54.43:162][  0]LogAnimationCompression: Building Anim DDC data for AnimSequence /Game/Art/KiorCharacter/Anim/Kior_Walk_Backward_Aim.Kior_Walk_Backward_Aim
[2017.10.26-17.54.43:165][  0]LogAnimationCompression: Building Anim DDC data for AnimSequence /Game/Art/KiorCharacter/Anim/Kior_Walk_Right_NoAim.Kior_Walk_Right_NoAim
[2017.10.26-17.54.43:166][  0]LogAnimationCompression: Building Anim DDC data for AnimSequence /Game/Art/KiorCharacter/Anim/Kior_Walk_Left_NoAim.Kior_Walk_Left_NoAim
[2017.10.26-17.54.43:169][  0]LogAnimationCompression: Building Anim DDC data for AnimSequence /Game/Art/KiorCharacter/Anim/Kior_Walk_Forward_NoAim.Kior_Walk_Forward_NoAim
[2017.10.26-17.54.43:261][  0]LogAnimationCompression: Building Anim DDC data for AnimSequence /Game/Art/KiorCharacter/Anim/Kior_Walk_Backward_NoAim.Kior_Walk_Backward_NoAim
[2017.10.26-17.54.43:263][  0]LogAnimationCompression: Building Anim DDC data for AnimSequence /Game/Art/KiorCharacter/Anim/Kior_Run.Kior_Run
[2017.10.26-17.55.36:388][  0]LogAIModule: Creating AISystem for world MockUp_Map
[2017.10.26-17.55.39:036][  0]LogEditorServer: Finished looking for orphan Actors (0.000 secs)
[2017.10.26-17.55.39:349][  0]Cmd: MAP CHECKDEP NOCLEARLOG
[2017.10.26-17.55.39:610][  0]MapCheck: Info Map check complete: 0 Error(s), 0 Warning(s), took 260.824ms to complete.
[2017.10.26-17.55.39:610][  0]LogFileHelpers: Loading map 'MockUp_Map' took 96.727
[2017.10.26-17.55.44:018][  0]LogCollectionManager: Loaded 0 collections in 0.002124 seconds
[2017.10.26-17.55.44:343][  0]LogFileCache: Scanning file cache for directory 'C:/Users/chong/OneDrive/Documents/GitHub/FYP_DumbTesting/Meeting/Saved/Collections/' took 0.01s
[2017.10.26-17.55.44:343][  0]LogFileCache: Scanning file cache for directory 'C:/Users/chong/OneDrive/Documents/GitHub/FYP_DumbTesting/Meeting/Content/Developers/chong/Collections/' took 0.01s
[2017.10.26-17.55.44:343][  0]LogFileCache: Scanning file cache for directory 'C:/Users/chong/OneDrive/Documents/GitHub/FYP_DumbTesting/Meeting/Content/Collections/' took 0.01s
[2017.10.26-17.55.44:343][  0]LogCollectionManager: Rebuilt the GUID cache for 0 collections in 0.000002 seconds
[2017.10.26-17.55.44:443][  0]LogContentBrowser: Native class hierarchy populated in 0.0980 seconds. Added 2259 classes and 455 folders.
[2017.10.26-17.55.44:652][  0]LogContentBrowser: Native class hierarchy updated for 'WidgetCarousel' in 0.0026 seconds. Added 0 classes and 0 folders.
[2017.10.26-17.55.47:113][  0]LogContentBrowser: Native class hierarchy updated for 'AddContentDialog' in 0.0022 seconds. Added 0 classes and 0 folders.
[2017.10.26-17.55.47:364][  0]LogContentBrowser: Native class hierarchy updated for 'SceneOutliner' in 0.0027 seconds. Added 1 classes and 2 folders.
[2017.10.26-17.55.48:995][  0]LogCrashTracker: Crashtracker disabled due to settings.
[2017.10.26-17.55.49:625][  0]LogUObjectGlobals:Warning: Failed to find object 'Class None.'
[2017.10.26-17.55.49:996][  0]LogContentBrowser: Native class hierarchy updated for 'HierarchicalLODOutliner' in 0.0021 seconds. Added 1 classes and 2 folders.
[2017.10.26-17.55.49:996][  0]LogLoad: (Engine Initialization) Total time: 194.86 seconds
[2017.10.26-17.55.49:996][  0]LogLoad: (Engine Initialization) Total Blueprint compile time: 2.37 seconds
[2017.10.26-17.55.49:996][  0]LogExternalProfiler: Found external profiler: VSPerf
[2017.10.26-17.55.49:996][  0]LogExternalProfiler: Using external profiler: VSPerf
[2017.10.26-17.55.50:402][  0]LogOcInput: OculusInput pre-init called
[2017.10.26-17.55.50:766][  0]LogContentStreaming: Texture pool size now 400 MB
[2017.10.26-17.55.50:895][  0]LogSlate: Took 0.027297 seconds to synchronously load lazily loaded font '../../../Engine/Content/Slate/Fonts/Roboto-Regular.ttf' (155K)
[2017.10.26-17.55.50:937][  0]LogSlate: Took 0.027293 seconds to synchronously load lazily loaded font '../../../Engine/Content/Slate/Fonts/Roboto-Bold.ttf' (160K)
[2017.10.26-17.55.51:042][  0]LogSlate: Took 0.033539 seconds to synchronously load lazily loaded font '../../../Engine/Content/Editor/Slate/Fonts/FontAwesome.ttf' (139K)
[2017.10.26-17.55.51:081][  0]LogSlate: Took 0.038176 seconds to synchronously load lazily loaded font '../../../Engine/Content/Editor/Slate/Fonts/DroidSansMono.ttf' (77K)
[2017.10.26-17.55.52:801][  0]LogRenderer: Reallocating scene render targets to support 1004x432 NumSamples 1 (Frame:2).
[2017.10.26-17.55.54:407][  4]LogAssetRegistry: Asset discovery search completed in 172.7074 seconds
[2017.10.26-17.55.54:408][  4]LogCollectionManager: Rebuilt the object cache for 0 collections in 0.000004 seconds (found 0 objects)
[2017.10.26-17.55.54:417][  4]LogCollectionManager: Fixed up redirectors for 0 collections in 0.000098 seconds (updated 0 objects)
[2017.10.26-17.56.30:614][246]LogSlate: Took 0.016178 seconds to synchronously load lazily loaded font '../../../Engine/Content/Slate/Fonts/Roboto-Light.ttf' (159K)
[2017.10.26-17.56.32:343][306]LogSlate: Took 0.000167 seconds to synchronously load lazily loaded font '../../../Engine/Content/Slate/Fonts/Roboto-Light.ttf' (159K)
[2017.10.26-17.56.32:935][306]LogSlate: Took 0.000113 seconds to synchronously load lazily loaded font '../../../Engine/Content/Slate/Fonts/Roboto-Regular.ttf' (155K)
[2017.10.26-17.56.33:201][306]LogContentBrowser: Native class hierarchy updated for 'BlueprintGraph' in 0.0030 seconds. Added 112 classes and 0 folders.
[2017.10.26-17.56.34:755][306]LogSlate: Took 0.018293 seconds to synchronously load lazily loaded font '../../../Engine/Content/Editor/Slate/Fonts/Roboto-BoldCondensed.ttf' (158K)
[2017.10.26-17.56.35:391][307]LogSlate: Took 0.018977 seconds to synchronously load lazily loaded font '../../../Engine/Content/Editor/Slate/Fonts/Roboto-Italic.ttf' (157K)
[2017.10.26-17.56.51:757][180]BlueprintLog: New page: Compile EnemyAI_BP
[2017.10.26-17.56.52:300][180]BlueprintEditorCompileResults: Info No value will be returned by reference. Parameter 'UpdatedActors'. Node:  OnPerceptionUpdated (AIPerception)
[2017.10.26-17.56.53:031][210]Cmd: OBJ SAVEPACKAGE PACKAGE="/Game/Blueprint/AI/EnemyAI_BP" FILE="../../../../../../Users/chong/OneDrive/Documents/GitHub/FYP_DumbTesting/Meeting/Content/Blueprint/AI/EnemyAI_BP.uasset" SILENT=true
[2017.10.26-17.56.53:198][210]LogSavePackage: Save=134.56ms
[2017.10.26-17.56.53:198][210]LogSavePackage: Moving '../../../../../../Users/chong/OneDrive/Documents/GitHub/FYP_DumbTesting/Meeting/Saved/EnemyAI_BP38C6D55B4536AAB3A22B3EB73564993F.tmp' to '../../../../../../Users/chong/OneDrive/Documents/GitHub/FYP_DumbTesting/Meeting/Content/Blueprint/AI/EnemyAI_BP.uasset'
[2017.10.26-17.56.53:215][210]LogSavePackage:Display: Finished SavePackage ../../../../../../Users/chong/OneDrive/Documents/GitHub/FYP_DumbTesting/Meeting/Content/Blueprint/AI/EnemyAI_BP.uasset
[2017.10.26-17.57.37:887][624]LogSlate: Took 0.000118 seconds to synchronously load lazily loaded font '../../../Engine/Content/Slate/Fonts/Roboto-Light.ttf' (159K)
[2017.10.26-18.03.54:393][945]LogSavePackage: Save=8.33ms
[2017.10.26-18.03.54:393][945]LogSavePackage: Moving '../../../../../../Users/chong/OneDrive/Documents/GitHub/FYP_DumbTesting/Meeting/Saved/EnemyBB17F8B7434CA35B7B94E0B2BB4C9D1A54.tmp' to '../../../../../../Users/chong/OneDrive/Documents/GitHub/FYP_DumbTesting/Meeting/Content/Blueprint/AI/BehaviorTree/EnemyBB.uasset'
[2017.10.26-18.03.54:397][945]LogSavePackage:Display: Finished SavePackage ../../../../../../Users/chong/OneDrive/Documents/GitHub/FYP_DumbTesting/Meeting/Content/Blueprint/AI/BehaviorTree/EnemyBB.uasset
[2017.10.26-18.05.28:186][266]LogSlate: Took 0.012434 seconds to synchronously load lazily loaded font '../../../Engine/Content/Editor/Slate/Fonts/Roboto-BoldCondensedItalic.ttf' (160K)
[2017.10.26-18.07.51:976][444]BlueprintLog: New page: Compile ResetAttackRangeCD
[2017.10.26-18.07.52:739][458]LogSavePackage: Save=12.82ms
[2017.10.26-18.07.52:739][458]LogSavePackage: Moving '../../../../../../Users/chong/OneDrive/Documents/GitHub/FYP_DumbTesting/Meeting/Saved/ResetAttackRangeCD2CCD2FF04BA58781BB9CEEB14ABD2B76.tmp' to '../../../../../../Users/chong/OneDrive/Documents/GitHub/FYP_DumbTesting/Meeting/Content/Blueprint/AI/BehaviorTree/ResetAttackRangeCD.uasset'
[2017.10.26-18.07.52:745][458]LogSavePackage:Display: Finished SavePackage ../../../../../../Users/chong/OneDrive/Documents/GitHub/FYP_DumbTesting/Meeting/Content/Blueprint/AI/BehaviorTree/ResetAttackRangeCD.uasset
[2017.10.26-18.13.07:692][803]BlueprintLog: New page: Compile UpdateVisionRadius
[2017.10.26-18.13.09:706][811]LogSavePackage: Save=40.99ms
[2017.10.26-18.13.09:706][811]LogSavePackage: Moving '../../../../../../Users/chong/OneDrive/Documents/GitHub/FYP_DumbTesting/Meeting/Saved/UpdateVisionRadiusC23630224D94EFEBF1AC56BA660B88C6.tmp' to '../../../../../../Users/chong/OneDrive/Documents/GitHub/FYP_DumbTesting/Meeting/Content/Blueprint/AI/BehaviorTree/UpdateVisionRadius.uasset'
[2017.10.26-18.13.09:714][811]LogSavePackage:Display: Finished SavePackage ../../../../../../Users/chong/OneDrive/Documents/GitHub/FYP_DumbTesting/Meeting/Content/Blueprint/AI/BehaviorTree/UpdateVisionRadius.uasset
[2017.10.26-18.20.22:405][816]BlueprintLog: New page: Compile UpdateVisionRadius
[2017.10.26-18.20.23:746][838]LogSavePackage: Save=38.68ms
[2017.10.26-18.20.23:746][838]LogSavePackage: Moving '../../../../../../Users/chong/OneDrive/Documents/GitHub/FYP_DumbTesting/Meeting/Saved/UpdateVisionRadius683D74B5435224D251D0F09B4CF529E1.tmp' to '../../../../../../Users/chong/OneDrive/Documents/GitHub/FYP_DumbTesting/Meeting/Content/Blueprint/AI/BehaviorTree/UpdateVisionRadius.uasset'
[2017.10.26-18.20.23:749][838]LogSavePackage:Display: Finished SavePackage ../../../../../../Users/chong/OneDrive/Documents/GitHub/FYP_DumbTesting/Meeting/Content/Blueprint/AI/BehaviorTree/UpdateVisionRadius.uasset
[2017.10.26-18.21.14:388][923]LogSavePackage: Save=42.46ms
[2017.10.26-18.21.14:388][923]LogSavePackage: Moving '../../../../../../Users/chong/OneDrive/Documents/GitHub/FYP_DumbTesting/Meeting/Saved/EnemyBT4F6348204E7CE534615DB7BD4CF56FD9.tmp' to '../../../../../../Users/chong/OneDrive/Documents/GitHub/FYP_DumbTesting/Meeting/Content/Blueprint/AI/BehaviorTree/EnemyBT.uasset'
[2017.10.26-18.21.14:394][923]LogSavePackage:Display: Finished SavePackage ../../../../../../Users/chong/OneDrive/Documents/GitHub/FYP_DumbTesting/Meeting/Content/Blueprint/AI/BehaviorTree/EnemyBT.uasset
[2017.10.26-18.21.24:530][109]LogBlueprintUserMessages: Early PlayInEditor Detection: Level '/Game/ThirdPersonBP/Maps/MockUp_Map.MockUp_Map:PersistentLevel' has LevelScriptBlueprint '/Game/ThirdPersonBP/Maps/MockUp_Map.MockUp_Map:PersistentLevel.MockUp_Map' with GeneratedClass '/Game/ThirdPersonBP/Maps/MockUp_Map.MockUp_Map_C' with ClassGeneratedBy '/Game/ThirdPersonBP/Maps/MockUp_Map.MockUp_Map:PersistentLevel.MockUp_Map'
[2017.10.26-18.21.24:545][109]LogPlayLevel: PlayLevel: No blueprints needed recompiling
[2017.10.26-18.21.24:595][109]PIE: New page: PIE session: MockUp_Map (Oct 27, 2017, 10:21:24 AM)
[2017.10.26-18.21.24:608][109]LogPlayLevel: Creating play world package: /Game/ThirdPersonBP/Maps/UEDPIE_0_MockUp_Map
[2017.10.26-18.21.25:161][109]LogPlayLevel: PIE: StaticDuplicateObject took: (0.552610s)
[2017.10.26-18.21.25:162][109]LogAIModule: Creating AISystem for world MockUp_Map
[2017.10.26-18.21.25:162][109]LogPlayLevel: PIE: World Init took: (0.001104s)
[2017.10.26-18.21.25:164][109]LogPlayLevel: PIE: Created PIE world by copying editor world from /Game/ThirdPersonBP/Maps/MockUp_Map.MockUp_Map to /Game/ThirdPersonBP/Maps/UEDPIE_0_MockUp_Map.MockUp_Map (0.555816s)
[2017.10.26-18.21.25:232][109]LogInit: XAudio2 using 'Speakers (Realtek High Definition Audio)' : 8 channels at 48 kHz using 32 bits per sample (channel mask 0x63f)
[2017.10.26-18.21.25:272][109]LogInit: FAudioDevice initialized.
[2017.10.26-18.21.25:451][109]LogLoad: Game class is 'MeetingGameModeBase_BP_C'
[2017.10.26-18.21.25:580][109]LogWorld: Bringing World /Game/ThirdPersonBP/Maps/UEDPIE_0_MockUp_Map.MockUp_Map up for play (max tick rate 60) at 2017.10.27-02.21.25
[2017.10.26-18.21.25:685][109]LogWorld: Bringing up level for play took: 0.169191
[2017.10.26-18.21.25:826][109]LogContentBrowser: Native class hierarchy updated for 'MovieSceneCapture' in 0.0025 seconds. Added 11 classes and 0 folders.
[2017.10.26-18.21.26:001][109]PIE: Info Play in editor start time for /Game/ThirdPersonBP/Maps/UEDPIE_0_MockUp_Map 1.877
[2017.10.26-18.21.26:002][109]LogBlueprintUserMessages: Late PlayInEditor Detection: Level '/Game/ThirdPersonBP/Maps/MockUp_Map.MockUp_Map:PersistentLevel' has LevelScriptBlueprint '/Game/ThirdPersonBP/Maps/MockUp_Map.MockUp_Map:PersistentLevel.MockUp_Map' with GeneratedClass '/Game/ThirdPersonBP/Maps/MockUp_Map.MockUp_Map_C' with ClassGeneratedBy '/Game/ThirdPersonBP/Maps/MockUp_Map.MockUp_Map:PersistentLevel.MockUp_Map'
[2017.10.26-18.21.26:329][110]LogTemp:Warning: Auto Correct Lose Sight
[2017.10.26-18.21.26:330][110]LogTemp:Warning: Auto Correct Lose Sight
[2017.10.26-18.21.26:330][110]LogTemp:Warning: Auto Correct Lose Sight
[2017.10.26-18.21.26:330][110]LogTemp:Warning: Auto Correct Lose Sight
[2017.10.26-18.21.26:330][110]LogTemp:Warning: Auto Correct Lose Sight
[2017.10.26-18.21.26:330][110]LogTemp:Warning: Auto Correct Lose Sight
[2017.10.26-18.21.26:330][110]LogTemp:Warning: Auto Correct Lose Sight
[2017.10.26-18.21.26:330][110]LogTemp:Warning: Auto Correct Lose Sight
[2017.10.26-18.21.26:330][110]LogTemp:Warning: Auto Correct Lose Sight
[2017.10.26-18.21.26:330][110]LogTemp:Warning: Auto Correct Lose Sight
[2017.10.26-18.22.20:960][849]LogBlueprintUserMessages: Early EndPlayMap Detection: Level '/Game/ThirdPersonBP/Maps/MockUp_Map.MockUp_Map:PersistentLevel' has LevelScriptBlueprint '/Game/ThirdPersonBP/Maps/MockUp_Map.MockUp_Map:PersistentLevel.MockUp_Map' with GeneratedClass '/Game/ThirdPersonBP/Maps/MockUp_Map.MockUp_Map_C' with ClassGeneratedBy '/Game/ThirdPersonBP/Maps/MockUp_Map.MockUp_Map:PersistentLevel.MockUp_Map'
[2017.10.26-18.22.21:179][849]LogBlueprintUserMessages: Late EndPlayMap Detection: Level '/Game/ThirdPersonBP/Maps/MockUp_Map.MockUp_Map:PersistentLevel' has LevelScriptBlueprint '/Game/ThirdPersonBP/Maps/MockUp_Map.MockUp_Map:PersistentLevel.MockUp_Map' with GeneratedClass '/Game/ThirdPersonBP/Maps/MockUp_Map.MockUp_Map_C' with ClassGeneratedBy '/Game/ThirdPersonBP/Maps/MockUp_Map.MockUp_Map:PersistentLevel.MockUp_Map'
[2017.10.26-18.22.28:758][ 95]LogEditorViewport: Clicking on Actor (LMB): PlayerStart (PlayerStart)
[2017.10.26-18.22.52:316][ 22]LogEditorViewport: Clicking on Actor (LMB): PlayerStart (PlayerStart)
[2017.10.26-18.22.59:110][309]LogEditorViewport: Clicking on Actor (LMB): TargetPoint (TargetPoint)
[2017.10.26-18.23.32:933][923]LogEditorViewport: Clicking on Actor (LMB): SkyLight (SkyLight)
[2017.10.26-18.23.54:774][788]LogNavigationPoint: PostEditMove Clear paths rebuilt
[2017.10.26-18.24.00:121][ 84]LogNavigationPoint: PostEditMove Clear paths rebuilt
[2017.10.26-18.24.00:973][114]LogTemp: Repeting last play command: Selected Viewport
[2017.10.26-18.24.01:022][114]LogBlueprintUserMessages: Early PlayInEditor Detection: Level '/Game/ThirdPersonBP/Maps/MockUp_Map.MockUp_Map:PersistentLevel' has LevelScriptBlueprint '/Game/ThirdPersonBP/Maps/MockUp_Map.MockUp_Map:PersistentLevel.MockUp_Map' with GeneratedClass '/Game/ThirdPersonBP/Maps/MockUp_Map.MockUp_Map_C' with ClassGeneratedBy '/Game/ThirdPersonBP/Maps/MockUp_Map.MockUp_Map:PersistentLevel.MockUp_Map'
[2017.10.26-18.24.01:030][114]LogPlayLevel: PlayLevel: No blueprints needed recompiling
[2017.10.26-18.24.01:031][114]PIE: New page: PIE session: MockUp_Map (Oct 27, 2017, 10:24:01 AM)
[2017.10.26-18.24.01:031][114]LogPlayLevel: Creating play world package: /Game/ThirdPersonBP/Maps/UEDPIE_0_MockUp_Map
[2017.10.26-18.24.01:234][114]LogPlayLevel: PIE: StaticDuplicateObject took: (0.203307s)
[2017.10.26-18.24.01:235][114]LogAIModule: Creating AISystem for world MockUp_Map
[2017.10.26-18.24.01:236][114]LogPlayLevel: PIE: World Init took: (0.001124s)
[2017.10.26-18.24.01:238][114]LogPlayLevel: PIE: Created PIE world by copying editor world from /Game/ThirdPersonBP/Maps/MockUp_Map.MockUp_Map to /Game/ThirdPersonBP/Maps/UEDPIE_0_MockUp_Map.MockUp_Map (0.206649s)
[2017.10.26-18.24.01:267][114]LogInit: XAudio2 using 'Speakers (Realtek High Definition Audio)' : 8 channels at 48 kHz using 32 bits per sample (channel mask 0x63f)
[2017.10.26-18.24.01:307][114]LogInit: FAudioDevice initialized.
[2017.10.26-18.24.01:341][114]LogLoad: Game class is 'MeetingGameModeBase_BP_C'
[2017.10.26-18.24.01:407][114]LogWorld: Bringing World /Game/ThirdPersonBP/Maps/UEDPIE_0_MockUp_Map.MockUp_Map up for play (max tick rate 60) at 2017.10.27-02.24.01
[2017.10.26-18.24.01:430][114]LogWorld: Bringing up level for play took: 0.087540
[2017.10.26-18.24.01:484][114]PIE: Info Play in editor start time for /Game/ThirdPersonBP/Maps/UEDPIE_0_MockUp_Map 1.36
[2017.10.26-18.24.01:485][114]LogBlueprintUserMessages: Late PlayInEditor Detection: Level '/Game/ThirdPersonBP/Maps/MockUp_Map.MockUp_Map:PersistentLevel' has LevelScriptBlueprint '/Game/ThirdPersonBP/Maps/MockUp_Map.MockUp_Map:PersistentLevel.MockUp_Map' with GeneratedClass '/Game/ThirdPersonBP/Maps/MockUp_Map.MockUp_Map_C' with ClassGeneratedBy '/Game/ThirdPersonBP/Maps/MockUp_Map.MockUp_Map:PersistentLevel.MockUp_Map'
[2017.10.26-18.24.01:533][115]LogTemp:Warning: Auto Correct Lose Sight
[2017.10.26-18.24.01:533][115]LogTemp:Warning: Auto Correct Lose Sight
[2017.10.26-18.24.01:533][115]LogTemp:Warning: Auto Correct Lose Sight
[2017.10.26-18.24.01:533][115]LogTemp:Warning: Auto Correct Lose Sight
[2017.10.26-18.24.01:533][115]LogTemp:Warning: Auto Correct Lose Sight
[2017.10.26-18.24.01:533][115]LogTemp:Warning: Auto Correct Lose Sight
[2017.10.26-18.24.01:533][115]LogTemp:Warning: Auto Correct Lose Sight
[2017.10.26-18.24.01:533][115]LogTemp:Warning: Auto Correct Lose Sight
[2017.10.26-18.24.01:533][115]LogTemp:Warning: Auto Correct Lose Sight
[2017.10.26-18.24.01:533][115]LogTemp:Warning: Auto Correct Lose Sight
[2017.10.26-18.24.37:828][147]LogBlueprintUserMessages: [EnemyChracter_BP1] Right hit
[2017.10.26-18.24.40:895][319]LogTemp:Warning: Auto Correct Lose Sight
[2017.10.26-18.24.50:487][862]LogBlueprintUserMessages: [EnemyChracter_BP1] Right hit
[2017.10.26-18.24.51:121][894]LogTemp:Warning: Auto Correct Lose Sight
[2017.10.26-18.24.52:068][945]LogTemp:Warning: Auto Correct Lose Sight
[2017.10.26-18.25.02:290][511]LogTemp:Warning: Auto Correct Lose Sight
[2017.10.26-18.25.35:384][280]LogBlueprintUserMessages: Early EndPlayMap Detection: Level '/Game/ThirdPersonBP/Maps/MockUp_Map.MockUp_Map:PersistentLevel' has LevelScriptBlueprint '/Game/ThirdPersonBP/Maps/MockUp_Map.MockUp_Map:PersistentLevel.MockUp_Map' with GeneratedClass '/Game/ThirdPersonBP/Maps/MockUp_Map.MockUp_Map_C' with ClassGeneratedBy '/Game/ThirdPersonBP/Maps/MockUp_Map.MockUp_Map:PersistentLevel.MockUp_Map'
[2017.10.26-18.25.35:496][280]LogBlueprintUserMessages: Late EndPlayMap Detection: Level '/Game/ThirdPersonBP/Maps/MockUp_Map.MockUp_Map:PersistentLevel' has LevelScriptBlueprint '/Game/ThirdPersonBP/Maps/MockUp_Map.MockUp_Map:PersistentLevel.MockUp_Map' with GeneratedClass '/Game/ThirdPersonBP/Maps/MockUp_Map.MockUp_Map_C' with ClassGeneratedBy '/Game/ThirdPersonBP/Maps/MockUp_Map.MockUp_Map:PersistentLevel.MockUp_Map'
[2017.10.26-18.25.56:329][983]LogSavePackage: Save=27.20ms
[2017.10.26-18.25.56:329][983]LogSavePackage: Moving '../../../../../../Users/chong/OneDrive/Documents/GitHub/FYP_DumbTesting/Meeting/Saved/EnemyBTA1B6EBCB459B400B70033791272052A9.tmp' to '../../../../../../Users/chong/OneDrive/Documents/GitHub/FYP_DumbTesting/Meeting/Content/Blueprint/AI/BehaviorTree/EnemyBT.uasset'
[2017.10.26-18.25.56:333][983]LogSavePackage:Display: Finished SavePackage ../../../../../../Users/chong/OneDrive/Documents/GitHub/FYP_DumbTesting/Meeting/Content/Blueprint/AI/BehaviorTree/EnemyBT.uasset
[2017.10.26-18.26.05:354][131]LogTemp: Repeting last play command: Selected Viewport
[2017.10.26-18.26.05:399][131]LogBlueprintUserMessages: Early PlayInEditor Detection: Level '/Game/ThirdPersonBP/Maps/MockUp_Map.MockUp_Map:PersistentLevel' has LevelScriptBlueprint '/Game/ThirdPersonBP/Maps/MockUp_Map.MockUp_Map:PersistentLevel.MockUp_Map' with GeneratedClass '/Game/ThirdPersonBP/Maps/MockUp_Map.MockUp_Map_C' with ClassGeneratedBy '/Game/ThirdPersonBP/Maps/MockUp_Map.MockUp_Map:PersistentLevel.MockUp_Map'
[2017.10.26-18.26.05:410][131]LogPlayLevel: PlayLevel: No blueprints needed recompiling
[2017.10.26-18.26.05:410][131]PIE: New page: PIE session: MockUp_Map (Oct 27, 2017, 10:26:05 AM)
[2017.10.26-18.26.05:411][131]LogPlayLevel: Creating play world package: /Game/ThirdPersonBP/Maps/UEDPIE_0_MockUp_Map
[2017.10.26-18.26.05:617][131]LogPlayLevel: PIE: StaticDuplicateObject took: (0.205838s)
[2017.10.26-18.26.05:617][131]LogAIModule: Creating AISystem for world MockUp_Map
[2017.10.26-18.26.05:618][131]LogPlayLevel: PIE: World Init took: (0.000973s)
[2017.10.26-18.26.05:619][131]LogPlayLevel: PIE: Created PIE world by copying editor world from /Game/ThirdPersonBP/Maps/MockUp_Map.MockUp_Map to /Game/ThirdPersonBP/Maps/UEDPIE_0_MockUp_Map.MockUp_Map (0.208876s)
[2017.10.26-18.26.05:649][131]LogInit: XAudio2 using 'Speakers (Realtek High Definition Audio)' : 8 channels at 48 kHz using 32 bits per sample (channel mask 0x63f)
[2017.10.26-18.26.05:690][131]LogInit: FAudioDevice initialized.
[2017.10.26-18.26.05:724][131]LogLoad: Game class is 'MeetingGameModeBase_BP_C'
[2017.10.26-18.26.05:787][131]LogWorld: Bringing World /Game/ThirdPersonBP/Maps/UEDPIE_0_MockUp_Map.MockUp_Map up for play (max tick rate 60) at 2017.10.27-02.26.05
[2017.10.26-18.26.05:811][131]LogWorld: Bringing up level for play took: 0.085930
[2017.10.26-18.26.05:822][131]PIE: Info Play in editor start time for /Game/ThirdPersonBP/Maps/UEDPIE_0_MockUp_Map -0.302
[2017.10.26-18.26.05:823][131]LogBlueprintUserMessages: Late PlayInEditor Detection: Level '/Game/ThirdPersonBP/Maps/MockUp_Map.MockUp_Map:PersistentLevel' has LevelScriptBlueprint '/Game/ThirdPersonBP/Maps/MockUp_Map.MockUp_Map:PersistentLevel.MockUp_Map' with GeneratedClass '/Game/ThirdPersonBP/Maps/MockUp_Map.MockUp_Map_C' with ClassGeneratedBy '/Game/ThirdPersonBP/Maps/MockUp_Map.MockUp_Map:PersistentLevel.MockUp_Map'
[2017.10.26-18.26.05:857][132]LogTemp:Warning: Auto Correct Lose Sight
[2017.10.26-18.26.05:858][132]LogTemp:Warning: Auto Correct Lose Sight
[2017.10.26-18.26.05:858][132]LogTemp:Warning: Auto Correct Lose Sight
[2017.10.26-18.26.05:858][132]LogTemp:Warning: Auto Correct Lose Sight
[2017.10.26-18.26.05:858][132]LogTemp:Warning: Auto Correct Lose Sight
[2017.10.26-18.26.05:858][132]LogTemp:Warning: Auto Correct Lose Sight
[2017.10.26-18.26.05:858][132]LogTemp:Warning: Auto Correct Lose Sight
[2017.10.26-18.26.05:858][132]LogTemp:Warning: Auto Correct Lose Sight
[2017.10.26-18.26.05:858][132]LogTemp:Warning: Auto Correct Lose Sight
[2017.10.26-18.26.05:858][132]LogTemp:Warning: Auto Correct Lose Sight
[2017.10.26-18.26.32:503][468]LogTemp:Warning: Auto Correct Lose Sight
[2017.10.26-18.26.39:371][556]LogBlueprintUserMessages: [EnemyChracter_BP1] Right hit
[2017.10.26-18.26.42:805][600]LogTemp:Warning: Auto Correct Lose Sight
[2017.10.26-18.26.47:048][653]LogTemp:Warning: Auto Correct Lose Sight
[2017.10.26-18.26.57:306][785]LogTemp:Warning: Auto Correct Lose Sight
[2017.10.26-18.27.01:436][838]LogTemp:Warning: Auto Correct Lose Sight
[2017.10.26-18.27.11:671][969]LogTemp:Warning: Auto Correct Lose Sight
[2017.10.26-18.27.15:859][ 22]LogTemp:Warning: Auto Correct Lose Sight
[2017.10.26-18.27.26:139][154]LogTemp:Warning: Auto Correct Lose Sight
[2017.10.26-18.27.27:283][169]LogBlueprintUserMessages: [EnemyChracter_BP1] Right hit
[2017.10.26-18.27.30:311][208]LogTemp:Warning: Auto Correct Lose Sight
[2017.10.26-18.27.38:343][539]LogBlueprintUserMessages: Early EndPlayMap Detection: Level '/Game/ThirdPersonBP/Maps/MockUp_Map.MockUp_Map:PersistentLevel' has LevelScriptBlueprint '/Game/ThirdPersonBP/Maps/MockUp_Map.MockUp_Map:PersistentLevel.MockUp_Map' with GeneratedClass '/Game/ThirdPersonBP/Maps/MockUp_Map.MockUp_Map_C' with ClassGeneratedBy '/Game/ThirdPersonBP/Maps/MockUp_Map.MockUp_Map:PersistentLevel.MockUp_Map'
[2017.10.26-18.27.38:431][539]LogBlueprintUserMessages: Late EndPlayMap Detection: Level '/Game/ThirdPersonBP/Maps/MockUp_Map.MockUp_Map:PersistentLevel' has LevelScriptBlueprint '/Game/ThirdPersonBP/Maps/MockUp_Map.MockUp_Map:PersistentLevel.MockUp_Map' with GeneratedClass '/Game/ThirdPersonBP/Maps/MockUp_Map.MockUp_Map_C' with ClassGeneratedBy '/Game/ThirdPersonBP/Maps/MockUp_Map.MockUp_Map:PersistentLevel.MockUp_Map'
[2017.10.26-18.27.40:503][645]LogEditorViewport: Clicking on Actor (LMB): EnemyChracter_BP_C (EnemyChracter_BP1)
[2017.10.26-18.28.25:659][548]BlueprintLog: New page: Compile UpdateVisionRadius
[2017.10.26-18.28.27:261][589]LogSavePackage: Save=38.18ms
[2017.10.26-18.28.27:261][589]LogSavePackage: Moving '../../../../../../Users/chong/OneDrive/Documents/GitHub/FYP_DumbTesting/Meeting/Saved/UpdateVisionRadius53FEA86F43687DB7C1F1A6AF27D469EF.tmp' to '../../../../../../Users/chong/OneDrive/Documents/GitHub/FYP_DumbTesting/Meeting/Content/Blueprint/AI/BehaviorTree/UpdateVisionRadius.uasset'
[2017.10.26-18.28.27:266][589]LogSavePackage:Display: Finished SavePackage ../../../../../../Users/chong/OneDrive/Documents/GitHub/FYP_DumbTesting/Meeting/Content/Blueprint/AI/BehaviorTree/UpdateVisionRadius.uasset
[2017.10.26-18.29.14:148][ 56]LogTemp: Repeting last play command: Selected Viewport
[2017.10.26-18.29.14:189][ 56]LogBlueprintUserMessages: Early PlayInEditor Detection: Level '/Game/ThirdPersonBP/Maps/MockUp_Map.MockUp_Map:PersistentLevel' has LevelScriptBlueprint '/Game/ThirdPersonBP/Maps/MockUp_Map.MockUp_Map:PersistentLevel.MockUp_Map' with GeneratedClass '/Game/ThirdPersonBP/Maps/MockUp_Map.MockUp_Map_C' with ClassGeneratedBy '/Game/ThirdPersonBP/Maps/MockUp_Map.MockUp_Map:PersistentLevel.MockUp_Map'
[2017.10.26-18.29.14:200][ 56]LogPlayLevel: PlayLevel: No blueprints needed recompiling
[2017.10.26-18.29.14:200][ 56]PIE: New page: PIE session: MockUp_Map (Oct 27, 2017, 10:29:14 AM)
[2017.10.26-18.29.14:201][ 56]LogPlayLevel: Creating play world package: /Game/ThirdPersonBP/Maps/UEDPIE_0_MockUp_Map
[2017.10.26-18.29.14:404][ 56]LogPlayLevel: PIE: StaticDuplicateObject took: (0.202818s)
[2017.10.26-18.29.14:405][ 56]LogAIModule: Creating AISystem for world MockUp_Map
[2017.10.26-18.29.14:405][ 56]LogPlayLevel: PIE: World Init took: (0.000981s)
[2017.10.26-18.29.14:407][ 56]LogPlayLevel: PIE: Created PIE world by copying editor world from /Game/ThirdPersonBP/Maps/MockUp_Map.MockUp_Map to /Game/ThirdPersonBP/Maps/UEDPIE_0_MockUp_Map.MockUp_Map (0.205533s)
[2017.10.26-18.29.14:436][ 56]LogInit: XAudio2 using 'Speakers (Realtek High Definition Audio)' : 8 channels at 48 kHz using 32 bits per sample (channel mask 0x63f)
[2017.10.26-18.29.14:475][ 56]LogInit: FAudioDevice initialized.
[2017.10.26-18.29.14:509][ 56]LogLoad: Game class is 'MeetingGameModeBase_BP_C'
[2017.10.26-18.29.14:576][ 56]LogWorld: Bringing World /Game/ThirdPersonBP/Maps/UEDPIE_0_MockUp_Map.MockUp_Map up for play (max tick rate 60) at 2017.10.27-02.29.14
[2017.10.26-18.29.14:600][ 56]LogWorld: Bringing up level for play took: 0.089158
[2017.10.26-18.29.14:612][ 56]PIE: Info Play in editor start time for /Game/ThirdPersonBP/Maps/UEDPIE_0_MockUp_Map 0.489
[2017.10.26-18.29.14:614][ 56]LogBlueprintUserMessages: Late PlayInEditor Detection: Level '/Game/ThirdPersonBP/Maps/MockUp_Map.MockUp_Map:PersistentLevel' has LevelScriptBlueprint '/Game/ThirdPersonBP/Maps/MockUp_Map.MockUp_Map:PersistentLevel.MockUp_Map' with GeneratedClass '/Game/ThirdPersonBP/Maps/MockUp_Map.MockUp_Map_C' with ClassGeneratedBy '/Game/ThirdPersonBP/Maps/MockUp_Map.MockUp_Map:PersistentLevel.MockUp_Map'
[2017.10.26-18.29.14:657][ 57]LogTemp:Warning: Auto Correct Lose Sight
[2017.10.26-18.29.14:657][ 57]LogTemp:Warning: Auto Correct Lose Sight
[2017.10.26-18.29.14:657][ 57]LogTemp:Warning: Auto Correct Lose Sight
[2017.10.26-18.29.14:657][ 57]LogTemp:Warning: Auto Correct Lose Sight
[2017.10.26-18.29.14:657][ 57]LogTemp:Warning: Auto Correct Lose Sight
[2017.10.26-18.29.14:657][ 57]LogTemp:Warning: Auto Correct Lose Sight
[2017.10.26-18.29.14:657][ 57]LogTemp:Warning: Auto Correct Lose Sight
[2017.10.26-18.29.14:657][ 57]LogTemp:Warning: Auto Correct Lose Sight
[2017.10.26-18.29.14:657][ 57]LogTemp:Warning: Auto Correct Lose Sight
[2017.10.26-18.29.14:658][ 57]LogTemp:Warning: Auto Correct Lose Sight
[2017.10.26-18.29.45:765][257]LogBlueprintUserMessages: Early EndPlayMap Detection: Level '/Game/ThirdPersonBP/Maps/MockUp_Map.MockUp_Map:PersistentLevel' has LevelScriptBlueprint '/Game/ThirdPersonBP/Maps/MockUp_Map.MockUp_Map:PersistentLevel.MockUp_Map' with GeneratedClass '/Game/ThirdPersonBP/Maps/MockUp_Map.MockUp_Map_C' with ClassGeneratedBy '/Game/ThirdPersonBP/Maps/MockUp_Map.MockUp_Map:PersistentLevel.MockUp_Map'
[2017.10.26-18.29.45:948][257]LogBlueprintUserMessages: Late EndPlayMap Detection: Level '/Game/ThirdPersonBP/Maps/MockUp_Map.MockUp_Map:PersistentLevel' has LevelScriptBlueprint '/Game/ThirdPersonBP/Maps/MockUp_Map.MockUp_Map:PersistentLevel.MockUp_Map' with GeneratedClass '/Game/ThirdPersonBP/Maps/MockUp_Map.MockUp_Map_C' with ClassGeneratedBy '/Game/ThirdPersonBP/Maps/MockUp_Map.MockUp_Map:PersistentLevel.MockUp_Map'
[2017.10.26-18.30.08:901][283]LogSavePackage: Save=23.10ms
[2017.10.26-18.30.08:901][283]LogSavePackage: Moving '../../../../../../Users/chong/OneDrive/Documents/GitHub/FYP_DumbTesting/Meeting/Saved/EnemyBTE79F296D4D79D6E7E30CD8BF8BF61DF7.tmp' to '../../../../../../Users/chong/OneDrive/Documents/GitHub/FYP_DumbTesting/Meeting/Content/Blueprint/AI/BehaviorTree/EnemyBT.uasset'
[2017.10.26-18.30.08:905][283]LogSavePackage:Display: Finished SavePackage ../../../../../../Users/chong/OneDrive/Documents/GitHub/FYP_DumbTesting/Meeting/Content/Blueprint/AI/BehaviorTree/EnemyBT.uasset
[2017.10.26-18.30.20:080][794]LogTemp: Repeting last play command: Selected Viewport
[2017.10.26-18.30.20:124][794]LogBlueprintUserMessages: Early PlayInEditor Detection: Level '/Game/ThirdPersonBP/Maps/MockUp_Map.MockUp_Map:PersistentLevel' has LevelScriptBlueprint '/Game/ThirdPersonBP/Maps/MockUp_Map.MockUp_Map:PersistentLevel.MockUp_Map' with GeneratedClass '/Game/ThirdPersonBP/Maps/MockUp_Map.MockUp_Map_C' with ClassGeneratedBy '/Game/ThirdPersonBP/Maps/MockUp_Map.MockUp_Map:PersistentLevel.MockUp_Map'
[2017.10.26-18.30.20:133][794]LogPlayLevel: PlayLevel: No blueprints needed recompiling
[2017.10.26-18.30.20:133][794]PIE: New page: PIE session: MockUp_Map (Oct 27, 2017, 10:30:20 AM)
[2017.10.26-18.30.20:133][794]LogPlayLevel: Creating play world package: /Game/ThirdPersonBP/Maps/UEDPIE_0_MockUp_Map
[2017.10.26-18.30.20:327][794]LogPlayLevel: PIE: StaticDuplicateObject took: (0.194008s)
[2017.10.26-18.30.20:328][794]LogAIModule: Creating AISystem for world MockUp_Map
[2017.10.26-18.30.20:329][794]LogPlayLevel: PIE: World Init took: (0.000896s)
[2017.10.26-18.30.20:330][794]LogPlayLevel: PIE: Created PIE world by copying editor world from /Game/ThirdPersonBP/Maps/MockUp_Map.MockUp_Map to /Game/ThirdPersonBP/Maps/UEDPIE_0_MockUp_Map.MockUp_Map (0.197113s)
[2017.10.26-18.30.20:363][794]LogInit: XAudio2 using 'Speakers (Realtek High Definition Audio)' : 8 channels at 48 kHz using 32 bits per sample (channel mask 0x63f)
[2017.10.26-18.30.20:402][794]LogInit: FAudioDevice initialized.
[2017.10.26-18.30.20:433][794]LogLoad: Game class is 'MeetingGameModeBase_BP_C'
[2017.10.26-18.30.20:498][794]LogWorld: Bringing World /Game/ThirdPersonBP/Maps/UEDPIE_0_MockUp_Map.MockUp_Map up for play (max tick rate 60) at 2017.10.27-02.30.20
[2017.10.26-18.30.20:521][794]LogWorld: Bringing up level for play took: 0.086394
[2017.10.26-18.30.20:532][794]PIE: Info Play in editor start time for /Game/ThirdPersonBP/Maps/UEDPIE_0_MockUp_Map 0.408
[2017.10.26-18.30.20:533][794]LogBlueprintUserMessages: Late PlayInEditor Detection: Level '/Game/ThirdPersonBP/Maps/MockUp_Map.MockUp_Map:PersistentLevel' has LevelScriptBlueprint '/Game/ThirdPersonBP/Maps/MockUp_Map.MockUp_Map:PersistentLevel.MockUp_Map' with GeneratedClass '/Game/ThirdPersonBP/Maps/MockUp_Map.MockUp_Map_C' with ClassGeneratedBy '/Game/ThirdPersonBP/Maps/MockUp_Map.MockUp_Map:PersistentLevel.MockUp_Map'
[2017.10.26-18.30.20:582][795]LogTemp:Warning: Auto Correct Lose Sight
[2017.10.26-18.30.20:582][795]LogTemp:Warning: Auto Correct Lose Sight
[2017.10.26-18.30.20:583][795]LogTemp:Warning: Auto Correct Lose Sight
[2017.10.26-18.30.20:583][795]LogTemp:Warning: Auto Correct Lose Sight
[2017.10.26-18.30.20:583][795]LogTemp:Warning: Auto Correct Lose Sight
[2017.10.26-18.30.20:583][795]LogTemp:Warning: Auto Correct Lose Sight
[2017.10.26-18.30.20:583][795]LogTemp:Warning: Auto Correct Lose Sight
[2017.10.26-18.30.20:583][795]LogTemp:Warning: Auto Correct Lose Sight
[2017.10.26-18.30.20:583][795]LogTemp:Warning: Auto Correct Lose Sight
[2017.10.26-18.30.20:583][795]LogTemp:Warning: Auto Correct Lose Sight
[2017.10.26-18.30.30:154][152]LogBlueprintUserMessages: Early EndPlayMap Detection: Level '/Game/ThirdPersonBP/Maps/MockUp_Map.MockUp_Map:PersistentLevel' has LevelScriptBlueprint '/Game/ThirdPersonBP/Maps/MockUp_Map.MockUp_Map:PersistentLevel.MockUp_Map' with GeneratedClass '/Game/ThirdPersonBP/Maps/MockUp_Map.MockUp_Map_C' with ClassGeneratedBy '/Game/ThirdPersonBP/Maps/MockUp_Map.MockUp_Map:PersistentLevel.MockUp_Map'
[2017.10.26-18.30.30:286][152]LogBlueprintUserMessages: Late EndPlayMap Detection: Level '/Game/ThirdPersonBP/Maps/MockUp_Map.MockUp_Map:PersistentLevel' has LevelScriptBlueprint '/Game/ThirdPersonBP/Maps/MockUp_Map.MockUp_Map:PersistentLevel.MockUp_Map' with GeneratedClass '/Game/ThirdPersonBP/Maps/MockUp_Map.MockUp_Map_C' with ClassGeneratedBy '/Game/ThirdPersonBP/Maps/MockUp_Map.MockUp_Map:PersistentLevel.MockUp_Map'
[2017.10.26-18.30.32:676][254]LogEditorViewport: Clicking on Actor (context menu): StaticMeshActor (SM_Corridor_Wall_110)
[2017.10.26-18.30.35:411][289]LogTemp: Repeting last play command: Selected Viewport
[2017.10.26-18.30.35:452][289]LogBlueprintUserMessages: Early PlayInEditor Detection: Level '/Game/ThirdPersonBP/Maps/MockUp_Map.MockUp_Map:PersistentLevel' has LevelScriptBlueprint '/Game/ThirdPersonBP/Maps/MockUp_Map.MockUp_Map:PersistentLevel.MockUp_Map' with GeneratedClass '/Game/ThirdPersonBP/Maps/MockUp_Map.MockUp_Map_C' with ClassGeneratedBy '/Game/ThirdPersonBP/Maps/MockUp_Map.MockUp_Map:PersistentLevel.MockUp_Map'
[2017.10.26-18.30.35:461][289]LogPlayLevel: PlayLevel: No blueprints needed recompiling
[2017.10.26-18.30.35:461][289]PIE: New page: PIE session: MockUp_Map (Oct 27, 2017, 10:30:35 AM)
[2017.10.26-18.30.35:461][289]LogPlayLevel: Creating play world package: /Game/ThirdPersonBP/Maps/UEDPIE_0_MockUp_Map
[2017.10.26-18.30.35:662][289]LogPlayLevel: PIE: StaticDuplicateObject took: (0.200515s)
[2017.10.26-18.30.35:663][289]LogAIModule: Creating AISystem for world MockUp_Map
[2017.10.26-18.30.35:663][289]LogPlayLevel: PIE: World Init took: (0.000992s)
[2017.10.26-18.30.35:665][289]LogPlayLevel: PIE: Created PIE world by copying editor world from /Game/ThirdPersonBP/Maps/MockUp_Map.MockUp_Map to /Game/ThirdPersonBP/Maps/UEDPIE_0_MockUp_Map.MockUp_Map (0.203653s)
[2017.10.26-18.30.35:695][289]LogInit: XAudio2 using 'Speakers (Realtek High Definition Audio)' : 8 channels at 48 kHz using 32 bits per sample (channel mask 0x63f)
[2017.10.26-18.30.35:733][289]LogInit: FAudioDevice initialized.
[2017.10.26-18.30.35:768][289]LogLoad: Game class is 'MeetingGameModeBase_BP_C'
[2017.10.26-18.30.35:835][289]LogWorld: Bringing World /Game/ThirdPersonBP/Maps/UEDPIE_0_MockUp_Map.MockUp_Map up for play (max tick rate 60) at 2017.10.27-02.30.35
[2017.10.26-18.30.35:858][289]LogWorld: Bringing up level for play took: 0.089364
[2017.10.26-18.30.35:870][289]PIE: Info Play in editor start time for /Game/ThirdPersonBP/Maps/UEDPIE_0_MockUp_Map -0.254
[2017.10.26-18.30.35:871][289]LogBlueprintUserMessages: Late PlayInEditor Detection: Level '/Game/ThirdPersonBP/Maps/MockUp_Map.MockUp_Map:PersistentLevel' has LevelScriptBlueprint '/Game/ThirdPersonBP/Maps/MockUp_Map.MockUp_Map:PersistentLevel.MockUp_Map' with GeneratedClass '/Game/ThirdPersonBP/Maps/MockUp_Map.MockUp_Map_C' with ClassGeneratedBy '/Game/ThirdPersonBP/Maps/MockUp_Map.MockUp_Map:PersistentLevel.MockUp_Map'
[2017.10.26-18.30.35:915][290]LogTemp:Warning: Auto Correct Lose Sight
[2017.10.26-18.30.35:915][290]LogTemp:Warning: Auto Correct Lose Sight
[2017.10.26-18.30.35:915][290]LogTemp:Warning: Auto Correct Lose Sight
[2017.10.26-18.30.35:915][290]LogTemp:Warning: Auto Correct Lose Sight
[2017.10.26-18.30.35:915][290]LogTemp:Warning: Auto Correct Lose Sight
[2017.10.26-18.30.35:915][290]LogTemp:Warning: Auto Correct Lose Sight
[2017.10.26-18.30.35:915][290]LogTemp:Warning: Auto Correct Lose Sight
[2017.10.26-18.30.35:915][290]LogTemp:Warning: Auto Correct Lose Sight
[2017.10.26-18.30.35:915][290]LogTemp:Warning: Auto Correct Lose Sight
[2017.10.26-18.30.35:915][290]LogTemp:Warning: Auto Correct Lose Sight
[2017.10.26-18.30.57:837][183]LogBlueprintUserMessages: [EnemyChracter_BP1] Right hit
[2017.10.26-18.31.01:499][329]LogTemp:Warning: Auto Correct Lose Sight
[2017.10.26-18.31.05:322][484]LogBlueprintUserMessages: [EnemyChracter_BP1] Right hit
[2017.10.26-18.31.11:515][796]LogBlueprintUserMessages: [EnemyChracter_BP1] Right hit
[2017.10.26-18.31.13:817][921]LogBlueprintUserMessages: [EnemyChracter_BP1] Right hit
[2017.10.26-18.31.21:815][334]LogTemp:Warning: Auto Correct Lose Sight
[2017.10.26-18.31.24:611][448]LogBlueprintUserMessages: Early EndPlayMap Detection: Level '/Game/ThirdPersonBP/Maps/MockUp_Map.MockUp_Map:PersistentLevel' has LevelScriptBlueprint '/Game/ThirdPersonBP/Maps/MockUp_Map.MockUp_Map:PersistentLevel.MockUp_Map' with GeneratedClass '/Game/ThirdPersonBP/Maps/MockUp_Map.MockUp_Map_C' with ClassGeneratedBy '/Game/ThirdPersonBP/Maps/MockUp_Map.MockUp_Map:PersistentLevel.MockUp_Map'
[2017.10.26-18.31.24:733][448]LogBlueprintUserMessages: Late EndPlayMap Detection: Level '/Game/ThirdPersonBP/Maps/MockUp_Map.MockUp_Map:PersistentLevel' has LevelScriptBlueprint '/Game/ThirdPersonBP/Maps/MockUp_Map.MockUp_Map:PersistentLevel.MockUp_Map' with GeneratedClass '/Game/ThirdPersonBP/Maps/MockUp_Map.MockUp_Map_C' with ClassGeneratedBy '/Game/ThirdPersonBP/Maps/MockUp_Map.MockUp_Map:PersistentLevel.MockUp_Map'
[2017.10.26-18.31.39:273][225]LogEditorViewport: Clicking on Actor (LMB): PlayerStart (PlayerStart)
[2017.10.26-18.31.56:128][836]LogEditorViewport: Clicking on Actor (LMB): PlayerStart (PlayerStart)
[2017.10.26-18.32.04:870][236]Cmd: DELETE
[2017.10.26-18.32.04:870][236]Cmd: ACTOR DELETE
[2017.10.26-18.32.04:945][236]LogEditorActor: Deleted Actor: TargetPoint
[2017.10.26-18.32.04:970][236]LogEditorActor: Deleted 1 Actors (0.032 secs)
[2017.10.26-18.32.15:877][520]LogSavePackage: Save=3441.32ms
[2017.10.26-18.32.15:878][520]LogSavePackage: Moving '../../../../../../Users/chong/OneDrive/Documents/GitHub/FYP_DumbTesting/Meeting/Saved/MockUp_Map718D6A934811B6D4131A5D8B55B59C0B.tmp' to '../../../../../../Users/chong/OneDrive/Documents/GitHub/FYP_DumbTesting/Meeting/Content/ThirdPersonBP/Maps/MockUp_Map.umap'
[2017.10.26-18.32.15:886][520]LogSavePackage:Display: Finished SavePackage ../../../../../../Users/chong/OneDrive/Documents/GitHub/FYP_DumbTesting/Meeting/Content/ThirdPersonBP/Maps/MockUp_Map.umap
[2017.10.26-18.32.15:979][520]LogFileHelpers: Saving map 'MockUp_Map' took 3.764
[2017.10.26-18.32.23:113][821]Cmd: QUIT_EDITOR
[2017.10.26-18.32.23:330][821]LogWindowsTextInputMethodSystem:Display: IME system now deactivated.
[2017.10.26-18.32.23:377][821]LogExit: Preparing to exit.
[2017.10.26-18.32.24:462][821]LogDirectoryWatcher: A directory notification for 'C:/Users/chong/OneDrive/Documents/GitHub/FYP_DumbTesting/Meeting/Content/' was aborted.
[2017.10.26-18.32.24:867][821]LogExit: Editor shut down
[2017.10.26-18.32.24:869][821]LogExit: Transaction tracking system shut down
[2017.10.26-18.32.26:856][821]LogObj: Freed 0b from 0 cluster array pools.
[2017.10.26-18.32.26:857][821]LogExit: Object subsystem successfully closed.
[2017.10.26-18.32.26:972][821]LogD3D11RHI: Shutdown
[2017.10.26-18.32.26:972][821]LogD3D11RHI: CleanupD3DDevice
[2017.10.26-18.32.27:175][821]LogD3D11RHI: ~FD3D11DynamicRHI
[2017.10.26-18.32.27:476][821]LogModuleManager: Shutting down and abandoning module MovieSceneCapture (506)
[2017.10.26-18.32.27:476][821]LogModuleManager: Shutting down and abandoning module BlueprintGraph (504)
[2017.10.26-18.32.27:476][821]LogModuleManager: Shutting down and abandoning module BlueprintProfiler (502)
[2017.10.26-18.32.27:477][821]LogModuleManager: Shutting down and abandoning module HierarchicalLODOutliner (500)
[2017.10.26-18.32.27:477][821]LogModuleManager: Shutting down and abandoning module CrashTracker (498)
[2017.10.26-18.32.27:477][821]LogModuleManager: Shutting down and abandoning module SceneOutliner (496)
[2017.10.26-18.32.27:477][821]LogModuleManager: Shutting down and abandoning module AddContentDialog (494)
[2017.10.26-18.32.27:477][821]LogDirectoryWatcher: A directory notification for 'C:/Program Files/Epic Games/UE_4.15/FeaturePacks/' was aborted.
[2017.10.26-18.32.27:483][821]LogModuleManager: Shutting down and abandoning module WidgetCarousel (493)
[2017.10.26-18.32.27:483][821]LogModuleManager: Shutting down and abandoning module EditorWidgets (490)
[2017.10.26-18.32.27:483][821]LogModuleManager: Shutting down and abandoning module CollectionManager (488)
[2017.10.26-18.32.27:497][821]LogDirectoryWatcher: A directory notification for 'C:/Users/chong/OneDrive/Documents/GitHub/FYP_DumbTesting/Meeting/Content/Collections/' was aborted.
[2017.10.26-18.32.27:497][821]LogDirectoryWatcher: A directory notification for 'C:/Users/chong/OneDrive/Documents/GitHub/FYP_DumbTesting/Meeting/Content/Developers/chong/Collections/' was aborted.
[2017.10.26-18.32.27:497][821]LogDirectoryWatcher: A directory notification for 'C:/Users/chong/OneDrive/Documents/GitHub/FYP_DumbTesting/Meeting/Saved/Collections/' was aborted.
[2017.10.26-18.32.27:497][821]LogModuleManager: Shutting down and abandoning module StatsViewer (486)
[2017.10.26-18.32.27:507][821]LogModuleManager: Shutting down and abandoning module FoliageEdit (484)
[2017.10.26-18.32.27:507][821]LogModuleManager: Shutting down and abandoning module LandscapeEditor (482)
[2017.10.26-18.32.27:507][821]LogModuleManager: Shutting down and abandoning module SceneDepthPickerMode (480)
[2017.10.26-18.32.27:507][821]LogModuleManager: Shutting down and abandoning module ActorPickerMode (478)
[2017.10.26-18.32.27:507][821]LogModuleManager: Shutting down and abandoning module GeometryMode (476)
[2017.10.26-18.32.27:507][821]LogModuleManager: Shutting down and abandoning module TextureAlignMode (474)
[2017.10.26-18.32.27:507][821]LogModuleManager: Shutting down and abandoning module BspMode (472)
[2017.10.26-18.32.27:508][821]LogModuleManager: Shutting down and abandoning module HardwareSurvey (470)
[2017.10.26-18.32.27:508][821]LogModuleManager: Shutting down and abandoning module SequenceRecorderSections (468)
[2017.10.26-18.32.27:508][821]LogModuleManager: Shutting down and abandoning module AutomationWorker (466)
[2017.10.26-18.32.27:508][821]LogModuleManager: Shutting down and abandoning module MatineeToLevelSequence (464)
[2017.10.26-18.32.27:508][821]LogModuleManager: Shutting down and abandoning module LevelSequenceEditor (462)
[2017.10.26-18.32.27:539][821]LogModuleManager: Shutting down and abandoning module PlacementMode (461)
[2017.10.26-18.32.27:539][821]LogModuleManager: Shutting down and abandoning module WmfMediaFactory (458)
[2017.10.26-18.32.27:539][821]LogModuleManager: Shutting down and abandoning module WmfMediaEditor (456)
[2017.10.26-18.32.27:539][821]LogModuleManager: Shutting down and abandoning module MfMediaFactory (454)
[2017.10.26-18.32.27:539][821]LogModuleManager: Shutting down and abandoning module MfMediaEditor (452)
[2017.10.26-18.32.27:539][821]LogModuleManager: Shutting down and abandoning module AvfMediaFactory (450)
[2017.10.26-18.32.27:539][821]LogModuleManager: Shutting down and abandoning module AvfMediaEditor (448)
[2017.10.26-18.32.27:539][821]LogModuleManager: Shutting down and abandoning module AndroidMediaFactory (446)
[2017.10.26-18.32.27:540][821]LogModuleManager: Shutting down and abandoning module Media (445)
[2017.10.26-18.32.27:540][821]LogModuleManager: Shutting down and abandoning module AndroidMediaEditor (442)
[2017.10.26-18.32.27:540][821]LogModuleManager: Shutting down and abandoning module CharacterAI (440)
[2017.10.26-18.32.27:540][821]LogModuleManager: Shutting down and abandoning module AudioCapture (438)
[2017.10.26-18.32.27:540][821]LogModuleManager: Shutting down and abandoning module SequenceRecorder (437)
[2017.10.26-18.32.27:554][821]LogModuleManager: Shutting down and abandoning module SmartSnapping (434)
[2017.10.26-18.32.27:554][821]LogModuleManager: Shutting down and abandoning module SessionServices (432)
[2017.10.26-18.32.27:554][821]LogModuleManager: Shutting down and abandoning module ViewportSnapping (430)
[2017.10.26-18.32.27:554][821]LogModuleManager: Shutting down and abandoning module ViewportInteraction (428)
[2017.10.26-18.32.27:554][821]LogModuleManager: Shutting down and abandoning module LogVisualizer (426)
[2017.10.26-18.32.27:566][821]LogModuleManager: Shutting down and abandoning module IntroTutorials (424)
[2017.10.26-18.32.27:566][821]LogModuleManager: Shutting down and abandoning module GameProjectGeneration (423)
[2017.10.26-18.32.27:575][821]LogModuleManager: Shutting down and abandoning module EditorLiveStreaming (420)
[2017.10.26-18.32.27:575][821]LogModuleManager: Shutting down and abandoning module IOSPlatformEditor (418)
[2017.10.26-18.32.27:575][821]LogModuleManager: Shutting down and abandoning module HTML5PlatformEditor (416)
[2017.10.26-18.32.27:575][821]LogModuleManager: Shutting down and abandoning module AndroidPlatformEditor (414)
[2017.10.26-18.32.27:575][821]LogModuleManager: Shutting down and abandoning module AndroidDeviceDetection (413)
[2017.10.26-18.32.28:183][821]LogModuleManager: Shutting down and abandoning module IOSRuntimeSettings (410)
[2017.10.26-18.32.28:183][821]LogModuleManager: Shutting down and abandoning module AndroidRuntimeSettings (408)
[2017.10.26-18.32.28:183][821]LogModuleManager: Shutting down and abandoning module InputBindingEditor (406)
[2017.10.26-18.32.28:196][821]LogModuleManager: Shutting down and abandoning module NiagaraEditor (404)
[2017.10.26-18.32.28:251][821]LogModuleManager: Shutting down and abandoning module MergeActors (402)
[2017.10.26-18.32.28:257][821]LogModuleManager: Shutting down and abandoning module SizeMap (400)
[2017.10.26-18.32.28:280][821]LogModuleManager: Shutting down and abandoning module TreeMap (398)
[2017.10.26-18.32.28:289][821]LogModuleManager: Shutting down and abandoning module ReferenceViewer (396)
[2017.10.26-18.32.28:289][821]LogModuleManager: Shutting down and abandoning module LocalizationDashboard (394)
[2017.10.26-18.32.28:296][821]LogModuleManager: Shutting down and abandoning module LocalizationService (393)
[2017.10.26-18.32.28:299][821]LogModuleManager: Shutting down and abandoning module HardwareTargeting (390)
[2017.10.26-18.32.28:299][821]LogModuleManager: Shutting down and abandoning module DeviceProfileEditor (388)
[2017.10.26-18.32.28:306][821]LogModuleManager: Shutting down and abandoning module UndoHistory (386)
[2017.10.26-18.32.28:314][821]LogModuleManager: Shutting down and abandoning module UserFeedback (384)
[2017.10.26-18.32.28:314][821]LogModuleManager: Shutting down and abandoning module XmlParser (382)
[2017.10.26-18.32.28:315][821]LogModuleManager: Shutting down and abandoning module Blutility (380)
[2017.10.26-18.32.28:321][821]LogModuleManager: Shutting down and abandoning module ProjectSettingsViewer (378)
[2017.10.26-18.32.28:321][821]LogModuleManager: Shutting down and abandoning module ProjectTargetPlatformEditor (377)
[2017.10.26-18.32.28:321][821]LogModuleManager: Shutting down and abandoning module EditorSettingsViewer (374)
[2017.10.26-18.32.28:321][821]LogModuleManager: Shutting down and abandoning module SettingsEditor (372)
[2017.10.26-18.32.28:322][821]LogModuleManager: Shutting down and abandoning module ProjectLauncher (370)
[2017.10.26-18.32.28:333][821]LogModuleManager: Shutting down and abandoning module SessionFrontend (368)
[2017.10.26-18.32.28:353][821]LogModuleManager: Shutting down and abandoning module ProfilerClient (366)
[2017.10.26-18.32.28:363][821]LogModuleManager: Shutting down and abandoning module DeviceManager (364)
[2017.10.26-18.32.28:378][821]LogModuleManager: Shutting down and abandoning module TargetDeviceServices (363)
[2017.10.26-18.32.28:427][821]LogModuleManager: Shutting down and abandoning module AutomationController (360)
[2017.10.26-18.32.28:444][821]LogModuleManager: Shutting down and abandoning module AutomationWindow (358)
[2017.10.26-18.32.28:455][821]LogModuleManager: Shutting down and abandoning module Layers (356)
[2017.10.26-18.32.28:462][821]LogModuleManager: Shutting down and abandoning module ComponentVisualizers (354)
[2017.10.26-18.32.28:462][821]LogModuleManager: Shutting down and abandoning module DetailCustomizations (352)
[2017.10.26-18.32.28:462][821]LogModuleManager: Shutting down and abandoning module PackagesDialog (350)
[2017.10.26-18.32.28:462][821]LogModuleManager: Shutting down and abandoning module Persona (348)
[2017.10.26-18.32.28:488][821]LogModuleManager: Shutting down and abandoning module AnimGraph (347)
[2017.10.26-18.32.28:488][821]LogModuleManager: Shutting down and abandoning module Kismet (344)
[2017.10.26-18.32.28:501][821]LogModuleManager: Shutting down and abandoning module GraphEditor (342)
[2017.10.26-18.32.28:501][821]LogModuleManager: Shutting down and abandoning module ClassViewer (340)
[2017.10.26-18.32.28:503][821]LogModuleManager: Shutting down and abandoning module Toolbox (338)
[2017.10.26-18.32.28:503][821]LogModuleManager: Shutting down and abandoning module ModuleUI (336)
[2017.10.26-18.32.28:514][821]LogModuleManager: Shutting down and abandoning module MovieSceneTools (334)
[2017.10.26-18.32.28:527][821]LogModuleManager: Shutting down and abandoning module OutputLog (332)
[2017.10.26-18.32.28:527][821]LogModuleManager: Shutting down and abandoning module GammaUI (330)
[2017.10.26-18.32.28:533][821]LogModuleManager: Shutting down and abandoning module Documentation (328)
[2017.10.26-18.32.28:534][821]LogModuleManager: Shutting down and abandoning module Niagara (326)
[2017.10.26-18.32.28:534][821]LogModuleManager: Shutting down and abandoning module StreamingPauseRendering (324)
[2017.10.26-18.32.28:534][821]LogModuleManager: Shutting down and abandoning module AnalyticsET (322)
[2017.10.26-18.32.28:534][821]LogModuleManager: Shutting down and abandoning module PortalServices (320)
[2017.10.26-18.32.28:534][821]LogModuleManager: Shutting down and abandoning module PortalRpc (318)
[2017.10.26-18.32.28:534][821]LogModuleManager: Shutting down and abandoning module MessagingRpc (316)
[2017.10.26-18.32.28:534][821]LogModuleManager: Shutting down and abandoning module AIModule (314)
[2017.10.26-18.32.28:534][821]LogModuleManager: Shutting down and abandoning module GameplayDebugger (313)
[2017.10.26-18.32.28:534][821]LogModuleManager: Shutting down and abandoning module AITestSuite (311)
[2017.10.26-18.32.28:534][821]LogModuleManager: Shutting down and abandoning module ProfilerService (308)
[2017.10.26-18.32.28:767][821]LogModuleManager: Shutting down and abandoning module TaskGraph (306)
[2017.10.26-18.32.28:776][821]LogModuleManager: Shutting down and abandoning module SteamVRController (304)
[2017.10.26-18.32.28:776][821]LogModuleManager: Shutting down and abandoning module SteamVR (302)
[2017.10.26-18.32.28:776][821]LogModuleManager: Shutting down and abandoning module ProceduralMeshComponentEditor (300)
[2017.10.26-18.32.28:776][821]LogModuleManager: Shutting down and abandoning module ProceduralMeshComponent (298)
[2017.10.26-18.32.28:776][821]LogModuleManager: Shutting down and abandoning module OculusLibrary (296)
[2017.10.26-18.32.28:777][821]LogModuleManager: Shutting down and abandoning module OculusInput (294)
[2017.10.26-18.32.28:777][821]LogModuleManager: Shutting down and abandoning module MobilePatchingUtils (292)
[2017.10.26-18.32.28:777][821]LogModuleManager: Shutting down and abandoning module CustomMeshComponent (290)
[2017.10.26-18.32.28:777][821]LogModuleManager: Shutting down and abandoning module CableComponent (288)
[2017.10.26-18.32.28:777][821]LogModuleManager: Shutting down and abandoning module ArchVisCharacter (286)
[2017.10.26-18.32.28:777][821]LogModuleManager: Shutting down and abandoning module MediaPlayerEditor (282)
[2017.10.26-18.32.28:792][821]LogModuleManager: Shutting down and abandoning module HTML5Networking (280)
[2017.10.26-18.32.28:792][821]LogModuleManager: Shutting down and abandoning module AlembicImporter (278)
[2017.10.26-18.32.28:799][821]LogModuleManager: Shutting down and abandoning module AlembicLibrary (277)
[2017.10.26-18.32.28:799][821]LogModuleManager: Shutting down and abandoning module GeometryCache (276)
[2017.10.26-18.32.28:799][821]LogModuleManager: Shutting down and abandoning module GeometryCacheEd (275)
[2017.10.26-18.32.28:799][821]LogModuleManager: Shutting down and abandoning module SuperSearchEditor (270)
[2017.10.26-18.32.28:799][821]LogModuleManager: Shutting down and abandoning module SuperSearch (269)
[2017.10.26-18.32.28:799][821]LogModuleManager: Shutting down and abandoning module SpeedTreeImporter (266)
[2017.10.26-18.32.28:799][821]LogModuleManager: Shutting down and abandoning module PluginBrowser (264)
[2017.10.26-18.32.28:803][821]LogModuleManager: Shutting down and abandoning module MobileLauncherProfileWizard (262)
[2017.10.26-18.32.28:810][821]LogModuleManager: Shutting down and abandoning module EpicSurvey (260)
[2017.10.26-18.32.28:811][821]LogModuleManager: Shutting down and abandoning module VisualStudioSourceCodeAccess (258)
[2017.10.26-18.32.28:811][821]LogModuleManager: Shutting down and abandoning module DesktopPlatform (257)
[2017.10.26-18.32.28:820][821]LogModuleManager: Shutting down and abandoning module UObjectPlugin (254)
[2017.10.26-18.32.28:820][821]LogModuleManager: Shutting down and abandoning module SubversionSourceControl (252)
[2017.10.26-18.32.28:820][821]LogModuleManager: Shutting down and abandoning module PerforceSourceControl (250)
[2017.10.26-18.32.28:820][821]LogModuleManager: Shutting down and abandoning module GitSourceControl (248)
[2017.10.26-18.32.28:820][821]LogModuleManager: Shutting down and abandoning module SourceControl (247)
[2017.10.26-18.32.28:831][821]LogModuleManager: Shutting down and abandoning module LightPropagationVolumeEditor (244)
[2017.10.26-18.32.28:831][821]LogModuleManager: Shutting down and abandoning module PaperTiledImporter (242)
[2017.10.26-18.32.28:831][821]LogModuleManager: Shutting down and abandoning module PaperSpriteSheetImporter (240)
[2017.10.26-18.32.28:831][821]LogModuleManager: Shutting down and abandoning module Paper2DEditor (238)
[2017.10.26-18.32.28:842][821]LogModuleManager: Shutting down and abandoning module MeshPaint (237)
[2017.10.26-18.32.28:842][821]LogModuleManager: Shutting down and abandoning module LevelEditor (235)
[2017.10.26-18.32.28:843][821]LogModuleManager: Shutting down and abandoning module PixelInspectorModule (234)
[2017.10.26-18.32.28:843][821]LogModuleManager: Shutting down and abandoning module MainFrame (232)
[2017.10.26-18.32.28:844][821]LogModuleManager: Shutting down and abandoning module HotReload (231)
[2017.10.26-18.32.28:847][821]LogDirectoryWatcher: A directory notification for 'C:/Users/chong/OneDrive/Documents/GitHub/FYP_DumbTesting/Meeting/Binaries/Win64' was aborted.
[2017.10.26-18.32.28:847][821]LogModuleManager: Shutting down and abandoning module ContentBrowser (227)
[2017.10.26-18.32.28:849][821]LogModuleManager: Shutting down and abandoning module Meeting (224)
[2017.10.26-18.32.28:849][821]LogModuleManager: Shutting down and abandoning module PhysXVehiclesEditor (222)
[2017.10.26-18.32.28:858][821]LogModuleManager: Shutting down and abandoning module PhysXVehicles (220)
[2017.10.26-18.32.28:858][821]LogModuleManager: Shutting down and abandoning module LocationServicesBPLibrary (218)
[2017.10.26-18.32.28:858][821]LogModuleManager: Shutting down and abandoning module UdpMessaging (216)
[2017.10.26-18.32.28:958][821]LogModuleManager: Shutting down and abandoning module TcpMessaging (214)
[2017.10.26-18.32.29:059][821]LogModuleManager: Shutting down and abandoning module GameplayTagsEditor (212)
[2017.10.26-18.32.29:072][821]LogModuleManager: Shutting down and abandoning module FacialAnimationEditor (210)
[2017.10.26-18.32.29:078][821]LogModuleManager: Shutting down and abandoning module FacialAnimation (208)
[2017.10.26-18.32.29:078][821]LogModuleManager: Shutting down and abandoning module LightPropagationVolumeRuntime (206)
[2017.10.26-18.32.29:078][821]LogModuleManager: Shutting down and abandoning module Paper2D (204)
[2017.10.26-18.32.29:084][821]LogModuleManager: Shutting down and abandoning module WindowsMoviePlayer (202)
[2017.10.26-18.32.29:085][821]LogModuleManager: Shutting down and abandoning module WmfMedia (200)
[2017.10.26-18.32.29:085][821]LogModuleManager: Shutting down and abandoning module MfMedia (198)
[2017.10.26-18.32.29:085][821]LogModuleManager: Shutting down and abandoning module MediaAssets (196)
[2017.10.26-18.32.29:085][821]LogModuleManager: Shutting down and abandoning module GameLiveStreaming (194)
[2017.10.26-18.32.29:085][821]LogModuleManager: Shutting down and abandoning module VREditor (192)
[2017.10.26-18.32.29:090][821]LogModuleManager: Shutting down and abandoning module GameplayTasksEditor (190)
[2017.10.26-18.32.29:090][821]LogModuleManager: Shutting down and abandoning module BehaviorTreeEditor (188)
[2017.10.26-18.32.29:090][821]LogModuleManager: Shutting down and abandoning module FunctionalTesting (186)
[2017.10.26-18.32.29:090][821]LogModuleManager: Shutting down and abandoning module CollisionAnalyzer (184)
[2017.10.26-18.32.29:100][821]LogModuleManager: Shutting down and abandoning module UMG (182)
[2017.10.26-18.32.29:100][821]LogModuleManager: Shutting down and abandoning module UMGEditor (181)
[2017.10.26-18.32.29:107][821]LogModuleManager: Shutting down and abandoning module Sequencer (180)
[2017.10.26-18.32.29:125][821]LogModuleManager: Shutting down and abandoning module AssetTools (178)
[2017.10.26-18.32.29:134][821]LogModuleManager: Shutting down and abandoning module MessageLog (177)
[2017.10.26-18.32.29:135][821]LogModuleManager: Shutting down and abandoning module WorkspaceMenuStructure (176)
[2017.10.26-18.32.29:135][821]LogModuleManager: Shutting down and abandoning module SlateReflector (170)
[2017.10.26-18.32.29:196][821]LogModuleManager: Shutting down and abandoning module Slate (168)
[2017.10.26-18.32.29:196][821]LogModuleManager: Shutting down and abandoning module EditorStyle (166)
[2017.10.26-18.32.29:198][821]LogModuleManager: Shutting down and abandoning module SourceCodeAccess (164)
[2017.10.26-18.32.29:202][821]LogModuleManager: Shutting down and abandoning module HeadMountedDisplay (162)
[2017.10.26-18.32.29:202][821]LogModuleManager: Shutting down and abandoning module XAudio2 (160)
[2017.10.26-18.32.29:202][821]LogModuleManager: Shutting down and abandoning module Networking (158)
[2017.10.26-18.32.29:202][821]LogModuleManager: Shutting down and abandoning module Core (154)
[2017.10.26-18.32.29:202][821]LogModuleManager: Shutting down and abandoning module AssetRegistry (152)
[2017.10.26-18.32.29:406][821]LogDirectoryWatcher: A directory notification for '../../../Engine/Content/' was aborted.
[2017.10.26-18.32.29:406][821]LogDirectoryWatcher: A directory notification for '../../../../../../Users/chong/OneDrive/Documents/GitHub/FYP_DumbTesting/Meeting/Content/' was aborted.
[2017.10.26-18.32.29:406][821]LogDirectoryWatcher: A directory notification for '../../../Engine/Plugins/2D/Paper2D/Content/' was aborted.
[2017.10.26-18.32.29:407][821]LogModuleManager: Shutting down and abandoning module DirectoryWatcher (151)
[2017.10.26-18.32.29:412][821]LogModuleManager: Shutting down and abandoning module KismetCompiler (148)
[2017.10.26-18.32.29:412][821]LogModuleManager: Shutting down and abandoning module PhysXFormats (146)
[2017.10.26-18.32.29:412][821]LogModuleManager: Shutting down and abandoning module MeshUtilities (144)
[2017.10.26-18.32.29:412][821]LogModuleManager: Shutting down and abandoning module SimplygonSwarm (143)
[2017.10.26-18.32.29:417][821]LogModuleManager: Shutting down and abandoning module SimplygonMeshReduction (141)
[2017.10.26-18.32.29:417][821]LogModuleManager: Shutting down and abandoning module QuadricMeshReduction (139)
[2017.10.26-18.32.29:422][821]LogModuleManager: Shutting down and abandoning module PropertyEditor (137)
[2017.10.26-18.32.29:422][821]LogModuleManager: Shutting down and abandoning module DerivedDataCache (134)
[2017.10.26-18.32.29:438][821]LogDerivedDataCache: Shutdown
[2017.10.26-18.32.29:438][821]LogModuleManager: Shutting down and abandoning module TargetPlatform (132)
[2017.10.26-18.32.29:439][821]LogModuleManager: Shutting down and abandoning module VulkanShaderFormat (131)
[2017.10.26-18.32.29:444][821]LogModuleManager: Shutting down and abandoning module ShaderFormatOpenGL (129)
[2017.10.26-18.32.29:450][821]LogModuleManager: Shutting down and abandoning module ShaderFormatD3D (127)
[2017.10.26-18.32.29:459][821]LogModuleManager: Shutting down and abandoning module MetalShaderFormat (125)
[2017.10.26-18.32.29:465][821]LogModuleManager: Shutting down and abandoning module TextureFormatUncompressed (123)
[2017.10.26-18.32.29:465][821]LogModuleManager: Shutting down and abandoning module TextureFormatPVR (121)
[2017.10.26-18.32.29:465][821]LogModuleManager: Shutting down and abandoning module TextureFormatDXT (119)
[2017.10.26-18.32.29:474][821]LogModuleManager: Shutting down and abandoning module TextureFormatIntelISPCTexComp (117)
[2017.10.26-18.32.29:485][821]LogModuleManager: Shutting down and abandoning module TextureFormatASTC (115)
[2017.10.26-18.32.29:485][821]LogModuleManager: Shutting down and abandoning module ImageWrapper (114)
[2017.10.26-18.32.29:485][821]LogModuleManager: Shutting down and abandoning module TextureFormatAndroid (111)
[2017.10.26-18.32.29:486][821]LogModuleManager: Shutting down and abandoning module AudioFormatOpus (109)
[2017.10.26-18.32.29:503][821]LogModuleManager: Shutting down and abandoning module AudioFormatOgg (107)
[2017.10.26-18.32.29:503][821]LogModuleManager: Shutting down and abandoning module AudioFormatADPCM (105)
[2017.10.26-18.32.29:503][821]LogModuleManager: Shutting down and abandoning module LinuxTargetPlatform (103)
[2017.10.26-18.32.29:503][821]LogModuleManager: Shutting down and abandoning module LinuxServerTargetPlatform (101)
[2017.10.26-18.32.29:503][821]LogModuleManager: Shutting down and abandoning module LinuxNoEditorTargetPlatform (99)
[2017.10.26-18.32.29:503][821]LogModuleManager: Shutting down and abandoning module LinuxClientTargetPlatform (97)
[2017.10.26-18.32.29:504][821]LogModuleManager: Shutting down and abandoning module TVOSTargetPlatform (95)
[2017.10.26-18.32.29:504][821]LogModuleManager: Shutting down and abandoning module Messaging (93)
[2017.10.26-18.32.29:504][821]LogModuleManager: Shutting down and abandoning module IOSTargetPlatform (91)
[2017.10.26-18.32.29:504][821]LogModuleManager: Shutting down and abandoning module HTML5TargetPlatform (89)
[2017.10.26-18.32.29:504][821]LogModuleManager: Shutting down and abandoning module Android_PVRTCTargetPlatform (87)
[2017.10.26-18.32.29:504][821]LogModuleManager: Shutting down and abandoning module Android_MultiTargetPlatform (85)
[2017.10.26-18.32.29:504][821]LogModuleManager: Shutting down and abandoning module Android_ETC2TargetPlatform (83)
[2017.10.26-18.32.29:504][821]LogModuleManager: Shutting down and abandoning module Android_ETC1TargetPlatform (81)
[2017.10.26-18.32.29:504][821]LogModuleManager: Shutting down and abandoning module Android_DXTTargetPlatform (79)
[2017.10.26-18.32.29:504][821]LogModuleManager: Shutting down and abandoning module Android_ATCTargetPlatform (77)
[2017.10.26-18.32.29:504][821]LogModuleManager: Shutting down and abandoning module Android_ASTCTargetPlatform (75)
[2017.10.26-18.32.29:504][821]LogModuleManager: Shutting down and abandoning module AndroidTargetPlatform (73)
[2017.10.26-18.32.29:504][821]LogModuleManager: Shutting down and abandoning module WindowsTargetPlatform (71)
[2017.10.26-18.32.29:504][821]LogModuleManager: Shutting down and abandoning module WindowsServerTargetPlatform (69)
[2017.10.26-18.32.29:504][821]LogModuleManager: Shutting down and abandoning module WindowsNoEditorTargetPlatform (67)
[2017.10.26-18.32.29:504][821]LogModuleManager: Shutting down and abandoning module WindowsClientTargetPlatform (65)
[2017.10.26-18.32.29:505][821]LogModuleManager: Shutting down and abandoning module MacTargetPlatform (63)
[2017.10.26-18.32.29:505][821]LogModuleManager: Shutting down and abandoning module MacServerTargetPlatform (61)
[2017.10.26-18.32.29:505][821]LogModuleManager: Shutting down and abandoning module MacNoEditorTargetPlatform (59)
[2017.10.26-18.32.29:505][821]LogModuleManager: Shutting down and abandoning module MacClientTargetPlatform (57)
[2017.10.26-18.32.29:505][821]LogModuleManager: Shutting down and abandoning module AllDesktopTargetPlatform (55)
[2017.10.26-18.32.29:505][821]LogModuleManager: Shutting down and abandoning module InputCore (52)
[2017.10.26-18.32.29:505][821]LogModuleManager: Shutting down and abandoning module Settings (50)
[2017.10.26-18.32.29:505][821]LogModuleManager: Shutting down and abandoning module OculusRift (48)
[2017.10.26-18.32.29:514][821]LogModuleManager: Shutting down and abandoning module GearVR (46)
[2017.10.26-18.32.29:514][821]LogModuleManager: Shutting down and abandoning module ExampleDeviceProfileSelector (44)
[2017.10.26-18.32.29:514][821]LogModuleManager: Shutting down and abandoning module OnlineBlueprintSupport (42)
[2017.10.26-18.32.29:514][821]LogModuleManager: Shutting down and abandoning module OnlineSubsystem (38)
[2017.10.26-18.32.29:514][821]LogOnline:Display: Unloading online subsystem: NULL
[2017.10.26-18.32.29:531][821]LogModuleManager: Shutting down and abandoning module XMPP (37)
[2017.10.26-18.32.29:542][821]LogModuleManager: Shutting down and abandoning module HTTP (35)
[2017.10.26-18.32.29:542][821]LogHttp:Display: Http module shutting down, but needs to wait on 1 outstanding Http requests:
[2017.10.26-18.32.29:542][821]LogHttp:Display: 	verb=[POST] url=[https://datarouter.ol.epicgames.com/datarouter/api/v1/public/data?SessionID=%7B343D5A9B-4F90-3D93-D56A-CE8CCA8686B6%7D&AppID=UEEditor.Rocket.Release&AppVersion=4.15.3-3450819%2B%2B%2BUE4%2BRelease-4.15&UserID=b99de09e4fd31c4d8810b7b27378685f%7Cd854f23f85534a6a958aa5db07b32c86%7Cc8e0bc57-2edb-4c06-a7cf-4ae6b98e3978&AppEnvironment=datacollector-binary&UploadType=eteventstream] status=Processing
[2017.10.26-18.32.29:551][821]LogModuleManager: Shutting down and abandoning module SSL (34)
[2017.10.26-18.32.29:553][821]LogModuleManager: Shutting down and abandoning module AudioEditor (30)
[2017.10.26-18.32.29:562][821]LogModuleManager: Shutting down and abandoning module TextureCompressor (28)
[2017.10.26-18.32.29:573][821]LogModuleManager: Shutting down and abandoning module ShaderCore (26)
[2017.10.26-18.32.29:574][821]LogModuleManager: Shutting down and abandoning module Landscape (24)
[2017.10.26-18.32.29:574][821]LogModuleManager: Shutting down and abandoning module SlateRHIRenderer (22)
[2017.10.26-18.32.29:604][821]LogModuleManager: Shutting down and abandoning module OpenGLDrv (20)
[2017.10.26-18.32.29:617][821]LogModuleManager: Shutting down and abandoning module D3D11RHI (18)
[2017.10.26-18.32.29:617][821]LogModuleManager: Shutting down and abandoning module AnimGraphRuntime (16)
[2017.10.26-18.32.29:617][821]LogModuleManager: Shutting down and abandoning module Renderer (14)
[2017.10.26-18.32.29:617][821]LogModuleManager: Shutting down and abandoning module Engine (12)
[2017.10.26-18.32.29:617][821]LogModuleManager: Shutting down and abandoning module CoreUObject (10)
[2017.10.26-18.32.29:617][821]LogModuleManager: Shutting down and abandoning module NetworkFile (8)
[2017.10.26-18.32.29:617][821]LogModuleManager: Shutting down and abandoning module StreamingFile (6)
[2017.10.26-18.32.29:617][821]LogModuleManager: Shutting down and abandoning module SandboxFile (4)
[2017.10.26-18.32.29:617][821]LogModuleManager: Shutting down and abandoning module PakFile (2)
[2017.10.26-18.32.29:628][821]LogExit: Exiting.
[2017.10.26-18.32.29:695][821]Log file closed, 10/27/17 02:32:29
