Log file open, 08/14/17 23:29:23
LogInit:Display: Running engine for game: Meeting
LogPlatformFile: Not using cached read wrapper
LogInit:Display: RandInit(-349725375) SRandInit(-349725375).
LogTaskGraph: Started task graph with 5 named threads and 8 total threads with 1 sets of task threads.
LogStats: Stats thread started at 3.214734
LogInit: Using libcurl 7.47.1
LogInit:  - built for x86_64-pc-win32
LogInit:  - supports SSL with OpenSSL/1.0.2g
LogInit:  - supports HTTP deflate (compression) using libz 1.2.8
LogInit:  - other features:
LogInit:      CURL_VERSION_SSL
LogInit:      CURL_VERSION_LIBZ
LogInit:      CURL_VERSION_IPV6
LogInit:      CURL_VERSION_ASYNCHDNS
LogInit:      CURL_VERSION_LARGEFILE
LogInit:      CURL_VERSION_IDN
LogInit:  CurlRequestOptions (configurable via config and command line):
LogInit:  - bVerifyPeer = false  - Libcurl will NOT verify peer certificate
LogInit:  - bUseHttpProxy = false  - Libcurl will NOT use HTTP proxy
LogInit:  - bDontReuseConnections = false  - Libcurl will reuse connections
LogInit:  - CertBundlePath = nullptr  - Libcurl will use whatever was configured at build time.
LogInit: Build: ++UE4+Release-4.15-CL-3450819
LogInit: Engine Version: 4.15.3-3450819+++UE4+Release-4.15
LogInit: Compatible Engine Version: 4.15.0-3299760+++UE4+Release-4.15
LogInit: Net CL: 3299760
LogDevObjectVersion: Number of dev versions registered: 14
LogDevObjectVersion:   Dev-Blueprints (B0D832E4-1F89-4F0D-ACCF-7EB736FD4AA2): 8
LogDevObjectVersion:   Dev-Build (E1C64328-A22C-4D53-A36C-8E866417BD8C): 0
LogDevObjectVersion:   Dev-Core (375EC13C-06E4-48FB-B500-84F0262A717E): 2
LogDevObjectVersion:   Dev-Editor (E4B068ED-F494-42E9-A231-DA0B2E46BB41): 14
LogDevObjectVersion:   Dev-Framework (CFFC743F-43B0-4480-9391-14DF171D2073): 22
LogDevObjectVersion:   Dev-Mobile (B02B49B5-BB20-44E9-A304-32B752E40360): 0
LogDevObjectVersion:   Dev-Networking (A4E4105C-59A1-49B5-A7C5-40C4547EDFEE): 0
LogDevObjectVersion:   Dev-Online (39C831C9-5AE6-47DC-9A44-9C173E1C8E7C): 0
LogDevObjectVersion:   Dev-Physics (78F01B33-EBEA-4F98-B9B4-84EACCB95AA2): 0
LogDevObjectVersion:   Dev-Platform (6631380F-2D4D-43E0-8009-CF276956A95A): 0
LogDevObjectVersion:   Dev-Rendering (12F88B9F-8875-4AFC-A67C-D90C383ABD29): 12
LogDevObjectVersion:   Dev-Sequencer (7B5AE74C-D270-4C10-A958-57980B212A5A): 3
LogDevObjectVersion:   Dev-VR (D7296918-1DD6-4BDD-9DE2-64A83CC13884): 0
LogDevObjectVersion:   Dev-LoadTimes (C2A15278-BFE7-4AFE-6C17-90FF531DF755): 1
LogInit: Compiled (64-bit): May 21 2017 11:02:34
LogInit: Compiled with Visual C++: 19.00.23026.00
LogInit: Build Configuration: Development
LogInit: Branch Name: ++UE4+Release-4.15
LogInit: Command line:  
LogInit: Base directory: C:/Program Files/Epic Games/UE_4.15/Engine/Binaries/Win64/
LogInit: Installed Engine Build: 1
LogInit: Presizing for max 8388607 objects, including 0 objects not considered by GC, pre-allocating 0 bytes for permanent pool.
LogInit: Object subsystem initialized
[2017.08.14-15.29.25:538][  0]LogInit: Selected Device Profile: [Windows]
[2017.08.14-15.29.25:538][  0]LogInit: Applying CVar settings loaded from the selected device profile: [Windows]
[2017.08.14-15.29.25:665][  0]LogInit: Computer: MSI
[2017.08.14-15.29.25:665][  0]LogInit: User: chong
[2017.08.14-15.29.25:665][  0]LogInit: CPU Page size=65536, Cores=4
[2017.08.14-15.29.25:665][  0]LogInit: High frequency timer resolution =2.531246 MHz
[2017.08.14-15.29.25:666][  0]LogMemory: Memory total: Physical=11.9GB (12GB approx)
[2017.08.14-15.29.25:666][  0]LogMemory: Platform Memory Stats for Windows
[2017.08.14-15.29.25:666][  0]LogMemory: Process Physical Memory: 266.91 MB used, 266.91 MB peak
[2017.08.14-15.29.25:666][  0]LogMemory: Process Virtual Memory: 262.38 MB used, 262.38 MB peak
[2017.08.14-15.29.25:666][  0]LogMemory: Physical Memory: 4537.97 MB used,  7660.63 MB free, 12198.60 MB total
[2017.08.14-15.29.25:666][  0]LogMemory: Virtual Memory: 645.13 MB used,  7660.63 MB free, 134217728.00 MB total
[2017.08.14-15.29.27:560][  0]LogTextLocalizationManager: No specific translations for ('en-MY') exist, so ('en') translations will be used.
[2017.08.14-15.29.36:185][  0]LogD3D11RHI: D3D11 adapters:
[2017.08.14-15.29.37:117][  0]LogD3D11RHI:    0. 'NVIDIA GeForce GTX 960M' (Feature Level 11_0)
[2017.08.14-15.29.37:117][  0]LogD3D11RHI:       2019/0/6099 MB DedicatedVideo/DedicatedSystem/SharedSystem, Outputs:1, VendorId:0x10de
[2017.08.14-15.29.37:135][  0]LogD3D11RHI:    1. 'Intel(R) HD Graphics 530' (Feature Level 11_0)
[2017.08.14-15.29.37:135][  0]LogD3D11RHI:       128/0/6099 MB DedicatedVideo/DedicatedSystem/SharedSystem, Outputs:0, VendorId:0x8086
[2017.08.14-15.29.37:147][  0]LogD3D11RHI:    2. 'Microsoft Basic Render Driver' (Feature Level 11_0)
[2017.08.14-15.29.37:147][  0]LogD3D11RHI:       0/0/6099 MB DedicatedVideo/DedicatedSystem/SharedSystem, Outputs:0, VendorId:0x1414
[2017.08.14-15.29.37:147][  0]LogD3D11RHI: Chosen D3D11 Adapter: 0
[2017.08.14-15.29.37:163][  0]LogD3D11RHI: Creating new Direct3DDevice
[2017.08.14-15.29.37:163][  0]LogD3D11RHI:     GPU DeviceId: 0x139b (for the marketing name, search the web for "GPU Device Id")
[2017.08.14-15.29.37:163][  0]LogWindows: EnumDisplayDevices:
[2017.08.14-15.29.37:163][  0]LogWindows:    0. 'Intel(R) HD Graphics 530' (P:1 D:1)
[2017.08.14-15.29.37:163][  0]LogWindows:    1. 'Intel(R) HD Graphics 530' (P:0 D:0)
[2017.08.14-15.29.37:164][  0]LogWindows:    2. 'Intel(R) HD Graphics 530' (P:0 D:0)
[2017.08.14-15.29.37:164][  0]LogWindows: DebugString: PrimaryIsNotTheChoosenAdapter PrimaryIsNotTheChoosenAdapter PrimaryIsNotTheChoosenAdapter FoundDriverCount:0 
[2017.08.14-15.29.37:164][  0]LogD3D11RHI:     Adapter Name: NVIDIA GeForce GTX 960M
[2017.08.14-15.29.37:164][  0]LogD3D11RHI:   Driver Version: Unknown (internal:Unknown, unified:Unknown)
[2017.08.14-15.29.37:164][  0]LogD3D11RHI:      Driver Date: Unknown
[2017.08.14-15.29.37:164][  0]LogRHI: Texture pool is 1361 MB (70% of 1945 MB)
[2017.08.14-15.29.37:249][  0]LogD3D11RHI: Async texture creation enabled
[2017.08.14-15.29.37:519][  0]LogD3D11RHI: GPU Timing Frequency: 1000.000000 (Debug: 2 1)
[2017.08.14-15.29.37:590][  0]LogShaderCompilers: Guid format shader working directory is -33 characters bigger than the processId version (../../../../../../Users/chong/OneDrive/Documents/GitHub/FYP_DumbTesting/Meeting/Intermediate/Shaders/WorkingDirectory/2788/).
[2017.08.14-15.29.37:590][  0]LogShaderCompilers: Cleaned the shader compiler working directory 'C:/Users/chong/AppData/Local/Temp/UnrealShaderWorkingDir/CCDD5DD445BAC4A05E3CBB89F746B6E7/'.
[2017.08.14-15.29.37:605][  0]LogShaderCompilers:Display: Using Local Shader Compiler.
[2017.08.14-15.29.42:161][  0]LogTemp:Display: Loaded TP AllDesktopTargetPlatform
[2017.08.14-15.29.42:233][  0]LogTemp:Display: Loaded TP MacClientTargetPlatform
[2017.08.14-15.29.42:291][  0]LogTemp:Display: Loaded TP MacNoEditorTargetPlatform
[2017.08.14-15.29.42:350][  0]LogTemp:Display: Loaded TP MacServerTargetPlatform
[2017.08.14-15.29.42:429][  0]LogTemp:Display: Loaded TP MacTargetPlatform
[2017.08.14-15.29.42:489][  0]LogTemp:Display: Loaded TP WindowsClientTargetPlatform
[2017.08.14-15.29.42:547][  0]LogTemp:Display: Loaded TP WindowsNoEditorTargetPlatform
[2017.08.14-15.29.42:605][  0]LogTemp:Display: Loaded TP WindowsServerTargetPlatform
[2017.08.14-15.29.42:656][  0]LogTemp:Display: Loaded TP WindowsTargetPlatform
[2017.08.14-15.29.42:731][  0]LogTemp:Display: Loaded TP AndroidTargetPlatform
[2017.08.14-15.29.42:788][  0]LogTemp:Display: Loaded TP Android_ASTCTargetPlatform
[2017.08.14-15.29.42:849][  0]LogTemp:Display: Loaded TP Android_ATCTargetPlatform
[2017.08.14-15.29.42:908][  0]LogTemp:Display: Loaded TP Android_DXTTargetPlatform
[2017.08.14-15.29.42:973][  0]LogTemp:Display: Loaded TP Android_ETC1TargetPlatform
[2017.08.14-15.29.43:029][  0]LogTemp:Display: Loaded TP Android_ETC2TargetPlatform
[2017.08.14-15.29.43:141][  0]LogTemp:Display: Loaded TP Android_MultiTargetPlatform
[2017.08.14-15.29.43:141][  0]LogTemp:Display: Loaded TP Android_PVRTCTargetPlatform
[2017.08.14-15.29.43:184][  0]LogTemp:Display: Loaded TP HTML5TargetPlatform
[2017.08.14-15.29.43:340][  0]LogTemp:Display: Loaded TP IOSTargetPlatform
[2017.08.14-15.29.43:394][  0]LogTemp:Display: Loaded TP TVOSTargetPlatform
[2017.08.14-15.29.43:453][  0]LogTemp:Display: Loaded TP LinuxClientTargetPlatform
[2017.08.14-15.29.43:523][  0]LogTemp:Display: Loaded TP LinuxNoEditorTargetPlatform
[2017.08.14-15.29.43:583][  0]LogTemp:Display: Loaded TP LinuxServerTargetPlatform
[2017.08.14-15.29.43:643][  0]LogTemp:Display: Loaded TP LinuxTargetPlatform
[2017.08.14-15.29.43:643][  0]LogTargetPlatformManager:Display: Building Assets For Windows
[2017.08.14-15.29.44:673][  0]LogDerivedDataCache:Display: Max Cache Size: 512 MB
[2017.08.14-15.29.45:094][  0]LogDerivedDataCache: Loaded boot cache 0.41s 50MB C:/Users/chong/AppData/Local/UnrealEngine/4.15/DerivedDataCache/Boot.ddc.
[2017.08.14-15.29.45:094][  0]LogDerivedDataCache:Display: Loaded Boot cache: C:/Users/chong/AppData/Local/UnrealEngine/4.15/DerivedDataCache/Boot.ddc
[2017.08.14-15.29.45:094][  0]LogDerivedDataCache: FDerivedDataBackendGraph:  Pak pak cache file ../../../../../../Users/chong/OneDrive/Documents/GitHub/FYP_DumbTesting/Meeting/DerivedDataCache/DDC.ddp not found, will not use a pak cache.
[2017.08.14-15.29.45:094][  0]LogDerivedDataCache: Unable to find inner node Pak for hierarchical cache Hierarchy.
[2017.08.14-15.29.45:094][  0]LogDerivedDataCache: FDerivedDataBackendGraph:  CompressedPak pak cache file ../../../../../../Users/chong/OneDrive/Documents/GitHub/FYP_DumbTesting/Meeting/DerivedDataCache/Compressed.ddp not found, will not use a pak cache.
[2017.08.14-15.29.45:094][  0]LogDerivedDataCache: Unable to find inner node CompressedPak for hierarchical cache Hierarchy.
[2017.08.14-15.29.45:151][  0]LogDerivedDataCache:Display: Pak cache opened for reading ../../../Engine/DerivedDataCache/Compressed.ddp.
[2017.08.14-15.29.45:224][  0]LogDerivedDataCache: Using Local data cache path C:/Users/chong/AppData/Local/UnrealEngine/Common/DerivedDataCache: Writable
[2017.08.14-15.29.45:478][  0]LogSlate: Using Freetype 2.6.0
[2017.08.14-15.29.45:566][  0]LogSlate: SlateFontCache - WITH_FREETYPE: 1, WITH_HARFBUZZ: 1
[2017.08.14-15.29.45:566][  0]LogSlate: SlateFontCache - WITH_FREETYPE: 1, WITH_HARFBUZZ: 1
[2017.08.14-15.29.54:585][  0]LogInit: Selected Device Profile: [Windows]
[2017.08.14-15.29.54:654][  0]LogContentStreaming: Texture pool size is 0.00 MB
[2017.08.14-15.29.55:443][  0]LogMeshUtilities: Using QuadricMeshReduction for automatic static mesh reduction
[2017.08.14-15.29.55:542][  0]LogSimplygon: Simplygon DLL not present - disabling.
[2017.08.14-15.29.55:638][  0]LogMeshUtilities: Using SimplygonSwarm for distributed automatic mesh merging
[2017.08.14-15.29.55:638][  0]LogMeshUtilities: No automatic skeletal mesh reduction module available
[2017.08.14-15.29.55:638][  0]LogMeshUtilities: No automatic mesh merging module available
[2017.08.14-15.30.00:990][  0]LogNetVersion: GetLocalNetworkVersion: CL: 3299760, ProjectName: meeting, ProjectVersion: , EngineNetworkVersion: 2, GameNetworkVersion: 0, NetworkChecksum: 116300604
[2017.08.14-15.30.01:162][  0]LogAssetRegistry: FAssetRegistry took 0.0225 seconds to start up
[2017.08.14-15.30.01:354][  0]LogPackageLocalizationCache: Processed 3 localized package path(s) for 2 prioritized culture(s) in 0.108042 seconds
[2017.08.14-15.30.01:379][  0]LogUObjectArray: 32493 objects as part of root set at end of initial load.
[2017.08.14-15.30.01:379][  0]LogUObjectAllocator: 7077032 out of 0 bytes used by permanent object pool.
[2017.08.14-15.30.01:379][  0]LogUObjectArray: CloseDisregardForGC: 0/0 objects in disregard for GC pool
[2017.08.14-15.30.01:456][  0]LogInit: WinSock: version 1.1 (2.2), MaxSocks=32767, MaxUdp=65467
[2017.08.14-15.30.43:193][  0]LogTcpMessaging: Initializing TcpMessaging bridge
[2017.08.14-15.30.43:288][  0]LogUdpMessaging: Initializing bridge on interface 0.0.0.0:0 to multicast group 230.0.0.1:6666.
[2017.08.14-15.30.45:897][  0]LogMaterial: Uniform references updated for custom material expression Custom.
[2017.08.14-15.30.46:970][  0]SourceControl: Info Source control is disabled
[2017.08.14-15.30.46:987][  0]SourceControl: Info Source control is disabled
[2017.08.14-15.30.47:169][  0]SourceControl: Info Source control is disabled
[2017.08.14-15.30.47:317][  0]SourceControl: Info Source control is disabled
[2017.08.14-15.30.51:647][  0]LogEngine: Initializing Engine...
[2017.08.14-15.30.51:663][  0]LogHMD: Failed to initialize OpenVR with code 110
[2017.08.14-15.30.51:800][  0]LogStats: UGameplayTagsManager::ConstructGameplayTagTree: Construct from data asset -  0.000 s
[2017.08.14-15.30.51:805][  0]LogStats: UGameplayTagsManager::ConstructGameplayTagTree: GameplayTagTreeChangedEvent.Broadcast -  0.000 s
[2017.08.14-15.30.52:610][  0]LogAIModule: Creating AISystem for world Untitled
[2017.08.14-15.30.52:795][  0]LogInit: XAudio2 using 'Speakers (Realtek High Definition Audio)' : 8 channels at 48 kHz using 32 bits per sample (channel mask 0x63f)
[2017.08.14-15.30.52:865][  0]LogInit: FAudioDevice initialized.
[2017.08.14-15.30.52:900][  0]LogDerivedDataCache: Saved boot cache 0.03s 50MB C:/Users/chong/AppData/Local/UnrealEngine/4.15/DerivedDataCache/Boot.ddc.
[2017.08.14-15.30.52:907][  0]LogInit: Texture streaming: Enabled
[2017.08.14-15.30.53:725][  0]LogEngineSessionManager: EngineSessionManager initialized
[2017.08.14-15.30.54:226][  0]LogInit: Transaction tracking system initialized
[2017.08.14-15.30.56:148][  0]BlueprintLog: New page: Editor Load
[2017.08.14-15.31.00:566][  0]LocalizationService: Info Localization service is disabled
[2017.08.14-15.31.03:144][  0]LogConsoleResponse:Display: 
[2017.08.14-15.31.06:033][  0]LogFileCache: Scanning file cache for directory 'C:/Users/chong/OneDrive/Documents/GitHub/FYP_DumbTesting/Meeting/Content/' took 0.03s
[2017.08.14-15.31.06:033][  0]LogCook:Display: Max memory allowance for cook 16384mb min free memory 0mb
[2017.08.14-15.31.06:033][  0]LogCook:Display: Mobile HDR setting 1
[2017.08.14-15.31.12:291][  0]SourceControl: Info Source control is disabled
[2017.08.14-15.31.12:533][  0]Cmd: MAP LOAD FILE="../../../../../../Users/chong/OneDrive/Documents/GitHub/FYP_DumbTesting/Meeting/Content/ThirdPersonBP/Maps/MockUp_Map.umap" TEMPLATE=0 SHOWPROGRESS=1 FEATURELEVEL=3
[2017.08.14-15.31.12:572][  0]LightingResults: New page: Lighting Build
[2017.08.14-15.31.13:105][  0]MapCheck: New page: Map Check
[2017.08.14-15.31.13:105][  0]LightingResults: New page: Lighting Build
[2017.08.14-15.31.26:699][  0]LogBlueprint:Warning: [Compiler ThirdPersonCharacter] Warning InputAction Event references unknown Action 'ResetVR' for  InputAction ResetVR
[2017.08.14-15.31.26:699][  0]LogBlueprint:Warning: [Compiler ThirdPersonCharacter] Warning Input Axis Event references unknown Axis 'LookUpRate' for  InputAxis LookUpRate
[2017.08.14-15.31.26:700][  0]LogBlueprint:Warning: [Compiler ThirdPersonCharacter] Warning Input Axis Event references unknown Axis 'TurnRate' for  InputAxis TurnRate
[2017.08.14-15.31.26:700][  0]LogBlueprint:Warning: [Compiler ThirdPersonCharacter] Warning InputAction Event references unknown Action 'Jump' for  InputAction Jump
[2017.08.14-15.31.26:700][  0]LogBlueprint:Warning: [Compiler ThirdPersonCharacter] Warning Input Axis Event references unknown Axis 'LookUp' for  InputAxis LookUp
[2017.08.14-15.31.26:700][  0]LogBlueprint:Warning: [Compiler ThirdPersonCharacter] Warning Input Axis Event references unknown Axis 'Turn' for  InputAxis Turn
[2017.08.14-15.31.26:704][  0]LogBlueprint:Warning: [Compiler ThirdPersonCharacter] Warning [0135.32] Compile of ThirdPersonCharacter successful, but with 6 Warning(s) [in 17 ms] (/Game/ThirdPersonBP/Blueprints/ThirdPersonCharacter.ThirdPersonCharacter)
[2017.08.14-15.31.26:704][  0]LogBlueprint:Warning: [Compiler ThirdPersonCharacter] Warning [0135.32] Compile of ThirdPersonCharacter successful, but with 7 Warning(s) [in 0 ms] (/Game/ThirdPersonBP/Blueprints/ThirdPersonCharacter.ThirdPersonCharacter)
[2017.08.14-15.31.26:704][  0]LogBlueprint:Warning: [Compiler ThirdPersonCharacter] Warning [0135.32] Compile of ThirdPersonCharacter successful, but with 8 Warning(s) [in 0 ms] (/Game/ThirdPersonBP/Blueprints/ThirdPersonCharacter.ThirdPersonCharacter)
[2017.08.14-15.31.26:713][  0]LogBlueprint:Warning: [Compiler ThirdPersonCharacter] Warning InputAction Event references unknown Action 'ResetVR' for  InputAction ResetVR
[2017.08.14-15.31.26:713][  0]LogBlueprint:Warning: [Compiler ThirdPersonCharacter] Warning Input Axis Event references unknown Axis 'LookUpRate' for  InputAxis LookUpRate
[2017.08.14-15.31.26:714][  0]LogBlueprint:Warning: [Compiler ThirdPersonCharacter] Warning Input Axis Event references unknown Axis 'TurnRate' for  InputAxis TurnRate
[2017.08.14-15.31.26:714][  0]LogBlueprint:Warning: [Compiler ThirdPersonCharacter] Warning InputAction Event references unknown Action 'Jump' for  InputAction Jump
[2017.08.14-15.31.26:714][  0]LogBlueprint:Warning: [Compiler ThirdPersonCharacter] Warning Input Axis Event references unknown Axis 'LookUp' for  InputAxis LookUp
[2017.08.14-15.31.26:714][  0]LogBlueprint:Warning: [Compiler ThirdPersonCharacter] Warning Input Axis Event references unknown Axis 'Turn' for  InputAxis Turn
[2017.08.14-15.31.26:722][  0]LogBlueprint:Warning: [Compiler ThirdPersonCharacter] Warning [0135.33] Compile of ThirdPersonCharacter successful, but with 6 Warning(s) [in 14 ms] (/Game/ThirdPersonBP/Blueprints/ThirdPersonCharacter.ThirdPersonCharacter)
[2017.08.14-15.31.26:722][  0]LogBlueprint:Warning: [Compiler ThirdPersonCharacter] Warning [0135.33] Compile of ThirdPersonCharacter successful, but with 7 Warning(s) [in 0 ms] (/Game/ThirdPersonBP/Blueprints/ThirdPersonCharacter.ThirdPersonCharacter)
[2017.08.14-15.31.26:722][  0]LogBlueprint:Warning: [Compiler ThirdPersonCharacter] Warning [0135.33] Compile of ThirdPersonCharacter successful, but with 8 Warning(s) [in 0 ms] (/Game/ThirdPersonBP/Blueprints/ThirdPersonCharacter.ThirdPersonCharacter)
[2017.08.14-15.31.26:727][  0]LogLinker:Warning: Can't find file '/Game/ThirdPersonBP/Maps/MockUp_Map_BuiltData'
[2017.08.14-15.31.26:727][  0]LogLinker:Warning: Can't find file for asset '/Game/ThirdPersonBP/Maps/MockUp_Map_BuiltData' while loading ../../../../../../Users/chong/OneDrive/Documents/GitHub/FYP_DumbTesting/Meeting/Content/ThirdPersonBP/Maps/MockUp_Map.umap.
[2017.08.14-15.31.26:727][  0]LoadErrors:Error: Error /Game/ThirdPersonBP/Maps/MockUp_Map : Can't find file for asset. /Game/ThirdPersonBP/Maps/MockUp_Map_BuiltData
[2017.08.14-15.31.32:646][  0]LogLinker:Warning: Can't find file '/Game/Art/Environment/newdev/zzzzzz'
[2017.08.14-15.31.32:646][  0]LogLinker:Warning: Can't find file for asset '/Game/Art/Environment/newdev/zzzzzz' while loading ../../../../../../Users/chong/OneDrive/Documents/GitHub/FYP_DumbTesting/Meeting/Content/Art/Environment/Mesh/SM_Corridor_Frame.uasset.
[2017.08.14-15.31.32:646][  0]LoadErrors:Error: Error /Game/Art/Environment/Mesh/SM_Corridor_Frame : Can't find file for asset. /Game/Art/Environment/newdev/zzzzzz
[2017.08.14-15.31.32:646][  0]LogLinker:Warning: Can't find file '/Game/Art/Environment/newdev/zzzzzz'
[2017.08.14-15.31.32:646][  0]LogLinker:Warning: Can't find file for asset '/Game/Art/Environment/newdev/zzzzzz' while loading ../../../../../../Users/chong/OneDrive/Documents/GitHub/FYP_DumbTesting/Meeting/Content/Art/Environment/Mesh/SM_Corridor_Frame.uasset.
[2017.08.14-15.31.32:646][  0]LoadErrors:Error: Error /Game/Art/Environment/Mesh/SM_Corridor_Frame : Can't find file for asset. /Game/Art/Environment/newdev/zzzzzz
[2017.08.14-15.31.32:719][  0]LogLinker:Warning: Can't find file '/Game/Art/Environment/newdev/2'
[2017.08.14-15.31.32:719][  0]LogLinker:Warning: Can't find file for asset '/Game/Art/Environment/newdev/2' while loading ../../../../../../Users/chong/OneDrive/Documents/GitHub/FYP_DumbTesting/Meeting/Content/Art/Environment/Mesh/SM_Corridor_Wall.uasset.
[2017.08.14-15.31.32:719][  0]LoadErrors:Error: Error /Game/Art/Environment/Mesh/SM_Corridor_Wall : Can't find file for asset. /Game/Art/Environment/newdev/2
[2017.08.14-15.31.32:719][  0]LogLinker:Warning: Can't find file '/Game/Art/Environment/newdev/2'
[2017.08.14-15.31.32:719][  0]LogLinker:Warning: Can't find file for asset '/Game/Art/Environment/newdev/2' while loading ../../../../../../Users/chong/OneDrive/Documents/GitHub/FYP_DumbTesting/Meeting/Content/Art/Environment/Mesh/SM_Corridor_Wall.uasset.
[2017.08.14-15.31.32:719][  0]LoadErrors:Error: Error /Game/Art/Environment/Mesh/SM_Corridor_Wall : Can't find file for asset. /Game/Art/Environment/newdev/2
[2017.08.14-15.31.34:242][  0]LogLinker:Warning: Can't find file '/Game/ThirdPersonBP/Maps/MockUp_Map_BuiltData'
[2017.08.14-15.31.34:242][  0]LogLinker:Warning: Can't find file for asset '/Game/ThirdPersonBP/Maps/MockUp_Map_BuiltData' while loading ../../../../../../Users/chong/OneDrive/Documents/GitHub/FYP_DumbTesting/Meeting/Content/ThirdPersonBP/Maps/MockUp_Map.umap.
[2017.08.14-15.31.34:242][  0]LoadErrors:Error: Error /Game/ThirdPersonBP/Maps/MockUp_Map : Can't find file for asset. /Game/ThirdPersonBP/Maps/MockUp_Map_BuiltData
[2017.08.14-15.31.34:249][  0]LogLinker:Warning: Can't find file '/Game/ThirdPersonBP/Maps/MockUp_Map_BuiltData'
[2017.08.14-15.31.34:249][  0]LogLinker:Warning: Can't find file for asset '/Game/ThirdPersonBP/Maps/MockUp_Map_BuiltData' while loading NULL.
[2017.08.14-15.31.34:250][  0]LogLinker:Warning: Can't find file '/Game/ThirdPersonBP/Maps/MockUp_Map_BuiltData'
[2017.08.14-15.31.34:250][  0]LogLinker:Warning: Can't find file for asset '/Game/ThirdPersonBP/Maps/MockUp_Map_BuiltData' while loading NULL.
[2017.08.14-15.31.34:613][  0]LogLinker:Warning: Can't find file '/Game/ThirdPersonBP/Maps/MockUp_Map_BuiltData'
[2017.08.14-15.31.34:613][  0]LoadErrors: Info Failed to load /Game/ThirdPersonBP/Maps/MockUp_Map_BuiltData.MockUp_Map_BuiltData Referenced by PersistentLevel
[2017.08.14-15.31.34:613][  0]LogLinker:Warning: Can't find file for asset '/Game/ThirdPersonBP/Maps/MockUp_Map_BuiltData' while loading NULL.
[2017.08.14-15.31.34:613][  0]LoadErrors: Info Failed to load /Game/ThirdPersonBP/Maps/MockUp_Map_BuiltData.MockUp_Map_BuiltData Referenced by PersistentLevel
[2017.08.14-15.31.41:179][  0]LogLinker:Warning: Can't find file '/Game/Art/Environment/newdev/2'
[2017.08.14-15.31.41:179][  0]LoadErrors: Info Failed to load /Game/Art/Environment/newdev/2.2 Referenced by SM_Corridor_Wall
[2017.08.14-15.31.41:180][  0]LogLinker:Warning: Can't find file for asset '/Game/Art/Environment/newdev/2' while loading NULL.
[2017.08.14-15.31.41:180][  0]LoadErrors: Info Failed to load /Game/Art/Environment/newdev/2.2 Referenced by SM_Corridor_Wall
[2017.08.14-15.31.41:181][  0]LogLinker:Warning: Can't find file '/Game/Art/Environment/newdev/zzzzzz'
[2017.08.14-15.31.41:181][  0]LoadErrors: Info Failed to load /Game/Art/Environment/newdev/zzzzzz.zzzzzz Referenced by SM_Corridor_Frame
[2017.08.14-15.31.41:181][  0]LogLinker:Warning: Can't find file for asset '/Game/Art/Environment/newdev/zzzzzz' while loading NULL.
[2017.08.14-15.31.41:181][  0]LoadErrors: Info Failed to load /Game/Art/Environment/newdev/zzzzzz.zzzzzz Referenced by SM_Corridor_Frame
[2017.08.14-15.31.54:338][  0]LogMaterial: Missing cached shader map for material M_Smoke_MacroUV_LF_Pan, compiling. 
[2017.08.14-15.31.54:458][  0]LogTemp:Display: Added material ShaderMap 0x00000283DAA62780 with Material 0x00000283A2844700 to ShaderMapsBeingCompiled
[2017.08.14-15.31.54:668][  0]LogTemp:Display: Kicking off shader compilation for M_Smoke_MacroUV_LF_Pan, GameThreadShaderMap 0x00000283DAA62780
[2017.08.14-15.32.39:666][  0]LogAudioDerivedData:Display: Building compressed audio format OGG wave LeftFootSound...
[2017.08.14-15.32.40:770][  0]LogAudioDerivedData:Display: Building compressed audio format OGG wave RightFootSound...
[2017.08.14-15.32.51:939][  0]LogMaterial: Missing cached shader map for material m_nolight, compiling. 
[2017.08.14-15.32.51:940][  0]LogTemp:Display: Added material ShaderMap 0x00000284125F5D00 with Material 0x00000283BF6E0A00 to ShaderMapsBeingCompiled
[2017.08.14-15.32.52:083][  0]LogTemp:Display: Kicking off shader compilation for m_nolight, GameThreadShaderMap 0x00000284125F5D00
[2017.08.14-15.33.02:807][  0]LogTexture:Display: Building textures: T_Trunk_N (BC5, 1024X1024) - 869 MB total VRAM
[2017.08.14-15.33.03:030][  0]LogTexture:Display: Building textures: T_Trunk_Albedo (AutoDXT, 1024X1024) - 869 MB total VRAM
[2017.08.14-15.33.03:685][  0]LogMaterial: Missing cached shader map for material M_Vine, compiling. 
[2017.08.14-15.33.03:686][  0]LogTemp:Display: Added material ShaderMap 0x0000028412A9DD00 with Material 0x00000283C0AE9180 to ShaderMapsBeingCompiled
[2017.08.14-15.33.03:705][  0]LogTemp:Display: Kicking off shader compilation for M_Vine, GameThreadShaderMap 0x0000028412A9DD00
[2017.08.14-15.33.08:594][  0]LogAIModule: Creating AISystem for world MockUp_Map
[2017.08.14-15.33.08:931][  0]LogTemp:Display: Finished compile of shader map 0x00000283DAA62780
[2017.08.14-15.33.08:931][  0]LogTemp:Display: Shader map M_Smoke_MacroUV_LF_Pan complete, GameThreadShaderMap 0x00000283DAA62780, marking material M_Smoke_MacroUV_LF_Pan as finished
[2017.08.14-15.33.08:931][  0]LogTemp:Display: Marking material as finished 0x00000283A2844700
[2017.08.14-15.33.09:044][  0]LogTemp:Display: Finished compile of shader map 0x00000284125F5D00
[2017.08.14-15.33.09:044][  0]LogTemp:Display: Shader map m_nolight complete, GameThreadShaderMap 0x00000284125F5D00, marking material m_nolight as finished
[2017.08.14-15.33.09:044][  0]LogTemp:Display: Marking material as finished 0x00000283BF6E0A00
[2017.08.14-15.33.09:054][  0]LogTemp:Display: Finished compile of shader map 0x0000028412A9DD00
[2017.08.14-15.33.09:054][  0]LogTemp:Display: Shader map M_Vine complete, GameThreadShaderMap 0x0000028412A9DD00, marking material M_Vine as finished
[2017.08.14-15.33.09:054][  0]LogTemp:Display: Marking material as finished 0x00000283C0AE9180
[2017.08.14-15.33.14:336][  0]LogEditorServer: Finished looking for orphan Actors (0.000 secs)
[2017.08.14-15.33.14:812][  0]Cmd: MAP CHECKDEP NOCLEARLOG
[2017.08.14-15.33.15:204][  0]MapCheck: Info Map check complete: 0 Error(s), 0 Warning(s), took 391.994ms to complete.
[2017.08.14-15.33.15:204][  0]LogFileHelpers: Loading map 'MockUp_Map' took 122.708
[2017.08.14-15.33.18:587][  0]LogCollectionManager: Loaded 0 collections in 0.001746 seconds
[2017.08.14-15.33.18:828][  0]LogFileCache: Scanning file cache for directory 'C:/Users/chong/OneDrive/Documents/GitHub/FYP_DumbTesting/Meeting/Saved/Collections/' took 0.01s
[2017.08.14-15.33.18:828][  0]LogFileCache: Scanning file cache for directory 'C:/Users/chong/OneDrive/Documents/GitHub/FYP_DumbTesting/Meeting/Content/Developers/chong/Collections/' took 0.01s
[2017.08.14-15.33.18:828][  0]LogFileCache: Scanning file cache for directory 'C:/Users/chong/OneDrive/Documents/GitHub/FYP_DumbTesting/Meeting/Content/Collections/' took 0.01s
[2017.08.14-15.33.18:828][  0]LogCollectionManager: Rebuilt the GUID cache for 0 collections in 0.000017 seconds
[2017.08.14-15.33.18:859][  0]LogContentBrowser: Native class hierarchy populated in 0.0280 seconds. Added 2258 classes and 455 folders.
[2017.08.14-15.33.19:036][  0]LogContentBrowser: Native class hierarchy updated for 'WidgetCarousel' in 0.0021 seconds. Added 0 classes and 0 folders.
[2017.08.14-15.33.21:020][  0]LogContentBrowser: Native class hierarchy updated for 'AddContentDialog' in 0.0023 seconds. Added 0 classes and 0 folders.
[2017.08.14-15.33.21:169][  0]LogContentBrowser: Native class hierarchy updated for 'SceneOutliner' in 0.0024 seconds. Added 1 classes and 2 folders.
[2017.08.14-15.33.21:697][  0]LogCrashTracker: Crashtracker disabled due to settings.
[2017.08.14-15.33.22:385][  0]LogUObjectGlobals:Warning: Failed to find object 'Class None.'
[2017.08.14-15.33.22:576][  0]LogContentBrowser: Native class hierarchy updated for 'HierarchicalLODOutliner' in 0.0022 seconds. Added 1 classes and 2 folders.
[2017.08.14-15.33.22:576][  0]LogLoad: (Engine Initialization) Total time: 251.19 seconds
[2017.08.14-15.33.22:576][  0]LogLoad: (Engine Initialization) Total Blueprint compile time: 2.58 seconds
[2017.08.14-15.33.22:576][  0]LogExternalProfiler: Found external profiler: VSPerf
[2017.08.14-15.33.22:576][  0]LogExternalProfiler: Using external profiler: VSPerf
[2017.08.14-15.33.23:007][  0]LogOcInput: OculusInput pre-init called
[2017.08.14-15.33.23:850][  0]LogContentStreaming: Texture pool size now 1000 MB
[2017.08.14-15.33.24:099][  0]LogSlate: Took 0.017958 seconds to synchronously load lazily loaded font '../../../Engine/Content/Slate/Fonts/Roboto-Regular.ttf' (155K)
[2017.08.14-15.33.24:143][  0]LogSlate: Took 0.017278 seconds to synchronously load lazily loaded font '../../../Engine/Content/Slate/Fonts/Roboto-Bold.ttf' (160K)
[2017.08.14-15.33.24:197][  0]LogSlate: Took 0.014453 seconds to synchronously load lazily loaded font '../../../Engine/Content/Editor/Slate/Fonts/FontAwesome.ttf' (139K)
[2017.08.14-15.33.25:151][  0]LogRenderer: Reallocating scene render targets to support 872x432 NumSamples 1 (Frame:2).
[2017.08.14-15.33.25:151][  0]LogSlate: Took 0.041058 seconds to synchronously load lazily loaded font '../../../Engine/Content/Slate/Fonts/Roboto-Light.ttf' (159K)
[2017.08.14-15.33.26:924][  3]LogAssetRegistry: Asset discovery search completed in 205.7830 seconds
[2017.08.14-15.33.26:924][  3]LogCollectionManager: Rebuilt the object cache for 0 collections in 0.000006 seconds (found 0 objects)
[2017.08.14-15.33.26:924][  3]LogCollectionManager: Fixed up redirectors for 0 collections in 0.000023 seconds (updated 0 objects)
[2017.08.14-15.36.25:839][757]LogSlate: Took 0.012146 seconds to synchronously load lazily loaded font '../../../Engine/Content/Slate/Fonts/Roboto-Light.ttf' (159K)
[2017.08.14-15.36.26:093][757]LogContentBrowser: Native class hierarchy updated for 'SkeletonEditor' in 0.0022 seconds. Added 1 classes and 2 folders.
[2017.08.14-15.36.26:446][757]LogSlate: Took 0.013972 seconds to synchronously load lazily loaded font '../../../Engine/Content/Slate/Fonts/Roboto-Regular.ttf' (155K)
[2017.08.14-15.36.26:622][757]LogActorComponent: RegisterComponentWithWorld: (/Engine/Transient.World_13:PersistentLevel.Actor_0.DebugSkelMeshComponent_0) Already registered. Aborting.
[2017.08.14-15.36.27:820][757]LogContentBrowser: Native class hierarchy updated for 'BlueprintGraph' in 0.0027 seconds. Added 112 classes and 0 folders.
[2017.08.14-15.36.29:078][757]LogSkeletalMesh: USkeletalMeshComponent::InitArticulated : Bodies already created (/Engine/Transient.World_13:PersistentLevel.Actor_0.DebugSkelMeshComponent_0) - call TermArticulated first.
[2017.08.14-15.36.30:059][757]LogSlate: Took 0.014379 seconds to synchronously load lazily loaded font '../../../Engine/Content/Editor/Slate/Fonts/Roboto-BoldCondensed.ttf' (158K)
[2017.08.14-15.36.31:109][758]LogSlate: Took 0.024818 seconds to synchronously load lazily loaded font '../../../Engine/Content/Editor/Slate/Fonts/Roboto-Italic.ttf' (157K)
[2017.08.14-15.38.16:927][521]LogContentBrowser:Verbose: The majority of assets in the view are of type: AnimSequence
[2017.08.14-15.39.30:718][929]LogAnimationCompression: Building Anim DDC data for AnimSequence /Game/AnimStarterPack/Death_Ironsights_1.Death_Ironsights_1
[2017.08.14-15.39.30:792][929]LogAnimationCompression: Building Anim DDC data for AnimSequence /Game/AnimStarterPack/Prone_Death_1.Prone_Death_1
[2017.08.14-15.40.10:754][272]BlueprintLog: New page: Compile Anim_BP_Enemy
[2017.08.14-15.40.12:501][303]LogSavePackage: Save=188.78ms
[2017.08.14-15.40.12:501][303]LogSavePackage: Moving '../../../../../../Users/chong/OneDrive/Documents/GitHub/FYP_DumbTesting/Meeting/Saved/Anim_BP_Enemy80439ED34A5831D26E602695D6826A39.tmp' to '../../../../../../Users/chong/OneDrive/Documents/GitHub/FYP_DumbTesting/Meeting/Content/Blueprint/AI/Animation/Anim_BP_Enemy.uasset'
[2017.08.14-15.40.12:537][303]LogSavePackage:Display: Finished SavePackage ../../../../../../Users/chong/OneDrive/Documents/GitHub/FYP_DumbTesting/Meeting/Content/Blueprint/AI/Animation/Anim_BP_Enemy.uasset
[2017.08.14-15.40.29:143][861]LogSavePackage: Save=2796.99ms
[2017.08.14-15.40.29:143][861]LogSavePackage: Moving '../../../../../../Users/chong/OneDrive/Documents/GitHub/FYP_DumbTesting/Meeting/Saved/MockUp_Map98A4613141AB10441C58A9AF6A3DE916.tmp' to '../../../../../../Users/chong/OneDrive/Documents/GitHub/FYP_DumbTesting/Meeting/Content/ThirdPersonBP/Maps/MockUp_Map.umap'
[2017.08.14-15.40.29:158][861]LogSavePackage:Display: Finished SavePackage ../../../../../../Users/chong/OneDrive/Documents/GitHub/FYP_DumbTesting/Meeting/Content/ThirdPersonBP/Maps/MockUp_Map.umap
[2017.08.14-15.40.31:116][896]Cmd: QUIT_EDITOR
[2017.08.14-15.40.31:601][896]LogWindowsTextInputMethodSystem:Display: IME system now deactivated.
[2017.08.14-15.40.31:655][896]LogExit: Preparing to exit.
[2017.08.14-15.40.33:128][896]LogDirectoryWatcher: A directory notification for 'C:/Users/chong/OneDrive/Documents/GitHub/FYP_DumbTesting/Meeting/Content/' was aborted.
[2017.08.14-15.40.33:370][896]LogExit: Editor shut down
[2017.08.14-15.40.33:370][896]LogExit: Transaction tracking system shut down
[2017.08.14-15.40.35:195][896]LogObj: Freed 0b from 0 cluster array pools.
[2017.08.14-15.40.35:195][896]LogExit: Object subsystem successfully closed.
[2017.08.14-15.40.35:437][896]LogD3D11RHI: Shutdown
[2017.08.14-15.40.35:437][896]LogD3D11RHI: CleanupD3DDevice
[2017.08.14-15.40.35:770][896]LogD3D11RHI: ~FD3D11DynamicRHI
[2017.08.14-15.40.36:531][896]LogModuleManager: Shutting down and abandoning module BlueprintGraph (508)
[2017.08.14-15.40.36:531][896]LogModuleManager: Shutting down and abandoning module BlueprintProfiler (506)
[2017.08.14-15.40.36:545][896]LogModuleManager: Shutting down and abandoning module SkeletonEditor (504)
[2017.08.14-15.40.36:545][896]LogModuleManager: Shutting down and abandoning module AnimationBlueprintEditor (502)
[2017.08.14-15.40.36:553][896]LogModuleManager: Shutting down and abandoning module HierarchicalLODOutliner (500)
[2017.08.14-15.40.36:564][896]LogModuleManager: Shutting down and abandoning module CrashTracker (498)
[2017.08.14-15.40.36:564][896]LogModuleManager: Shutting down and abandoning module SceneOutliner (496)
[2017.08.14-15.40.36:564][896]LogModuleManager: Shutting down and abandoning module AddContentDialog (494)
[2017.08.14-15.40.36:574][896]LogDirectoryWatcher: A directory notification for 'C:/Program Files/Epic Games/UE_4.15/FeaturePacks/' was aborted.
[2017.08.14-15.40.36:576][896]LogModuleManager: Shutting down and abandoning module WidgetCarousel (493)
[2017.08.14-15.40.36:576][896]LogModuleManager: Shutting down and abandoning module EditorWidgets (490)
[2017.08.14-15.40.36:576][896]LogModuleManager: Shutting down and abandoning module CollectionManager (488)
[2017.08.14-15.40.36:587][896]LogDirectoryWatcher: A directory notification for 'C:/Users/chong/OneDrive/Documents/GitHub/FYP_DumbTesting/Meeting/Content/Collections/' was aborted.
[2017.08.14-15.40.36:587][896]LogDirectoryWatcher: A directory notification for 'C:/Users/chong/OneDrive/Documents/GitHub/FYP_DumbTesting/Meeting/Content/Developers/chong/Collections/' was aborted.
[2017.08.14-15.40.36:588][896]LogDirectoryWatcher: A directory notification for 'C:/Users/chong/OneDrive/Documents/GitHub/FYP_DumbTesting/Meeting/Saved/Collections/' was aborted.
[2017.08.14-15.40.36:588][896]LogModuleManager: Shutting down and abandoning module StatsViewer (486)
[2017.08.14-15.40.36:599][896]LogModuleManager: Shutting down and abandoning module FoliageEdit (484)
[2017.08.14-15.40.36:599][896]LogModuleManager: Shutting down and abandoning module LandscapeEditor (482)
[2017.08.14-15.40.36:611][896]LogModuleManager: Shutting down and abandoning module SceneDepthPickerMode (480)
[2017.08.14-15.40.36:611][896]LogModuleManager: Shutting down and abandoning module ActorPickerMode (478)
[2017.08.14-15.40.36:611][896]LogModuleManager: Shutting down and abandoning module GeometryMode (476)
[2017.08.14-15.40.36:611][896]LogModuleManager: Shutting down and abandoning module TextureAlignMode (474)
[2017.08.14-15.40.36:611][896]LogModuleManager: Shutting down and abandoning module BspMode (472)
[2017.08.14-15.40.36:616][896]LogModuleManager: Shutting down and abandoning module HardwareSurvey (470)
[2017.08.14-15.40.36:616][896]LogModuleManager: Shutting down and abandoning module SequenceRecorderSections (468)
[2017.08.14-15.40.36:616][896]LogModuleManager: Shutting down and abandoning module AutomationWorker (466)
[2017.08.14-15.40.36:633][896]LogModuleManager: Shutting down and abandoning module MatineeToLevelSequence (464)
[2017.08.14-15.40.36:633][896]LogModuleManager: Shutting down and abandoning module LevelSequenceEditor (462)
[2017.08.14-15.40.36:682][896]LogModuleManager: Shutting down and abandoning module PlacementMode (461)
[2017.08.14-15.40.36:682][896]LogModuleManager: Shutting down and abandoning module WmfMediaFactory (458)
[2017.08.14-15.40.36:682][896]LogModuleManager: Shutting down and abandoning module WmfMediaEditor (456)
[2017.08.14-15.40.36:682][896]LogModuleManager: Shutting down and abandoning module MfMediaFactory (454)
[2017.08.14-15.40.36:682][896]LogModuleManager: Shutting down and abandoning module MfMediaEditor (452)
[2017.08.14-15.40.36:682][896]LogModuleManager: Shutting down and abandoning module AvfMediaFactory (450)
[2017.08.14-15.40.36:682][896]LogModuleManager: Shutting down and abandoning module AvfMediaEditor (448)
[2017.08.14-15.40.36:682][896]LogModuleManager: Shutting down and abandoning module AndroidMediaFactory (446)
[2017.08.14-15.40.36:682][896]LogModuleManager: Shutting down and abandoning module Media (445)
[2017.08.14-15.40.36:682][896]LogModuleManager: Shutting down and abandoning module AndroidMediaEditor (442)
[2017.08.14-15.40.36:682][896]LogModuleManager: Shutting down and abandoning module CharacterAI (440)
[2017.08.14-15.40.36:682][896]LogModuleManager: Shutting down and abandoning module AudioCapture (438)
[2017.08.14-15.40.36:682][896]LogModuleManager: Shutting down and abandoning module SequenceRecorder (437)
[2017.08.14-15.40.36:701][896]LogModuleManager: Shutting down and abandoning module SmartSnapping (434)
[2017.08.14-15.40.36:701][896]LogModuleManager: Shutting down and abandoning module SessionServices (432)
[2017.08.14-15.40.36:701][896]LogModuleManager: Shutting down and abandoning module ViewportSnapping (430)
[2017.08.14-15.40.36:701][896]LogModuleManager: Shutting down and abandoning module ViewportInteraction (428)
[2017.08.14-15.40.36:701][896]LogModuleManager: Shutting down and abandoning module LogVisualizer (426)
[2017.08.14-15.40.36:719][896]LogModuleManager: Shutting down and abandoning module IntroTutorials (424)
[2017.08.14-15.40.36:724][896]LogModuleManager: Shutting down and abandoning module GameProjectGeneration (423)
[2017.08.14-15.40.36:736][896]LogModuleManager: Shutting down and abandoning module EditorLiveStreaming (420)
[2017.08.14-15.40.36:736][896]LogModuleManager: Shutting down and abandoning module IOSPlatformEditor (418)
[2017.08.14-15.40.36:736][896]LogModuleManager: Shutting down and abandoning module HTML5PlatformEditor (416)
[2017.08.14-15.40.36:736][896]LogModuleManager: Shutting down and abandoning module AndroidPlatformEditor (414)
[2017.08.14-15.40.36:745][896]LogModuleManager: Shutting down and abandoning module AndroidDeviceDetection (413)
[2017.08.14-15.40.37:191][896]LogModuleManager: Shutting down and abandoning module IOSRuntimeSettings (410)
[2017.08.14-15.40.37:191][896]LogModuleManager: Shutting down and abandoning module AndroidRuntimeSettings (408)
[2017.08.14-15.40.37:191][896]LogModuleManager: Shutting down and abandoning module InputBindingEditor (406)
[2017.08.14-15.40.37:203][896]LogModuleManager: Shutting down and abandoning module NiagaraEditor (404)
[2017.08.14-15.40.37:239][896]LogModuleManager: Shutting down and abandoning module MergeActors (402)
[2017.08.14-15.40.37:253][896]LogModuleManager: Shutting down and abandoning module SizeMap (400)
[2017.08.14-15.40.37:253][896]LogModuleManager: Shutting down and abandoning module TreeMap (398)
[2017.08.14-15.40.37:275][896]LogModuleManager: Shutting down and abandoning module ReferenceViewer (396)
[2017.08.14-15.40.37:275][896]LogModuleManager: Shutting down and abandoning module LocalizationDashboard (394)
[2017.08.14-15.40.37:316][896]LogModuleManager: Shutting down and abandoning module LocalizationService (393)
[2017.08.14-15.40.37:335][896]LogModuleManager: Shutting down and abandoning module HardwareTargeting (390)
[2017.08.14-15.40.37:352][896]LogModuleManager: Shutting down and abandoning module DeviceProfileEditor (388)
[2017.08.14-15.40.37:372][896]LogModuleManager: Shutting down and abandoning module UndoHistory (386)
[2017.08.14-15.40.37:398][896]LogModuleManager: Shutting down and abandoning module UserFeedback (384)
[2017.08.14-15.40.37:398][896]LogModuleManager: Shutting down and abandoning module XmlParser (382)
[2017.08.14-15.40.37:398][896]LogModuleManager: Shutting down and abandoning module Blutility (380)
[2017.08.14-15.40.37:409][896]LogModuleManager: Shutting down and abandoning module ProjectSettingsViewer (378)
[2017.08.14-15.40.37:409][896]LogModuleManager: Shutting down and abandoning module ProjectTargetPlatformEditor (377)
[2017.08.14-15.40.37:409][896]LogModuleManager: Shutting down and abandoning module EditorSettingsViewer (374)
[2017.08.14-15.40.37:409][896]LogModuleManager: Shutting down and abandoning module SettingsEditor (372)
[2017.08.14-15.40.37:440][896]LogModuleManager: Shutting down and abandoning module ProjectLauncher (370)
[2017.08.14-15.40.37:459][896]LogModuleManager: Shutting down and abandoning module SessionFrontend (368)
[2017.08.14-15.40.37:484][896]LogModuleManager: Shutting down and abandoning module ProfilerClient (366)
[2017.08.14-15.40.37:492][896]LogModuleManager: Shutting down and abandoning module DeviceManager (364)
[2017.08.14-15.40.37:544][896]LogModuleManager: Shutting down and abandoning module TargetDeviceServices (363)
[2017.08.14-15.40.37:610][896]LogModuleManager: Shutting down and abandoning module AutomationController (360)
[2017.08.14-15.40.37:628][896]LogModuleManager: Shutting down and abandoning module AutomationWindow (358)
[2017.08.14-15.40.37:678][896]LogModuleManager: Shutting down and abandoning module Layers (356)
[2017.08.14-15.40.37:722][896]LogModuleManager: Shutting down and abandoning module ComponentVisualizers (354)
[2017.08.14-15.40.37:722][896]LogModuleManager: Shutting down and abandoning module DetailCustomizations (352)
[2017.08.14-15.40.37:763][896]LogModuleManager: Shutting down and abandoning module PackagesDialog (350)
[2017.08.14-15.40.37:764][896]LogModuleManager: Shutting down and abandoning module Persona (348)
[2017.08.14-15.40.37:793][896]LogModuleManager: Shutting down and abandoning module AnimGraph (347)
[2017.08.14-15.40.37:793][896]LogModuleManager: Shutting down and abandoning module Kismet (344)
[2017.08.14-15.40.37:804][896]LogModuleManager: Shutting down and abandoning module GraphEditor (342)
[2017.08.14-15.40.37:804][896]LogModuleManager: Shutting down and abandoning module ClassViewer (340)
[2017.08.14-15.40.37:804][896]LogModuleManager: Shutting down and abandoning module Toolbox (338)
[2017.08.14-15.40.37:804][896]LogModuleManager: Shutting down and abandoning module ModuleUI (336)
[2017.08.14-15.40.37:825][896]LogModuleManager: Shutting down and abandoning module MovieSceneTools (334)
[2017.08.14-15.40.37:838][896]LogModuleManager: Shutting down and abandoning module OutputLog (332)
[2017.08.14-15.40.37:838][896]LogModuleManager: Shutting down and abandoning module GammaUI (330)
[2017.08.14-15.40.37:859][896]LogModuleManager: Shutting down and abandoning module Documentation (328)
[2017.08.14-15.40.37:860][896]LogModuleManager: Shutting down and abandoning module Niagara (326)
[2017.08.14-15.40.37:860][896]LogModuleManager: Shutting down and abandoning module StreamingPauseRendering (324)
[2017.08.14-15.40.37:860][896]LogModuleManager: Shutting down and abandoning module AnalyticsET (322)
[2017.08.14-15.40.37:860][896]LogModuleManager: Shutting down and abandoning module PortalServices (320)
[2017.08.14-15.40.37:860][896]LogModuleManager: Shutting down and abandoning module PortalRpc (318)
[2017.08.14-15.40.37:860][896]LogModuleManager: Shutting down and abandoning module MessagingRpc (316)
[2017.08.14-15.40.37:860][896]LogModuleManager: Shutting down and abandoning module AIModule (314)
[2017.08.14-15.40.37:860][896]LogModuleManager: Shutting down and abandoning module GameplayDebugger (313)
[2017.08.14-15.40.37:882][896]LogModuleManager: Shutting down and abandoning module AITestSuite (311)
[2017.08.14-15.40.37:882][896]LogModuleManager: Shutting down and abandoning module ProfilerService (308)
[2017.08.14-15.40.37:964][896]LogModuleManager: Shutting down and abandoning module TaskGraph (306)
[2017.08.14-15.40.38:546][896]LogModuleManager: Shutting down and abandoning module SteamVRController (304)
[2017.08.14-15.40.38:546][896]LogModuleManager: Shutting down and abandoning module SteamVR (302)
[2017.08.14-15.40.38:546][896]LogModuleManager: Shutting down and abandoning module ProceduralMeshComponentEditor (300)
[2017.08.14-15.40.38:546][896]LogModuleManager: Shutting down and abandoning module ProceduralMeshComponent (298)
[2017.08.14-15.40.38:553][896]LogModuleManager: Shutting down and abandoning module OculusLibrary (296)
[2017.08.14-15.40.38:553][896]LogModuleManager: Shutting down and abandoning module OculusInput (294)
[2017.08.14-15.40.38:553][896]LogModuleManager: Shutting down and abandoning module MobilePatchingUtils (292)
[2017.08.14-15.40.38:553][896]LogModuleManager: Shutting down and abandoning module CustomMeshComponent (290)
[2017.08.14-15.40.38:553][896]LogModuleManager: Shutting down and abandoning module CableComponent (288)
[2017.08.14-15.40.38:553][896]LogModuleManager: Shutting down and abandoning module ArchVisCharacter (286)
[2017.08.14-15.40.38:553][896]LogModuleManager: Shutting down and abandoning module MediaPlayerEditor (282)
[2017.08.14-15.40.38:574][896]LogModuleManager: Shutting down and abandoning module HTML5Networking (280)
[2017.08.14-15.40.38:574][896]LogModuleManager: Shutting down and abandoning module AlembicImporter (278)
[2017.08.14-15.40.38:586][896]LogModuleManager: Shutting down and abandoning module AlembicLibrary (277)
[2017.08.14-15.40.38:586][896]LogModuleManager: Shutting down and abandoning module GeometryCache (276)
[2017.08.14-15.40.38:586][896]LogModuleManager: Shutting down and abandoning module GeometryCacheEd (275)
[2017.08.14-15.40.38:586][896]LogModuleManager: Shutting down and abandoning module SuperSearchEditor (270)
[2017.08.14-15.40.38:586][896]LogModuleManager: Shutting down and abandoning module SuperSearch (269)
[2017.08.14-15.40.38:586][896]LogModuleManager: Shutting down and abandoning module SpeedTreeImporter (266)
[2017.08.14-15.40.38:586][896]LogModuleManager: Shutting down and abandoning module PluginBrowser (264)
[2017.08.14-15.40.38:601][896]LogModuleManager: Shutting down and abandoning module MobileLauncherProfileWizard (262)
[2017.08.14-15.40.38:621][896]LogModuleManager: Shutting down and abandoning module EpicSurvey (260)
[2017.08.14-15.40.38:621][896]LogModuleManager: Shutting down and abandoning module VisualStudioSourceCodeAccess (258)
[2017.08.14-15.40.38:621][896]LogModuleManager: Shutting down and abandoning module DesktopPlatform (257)
[2017.08.14-15.40.38:636][896]LogModuleManager: Shutting down and abandoning module UObjectPlugin (254)
[2017.08.14-15.40.38:636][896]LogModuleManager: Shutting down and abandoning module SubversionSourceControl (252)
[2017.08.14-15.40.38:651][896]LogModuleManager: Shutting down and abandoning module PerforceSourceControl (250)
[2017.08.14-15.40.38:656][896]LogModuleManager: Shutting down and abandoning module GitSourceControl (248)
[2017.08.14-15.40.38:660][896]LogModuleManager: Shutting down and abandoning module SourceControl (247)
[2017.08.14-15.40.38:664][896]LogModuleManager: Shutting down and abandoning module LightPropagationVolumeEditor (244)
[2017.08.14-15.40.38:664][896]LogModuleManager: Shutting down and abandoning module PaperTiledImporter (242)
[2017.08.14-15.40.38:664][896]LogModuleManager: Shutting down and abandoning module PaperSpriteSheetImporter (240)
[2017.08.14-15.40.38:664][896]LogModuleManager: Shutting down and abandoning module Paper2DEditor (238)
[2017.08.14-15.40.38:685][896]LogModuleManager: Shutting down and abandoning module MeshPaint (237)
[2017.08.14-15.40.38:697][896]LogModuleManager: Shutting down and abandoning module LevelEditor (235)
[2017.08.14-15.40.38:722][896]LogModuleManager: Shutting down and abandoning module PixelInspectorModule (234)
[2017.08.14-15.40.38:734][896]LogModuleManager: Shutting down and abandoning module MainFrame (232)
[2017.08.14-15.40.38:734][896]LogModuleManager: Shutting down and abandoning module HotReload (231)
[2017.08.14-15.40.38:743][896]LogDirectoryWatcher: A directory notification for 'C:/Users/chong/OneDrive/Documents/GitHub/FYP_DumbTesting/Meeting/Binaries/Win64' was aborted.
[2017.08.14-15.40.38:744][896]LogModuleManager: Shutting down and abandoning module ContentBrowser (227)
[2017.08.14-15.40.38:745][896]LogModuleManager: Shutting down and abandoning module Meeting (224)
[2017.08.14-15.40.38:745][896]LogModuleManager: Shutting down and abandoning module PhysXVehiclesEditor (222)
[2017.08.14-15.40.38:755][896]LogModuleManager: Shutting down and abandoning module PhysXVehicles (220)
[2017.08.14-15.40.38:755][896]LogModuleManager: Shutting down and abandoning module LocationServicesBPLibrary (218)
[2017.08.14-15.40.38:755][896]LogModuleManager: Shutting down and abandoning module UdpMessaging (216)
[2017.08.14-15.40.38:855][896]LogModuleManager: Shutting down and abandoning module TcpMessaging (214)
[2017.08.14-15.40.38:972][896]LogModuleManager: Shutting down and abandoning module GameplayTagsEditor (212)
[2017.08.14-15.40.38:992][896]LogModuleManager: Shutting down and abandoning module FacialAnimationEditor (210)
[2017.08.14-15.40.39:003][896]LogModuleManager: Shutting down and abandoning module FacialAnimation (208)
[2017.08.14-15.40.39:003][896]LogModuleManager: Shutting down and abandoning module LightPropagationVolumeRuntime (206)
[2017.08.14-15.40.39:003][896]LogModuleManager: Shutting down and abandoning module Paper2D (204)
[2017.08.14-15.40.39:007][896]LogModuleManager: Shutting down and abandoning module WindowsMoviePlayer (202)
[2017.08.14-15.40.39:007][896]LogModuleManager: Shutting down and abandoning module WmfMedia (200)
[2017.08.14-15.40.39:007][896]LogModuleManager: Shutting down and abandoning module MfMedia (198)
[2017.08.14-15.40.39:007][896]LogModuleManager: Shutting down and abandoning module MediaAssets (196)
[2017.08.14-15.40.39:007][896]LogModuleManager: Shutting down and abandoning module GameLiveStreaming (194)
[2017.08.14-15.40.39:014][896]LogModuleManager: Shutting down and abandoning module VREditor (192)
[2017.08.14-15.40.39:014][896]LogModuleManager: Shutting down and abandoning module GameplayTasksEditor (190)
[2017.08.14-15.40.39:014][896]LogModuleManager: Shutting down and abandoning module BehaviorTreeEditor (188)
[2017.08.14-15.40.39:030][896]LogModuleManager: Shutting down and abandoning module FunctionalTesting (186)
[2017.08.14-15.40.39:030][896]LogModuleManager: Shutting down and abandoning module CollisionAnalyzer (184)
[2017.08.14-15.40.39:038][896]LogModuleManager: Shutting down and abandoning module UMG (182)
[2017.08.14-15.40.39:053][896]LogModuleManager: Shutting down and abandoning module UMGEditor (181)
[2017.08.14-15.40.39:091][896]LogModuleManager: Shutting down and abandoning module Sequencer (180)
[2017.08.14-15.40.39:119][896]LogModuleManager: Shutting down and abandoning module AssetTools (178)
[2017.08.14-15.40.39:153][896]LogModuleManager: Shutting down and abandoning module MessageLog (177)
[2017.08.14-15.40.39:153][896]LogModuleManager: Shutting down and abandoning module WorkspaceMenuStructure (176)
[2017.08.14-15.40.39:153][896]LogModuleManager: Shutting down and abandoning module SlateReflector (170)
[2017.08.14-15.40.39:176][896]LogModuleManager: Shutting down and abandoning module Slate (168)
[2017.08.14-15.40.39:176][896]LogModuleManager: Shutting down and abandoning module EditorStyle (166)
[2017.08.14-15.40.39:180][896]LogModuleManager: Shutting down and abandoning module SourceCodeAccess (164)
[2017.08.14-15.40.39:189][896]LogModuleManager: Shutting down and abandoning module HeadMountedDisplay (162)
[2017.08.14-15.40.39:189][896]LogModuleManager: Shutting down and abandoning module XAudio2 (160)
[2017.08.14-15.40.39:189][896]LogModuleManager: Shutting down and abandoning module Networking (158)
[2017.08.14-15.40.39:189][896]LogModuleManager: Shutting down and abandoning module Core (154)
[2017.08.14-15.40.39:189][896]LogModuleManager: Shutting down and abandoning module AssetRegistry (152)
[2017.08.14-15.40.39:344][896]LogDirectoryWatcher: A directory notification for '../../../Engine/Content/' was aborted.
[2017.08.14-15.40.39:344][896]LogDirectoryWatcher: A directory notification for '../../../../../../Users/chong/OneDrive/Documents/GitHub/FYP_DumbTesting/Meeting/Content/' was aborted.
[2017.08.14-15.40.39:344][896]LogDirectoryWatcher: A directory notification for '../../../Engine/Plugins/2D/Paper2D/Content/' was aborted.
[2017.08.14-15.40.39:355][896]LogModuleManager: Shutting down and abandoning module DirectoryWatcher (151)
[2017.08.14-15.40.39:356][896]LogModuleManager: Shutting down and abandoning module KismetCompiler (148)
[2017.08.14-15.40.39:356][896]LogModuleManager: Shutting down and abandoning module PhysXFormats (146)
[2017.08.14-15.40.39:356][896]LogModuleManager: Shutting down and abandoning module MeshUtilities (144)
[2017.08.14-15.40.39:371][896]LogModuleManager: Shutting down and abandoning module SimplygonSwarm (143)
[2017.08.14-15.40.39:381][896]LogModuleManager: Shutting down and abandoning module SimplygonMeshReduction (141)
[2017.08.14-15.40.39:381][896]LogModuleManager: Shutting down and abandoning module QuadricMeshReduction (139)
[2017.08.14-15.40.39:381][896]LogModuleManager: Shutting down and abandoning module PropertyEditor (137)
[2017.08.14-15.40.39:381][896]LogModuleManager: Shutting down and abandoning module DerivedDataCache (134)
[2017.08.14-15.40.39:458][896]LogDerivedDataCache: Shutdown
[2017.08.14-15.40.39:458][896]LogModuleManager: Shutting down and abandoning module TargetPlatform (132)
[2017.08.14-15.40.39:458][896]LogModuleManager: Shutting down and abandoning module VulkanShaderFormat (131)
[2017.08.14-15.40.39:469][896]LogModuleManager: Shutting down and abandoning module ShaderFormatOpenGL (129)
[2017.08.14-15.40.39:475][896]LogModuleManager: Shutting down and abandoning module ShaderFormatD3D (127)
[2017.08.14-15.40.39:475][896]LogModuleManager: Shutting down and abandoning module MetalShaderFormat (125)
[2017.08.14-15.40.39:494][896]LogModuleManager: Shutting down and abandoning module TextureFormatUncompressed (123)
[2017.08.14-15.40.39:494][896]LogModuleManager: Shutting down and abandoning module TextureFormatPVR (121)
[2017.08.14-15.40.39:494][896]LogModuleManager: Shutting down and abandoning module TextureFormatDXT (119)
[2017.08.14-15.40.39:494][896]LogModuleManager: Shutting down and abandoning module TextureFormatIntelISPCTexComp (117)
[2017.08.14-15.40.39:500][896]LogModuleManager: Shutting down and abandoning module TextureFormatASTC (115)
[2017.08.14-15.40.39:500][896]LogModuleManager: Shutting down and abandoning module ImageWrapper (114)
[2017.08.14-15.40.39:500][896]LogModuleManager: Shutting down and abandoning module TextureFormatAndroid (111)
[2017.08.14-15.40.39:500][896]LogModuleManager: Shutting down and abandoning module AudioFormatOpus (109)
[2017.08.14-15.40.39:509][896]LogModuleManager: Shutting down and abandoning module AudioFormatOgg (107)
[2017.08.14-15.40.39:509][896]LogModuleManager: Shutting down and abandoning module AudioFormatADPCM (105)
[2017.08.14-15.40.39:509][896]LogModuleManager: Shutting down and abandoning module LinuxTargetPlatform (103)
[2017.08.14-15.40.39:509][896]LogModuleManager: Shutting down and abandoning module LinuxServerTargetPlatform (101)
[2017.08.14-15.40.39:509][896]LogModuleManager: Shutting down and abandoning module LinuxNoEditorTargetPlatform (99)
[2017.08.14-15.40.39:509][896]LogModuleManager: Shutting down and abandoning module LinuxClientTargetPlatform (97)
[2017.08.14-15.40.39:509][896]LogModuleManager: Shutting down and abandoning module TVOSTargetPlatform (95)
[2017.08.14-15.40.39:509][896]LogModuleManager: Shutting down and abandoning module Messaging (93)
[2017.08.14-15.40.39:509][896]LogModuleManager: Shutting down and abandoning module IOSTargetPlatform (91)
[2017.08.14-15.40.39:509][896]LogModuleManager: Shutting down and abandoning module HTML5TargetPlatform (89)
[2017.08.14-15.40.39:509][896]LogModuleManager: Shutting down and abandoning module Android_PVRTCTargetPlatform (87)
[2017.08.14-15.40.39:509][896]LogModuleManager: Shutting down and abandoning module Android_MultiTargetPlatform (85)
[2017.08.14-15.40.39:509][896]LogModuleManager: Shutting down and abandoning module Android_ETC2TargetPlatform (83)
[2017.08.14-15.40.39:509][896]LogModuleManager: Shutting down and abandoning module Android_ETC1TargetPlatform (81)
[2017.08.14-15.40.39:509][896]LogModuleManager: Shutting down and abandoning module Android_DXTTargetPlatform (79)
[2017.08.14-15.40.39:509][896]LogModuleManager: Shutting down and abandoning module Android_ATCTargetPlatform (77)
[2017.08.14-15.40.39:509][896]LogModuleManager: Shutting down and abandoning module Android_ASTCTargetPlatform (75)
[2017.08.14-15.40.39:509][896]LogModuleManager: Shutting down and abandoning module AndroidTargetPlatform (73)
[2017.08.14-15.40.39:509][896]LogModuleManager: Shutting down and abandoning module WindowsTargetPlatform (71)
[2017.08.14-15.40.39:509][896]LogModuleManager: Shutting down and abandoning module WindowsServerTargetPlatform (69)
[2017.08.14-15.40.39:509][896]LogModuleManager: Shutting down and abandoning module WindowsNoEditorTargetPlatform (67)
[2017.08.14-15.40.39:509][896]LogModuleManager: Shutting down and abandoning module WindowsClientTargetPlatform (65)
[2017.08.14-15.40.39:509][896]LogModuleManager: Shutting down and abandoning module MacTargetPlatform (63)
[2017.08.14-15.40.39:509][896]LogModuleManager: Shutting down and abandoning module MacServerTargetPlatform (61)
[2017.08.14-15.40.39:509][896]LogModuleManager: Shutting down and abandoning module MacNoEditorTargetPlatform (59)
[2017.08.14-15.40.39:509][896]LogModuleManager: Shutting down and abandoning module MacClientTargetPlatform (57)
[2017.08.14-15.40.39:509][896]LogModuleManager: Shutting down and abandoning module AllDesktopTargetPlatform (55)
[2017.08.14-15.40.39:509][896]LogModuleManager: Shutting down and abandoning module InputCore (52)
[2017.08.14-15.40.39:509][896]LogModuleManager: Shutting down and abandoning module Settings (50)
[2017.08.14-15.40.39:509][896]LogModuleManager: Shutting down and abandoning module OculusRift (48)
[2017.08.14-15.40.39:525][896]LogModuleManager: Shutting down and abandoning module GearVR (46)
[2017.08.14-15.40.39:525][896]LogModuleManager: Shutting down and abandoning module ExampleDeviceProfileSelector (44)
[2017.08.14-15.40.39:525][896]LogModuleManager: Shutting down and abandoning module OnlineBlueprintSupport (42)
[2017.08.14-15.40.39:525][896]LogModuleManager: Shutting down and abandoning module OnlineSubsystem (38)
[2017.08.14-15.40.39:525][896]LogOnline:Display: Unloading online subsystem: NULL
[2017.08.14-15.40.39:544][896]LogModuleManager: Shutting down and abandoning module XMPP (37)
[2017.08.14-15.40.39:556][896]LogModuleManager: Shutting down and abandoning module HTTP (35)
[2017.08.14-15.40.39:566][896]LogHttp:Display: Http module shutting down, but needs to wait on 1 outstanding Http requests:
[2017.08.14-15.40.39:566][896]LogHttp:Display: 	verb=[POST] url=[https://datarouter.ol.epicgames.com/datarouter/api/v1/public/data?SessionID=%7B19CABA2F-4B68-8220-2822-998664FF5553%7D&AppID=UEEditor.Rocket.Release&AppVersion=4.15.3-3450819%2B%2B%2BUE4%2BRelease-4.15&UserID=b99de09e4fd31c4d8810b7b27378685f%7Cd854f23f85534a6a958aa5db07b32c86%7Cc8e0bc57-2edb-4c06-a7cf-4ae6b98e3978&AppEnvironment=datacollector-binary&UploadType=eteventstream] status=Processing
[2017.08.14-15.40.39:601][896]LogModuleManager: Shutting down and abandoning module SSL (34)
[2017.08.14-15.40.39:613][896]LogModuleManager: Shutting down and abandoning module AudioEditor (30)
[2017.08.14-15.40.39:627][896]LogModuleManager: Shutting down and abandoning module TextureCompressor (28)
[2017.08.14-15.40.39:627][896]LogModuleManager: Shutting down and abandoning module ShaderCore (26)
[2017.08.14-15.40.39:627][896]LogModuleManager: Shutting down and abandoning module Landscape (24)
[2017.08.14-15.40.39:627][896]LogModuleManager: Shutting down and abandoning module SlateRHIRenderer (22)
[2017.08.14-15.40.39:658][896]LogModuleManager: Shutting down and abandoning module OpenGLDrv (20)
[2017.08.14-15.40.39:675][896]LogModuleManager: Shutting down and abandoning module D3D11RHI (18)
[2017.08.14-15.40.39:675][896]LogModuleManager: Shutting down and abandoning module AnimGraphRuntime (16)
[2017.08.14-15.40.39:681][896]LogModuleManager: Shutting down and abandoning module Renderer (14)
[2017.08.14-15.40.39:681][896]LogModuleManager: Shutting down and abandoning module Engine (12)
[2017.08.14-15.40.39:681][896]LogModuleManager: Shutting down and abandoning module CoreUObject (10)
[2017.08.14-15.40.39:681][896]LogModuleManager: Shutting down and abandoning module NetworkFile (8)
[2017.08.14-15.40.39:681][896]LogModuleManager: Shutting down and abandoning module StreamingFile (6)
[2017.08.14-15.40.39:681][896]LogModuleManager: Shutting down and abandoning module SandboxFile (4)
[2017.08.14-15.40.39:681][896]LogModuleManager: Shutting down and abandoning module PakFile (2)
[2017.08.14-15.40.39:697][896]LogExit: Exiting.
[2017.08.14-15.40.39:727][896]Log file closed, 08/14/17 23:40:39
