Log file open, 07/16/17 01:43:46
LogInit:Display: Running engine for game: Meeting
LogPlatformFile: Not using cached read wrapper
LogInit:Display: RandInit(-1717987078) SRandInit(-1717987077).
LogTaskGraph: Started task graph with 5 named threads and 8 total threads with 1 sets of task threads.
LogStats: Stats thread started at 0.075391
LogInit: Using libcurl 7.47.1
LogInit:  - built for x86_64-pc-win32
LogInit:  - supports SSL with OpenSSL/1.0.2g
LogInit:  - supports HTTP deflate (compression) using libz 1.2.8
LogInit:  - other features:
LogInit:      CURL_VERSION_SSL
LogInit:      CURL_VERSION_LIBZ
LogInit:      CURL_VERSION_IPV6
LogInit:      CURL_VERSION_ASYNCHDNS
LogInit:      CURL_VERSION_LARGEFILE
LogInit:      CURL_VERSION_IDN
LogInit:  CurlRequestOptions (configurable via config and command line):
LogInit:  - bVerifyPeer = false  - Libcurl will NOT verify peer certificate
LogInit:  - bUseHttpProxy = false  - Libcurl will NOT use HTTP proxy
LogInit:  - bDontReuseConnections = false  - Libcurl will reuse connections
LogInit:  - CertBundlePath = nullptr  - Libcurl will use whatever was configured at build time.
LogInit: Build: ++UE4+Release-4.15-CL-3450819
LogInit: Engine Version: 4.15.3-3450819+++UE4+Release-4.15
LogInit: Compatible Engine Version: 4.15.0-3299760+++UE4+Release-4.15
LogInit: Net CL: 3299760
LogDevObjectVersion: Number of dev versions registered: 14
LogDevObjectVersion:   Dev-Blueprints (B0D832E4-1F89-4F0D-ACCF-7EB736FD4AA2): 8
LogDevObjectVersion:   Dev-Build (E1C64328-A22C-4D53-A36C-8E866417BD8C): 0
LogDevObjectVersion:   Dev-Core (375EC13C-06E4-48FB-B500-84F0262A717E): 2
LogDevObjectVersion:   Dev-Editor (E4B068ED-F494-42E9-A231-DA0B2E46BB41): 14
LogDevObjectVersion:   Dev-Framework (CFFC743F-43B0-4480-9391-14DF171D2073): 22
LogDevObjectVersion:   Dev-Mobile (B02B49B5-BB20-44E9-A304-32B752E40360): 0
LogDevObjectVersion:   Dev-Networking (A4E4105C-59A1-49B5-A7C5-40C4547EDFEE): 0
LogDevObjectVersion:   Dev-Online (39C831C9-5AE6-47DC-9A44-9C173E1C8E7C): 0
LogDevObjectVersion:   Dev-Physics (78F01B33-EBEA-4F98-B9B4-84EACCB95AA2): 0
LogDevObjectVersion:   Dev-Platform (6631380F-2D4D-43E0-8009-CF276956A95A): 0
LogDevObjectVersion:   Dev-Rendering (12F88B9F-8875-4AFC-A67C-D90C383ABD29): 12
LogDevObjectVersion:   Dev-Sequencer (7B5AE74C-D270-4C10-A958-57980B212A5A): 3
LogDevObjectVersion:   Dev-VR (D7296918-1DD6-4BDD-9DE2-64A83CC13884): 0
LogDevObjectVersion:   Dev-LoadTimes (C2A15278-BFE7-4AFE-6C17-90FF531DF755): 1
LogInit: Compiled (64-bit): May 21 2017 11:02:34
LogInit: Compiled with Visual C++: 19.00.23026.00
LogInit: Build Configuration: Development
LogInit: Branch Name: ++UE4+Release-4.15
LogInit: Command line:  
LogInit: Base directory: D:/UE_4.15/Engine/Binaries/Win64/
LogInit: Installed Engine Build: 1
LogInit: Presizing for max 8388607 objects, including 0 objects not considered by GC, pre-allocating 0 bytes for permanent pool.
LogInit: Object subsystem initialized
[2017.07.15-17.43.47:393][  0]LogInit: Selected Device Profile: [Windows]
[2017.07.15-17.43.47:393][  0]LogInit: Applying CVar settings loaded from the selected device profile: [Windows]
[2017.07.15-17.43.47:405][  0]LogInit: Computer: ASUS
[2017.07.15-17.43.47:405][  0]LogInit: User: User
[2017.07.15-17.43.47:405][  0]LogInit: CPU Page size=65536, Cores=4
[2017.07.15-17.43.47:405][  0]LogInit: High frequency timer resolution =2.338348 MHz
[2017.07.15-17.43.47:405][  0]LogMemory: Memory total: Physical=7.9GB (8GB approx)
[2017.07.15-17.43.47:405][  0]LogMemory: Platform Memory Stats for Windows
[2017.07.15-17.43.47:405][  0]LogMemory: Process Physical Memory: 263.37 MB used, 263.37 MB peak
[2017.07.15-17.43.47:406][  0]LogMemory: Process Virtual Memory: 262.59 MB used, 262.59 MB peak
[2017.07.15-17.43.47:406][  0]LogMemory: Physical Memory: 3978.85 MB used,  4130.63 MB free, 8109.48 MB total
[2017.07.15-17.43.47:406][  0]LogMemory: Virtual Memory: 646.04 MB used,  4130.63 MB free, 134217728.00 MB total
[2017.07.15-17.43.47:475][  0]LogTextLocalizationManager: No specific translations for ('en-US') exist, so ('en') translations will be used.
[2017.07.15-17.43.48:110][  0]LogD3D11RHI: D3D11 adapters:
[2017.07.15-17.43.48:133][  0]LogD3D11RHI:    0. 'NVIDIA GeForce GTX 770M' (Feature Level 11_0)
[2017.07.15-17.43.48:133][  0]LogD3D11RHI:       3039/0/4054 MB DedicatedVideo/DedicatedSystem/SharedSystem, Outputs:1, VendorId:0x10de
[2017.07.15-17.43.48:135][  0]LogD3D11RHI:    1. 'Microsoft Basic Render Driver' (Feature Level 11_0)
[2017.07.15-17.43.48:135][  0]LogD3D11RHI:       0/0/4054 MB DedicatedVideo/DedicatedSystem/SharedSystem, Outputs:0, VendorId:0x1414
[2017.07.15-17.43.48:135][  0]LogD3D11RHI: Chosen D3D11 Adapter: 0
[2017.07.15-17.43.48:138][  0]LogD3D11RHI: Creating new Direct3DDevice
[2017.07.15-17.43.48:138][  0]LogD3D11RHI:     GPU DeviceId: 0x11e0 (for the marketing name, search the web for "GPU Device Id")
[2017.07.15-17.43.48:138][  0]LogWindows: EnumDisplayDevices:
[2017.07.15-17.43.48:138][  0]LogWindows:    0. 'NVIDIA GeForce GTX 770M' (P:1 D:1)
[2017.07.15-17.43.48:139][  0]LogWindows:    1. 'NVIDIA GeForce GTX 770M' (P:0 D:0)
[2017.07.15-17.43.48:139][  0]LogWindows:    2. 'NVIDIA GeForce GTX 770M' (P:0 D:0)
[2017.07.15-17.43.48:139][  0]LogWindows:    3. 'NVIDIA GeForce GTX 770M' (P:0 D:0)
[2017.07.15-17.43.48:139][  0]LogWindows: DebugString: FoundDriverCount:4 
[2017.07.15-17.43.48:139][  0]LogD3D11RHI:     Adapter Name: NVIDIA GeForce GTX 770M
[2017.07.15-17.43.48:139][  0]LogD3D11RHI:   Driver Version: 375.63 (internal:21.21.13.7563, unified:375.63)
[2017.07.15-17.43.48:139][  0]LogD3D11RHI:      Driver Date: 10-21-2016
[2017.07.15-17.43.48:139][  0]LogRHI: Texture pool is 1361 MB (70% of 1945 MB)
[2017.07.15-17.43.48:152][  0]LogD3D11RHI:Warning: Timestamp queries are currently disabled on this hardware due to instability. Realtime GPU stats will not be available. You can override this behaviour by setting r.NVIDIATimestampWorkaround to 0
[2017.07.15-17.43.48:153][  0]LogD3D11RHI: Async texture creation enabled
[2017.07.15-17.43.48:170][  0]LogD3D11RHI: GPU Timing Frequency: 1000.000000 (Debug: 2 2)
[2017.07.15-17.43.48:218][  0]LogShaderCompilers: Guid format shader working directory is -14 characters bigger than the processId version (C:/Users/User/Desktop/Unreal/GitHub/FYP_DumbTesting/Meeting/Intermediate/Shaders/WorkingDirectory/8056/).
[2017.07.15-17.43.48:218][  0]LogShaderCompilers: Cleaned the shader compiler working directory 'C:/Users/User/AppData/Local/Temp/UnrealShaderWorkingDir/BEF79E404C64D580769943AB71D216EC/'.
[2017.07.15-17.43.48:218][  0]LogShaderCompilers:Display: Using Local Shader Compiler.
[2017.07.15-17.43.49:254][  0]LogTemp:Display: Loaded TP AllDesktopTargetPlatform
[2017.07.15-17.43.49:303][  0]LogTemp:Display: Loaded TP MacClientTargetPlatform
[2017.07.15-17.43.49:349][  0]LogTemp:Display: Loaded TP MacNoEditorTargetPlatform
[2017.07.15-17.43.49:394][  0]LogTemp:Display: Loaded TP MacServerTargetPlatform
[2017.07.15-17.43.49:440][  0]LogTemp:Display: Loaded TP MacTargetPlatform
[2017.07.15-17.43.49:485][  0]LogTemp:Display: Loaded TP WindowsClientTargetPlatform
[2017.07.15-17.43.49:531][  0]LogTemp:Display: Loaded TP WindowsNoEditorTargetPlatform
[2017.07.15-17.43.49:577][  0]LogTemp:Display: Loaded TP WindowsServerTargetPlatform
[2017.07.15-17.43.49:613][  0]LogTemp:Display: Loaded TP WindowsTargetPlatform
[2017.07.15-17.43.49:657][  0]LogTemp:Display: Loaded TP AndroidTargetPlatform
[2017.07.15-17.43.49:702][  0]LogTemp:Display: Loaded TP Android_ASTCTargetPlatform
[2017.07.15-17.43.49:746][  0]LogTemp:Display: Loaded TP Android_ATCTargetPlatform
[2017.07.15-17.43.49:792][  0]LogTemp:Display: Loaded TP Android_DXTTargetPlatform
[2017.07.15-17.43.49:837][  0]LogTemp:Display: Loaded TP Android_ETC1TargetPlatform
[2017.07.15-17.43.49:881][  0]LogTemp:Display: Loaded TP Android_ETC2TargetPlatform
[2017.07.15-17.43.49:972][  0]LogTemp:Display: Loaded TP Android_MultiTargetPlatform
[2017.07.15-17.43.49:972][  0]LogTemp:Display: Loaded TP Android_PVRTCTargetPlatform
[2017.07.15-17.43.50:001][  0]LogTemp:Display: Loaded TP HTML5TargetPlatform
[2017.07.15-17.43.50:083][  0]LogTemp:Display: Loaded TP IOSTargetPlatform
[2017.07.15-17.43.50:112][  0]LogTemp:Display: Loaded TP TVOSTargetPlatform
[2017.07.15-17.43.50:157][  0]LogTemp:Display: Loaded TP LinuxClientTargetPlatform
[2017.07.15-17.43.50:201][  0]LogTemp:Display: Loaded TP LinuxNoEditorTargetPlatform
[2017.07.15-17.43.50:245][  0]LogTemp:Display: Loaded TP LinuxServerTargetPlatform
[2017.07.15-17.43.50:290][  0]LogTemp:Display: Loaded TP LinuxTargetPlatform
[2017.07.15-17.43.50:290][  0]LogTargetPlatformManager:Display: Building Assets For Windows
[2017.07.15-17.43.50:607][  0]LogDerivedDataCache:Display: Max Cache Size: 512 MB
[2017.07.15-17.43.50:655][  0]LogDerivedDataCache: Loaded boot cache 0.05s 50MB C:/Users/User/AppData/Local/UnrealEngine/4.15/DerivedDataCache/Boot.ddc.
[2017.07.15-17.43.50:655][  0]LogDerivedDataCache:Display: Loaded Boot cache: C:/Users/User/AppData/Local/UnrealEngine/4.15/DerivedDataCache/Boot.ddc
[2017.07.15-17.43.50:655][  0]LogDerivedDataCache: FDerivedDataBackendGraph:  Pak pak cache file C:/Users/User/Desktop/Unreal/GitHub/FYP_DumbTesting/Meeting/DerivedDataCache/DDC.ddp not found, will not use a pak cache.
[2017.07.15-17.43.50:655][  0]LogDerivedDataCache: Unable to find inner node Pak for hierarchical cache Hierarchy.
[2017.07.15-17.43.50:655][  0]LogDerivedDataCache: FDerivedDataBackendGraph:  CompressedPak pak cache file C:/Users/User/Desktop/Unreal/GitHub/FYP_DumbTesting/Meeting/DerivedDataCache/Compressed.ddp not found, will not use a pak cache.
[2017.07.15-17.43.50:655][  0]LogDerivedDataCache: Unable to find inner node CompressedPak for hierarchical cache Hierarchy.
[2017.07.15-17.43.50:674][  0]LogDerivedDataCache:Display: Pak cache opened for reading ../../../Engine/DerivedDataCache/Compressed.ddp.
[2017.07.15-17.43.50:688][  0]LogDerivedDataCache: Using Local data cache path C:/Users/User/AppData/Local/UnrealEngine/Common/DerivedDataCache: Writable
[2017.07.15-17.43.50:697][  0]LogSlate: Using Freetype 2.6.0
[2017.07.15-17.43.50:697][  0]LogSlate: SlateFontCache - WITH_FREETYPE: 1, WITH_HARFBUZZ: 1
[2017.07.15-17.43.50:697][  0]LogSlate: SlateFontCache - WITH_FREETYPE: 1, WITH_HARFBUZZ: 1
[2017.07.15-17.43.50:958][  0]LogInit: Selected Device Profile: [Windows]
[2017.07.15-17.43.50:960][  0]LogContentStreaming: Texture pool size is 0.00 MB
[2017.07.15-17.43.51:137][  0]LogMeshUtilities: Using QuadricMeshReduction for automatic static mesh reduction
[2017.07.15-17.43.51:168][  0]LogSimplygon: Simplygon DLL not present - disabling.
[2017.07.15-17.43.51:205][  0]LogMeshUtilities: Using SimplygonSwarm for distributed automatic mesh merging
[2017.07.15-17.43.51:205][  0]LogMeshUtilities: No automatic skeletal mesh reduction module available
[2017.07.15-17.43.51:205][  0]LogMeshUtilities: No automatic mesh merging module available
[2017.07.15-17.43.51:677][  0]LogNetVersion: GetLocalNetworkVersion: CL: 3299760, ProjectName: meeting, ProjectVersion: , EngineNetworkVersion: 2, GameNetworkVersion: 0, NetworkChecksum: 116300604
[2017.07.15-17.43.51:716][  0]LogAssetRegistry: FAssetRegistry took 0.0217 seconds to start up
[2017.07.15-17.43.51:757][  0]LogPackageLocalizationCache: Processed 3 localized package path(s) for 2 prioritized culture(s) in 0.026151 seconds
[2017.07.15-17.43.51:762][  0]LogUObjectArray: 32493 objects as part of root set at end of initial load.
[2017.07.15-17.43.51:762][  0]LogUObjectAllocator: 7077024 out of 0 bytes used by permanent object pool.
[2017.07.15-17.43.51:762][  0]LogUObjectArray: CloseDisregardForGC: 0/0 objects in disregard for GC pool
[2017.07.15-17.43.51:805][  0]LogInit: WinSock: version 1.1 (2.2), MaxSocks=32767, MaxUdp=65467
[2017.07.15-17.43.53:185][  0]LogTcpMessaging: Initializing TcpMessaging bridge
[2017.07.15-17.43.53:220][  0]LogUdpMessaging: Initializing bridge on interface 0.0.0.0:0 to multicast group 230.0.0.1:6666.
[2017.07.15-17.43.53:635][  0]LogMaterial: Uniform references updated for custom material expression Custom.
[2017.07.15-17.43.53:939][  0]SourceControl: Info Source control is disabled
[2017.07.15-17.43.53:978][  0]SourceControl: Info Source control is disabled
[2017.07.15-17.43.54:015][  0]SourceControl: Info Source control is disabled
[2017.07.15-17.43.54:052][  0]SourceControl: Info Source control is disabled
[2017.07.15-17.43.55:057][  0]LogEngine: Initializing Engine...
[2017.07.15-17.43.55:058][  0]LogHMD: Failed to initialize OpenVR with code 100
[2017.07.15-17.43.55:162][  0]LogStats: UGameplayTagsManager::ConstructGameplayTagTree: Construct from data asset -  0.000 s
[2017.07.15-17.43.55:162][  0]LogStats: UGameplayTagsManager::ConstructGameplayTagTree: GameplayTagTreeChangedEvent.Broadcast -  0.000 s
[2017.07.15-17.43.55:250][  0]LogAIModule: Creating AISystem for world Untitled
[2017.07.15-17.43.55:258][  0]LogInit: XAudio2 using 'Speakers (Realtek High Definition Audio)' : 2 channels at 48 kHz using 32 bits per sample (channel mask 0x3)
[2017.07.15-17.43.55:379][  0]LogInit: FAudioDevice initialized.
[2017.07.15-17.43.55:404][  0]LogDerivedDataCache: Saved boot cache 0.02s 50MB C:/Users/User/AppData/Local/UnrealEngine/4.15/DerivedDataCache/Boot.ddc.
[2017.07.15-17.43.55:410][  0]LogInit: Texture streaming: Enabled
[2017.07.15-17.43.55:479][  0]LogEngineSessionManager: EngineSessionManager initialized
[2017.07.15-17.43.55:544][  0]LogInit: Transaction tracking system initialized
[2017.07.15-17.43.55:797][  0]BlueprintLog: New page: Editor Load
[2017.07.15-17.43.56:441][  0]LocalizationService: Info Localization service is disabled
[2017.07.15-17.43.56:943][  0]LogConsoleResponse:Display: 
[2017.07.15-17.43.57:051][  0]LogCook:Display: Max memory allowance for cook 16384mb min free memory 0mb
[2017.07.15-17.43.57:051][  0]LogCook:Display: Mobile HDR setting 1
[2017.07.15-17.43.57:852][  0]LogFileCache: Scanning file cache for directory 'C:/Users/User/Desktop/Unreal/GitHub/FYP_DumbTesting/Meeting/Content/' took 0.02s
[2017.07.15-17.43.57:852][  0]SourceControl: Info Source control is disabled
[2017.07.15-17.43.57:852][  0]Cmd: MAP LOAD FILE="C:/Users/User/Desktop/Unreal/GitHub/FYP_DumbTesting/Meeting/Content/ThirdPersonBP/Maps/MockUp_Map.umap" TEMPLATE=0 SHOWPROGRESS=1 FEATURELEVEL=3
[2017.07.15-17.43.57:853][  0]LightingResults: New page: Lighting Build
[2017.07.15-17.43.57:883][  0]MapCheck: New page: Map Check
[2017.07.15-17.43.57:883][  0]LightingResults: New page: Lighting Build
[2017.07.15-17.43.58:107][  0]LogBlueprint:Warning: [Compiler ThirdPersonCharacter] Warning InputAction Event references unknown Action 'ResetVR' for  InputAction ResetVR
[2017.07.15-17.43.58:107][  0]LogBlueprint:Warning: [Compiler ThirdPersonCharacter] Warning Input Axis Event references unknown Axis 'LookUpRate' for  InputAxis LookUpRate
[2017.07.15-17.43.58:107][  0]LogBlueprint:Warning: [Compiler ThirdPersonCharacter] Warning Input Axis Event references unknown Axis 'TurnRate' for  InputAxis TurnRate
[2017.07.15-17.43.58:107][  0]LogBlueprint:Warning: [Compiler ThirdPersonCharacter] Warning InputAction Event references unknown Action 'Jump' for  InputAction Jump
[2017.07.15-17.43.58:107][  0]LogBlueprint:Warning: [Compiler ThirdPersonCharacter] Warning Input Axis Event references unknown Axis 'LookUp' for  InputAxis LookUp
[2017.07.15-17.43.58:107][  0]LogBlueprint:Warning: [Compiler ThirdPersonCharacter] Warning Input Axis Event references unknown Axis 'Turn' for  InputAxis Turn
[2017.07.15-17.43.58:111][  0]LogBlueprint:Warning: [Compiler ThirdPersonCharacter] Warning [0012.77] Compile of ThirdPersonCharacter successful, but with 6 Warning(s) [in 7 ms] (/Game/ThirdPersonBP/Blueprints/ThirdPersonCharacter.ThirdPersonCharacter)
[2017.07.15-17.43.58:111][  0]LogBlueprint:Warning: [Compiler ThirdPersonCharacter] Warning [0012.77] Compile of ThirdPersonCharacter successful, but with 7 Warning(s) [in 0 ms] (/Game/ThirdPersonBP/Blueprints/ThirdPersonCharacter.ThirdPersonCharacter)
[2017.07.15-17.43.58:111][  0]LogBlueprint:Warning: [Compiler ThirdPersonCharacter] Warning [0012.77] Compile of ThirdPersonCharacter successful, but with 8 Warning(s) [in 0 ms] (/Game/ThirdPersonBP/Blueprints/ThirdPersonCharacter.ThirdPersonCharacter)
[2017.07.15-17.43.58:116][  0]LogBlueprint:Warning: [Compiler ThirdPersonCharacter] Warning InputAction Event references unknown Action 'ResetVR' for  InputAction ResetVR
[2017.07.15-17.43.58:116][  0]LogBlueprint:Warning: [Compiler ThirdPersonCharacter] Warning Input Axis Event references unknown Axis 'LookUpRate' for  InputAxis LookUpRate
[2017.07.15-17.43.58:117][  0]LogBlueprint:Warning: [Compiler ThirdPersonCharacter] Warning Input Axis Event references unknown Axis 'TurnRate' for  InputAxis TurnRate
[2017.07.15-17.43.58:117][  0]LogBlueprint:Warning: [Compiler ThirdPersonCharacter] Warning InputAction Event references unknown Action 'Jump' for  InputAction Jump
[2017.07.15-17.43.58:117][  0]LogBlueprint:Warning: [Compiler ThirdPersonCharacter] Warning Input Axis Event references unknown Axis 'LookUp' for  InputAxis LookUp
[2017.07.15-17.43.58:117][  0]LogBlueprint:Warning: [Compiler ThirdPersonCharacter] Warning Input Axis Event references unknown Axis 'Turn' for  InputAxis Turn
[2017.07.15-17.43.58:121][  0]LogBlueprint:Warning: [Compiler ThirdPersonCharacter] Warning [0012.78] Compile of ThirdPersonCharacter successful, but with 6 Warning(s) [in 7 ms] (/Game/ThirdPersonBP/Blueprints/ThirdPersonCharacter.ThirdPersonCharacter)
[2017.07.15-17.43.58:121][  0]LogBlueprint:Warning: [Compiler ThirdPersonCharacter] Warning [0012.78] Compile of ThirdPersonCharacter successful, but with 7 Warning(s) [in 0 ms] (/Game/ThirdPersonBP/Blueprints/ThirdPersonCharacter.ThirdPersonCharacter)
[2017.07.15-17.43.58:121][  0]LogBlueprint:Warning: [Compiler ThirdPersonCharacter] Warning [0012.78] Compile of ThirdPersonCharacter successful, but with 8 Warning(s) [in 0 ms] (/Game/ThirdPersonBP/Blueprints/ThirdPersonCharacter.ThirdPersonCharacter)
[2017.07.15-17.43.58:225][  0]LogLinker:Warning: Can't find file '/Game/Art/Environment/newdev/FLOORFLOOR'
[2017.07.15-17.43.58:225][  0]LogLinker:Warning: Can't find file for asset '/Game/Art/Environment/newdev/FLOORFLOOR' while loading C:/Users/User/Desktop/Unreal/GitHub/FYP_DumbTesting/Meeting/Content/Art/Environment/Mesh/SM_Corridor_Floor.uasset.
[2017.07.15-17.43.58:225][  0]LoadErrors:Error: Error /Game/Art/Environment/Mesh/SM_Corridor_Floor : Can't find file for asset. /Game/Art/Environment/newdev/FLOORFLOOR
[2017.07.15-17.43.58:226][  0]LogLinker:Warning: Can't find file '/Game/Art/Environment/newdev/FLOORFLOOR'
[2017.07.15-17.43.58:226][  0]LogLinker:Warning: Can't find file for asset '/Game/Art/Environment/newdev/FLOORFLOOR' while loading C:/Users/User/Desktop/Unreal/GitHub/FYP_DumbTesting/Meeting/Content/Art/Environment/Mesh/SM_Corridor_Floor.uasset.
[2017.07.15-17.43.58:226][  0]LoadErrors:Error: Error /Game/Art/Environment/Mesh/SM_Corridor_Floor : Can't find file for asset. /Game/Art/Environment/newdev/FLOORFLOOR
[2017.07.15-17.43.58:227][  0]LogLinker:Warning: Can't find file '/Game/Art/Environment/newdev/zzzzzz'
[2017.07.15-17.43.58:227][  0]LogLinker:Warning: Can't find file for asset '/Game/Art/Environment/newdev/zzzzzz' while loading C:/Users/User/Desktop/Unreal/GitHub/FYP_DumbTesting/Meeting/Content/Art/Environment/Mesh/SM_Corridor_Frame.uasset.
[2017.07.15-17.43.58:227][  0]LoadErrors:Error: Error /Game/Art/Environment/Mesh/SM_Corridor_Frame : Can't find file for asset. /Game/Art/Environment/newdev/zzzzzz
[2017.07.15-17.43.58:227][  0]LogLinker:Warning: Can't find file '/Game/Art/Environment/newdev/zzzzzz'
[2017.07.15-17.43.58:227][  0]LogLinker:Warning: Can't find file for asset '/Game/Art/Environment/newdev/zzzzzz' while loading C:/Users/User/Desktop/Unreal/GitHub/FYP_DumbTesting/Meeting/Content/Art/Environment/Mesh/SM_Corridor_Frame.uasset.
[2017.07.15-17.43.58:227][  0]LoadErrors:Error: Error /Game/Art/Environment/Mesh/SM_Corridor_Frame : Can't find file for asset. /Game/Art/Environment/newdev/zzzzzz
[2017.07.15-17.43.58:236][  0]LogLinker:Warning: Can't find file '/Game/Art/Environment/newdev/2'
[2017.07.15-17.43.58:237][  0]LogLinker:Warning: Can't find file for asset '/Game/Art/Environment/newdev/2' while loading C:/Users/User/Desktop/Unreal/GitHub/FYP_DumbTesting/Meeting/Content/Art/Environment/Mesh/SM_Corridor_Wall.uasset.
[2017.07.15-17.43.58:237][  0]LoadErrors:Error: Error /Game/Art/Environment/Mesh/SM_Corridor_Wall : Can't find file for asset. /Game/Art/Environment/newdev/2
[2017.07.15-17.43.58:237][  0]LogLinker:Warning: Can't find file '/Game/Art/Environment/newdev/2'
[2017.07.15-17.43.58:237][  0]LogLinker:Warning: Can't find file for asset '/Game/Art/Environment/newdev/2' while loading C:/Users/User/Desktop/Unreal/GitHub/FYP_DumbTesting/Meeting/Content/Art/Environment/Mesh/SM_Corridor_Wall.uasset.
[2017.07.15-17.43.58:237][  0]LoadErrors:Error: Error /Game/Art/Environment/Mesh/SM_Corridor_Wall : Can't find file for asset. /Game/Art/Environment/newdev/2
[2017.07.15-17.43.58:555][  0]LogLinker:Warning: Can't find file '/Game/Art/Environment/newdev/2'
[2017.07.15-17.43.58:555][  0]LoadErrors: Info Failed to load /Game/Art/Environment/newdev/2.2 Referenced by SM_Corridor_Wall
[2017.07.15-17.43.58:555][  0]LogLinker:Warning: Can't find file for asset '/Game/Art/Environment/newdev/2' while loading NULL.
[2017.07.15-17.43.58:555][  0]LoadErrors: Info Failed to load /Game/Art/Environment/newdev/2.2 Referenced by SM_Corridor_Wall
[2017.07.15-17.43.58:558][  0]LogLinker:Warning: Can't find file '/Game/Art/Environment/newdev/zzzzzz'
[2017.07.15-17.43.58:558][  0]LoadErrors: Info Failed to load /Game/Art/Environment/newdev/zzzzzz.zzzzzz Referenced by SM_Corridor_Frame
[2017.07.15-17.43.58:559][  0]LogLinker:Warning: Can't find file for asset '/Game/Art/Environment/newdev/zzzzzz' while loading NULL.
[2017.07.15-17.43.58:559][  0]LoadErrors: Info Failed to load /Game/Art/Environment/newdev/zzzzzz.zzzzzz Referenced by SM_Corridor_Frame
[2017.07.15-17.43.58:560][  0]LogLinker:Warning: Can't find file '/Game/Art/Environment/newdev/FLOORFLOOR'
[2017.07.15-17.43.58:560][  0]LoadErrors: Info Failed to load /Game/Art/Environment/newdev/FLOORFLOOR.FLOORFLOOR Referenced by SM_Corridor_Floor
[2017.07.15-17.43.58:560][  0]LogLinker:Warning: Can't find file for asset '/Game/Art/Environment/newdev/FLOORFLOOR' while loading NULL.
[2017.07.15-17.43.58:560][  0]LoadErrors: Info Failed to load /Game/Art/Environment/newdev/FLOORFLOOR.FLOORFLOOR Referenced by SM_Corridor_Floor
[2017.07.15-17.43.59:873][  0]LogAIModule: Creating AISystem for world MockUp_Map
[2017.07.15-17.43.59:980][  0]LogEditorServer: Finished looking for orphan Actors (0.000 secs)
[2017.07.15-17.43.59:981][  0]Cmd: MAP CHECKDEP NOCLEARLOG
[2017.07.15-17.44.00:075][  0]MapCheck: Info Map check complete: 0 Error(s), 0 Warning(s), took 93.853ms to complete.
[2017.07.15-17.44.00:075][  0]LogFileHelpers: Loading map 'MockUp_Map' took 2.222
[2017.07.15-17.44.00:138][  0]LogWindowsTextInputMethodSystem:Display: IME system now deactivated.
[2017.07.15-17.44.00:262][  0]LogCollectionManager: Loaded 0 collections in 0.001068 seconds
[2017.07.15-17.44.00:329][  0]LogFileCache: Scanning file cache for directory 'C:/Users/User/Desktop/Unreal/GitHub/FYP_DumbTesting/Meeting/Saved/Collections/' took 0.01s
[2017.07.15-17.44.00:329][  0]LogFileCache: Scanning file cache for directory 'C:/Users/User/Desktop/Unreal/GitHub/FYP_DumbTesting/Meeting/Content/Developers/User/Collections/' took 0.01s
[2017.07.15-17.44.00:329][  0]LogFileCache: Scanning file cache for directory 'C:/Users/User/Desktop/Unreal/GitHub/FYP_DumbTesting/Meeting/Content/Collections/' took 0.01s
[2017.07.15-17.44.00:329][  0]LogCollectionManager: Rebuilt the GUID cache for 0 collections in 0.000002 seconds
[2017.07.15-17.44.00:340][  0]LogContentBrowser: Native class hierarchy populated in 0.0101 seconds. Added 2250 classes and 455 folders.
[2017.07.15-17.44.00:395][  0]LogContentBrowser: Native class hierarchy updated for 'WidgetCarousel' in 0.0021 seconds. Added 0 classes and 0 folders.
[2017.07.15-17.44.00:442][  0]LogContentBrowser: Native class hierarchy updated for 'AddContentDialog' in 0.0022 seconds. Added 0 classes and 0 folders.
[2017.07.15-17.44.00:477][  0]LogContentBrowser: Native class hierarchy updated for 'SceneOutliner' in 0.0022 seconds. Added 1 classes and 2 folders.
[2017.07.15-17.44.00:504][  0]LogCrashTracker: Crashtracker disabled due to settings.
[2017.07.15-17.44.00:510][  0]LogUObjectGlobals:Warning: Failed to find object 'Class None.'
[2017.07.15-17.44.00:566][  0]LogContentBrowser: Native class hierarchy updated for 'HierarchicalLODOutliner' in 0.0022 seconds. Added 1 classes and 2 folders.
[2017.07.15-17.44.00:566][  0]LogLoad: (Engine Initialization) Total time: 15.23 seconds
[2017.07.15-17.44.00:566][  0]LogLoad: (Engine Initialization) Total Blueprint compile time: 0.13 seconds
[2017.07.15-17.44.00:566][  0]LogExternalProfiler: Found external profiler: VSPerf
[2017.07.15-17.44.00:566][  0]LogExternalProfiler: Using external profiler: VSPerf
[2017.07.15-17.44.00:576][  0]LogOcInput: OculusInput pre-init called
[2017.07.15-17.44.00:598][  0]LogContentStreaming: Texture pool size now 1000 MB
[2017.07.15-17.44.00:606][  0]LogSlate: Took 0.000207 seconds to synchronously load lazily loaded font '../../../Engine/Content/Slate/Fonts/Roboto-Regular.ttf' (155K)
[2017.07.15-17.44.00:612][  0]LogSlate: Took 0.000229 seconds to synchronously load lazily loaded font '../../../Engine/Content/Slate/Fonts/Roboto-Bold.ttf' (160K)
[2017.07.15-17.44.00:614][  0]LogSlate: Took 0.000233 seconds to synchronously load lazily loaded font '../../../Engine/Content/Editor/Slate/Fonts/FontAwesome.ttf' (139K)
[2017.07.15-17.44.00:617][  0]LogSlate: Took 0.000159 seconds to synchronously load lazily loaded font '../../../Engine/Content/Editor/Slate/Fonts/DroidSansMono.ttf' (77K)
[2017.07.15-17.44.00:750][  0]LogSlate: Took 0.000208 seconds to synchronously load lazily loaded font '../../../Engine/Content/Slate/Fonts/Roboto-Light.ttf' (159K)
[2017.07.15-17.44.00:809][  0]LogRenderer: Reallocating scene render targets to support 1244x648 NumSamples 1 (Frame:2).
[2017.07.15-17.44.00:888][  1]LogAssetRegistry: Asset discovery search completed in 9.1939 seconds
[2017.07.15-17.44.00:888][  1]LogCollectionManager: Rebuilt the object cache for 0 collections in 0.000004 seconds (found 0 objects)
[2017.07.15-17.44.00:888][  1]LogCollectionManager: Fixed up redirectors for 0 collections in 0.000124 seconds (updated 0 objects)
[2017.07.15-17.44.11:109][717]LogSlate: Took 0.000242 seconds to synchronously load lazily loaded font '../../../Engine/Content/Slate/Fonts/Roboto-Light.ttf' (159K)
[2017.07.15-17.44.11:650][717]LogContentBrowser: Native class hierarchy updated for 'BlueprintGraph' in 0.0026 seconds. Added 112 classes and 0 folders.
[2017.07.15-17.44.12:401][717]LogSlate: Took 0.000179 seconds to synchronously load lazily loaded font '../../../Engine/Content/Slate/Fonts/Roboto-Regular.ttf' (155K)
[2017.07.15-17.44.12:660][717]LogSlate: Took 0.011411 seconds to synchronously load lazily loaded font '../../../Engine/Content/Editor/Slate/Fonts/Roboto-BoldCondensed.ttf' (158K)
[2017.07.15-17.44.13:024][718]LogSlate: Took 0.000322 seconds to synchronously load lazily loaded font '../../../Engine/Content/Editor/Slate/Fonts/Roboto-Italic.ttf' (157K)
[2017.07.15-17.44.17:298][ 41]BlueprintLog: New page: Compile Charater_BP
[2017.07.15-17.44.18:066][ 64]Cmd: OBJ SAVEPACKAGE PACKAGE="/Game/Blueprint/Charater_BP" FILE="C:/Users/User/Desktop/Unreal/GitHub/FYP_DumbTesting/Meeting/Content/Blueprint/Charater_BP.uasset" SILENT=true
[2017.07.15-17.44.18:170][ 64]LogSavePackage: Save=95.25ms
[2017.07.15-17.44.18:171][ 64]LogSavePackage: Moving 'C:/Users/User/Desktop/Unreal/GitHub/FYP_DumbTesting/Meeting/Saved/Charater_BP402DA0FB46BC7869454962942178D687.tmp' to 'C:/Users/User/Desktop/Unreal/GitHub/FYP_DumbTesting/Meeting/Content/Blueprint/Charater_BP.uasset'
[2017.07.15-17.44.18:172][ 64]LogSavePackage:Display: Finished SavePackage C:/Users/User/Desktop/Unreal/GitHub/FYP_DumbTesting/Meeting/Content/Blueprint/Charater_BP.uasset
[2017.07.15-17.44.25:338][676]MapCheck: New page: Map Check
[2017.07.15-17.44.25:766][676]Cmd: MAP REBUILD ALLVISIBLE
[2017.07.15-17.44.25:775][676]LogEditorServer: Rebuildmap Clear paths rebuilt
[2017.07.15-17.44.26:216][676]LightingResults: New page: Lighting Build - Jul 16, 2017, 9:44:26 AM
[2017.07.15-17.44.26:298][676]LightingResults:Warning: Warning InstancedFoliageActor_0 The total lightmap size for this InstancedStaticMeshComponent is large, consider reducing the component's lightmap resolution or number of mesh instances in this component
[2017.07.15-17.44.26:878][676]LogSwarmInterface: [OpenConnection] Registering TCP channel ...
[2017.07.15-17.44.27:184][676]LogSwarmInterface: [OpenConnection] Connecting to agent ...
[2017.07.15-17.44.27:379][676]LogSwarmInterface: [TryOpenConnection] Testing the Agent
[2017.07.15-17.44.30:726][676]LogSwarmInterface:Error: [TryOpenConnection] Waiting for the agent to start up ...
[2017.07.15-17.44.30:913][676]LogSwarmInterface:Error: System.Net.Sockets.SocketException (0x80004005): No connection could be made because the target machine actively refused it 127.0.0.1:8008

Server stack trace: 
   at System.Net.Sockets.Socket.DoConnect(EndPoint endPointSnapshot, SocketAddress socketAddress)
   at System.Net.Sockets.Socket.Connect(EndPoint remoteEP)
   at System.Runtime.Remoting.Channels.RemoteConnection.CreateNewSocket(EndPoint ipEndPoint)
   at System.Runtime.Remoting.Channels.SocketCache.GetSocket(String machinePortAndSid, Boolean openNew)
   at System.Runtime.Remoting.Channels.Tcp.TcpClientTransportSink.SendRequestWithRetry(IMessage msg, ITransportHeaders requestHeaders, Stream requestStream)
   at System.Runtime.Remoting.Channels.Tcp.TcpClientTransportSink.AsyncProcessRequest(IClientChannelSinkStack sinkStack, IMessage msg, ITransportHeaders headers, Stream stream)
   at System.Runtime.Remoting.Channels.BinaryClientFormatterSink.AsyncProcessMessage(IMessage msg, IMessageSink replySink)

Exception rethrown at [0]: 
   at System.Runtime.Remoting.Proxies.RealProxy.HandleReturnMessage(IMessage reqMsg, IMessage retMsg)
   at System.Runtime.Remoting.Proxies.RealProxy.PrivateInvoke(MessageData& msgData, Int32 type)
   at NSwarm.IAgentInterfaceWrapper.MethodDelegate.EndInvoke(Hashtable& OutParameters, IAsyncResult result)
   at NSwarm.FSwarmInterface.TryOpenConnection(FConnectionCallback CallbackFunc, IntPtr CallbackData, ELogFlags LoggingFlags)
[2017.07.15-17.44.36:224][676]LogSwarmInterface: [TryOpenConnection] Opening Connection to Agent
[2017.07.15-17.44.36:224][676]LogSwarmInterface: [TryOpenConnection] Local Process ID is 8056
[2017.07.15-17.44.42:022][676]LogStaticLightingSystem: Running Lightmass w/ ImmediateImport mode ENABLED
[2017.07.15-17.44.42:022][676]LogStaticLightingSystem: Running Lightmass w/ ImmediateProcess mode ENABLED
[2017.07.15-17.44.42:022][676]LogStaticLightingSystem: Running Lightmass w/ Sorting mode ENABLED
[2017.07.15-17.44.42:022][676]LogStaticLightingSystem: Running Lightmass w/ Mapping paddings ENABLED
[2017.07.15-17.44.42:023][676]LogStaticLightingSystem: Running Lightmass w/ Mapping debug paddings DISABLED
[2017.07.15-17.44.43:247][676]LogEditorBuildUtils: Build time 0:17
[2017.07.15-17.45.15:842][780]LightingResults:Warning: Warning SM_Ivy_Corner Object has overlapping UVs.
[2017.07.15-17.45.15:842][780]LightingResults: Info SM_Ivy_Corner Lightmap UV are overlapping by 2.7%. Please adjust content - Enable Error Coloring to visualize.
[2017.07.15-17.45.16:178][781]LightingResults:Warning: Warning SM_Ivy_Corner Object has overlapping UVs.
[2017.07.15-17.45.16:178][781]LightingResults: Info SM_Ivy_Corner Lightmap UV are overlapping by 2.7%. Please adjust content - Enable Error Coloring to visualize.
[2017.07.15-17.45.16:519][782]LightingResults:Warning: Warning SM_Ivy_Corner Object has overlapping UVs.
[2017.07.15-17.45.16:519][782]LightingResults: Info SM_Ivy_Corner Lightmap UV are overlapping by 2.7%. Please adjust content - Enable Error Coloring to visualize.
[2017.07.15-17.45.44:867][867]LightingResults:Warning: Warning SM_Corridor_Intersection_Wall Object has overlapping UVs.
[2017.07.15-17.45.44:867][867]LightingResults: Info SM_Corridor_Intersection_Wall Lightmap UV are overlapping by 50.0%. Please adjust content - Enable Error Coloring to visualize.
[2017.07.15-17.45.45:202][868]LightingResults:Warning: Warning SM_Corridor_Intersection_Wall Object has overlapping UVs.
[2017.07.15-17.45.45:202][868]LightingResults: Info SM_Corridor_Intersection_Wall Lightmap UV are overlapping by 50.0%. Please adjust content - Enable Error Coloring to visualize.
[2017.07.15-17.45.50:537][884]LightingResults:Warning: Warning SM_Corridor_Intersection_Wall Object has overlapping UVs.
[2017.07.15-17.45.50:538][884]LightingResults: Info SM_Corridor_Intersection_Wall Lightmap UV are overlapping by 50.0%. Please adjust content - Enable Error Coloring to visualize.
[2017.07.15-17.45.51:206][886]LightingResults:Warning: Warning SM_Corridor_Intersection_Wall Object has overlapping UVs.
[2017.07.15-17.45.51:206][886]LightingResults: Info SM_Corridor_Intersection_Wall Lightmap UV are overlapping by 50.0%. Please adjust content - Enable Error Coloring to visualize.
[2017.07.15-17.46.03:210][922]LightingResults:Warning: Warning SM_Wire Object has overlapping UVs.
[2017.07.15-17.46.03:210][922]LightingResults: Info SM_Wire Lightmap UV are overlapping by 3.5%. Please adjust content - Enable Error Coloring to visualize.
[2017.07.15-17.46.15:889][960]LightingResults:Warning: Warning SM_Vine_01 Object has overlapping UVs.
[2017.07.15-17.46.15:889][960]LightingResults: Info SM_Vine_01 Lightmap UV are overlapping by 5.2%. Please adjust content - Enable Error Coloring to visualize.
[2017.07.15-17.46.20:551][974]LightingResults:Warning: Warning SM_Vine_01 Object has overlapping UVs.
[2017.07.15-17.46.20:551][974]LightingResults: Info SM_Vine_01 Lightmap UV are overlapping by 5.2%. Please adjust content - Enable Error Coloring to visualize.
[2017.07.15-17.46.20:883][975]LightingResults:Warning: Warning SM_Vine_01 Object has overlapping UVs.
[2017.07.15-17.46.20:883][975]LightingResults: Info SM_Vine_01 Lightmap UV are overlapping by 5.2%. Please adjust content - Enable Error Coloring to visualize.
[2017.07.15-17.46.21:888][978]LightingResults:Warning: Warning SM_Vine_01 Object has overlapping UVs.
[2017.07.15-17.46.21:888][978]LightingResults: Info SM_Vine_01 Lightmap UV are overlapping by 5.2%. Please adjust content - Enable Error Coloring to visualize.
[2017.07.15-17.46.23:224][982]LightingResults:Warning: Warning SM_Vine_01 Object has overlapping UVs.
[2017.07.15-17.46.23:224][982]LightingResults: Info SM_Vine_01 Lightmap UV are overlapping by 5.2%. Please adjust content - Enable Error Coloring to visualize.
[2017.07.15-17.47.23:372][351]Job is a success!
[2017.07.15-17.47.23:376][351]LightingResults:Warning: Warning SM_Leavess Object has overlapping UVs.
[2017.07.15-17.47.23:376][351]LightingResults: Info SM_Leavess Lightmap UV are overlapping by 100.0%. Please adjust content - Enable Error Coloring to visualize.
[2017.07.15-17.47.23:376][351]LightingResults:Warning: Warning SM_Leavess Object has overlapping UVs.
[2017.07.15-17.47.23:376][351]LightingResults: Info SM_Leavess Lightmap UV are overlapping by 100.0%. Please adjust content - Enable Error Coloring to visualize.
[2017.07.15-17.47.30:155][352]LogTexture:Display: Building textures: LQ_Lightmap_1_1 (DXT1, 2048X2048) - 948 MB total VRAM
[2017.07.15-17.47.30:155][352]LogTexture:Display: Building textures: HQ_Lightmap1_1 (AutoDXT, 2048X2048) - 948 MB total VRAM
[2017.07.15-17.47.30:155][352]LogTexture:Display: Building textures: HQ_Lightmap1_3 (AutoDXT, 1024X1024) - 948 MB total VRAM
[2017.07.15-17.47.30:155][352]LogTexture:Display: Building textures: HQ_Lightmap1_2 (AutoDXT, 1024X1024) - 948 MB total VRAM
[2017.07.15-17.47.30:155][352]LogTexture:Display: Building textures: LQ_Lightmap_1_2 (DXT1, 1024X1024) - 948 MB total VRAM
[2017.07.15-17.47.30:155][352]LogTexture:Display: Building textures: LQ_Lightmap_1_3 (DXT1, 1024X1024) - 948 MB total VRAM
[2017.07.15-17.47.30:155][352]LogTexture:Display: Building textures: HQ_Lightmap1_4 (AutoDXT, 1024X1024) - 948 MB total VRAM
[2017.07.15-17.47.30:155][352]LogTexture:Display: Building textures: LQ_Lightmap_1_4 (DXT1, 1024X1024) - 948 MB total VRAM
[2017.07.15-17.47.30:156][352]LogTexture:Display: Building textures: HQ_Lightmap1_6 (AutoDXT, 256X256) - 948 MB total VRAM
[2017.07.15-17.47.30:156][352]LogTexture:Display: Building textures: HQ_Lightmap1_5 (AutoDXT, 1024X1024) - 948 MB total VRAM
[2017.07.15-17.47.30:156][352]LogTexture:Display: Building textures: LQ_Lightmap_1_6 (DXT1, 256X256) - 948 MB total VRAM
[2017.07.15-17.47.30:156][352]LogTexture:Display: Building textures: LQ_Lightmap_1_5 (DXT1, 1024X1024) - 948 MB total VRAM
[2017.07.15-17.47.32:576][352]Lightmass on ASUS: 2:32 min total, 3.24 sec importing, 847 ms setup, 9.56 sec photons, 2:15 min processing, 0 ms extra exporting [1001/1001 mappings]. Threads: 15:51 min total, 9:10 min processing.
[2017.07.15-17.47.32:922][352]LogStaticLightingSystem: Illumination: 3:06 min (5.09 sec encoding lightmaps, 200 ms encoding shadowmaps)
[2017.07.15-17.47.32:922][352]LogStaticLightingSystem: Lightmap texture memory:  16.1 MB (14.1 MB streaming, 2.0 MB non-streaming), 12 textures
[2017.07.15-17.47.32:922][352]LogStaticLightingSystem: Shadowmap texture memory: 0.0 MB (0.0 MB streaming, 0.0 MB non-streaming), 0 textures
[2017.07.15-17.47.34:303][352]DumpUnbuiltLightIteractions
[2017.07.15-17.47.34:303][352]Lights with unbuilt interactions: 0
[2017.07.15-17.47.34:303][352]
[2017.07.15-17.47.34:303][352]Primitives with unbuilt interactions: 0
[2017.07.15-17.47.34:395][353]Cmd: MAP CHECK NOTIFYRESULTS
[2017.07.15-17.47.34:395][353]MapCheck: New page: MockUp_Map - Jul 16, 2017, 9:47:34 AM
[2017.07.15-17.47.35:527][353]MapCheck:Warning: Warning 123_gwIvy002_3 Static mesh actor has NULL StaticMesh property 
[2017.07.15-17.47.35:527][353]MapCheck:Warning: Warning 123_gwIvy002_3 Static mesh actor has NULL StaticMesh property 
[2017.07.15-17.47.35:527][353]MapCheck:Warning: Warning 123_gwIvy003_6 Static mesh actor has NULL StaticMesh property 
[2017.07.15-17.47.35:527][353]MapCheck:Warning: Warning 123_gwIvy003_6 Static mesh actor has NULL StaticMesh property 
[2017.07.15-17.47.35:527][353]MapCheck:Warning: Warning 124_5 Static mesh actor has NULL StaticMesh property 
[2017.07.15-17.47.35:527][353]MapCheck:Warning: Warning 124_5 Static mesh actor has NULL StaticMesh property 
[2017.07.15-17.47.35:527][353]MapCheck:Warning: Warning 125_8 Static mesh actor has NULL StaticMesh property 
[2017.07.15-17.47.35:528][353]MapCheck:Warning: Warning 125_8 Static mesh actor has NULL StaticMesh property 
[2017.07.15-17.47.35:528][353]MapCheck:Warning: Warning 126 Static mesh actor has NULL StaticMesh property 
[2017.07.15-17.47.35:528][353]MapCheck:Warning: Warning 126 Static mesh actor has NULL StaticMesh property 
[2017.07.15-17.47.35:528][353]MapCheck:Warning: Warning 127 Static mesh actor has NULL StaticMesh property 
[2017.07.15-17.47.35:528][353]MapCheck:Warning: Warning 127 Static mesh actor has NULL StaticMesh property 
[2017.07.15-17.47.35:528][353]MapCheck:Warning: Warning 128 Static mesh actor has NULL StaticMesh property 
[2017.07.15-17.47.35:528][353]MapCheck:Warning: Warning 128 Static mesh actor has NULL StaticMesh property 
[2017.07.15-17.47.35:528][353]MapCheck:Warning: Warning 129 Static mesh actor has NULL StaticMesh property 
[2017.07.15-17.47.35:528][353]MapCheck:Warning: Warning 129 Static mesh actor has NULL StaticMesh property 
[2017.07.15-17.47.35:529][353]MapCheck:Warning: Warning 130 Static mesh actor has NULL StaticMesh property 
[2017.07.15-17.47.35:529][353]MapCheck:Warning: Warning 130 Static mesh actor has NULL StaticMesh property 
[2017.07.15-17.47.35:529][353]MapCheck:Warning: Warning 131 Static mesh actor has NULL StaticMesh property 
[2017.07.15-17.47.35:529][353]MapCheck:Warning: Warning 131 Static mesh actor has NULL StaticMesh property 
[2017.07.15-17.47.35:529][353]MapCheck:Warning: Warning 132 Static mesh actor has NULL StaticMesh property 
[2017.07.15-17.47.35:529][353]MapCheck:Warning: Warning 132 Static mesh actor has NULL StaticMesh property 
[2017.07.15-17.47.35:529][353]MapCheck:Warning: Warning 133 Static mesh actor has NULL StaticMesh property 
[2017.07.15-17.47.35:529][353]MapCheck:Warning: Warning 133 Static mesh actor has NULL StaticMesh property 
[2017.07.15-17.47.35:530][353]MapCheck:Warning: Warning 134 Static mesh actor has NULL StaticMesh property 
[2017.07.15-17.47.35:530][353]MapCheck:Warning: Warning 134 Static mesh actor has NULL StaticMesh property 
[2017.07.15-17.47.35:530][353]MapCheck:Warning: Warning 135 Static mesh actor has NULL StaticMesh property 
[2017.07.15-17.47.35:530][353]MapCheck:Warning: Warning 135 Static mesh actor has NULL StaticMesh property 
[2017.07.15-17.47.35:530][353]MapCheck:Warning: Warning 136 Static mesh actor has NULL StaticMesh property 
[2017.07.15-17.47.35:530][353]MapCheck:Warning: Warning 136 Static mesh actor has NULL StaticMesh property 
[2017.07.15-17.47.35:530][353]MapCheck:Warning: Warning 137 Static mesh actor has NULL StaticMesh property 
[2017.07.15-17.47.35:530][353]MapCheck:Warning: Warning 137 Static mesh actor has NULL StaticMesh property 
[2017.07.15-17.47.35:531][353]MapCheck:Warning: Warning 138 Static mesh actor has NULL StaticMesh property 
[2017.07.15-17.47.35:531][353]MapCheck:Warning: Warning 138 Static mesh actor has NULL StaticMesh property 
[2017.07.15-17.47.35:531][353]MapCheck:Warning: Warning 139 Static mesh actor has NULL StaticMesh property 
[2017.07.15-17.47.35:531][353]MapCheck:Warning: Warning 139 Static mesh actor has NULL StaticMesh property 
[2017.07.15-17.47.35:531][353]MapCheck:Warning: Warning 140 Static mesh actor has NULL StaticMesh property 
[2017.07.15-17.47.35:531][353]MapCheck:Warning: Warning 140 Static mesh actor has NULL StaticMesh property 
[2017.07.15-17.47.35:531][353]MapCheck:Warning: Warning 141 Static mesh actor has NULL StaticMesh property 
[2017.07.15-17.47.35:531][353]MapCheck:Warning: Warning 141 Static mesh actor has NULL StaticMesh property 
[2017.07.15-17.47.35:532][353]MapCheck:Warning: Warning 142 Static mesh actor has NULL StaticMesh property 
[2017.07.15-17.47.35:532][353]MapCheck:Warning: Warning 142 Static mesh actor has NULL StaticMesh property 
[2017.07.15-17.47.35:532][353]MapCheck:Warning: Warning 1_4 Static mesh actor has NULL StaticMesh property 
[2017.07.15-17.47.35:532][353]MapCheck:Warning: Warning 1_4 Static mesh actor has NULL StaticMesh property 
[2017.07.15-17.47.35:532][353]MapCheck:Warning: Warning 2_6 Static mesh actor has NULL StaticMesh property 
[2017.07.15-17.47.35:532][353]MapCheck:Warning: Warning 2_6 Static mesh actor has NULL StaticMesh property 
[2017.07.15-17.47.35:532][353]MapCheck:Warning: Warning 3_8 Static mesh actor has NULL StaticMesh property 
[2017.07.15-17.47.35:532][353]MapCheck:Warning: Warning 3_8 Static mesh actor has NULL StaticMesh property 
[2017.07.15-17.47.35:533][353]MapCheck:Warning: Warning 4 Static mesh actor has NULL StaticMesh property 
[2017.07.15-17.47.35:533][353]MapCheck:Warning: Warning 4 Static mesh actor has NULL StaticMesh property 
[2017.07.15-17.47.35:533][353]MapCheck:Warning: Warning 5 Static mesh actor has NULL StaticMesh property 
[2017.07.15-17.47.35:533][353]MapCheck:Warning: Warning 5 Static mesh actor has NULL StaticMesh property 
[2017.07.15-17.47.35:533][353]MapCheck:Warning: Warning 6 Static mesh actor has NULL StaticMesh property 
[2017.07.15-17.47.35:533][353]MapCheck:Warning: Warning 6 Static mesh actor has NULL StaticMesh property 
[2017.07.15-17.47.35:533][353]MapCheck:Warning: Warning 7 Static mesh actor has NULL StaticMesh property 
[2017.07.15-17.47.35:533][353]MapCheck:Warning: Warning 7 Static mesh actor has NULL StaticMesh property 
[2017.07.15-17.47.35:533][353]MapCheck:Warning: Warning 8 Static mesh actor has NULL StaticMesh property 
[2017.07.15-17.47.35:534][353]MapCheck:Warning: Warning 8 Static mesh actor has NULL StaticMesh property 
[2017.07.15-17.47.35:783][353]MapCheck:Warning: Warning SM_Corridor_Intersection_Ceiling2_8 Static mesh actor has NULL StaticMesh property 
[2017.07.15-17.47.35:784][353]MapCheck:Warning: Warning SM_Corridor_Intersection_Ceiling2_8 Static mesh actor has NULL StaticMesh property 
[2017.07.15-17.47.35:784][353]MapCheck:Warning: Warning SM_Corridor_Intersection_Ceiling_111 Static mesh actor has NULL StaticMesh property 
[2017.07.15-17.47.35:784][353]MapCheck:Warning: Warning SM_Corridor_Intersection_Ceiling_111 Static mesh actor has NULL StaticMesh property 
[2017.07.15-17.47.35:902][353]MapCheck: Info Map check complete: 0 Error(s), 62 Warning(s), took 1,506.853ms to complete.
[2017.07.15-17.47.53:307][169]LogTemp: Repeting last play command: Selected Viewport
[2017.07.15-17.47.53:359][169]LogBlueprintUserMessages: Early PlayInEditor Detection: Level '/Game/ThirdPersonBP/Maps/MockUp_Map.MockUp_Map:PersistentLevel' has LevelScriptBlueprint '/Game/ThirdPersonBP/Maps/MockUp_Map.MockUp_Map:PersistentLevel.MockUp_Map' with GeneratedClass '/Game/ThirdPersonBP/Maps/MockUp_Map.MockUp_Map_C' with ClassGeneratedBy '/Game/ThirdPersonBP/Maps/MockUp_Map.MockUp_Map:PersistentLevel.MockUp_Map'
[2017.07.15-17.47.53:375][169]LogPlayLevel: PlayLevel: No blueprints needed recompiling
[2017.07.15-17.47.53:464][169]PIE: New page: PIE session: MockUp_Map (Jul 16, 2017, 9:47:53 AM)
[2017.07.15-17.47.53:492][169]LogPlayLevel: Creating play world package: /Game/ThirdPersonBP/Maps/UEDPIE_0_MockUp_Map
[2017.07.15-17.47.53:734][169]LogPlayLevel: PIE: StaticDuplicateObject took: (0.242435s)
[2017.07.15-17.47.53:735][169]LogAIModule: Creating AISystem for world MockUp_Map
[2017.07.15-17.47.53:735][169]LogPlayLevel: PIE: World Init took: (0.000882s)
[2017.07.15-17.47.53:748][169]LogPlayLevel: PIE: Created PIE world by copying editor world from /Game/ThirdPersonBP/Maps/MockUp_Map.MockUp_Map to /Game/ThirdPersonBP/Maps/UEDPIE_0_MockUp_Map.MockUp_Map (0.268503s)
[2017.07.15-17.47.53:806][169]LogInit: XAudio2 using 'Speakers (Realtek High Definition Audio)' : 2 channels at 48 kHz using 32 bits per sample (channel mask 0x3)
[2017.07.15-17.47.53:813][169]LogInit: FAudioDevice initialized.
[2017.07.15-17.47.53:997][169]LogLoad: Game class is 'MeetingGameModeBase_BP_C'
[2017.07.15-17.47.54:140][169]LogWorld: Bringing World /Game/ThirdPersonBP/Maps/UEDPIE_0_MockUp_Map.MockUp_Map up for play (max tick rate 0) at 2017.07.16-01.47.54
[2017.07.15-17.47.54:177][169]LogWorld: Bringing up level for play took: 0.055467
[2017.07.15-17.47.54:495][169]LogContentBrowser: Native class hierarchy updated for 'MovieSceneCapture' in 0.0025 seconds. Added 11 classes and 0 folders.
[2017.07.15-17.47.54:599][169]PIE: Info Play in editor start time for /Game/ThirdPersonBP/Maps/UEDPIE_0_MockUp_Map 2.015
[2017.07.15-17.47.54:611][169]LogBlueprintUserMessages: Late PlayInEditor Detection: Level '/Game/ThirdPersonBP/Maps/MockUp_Map.MockUp_Map:PersistentLevel' has LevelScriptBlueprint '/Game/ThirdPersonBP/Maps/MockUp_Map.MockUp_Map:PersistentLevel.MockUp_Map' with GeneratedClass '/Game/ThirdPersonBP/Maps/MockUp_Map.MockUp_Map_C' with ClassGeneratedBy '/Game/ThirdPersonBP/Maps/MockUp_Map.MockUp_Map:PersistentLevel.MockUp_Map'
[2017.07.15-17.48.09:284][999]LogEditorViewport: Clicking on Actor (LMB): StaticMeshActor (SM_Corridor_Floor10)
[2017.07.15-17.48.10:373][  0]LogEditorViewport: Clicking on Actor (LMB): StaticMeshActor (SM_Corridor_Floor10)
[2017.07.15-17.48.11:088][ 44]LogEditorViewport: Clicking on Actor (LMB): StaticMeshActor (SM_Corridor_Wall_18)
[2017.07.15-17.48.16:110][283]LogBlueprintUserMessages: Early EndPlayMap Detection: Level '/Game/ThirdPersonBP/Maps/MockUp_Map.MockUp_Map:PersistentLevel' has LevelScriptBlueprint '/Game/ThirdPersonBP/Maps/MockUp_Map.MockUp_Map:PersistentLevel.MockUp_Map' with GeneratedClass '/Game/ThirdPersonBP/Maps/MockUp_Map.MockUp_Map_C' with ClassGeneratedBy '/Game/ThirdPersonBP/Maps/MockUp_Map.MockUp_Map:PersistentLevel.MockUp_Map'
[2017.07.15-17.48.16:242][283]LogBlueprintUserMessages: Late EndPlayMap Detection: Level '/Game/ThirdPersonBP/Maps/MockUp_Map.MockUp_Map:PersistentLevel' has LevelScriptBlueprint '/Game/ThirdPersonBP/Maps/MockUp_Map.MockUp_Map:PersistentLevel.MockUp_Map' with GeneratedClass '/Game/ThirdPersonBP/Maps/MockUp_Map.MockUp_Map_C' with ClassGeneratedBy '/Game/ThirdPersonBP/Maps/MockUp_Map.MockUp_Map:PersistentLevel.MockUp_Map'
[2017.07.15-17.48.17:516][357]LogTemp: Repeting last play command: Selected Viewport
[2017.07.15-17.48.17:532][357]LogBlueprintUserMessages: Early PlayInEditor Detection: Level '/Game/ThirdPersonBP/Maps/MockUp_Map.MockUp_Map:PersistentLevel' has LevelScriptBlueprint '/Game/ThirdPersonBP/Maps/MockUp_Map.MockUp_Map:PersistentLevel.MockUp_Map' with GeneratedClass '/Game/ThirdPersonBP/Maps/MockUp_Map.MockUp_Map_C' with ClassGeneratedBy '/Game/ThirdPersonBP/Maps/MockUp_Map.MockUp_Map:PersistentLevel.MockUp_Map'
[2017.07.15-17.48.17:533][357]LogPlayLevel: PlayLevel: No blueprints needed recompiling
[2017.07.15-17.48.17:533][357]PIE: New page: PIE session: MockUp_Map (Jul 16, 2017, 9:48:17 AM)
[2017.07.15-17.48.17:533][357]LogPlayLevel: Creating play world package: /Game/ThirdPersonBP/Maps/UEDPIE_0_MockUp_Map
[2017.07.15-17.48.17:583][357]LogPlayLevel: PIE: StaticDuplicateObject took: (0.049684s)
[2017.07.15-17.48.17:584][357]LogAIModule: Creating AISystem for world MockUp_Map
[2017.07.15-17.48.17:584][357]LogPlayLevel: PIE: World Init took: (0.000679s)
[2017.07.15-17.48.17:585][357]LogPlayLevel: PIE: Created PIE world by copying editor world from /Game/ThirdPersonBP/Maps/MockUp_Map.MockUp_Map to /Game/ThirdPersonBP/Maps/UEDPIE_0_MockUp_Map.MockUp_Map (0.051124s)
[2017.07.15-17.48.17:603][357]LogInit: XAudio2 using 'Speakers (Realtek High Definition Audio)' : 2 channels at 48 kHz using 32 bits per sample (channel mask 0x3)
[2017.07.15-17.48.17:610][357]LogInit: FAudioDevice initialized.
[2017.07.15-17.48.17:704][357]LogLoad: Game class is 'MeetingGameModeBase_BP_C'
[2017.07.15-17.48.17:723][357]LogWorld: Bringing World /Game/ThirdPersonBP/Maps/UEDPIE_0_MockUp_Map.MockUp_Map up for play (max tick rate 0) at 2017.07.16-01.48.17
[2017.07.15-17.48.17:726][357]LogWorld: Bringing up level for play took: 0.020692
[2017.07.15-17.48.17:729][357]PIE: Info Play in editor start time for /Game/ThirdPersonBP/Maps/UEDPIE_0_MockUp_Map 1.145
[2017.07.15-17.48.17:730][357]LogBlueprintUserMessages: Late PlayInEditor Detection: Level '/Game/ThirdPersonBP/Maps/MockUp_Map.MockUp_Map:PersistentLevel' has LevelScriptBlueprint '/Game/ThirdPersonBP/Maps/MockUp_Map.MockUp_Map:PersistentLevel.MockUp_Map' with GeneratedClass '/Game/ThirdPersonBP/Maps/MockUp_Map.MockUp_Map_C' with ClassGeneratedBy '/Game/ThirdPersonBP/Maps/MockUp_Map.MockUp_Map:PersistentLevel.MockUp_Map'
[2017.07.15-17.48.26:580][939]LogBlueprintUserMessages: Early EndPlayMap Detection: Level '/Game/ThirdPersonBP/Maps/MockUp_Map.MockUp_Map:PersistentLevel' has LevelScriptBlueprint '/Game/ThirdPersonBP/Maps/MockUp_Map.MockUp_Map:PersistentLevel.MockUp_Map' with GeneratedClass '/Game/ThirdPersonBP/Maps/MockUp_Map.MockUp_Map_C' with ClassGeneratedBy '/Game/ThirdPersonBP/Maps/MockUp_Map.MockUp_Map:PersistentLevel.MockUp_Map'
[2017.07.15-17.48.26:631][939]LogBlueprintUserMessages: Late EndPlayMap Detection: Level '/Game/ThirdPersonBP/Maps/MockUp_Map.MockUp_Map:PersistentLevel' has LevelScriptBlueprint '/Game/ThirdPersonBP/Maps/MockUp_Map.MockUp_Map:PersistentLevel.MockUp_Map' with GeneratedClass '/Game/ThirdPersonBP/Maps/MockUp_Map.MockUp_Map_C' with ClassGeneratedBy '/Game/ThirdPersonBP/Maps/MockUp_Map.MockUp_Map:PersistentLevel.MockUp_Map'
[2017.07.15-17.48.29:761][ 15]LogSavePackage: Save=1776.84ms
[2017.07.15-17.48.29:761][ 15]LogSavePackage: Moving 'C:/Users/User/Desktop/Unreal/GitHub/FYP_DumbTesting/Meeting/Saved/MockUp_MapF446A99B41896C1FBEDBE085C33820E4.tmp' to 'C:/Users/User/Desktop/Unreal/GitHub/FYP_DumbTesting/Meeting/Content/ThirdPersonBP/Maps/MockUp_Map.umap'
[2017.07.15-17.48.29:767][ 15]LogSavePackage:Display: Finished SavePackage C:/Users/User/Desktop/Unreal/GitHub/FYP_DumbTesting/Meeting/Content/ThirdPersonBP/Maps/MockUp_Map.umap
[2017.07.15-17.48.32:170][ 15]LogSavePackage: Save=1058.86ms
[2017.07.15-17.48.32:170][ 15]LogSavePackage: Moving 'C:/Users/User/Desktop/Unreal/GitHub/FYP_DumbTesting/Meeting/Saved/MockUp_Map_BuiltDataFAA8C1C74990D0D68527DA8273A09129.tmp' to 'C:/Users/User/Desktop/Unreal/GitHub/FYP_DumbTesting/Meeting/Content/ThirdPersonBP/Maps/MockUp_Map_BuiltData.uasset'
[2017.07.15-17.48.32:177][ 15]LogSavePackage:Display: Finished SavePackage C:/Users/User/Desktop/Unreal/GitHub/FYP_DumbTesting/Meeting/Content/ThirdPersonBP/Maps/MockUp_Map_BuiltData.uasset
[2017.07.15-17.48.34:498][167]LogWindowsTextInputMethodSystem:Display: IME system now deactivated.
[2017.07.15-17.48.34:866][168]Cmd: QUIT_EDITOR
[2017.07.15-17.48.36:237][168]LogExit: Preparing to exit.
[2017.07.15-17.48.38:663][168]LogExit: Editor shut down
[2017.07.15-17.48.38:663][168]LogExit: Transaction tracking system shut down
[2017.07.15-17.48.40:777][168]LogObj: Freed 0b from 0 cluster array pools.
[2017.07.15-17.48.40:777][168]LogExit: Object subsystem successfully closed.
[2017.07.15-17.48.40:950][168]LogD3D11RHI: Shutdown
[2017.07.15-17.48.40:950][168]LogD3D11RHI: CleanupD3DDevice
[2017.07.15-17.48.41:203][168]LogD3D11RHI: ~FD3D11DynamicRHI
[2017.07.15-17.48.42:120][168]LogModuleManager: Shutting down and abandoning module MovieSceneCapture (506)
[2017.07.15-17.48.42:120][168]LogModuleManager: Shutting down and abandoning module BlueprintGraph (504)
[2017.07.15-17.48.42:120][168]LogModuleManager: Shutting down and abandoning module BlueprintProfiler (502)
[2017.07.15-17.48.42:147][168]LogModuleManager: Shutting down and abandoning module HierarchicalLODOutliner (500)
[2017.07.15-17.48.42:163][168]LogModuleManager: Shutting down and abandoning module CrashTracker (498)
[2017.07.15-17.48.42:163][168]LogModuleManager: Shutting down and abandoning module SceneOutliner (496)
[2017.07.15-17.48.42:163][168]LogModuleManager: Shutting down and abandoning module AddContentDialog (494)
[2017.07.15-17.48.42:179][168]LogDirectoryWatcher: A directory notification for 'D:/UE_4.15/FeaturePacks/' was aborted.
[2017.07.15-17.48.42:180][168]LogModuleManager: Shutting down and abandoning module WidgetCarousel (493)
[2017.07.15-17.48.42:180][168]LogModuleManager: Shutting down and abandoning module EditorWidgets (490)
[2017.07.15-17.48.42:180][168]LogModuleManager: Shutting down and abandoning module CollectionManager (488)
[2017.07.15-17.48.42:190][168]LogDirectoryWatcher: A directory notification for 'C:/Users/User/Desktop/Unreal/GitHub/FYP_DumbTesting/Meeting/Content/Collections/' was aborted.
[2017.07.15-17.48.42:190][168]LogDirectoryWatcher: A directory notification for 'C:/Users/User/Desktop/Unreal/GitHub/FYP_DumbTesting/Meeting/Content/Developers/User/Collections/' was aborted.
[2017.07.15-17.48.42:190][168]LogDirectoryWatcher: A directory notification for 'C:/Users/User/Desktop/Unreal/GitHub/FYP_DumbTesting/Meeting/Saved/Collections/' was aborted.
[2017.07.15-17.48.42:190][168]LogModuleManager: Shutting down and abandoning module StatsViewer (486)
[2017.07.15-17.48.42:203][168]LogModuleManager: Shutting down and abandoning module FoliageEdit (484)
[2017.07.15-17.48.42:203][168]LogModuleManager: Shutting down and abandoning module LandscapeEditor (482)
[2017.07.15-17.48.42:219][168]LogModuleManager: Shutting down and abandoning module SceneDepthPickerMode (480)
[2017.07.15-17.48.42:219][168]LogModuleManager: Shutting down and abandoning module ActorPickerMode (478)
[2017.07.15-17.48.42:219][168]LogModuleManager: Shutting down and abandoning module GeometryMode (476)
[2017.07.15-17.48.42:219][168]LogModuleManager: Shutting down and abandoning module TextureAlignMode (474)
[2017.07.15-17.48.42:219][168]LogModuleManager: Shutting down and abandoning module BspMode (472)
[2017.07.15-17.48.42:231][168]LogModuleManager: Shutting down and abandoning module HardwareSurvey (470)
[2017.07.15-17.48.42:245][168]LogModuleManager: Shutting down and abandoning module SequenceRecorderSections (468)
[2017.07.15-17.48.42:254][168]LogModuleManager: Shutting down and abandoning module AutomationWorker (466)
[2017.07.15-17.48.42:260][168]LogModuleManager: Shutting down and abandoning module MatineeToLevelSequence (464)
[2017.07.15-17.48.42:275][168]LogModuleManager: Shutting down and abandoning module LevelSequenceEditor (462)
[2017.07.15-17.48.42:329][168]LogModuleManager: Shutting down and abandoning module PlacementMode (461)
[2017.07.15-17.48.42:329][168]LogModuleManager: Shutting down and abandoning module WmfMediaFactory (458)
[2017.07.15-17.48.42:329][168]LogModuleManager: Shutting down and abandoning module WmfMediaEditor (456)
[2017.07.15-17.48.42:329][168]LogModuleManager: Shutting down and abandoning module MfMediaFactory (454)
[2017.07.15-17.48.42:329][168]LogModuleManager: Shutting down and abandoning module MfMediaEditor (452)
[2017.07.15-17.48.42:329][168]LogModuleManager: Shutting down and abandoning module AvfMediaFactory (450)
[2017.07.15-17.48.42:329][168]LogModuleManager: Shutting down and abandoning module AvfMediaEditor (448)
[2017.07.15-17.48.42:329][168]LogModuleManager: Shutting down and abandoning module AndroidMediaFactory (446)
[2017.07.15-17.48.42:329][168]LogModuleManager: Shutting down and abandoning module Media (445)
[2017.07.15-17.48.42:329][168]LogModuleManager: Shutting down and abandoning module AndroidMediaEditor (442)
[2017.07.15-17.48.42:329][168]LogModuleManager: Shutting down and abandoning module CharacterAI (440)
[2017.07.15-17.48.42:329][168]LogModuleManager: Shutting down and abandoning module AudioCapture (438)
[2017.07.15-17.48.42:342][168]LogModuleManager: Shutting down and abandoning module SequenceRecorder (437)
[2017.07.15-17.48.42:378][168]LogModuleManager: Shutting down and abandoning module SmartSnapping (434)
[2017.07.15-17.48.42:378][168]LogModuleManager: Shutting down and abandoning module SessionServices (432)
[2017.07.15-17.48.42:378][168]LogModuleManager: Shutting down and abandoning module ViewportSnapping (430)
[2017.07.15-17.48.42:378][168]LogModuleManager: Shutting down and abandoning module ViewportInteraction (428)
[2017.07.15-17.48.42:378][168]LogModuleManager: Shutting down and abandoning module LogVisualizer (426)
[2017.07.15-17.48.42:429][168]LogModuleManager: Shutting down and abandoning module IntroTutorials (424)
[2017.07.15-17.48.42:435][168]LogModuleManager: Shutting down and abandoning module GameProjectGeneration (423)
[2017.07.15-17.48.42:453][168]LogModuleManager: Shutting down and abandoning module EditorLiveStreaming (420)
[2017.07.15-17.48.42:453][168]LogModuleManager: Shutting down and abandoning module IOSPlatformEditor (418)
[2017.07.15-17.48.42:453][168]LogModuleManager: Shutting down and abandoning module HTML5PlatformEditor (416)
[2017.07.15-17.48.42:453][168]LogModuleManager: Shutting down and abandoning module AndroidPlatformEditor (414)
[2017.07.15-17.48.42:461][168]LogModuleManager: Shutting down and abandoning module AndroidDeviceDetection (413)
[2017.07.15-17.48.42:784][168]LogModuleManager: Shutting down and abandoning module IOSRuntimeSettings (410)
[2017.07.15-17.48.42:784][168]LogModuleManager: Shutting down and abandoning module AndroidRuntimeSettings (408)
[2017.07.15-17.48.42:784][168]LogModuleManager: Shutting down and abandoning module InputBindingEditor (406)
[2017.07.15-17.48.42:813][168]LogModuleManager: Shutting down and abandoning module NiagaraEditor (404)
[2017.07.15-17.48.42:897][168]LogModuleManager: Shutting down and abandoning module MergeActors (402)
[2017.07.15-17.48.42:907][168]LogModuleManager: Shutting down and abandoning module SizeMap (400)
[2017.07.15-17.48.42:914][168]LogModuleManager: Shutting down and abandoning module TreeMap (398)
[2017.07.15-17.48.42:948][168]LogModuleManager: Shutting down and abandoning module ReferenceViewer (396)
[2017.07.15-17.48.42:948][168]LogModuleManager: Shutting down and abandoning module LocalizationDashboard (394)
[2017.07.15-17.48.42:957][168]LogModuleManager: Shutting down and abandoning module LocalizationService (393)
[2017.07.15-17.48.42:969][168]LogModuleManager: Shutting down and abandoning module HardwareTargeting (390)
[2017.07.15-17.48.42:986][168]LogModuleManager: Shutting down and abandoning module DeviceProfileEditor (388)
[2017.07.15-17.48.43:000][168]LogModuleManager: Shutting down and abandoning module UndoHistory (386)
[2017.07.15-17.48.43:014][168]LogModuleManager: Shutting down and abandoning module UserFeedback (384)
[2017.07.15-17.48.43:014][168]LogModuleManager: Shutting down and abandoning module XmlParser (382)
[2017.07.15-17.48.43:017][168]LogModuleManager: Shutting down and abandoning module Blutility (380)
[2017.07.15-17.48.43:026][168]LogModuleManager: Shutting down and abandoning module ProjectSettingsViewer (378)
[2017.07.15-17.48.43:026][168]LogModuleManager: Shutting down and abandoning module ProjectTargetPlatformEditor (377)
[2017.07.15-17.48.43:027][168]LogModuleManager: Shutting down and abandoning module EditorSettingsViewer (374)
[2017.07.15-17.48.43:027][168]LogModuleManager: Shutting down and abandoning module SettingsEditor (372)
[2017.07.15-17.48.43:078][168]LogModuleManager: Shutting down and abandoning module ProjectLauncher (370)
[2017.07.15-17.48.43:127][168]LogModuleManager: Shutting down and abandoning module SessionFrontend (368)
[2017.07.15-17.48.43:167][168]LogModuleManager: Shutting down and abandoning module ProfilerClient (366)
[2017.07.15-17.48.43:213][168]LogModuleManager: Shutting down and abandoning module DeviceManager (364)
[2017.07.15-17.48.43:259][168]LogModuleManager: Shutting down and abandoning module TargetDeviceServices (363)
[2017.07.15-17.48.43:310][168]LogModuleManager: Shutting down and abandoning module AutomationController (360)
[2017.07.15-17.48.43:504][168]LogModuleManager: Shutting down and abandoning module AutomationWindow (358)
[2017.07.15-17.48.43:582][168]LogModuleManager: Shutting down and abandoning module Layers (356)
[2017.07.15-17.48.43:756][168]LogModuleManager: Shutting down and abandoning module ComponentVisualizers (354)
[2017.07.15-17.48.43:756][168]LogModuleManager: Shutting down and abandoning module DetailCustomizations (352)
[2017.07.15-17.48.43:784][168]LogModuleManager: Shutting down and abandoning module PackagesDialog (350)
[2017.07.15-17.48.43:832][168]LogModuleManager: Shutting down and abandoning module Persona (348)
[2017.07.15-17.48.43:952][168]LogModuleManager: Shutting down and abandoning module AnimGraph (347)
[2017.07.15-17.48.43:952][168]LogModuleManager: Shutting down and abandoning module Kismet (344)
[2017.07.15-17.48.44:061][168]LogModuleManager: Shutting down and abandoning module GraphEditor (342)
[2017.07.15-17.48.44:061][168]LogModuleManager: Shutting down and abandoning module ClassViewer (340)
[2017.07.15-17.48.44:061][168]LogModuleManager: Shutting down and abandoning module Toolbox (338)
[2017.07.15-17.48.44:135][168]LogModuleManager: Shutting down and abandoning module ModuleUI (336)
[2017.07.15-17.48.44:204][168]LogModuleManager: Shutting down and abandoning module MovieSceneTools (334)
[2017.07.15-17.48.44:246][168]LogModuleManager: Shutting down and abandoning module OutputLog (332)
[2017.07.15-17.48.44:246][168]LogModuleManager: Shutting down and abandoning module GammaUI (330)
[2017.07.15-17.48.44:257][168]LogModuleManager: Shutting down and abandoning module Documentation (328)
[2017.07.15-17.48.44:257][168]LogModuleManager: Shutting down and abandoning module Niagara (326)
[2017.07.15-17.48.44:257][168]LogModuleManager: Shutting down and abandoning module StreamingPauseRendering (324)
[2017.07.15-17.48.44:257][168]LogModuleManager: Shutting down and abandoning module AnalyticsET (322)
[2017.07.15-17.48.44:257][168]LogModuleManager: Shutting down and abandoning module PortalServices (320)
[2017.07.15-17.48.44:257][168]LogModuleManager: Shutting down and abandoning module PortalRpc (318)
[2017.07.15-17.48.44:257][168]LogModuleManager: Shutting down and abandoning module MessagingRpc (316)
[2017.07.15-17.48.44:257][168]LogModuleManager: Shutting down and abandoning module AIModule (314)
[2017.07.15-17.48.44:257][168]LogModuleManager: Shutting down and abandoning module GameplayDebugger (313)
[2017.07.15-17.48.44:257][168]LogModuleManager: Shutting down and abandoning module AITestSuite (311)
[2017.07.15-17.48.44:257][168]LogModuleManager: Shutting down and abandoning module ProfilerService (308)
[2017.07.15-17.48.44:262][168]LogModuleManager: Shutting down and abandoning module TaskGraph (306)
[2017.07.15-17.48.44:371][168]LogModuleManager: Shutting down and abandoning module SteamVRController (304)
[2017.07.15-17.48.44:371][168]LogModuleManager: Shutting down and abandoning module SteamVR (302)
[2017.07.15-17.48.44:371][168]LogModuleManager: Shutting down and abandoning module ProceduralMeshComponentEditor (300)
[2017.07.15-17.48.44:371][168]LogModuleManager: Shutting down and abandoning module ProceduralMeshComponent (298)
[2017.07.15-17.48.44:380][168]LogModuleManager: Shutting down and abandoning module OculusLibrary (296)
[2017.07.15-17.48.44:380][168]LogModuleManager: Shutting down and abandoning module OculusInput (294)
[2017.07.15-17.48.44:380][168]LogModuleManager: Shutting down and abandoning module MobilePatchingUtils (292)
[2017.07.15-17.48.44:380][168]LogModuleManager: Shutting down and abandoning module CustomMeshComponent (290)
[2017.07.15-17.48.44:380][168]LogModuleManager: Shutting down and abandoning module CableComponent (288)
[2017.07.15-17.48.44:420][168]LogModuleManager: Shutting down and abandoning module ArchVisCharacter (286)
[2017.07.15-17.48.44:420][168]LogModuleManager: Shutting down and abandoning module MediaPlayerEditor (282)
[2017.07.15-17.48.44:662][168]LogModuleManager: Shutting down and abandoning module HTML5Networking (280)
[2017.07.15-17.48.44:662][168]LogModuleManager: Shutting down and abandoning module AlembicImporter (278)
[2017.07.15-17.48.44:733][168]LogModuleManager: Shutting down and abandoning module AlembicLibrary (277)
[2017.07.15-17.48.44:733][168]LogModuleManager: Shutting down and abandoning module GeometryCache (276)
[2017.07.15-17.48.44:791][168]LogModuleManager: Shutting down and abandoning module GeometryCacheEd (275)
[2017.07.15-17.48.44:791][168]LogModuleManager: Shutting down and abandoning module SuperSearchEditor (270)
[2017.07.15-17.48.44:791][168]LogModuleManager: Shutting down and abandoning module SuperSearch (269)
[2017.07.15-17.48.44:791][168]LogModuleManager: Shutting down and abandoning module SpeedTreeImporter (266)
[2017.07.15-17.48.44:791][168]LogModuleManager: Shutting down and abandoning module PluginBrowser (264)
[2017.07.15-17.48.44:990][168]LogModuleManager: Shutting down and abandoning module MobileLauncherProfileWizard (262)
[2017.07.15-17.48.45:072][168]LogModuleManager: Shutting down and abandoning module EpicSurvey (260)
[2017.07.15-17.48.45:072][168]LogModuleManager: Shutting down and abandoning module VisualStudioSourceCodeAccess (258)
[2017.07.15-17.48.45:072][168]LogModuleManager: Shutting down and abandoning module DesktopPlatform (257)
[2017.07.15-17.48.45:168][168]LogModuleManager: Shutting down and abandoning module UObjectPlugin (254)
[2017.07.15-17.48.45:168][168]LogModuleManager: Shutting down and abandoning module SubversionSourceControl (252)
[2017.07.15-17.48.45:201][168]LogModuleManager: Shutting down and abandoning module PerforceSourceControl (250)
[2017.07.15-17.48.45:292][168]LogModuleManager: Shutting down and abandoning module GitSourceControl (248)
[2017.07.15-17.48.45:342][168]LogModuleManager: Shutting down and abandoning module SourceControl (247)
[2017.07.15-17.48.45:465][168]LogModuleManager: Shutting down and abandoning module LightPropagationVolumeEditor (244)
[2017.07.15-17.48.45:465][168]LogModuleManager: Shutting down and abandoning module PaperTiledImporter (242)
[2017.07.15-17.48.45:465][168]LogModuleManager: Shutting down and abandoning module PaperSpriteSheetImporter (240)
[2017.07.15-17.48.45:465][168]LogModuleManager: Shutting down and abandoning module Paper2DEditor (238)
[2017.07.15-17.48.45:594][168]LogModuleManager: Shutting down and abandoning module MeshPaint (237)
[2017.07.15-17.48.45:600][168]LogModuleManager: Shutting down and abandoning module LevelEditor (235)
[2017.07.15-17.48.45:696][168]LogModuleManager: Shutting down and abandoning module PixelInspectorModule (234)
[2017.07.15-17.48.45:749][168]LogModuleManager: Shutting down and abandoning module MainFrame (232)
[2017.07.15-17.48.45:749][168]LogModuleManager: Shutting down and abandoning module HotReload (231)
[2017.07.15-17.48.45:781][168]LogDirectoryWatcher: A directory notification for 'C:/Users/User/Desktop/Unreal/GitHub/FYP_DumbTesting/Meeting/Binaries/Win64' was aborted.
[2017.07.15-17.48.45:795][168]LogModuleManager: Shutting down and abandoning module ContentBrowser (227)
[2017.07.15-17.48.45:796][168]LogModuleManager: Shutting down and abandoning module Meeting (224)
[2017.07.15-17.48.45:796][168]LogModuleManager: Shutting down and abandoning module PhysXVehiclesEditor (222)
[2017.07.15-17.48.45:817][168]LogModuleManager: Shutting down and abandoning module PhysXVehicles (220)
[2017.07.15-17.48.45:817][168]LogModuleManager: Shutting down and abandoning module LocationServicesBPLibrary (218)
[2017.07.15-17.48.45:817][168]LogModuleManager: Shutting down and abandoning module UdpMessaging (216)
[2017.07.15-17.48.45:918][168]LogModuleManager: Shutting down and abandoning module TcpMessaging (214)
[2017.07.15-17.48.46:032][168]LogModuleManager: Shutting down and abandoning module GameplayTagsEditor (212)
[2017.07.15-17.48.46:088][168]LogModuleManager: Shutting down and abandoning module FacialAnimationEditor (210)
[2017.07.15-17.48.46:129][168]LogModuleManager: Shutting down and abandoning module FacialAnimation (208)
[2017.07.15-17.48.46:129][168]LogModuleManager: Shutting down and abandoning module LightPropagationVolumeRuntime (206)
[2017.07.15-17.48.46:129][168]LogModuleManager: Shutting down and abandoning module Paper2D (204)
[2017.07.15-17.48.46:159][168]LogModuleManager: Shutting down and abandoning module WindowsMoviePlayer (202)
[2017.07.15-17.48.46:170][168]LogModuleManager: Shutting down and abandoning module WmfMedia (200)
[2017.07.15-17.48.46:226][168]LogModuleManager: Shutting down and abandoning module MfMedia (198)
[2017.07.15-17.48.46:226][168]LogModuleManager: Shutting down and abandoning module MediaAssets (196)
[2017.07.15-17.48.46:226][168]LogModuleManager: Shutting down and abandoning module GameLiveStreaming (194)
[2017.07.15-17.48.46:226][168]LogModuleManager: Shutting down and abandoning module VREditor (192)
[2017.07.15-17.48.46:226][168]LogModuleManager: Shutting down and abandoning module GameplayTasksEditor (190)
[2017.07.15-17.48.46:226][168]LogModuleManager: Shutting down and abandoning module BehaviorTreeEditor (188)
[2017.07.15-17.48.46:346][168]LogModuleManager: Shutting down and abandoning module FunctionalTesting (186)
[2017.07.15-17.48.46:346][168]LogModuleManager: Shutting down and abandoning module CollisionAnalyzer (184)
[2017.07.15-17.48.46:424][168]LogModuleManager: Shutting down and abandoning module UMG (182)
[2017.07.15-17.48.46:544][168]LogModuleManager: Shutting down and abandoning module UMGEditor (181)
[2017.07.15-17.48.46:755][168]LogModuleManager: Shutting down and abandoning module Sequencer (180)
[2017.07.15-17.48.46:933][168]LogModuleManager: Shutting down and abandoning module AssetTools (178)
[2017.07.15-17.48.47:064][168]LogModuleManager: Shutting down and abandoning module MessageLog (177)
[2017.07.15-17.48.47:064][168]LogModuleManager: Shutting down and abandoning module WorkspaceMenuStructure (176)
[2017.07.15-17.48.47:064][168]LogModuleManager: Shutting down and abandoning module SlateReflector (170)
[2017.07.15-17.48.47:287][168]LogModuleManager: Shutting down and abandoning module Slate (168)
[2017.07.15-17.48.47:287][168]LogModuleManager: Shutting down and abandoning module EditorStyle (166)
[2017.07.15-17.48.47:289][168]LogModuleManager: Shutting down and abandoning module SourceCodeAccess (164)
[2017.07.15-17.48.47:354][168]LogModuleManager: Shutting down and abandoning module HeadMountedDisplay (162)
[2017.07.15-17.48.47:354][168]LogModuleManager: Shutting down and abandoning module XAudio2 (160)
[2017.07.15-17.48.47:354][168]LogModuleManager: Shutting down and abandoning module Networking (158)
[2017.07.15-17.48.47:354][168]LogModuleManager: Shutting down and abandoning module Core (154)
[2017.07.15-17.48.47:354][168]LogModuleManager: Shutting down and abandoning module AssetRegistry (152)
[2017.07.15-17.48.47:500][168]LogDirectoryWatcher: A directory notification for '../../../Engine/Content/' was aborted.
[2017.07.15-17.48.47:501][168]LogDirectoryWatcher: A directory notification for 'C:/Users/User/Desktop/Unreal/GitHub/FYP_DumbTesting/Meeting/Content/' was aborted.
[2017.07.15-17.48.47:501][168]LogDirectoryWatcher: A directory notification for '../../../Engine/Plugins/2D/Paper2D/Content/' was aborted.
[2017.07.15-17.48.47:544][168]LogModuleManager: Shutting down and abandoning module DirectoryWatcher (151)
[2017.07.15-17.48.47:545][168]LogModuleManager: Shutting down and abandoning module KismetCompiler (148)
[2017.07.15-17.48.47:545][168]LogModuleManager: Shutting down and abandoning module PhysXFormats (146)
[2017.07.15-17.48.47:545][168]LogModuleManager: Shutting down and abandoning module MeshUtilities (144)
[2017.07.15-17.48.47:640][168]LogModuleManager: Shutting down and abandoning module SimplygonSwarm (143)
[2017.07.15-17.48.47:690][168]LogModuleManager: Shutting down and abandoning module SimplygonMeshReduction (141)
[2017.07.15-17.48.47:690][168]LogModuleManager: Shutting down and abandoning module QuadricMeshReduction (139)
[2017.07.15-17.48.47:702][168]LogModuleManager: Shutting down and abandoning module PropertyEditor (137)
[2017.07.15-17.48.47:702][168]LogModuleManager: Shutting down and abandoning module DerivedDataCache (134)
[2017.07.15-17.48.47:778][168]LogDerivedDataCache: Shutdown
[2017.07.15-17.48.47:778][168]LogModuleManager: Shutting down and abandoning module TargetPlatform (132)
[2017.07.15-17.48.47:778][168]LogModuleManager: Shutting down and abandoning module VulkanShaderFormat (131)
[2017.07.15-17.48.47:806][168]LogModuleManager: Shutting down and abandoning module ShaderFormatOpenGL (129)
[2017.07.15-17.48.47:849][168]LogModuleManager: Shutting down and abandoning module ShaderFormatD3D (127)
[2017.07.15-17.48.47:880][168]LogModuleManager: Shutting down and abandoning module MetalShaderFormat (125)
[2017.07.15-17.48.47:921][168]LogModuleManager: Shutting down and abandoning module TextureFormatUncompressed (123)
[2017.07.15-17.48.47:921][168]LogModuleManager: Shutting down and abandoning module TextureFormatPVR (121)
[2017.07.15-17.48.47:921][168]LogModuleManager: Shutting down and abandoning module TextureFormatDXT (119)
[2017.07.15-17.48.47:921][168]LogModuleManager: Shutting down and abandoning module TextureFormatIntelISPCTexComp (117)
[2017.07.15-17.48.47:925][168]LogModuleManager: Shutting down and abandoning module TextureFormatASTC (115)
[2017.07.15-17.48.47:925][168]LogModuleManager: Shutting down and abandoning module ImageWrapper (114)
[2017.07.15-17.48.47:925][168]LogModuleManager: Shutting down and abandoning module TextureFormatAndroid (111)
[2017.07.15-17.48.47:925][168]LogModuleManager: Shutting down and abandoning module AudioFormatOpus (109)
[2017.07.15-17.48.47:957][168]LogModuleManager: Shutting down and abandoning module AudioFormatOgg (107)
[2017.07.15-17.48.47:957][168]LogModuleManager: Shutting down and abandoning module AudioFormatADPCM (105)
[2017.07.15-17.48.47:957][168]LogModuleManager: Shutting down and abandoning module LinuxTargetPlatform (103)
[2017.07.15-17.48.47:957][168]LogModuleManager: Shutting down and abandoning module LinuxServerTargetPlatform (101)
[2017.07.15-17.48.47:957][168]LogModuleManager: Shutting down and abandoning module LinuxNoEditorTargetPlatform (99)
[2017.07.15-17.48.47:957][168]LogModuleManager: Shutting down and abandoning module LinuxClientTargetPlatform (97)
[2017.07.15-17.48.47:957][168]LogModuleManager: Shutting down and abandoning module TVOSTargetPlatform (95)
[2017.07.15-17.48.47:958][168]LogModuleManager: Shutting down and abandoning module Messaging (93)
[2017.07.15-17.48.47:958][168]LogModuleManager: Shutting down and abandoning module IOSTargetPlatform (91)
[2017.07.15-17.48.47:958][168]LogModuleManager: Shutting down and abandoning module HTML5TargetPlatform (89)
[2017.07.15-17.48.47:958][168]LogModuleManager: Shutting down and abandoning module Android_PVRTCTargetPlatform (87)
[2017.07.15-17.48.47:958][168]LogModuleManager: Shutting down and abandoning module Android_MultiTargetPlatform (85)
[2017.07.15-17.48.47:958][168]LogModuleManager: Shutting down and abandoning module Android_ETC2TargetPlatform (83)
[2017.07.15-17.48.47:958][168]LogModuleManager: Shutting down and abandoning module Android_ETC1TargetPlatform (81)
[2017.07.15-17.48.47:958][168]LogModuleManager: Shutting down and abandoning module Android_DXTTargetPlatform (79)
[2017.07.15-17.48.47:958][168]LogModuleManager: Shutting down and abandoning module Android_ATCTargetPlatform (77)
[2017.07.15-17.48.47:958][168]LogModuleManager: Shutting down and abandoning module Android_ASTCTargetPlatform (75)
[2017.07.15-17.48.47:958][168]LogModuleManager: Shutting down and abandoning module AndroidTargetPlatform (73)
[2017.07.15-17.48.47:958][168]LogModuleManager: Shutting down and abandoning module WindowsTargetPlatform (71)
[2017.07.15-17.48.47:958][168]LogModuleManager: Shutting down and abandoning module WindowsServerTargetPlatform (69)
[2017.07.15-17.48.47:958][168]LogModuleManager: Shutting down and abandoning module WindowsNoEditorTargetPlatform (67)
[2017.07.15-17.48.47:958][168]LogModuleManager: Shutting down and abandoning module WindowsClientTargetPlatform (65)
[2017.07.15-17.48.47:958][168]LogModuleManager: Shutting down and abandoning module MacTargetPlatform (63)
[2017.07.15-17.48.47:958][168]LogModuleManager: Shutting down and abandoning module MacServerTargetPlatform (61)
[2017.07.15-17.48.47:958][168]LogModuleManager: Shutting down and abandoning module MacNoEditorTargetPlatform (59)
[2017.07.15-17.48.47:958][168]LogModuleManager: Shutting down and abandoning module MacClientTargetPlatform (57)
[2017.07.15-17.48.47:958][168]LogModuleManager: Shutting down and abandoning module AllDesktopTargetPlatform (55)
[2017.07.15-17.48.47:958][168]LogModuleManager: Shutting down and abandoning module InputCore (52)
[2017.07.15-17.48.47:958][168]LogModuleManager: Shutting down and abandoning module Settings (50)
[2017.07.15-17.48.47:958][168]LogModuleManager: Shutting down and abandoning module OculusRift (48)
[2017.07.15-17.48.47:970][168]LogModuleManager: Shutting down and abandoning module GearVR (46)
[2017.07.15-17.48.47:970][168]LogModuleManager: Shutting down and abandoning module ExampleDeviceProfileSelector (44)
[2017.07.15-17.48.47:970][168]LogModuleManager: Shutting down and abandoning module OnlineBlueprintSupport (42)
[2017.07.15-17.48.47:970][168]LogModuleManager: Shutting down and abandoning module OnlineSubsystem (38)
[2017.07.15-17.48.47:970][168]LogOnline:Display: Unloading online subsystem: NULL
[2017.07.15-17.48.47:996][168]LogModuleManager: Shutting down and abandoning module XMPP (37)
[2017.07.15-17.48.48:029][168]LogModuleManager: Shutting down and abandoning module HTTP (35)
[2017.07.15-17.48.48:045][168]LogHttp:Display: Http module shutting down, but needs to wait on 1 outstanding Http requests:
[2017.07.15-17.48.48:045][168]LogHttp:Display: 	verb=[POST] url=[https://datarouter.ol.epicgames.com/datarouter/api/v1/public/data?SessionID=%7B91A3864D-4166-4B09-DEA3-FFA846ED170D%7D&AppID=UEEditor.Rocket.Release&AppVersion=4.15.3-3450819%2B%2B%2BUE4%2BRelease-4.15&UserID=114a053340218112b535419f5baeb955%7C9413889a592e4c1c866f4c4c8bc27d3e%7C8c3aa4a3-2f23-417e-a7f5-919d8ce1237f&AppEnvironment=datacollector-binary&UploadType=eteventstream] status=Processing
[2017.07.15-17.48.48:064][168]LogModuleManager: Shutting down and abandoning module SSL (34)
[2017.07.15-17.48.48:090][168]LogModuleManager: Shutting down and abandoning module AudioEditor (30)
[2017.07.15-17.48.48:114][168]LogModuleManager: Shutting down and abandoning module TextureCompressor (28)
[2017.07.15-17.48.48:114][168]LogModuleManager: Shutting down and abandoning module ShaderCore (26)
[2017.07.15-17.48.48:114][168]LogModuleManager: Shutting down and abandoning module Landscape (24)
[2017.07.15-17.48.48:114][168]LogModuleManager: Shutting down and abandoning module SlateRHIRenderer (22)
[2017.07.15-17.48.48:127][168]LogModuleManager: Shutting down and abandoning module OpenGLDrv (20)
[2017.07.15-17.48.48:156][168]LogModuleManager: Shutting down and abandoning module D3D11RHI (18)
[2017.07.15-17.48.48:156][168]LogModuleManager: Shutting down and abandoning module AnimGraphRuntime (16)
[2017.07.15-17.48.48:176][168]LogModuleManager: Shutting down and abandoning module Renderer (14)
[2017.07.15-17.48.48:176][168]LogModuleManager: Shutting down and abandoning module Engine (12)
[2017.07.15-17.48.48:176][168]LogModuleManager: Shutting down and abandoning module CoreUObject (10)
[2017.07.15-17.48.48:176][168]LogModuleManager: Shutting down and abandoning module NetworkFile (8)
[2017.07.15-17.48.48:191][168]LogModuleManager: Shutting down and abandoning module StreamingFile (6)
[2017.07.15-17.48.48:207][168]LogModuleManager: Shutting down and abandoning module SandboxFile (4)
[2017.07.15-17.48.48:207][168]LogModuleManager: Shutting down and abandoning module PakFile (2)
[2017.07.15-17.48.48:275][168]LogExit: Exiting.
[2017.07.15-17.48.48:277][168]Log file closed, 07/16/17 01:48:48
