Log file open, 08/08/17 03:55:40
LogInit:Display: Running engine for game: Meeting
LogPlatformFile: Not using cached read wrapper
LogInit:Display: RandInit(-200460789) SRandInit(-200460789).
LogTaskGraph: Started task graph with 5 named threads and 8 total threads with 1 sets of task threads.
LogStats: Stats thread started at 0.204108
LogInit: Using libcurl 7.47.1
LogInit:  - built for x86_64-pc-win32
LogInit:  - supports SSL with OpenSSL/1.0.2g
LogInit:  - supports HTTP deflate (compression) using libz 1.2.8
LogInit:  - other features:
LogInit:      CURL_VERSION_SSL
LogInit:      CURL_VERSION_LIBZ
LogInit:      CURL_VERSION_IPV6
LogInit:      CURL_VERSION_ASYNCHDNS
LogInit:      CURL_VERSION_LARGEFILE
LogInit:      CURL_VERSION_IDN
LogInit:  CurlRequestOptions (configurable via config and command line):
LogInit:  - bVerifyPeer = false  - Libcurl will NOT verify peer certificate
LogInit:  - bUseHttpProxy = false  - Libcurl will NOT use HTTP proxy
LogInit:  - bDontReuseConnections = false  - Libcurl will reuse connections
LogInit:  - CertBundlePath = nullptr  - Libcurl will use whatever was configured at build time.
LogInit: Build: ++UE4+Release-4.15-CL-3450819
LogInit: Engine Version: 4.15.3-3450819+++UE4+Release-4.15
LogInit: Compatible Engine Version: 4.15.0-3299760+++UE4+Release-4.15
LogInit: Net CL: 3299760
LogDevObjectVersion: Number of dev versions registered: 14
LogDevObjectVersion:   Dev-Blueprints (B0D832E4-1F89-4F0D-ACCF-7EB736FD4AA2): 8
LogDevObjectVersion:   Dev-Build (E1C64328-A22C-4D53-A36C-8E866417BD8C): 0
LogDevObjectVersion:   Dev-Core (375EC13C-06E4-48FB-B500-84F0262A717E): 2
LogDevObjectVersion:   Dev-Editor (E4B068ED-F494-42E9-A231-DA0B2E46BB41): 14
LogDevObjectVersion:   Dev-Framework (CFFC743F-43B0-4480-9391-14DF171D2073): 22
LogDevObjectVersion:   Dev-Mobile (B02B49B5-BB20-44E9-A304-32B752E40360): 0
LogDevObjectVersion:   Dev-Networking (A4E4105C-59A1-49B5-A7C5-40C4547EDFEE): 0
LogDevObjectVersion:   Dev-Online (39C831C9-5AE6-47DC-9A44-9C173E1C8E7C): 0
LogDevObjectVersion:   Dev-Physics (78F01B33-EBEA-4F98-B9B4-84EACCB95AA2): 0
LogDevObjectVersion:   Dev-Platform (6631380F-2D4D-43E0-8009-CF276956A95A): 0
LogDevObjectVersion:   Dev-Rendering (12F88B9F-8875-4AFC-A67C-D90C383ABD29): 12
LogDevObjectVersion:   Dev-Sequencer (7B5AE74C-D270-4C10-A958-57980B212A5A): 3
LogDevObjectVersion:   Dev-VR (D7296918-1DD6-4BDD-9DE2-64A83CC13884): 0
LogDevObjectVersion:   Dev-LoadTimes (C2A15278-BFE7-4AFE-6C17-90FF531DF755): 1
LogInit: Compiled (64-bit): May 21 2017 11:02:34
LogInit: Compiled with Visual C++: 19.00.23026.00
LogInit: Build Configuration: Development
LogInit: Branch Name: ++UE4+Release-4.15
LogInit: Command line:  
LogInit: Base directory: D:/UE_4.15/Engine/Binaries/Win64/
LogInit: Installed Engine Build: 1
LogInit: Presizing for max 8388607 objects, including 0 objects not considered by GC, pre-allocating 0 bytes for permanent pool.
LogInit: Object subsystem initialized
[2017.08.07-19.55.41:242][  0]LogInit: Selected Device Profile: [Windows]
[2017.08.07-19.55.41:242][  0]LogInit: Applying CVar settings loaded from the selected device profile: [Windows]
[2017.08.07-19.55.41:294][  0]LogInit: Computer: ASUS
[2017.08.07-19.55.41:294][  0]LogInit: User: User
[2017.08.07-19.55.41:294][  0]LogInit: CPU Page size=65536, Cores=4
[2017.08.07-19.55.41:294][  0]LogInit: High frequency timer resolution =2.338345 MHz
[2017.08.07-19.55.41:294][  0]LogMemory: Memory total: Physical=7.9GB (8GB approx)
[2017.08.07-19.55.41:294][  0]LogMemory: Platform Memory Stats for Windows
[2017.08.07-19.55.41:294][  0]LogMemory: Process Physical Memory: 265.16 MB used, 265.16 MB peak
[2017.08.07-19.55.41:294][  0]LogMemory: Process Virtual Memory: 262.42 MB used, 262.42 MB peak
[2017.08.07-19.55.41:294][  0]LogMemory: Physical Memory: 3870.82 MB used,  4238.66 MB free, 8109.48 MB total
[2017.08.07-19.55.41:294][  0]LogMemory: Virtual Memory: 646.04 MB used,  4238.66 MB free, 134217728.00 MB total
[2017.08.07-19.55.41:715][  0]LogTextLocalizationManager: No specific translations for ('en-US') exist, so ('en') translations will be used.
[2017.08.07-19.55.44:797][  0]LogD3D11RHI: D3D11 adapters:
[2017.08.07-19.55.44:822][  0]LogD3D11RHI:    0. 'NVIDIA GeForce GTX 770M' (Feature Level 11_0)
[2017.08.07-19.55.44:822][  0]LogD3D11RHI:       3039/0/4054 MB DedicatedVideo/DedicatedSystem/SharedSystem, Outputs:1, VendorId:0x10de
[2017.08.07-19.55.44:856][  0]LogD3D11RHI:    1. 'Microsoft Basic Render Driver' (Feature Level 11_0)
[2017.08.07-19.55.44:856][  0]LogD3D11RHI:       0/0/4054 MB DedicatedVideo/DedicatedSystem/SharedSystem, Outputs:0, VendorId:0x1414
[2017.08.07-19.55.44:856][  0]LogD3D11RHI: Chosen D3D11 Adapter: 0
[2017.08.07-19.55.44:859][  0]LogD3D11RHI: Creating new Direct3DDevice
[2017.08.07-19.55.44:859][  0]LogD3D11RHI:     GPU DeviceId: 0x11e0 (for the marketing name, search the web for "GPU Device Id")
[2017.08.07-19.55.44:859][  0]LogWindows: EnumDisplayDevices:
[2017.08.07-19.55.44:859][  0]LogWindows:    0. 'NVIDIA GeForce GTX 770M' (P:1 D:1)
[2017.08.07-19.55.44:859][  0]LogWindows:    1. 'NVIDIA GeForce GTX 770M' (P:0 D:0)
[2017.08.07-19.55.44:859][  0]LogWindows:    2. 'NVIDIA GeForce GTX 770M' (P:0 D:0)
[2017.08.07-19.55.44:860][  0]LogWindows:    3. 'NVIDIA GeForce GTX 770M' (P:0 D:0)
[2017.08.07-19.55.44:860][  0]LogWindows: DebugString: FoundDriverCount:4 
[2017.08.07-19.55.44:860][  0]LogD3D11RHI:     Adapter Name: NVIDIA GeForce GTX 770M
[2017.08.07-19.55.44:860][  0]LogD3D11RHI:   Driver Version: 375.63 (internal:21.21.13.7563, unified:375.63)
[2017.08.07-19.55.44:860][  0]LogD3D11RHI:      Driver Date: 10-21-2016
[2017.08.07-19.55.44:860][  0]LogRHI: Texture pool is 1361 MB (70% of 1945 MB)
[2017.08.07-19.55.44:875][  0]LogD3D11RHI:Warning: Timestamp queries are currently disabled on this hardware due to instability. Realtime GPU stats will not be available. You can override this behaviour by setting r.NVIDIATimestampWorkaround to 0
[2017.08.07-19.55.44:876][  0]LogD3D11RHI: Async texture creation enabled
[2017.08.07-19.55.44:891][  0]LogD3D11RHI: GPU Timing Frequency: 1000.000000 (Debug: 2 2)
[2017.08.07-19.55.44:892][  0]LogShaderCompilers: Guid format shader working directory is -14 characters bigger than the processId version (C:/Users/User/Desktop/Unreal/GitHub/FYP_DumbTesting/Meeting/Intermediate/Shaders/WorkingDirectory/7268/).
[2017.08.07-19.55.44:892][  0]LogShaderCompilers: Cleaned the shader compiler working directory 'C:/Users/User/AppData/Local/Temp/UnrealShaderWorkingDir/9C7EA78F4FBD1F5CF6C196A1942D0819/'.
[2017.08.07-19.55.44:892][  0]LogShaderCompilers:Display: Using Local Shader Compiler.
[2017.08.07-19.55.48:728][  0]LogTemp:Display: Loaded TP AllDesktopTargetPlatform
[2017.08.07-19.55.48:773][  0]LogTemp:Display: Loaded TP MacClientTargetPlatform
[2017.08.07-19.55.48:818][  0]LogTemp:Display: Loaded TP MacNoEditorTargetPlatform
[2017.08.07-19.55.48:863][  0]LogTemp:Display: Loaded TP MacServerTargetPlatform
[2017.08.07-19.55.48:941][  0]LogTemp:Display: Loaded TP MacTargetPlatform
[2017.08.07-19.55.48:988][  0]LogTemp:Display: Loaded TP WindowsClientTargetPlatform
[2017.08.07-19.55.49:034][  0]LogTemp:Display: Loaded TP WindowsNoEditorTargetPlatform
[2017.08.07-19.55.49:080][  0]LogTemp:Display: Loaded TP WindowsServerTargetPlatform
[2017.08.07-19.55.49:118][  0]LogTemp:Display: Loaded TP WindowsTargetPlatform
[2017.08.07-19.55.49:194][  0]LogTemp:Display: Loaded TP AndroidTargetPlatform
[2017.08.07-19.55.49:240][  0]LogTemp:Display: Loaded TP Android_ASTCTargetPlatform
[2017.08.07-19.55.49:286][  0]LogTemp:Display: Loaded TP Android_ATCTargetPlatform
[2017.08.07-19.55.49:331][  0]LogTemp:Display: Loaded TP Android_DXTTargetPlatform
[2017.08.07-19.55.49:377][  0]LogTemp:Display: Loaded TP Android_ETC1TargetPlatform
[2017.08.07-19.55.49:423][  0]LogTemp:Display: Loaded TP Android_ETC2TargetPlatform
[2017.08.07-19.55.49:517][  0]LogTemp:Display: Loaded TP Android_MultiTargetPlatform
[2017.08.07-19.55.49:517][  0]LogTemp:Display: Loaded TP Android_PVRTCTargetPlatform
[2017.08.07-19.55.49:547][  0]LogTemp:Display: Loaded TP HTML5TargetPlatform
[2017.08.07-19.55.49:673][  0]LogTemp:Display: Loaded TP IOSTargetPlatform
[2017.08.07-19.55.49:703][  0]LogTemp:Display: Loaded TP TVOSTargetPlatform
[2017.08.07-19.55.49:748][  0]LogTemp:Display: Loaded TP LinuxClientTargetPlatform
[2017.08.07-19.55.49:793][  0]LogTemp:Display: Loaded TP LinuxNoEditorTargetPlatform
[2017.08.07-19.55.49:840][  0]LogTemp:Display: Loaded TP LinuxServerTargetPlatform
[2017.08.07-19.55.49:889][  0]LogTemp:Display: Loaded TP LinuxTargetPlatform
[2017.08.07-19.55.49:889][  0]LogTargetPlatformManager:Display: Building Assets For Windows
[2017.08.07-19.55.50:644][  0]LogDerivedDataCache:Display: Max Cache Size: 512 MB
[2017.08.07-19.55.51:373][  0]LogDerivedDataCache: Loaded boot cache 0.72s 50MB C:/Users/User/AppData/Local/UnrealEngine/4.15/DerivedDataCache/Boot.ddc.
[2017.08.07-19.55.51:373][  0]LogDerivedDataCache:Display: Loaded Boot cache: C:/Users/User/AppData/Local/UnrealEngine/4.15/DerivedDataCache/Boot.ddc
[2017.08.07-19.55.51:373][  0]LogDerivedDataCache: FDerivedDataBackendGraph:  Pak pak cache file C:/Users/User/Desktop/Unreal/GitHub/FYP_DumbTesting/Meeting/DerivedDataCache/DDC.ddp not found, will not use a pak cache.
[2017.08.07-19.55.51:373][  0]LogDerivedDataCache: Unable to find inner node Pak for hierarchical cache Hierarchy.
[2017.08.07-19.55.51:374][  0]LogDerivedDataCache: FDerivedDataBackendGraph:  CompressedPak pak cache file C:/Users/User/Desktop/Unreal/GitHub/FYP_DumbTesting/Meeting/DerivedDataCache/Compressed.ddp not found, will not use a pak cache.
[2017.08.07-19.55.51:374][  0]LogDerivedDataCache: Unable to find inner node CompressedPak for hierarchical cache Hierarchy.
[2017.08.07-19.55.51:417][  0]LogDerivedDataCache:Display: Pak cache opened for reading ../../../Engine/DerivedDataCache/Compressed.ddp.
[2017.08.07-19.55.51:429][  0]LogDerivedDataCache: Using Local data cache path C:/Users/User/AppData/Local/UnrealEngine/Common/DerivedDataCache: Writable
[2017.08.07-19.55.51:438][  0]LogSlate: Using Freetype 2.6.0
[2017.08.07-19.55.51:461][  0]LogSlate: SlateFontCache - WITH_FREETYPE: 1, WITH_HARFBUZZ: 1
[2017.08.07-19.55.51:462][  0]LogSlate: SlateFontCache - WITH_FREETYPE: 1, WITH_HARFBUZZ: 1
[2017.08.07-19.55.55:916][  0]LogInit: Selected Device Profile: [Windows]
[2017.08.07-19.55.55:918][  0]LogContentStreaming: Texture pool size is 0.00 MB
[2017.08.07-19.55.56:134][  0]LogMeshUtilities: Using QuadricMeshReduction for automatic static mesh reduction
[2017.08.07-19.55.56:232][  0]LogSimplygon: Simplygon DLL not present - disabling.
[2017.08.07-19.55.56:315][  0]LogMeshUtilities: Using SimplygonSwarm for distributed automatic mesh merging
[2017.08.07-19.55.56:315][  0]LogMeshUtilities: No automatic skeletal mesh reduction module available
[2017.08.07-19.55.56:315][  0]LogMeshUtilities: No automatic mesh merging module available
[2017.08.07-19.55.56:875][  0]LogNetVersion: GetLocalNetworkVersion: CL: 3299760, ProjectName: meeting, ProjectVersion: , EngineNetworkVersion: 2, GameNetworkVersion: 0, NetworkChecksum: 116300604
[2017.08.07-19.55.56:924][  0]LogAssetRegistry: FAssetRegistry took 0.0216 seconds to start up
[2017.08.07-19.55.56:973][  0]LogPackageLocalizationCache: Processed 3 localized package path(s) for 2 prioritized culture(s) in 0.035002 seconds
[2017.08.07-19.55.56:978][  0]LogUObjectArray: 32493 objects as part of root set at end of initial load.
[2017.08.07-19.55.56:978][  0]LogUObjectAllocator: 7077032 out of 0 bytes used by permanent object pool.
[2017.08.07-19.55.56:978][  0]LogUObjectArray: CloseDisregardForGC: 0/0 objects in disregard for GC pool
[2017.08.07-19.55.57:021][  0]LogInit: WinSock: version 1.1 (2.2), MaxSocks=32767, MaxUdp=65467
[2017.08.07-19.56.12:480][  0]LogTcpMessaging: Initializing TcpMessaging bridge
[2017.08.07-19.56.12:560][  0]LogUdpMessaging: Initializing bridge on interface 0.0.0.0:0 to multicast group 230.0.0.1:6666.
[2017.08.07-19.56.13:703][  0]LogMaterial: Uniform references updated for custom material expression Custom.
[2017.08.07-19.56.14:411][  0]SourceControl: Info Source control is disabled
[2017.08.07-19.56.15:583][  0]SourceControl: Info Source control is disabled
[2017.08.07-19.56.15:685][  0]SourceControl: Info Source control is disabled
[2017.08.07-19.56.15:757][  0]SourceControl: Info Source control is disabled
[2017.08.07-19.56.18:090][  0]LogEngine: Initializing Engine...
[2017.08.07-19.56.18:113][  0]LogHMD: Failed to initialize OpenVR with code 100
[2017.08.07-19.56.18:214][  0]LogStats: UGameplayTagsManager::ConstructGameplayTagTree: Construct from data asset -  0.000 s
[2017.08.07-19.56.18:214][  0]LogStats: UGameplayTagsManager::ConstructGameplayTagTree: GameplayTagTreeChangedEvent.Broadcast -  0.000 s
[2017.08.07-19.56.18:353][  0]LogAIModule: Creating AISystem for world Untitled
[2017.08.07-19.56.18:384][  0]LogInit: XAudio2 using 'Speakers (Realtek High Definition Audio)' : 2 channels at 48 kHz using 32 bits per sample (channel mask 0x3)
[2017.08.07-19.56.18:503][  0]LogInit: FAudioDevice initialized.
[2017.08.07-19.56.18:529][  0]LogDerivedDataCache: Saved boot cache 0.03s 50MB C:/Users/User/AppData/Local/UnrealEngine/4.15/DerivedDataCache/Boot.ddc.
[2017.08.07-19.56.18:538][  0]LogInit: Texture streaming: Enabled
[2017.08.07-19.56.19:024][  0]LogEngineSessionManager: EngineSessionManager initialized
[2017.08.07-19.56.19:383][  0]LogInit: Transaction tracking system initialized
[2017.08.07-19.56.19:729][  0]BlueprintLog: New page: Editor Load
[2017.08.07-19.56.21:692][  0]LocalizationService: Info Localization service is disabled
[2017.08.07-19.56.22:914][  0]LogConsoleResponse:Display: 
[2017.08.07-19.56.23:847][  0]LogCook:Display: Max memory allowance for cook 16384mb min free memory 0mb
[2017.08.07-19.56.23:847][  0]LogCook:Display: Mobile HDR setting 1
[2017.08.07-19.56.24:800][  0]LogFileCache: Scanning file cache for directory 'C:/Users/User/Desktop/Unreal/GitHub/FYP_DumbTesting/Meeting/Content/' took 0.03s
[2017.08.07-19.56.27:126][  0]SourceControl: Info Source control is disabled
[2017.08.07-19.56.27:126][  0]Cmd: MAP LOAD FILE="C:/Users/User/Desktop/Unreal/GitHub/FYP_DumbTesting/Meeting/Content/ThirdPersonBP/Maps/MockUp_Map.umap" TEMPLATE=0 SHOWPROGRESS=1 FEATURELEVEL=3
[2017.08.07-19.56.27:127][  0]LightingResults: New page: Lighting Build
[2017.08.07-19.56.27:156][  0]MapCheck: New page: Map Check
[2017.08.07-19.56.27:156][  0]LightingResults: New page: Lighting Build
[2017.08.07-19.56.38:308][  0]LogBlueprint:Warning: [Compiler ThirdPersonCharacter] Warning InputAction Event references unknown Action 'ResetVR' for  InputAction ResetVR
[2017.08.07-19.56.38:308][  0]LogBlueprint:Warning: [Compiler ThirdPersonCharacter] Warning Input Axis Event references unknown Axis 'LookUpRate' for  InputAxis LookUpRate
[2017.08.07-19.56.38:308][  0]LogBlueprint:Warning: [Compiler ThirdPersonCharacter] Warning Input Axis Event references unknown Axis 'TurnRate' for  InputAxis TurnRate
[2017.08.07-19.56.38:308][  0]LogBlueprint:Warning: [Compiler ThirdPersonCharacter] Warning InputAction Event references unknown Action 'Jump' for  InputAction Jump
[2017.08.07-19.56.38:309][  0]LogBlueprint:Warning: [Compiler ThirdPersonCharacter] Warning Input Axis Event references unknown Axis 'LookUp' for  InputAxis LookUp
[2017.08.07-19.56.38:309][  0]LogBlueprint:Warning: [Compiler ThirdPersonCharacter] Warning Input Axis Event references unknown Axis 'Turn' for  InputAxis Turn
[2017.08.07-19.56.38:312][  0]LogBlueprint:Warning: [Compiler ThirdPersonCharacter] Warning [0062.18] Compile of ThirdPersonCharacter successful, but with 6 Warning(s) [in 8 ms] (/Game/ThirdPersonBP/Blueprints/ThirdPersonCharacter.ThirdPersonCharacter)
[2017.08.07-19.56.38:312][  0]LogBlueprint:Warning: [Compiler ThirdPersonCharacter] Warning [0062.18] Compile of ThirdPersonCharacter successful, but with 7 Warning(s) [in 0 ms] (/Game/ThirdPersonBP/Blueprints/ThirdPersonCharacter.ThirdPersonCharacter)
[2017.08.07-19.56.38:312][  0]LogBlueprint:Warning: [Compiler ThirdPersonCharacter] Warning [0062.18] Compile of ThirdPersonCharacter successful, but with 8 Warning(s) [in 0 ms] (/Game/ThirdPersonBP/Blueprints/ThirdPersonCharacter.ThirdPersonCharacter)
[2017.08.07-19.56.38:318][  0]LogBlueprint:Warning: [Compiler ThirdPersonCharacter] Warning InputAction Event references unknown Action 'ResetVR' for  InputAction ResetVR
[2017.08.07-19.56.38:318][  0]LogBlueprint:Warning: [Compiler ThirdPersonCharacter] Warning Input Axis Event references unknown Axis 'LookUpRate' for  InputAxis LookUpRate
[2017.08.07-19.56.38:318][  0]LogBlueprint:Warning: [Compiler ThirdPersonCharacter] Warning Input Axis Event references unknown Axis 'TurnRate' for  InputAxis TurnRate
[2017.08.07-19.56.38:318][  0]LogBlueprint:Warning: [Compiler ThirdPersonCharacter] Warning InputAction Event references unknown Action 'Jump' for  InputAction Jump
[2017.08.07-19.56.38:318][  0]LogBlueprint:Warning: [Compiler ThirdPersonCharacter] Warning Input Axis Event references unknown Axis 'LookUp' for  InputAxis LookUp
[2017.08.07-19.56.38:319][  0]LogBlueprint:Warning: [Compiler ThirdPersonCharacter] Warning Input Axis Event references unknown Axis 'Turn' for  InputAxis Turn
[2017.08.07-19.56.38:322][  0]LogBlueprint:Warning: [Compiler ThirdPersonCharacter] Warning [0062.19] Compile of ThirdPersonCharacter successful, but with 6 Warning(s) [in 7 ms] (/Game/ThirdPersonBP/Blueprints/ThirdPersonCharacter.ThirdPersonCharacter)
[2017.08.07-19.56.38:322][  0]LogBlueprint:Warning: [Compiler ThirdPersonCharacter] Warning [0062.19] Compile of ThirdPersonCharacter successful, but with 7 Warning(s) [in 0 ms] (/Game/ThirdPersonBP/Blueprints/ThirdPersonCharacter.ThirdPersonCharacter)
[2017.08.07-19.56.38:322][  0]LogBlueprint:Warning: [Compiler ThirdPersonCharacter] Warning [0062.19] Compile of ThirdPersonCharacter successful, but with 8 Warning(s) [in 0 ms] (/Game/ThirdPersonBP/Blueprints/ThirdPersonCharacter.ThirdPersonCharacter)
[2017.08.07-19.56.54:568][  0]LogLinker:Warning: Can't find file '/Game/Art/Environment/newdev/zzzzzz'
[2017.08.07-19.56.54:568][  0]LogLinker:Warning: Can't find file for asset '/Game/Art/Environment/newdev/zzzzzz' while loading C:/Users/User/Desktop/Unreal/GitHub/FYP_DumbTesting/Meeting/Content/Art/Environment/Mesh/SM_Corridor_Frame.uasset.
[2017.08.07-19.56.54:568][  0]LoadErrors:Error: Error /Game/Art/Environment/Mesh/SM_Corridor_Frame : Can't find file for asset. /Game/Art/Environment/newdev/zzzzzz
[2017.08.07-19.56.54:568][  0]LogLinker:Warning: Can't find file '/Game/Art/Environment/newdev/zzzzzz'
[2017.08.07-19.56.54:568][  0]LogLinker:Warning: Can't find file for asset '/Game/Art/Environment/newdev/zzzzzz' while loading C:/Users/User/Desktop/Unreal/GitHub/FYP_DumbTesting/Meeting/Content/Art/Environment/Mesh/SM_Corridor_Frame.uasset.
[2017.08.07-19.56.54:568][  0]LoadErrors:Error: Error /Game/Art/Environment/Mesh/SM_Corridor_Frame : Can't find file for asset. /Game/Art/Environment/newdev/zzzzzz
[2017.08.07-19.56.54:960][  0]LogLinker:Warning: Can't find file '/Game/Art/Environment/newdev/2'
[2017.08.07-19.56.54:960][  0]LogLinker:Warning: Can't find file for asset '/Game/Art/Environment/newdev/2' while loading C:/Users/User/Desktop/Unreal/GitHub/FYP_DumbTesting/Meeting/Content/Art/Environment/Mesh/SM_Corridor_Wall.uasset.
[2017.08.07-19.56.54:960][  0]LoadErrors:Error: Error /Game/Art/Environment/Mesh/SM_Corridor_Wall : Can't find file for asset. /Game/Art/Environment/newdev/2
[2017.08.07-19.56.54:960][  0]LogLinker:Warning: Can't find file '/Game/Art/Environment/newdev/2'
[2017.08.07-19.56.54:960][  0]LogLinker:Warning: Can't find file for asset '/Game/Art/Environment/newdev/2' while loading C:/Users/User/Desktop/Unreal/GitHub/FYP_DumbTesting/Meeting/Content/Art/Environment/Mesh/SM_Corridor_Wall.uasset.
[2017.08.07-19.56.54:960][  0]LoadErrors:Error: Error /Game/Art/Environment/Mesh/SM_Corridor_Wall : Can't find file for asset. /Game/Art/Environment/newdev/2
[2017.08.07-19.57.07:337][  0]LogLinker:Warning: Can't find file '/Game/Art/Environment/newdev/2'
[2017.08.07-19.57.07:337][  0]LoadErrors: Info Failed to load /Game/Art/Environment/newdev/2.2 Referenced by SM_Corridor_Wall
[2017.08.07-19.57.07:338][  0]LogLinker:Warning: Can't find file for asset '/Game/Art/Environment/newdev/2' while loading NULL.
[2017.08.07-19.57.07:338][  0]LoadErrors: Info Failed to load /Game/Art/Environment/newdev/2.2 Referenced by SM_Corridor_Wall
[2017.08.07-19.57.07:339][  0]LogLinker:Warning: Can't find file '/Game/Art/Environment/newdev/zzzzzz'
[2017.08.07-19.57.07:339][  0]LoadErrors: Info Failed to load /Game/Art/Environment/newdev/zzzzzz.zzzzzz Referenced by SM_Corridor_Frame
[2017.08.07-19.57.07:339][  0]LogLinker:Warning: Can't find file for asset '/Game/Art/Environment/newdev/zzzzzz' while loading NULL.
[2017.08.07-19.57.07:339][  0]LoadErrors: Info Failed to load /Game/Art/Environment/newdev/zzzzzz.zzzzzz Referenced by SM_Corridor_Frame
[2017.08.07-19.57.25:751][  0]LogStaticMesh: Building static mesh Door_Frame...
[2017.08.07-19.57.25:774][  0]LogStaticMesh: Built static mesh [0.02s] /Game/Art/Environment/Door/Door_Mesh/Door_Frame.Door_Frame
[2017.08.07-19.57.25:776][  0]LogStaticMesh: Building static mesh Door_LeftRight_1...
[2017.08.07-19.57.25:787][  0]LogStaticMesh: Built static mesh [0.01s] /Game/Art/Environment/Door/Door_Mesh/Door_LeftRight_1.Door_LeftRight_1
[2017.08.07-19.57.25:789][  0]LogStaticMesh: Building static mesh Door_LeftRight_2...
[2017.08.07-19.57.25:794][  0]LogStaticMesh: Built static mesh [0.01s] /Game/Art/Environment/Door/Door_Mesh/Door_LeftRight_2.Door_LeftRight_2
[2017.08.07-19.57.25:796][  0]LogStaticMesh: Building static mesh Door_TopBottom...
[2017.08.07-19.57.25:799][  0]LogStaticMesh: Built static mesh [0.00s] /Game/Art/Environment/Door/Door_Mesh/Door_TopBottom.Door_TopBottom
[2017.08.07-19.58.26:301][  0]LogMaterial: Missing cached shader map for material Door_UI_5, compiling. 
[2017.08.07-19.58.26:324][  0]LogTemp:Display: Added material ShaderMap 0x00000142AC6D4480 with Material 0x00000142B3062E00 to ShaderMapsBeingCompiled
[2017.08.07-19.58.26:381][  0]LogTemp:Display: Kicking off shader compilation for Door_UI_5, GameThreadShaderMap 0x00000142AC6D4480
[2017.08.07-19.58.27:215][  0]LogMaterial: Missing cached shader map for material Door_UI_9, compiling. 
[2017.08.07-19.58.27:230][  0]LogTemp:Display: Added material ShaderMap 0x00000142D6796780 with Material 0x000001428D299180 to ShaderMapsBeingCompiled
[2017.08.07-19.58.27:267][  0]LogTemp:Display: Kicking off shader compilation for Door_UI_9, GameThreadShaderMap 0x00000142D6796780
[2017.08.07-19.58.27:270][  0]LogMaterial: Missing cached shader map for material Door_UI_8, compiling. 
[2017.08.07-19.58.27:272][  0]LogTemp:Display: Added material ShaderMap 0x00000142E7A6A400 with Material 0x000001428D29AF80 to ShaderMapsBeingCompiled
[2017.08.07-19.58.27:311][  0]LogTemp:Display: Kicking off shader compilation for Door_UI_8, GameThreadShaderMap 0x00000142E7A6A400
[2017.08.07-19.58.27:578][  0]LogTexture:Display: Building textures: 7__open_ (BGRA8, 3772X2857) - 480 MB total VRAM
[2017.08.07-19.58.28:409][  0]LogMaterial: Missing cached shader map for material Door_UI_7, compiling. 
[2017.08.07-19.58.28:411][  0]LogTemp:Display: Added material ShaderMap 0x00000142F6BF9980 with Material 0x00000142B488CB80 to ShaderMapsBeingCompiled
[2017.08.07-19.58.28:464][  0]LogTemp:Display: Kicking off shader compilation for Door_UI_7, GameThreadShaderMap 0x00000142F6BF9980
[2017.08.07-19.58.28:469][  0]LogMaterial: Missing cached shader map for material Door_UI_13, compiling. 
[2017.08.07-19.58.28:470][  0]LogTemp:Display: Added material ShaderMap 0x00000142E7EAD280 with Material 0x00000142B488EF80 to ShaderMapsBeingCompiled
[2017.08.07-19.58.28:538][  0]LogTemp:Display: Kicking off shader compilation for Door_UI_13, GameThreadShaderMap 0x00000142E7EAD280
[2017.08.07-19.58.28:543][  0]LogMaterial: Missing cached shader map for material Door_UI_11, compiling. 
[2017.08.07-19.58.28:545][  0]LogTemp:Display: Added material ShaderMap 0x00000142F6F25600 with Material 0x00000142B48AC880 to ShaderMapsBeingCompiled
[2017.08.07-19.58.28:586][  0]LogTemp:Display: Kicking off shader compilation for Door_UI_11, GameThreadShaderMap 0x00000142F6F25600
[2017.08.07-19.58.28:590][  0]LogMaterial: Missing cached shader map for material Door_UI_10, compiling. 
[2017.08.07-19.58.28:592][  0]LogTemp:Display: Added material ShaderMap 0x0000014311199600 with Material 0x00000142B48AE080 to ShaderMapsBeingCompiled
[2017.08.07-19.58.28:634][  0]LogTemp:Display: Kicking off shader compilation for Door_UI_10, GameThreadShaderMap 0x0000014311199600
[2017.08.07-19.58.32:849][  0]LogAIModule: Creating AISystem for world MockUp_Map
[2017.08.07-19.58.32:990][  0]LogTemp:Display: Finished compile of shader map 0x00000142AC6D4480
[2017.08.07-19.58.32:990][  0]LogTemp:Display: Shader map Door_UI_5 complete, GameThreadShaderMap 0x00000142AC6D4480, marking material Door_UI_5 as finished
[2017.08.07-19.58.32:990][  0]LogTemp:Display: Marking material as finished 0x00000142B3062E00
[2017.08.07-19.58.33:034][  0]LogTemp:Display: Finished compile of shader map 0x00000142D6796780
[2017.08.07-19.58.33:034][  0]LogTemp:Display: Shader map Door_UI_9 complete, GameThreadShaderMap 0x00000142D6796780, marking material Door_UI_9 as finished
[2017.08.07-19.58.33:034][  0]LogTemp:Display: Marking material as finished 0x000001428D299180
[2017.08.07-19.58.36:295][  0]LogEditorServer: Finished looking for orphan Actors (0.001 secs)
[2017.08.07-19.58.36:473][  0]Cmd: MAP CHECKDEP NOCLEARLOG
[2017.08.07-19.58.36:774][  0]MapCheck: Info Map check complete: 0 Error(s), 0 Warning(s), took 301.054ms to complete.
[2017.08.07-19.58.36:775][  0]LogFileHelpers: Loading map 'MockUp_Map' took 129.649
[2017.08.07-19.58.36:800][  0]LogTemp:Display: Finished compile of shader map 0x00000142E7A6A400
[2017.08.07-19.58.36:800][  0]LogTemp:Display: Shader map Door_UI_8 complete, GameThreadShaderMap 0x00000142E7A6A400, marking material Door_UI_8 as finished
[2017.08.07-19.58.36:800][  0]LogTemp:Display: Marking material as finished 0x000001428D29AF80
[2017.08.07-19.58.38:502][  0]LogCollectionManager: Loaded 0 collections in 0.001846 seconds
[2017.08.07-19.58.38:610][  0]LogFileCache: Scanning file cache for directory 'C:/Users/User/Desktop/Unreal/GitHub/FYP_DumbTesting/Meeting/Saved/Collections/' took 0.01s
[2017.08.07-19.58.38:610][  0]LogFileCache: Scanning file cache for directory 'C:/Users/User/Desktop/Unreal/GitHub/FYP_DumbTesting/Meeting/Content/Developers/User/Collections/' took 0.01s
[2017.08.07-19.58.38:610][  0]LogFileCache: Scanning file cache for directory 'C:/Users/User/Desktop/Unreal/GitHub/FYP_DumbTesting/Meeting/Content/Collections/' took 0.01s
[2017.08.07-19.58.38:610][  0]LogCollectionManager: Rebuilt the GUID cache for 0 collections in 0.000002 seconds
[2017.08.07-19.58.38:630][  0]LogContentBrowser: Native class hierarchy populated in 0.0194 seconds. Added 2256 classes and 455 folders.
[2017.08.07-19.58.38:723][  0]LogContentBrowser: Native class hierarchy updated for 'WidgetCarousel' in 0.0038 seconds. Added 0 classes and 0 folders.
[2017.08.07-19.58.40:526][  0]LogContentBrowser: Native class hierarchy updated for 'AddContentDialog' in 0.0036 seconds. Added 0 classes and 0 folders.
[2017.08.07-19.58.40:782][  0]LogContentBrowser: Native class hierarchy updated for 'SceneOutliner' in 0.0037 seconds. Added 1 classes and 2 folders.
[2017.08.07-19.58.40:949][  0]LogCrashTracker: Crashtracker disabled due to settings.
[2017.08.07-19.58.41:079][  0]LogUObjectGlobals:Warning: Failed to find object 'Class None.'
[2017.08.07-19.58.41:418][  0]LogContentBrowser: Native class hierarchy updated for 'HierarchicalLODOutliner' in 0.0042 seconds. Added 1 classes and 2 folders.
[2017.08.07-19.58.41:419][  0]LogLoad: (Engine Initialization) Total time: 185.29 seconds
[2017.08.07-19.58.41:419][  0]LogLoad: (Engine Initialization) Total Blueprint compile time: 0.46 seconds
[2017.08.07-19.58.41:419][  0]LogExternalProfiler: Found external profiler: VSPerf
[2017.08.07-19.58.41:419][  0]LogExternalProfiler: Using external profiler: VSPerf
[2017.08.07-19.58.41:863][  0]LogOcInput: OculusInput pre-init called
[2017.08.07-19.58.42:264][  0]LogContentStreaming: Texture pool size now 800 MB
[2017.08.07-19.58.42:355][  0]LogTemp:Display: Finished compile of shader map 0x00000142F6F25600
[2017.08.07-19.58.42:356][  0]LogTemp:Display: Shader map Door_UI_11 complete, GameThreadShaderMap 0x00000142F6F25600, marking material Door_UI_11 as finished
[2017.08.07-19.58.42:356][  0]LogTemp:Display: Marking material as finished 0x00000142B48AC880
[2017.08.07-19.58.42:363][  0]LogTemp:Display: Finished compile of shader map 0x00000142E7EAD280
[2017.08.07-19.58.42:363][  0]LogTemp:Display: Shader map Door_UI_13 complete, GameThreadShaderMap 0x00000142E7EAD280, marking material Door_UI_13 as finished
[2017.08.07-19.58.42:363][  0]LogTemp:Display: Marking material as finished 0x00000142B488EF80
[2017.08.07-19.58.42:371][  0]LogTemp:Display: Finished compile of shader map 0x00000142F6BF9980
[2017.08.07-19.58.42:371][  0]LogTemp:Display: Shader map Door_UI_7 complete, GameThreadShaderMap 0x00000142F6BF9980, marking material Door_UI_7 as finished
[2017.08.07-19.58.42:371][  0]LogTemp:Display: Marking material as finished 0x00000142B488CB80
[2017.08.07-19.58.42:605][  0]LogSlate: Took 0.150199 seconds to synchronously load lazily loaded font '../../../Engine/Content/Slate/Fonts/Roboto-Regular.ttf' (155K)
[2017.08.07-19.58.42:634][  0]LogSlate: Took 0.018893 seconds to synchronously load lazily loaded font '../../../Engine/Content/Slate/Fonts/Roboto-Bold.ttf' (160K)
[2017.08.07-19.58.42:687][  0]LogSlate: Took 0.017574 seconds to synchronously load lazily loaded font '../../../Engine/Content/Editor/Slate/Fonts/FontAwesome.ttf' (139K)
[2017.08.07-19.58.42:733][  0]LogSlate: Took 0.042664 seconds to synchronously load lazily loaded font '../../../Engine/Content/Editor/Slate/Fonts/DroidSansMono.ttf' (77K)
[2017.08.07-19.58.43:831][  0]LogRenderer: Reallocating scene render targets to support 1116x648 NumSamples 1 (Frame:2).
[2017.08.07-19.58.43:831][  0]LogSlate: Took 0.128441 seconds to synchronously load lazily loaded font '../../../Engine/Content/Slate/Fonts/Roboto-Light.ttf' (159K)
[2017.08.07-19.58.44:695][  1]LogTemp:Display: Finished compile of shader map 0x0000014311199600
[2017.08.07-19.58.44:695][  1]LogTemp:Display: Shader map Door_UI_10 complete, GameThreadShaderMap 0x0000014311199600, marking material Door_UI_10 as finished
[2017.08.07-19.58.44:695][  1]LogTemp:Display: Marking material as finished 0x00000142B48AE080
[2017.08.07-19.58.45:026][  2]LogSlate: Took 0.000313 seconds to synchronously load lazily loaded font '../../../Engine/Content/Slate/Fonts/Roboto-Light.ttf' (159K)
[2017.08.07-19.58.45:345][  3]LogAssetRegistry: Asset discovery search completed in 168.4429 seconds
[2017.08.07-19.58.45:346][  3]LogCollectionManager: Rebuilt the object cache for 0 collections in 0.000005 seconds (found 0 objects)
[2017.08.07-19.58.45:346][  3]LogCollectionManager: Fixed up redirectors for 0 collections in 0.000121 seconds (updated 0 objects)
[2017.08.07-19.58.53:406][ 27]LogSlate: Took 0.000216 seconds to synchronously load lazily loaded font '../../../Engine/Content/Slate/Fonts/Roboto-Light.ttf' (159K)
[2017.08.07-19.58.53:681][ 27]LogMaterial: Missing cached shader map for material Door_UI_5, compiling. 
[2017.08.07-19.58.53:682][ 27]LogTemp:Display: Added material ShaderMap 0x0000014323B96B00 with Material 0x00000142E5054400 to ShaderMapsBeingCompiled
[2017.08.07-19.58.53:697][ 27]LogTemp:Display: Kicking off shader compilation for Door_UI_5, GameThreadShaderMap 0x0000014323B96B00
[2017.08.07-19.58.54:462][ 27]LogMaterial: Missing cached shader map for material Door_UI_5, compiling. 
[2017.08.07-19.58.54:463][ 27]LogTemp:Display: Added material ShaderMap 0x00000143240BC800 with Material 0x00000142E5054400 to ShaderMapsBeingCompiled
[2017.08.07-19.58.54:479][ 27]LogTemp:Display: Kicking off shader compilation for Door_UI_5, GameThreadShaderMap 0x00000143240BC800
[2017.08.07-19.58.54:491][ 27]LogMaterial: 0.00 seconds spent updating 1 materials, 1 interfaces, 0 instances, 0 with static permutations.
[2017.08.07-19.58.54:544][ 27]LogMaterial: Missing cached shader map for material FMatExpressionPreview MaterialExpressionTextureSample_25, compiling. 
[2017.08.07-19.58.54:545][ 27]LogTemp:Display: Added material ShaderMap 0x0000014323FCC480 with Material 0x000001431173D000 to ShaderMapsBeingCompiled
[2017.08.07-19.58.54:549][ 27]LogTemp:Display: Kicking off shader compilation for FMatExpressionPreview MaterialExpressionTextureSample_25, GameThreadShaderMap 0x0000014323FCC480
[2017.08.07-19.58.54:551][ 27]LogMaterial: Missing cached shader map for material FMatExpressionPreview MaterialExpressionVectorParameter_2, compiling. 
[2017.08.07-19.58.54:553][ 27]LogTemp:Display: Added material ShaderMap 0x00000142AF4B0F00 with Material 0x000001430EF83100 to ShaderMapsBeingCompiled
[2017.08.07-19.58.54:556][ 27]LogTemp:Display: Kicking off shader compilation for FMatExpressionPreview MaterialExpressionVectorParameter_2, GameThreadShaderMap 0x00000142AF4B0F00
[2017.08.07-19.58.54:558][ 27]LogMaterial: Missing cached shader map for material FMatExpressionPreview MaterialExpressionTextureSample_24, compiling. 
[2017.08.07-19.58.54:559][ 27]LogTemp:Display: Added material ShaderMap 0x0000014323F33580 with Material 0x000001430EF81C00 to ShaderMapsBeingCompiled
[2017.08.07-19.58.54:562][ 27]LogTemp:Display: Kicking off shader compilation for FMatExpressionPreview MaterialExpressionTextureSample_24, GameThreadShaderMap 0x0000014323F33580
[2017.08.07-19.58.54:564][ 27]LogMaterial: Missing cached shader map for material FMatExpressionPreview MaterialExpressionVectorParameter_3, compiling. 
[2017.08.07-19.58.54:566][ 27]LogTemp:Display: Added material ShaderMap 0x0000014323F31D00 with Material 0x000001430EF81600 to ShaderMapsBeingCompiled
[2017.08.07-19.58.54:570][ 27]LogTemp:Display: Kicking off shader compilation for FMatExpressionPreview MaterialExpressionVectorParameter_3, GameThreadShaderMap 0x0000014323F31D00
[2017.08.07-19.58.54:574][ 27]LogTemp:Display: Finished compile of shader map 0x0000014323B96B00
[2017.08.07-19.58.54:574][ 27]LogTemp:Display: Shader map Door_UI_5 complete, GameThreadShaderMap 0x0000014323B96B00, marking material Door_UI_5 as finished
[2017.08.07-19.58.54:574][ 27]LogTemp:Display: Marking material as finished 0x00000142E5054400
[2017.08.07-19.58.54:609][ 27]LogSlate: Took 0.026317 seconds to synchronously load lazily loaded font '../../../Engine/Content/Editor/Slate/Fonts/Roboto-BoldCondensed.ttf' (158K)
[2017.08.07-19.58.56:171][ 29]LogTemp:Display: Finished compile of shader map 0x00000143240BC800
[2017.08.07-19.58.56:171][ 29]LogTemp:Display: Shader map Door_UI_5 complete, GameThreadShaderMap 0x00000143240BC800, marking material Door_UI_5 as finished
[2017.08.07-19.58.56:171][ 29]LogTemp:Display: Marking material as finished 0x00000142E5054400
[2017.08.07-19.58.56:210][ 30]MaterialEditorStats: Info Base pass shader with static lighting: 89 instructions
[2017.08.07-19.58.56:210][ 30]MaterialEditorStats: Info Base pass shader with only dynamic lighting: 53 instructions
[2017.08.07-19.58.56:211][ 30]MaterialEditorStats: Info Base pass shader for self shadowed translucency: 89 instructions
[2017.08.07-19.58.56:211][ 30]MaterialEditorStats: Info Vertex shader: 83 instructions
[2017.08.07-19.58.56:211][ 30]MaterialEditorStats: Info Texture samplers: 5/16
[2017.08.07-19.58.56:213][ 30]LogTemp:Display: Finished compile of shader map 0x0000014323FCC480
[2017.08.07-19.58.56:214][ 30]LogTemp:Display: Shader map FMatExpressionPreview MaterialExpressionTextureSample_25 complete, GameThreadShaderMap 0x0000014323FCC480, marking material FMatExpressionPreview MaterialExpressionTextureSample_25 as finished
[2017.08.07-19.58.56:214][ 30]LogTemp:Display: Marking material as finished 0x000001431173D000
[2017.08.07-19.58.56:333][ 35]LogTemp:Display: Finished compile of shader map 0x00000142AF4B0F00
[2017.08.07-19.58.56:333][ 35]LogTemp:Display: Shader map FMatExpressionPreview MaterialExpressionVectorParameter_2 complete, GameThreadShaderMap 0x00000142AF4B0F00, marking material FMatExpressionPreview MaterialExpressionVectorParameter_2 as finished
[2017.08.07-19.58.56:334][ 35]LogTemp:Display: Marking material as finished 0x000001430EF83100
[2017.08.07-19.58.56:409][ 39]LogTemp:Display: Finished compile of shader map 0x0000014323F33580
[2017.08.07-19.58.56:409][ 39]LogTemp:Display: Shader map FMatExpressionPreview MaterialExpressionTextureSample_24 complete, GameThreadShaderMap 0x0000014323F33580, marking material FMatExpressionPreview MaterialExpressionTextureSample_24 as finished
[2017.08.07-19.58.56:410][ 39]LogTemp:Display: Marking material as finished 0x000001430EF81C00
[2017.08.07-19.58.56:539][ 46]LogTemp:Display: Finished compile of shader map 0x0000014323F31D00
[2017.08.07-19.58.56:540][ 46]LogTemp:Display: Shader map FMatExpressionPreview MaterialExpressionVectorParameter_3 complete, GameThreadShaderMap 0x0000014323F31D00, marking material FMatExpressionPreview MaterialExpressionVectorParameter_3 as finished
[2017.08.07-19.58.56:540][ 46]LogTemp:Display: Marking material as finished 0x000001430EF81600
[2017.08.07-20.00.15:893][662]LogSlate: Took 0.029656 seconds to synchronously load lazily loaded font '../../../Engine/Content/Editor/Slate/Fonts/Roboto-Italic.ttf' (157K)
[2017.08.07-20.00.25:038][340]LogTemp: Repeting last play command: Selected Viewport
[2017.08.07-20.00.25:060][340]LogBlueprintUserMessages: Early PlayInEditor Detection: Level '/Game/ThirdPersonBP/Maps/MockUp_Map.MockUp_Map:PersistentLevel' has LevelScriptBlueprint '/Game/ThirdPersonBP/Maps/MockUp_Map.MockUp_Map:PersistentLevel.MockUp_Map' with GeneratedClass '/Game/ThirdPersonBP/Maps/MockUp_Map.MockUp_Map_C' with ClassGeneratedBy '/Game/ThirdPersonBP/Maps/MockUp_Map.MockUp_Map:PersistentLevel.MockUp_Map'
[2017.08.07-20.00.25:061][340]LogPlayLevel: PlayLevel: No blueprints needed recompiling
[2017.08.07-20.00.25:092][340]PIE: New page: PIE session: MockUp_Map (Aug 8, 2017, 12:00:25 PM)
[2017.08.07-20.00.25:110][340]LogPlayLevel: Creating play world package: /Game/ThirdPersonBP/Maps/UEDPIE_0_MockUp_Map
[2017.08.07-20.00.25:405][340]LogPlayLevel: PIE: StaticDuplicateObject took: (0.294375s)
[2017.08.07-20.00.25:406][340]LogAIModule: Creating AISystem for world MockUp_Map
[2017.08.07-20.00.25:406][340]LogPlayLevel: PIE: World Init took: (0.000756s)
[2017.08.07-20.00.25:407][340]LogPlayLevel: PIE: Created PIE world by copying editor world from /Game/ThirdPersonBP/Maps/MockUp_Map.MockUp_Map to /Game/ThirdPersonBP/Maps/UEDPIE_0_MockUp_Map.MockUp_Map (0.296455s)
[2017.08.07-20.00.25:466][340]LogInit: XAudio2 using 'Speakers (Realtek High Definition Audio)' : 2 channels at 48 kHz using 32 bits per sample (channel mask 0x3)
[2017.08.07-20.00.25:496][340]LogInit: FAudioDevice initialized.
[2017.08.07-20.00.25:654][340]LogLoad: Game class is 'MeetingGameModeBase_BP_C'
[2017.08.07-20.00.25:724][340]LogWorld: Bringing World /Game/ThirdPersonBP/Maps/UEDPIE_0_MockUp_Map.MockUp_Map up for play (max tick rate 0) at 2017.08.08-04.00.25
[2017.08.07-20.00.25:763][340]LogWorld: Bringing up level for play took: 0.075931
[2017.08.07-20.00.25:862][340]LogContentBrowser: Native class hierarchy updated for 'MovieSceneCapture' in 0.0025 seconds. Added 11 classes and 0 folders.
[2017.08.07-20.00.25:943][340]PIE: Info Play in editor start time for /Game/ThirdPersonBP/Maps/UEDPIE_0_MockUp_Map 0.206
[2017.08.07-20.00.25:944][340]LogBlueprintUserMessages: Late PlayInEditor Detection: Level '/Game/ThirdPersonBP/Maps/MockUp_Map.MockUp_Map:PersistentLevel' has LevelScriptBlueprint '/Game/ThirdPersonBP/Maps/MockUp_Map.MockUp_Map:PersistentLevel.MockUp_Map' with GeneratedClass '/Game/ThirdPersonBP/Maps/MockUp_Map.MockUp_Map_C' with ClassGeneratedBy '/Game/ThirdPersonBP/Maps/MockUp_Map.MockUp_Map:PersistentLevel.MockUp_Map'
[2017.08.07-20.00.33:134][789]LogScriptCore:Warning: Script Msg: Attempted to access index 0 from array CallFunc_GetOverlappingActors_OverlappingActors of length 0!
[2017.08.07-20.00.34:178][857]LogBlueprintUserMessages: Early EndPlayMap Detection: Level '/Game/ThirdPersonBP/Maps/MockUp_Map.MockUp_Map:PersistentLevel' has LevelScriptBlueprint '/Game/ThirdPersonBP/Maps/MockUp_Map.MockUp_Map:PersistentLevel.MockUp_Map' with GeneratedClass '/Game/ThirdPersonBP/Maps/MockUp_Map.MockUp_Map_C' with ClassGeneratedBy '/Game/ThirdPersonBP/Maps/MockUp_Map.MockUp_Map:PersistentLevel.MockUp_Map'
[2017.08.07-20.00.34:276][857]LogBlueprintUserMessages: Late EndPlayMap Detection: Level '/Game/ThirdPersonBP/Maps/MockUp_Map.MockUp_Map:PersistentLevel' has LevelScriptBlueprint '/Game/ThirdPersonBP/Maps/MockUp_Map.MockUp_Map:PersistentLevel.MockUp_Map' with GeneratedClass '/Game/ThirdPersonBP/Maps/MockUp_Map.MockUp_Map_C' with ClassGeneratedBy '/Game/ThirdPersonBP/Maps/MockUp_Map.MockUp_Map:PersistentLevel.MockUp_Map'
[2017.08.07-20.03.19:799][458]LogEditorViewport: Clicking on Actor (LMB): GUI10_Blueprint_C (GUI10_Blueprint)
[2017.08.07-20.03.27:147][674]LogEditorViewport: Clicking on Actor (LMB): SM_Corridor_WallDoor_BP_C (SM_Corridor_WallDoor_BP)
[2017.08.07-20.03.30:820][778]LogEditorViewport: Clicking on Actor (LMB): SM_Corridor_WallDoor_BP_C (SM_Corridor_WallDoor_BP)
[2017.08.07-20.03.48:584][324]LogEditorViewport: Clicking on Actor (LMB): SM_Corridor_WallDoor_BP_C (SM_Corridor_WallDoor_BP)
[2017.08.07-20.04.34:368][773]Cmd: TRANSACTION UNDO
[2017.08.07-20.04.34:368][773]LogEditorTransaction: Undo Move Actors
[2017.08.07-20.04.37:079][850]LogEditorViewport: Clicking on Actor (LMB): GUI10_Blueprint_C (GUI10_Blueprint)
[2017.08.07-20.04.46:445][124]LogEditorViewport: Clicking on Actor (LMB): SM_Corridor_WallDoor_BP_C (SM_Corridor_WallDoor_BP)
[2017.08.07-20.04.52:004][285]LogEditorViewport: Clicking on Actor (CTRL LMB): Door_UI_Mesh6_Blueprint_C (Door_UI_Mesh6_Blueprint)
[2017.08.07-20.05.09:547][799]LogEditorViewport: Clicking on Actor (LMB): SM_Corridor_WallDoor_BP_C (SM_Corridor_WallDoor_BP)
[2017.08.07-20.06.38:746][231]LogTemp: Repeting last play command: Selected Viewport
[2017.08.07-20.06.38:768][231]LogBlueprintUserMessages: Early PlayInEditor Detection: Level '/Game/ThirdPersonBP/Maps/MockUp_Map.MockUp_Map:PersistentLevel' has LevelScriptBlueprint '/Game/ThirdPersonBP/Maps/MockUp_Map.MockUp_Map:PersistentLevel.MockUp_Map' with GeneratedClass '/Game/ThirdPersonBP/Maps/MockUp_Map.MockUp_Map_C' with ClassGeneratedBy '/Game/ThirdPersonBP/Maps/MockUp_Map.MockUp_Map:PersistentLevel.MockUp_Map'
[2017.08.07-20.06.38:768][231]LogPlayLevel: PlayLevel: No blueprints needed recompiling
[2017.08.07-20.06.38:769][231]PIE: New page: PIE session: MockUp_Map (Aug 8, 2017, 12:06:38 PM)
[2017.08.07-20.06.38:769][231]LogPlayLevel: Creating play world package: /Game/ThirdPersonBP/Maps/UEDPIE_0_MockUp_Map
[2017.08.07-20.06.38:880][231]LogPlayLevel: PIE: StaticDuplicateObject took: (0.111127s)
[2017.08.07-20.06.38:881][231]LogAIModule: Creating AISystem for world MockUp_Map
[2017.08.07-20.06.38:881][231]LogPlayLevel: PIE: World Init took: (0.000925s)
[2017.08.07-20.06.38:882][231]LogPlayLevel: PIE: Created PIE world by copying editor world from /Game/ThirdPersonBP/Maps/MockUp_Map.MockUp_Map to /Game/ThirdPersonBP/Maps/UEDPIE_0_MockUp_Map.MockUp_Map (0.113060s)
[2017.08.07-20.06.38:900][231]LogInit: XAudio2 using 'Speakers (Realtek High Definition Audio)' : 2 channels at 48 kHz using 32 bits per sample (channel mask 0x3)
[2017.08.07-20.06.38:907][231]LogInit: FAudioDevice initialized.
[2017.08.07-20.06.38:938][231]LogLoad: Game class is 'MeetingGameModeBase_BP_C'
[2017.08.07-20.06.38:977][231]LogWorld: Bringing World /Game/ThirdPersonBP/Maps/UEDPIE_0_MockUp_Map.MockUp_Map up for play (max tick rate 0) at 2017.08.08-04.06.38
[2017.08.07-20.06.38:981][231]LogWorld: Bringing up level for play took: 0.041549
[2017.08.07-20.06.38:986][231]PIE: Info Play in editor start time for /Game/ThirdPersonBP/Maps/UEDPIE_0_MockUp_Map -0.751
[2017.08.07-20.06.38:987][231]LogBlueprintUserMessages: Late PlayInEditor Detection: Level '/Game/ThirdPersonBP/Maps/MockUp_Map.MockUp_Map:PersistentLevel' has LevelScriptBlueprint '/Game/ThirdPersonBP/Maps/MockUp_Map.MockUp_Map:PersistentLevel.MockUp_Map' with GeneratedClass '/Game/ThirdPersonBP/Maps/MockUp_Map.MockUp_Map_C' with ClassGeneratedBy '/Game/ThirdPersonBP/Maps/MockUp_Map.MockUp_Map:PersistentLevel.MockUp_Map'
[2017.08.07-20.06.44:579][602]LogBlueprintUserMessages: Early EndPlayMap Detection: Level '/Game/ThirdPersonBP/Maps/MockUp_Map.MockUp_Map:PersistentLevel' has LevelScriptBlueprint '/Game/ThirdPersonBP/Maps/MockUp_Map.MockUp_Map:PersistentLevel.MockUp_Map' with GeneratedClass '/Game/ThirdPersonBP/Maps/MockUp_Map.MockUp_Map_C' with ClassGeneratedBy '/Game/ThirdPersonBP/Maps/MockUp_Map.MockUp_Map:PersistentLevel.MockUp_Map'
[2017.08.07-20.06.44:665][602]LogBlueprintUserMessages: Late EndPlayMap Detection: Level '/Game/ThirdPersonBP/Maps/MockUp_Map.MockUp_Map:PersistentLevel' has LevelScriptBlueprint '/Game/ThirdPersonBP/Maps/MockUp_Map.MockUp_Map:PersistentLevel.MockUp_Map' with GeneratedClass '/Game/ThirdPersonBP/Maps/MockUp_Map.MockUp_Map_C' with ClassGeneratedBy '/Game/ThirdPersonBP/Maps/MockUp_Map.MockUp_Map:PersistentLevel.MockUp_Map'
[2017.08.07-20.06.45:610][647]LogEditorViewport: Clicking on Actor (LMB): StaticMeshActor (SM_Corridor_Box36)
[2017.08.07-20.07.48:708][363]LogEditorViewport: Clicking on Actor (LMB): SM_Corridor_WallDoor_BP_C (SM_Corridor_WallDoor_BP)
[2017.08.07-20.07.50:209][457]LogEditorViewport: Clicking on Actor (LMB): StaticMeshActor (SM_Corridor_Floor_48)
[2017.08.07-20.07.53:901][687]Cmd: TRANSACTION UNDO
[2017.08.07-20.07.53:901][687]LogEditorTransaction: Undo Move Actors
[2017.08.07-20.07.54:943][744]LogEditorViewport: Clicking on Actor (LMB): SM_Corridor_WallDoor_BP_C (SM_Corridor_WallDoor_BP)
[2017.08.07-20.08.05:844][422]LogEditorViewport: Clicking on Actor (LMB): SM_Corridor_WallDoor_BP_C (SM_Corridor_WallDoor_BP)
[2017.08.07-20.08.11:393][777]LogEditorViewport: Clicking on Actor (LMB): SM_Corridor_WallDoor_BP_C (SM_Corridor_WallDoor_BP)
[2017.08.07-20.08.11:765][797]LogEditorViewport: Clicking on Actor (LMB): SM_Corridor_WallDoor_BP_C (SM_Corridor_WallDoor_BP)
[2017.08.07-20.08.42:312][ 12]LogEditorViewport: Clicking on Actor (LMB): SM_Corridor_WallDoor_BP_C (SM_Corridor_WallDoor_BP)
[2017.08.07-20.08.50:031][617]LogEditorViewport: Clicking on Actor (LMB): SpaceBP_C (SpaceBP)
[2017.08.07-20.08.50:567][648]LogEditorViewport: Clicking on Actor (LMB): SM_Corridor_WallDoor_BP_C (SM_Corridor_WallDoor_BP)
[2017.08.07-20.08.58:103][267]LogEditorViewport: Clicking on Actor (LMB): SM_Corridor_WallDoor_BP_C (SM_Corridor_WallDoor_BP)
[2017.08.07-20.09.01:275][550]Cmd: TRANSACTION UNDO
[2017.08.07-20.09.01:275][550]LogEditorTransaction: Undo Move Actors
[2017.08.07-20.09.02:635][651]Cmd: TRANSACTION UNDO
[2017.08.07-20.09.02:635][651]LogEditorTransaction: Undo Clicking on Actors
[2017.08.07-20.09.03:114][672]Cmd: TRANSACTION UNDO
[2017.08.07-20.09.03:114][672]LogEditorTransaction: Undo Disband Group
[2017.08.07-20.09.03:625][698]Cmd: TRANSACTION UNDO
[2017.08.07-20.09.03:625][698]LogEditorTransaction: Undo Clicking on Actors
[2017.08.07-20.09.04:130][729]Cmd: TRANSACTION UNDO
[2017.08.07-20.09.04:130][729]LogEditorTransaction: Undo Clicking on Actors
[2017.08.07-20.09.04:713][765]Cmd: TRANSACTION UNDO
[2017.08.07-20.09.04:713][765]LogEditorTransaction: Undo Clicking on Actors
[2017.08.07-20.09.06:140][875]LogEditorViewport: Clicking on Actor (LMB): SM_Corridor_WallDoor_BP_C (SM_Corridor_WallDoor_BP)
[2017.08.07-20.10.00:319][887]LogEditorViewport: Clicking on Actor (LMB): SM_Corridor_WallDoor_BP_C (SM_Corridor_WallDoor_BP)
[2017.08.07-20.10.47:044][563]LogRenderer: Reallocating scene render targets to support 1116x648 NumSamples 1 (Frame:37306).
[2017.08.07-20.10.47:168][564]LogContentStreaming: Texture pool size now 3000 MB
[2017.08.07-20.11.42:032][403]LogEditorViewport: Clicking on Actor (LMB): StaticMeshActor (Door_UI_Mesh8)
[2017.08.07-20.14.03:750][526]LogEditorViewport: Clicking on Actor (LMB): StaticMeshActor (Door_UI_Mesh9)
[2017.08.07-20.16.59:985][  5]Cmd: TRANSACTION UNDO
[2017.08.07-20.16.59:985][  5]LogEditorTransaction: Undo Set actor rotation
[2017.08.07-20.17.13:142][483]Cmd: TRANSACTION UNDO
[2017.08.07-20.17.13:142][483]LogEditorTransaction: Undo Set actor rotation
[2017.08.07-20.17.22:210][852]LogEditorViewport: Clicking on Actor (LMB): GUI8_Blueprint_C (GUI8_Blueprint)
[2017.08.07-20.17.23:041][891]LogEditorViewport: Clicking on Actor (LMB): GUI8_Blueprint_C (GUI8_Blueprint)
[2017.08.07-20.17.23:641][921]LogEditorViewport: Clicking on Actor (LMB): GUI8_Blueprint_C (GUI8_Blueprint)
[2017.08.07-20.17.24:035][940]LogEditorViewport: Clicking on Actor (LMB): GUI8_Blueprint_C (GUI8_Blueprint)
[2017.08.07-20.17.24:597][968]LogEditorViewport: Clicking on Actor (LMB): GUI8_Blueprint_C (GUI8_Blueprint)
[2017.08.07-20.17.25:088][992]LogEditorViewport: Clicking on Actor (LMB): StaticMeshActor (SM_Door_G3)
[2017.08.07-20.17.25:814][ 25]LogEditorViewport: Clicking on Actor (LMB): GUI8_Blueprint_C (GUI8_Blueprint)
[2017.08.07-20.17.49:092][305]Cmd: EDIT COPY
[2017.08.07-20.17.49:267][305]Cmd: EDIT COPY
[2017.08.07-20.17.49:417][314]Cmd: EDIT COPY
[2017.08.07-20.17.49:586][323]Cmd: EDIT COPY
[2017.08.07-20.17.49:763][333]Cmd: EDIT COPY
[2017.08.07-20.17.55:411][629]LogTemp: Repeting last play command: Selected Viewport
[2017.08.07-20.17.55:439][629]LogBlueprintUserMessages: Early PlayInEditor Detection: Level '/Game/ThirdPersonBP/Maps/MockUp_Map.MockUp_Map:PersistentLevel' has LevelScriptBlueprint '/Game/ThirdPersonBP/Maps/MockUp_Map.MockUp_Map:PersistentLevel.MockUp_Map' with GeneratedClass '/Game/ThirdPersonBP/Maps/MockUp_Map.MockUp_Map_C' with ClassGeneratedBy '/Game/ThirdPersonBP/Maps/MockUp_Map.MockUp_Map:PersistentLevel.MockUp_Map'
[2017.08.07-20.17.55:439][629]LogPlayLevel: PlayLevel: No blueprints needed recompiling
[2017.08.07-20.17.55:440][629]PIE: New page: PIE session: MockUp_Map (Aug 8, 2017, 12:17:55 PM)
[2017.08.07-20.17.55:440][629]LogPlayLevel: Creating play world package: /Game/ThirdPersonBP/Maps/UEDPIE_0_MockUp_Map
[2017.08.07-20.17.55:553][629]LogPlayLevel: PIE: StaticDuplicateObject took: (0.113394s)
[2017.08.07-20.17.55:554][629]LogAIModule: Creating AISystem for world MockUp_Map
[2017.08.07-20.17.55:554][629]LogPlayLevel: PIE: World Init took: (0.000825s)
[2017.08.07-20.17.55:555][629]LogPlayLevel: PIE: Created PIE world by copying editor world from /Game/ThirdPersonBP/Maps/MockUp_Map.MockUp_Map to /Game/ThirdPersonBP/Maps/UEDPIE_0_MockUp_Map.MockUp_Map (0.115455s)
[2017.08.07-20.17.55:576][629]LogInit: XAudio2 using 'Speakers (Realtek High Definition Audio)' : 2 channels at 48 kHz using 32 bits per sample (channel mask 0x3)
[2017.08.07-20.17.55:584][629]LogInit: FAudioDevice initialized.
[2017.08.07-20.17.55:616][629]LogLoad: Game class is 'MeetingGameModeBase_BP_C'
[2017.08.07-20.17.55:655][629]LogWorld: Bringing World /Game/ThirdPersonBP/Maps/UEDPIE_0_MockUp_Map.MockUp_Map up for play (max tick rate 0) at 2017.08.08-04.17.55
[2017.08.07-20.17.55:660][629]LogWorld: Bringing up level for play took: 0.042338
[2017.08.07-20.17.55:665][629]PIE: Info Play in editor start time for /Game/ThirdPersonBP/Maps/UEDPIE_0_MockUp_Map -0.072
[2017.08.07-20.17.55:666][629]LogBlueprintUserMessages: Late PlayInEditor Detection: Level '/Game/ThirdPersonBP/Maps/MockUp_Map.MockUp_Map:PersistentLevel' has LevelScriptBlueprint '/Game/ThirdPersonBP/Maps/MockUp_Map.MockUp_Map:PersistentLevel.MockUp_Map' with GeneratedClass '/Game/ThirdPersonBP/Maps/MockUp_Map.MockUp_Map_C' with ClassGeneratedBy '/Game/ThirdPersonBP/Maps/MockUp_Map.MockUp_Map:PersistentLevel.MockUp_Map'
[2017.08.07-20.18.21:950][931]LogBlueprintUserMessages: Early EndPlayMap Detection: Level '/Game/ThirdPersonBP/Maps/MockUp_Map.MockUp_Map:PersistentLevel' has LevelScriptBlueprint '/Game/ThirdPersonBP/Maps/MockUp_Map.MockUp_Map:PersistentLevel.MockUp_Map' with GeneratedClass '/Game/ThirdPersonBP/Maps/MockUp_Map.MockUp_Map_C' with ClassGeneratedBy '/Game/ThirdPersonBP/Maps/MockUp_Map.MockUp_Map:PersistentLevel.MockUp_Map'
[2017.08.07-20.18.22:042][931]LogBlueprintUserMessages: Late EndPlayMap Detection: Level '/Game/ThirdPersonBP/Maps/MockUp_Map.MockUp_Map:PersistentLevel' has LevelScriptBlueprint '/Game/ThirdPersonBP/Maps/MockUp_Map.MockUp_Map:PersistentLevel.MockUp_Map' with GeneratedClass '/Game/ThirdPersonBP/Maps/MockUp_Map.MockUp_Map_C' with ClassGeneratedBy '/Game/ThirdPersonBP/Maps/MockUp_Map.MockUp_Map:PersistentLevel.MockUp_Map'
[2017.08.07-20.18.26:572][987]LogSlate: Took 0.000189 seconds to synchronously load lazily loaded font '../../../Engine/Content/Slate/Fonts/Roboto-Regular.ttf' (155K)
[2017.08.07-20.18.26:604][987]LogSavePackage: Save=1828.63ms
[2017.08.07-20.18.26:604][987]LogSavePackage: Moving 'C:/Users/User/Desktop/Unreal/GitHub/FYP_DumbTesting/Meeting/Saved/MockUp_MapD6B30544402B7E6D3EFDE6B757ADF12B.tmp' to 'C:/Users/User/Desktop/Unreal/GitHub/FYP_DumbTesting/Meeting/Content/ThirdPersonBP/Maps/MockUp_Map.umap'
[2017.08.07-20.18.26:637][987]LogSavePackage:Display: Finished SavePackage C:/Users/User/Desktop/Unreal/GitHub/FYP_DumbTesting/Meeting/Content/ThirdPersonBP/Maps/MockUp_Map.umap
[2017.08.07-20.18.26:676][987]LogFileHelpers: Saving map 'MockUp_Map' took 2.128
[2017.08.07-20.18.26:999][988]Cmd: QUIT_EDITOR
[2017.08.07-20.18.27:550][988]LogWindowsTextInputMethodSystem:Display: IME system now deactivated.
[2017.08.07-20.18.27:579][988]LogExit: Preparing to exit.
[2017.08.07-20.18.28:097][988]LogExit: Editor shut down
[2017.08.07-20.18.28:098][988]LogExit: Transaction tracking system shut down
[2017.08.07-20.18.28:455][988]LogObj: Freed 0b from 0 cluster array pools.
[2017.08.07-20.18.28:455][988]LogExit: Object subsystem successfully closed.
[2017.08.07-20.18.28:470][988]LogD3D11RHI: Shutdown
[2017.08.07-20.18.28:470][988]LogD3D11RHI: CleanupD3DDevice
[2017.08.07-20.18.28:639][988]LogD3D11RHI: ~FD3D11DynamicRHI
[2017.08.07-20.18.28:660][988]LogModuleManager: Shutting down and abandoning module MovieSceneCapture (504)
[2017.08.07-20.18.28:660][988]LogModuleManager: Shutting down and abandoning module MaterialEditor (502)
[2017.08.07-20.18.28:660][988]LogModuleManager: Shutting down and abandoning module HierarchicalLODOutliner (500)
[2017.08.07-20.18.28:661][988]LogModuleManager: Shutting down and abandoning module CrashTracker (498)
[2017.08.07-20.18.28:661][988]LogModuleManager: Shutting down and abandoning module SceneOutliner (496)
[2017.08.07-20.18.28:661][988]LogModuleManager: Shutting down and abandoning module AddContentDialog (494)
[2017.08.07-20.18.28:661][988]LogDirectoryWatcher: A directory notification for 'D:/UE_4.15/FeaturePacks/' was aborted.
[2017.08.07-20.18.28:661][988]LogModuleManager: Shutting down and abandoning module WidgetCarousel (493)
[2017.08.07-20.18.28:662][988]LogModuleManager: Shutting down and abandoning module EditorWidgets (490)
[2017.08.07-20.18.28:662][988]LogModuleManager: Shutting down and abandoning module CollectionManager (488)
[2017.08.07-20.18.28:662][988]LogDirectoryWatcher: A directory notification for 'C:/Users/User/Desktop/Unreal/GitHub/FYP_DumbTesting/Meeting/Content/Collections/' was aborted.
[2017.08.07-20.18.28:662][988]LogDirectoryWatcher: A directory notification for 'C:/Users/User/Desktop/Unreal/GitHub/FYP_DumbTesting/Meeting/Content/Developers/User/Collections/' was aborted.
[2017.08.07-20.18.28:662][988]LogDirectoryWatcher: A directory notification for 'C:/Users/User/Desktop/Unreal/GitHub/FYP_DumbTesting/Meeting/Saved/Collections/' was aborted.
[2017.08.07-20.18.28:662][988]LogModuleManager: Shutting down and abandoning module StatsViewer (486)
[2017.08.07-20.18.28:697][988]LogModuleManager: Shutting down and abandoning module FoliageEdit (484)
[2017.08.07-20.18.28:698][988]LogModuleManager: Shutting down and abandoning module LandscapeEditor (482)
[2017.08.07-20.18.28:698][988]LogModuleManager: Shutting down and abandoning module SceneDepthPickerMode (480)
[2017.08.07-20.18.28:698][988]LogModuleManager: Shutting down and abandoning module ActorPickerMode (478)
[2017.08.07-20.18.28:698][988]LogModuleManager: Shutting down and abandoning module GeometryMode (476)
[2017.08.07-20.18.28:698][988]LogModuleManager: Shutting down and abandoning module TextureAlignMode (474)
[2017.08.07-20.18.28:698][988]LogModuleManager: Shutting down and abandoning module BspMode (472)
[2017.08.07-20.18.28:698][988]LogModuleManager: Shutting down and abandoning module HardwareSurvey (470)
[2017.08.07-20.18.28:698][988]LogModuleManager: Shutting down and abandoning module SequenceRecorderSections (468)
[2017.08.07-20.18.28:698][988]LogModuleManager: Shutting down and abandoning module AutomationWorker (466)
[2017.08.07-20.18.28:698][988]LogModuleManager: Shutting down and abandoning module MatineeToLevelSequence (464)
[2017.08.07-20.18.28:698][988]LogModuleManager: Shutting down and abandoning module LevelSequenceEditor (462)
[2017.08.07-20.18.28:698][988]LogModuleManager: Shutting down and abandoning module PlacementMode (461)
[2017.08.07-20.18.28:698][988]LogModuleManager: Shutting down and abandoning module WmfMediaFactory (458)
[2017.08.07-20.18.28:698][988]LogModuleManager: Shutting down and abandoning module WmfMediaEditor (456)
[2017.08.07-20.18.28:698][988]LogModuleManager: Shutting down and abandoning module MfMediaFactory (454)
[2017.08.07-20.18.28:698][988]LogModuleManager: Shutting down and abandoning module MfMediaEditor (452)
[2017.08.07-20.18.28:698][988]LogModuleManager: Shutting down and abandoning module AvfMediaFactory (450)
[2017.08.07-20.18.28:698][988]LogModuleManager: Shutting down and abandoning module AvfMediaEditor (448)
[2017.08.07-20.18.28:698][988]LogModuleManager: Shutting down and abandoning module AndroidMediaFactory (446)
[2017.08.07-20.18.28:698][988]LogModuleManager: Shutting down and abandoning module Media (445)
[2017.08.07-20.18.28:698][988]LogModuleManager: Shutting down and abandoning module AndroidMediaEditor (442)
[2017.08.07-20.18.28:698][988]LogModuleManager: Shutting down and abandoning module CharacterAI (440)
[2017.08.07-20.18.28:698][988]LogModuleManager: Shutting down and abandoning module AudioCapture (438)
[2017.08.07-20.18.28:698][988]LogModuleManager: Shutting down and abandoning module SequenceRecorder (437)
[2017.08.07-20.18.28:714][988]LogModuleManager: Shutting down and abandoning module SmartSnapping (434)
[2017.08.07-20.18.28:714][988]LogModuleManager: Shutting down and abandoning module SessionServices (432)
[2017.08.07-20.18.28:714][988]LogModuleManager: Shutting down and abandoning module ViewportSnapping (430)
[2017.08.07-20.18.28:714][988]LogModuleManager: Shutting down and abandoning module ViewportInteraction (428)
[2017.08.07-20.18.28:714][988]LogModuleManager: Shutting down and abandoning module LogVisualizer (426)
[2017.08.07-20.18.28:714][988]LogModuleManager: Shutting down and abandoning module IntroTutorials (424)
[2017.08.07-20.18.28:714][988]LogModuleManager: Shutting down and abandoning module GameProjectGeneration (423)
[2017.08.07-20.18.28:715][988]LogModuleManager: Shutting down and abandoning module EditorLiveStreaming (420)
[2017.08.07-20.18.28:715][988]LogModuleManager: Shutting down and abandoning module IOSPlatformEditor (418)
[2017.08.07-20.18.28:715][988]LogModuleManager: Shutting down and abandoning module HTML5PlatformEditor (416)
[2017.08.07-20.18.28:715][988]LogModuleManager: Shutting down and abandoning module AndroidPlatformEditor (414)
[2017.08.07-20.18.28:715][988]LogModuleManager: Shutting down and abandoning module AndroidDeviceDetection (413)
[2017.08.07-20.18.28:840][988]LogModuleManager: Shutting down and abandoning module IOSRuntimeSettings (410)
[2017.08.07-20.18.28:840][988]LogModuleManager: Shutting down and abandoning module AndroidRuntimeSettings (408)
[2017.08.07-20.18.28:840][988]LogModuleManager: Shutting down and abandoning module InputBindingEditor (406)
[2017.08.07-20.18.28:840][988]LogModuleManager: Shutting down and abandoning module NiagaraEditor (404)
[2017.08.07-20.18.28:840][988]LogModuleManager: Shutting down and abandoning module MergeActors (402)
[2017.08.07-20.18.28:840][988]LogModuleManager: Shutting down and abandoning module SizeMap (400)
[2017.08.07-20.18.28:840][988]LogModuleManager: Shutting down and abandoning module TreeMap (398)
[2017.08.07-20.18.28:840][988]LogModuleManager: Shutting down and abandoning module ReferenceViewer (396)
[2017.08.07-20.18.28:840][988]LogModuleManager: Shutting down and abandoning module LocalizationDashboard (394)
[2017.08.07-20.18.28:840][988]LogModuleManager: Shutting down and abandoning module LocalizationService (393)
[2017.08.07-20.18.28:840][988]LogModuleManager: Shutting down and abandoning module HardwareTargeting (390)
[2017.08.07-20.18.28:840][988]LogModuleManager: Shutting down and abandoning module DeviceProfileEditor (388)
[2017.08.07-20.18.28:840][988]LogModuleManager: Shutting down and abandoning module UndoHistory (386)
[2017.08.07-20.18.28:840][988]LogModuleManager: Shutting down and abandoning module UserFeedback (384)
[2017.08.07-20.18.28:840][988]LogModuleManager: Shutting down and abandoning module XmlParser (382)
[2017.08.07-20.18.28:840][988]LogModuleManager: Shutting down and abandoning module Blutility (380)
[2017.08.07-20.18.28:840][988]LogModuleManager: Shutting down and abandoning module ProjectSettingsViewer (378)
[2017.08.07-20.18.28:840][988]LogModuleManager: Shutting down and abandoning module ProjectTargetPlatformEditor (377)
[2017.08.07-20.18.28:841][988]LogModuleManager: Shutting down and abandoning module EditorSettingsViewer (374)
[2017.08.07-20.18.28:841][988]LogModuleManager: Shutting down and abandoning module SettingsEditor (372)
[2017.08.07-20.18.28:841][988]LogModuleManager: Shutting down and abandoning module ProjectLauncher (370)
[2017.08.07-20.18.28:841][988]LogModuleManager: Shutting down and abandoning module SessionFrontend (368)
[2017.08.07-20.18.28:841][988]LogModuleManager: Shutting down and abandoning module ProfilerClient (366)
[2017.08.07-20.18.28:841][988]LogModuleManager: Shutting down and abandoning module DeviceManager (364)
[2017.08.07-20.18.28:841][988]LogModuleManager: Shutting down and abandoning module TargetDeviceServices (363)
[2017.08.07-20.18.28:895][988]LogModuleManager: Shutting down and abandoning module AutomationController (360)
[2017.08.07-20.18.28:895][988]LogModuleManager: Shutting down and abandoning module AutomationWindow (358)
[2017.08.07-20.18.28:895][988]LogModuleManager: Shutting down and abandoning module Layers (356)
[2017.08.07-20.18.28:895][988]LogModuleManager: Shutting down and abandoning module ComponentVisualizers (354)
[2017.08.07-20.18.28:895][988]LogModuleManager: Shutting down and abandoning module DetailCustomizations (352)
[2017.08.07-20.18.28:895][988]LogModuleManager: Shutting down and abandoning module PackagesDialog (350)
[2017.08.07-20.18.28:895][988]LogModuleManager: Shutting down and abandoning module Persona (348)
[2017.08.07-20.18.28:895][988]LogModuleManager: Shutting down and abandoning module AnimGraph (347)
[2017.08.07-20.18.28:895][988]LogModuleManager: Shutting down and abandoning module Kismet (344)
[2017.08.07-20.18.28:941][988]LogModuleManager: Shutting down and abandoning module GraphEditor (342)
[2017.08.07-20.18.28:941][988]LogModuleManager: Shutting down and abandoning module ClassViewer (340)
[2017.08.07-20.18.28:941][988]LogModuleManager: Shutting down and abandoning module Toolbox (338)
[2017.08.07-20.18.28:941][988]LogModuleManager: Shutting down and abandoning module ModuleUI (336)
[2017.08.07-20.18.28:941][988]LogModuleManager: Shutting down and abandoning module MovieSceneTools (334)
[2017.08.07-20.18.28:941][988]LogModuleManager: Shutting down and abandoning module OutputLog (332)
[2017.08.07-20.18.28:941][988]LogModuleManager: Shutting down and abandoning module GammaUI (330)
[2017.08.07-20.18.28:941][988]LogModuleManager: Shutting down and abandoning module Documentation (328)
[2017.08.07-20.18.28:941][988]LogModuleManager: Shutting down and abandoning module Niagara (326)
[2017.08.07-20.18.28:941][988]LogModuleManager: Shutting down and abandoning module StreamingPauseRendering (324)
[2017.08.07-20.18.28:941][988]LogModuleManager: Shutting down and abandoning module AnalyticsET (322)
[2017.08.07-20.18.28:941][988]LogModuleManager: Shutting down and abandoning module PortalServices (320)
[2017.08.07-20.18.28:941][988]LogModuleManager: Shutting down and abandoning module PortalRpc (318)
[2017.08.07-20.18.28:941][988]LogModuleManager: Shutting down and abandoning module MessagingRpc (316)
[2017.08.07-20.18.28:941][988]LogModuleManager: Shutting down and abandoning module AIModule (314)
[2017.08.07-20.18.28:942][988]LogModuleManager: Shutting down and abandoning module GameplayDebugger (313)
[2017.08.07-20.18.28:942][988]LogModuleManager: Shutting down and abandoning module AITestSuite (311)
[2017.08.07-20.18.28:942][988]LogModuleManager: Shutting down and abandoning module ProfilerService (308)
[2017.08.07-20.18.29:098][988]LogModuleManager: Shutting down and abandoning module TaskGraph (306)
[2017.08.07-20.18.29:098][988]LogModuleManager: Shutting down and abandoning module SteamVRController (304)
[2017.08.07-20.18.29:098][988]LogModuleManager: Shutting down and abandoning module SteamVR (302)
[2017.08.07-20.18.29:098][988]LogModuleManager: Shutting down and abandoning module ProceduralMeshComponentEditor (300)
[2017.08.07-20.18.29:098][988]LogModuleManager: Shutting down and abandoning module ProceduralMeshComponent (298)
[2017.08.07-20.18.29:098][988]LogModuleManager: Shutting down and abandoning module OculusLibrary (296)
[2017.08.07-20.18.29:098][988]LogModuleManager: Shutting down and abandoning module OculusInput (294)
[2017.08.07-20.18.29:098][988]LogModuleManager: Shutting down and abandoning module MobilePatchingUtils (292)
[2017.08.07-20.18.29:098][988]LogModuleManager: Shutting down and abandoning module CustomMeshComponent (290)
[2017.08.07-20.18.29:098][988]LogModuleManager: Shutting down and abandoning module CableComponent (288)
[2017.08.07-20.18.29:098][988]LogModuleManager: Shutting down and abandoning module ArchVisCharacter (286)
[2017.08.07-20.18.29:098][988]LogModuleManager: Shutting down and abandoning module MediaPlayerEditor (282)
[2017.08.07-20.18.29:098][988]LogModuleManager: Shutting down and abandoning module HTML5Networking (280)
[2017.08.07-20.18.29:098][988]LogModuleManager: Shutting down and abandoning module AlembicImporter (278)
[2017.08.07-20.18.29:098][988]LogModuleManager: Shutting down and abandoning module AlembicLibrary (277)
[2017.08.07-20.18.29:098][988]LogModuleManager: Shutting down and abandoning module GeometryCache (276)
[2017.08.07-20.18.29:098][988]LogModuleManager: Shutting down and abandoning module GeometryCacheEd (275)
[2017.08.07-20.18.29:098][988]LogModuleManager: Shutting down and abandoning module SuperSearchEditor (270)
[2017.08.07-20.18.29:098][988]LogModuleManager: Shutting down and abandoning module SuperSearch (269)
[2017.08.07-20.18.29:098][988]LogModuleManager: Shutting down and abandoning module SpeedTreeImporter (266)
[2017.08.07-20.18.29:098][988]LogModuleManager: Shutting down and abandoning module PluginBrowser (264)
[2017.08.07-20.18.29:098][988]LogModuleManager: Shutting down and abandoning module MobileLauncherProfileWizard (262)
[2017.08.07-20.18.29:098][988]LogModuleManager: Shutting down and abandoning module EpicSurvey (260)
[2017.08.07-20.18.29:098][988]LogModuleManager: Shutting down and abandoning module VisualStudioSourceCodeAccess (258)
[2017.08.07-20.18.29:098][988]LogModuleManager: Shutting down and abandoning module DesktopPlatform (257)
[2017.08.07-20.18.29:098][988]LogModuleManager: Shutting down and abandoning module UObjectPlugin (254)
[2017.08.07-20.18.29:098][988]LogModuleManager: Shutting down and abandoning module SubversionSourceControl (252)
[2017.08.07-20.18.29:098][988]LogModuleManager: Shutting down and abandoning module PerforceSourceControl (250)
[2017.08.07-20.18.29:098][988]LogModuleManager: Shutting down and abandoning module GitSourceControl (248)
[2017.08.07-20.18.29:098][988]LogModuleManager: Shutting down and abandoning module SourceControl (247)
[2017.08.07-20.18.29:098][988]LogModuleManager: Shutting down and abandoning module LightPropagationVolumeEditor (244)
[2017.08.07-20.18.29:098][988]LogModuleManager: Shutting down and abandoning module PaperTiledImporter (242)
[2017.08.07-20.18.29:098][988]LogModuleManager: Shutting down and abandoning module PaperSpriteSheetImporter (240)
[2017.08.07-20.18.29:098][988]LogModuleManager: Shutting down and abandoning module Paper2DEditor (238)
[2017.08.07-20.18.29:098][988]LogModuleManager: Shutting down and abandoning module MeshPaint (237)
[2017.08.07-20.18.29:098][988]LogModuleManager: Shutting down and abandoning module LevelEditor (235)
[2017.08.07-20.18.29:098][988]LogModuleManager: Shutting down and abandoning module PixelInspectorModule (234)
[2017.08.07-20.18.29:098][988]LogModuleManager: Shutting down and abandoning module MainFrame (232)
[2017.08.07-20.18.29:098][988]LogModuleManager: Shutting down and abandoning module HotReload (231)
[2017.08.07-20.18.29:098][988]LogDirectoryWatcher: A directory notification for 'C:/Users/User/Desktop/Unreal/GitHub/FYP_DumbTesting/Meeting/Binaries/Win64' was aborted.
[2017.08.07-20.18.29:099][988]LogModuleManager: Shutting down and abandoning module ContentBrowser (227)
[2017.08.07-20.18.29:100][988]LogModuleManager: Shutting down and abandoning module Meeting (224)
[2017.08.07-20.18.29:100][988]LogModuleManager: Shutting down and abandoning module PhysXVehiclesEditor (222)
[2017.08.07-20.18.29:100][988]LogModuleManager: Shutting down and abandoning module PhysXVehicles (220)
[2017.08.07-20.18.29:100][988]LogModuleManager: Shutting down and abandoning module LocationServicesBPLibrary (218)
[2017.08.07-20.18.29:100][988]LogModuleManager: Shutting down and abandoning module UdpMessaging (216)
[2017.08.07-20.18.29:201][988]LogModuleManager: Shutting down and abandoning module TcpMessaging (214)
[2017.08.07-20.18.29:302][988]LogModuleManager: Shutting down and abandoning module GameplayTagsEditor (212)
[2017.08.07-20.18.29:302][988]LogModuleManager: Shutting down and abandoning module FacialAnimationEditor (210)
[2017.08.07-20.18.29:302][988]LogModuleManager: Shutting down and abandoning module FacialAnimation (208)
[2017.08.07-20.18.29:302][988]LogModuleManager: Shutting down and abandoning module LightPropagationVolumeRuntime (206)
[2017.08.07-20.18.29:302][988]LogModuleManager: Shutting down and abandoning module Paper2D (204)
[2017.08.07-20.18.29:302][988]LogModuleManager: Shutting down and abandoning module WindowsMoviePlayer (202)
[2017.08.07-20.18.29:302][988]LogModuleManager: Shutting down and abandoning module WmfMedia (200)
[2017.08.07-20.18.29:302][988]LogModuleManager: Shutting down and abandoning module MfMedia (198)
[2017.08.07-20.18.29:302][988]LogModuleManager: Shutting down and abandoning module MediaAssets (196)
[2017.08.07-20.18.29:302][988]LogModuleManager: Shutting down and abandoning module GameLiveStreaming (194)
[2017.08.07-20.18.29:302][988]LogModuleManager: Shutting down and abandoning module VREditor (192)
[2017.08.07-20.18.29:302][988]LogModuleManager: Shutting down and abandoning module GameplayTasksEditor (190)
[2017.08.07-20.18.29:302][988]LogModuleManager: Shutting down and abandoning module BehaviorTreeEditor (188)
[2017.08.07-20.18.29:302][988]LogModuleManager: Shutting down and abandoning module FunctionalTesting (186)
[2017.08.07-20.18.29:302][988]LogModuleManager: Shutting down and abandoning module CollisionAnalyzer (184)
[2017.08.07-20.18.29:302][988]LogModuleManager: Shutting down and abandoning module UMG (182)
[2017.08.07-20.18.29:302][988]LogModuleManager: Shutting down and abandoning module UMGEditor (181)
[2017.08.07-20.18.29:302][988]LogModuleManager: Shutting down and abandoning module Sequencer (180)
[2017.08.07-20.18.29:302][988]LogModuleManager: Shutting down and abandoning module AssetTools (178)
[2017.08.07-20.18.29:302][988]LogModuleManager: Shutting down and abandoning module MessageLog (177)
[2017.08.07-20.18.29:302][988]LogModuleManager: Shutting down and abandoning module WorkspaceMenuStructure (176)
[2017.08.07-20.18.29:302][988]LogModuleManager: Shutting down and abandoning module SlateReflector (170)
[2017.08.07-20.18.29:302][988]LogModuleManager: Shutting down and abandoning module Slate (168)
[2017.08.07-20.18.29:302][988]LogModuleManager: Shutting down and abandoning module EditorStyle (166)
[2017.08.07-20.18.29:304][988]LogModuleManager: Shutting down and abandoning module SourceCodeAccess (164)
[2017.08.07-20.18.29:304][988]LogModuleManager: Shutting down and abandoning module HeadMountedDisplay (162)
[2017.08.07-20.18.29:304][988]LogModuleManager: Shutting down and abandoning module XAudio2 (160)
[2017.08.07-20.18.29:304][988]LogModuleManager: Shutting down and abandoning module Networking (158)
[2017.08.07-20.18.29:304][988]LogModuleManager: Shutting down and abandoning module Core (154)
[2017.08.07-20.18.29:304][988]LogModuleManager: Shutting down and abandoning module AssetRegistry (152)
[2017.08.07-20.18.29:451][988]LogDirectoryWatcher: A directory notification for '../../../Engine/Content/' was aborted.
[2017.08.07-20.18.29:451][988]LogDirectoryWatcher: A directory notification for 'C:/Users/User/Desktop/Unreal/GitHub/FYP_DumbTesting/Meeting/Content/' was aborted.
[2017.08.07-20.18.29:451][988]LogDirectoryWatcher: A directory notification for '../../../Engine/Plugins/2D/Paper2D/Content/' was aborted.
[2017.08.07-20.18.29:451][988]LogModuleManager: Shutting down and abandoning module DirectoryWatcher (151)
[2017.08.07-20.18.29:452][988]LogModuleManager: Shutting down and abandoning module KismetCompiler (148)
[2017.08.07-20.18.29:452][988]LogModuleManager: Shutting down and abandoning module PhysXFormats (146)
[2017.08.07-20.18.29:452][988]LogModuleManager: Shutting down and abandoning module MeshUtilities (144)
[2017.08.07-20.18.29:452][988]LogModuleManager: Shutting down and abandoning module SimplygonSwarm (143)
[2017.08.07-20.18.29:452][988]LogModuleManager: Shutting down and abandoning module SimplygonMeshReduction (141)
[2017.08.07-20.18.29:452][988]LogModuleManager: Shutting down and abandoning module QuadricMeshReduction (139)
[2017.08.07-20.18.29:452][988]LogModuleManager: Shutting down and abandoning module PropertyEditor (137)
[2017.08.07-20.18.29:452][988]LogModuleManager: Shutting down and abandoning module DerivedDataCache (134)
[2017.08.07-20.18.29:550][988]LogDerivedDataCache: Shutdown
[2017.08.07-20.18.29:550][988]LogModuleManager: Shutting down and abandoning module TargetPlatform (132)
[2017.08.07-20.18.29:550][988]LogModuleManager: Shutting down and abandoning module VulkanShaderFormat (131)
[2017.08.07-20.18.29:550][988]LogModuleManager: Shutting down and abandoning module ShaderFormatOpenGL (129)
[2017.08.07-20.18.29:550][988]LogModuleManager: Shutting down and abandoning module ShaderFormatD3D (127)
[2017.08.07-20.18.29:550][988]LogModuleManager: Shutting down and abandoning module MetalShaderFormat (125)
[2017.08.07-20.18.29:550][988]LogModuleManager: Shutting down and abandoning module TextureFormatUncompressed (123)
[2017.08.07-20.18.29:550][988]LogModuleManager: Shutting down and abandoning module TextureFormatPVR (121)
[2017.08.07-20.18.29:550][988]LogModuleManager: Shutting down and abandoning module TextureFormatDXT (119)
[2017.08.07-20.18.29:550][988]LogModuleManager: Shutting down and abandoning module TextureFormatIntelISPCTexComp (117)
[2017.08.07-20.18.29:580][988]LogModuleManager: Shutting down and abandoning module TextureFormatASTC (115)
[2017.08.07-20.18.29:580][988]LogModuleManager: Shutting down and abandoning module ImageWrapper (114)
[2017.08.07-20.18.29:580][988]LogModuleManager: Shutting down and abandoning module TextureFormatAndroid (111)
[2017.08.07-20.18.29:580][988]LogModuleManager: Shutting down and abandoning module AudioFormatOpus (109)
[2017.08.07-20.18.29:580][988]LogModuleManager: Shutting down and abandoning module AudioFormatOgg (107)
[2017.08.07-20.18.29:580][988]LogModuleManager: Shutting down and abandoning module AudioFormatADPCM (105)
[2017.08.07-20.18.29:580][988]LogModuleManager: Shutting down and abandoning module LinuxTargetPlatform (103)
[2017.08.07-20.18.29:580][988]LogModuleManager: Shutting down and abandoning module LinuxServerTargetPlatform (101)
[2017.08.07-20.18.29:580][988]LogModuleManager: Shutting down and abandoning module LinuxNoEditorTargetPlatform (99)
[2017.08.07-20.18.29:580][988]LogModuleManager: Shutting down and abandoning module LinuxClientTargetPlatform (97)
[2017.08.07-20.18.29:580][988]LogModuleManager: Shutting down and abandoning module TVOSTargetPlatform (95)
[2017.08.07-20.18.29:580][988]LogModuleManager: Shutting down and abandoning module Messaging (93)
[2017.08.07-20.18.29:580][988]LogModuleManager: Shutting down and abandoning module IOSTargetPlatform (91)
[2017.08.07-20.18.29:580][988]LogModuleManager: Shutting down and abandoning module HTML5TargetPlatform (89)
[2017.08.07-20.18.29:580][988]LogModuleManager: Shutting down and abandoning module Android_PVRTCTargetPlatform (87)
[2017.08.07-20.18.29:580][988]LogModuleManager: Shutting down and abandoning module Android_MultiTargetPlatform (85)
[2017.08.07-20.18.29:580][988]LogModuleManager: Shutting down and abandoning module Android_ETC2TargetPlatform (83)
[2017.08.07-20.18.29:580][988]LogModuleManager: Shutting down and abandoning module Android_ETC1TargetPlatform (81)
[2017.08.07-20.18.29:580][988]LogModuleManager: Shutting down and abandoning module Android_DXTTargetPlatform (79)
[2017.08.07-20.18.29:580][988]LogModuleManager: Shutting down and abandoning module Android_ATCTargetPlatform (77)
[2017.08.07-20.18.29:580][988]LogModuleManager: Shutting down and abandoning module Android_ASTCTargetPlatform (75)
[2017.08.07-20.18.29:580][988]LogModuleManager: Shutting down and abandoning module AndroidTargetPlatform (73)
[2017.08.07-20.18.29:580][988]LogModuleManager: Shutting down and abandoning module WindowsTargetPlatform (71)
[2017.08.07-20.18.29:580][988]LogModuleManager: Shutting down and abandoning module WindowsServerTargetPlatform (69)
[2017.08.07-20.18.29:580][988]LogModuleManager: Shutting down and abandoning module WindowsNoEditorTargetPlatform (67)
[2017.08.07-20.18.29:580][988]LogModuleManager: Shutting down and abandoning module WindowsClientTargetPlatform (65)
[2017.08.07-20.18.29:580][988]LogModuleManager: Shutting down and abandoning module MacTargetPlatform (63)
[2017.08.07-20.18.29:580][988]LogModuleManager: Shutting down and abandoning module MacServerTargetPlatform (61)
[2017.08.07-20.18.29:580][988]LogModuleManager: Shutting down and abandoning module MacNoEditorTargetPlatform (59)
[2017.08.07-20.18.29:580][988]LogModuleManager: Shutting down and abandoning module MacClientTargetPlatform (57)
[2017.08.07-20.18.29:580][988]LogModuleManager: Shutting down and abandoning module AllDesktopTargetPlatform (55)
[2017.08.07-20.18.29:580][988]LogModuleManager: Shutting down and abandoning module InputCore (52)
[2017.08.07-20.18.29:580][988]LogModuleManager: Shutting down and abandoning module Settings (50)
[2017.08.07-20.18.29:580][988]LogModuleManager: Shutting down and abandoning module OculusRift (48)
[2017.08.07-20.18.29:580][988]LogModuleManager: Shutting down and abandoning module GearVR (46)
[2017.08.07-20.18.29:580][988]LogModuleManager: Shutting down and abandoning module ExampleDeviceProfileSelector (44)
[2017.08.07-20.18.29:580][988]LogModuleManager: Shutting down and abandoning module OnlineBlueprintSupport (42)
[2017.08.07-20.18.29:580][988]LogModuleManager: Shutting down and abandoning module OnlineSubsystem (38)
[2017.08.07-20.18.29:580][988]LogOnline:Display: Unloading online subsystem: NULL
[2017.08.07-20.18.29:580][988]LogModuleManager: Shutting down and abandoning module XMPP (37)
[2017.08.07-20.18.29:580][988]LogModuleManager: Shutting down and abandoning module HTTP (35)
[2017.08.07-20.18.29:580][988]LogHttp:Display: Http module shutting down, but needs to wait on 1 outstanding Http requests:
[2017.08.07-20.18.29:580][988]LogHttp:Display: 	verb=[POST] url=[https://datarouter.ol.epicgames.com/datarouter/api/v1/public/data?SessionID=%7BDAE7E0EB-455B-8391-494C-CFB56624AF87%7D&AppID=UEEditor.Rocket.Release&AppVersion=4.15.3-3450819%2B%2B%2BUE4%2BRelease-4.15&UserID=114a053340218112b535419f5baeb955%7C9413889a592e4c1c866f4c4c8bc27d3e%7C8c3aa4a3-2f23-417e-a7f5-919d8ce1237f&AppEnvironment=datacollector-binary&UploadType=eteventstream] status=Processing
[2017.08.07-20.18.29:597][988]LogModuleManager: Shutting down and abandoning module SSL (34)
[2017.08.07-20.18.29:598][988]LogModuleManager: Shutting down and abandoning module AudioEditor (30)
[2017.08.07-20.18.29:598][988]LogModuleManager: Shutting down and abandoning module TextureCompressor (28)
[2017.08.07-20.18.29:608][988]LogModuleManager: Shutting down and abandoning module ShaderCore (26)
[2017.08.07-20.18.29:608][988]LogModuleManager: Shutting down and abandoning module Landscape (24)
[2017.08.07-20.18.29:608][988]LogModuleManager: Shutting down and abandoning module SlateRHIRenderer (22)
[2017.08.07-20.18.29:626][988]LogModuleManager: Shutting down and abandoning module OpenGLDrv (20)
[2017.08.07-20.18.29:626][988]LogModuleManager: Shutting down and abandoning module D3D11RHI (18)
[2017.08.07-20.18.29:626][988]LogModuleManager: Shutting down and abandoning module AnimGraphRuntime (16)
[2017.08.07-20.18.29:626][988]LogModuleManager: Shutting down and abandoning module Renderer (14)
[2017.08.07-20.18.29:626][988]LogModuleManager: Shutting down and abandoning module Engine (12)
[2017.08.07-20.18.29:626][988]LogModuleManager: Shutting down and abandoning module CoreUObject (10)
[2017.08.07-20.18.29:626][988]LogModuleManager: Shutting down and abandoning module NetworkFile (8)
[2017.08.07-20.18.29:626][988]LogModuleManager: Shutting down and abandoning module StreamingFile (6)
[2017.08.07-20.18.29:626][988]LogModuleManager: Shutting down and abandoning module SandboxFile (4)
[2017.08.07-20.18.29:626][988]LogModuleManager: Shutting down and abandoning module PakFile (2)
[2017.08.07-20.18.29:628][988]LogExit: Exiting.
[2017.08.07-20.18.29:648][988]Log file closed, 08/08/17 04:18:29
