Log file open, 07/10/17 01:09:00
LogInit:Display: Running engine for game: Meeting
LogPlatformFile: Not using cached read wrapper
LogInit:Display: RandInit(1742139529) SRandInit(1742139529).
LogTaskGraph: Started task graph with 5 named threads and 8 total threads with 1 sets of task threads.
LogStats: Stats thread started at 0.071184
LogInit: Using libcurl 7.47.1
LogInit:  - built for x86_64-pc-win32
LogInit:  - supports SSL with OpenSSL/1.0.2g
LogInit:  - supports HTTP deflate (compression) using libz 1.2.8
LogInit:  - other features:
LogInit:      CURL_VERSION_SSL
LogInit:      CURL_VERSION_LIBZ
LogInit:      CURL_VERSION_IPV6
LogInit:      CURL_VERSION_ASYNCHDNS
LogInit:      CURL_VERSION_LARGEFILE
LogInit:      CURL_VERSION_IDN
LogInit:  CurlRequestOptions (configurable via config and command line):
LogInit:  - bVerifyPeer = false  - Libcurl will NOT verify peer certificate
LogInit:  - bUseHttpProxy = false  - Libcurl will NOT use HTTP proxy
LogInit:  - bDontReuseConnections = false  - Libcurl will reuse connections
LogInit:  - CertBundlePath = nullptr  - Libcurl will use whatever was configured at build time.
LogInit: Build: ++UE4+Release-4.15-CL-3450819
LogInit: Engine Version: 4.15.3-3450819+++UE4+Release-4.15
LogInit: Compatible Engine Version: 4.15.0-3299760+++UE4+Release-4.15
LogInit: Net CL: 3299760
LogDevObjectVersion: Number of dev versions registered: 14
LogDevObjectVersion:   Dev-Blueprints (B0D832E4-1F89-4F0D-ACCF-7EB736FD4AA2): 8
LogDevObjectVersion:   Dev-Build (E1C64328-A22C-4D53-A36C-8E866417BD8C): 0
LogDevObjectVersion:   Dev-Core (375EC13C-06E4-48FB-B500-84F0262A717E): 2
LogDevObjectVersion:   Dev-Editor (E4B068ED-F494-42E9-A231-DA0B2E46BB41): 14
LogDevObjectVersion:   Dev-Framework (CFFC743F-43B0-4480-9391-14DF171D2073): 22
LogDevObjectVersion:   Dev-Mobile (B02B49B5-BB20-44E9-A304-32B752E40360): 0
LogDevObjectVersion:   Dev-Networking (A4E4105C-59A1-49B5-A7C5-40C4547EDFEE): 0
LogDevObjectVersion:   Dev-Online (39C831C9-5AE6-47DC-9A44-9C173E1C8E7C): 0
LogDevObjectVersion:   Dev-Physics (78F01B33-EBEA-4F98-B9B4-84EACCB95AA2): 0
LogDevObjectVersion:   Dev-Platform (6631380F-2D4D-43E0-8009-CF276956A95A): 0
LogDevObjectVersion:   Dev-Rendering (12F88B9F-8875-4AFC-A67C-D90C383ABD29): 12
LogDevObjectVersion:   Dev-Sequencer (7B5AE74C-D270-4C10-A958-57980B212A5A): 3
LogDevObjectVersion:   Dev-VR (D7296918-1DD6-4BDD-9DE2-64A83CC13884): 0
LogDevObjectVersion:   Dev-LoadTimes (C2A15278-BFE7-4AFE-6C17-90FF531DF755): 1
LogInit: Compiled (64-bit): May 21 2017 11:02:34
LogInit: Compiled with Visual C++: 19.00.23026.00
LogInit: Build Configuration: Development
LogInit: Branch Name: ++UE4+Release-4.15
LogInit: Command line:  
LogInit: Base directory: C:/Program Files/Epic Games/UE_4.15/Engine/Binaries/Win64/
LogInit: Installed Engine Build: 1
LogInit: Presizing for max 8388607 objects, including 0 objects not considered by GC, pre-allocating 0 bytes for permanent pool.
LogInit: Object subsystem initialized
[2017.07.09-17.09.02:019][  0]LogInit: Selected Device Profile: [Windows]
[2017.07.09-17.09.02:019][  0]LogInit: Applying CVar settings loaded from the selected device profile: [Windows]
[2017.07.09-17.09.02:095][  0]LogInit: Computer: USER
[2017.07.09-17.09.02:095][  0]LogInit: User: Uses
[2017.07.09-17.09.02:095][  0]LogInit: CPU Page size=65536, Cores=4
[2017.07.09-17.09.02:095][  0]LogInit: High frequency timer resolution =3.320314 MHz
[2017.07.09-17.09.02:095][  0]LogMemory: Memory total: Physical=15.9GB (16GB approx)
[2017.07.09-17.09.02:095][  0]LogMemory: Platform Memory Stats for Windows
[2017.07.09-17.09.02:095][  0]LogMemory: Process Physical Memory: 263.66 MB used, 263.66 MB peak
[2017.07.09-17.09.02:095][  0]LogMemory: Process Virtual Memory: 262.34 MB used, 262.34 MB peak
[2017.07.09-17.09.02:095][  0]LogMemory: Physical Memory: 9871.94 MB used,  6439.55 MB free, 16311.48 MB total
[2017.07.09-17.09.02:095][  0]LogMemory: Virtual Memory: 645.11 MB used,  6439.55 MB free, 134217728.00 MB total
[2017.07.09-17.09.02:740][  0]LogTextLocalizationManager: No specific translations for ('en-US') exist, so ('en') translations will be used.
[2017.07.09-17.09.07:593][  0]LogD3D11RHI: D3D11 adapters:
[2017.07.09-17.09.07:630][  0]LogD3D11RHI:    0. 'NVIDIA GeForce GTX 960' (Feature Level 11_0)
[2017.07.09-17.09.07:630][  0]LogD3D11RHI:       2016/0/8155 MB DedicatedVideo/DedicatedSystem/SharedSystem, Outputs:1, VendorId:0x10de
[2017.07.09-17.09.07:631][  0]LogD3D11RHI:    1. 'Microsoft Basic Render Driver' (Feature Level 11_0)
[2017.07.09-17.09.07:631][  0]LogD3D11RHI:       0/0/8155 MB DedicatedVideo/DedicatedSystem/SharedSystem, Outputs:0, VendorId:0x1414
[2017.07.09-17.09.07:631][  0]LogD3D11RHI: Chosen D3D11 Adapter: 0
[2017.07.09-17.09.07:641][  0]LogD3D11RHI: Creating new Direct3DDevice
[2017.07.09-17.09.07:641][  0]LogD3D11RHI:     GPU DeviceId: 0x1401 (for the marketing name, search the web for "GPU Device Id")
[2017.07.09-17.09.07:641][  0]LogWindows: EnumDisplayDevices:
[2017.07.09-17.09.07:641][  0]LogWindows:    0. 'NVIDIA GeForce GTX 960' (P:1 D:1)
[2017.07.09-17.09.07:641][  0]LogWindows:    1. 'NVIDIA GeForce GTX 960' (P:0 D:0)
[2017.07.09-17.09.07:642][  0]LogWindows:    2. 'NVIDIA GeForce GTX 960' (P:0 D:0)
[2017.07.09-17.09.07:642][  0]LogWindows:    3. 'NVIDIA GeForce GTX 960' (P:0 D:0)
[2017.07.09-17.09.07:642][  0]LogWindows: DebugString: FoundDriverCount:4 
[2017.07.09-17.09.07:642][  0]LogD3D11RHI:     Adapter Name: NVIDIA GeForce GTX 960
[2017.07.09-17.09.07:642][  0]LogD3D11RHI:   Driver Version: 382.05 (internal:22.21.13.8205, unified:382.05)
[2017.07.09-17.09.07:642][  0]LogD3D11RHI:      Driver Date: 5-1-2017
[2017.07.09-17.09.07:642][  0]LogRHI: Texture pool is 1361 MB (70% of 1945 MB)
[2017.07.09-17.09.07:670][  0]LogD3D11RHI: Async texture creation enabled
[2017.07.09-17.09.07:681][  0]LogD3D11RHI: GPU Timing Frequency: 1000.000000 (Debug: 2 1)
[2017.07.09-17.09.07:683][  0]LogShaderCompilers: Guid format shader working directory is -20 characters bigger than the processId version (../../../../../../Users/Uses/Desktop/FYP/FYP_DumbTesting/Meeting/Intermediate/Shaders/WorkingDirectory/47808/).
[2017.07.09-17.09.07:683][  0]LogShaderCompilers: Cleaned the shader compiler working directory 'C:/Users/Uses/AppData/Local/Temp/UnrealShaderWorkingDir/C24B47CA4A4B955FB4D039994C02B045/'.
[2017.07.09-17.09.07:683][  0]LogShaderCompilers:Display: Using Local Shader Compiler.
[2017.07.09-17.09.12:782][  0]LogTemp:Display: Loaded TP AllDesktopTargetPlatform
[2017.07.09-17.09.12:835][  0]LogTemp:Display: Loaded TP MacClientTargetPlatform
[2017.07.09-17.09.12:883][  0]LogTemp:Display: Loaded TP MacNoEditorTargetPlatform
[2017.07.09-17.09.12:930][  0]LogTemp:Display: Loaded TP MacServerTargetPlatform
[2017.07.09-17.09.13:016][  0]LogTemp:Display: Loaded TP MacTargetPlatform
[2017.07.09-17.09.13:085][  0]LogTemp:Display: Loaded TP WindowsClientTargetPlatform
[2017.07.09-17.09.13:132][  0]LogTemp:Display: Loaded TP WindowsNoEditorTargetPlatform
[2017.07.09-17.09.13:186][  0]LogTemp:Display: Loaded TP WindowsServerTargetPlatform
[2017.07.09-17.09.13:230][  0]LogTemp:Display: Loaded TP WindowsTargetPlatform
[2017.07.09-17.09.13:303][  0]LogTemp:Display: Loaded TP AndroidTargetPlatform
[2017.07.09-17.09.13:370][  0]LogTemp:Display: Loaded TP Android_ASTCTargetPlatform
[2017.07.09-17.09.13:417][  0]LogTemp:Display: Loaded TP Android_ATCTargetPlatform
[2017.07.09-17.09.13:464][  0]LogTemp:Display: Loaded TP Android_DXTTargetPlatform
[2017.07.09-17.09.13:512][  0]LogTemp:Display: Loaded TP Android_ETC1TargetPlatform
[2017.07.09-17.09.13:570][  0]LogTemp:Display: Loaded TP Android_ETC2TargetPlatform
[2017.07.09-17.09.13:678][  0]LogTemp:Display: Loaded TP Android_MultiTargetPlatform
[2017.07.09-17.09.13:678][  0]LogTemp:Display: Loaded TP Android_PVRTCTargetPlatform
[2017.07.09-17.09.13:715][  0]LogTemp:Display: Loaded TP HTML5TargetPlatform
[2017.07.09-17.09.13:838][  0]LogTemp:Display: Loaded TP IOSTargetPlatform
[2017.07.09-17.09.13:869][  0]LogTemp:Display: Loaded TP TVOSTargetPlatform
[2017.07.09-17.09.13:923][  0]LogTemp:Display: Loaded TP LinuxClientTargetPlatform
[2017.07.09-17.09.13:974][  0]LogTemp:Display: Loaded TP LinuxNoEditorTargetPlatform
[2017.07.09-17.09.14:021][  0]LogTemp:Display: Loaded TP LinuxServerTargetPlatform
[2017.07.09-17.09.14:092][  0]LogTemp:Display: Loaded TP LinuxTargetPlatform
[2017.07.09-17.09.14:092][  0]LogTargetPlatformManager:Display: Building Assets For Windows
[2017.07.09-17.09.14:848][  0]LogDerivedDataCache:Display: Max Cache Size: 512 MB
[2017.07.09-17.09.15:420][  0]LogDerivedDataCache: Loaded boot cache 0.57s 50MB C:/Users/Uses/AppData/Local/UnrealEngine/4.15/DerivedDataCache/Boot.ddc.
[2017.07.09-17.09.15:420][  0]LogDerivedDataCache:Display: Loaded Boot cache: C:/Users/Uses/AppData/Local/UnrealEngine/4.15/DerivedDataCache/Boot.ddc
[2017.07.09-17.09.15:421][  0]LogDerivedDataCache: FDerivedDataBackendGraph:  Pak pak cache file ../../../../../../Users/Uses/Desktop/FYP/FYP_DumbTesting/Meeting/DerivedDataCache/DDC.ddp not found, will not use a pak cache.
[2017.07.09-17.09.15:421][  0]LogDerivedDataCache: Unable to find inner node Pak for hierarchical cache Hierarchy.
[2017.07.09-17.09.15:421][  0]LogDerivedDataCache: FDerivedDataBackendGraph:  CompressedPak pak cache file ../../../../../../Users/Uses/Desktop/FYP/FYP_DumbTesting/Meeting/DerivedDataCache/Compressed.ddp not found, will not use a pak cache.
[2017.07.09-17.09.15:421][  0]LogDerivedDataCache: Unable to find inner node CompressedPak for hierarchical cache Hierarchy.
[2017.07.09-17.09.15:529][  0]LogDerivedDataCache:Display: Pak cache opened for reading ../../../Engine/DerivedDataCache/Compressed.ddp.
[2017.07.09-17.09.15:542][  0]LogDerivedDataCache: Using Local data cache path C:/Users/Uses/AppData/Local/UnrealEngine/Common/DerivedDataCache: Writable
[2017.07.09-17.09.15:551][  0]LogSlate: Using Freetype 2.6.0
[2017.07.09-17.09.15:641][  0]LogSlate: SlateFontCache - WITH_FREETYPE: 1, WITH_HARFBUZZ: 1
[2017.07.09-17.09.15:641][  0]LogSlate: SlateFontCache - WITH_FREETYPE: 1, WITH_HARFBUZZ: 1
[2017.07.09-17.09.20:632][  0]LogInit: Selected Device Profile: [Windows]
[2017.07.09-17.09.20:661][  0]LogContentStreaming: Texture pool size is 0.00 MB
[2017.07.09-17.09.21:240][  0]LogMeshUtilities: Using QuadricMeshReduction for automatic static mesh reduction
[2017.07.09-17.09.21:311][  0]LogSimplygon: Simplygon DLL not present - disabling.
[2017.07.09-17.09.21:361][  0]LogMeshUtilities: Using SimplygonSwarm for distributed automatic mesh merging
[2017.07.09-17.09.21:361][  0]LogMeshUtilities: No automatic skeletal mesh reduction module available
[2017.07.09-17.09.21:361][  0]LogMeshUtilities: No automatic mesh merging module available
[2017.07.09-17.09.24:569][  0]LogNetVersion: GetLocalNetworkVersion: CL: 3299760, ProjectName: meeting, ProjectVersion: , EngineNetworkVersion: 2, GameNetworkVersion: 0, NetworkChecksum: 116300604
[2017.07.09-17.09.24:635][  0]LogAssetRegistry: FAssetRegistry took 0.0214 seconds to start up
[2017.07.09-17.09.24:724][  0]LogPackageLocalizationCache: Processed 3 localized package path(s) for 2 prioritized culture(s) in 0.069408 seconds
[2017.07.09-17.09.24:729][  0]LogUObjectArray: 32493 objects as part of root set at end of initial load.
[2017.07.09-17.09.24:729][  0]LogUObjectAllocator: 7077024 out of 0 bytes used by permanent object pool.
[2017.07.09-17.09.24:729][  0]LogUObjectArray: CloseDisregardForGC: 0/0 objects in disregard for GC pool
[2017.07.09-17.09.24:784][  0]LogInit: WinSock: version 1.1 (2.2), MaxSocks=32767, MaxUdp=65467
[2017.07.09-17.10.25:662][  0]LogTcpMessaging: Initializing TcpMessaging bridge
[2017.07.09-17.10.25:858][  0]LogUdpMessaging: Initializing bridge on interface 0.0.0.0:0 to multicast group 230.0.0.1:6666.
[2017.07.09-17.10.29:099][  0]LogMaterial: Uniform references updated for custom material expression Custom.
[2017.07.09-17.10.30:039][  0]SourceControl: Info Source control is disabled
[2017.07.09-17.10.30:052][  0]SourceControl: Info Source control is disabled
[2017.07.09-17.10.30:302][  0]SourceControl: Info Source control is disabled
[2017.07.09-17.10.30:399][  0]SourceControl: Info Source control is disabled
[2017.07.09-17.10.36:781][  0]LogEngine: Initializing Engine...
[2017.07.09-17.10.36:835][  0]LogHMD: Failed to initialize OpenVR with code 110
[2017.07.09-17.10.36:981][  0]LogStats: UGameplayTagsManager::ConstructGameplayTagTree: Construct from data asset -  0.000 s
[2017.07.09-17.10.36:981][  0]LogStats: UGameplayTagsManager::ConstructGameplayTagTree: GameplayTagTreeChangedEvent.Broadcast -  0.000 s
[2017.07.09-17.10.37:460][  0]LogAIModule: Creating AISystem for world Untitled
[2017.07.09-17.10.37:479][  0]LogInit: XAudio2 using 'Speakers (Realtek High Definition Audio)' : 2 channels at 48 kHz using 32 bits per sample (channel mask 0x3)
[2017.07.09-17.10.37:507][  0]LogInit: FAudioDevice initialized.
[2017.07.09-17.10.37:537][  0]LogDerivedDataCache: Saved boot cache 0.03s 50MB C:/Users/Uses/AppData/Local/UnrealEngine/4.15/DerivedDataCache/Boot.ddc.
[2017.07.09-17.10.37:544][  0]LogInit: Texture streaming: Enabled
[2017.07.09-17.10.38:934][  0]LogEngineSessionManager: EngineSessionManager initialized
[2017.07.09-17.10.40:766][  0]LogInit: Transaction tracking system initialized
[2017.07.09-17.10.43:809][  0]BlueprintLog: New page: Editor Load
[2017.07.09-17.10.52:041][  0]LocalizationService: Info Localization service is disabled
[2017.07.09-17.10.56:790][  0]LogConsoleResponse:Display: 
[2017.07.09-17.11.03:496][  0]LogFileCache: Scanning file cache for directory 'C:/Users/Uses/Desktop/FYP/FYP_DumbTesting/Meeting/Content/' took 0.03s
[2017.07.09-17.11.03:496][  0]LogCook:Display: Max memory allowance for cook 16384mb min free memory 0mb
[2017.07.09-17.11.03:496][  0]LogCook:Display: Mobile HDR setting 1
[2017.07.09-17.11.11:062][  0]SourceControl: Info Source control is disabled
[2017.07.09-17.11.11:149][  0]Cmd: MAP LOAD FILE="../../../../../../Users/Uses/Desktop/FYP/FYP_DumbTesting/Meeting/Content/ThirdPersonBP/Maps/MockUp_Map.umap" TEMPLATE=0 SHOWPROGRESS=1 FEATURELEVEL=3
[2017.07.09-17.11.11:157][  0]LightingResults: New page: Lighting Build
[2017.07.09-17.11.11:583][  0]MapCheck: New page: Map Check
[2017.07.09-17.11.11:583][  0]LightingResults: New page: Lighting Build
[2017.07.09-17.11.16:102][  0]LogBlueprint:Warning: [Compiler ThirdPersonCharacter] Warning InputAction Event references unknown Action 'ResetVR' for  InputAction ResetVR
[2017.07.09-17.11.16:102][  0]LogBlueprint:Warning: [Compiler ThirdPersonCharacter] Warning Input Axis Event references unknown Axis 'LookUpRate' for  InputAxis LookUpRate
[2017.07.09-17.11.16:102][  0]LogBlueprint:Warning: [Compiler ThirdPersonCharacter] Warning Input Axis Event references unknown Axis 'TurnRate' for  InputAxis TurnRate
[2017.07.09-17.11.16:102][  0]LogBlueprint:Warning: [Compiler ThirdPersonCharacter] Warning InputAction Event references unknown Action 'Jump' for  InputAction Jump
[2017.07.09-17.11.16:103][  0]LogBlueprint:Warning: [Compiler ThirdPersonCharacter] Warning Input Axis Event references unknown Axis 'LookUp' for  InputAxis LookUp
[2017.07.09-17.11.16:103][  0]LogBlueprint:Warning: [Compiler ThirdPersonCharacter] Warning Input Axis Event references unknown Axis 'Turn' for  InputAxis Turn
[2017.07.09-17.11.16:116][  0]LogBlueprint:Warning: [Compiler ThirdPersonCharacter] Warning [0137.40] Compile of ThirdPersonCharacter successful, but with 6 Warning(s) [in 120 ms] (/Game/ThirdPersonBP/Blueprints/ThirdPersonCharacter.ThirdPersonCharacter)
[2017.07.09-17.11.16:116][  0]LogBlueprint:Warning: [Compiler ThirdPersonCharacter] Warning [0137.40] Compile of ThirdPersonCharacter successful, but with 7 Warning(s) [in 0 ms] (/Game/ThirdPersonBP/Blueprints/ThirdPersonCharacter.ThirdPersonCharacter)
[2017.07.09-17.11.16:116][  0]LogBlueprint:Warning: [Compiler ThirdPersonCharacter] Warning [0137.40] Compile of ThirdPersonCharacter successful, but with 8 Warning(s) [in 0 ms] (/Game/ThirdPersonBP/Blueprints/ThirdPersonCharacter.ThirdPersonCharacter)
[2017.07.09-17.11.16:159][  0]LogBlueprint:Warning: [Compiler ThirdPersonCharacter] Warning InputAction Event references unknown Action 'ResetVR' for  InputAction ResetVR
[2017.07.09-17.11.16:159][  0]LogBlueprint:Warning: [Compiler ThirdPersonCharacter] Warning Input Axis Event references unknown Axis 'LookUpRate' for  InputAxis LookUpRate
[2017.07.09-17.11.16:159][  0]LogBlueprint:Warning: [Compiler ThirdPersonCharacter] Warning Input Axis Event references unknown Axis 'TurnRate' for  InputAxis TurnRate
[2017.07.09-17.11.16:159][  0]LogBlueprint:Warning: [Compiler ThirdPersonCharacter] Warning InputAction Event references unknown Action 'Jump' for  InputAction Jump
[2017.07.09-17.11.16:160][  0]LogBlueprint:Warning: [Compiler ThirdPersonCharacter] Warning Input Axis Event references unknown Axis 'LookUp' for  InputAxis LookUp
[2017.07.09-17.11.16:160][  0]LogBlueprint:Warning: [Compiler ThirdPersonCharacter] Warning Input Axis Event references unknown Axis 'Turn' for  InputAxis Turn
[2017.07.09-17.11.16:163][  0]LogBlueprint:Warning: [Compiler ThirdPersonCharacter] Warning [0137.45] Compile of ThirdPersonCharacter successful, but with 6 Warning(s) [in 6 ms] (/Game/ThirdPersonBP/Blueprints/ThirdPersonCharacter.ThirdPersonCharacter)
[2017.07.09-17.11.16:163][  0]LogBlueprint:Warning: [Compiler ThirdPersonCharacter] Warning [0137.45] Compile of ThirdPersonCharacter successful, but with 7 Warning(s) [in 0 ms] (/Game/ThirdPersonBP/Blueprints/ThirdPersonCharacter.ThirdPersonCharacter)
[2017.07.09-17.11.16:163][  0]LogBlueprint:Warning: [Compiler ThirdPersonCharacter] Warning [0137.45] Compile of ThirdPersonCharacter successful, but with 8 Warning(s) [in 0 ms] (/Game/ThirdPersonBP/Blueprints/ThirdPersonCharacter.ThirdPersonCharacter)
[2017.07.09-17.11.17:621][  0]LogLinker:Warning: Can't find file '/Game/Art/Environment/newdev/FLOORFLOOR'
[2017.07.09-17.11.17:653][  0]LogLinker:Warning: Can't find file for asset '/Game/Art/Environment/newdev/FLOORFLOOR' while loading ../../../../../../Users/Uses/Desktop/FYP/FYP_DumbTesting/Meeting/Content/Art/Environment/Mesh/SM_Corridor_Floor.uasset.
[2017.07.09-17.11.17:654][  0]LoadErrors:Error: Error /Game/Art/Environment/Mesh/SM_Corridor_Floor : Can't find file for asset. /Game/Art/Environment/newdev/FLOORFLOOR
[2017.07.09-17.11.17:654][  0]LogLinker:Warning: Can't find file '/Game/Art/Environment/newdev/FLOORFLOOR'
[2017.07.09-17.11.17:654][  0]LogLinker:Warning: Can't find file for asset '/Game/Art/Environment/newdev/FLOORFLOOR' while loading ../../../../../../Users/Uses/Desktop/FYP/FYP_DumbTesting/Meeting/Content/Art/Environment/Mesh/SM_Corridor_Floor.uasset.
[2017.07.09-17.11.17:654][  0]LoadErrors:Error: Error /Game/Art/Environment/Mesh/SM_Corridor_Floor : Can't find file for asset. /Game/Art/Environment/newdev/FLOORFLOOR
[2017.07.09-17.11.17:655][  0]LogLinker:Warning: Can't find file '/Game/Art/Environment/newdev/zzzzzz'
[2017.07.09-17.11.17:655][  0]LogLinker:Warning: Can't find file for asset '/Game/Art/Environment/newdev/zzzzzz' while loading ../../../../../../Users/Uses/Desktop/FYP/FYP_DumbTesting/Meeting/Content/Art/Environment/Mesh/SM_Corridor_Frame.uasset.
[2017.07.09-17.11.17:655][  0]LoadErrors:Error: Error /Game/Art/Environment/Mesh/SM_Corridor_Frame : Can't find file for asset. /Game/Art/Environment/newdev/zzzzzz
[2017.07.09-17.11.17:655][  0]LogLinker:Warning: Can't find file '/Game/Art/Environment/newdev/zzzzzz'
[2017.07.09-17.11.17:655][  0]LogLinker:Warning: Can't find file for asset '/Game/Art/Environment/newdev/zzzzzz' while loading ../../../../../../Users/Uses/Desktop/FYP/FYP_DumbTesting/Meeting/Content/Art/Environment/Mesh/SM_Corridor_Frame.uasset.
[2017.07.09-17.11.17:655][  0]LoadErrors:Error: Error /Game/Art/Environment/Mesh/SM_Corridor_Frame : Can't find file for asset. /Game/Art/Environment/newdev/zzzzzz
[2017.07.09-17.11.17:657][  0]LogLinker:Warning: Can't find file '/Game/Art/Environment/newdev/2'
[2017.07.09-17.11.17:657][  0]LogLinker:Warning: Can't find file for asset '/Game/Art/Environment/newdev/2' while loading ../../../../../../Users/Uses/Desktop/FYP/FYP_DumbTesting/Meeting/Content/Art/Environment/Mesh/SM_Corridor_Wall.uasset.
[2017.07.09-17.11.17:657][  0]LoadErrors:Error: Error /Game/Art/Environment/Mesh/SM_Corridor_Wall : Can't find file for asset. /Game/Art/Environment/newdev/2
[2017.07.09-17.11.17:657][  0]LogLinker:Warning: Can't find file '/Game/Art/Environment/newdev/2'
[2017.07.09-17.11.17:657][  0]LogLinker:Warning: Can't find file for asset '/Game/Art/Environment/newdev/2' while loading ../../../../../../Users/Uses/Desktop/FYP/FYP_DumbTesting/Meeting/Content/Art/Environment/Mesh/SM_Corridor_Wall.uasset.
[2017.07.09-17.11.17:657][  0]LoadErrors:Error: Error /Game/Art/Environment/Mesh/SM_Corridor_Wall : Can't find file for asset. /Game/Art/Environment/newdev/2
[2017.07.09-17.11.20:932][  0]LogLinker:Warning: Can't find file '/Game/Art/Environment/newdev/2'
[2017.07.09-17.11.20:932][  0]LoadErrors: Info Failed to load /Game/Art/Environment/newdev/2.2 Referenced by SM_Corridor_Wall
[2017.07.09-17.11.20:932][  0]LogLinker:Warning: Can't find file for asset '/Game/Art/Environment/newdev/2' while loading NULL.
[2017.07.09-17.11.20:932][  0]LoadErrors: Info Failed to load /Game/Art/Environment/newdev/2.2 Referenced by SM_Corridor_Wall
[2017.07.09-17.11.20:933][  0]LogLinker:Warning: Can't find file '/Game/Art/Environment/newdev/zzzzzz'
[2017.07.09-17.11.20:933][  0]LoadErrors: Info Failed to load /Game/Art/Environment/newdev/zzzzzz.zzzzzz Referenced by SM_Corridor_Frame
[2017.07.09-17.11.20:933][  0]LogLinker:Warning: Can't find file for asset '/Game/Art/Environment/newdev/zzzzzz' while loading NULL.
[2017.07.09-17.11.20:933][  0]LoadErrors: Info Failed to load /Game/Art/Environment/newdev/zzzzzz.zzzzzz Referenced by SM_Corridor_Frame
[2017.07.09-17.11.20:934][  0]LogLinker:Warning: Can't find file '/Game/Art/Environment/newdev/FLOORFLOOR'
[2017.07.09-17.11.20:934][  0]LoadErrors: Info Failed to load /Game/Art/Environment/newdev/FLOORFLOOR.FLOORFLOOR Referenced by SM_Corridor_Floor
[2017.07.09-17.11.20:934][  0]LogLinker:Warning: Can't find file for asset '/Game/Art/Environment/newdev/FLOORFLOOR' while loading NULL.
[2017.07.09-17.11.20:934][  0]LoadErrors: Info Failed to load /Game/Art/Environment/newdev/FLOORFLOOR.FLOORFLOOR Referenced by SM_Corridor_Floor
[2017.07.09-17.11.24:010][  0]LogTexture:Display: Building textures: HQ_Lightmap1_1 (AutoDXT, 1024X1024) - 46 MB total VRAM
[2017.07.09-17.11.24:592][  0]LogTexture:Display: Building textures: HQ_Lightmap1_2 (AutoDXT, 512X512) - 46 MB total VRAM
[2017.07.09-17.11.24:854][  0]LogTexture:Display: Building textures: HQ_Lightmap1_3 (AutoDXT, 1024X1024) - 46 MB total VRAM
[2017.07.09-17.11.25:630][  0]LogTexture:Display: Building textures: HQ_Lightmap1_4 (AutoDXT, 1024X1024) - 46 MB total VRAM
[2017.07.09-17.11.26:274][  0]LogTexture:Display: Building textures: HQ_Lightmap1_5 (AutoDXT, 1024X1024) - 46 MB total VRAM
[2017.07.09-17.11.26:452][  0]LogTexture:Display: Building textures: HQ_Lightmap1_6 (AutoDXT, 64X64) - 46 MB total VRAM
[2017.07.09-17.11.26:796][  0]LogTexture:Display: Building textures: LQ_Lightmap_1_1 (DXT1, 1024X1024) - 46 MB total VRAM
[2017.07.09-17.11.27:171][  0]LogTexture:Display: Building textures: LQ_Lightmap_1_2 (DXT1, 512X512) - 46 MB total VRAM
[2017.07.09-17.11.27:289][  0]LogTexture:Display: Building textures: LQ_Lightmap_1_3 (DXT1, 1024X1024) - 46 MB total VRAM
[2017.07.09-17.11.27:742][  0]LogTexture:Display: Building textures: LQ_Lightmap_1_4 (DXT1, 1024X1024) - 46 MB total VRAM
[2017.07.09-17.11.28:022][  0]LogTexture:Display: Building textures: LQ_Lightmap_1_5 (DXT1, 1024X1024) - 46 MB total VRAM
[2017.07.09-17.11.28:131][  0]LogTexture:Display: Building textures: LQ_Lightmap_1_6 (DXT1, 64X64) - 46 MB total VRAM
[2017.07.09-17.11.35:973][  0]LogAIModule: Creating AISystem for world MockUp_Map
[2017.07.09-17.11.38:009][  0]LogEditorServer: Finished looking for orphan Actors (0.000 secs)
[2017.07.09-17.11.38:191][  0]Cmd: MAP CHECKDEP NOCLEARLOG
[2017.07.09-17.11.38:355][  0]MapCheck: Info Map check complete: 0 Error(s), 0 Warning(s), took 163.049ms to complete.
[2017.07.09-17.11.38:355][  0]LogFileHelpers: Loading map 'MockUp_Map' took 27.254
[2017.07.09-17.11.41:762][  0]LogCollectionManager: Loaded 0 collections in 0.001481 seconds
[2017.07.09-17.11.42:274][  0]LogFileCache: Scanning file cache for directory 'C:/Users/Uses/Desktop/FYP/FYP_DumbTesting/Meeting/Saved/Collections/' took 0.01s
[2017.07.09-17.11.42:274][  0]LogFileCache: Scanning file cache for directory 'C:/Users/Uses/Desktop/FYP/FYP_DumbTesting/Meeting/Content/Developers/Uses/Collections/' took 0.01s
[2017.07.09-17.11.42:274][  0]LogFileCache: Scanning file cache for directory 'C:/Users/Uses/Desktop/FYP/FYP_DumbTesting/Meeting/Content/Collections/' took 0.01s
[2017.07.09-17.11.42:274][  0]LogCollectionManager: Rebuilt the GUID cache for 0 collections in 0.000002 seconds
[2017.07.09-17.11.42:328][  0]LogContentBrowser: Native class hierarchy populated in 0.0273 seconds. Added 2250 classes and 455 folders.
[2017.07.09-17.11.42:497][  0]LogContentBrowser: Native class hierarchy updated for 'WidgetCarousel' in 0.0014 seconds. Added 0 classes and 0 folders.
[2017.07.09-17.11.45:353][  0]LogContentBrowser: Native class hierarchy updated for 'AddContentDialog' in 0.0026 seconds. Added 0 classes and 0 folders.
[2017.07.09-17.11.45:472][  0]LogContentBrowser: Native class hierarchy updated for 'SceneOutliner' in 0.0015 seconds. Added 1 classes and 2 folders.
[2017.07.09-17.11.47:991][  0]LogCrashTracker: Crashtracker disabled due to settings.
[2017.07.09-17.11.48:411][  0]LogUObjectGlobals:Warning: Failed to find object 'Class None.'
[2017.07.09-17.11.48:614][  0]LogContentBrowser: Native class hierarchy updated for 'HierarchicalLODOutliner' in 0.0015 seconds. Added 1 classes and 2 folders.
[2017.07.09-17.11.48:614][  0]LogLoad: (Engine Initialization) Total time: 169.90 seconds
[2017.07.09-17.11.48:614][  0]LogLoad: (Engine Initialization) Total Blueprint compile time: 1.54 seconds
[2017.07.09-17.11.48:614][  0]LogExternalProfiler: Found external profiler: VSPerf
[2017.07.09-17.11.48:614][  0]LogExternalProfiler: Using external profiler: VSPerf
[2017.07.09-17.11.49:128][  0]LogOcInput: OculusInput pre-init called
[2017.07.09-17.11.49:859][  0]LogContentStreaming: Texture pool size now 3000 MB
[2017.07.09-17.11.50:281][  0]LogSlate: Took 0.032235 seconds to synchronously load lazily loaded font '../../../Engine/Content/Slate/Fonts/Roboto-Regular.ttf' (155K)
[2017.07.09-17.11.50:313][  0]LogSlate: Took 0.028428 seconds to synchronously load lazily loaded font '../../../Engine/Content/Slate/Fonts/Roboto-Bold.ttf' (160K)
[2017.07.09-17.11.50:434][  0]LogSlate: Took 0.059600 seconds to synchronously load lazily loaded font '../../../Engine/Content/Editor/Slate/Fonts/FontAwesome.ttf' (139K)
[2017.07.09-17.11.52:214][  0]LogRenderer: Reallocating scene render targets to support 1184x660 NumSamples 1 (Frame:2).
[2017.07.09-17.11.53:490][  1]LogSlate: Took 0.026154 seconds to synchronously load lazily loaded font '../../../Engine/Content/Slate/Fonts/Roboto-Light.ttf' (159K)
[2017.07.09-17.11.54:077][  3]LogAssetRegistry: Asset discovery search completed in 149.4635 seconds
[2017.07.09-17.11.54:077][  3]LogCollectionManager: Rebuilt the object cache for 0 collections in 0.000005 seconds (found 0 objects)
[2017.07.09-17.11.54:092][  3]LogCollectionManager: Fixed up redirectors for 0 collections in 0.000026 seconds (updated 0 objects)
[2017.07.09-17.12.36:708][318]LogEditorViewport: Clicking on Actor (LMB): StaticMeshActor (SM_Corridor_Vent_Outer9)
[2017.07.09-17.13.31:341][ 60]LogStaticMesh: Building static mesh Copy_of_gun_1_Object039...
[2017.07.09-17.13.31:382][ 60]LogSlate: Took 0.000136 seconds to synchronously load lazily loaded font '../../../Engine/Content/Slate/Fonts/Roboto-Light.ttf' (159K)
[2017.07.09-17.13.31:535][ 60]LogStaticMesh: Built static mesh [0.26s] /Game/Art/Copy_of_gun_1_Object039.Copy_of_gun_1_Object039
[2017.07.09-17.13.32:374][ 60]LogSlate: Took 0.000188 seconds to synchronously load lazily loaded font '../../../Engine/Content/Slate/Fonts/Roboto-Regular.ttf' (155K)
[2017.07.09-17.13.56:670][580]LogD3D11RHI: Timed out while waiting for GPU to catch up. (0.5 s)
[2017.07.09-17.13.57:170][580]LogD3D11RHI: Timed out while waiting for GPU to catch up. (0.5 s)
[2017.07.09-17.14.23:369][594]LogFactory: FactoryCreateFile: StaticMesh with FbxFactory (0 0 ../../../../../../Users/Uses/Desktop/new Dev/SM_Corridor_Vent_Outer.FBX)
[2017.07.09-17.14.23:492][594]LogFbx: ItemName: GlobalSettings, ItemCount : 1
[2017.07.09-17.14.23:492][594]LogFbx: ItemName: AnimationStack, ItemCount : 1
[2017.07.09-17.14.23:492][594]LogFbx: ItemName: AnimationLayer, ItemCount : 1
[2017.07.09-17.14.23:492][594]LogFbx: ItemName: Model, ItemCount : 1
[2017.07.09-17.14.23:492][594]LogFbx: ItemName: Geometry, ItemCount : 1
[2017.07.09-17.14.23:492][594]LogFbx: ItemName: Material, ItemCount : 1
[2017.07.09-17.14.23:498][594]LogFbx: Loading FBX Scene from ../../../../../../Users/Uses/Desktop/new Dev/SM_Corridor_Vent_Outer.FBX
[2017.07.09-17.14.23:519][594]LogFbx: FBX Scene Loaded Succesfully
[2017.07.09-17.14.26:248][594]LogFbx: Loading FBX Scene from ../../../../../../Users/Uses/Desktop/new Dev/SM_Corridor_Vent_Outer.FBX
[2017.07.09-17.14.26:258][594]LogFbx: FBX Scene Loaded Succesfully
[2017.07.09-17.14.26:396][594]LogFbx:Warning: Triangulating static mesh SM_Corridor_Vent_Outer8
[2017.07.09-17.14.26:521][594]LogStaticMesh: Building static mesh SM_Corridor_Vent_Outer...
[2017.07.09-17.14.26:542][594]LogStaticMesh: Built static mesh [0.07s] /Game/Art/Environment/SM_Corridor_Vent_Outer.SM_Corridor_Vent_Outer
[2017.07.09-17.14.46:649][ 56]LogEditorViewport: Clicking on Actor (LMB): StaticMeshActor (SM_Corridor_Vent_Outer15)
[2017.07.09-17.14.47:618][ 60]LogEditorViewport: Clicking on Actor (context menu): StaticMeshActor (SM_Corridor_Ceiling10)
[2017.07.09-17.14.49:703][133]LogEditorViewport: Clicking on Actor (LMB): StaticMeshActor (SM_Corridor_Vent_Outer15)
[2017.07.09-17.15.04:127][154]LogEditorViewport: Clicking on Actor (LMB): StaticMeshActor (SM_Corridor_Vent_Outer14)
[2017.07.09-17.15.09:154][488]LogEditorViewport: Clicking on Actor (LMB): StaticMeshActor (SM_Corridor_Vent_Outer26)
[2017.07.09-17.15.14:066][844]LogEditorViewport: Clicking on Actor (LMB): StaticMeshActor (SM_Corridor_Vent_Outer27)
[2017.07.09-17.15.18:536][186]LogEditorViewport: Clicking on Actor (LMB): StaticMeshActor (SM_Corridor_Vent_Outer26)
[2017.07.09-17.15.20:310][333]Cmd: TRANSACTION UNDO
[2017.07.09-17.15.20:310][333]LogEditorTransaction: Undo Rotate Actors
[2017.07.09-17.15.20:382][333]LogSlate: Took 0.000226 seconds to synchronously load lazily loaded font '../../../Engine/Content/Slate/Fonts/Roboto-Light.ttf' (159K)
[2017.07.09-17.15.30:336][138]LogEditorViewport: Clicking on Actor (LMB): StaticMeshActor (SM_Corridor_Vent_Outer25)
[2017.07.09-17.15.36:143][572]LogEditorViewport: Clicking on Actor (CTRL LMB): StaticMeshActor (SM_Corridor_Ceiling14)
[2017.07.09-17.15.36:933][629]Cmd: TRANSACTION UNDO
[2017.07.09-17.15.36:933][629]LogEditorTransaction: Undo Clicking on Actors
[2017.07.09-17.15.39:790][793]LogEditorViewport: Clicking on Actor (CTRL LMB): StaticMeshActor (SM_Corridor_Vent_Outer27)
[2017.07.09-17.15.42:660][  7]LogEditorViewport: Clicking on Actor (CTRL LMB): StaticMeshActor (SM_Corridor_Vent_Outer26)
[2017.07.09-17.15.55:475][988]LogEditorViewport: Clicking on Actor (LMB): StaticMeshActor (SM_Corridor_Vent_Outer27)
[2017.07.09-17.16.02:442][542]LogEditorViewport: Clicking on Actor (CTRL LMB): StaticMeshActor (SM_Corridor_Vent_Outer26)
[2017.07.09-17.16.10:942][210]LogEditorViewport: Clicking on Actor (CTRL LMB): StaticMeshActor (SM_Corridor_Vent_Outer25)
[2017.07.09-17.16.28:440][291]LogD3D11RHI: Timed out while waiting for GPU to catch up. (0.5 s)
[2017.07.09-17.16.42:640][752]LogEditorViewport: Clicking on Actor (LMB): StaticMeshActor (SM_Corridor_Vent_Outer7)
[2017.07.09-17.16.52:945][ 51]LogEditorViewport: Clicking on Actor (LMB): StaticMeshActor (SM_Corridor_Vent_Outer27)
[2017.07.09-17.17.04:076][400]LogEditorViewport: Clicking on Actor (LMB): StaticMeshActor (SM_Corridor_Vent_Outer26)
[2017.07.09-17.19.05:533][215]LogD3D11RHI: Timed out while waiting for GPU to catch up. (0.5 s)
[2017.07.09-17.22.15:121][706]LogSavePackage: Save=11770.57ms
[2017.07.09-17.22.15:121][706]LogSavePackage: Moving '../../../../../../Users/Uses/Desktop/FYP/FYP_DumbTesting/Meeting/Saved/MockUp_Map_Auto10B18752444D59C31A1ED2F8DEA075763.tmp' to '../../../../../../Users/Uses/Desktop/FYP/FYP_DumbTesting/Meeting/Saved/Autosaves/Game/ThirdPersonBP/Maps/MockUp_Map_Auto1.umap'
[2017.07.09-17.22.15:377][706]LogSavePackage:Display: Finished SavePackage ../../../../../../Users/Uses/Desktop/FYP/FYP_DumbTesting/Meeting/Saved/Autosaves/Game/ThirdPersonBP/Maps/MockUp_Map_Auto1.umap
[2017.07.09-17.22.16:276][706]LogFileHelpers: Editor autosave (incl. sublevels) for '/Game/ThirdPersonBP/Maps/MockUp_Map' took 23.968
[2017.07.09-17.22.16:276][706]LogFileHelpers: Editor autosave (incl. sublevels) for all levels took 23.968
[2017.07.09-17.22.16:295][706]OBJ SavePackage: Generating thumbnails for [1] asset(s) in package [/Game/Art/Environment/SM_Corridor_Vent_Outer] ([1] browsable assets)...
[2017.07.09-17.22.18:848][706]OBJ SavePackage:     Rendered thumbnail for [StaticMesh /Game/Art/Environment/SM_Corridor_Vent_Outer.SM_Corridor_Vent_Outer]
[2017.07.09-17.22.18:848][706]OBJ SavePackage: Finished generating thumbnails for package [/Game/Art/Environment/SM_Corridor_Vent_Outer]
[2017.07.09-17.22.19:943][706]LogSavePackage: Save=801.35ms
[2017.07.09-17.22.19:943][706]LogSavePackage: Moving '../../../../../../Users/Uses/Desktop/FYP/FYP_DumbTesting/Meeting/Saved/SM_Corridor_Vent_Outer_Auto13040506542D0BBDF23A89AA5DBC54C2D.tmp' to '../../../../../../Users/Uses/Desktop/FYP/FYP_DumbTesting/Meeting/Saved/Autosaves/Game/Art/Environment/SM_Corridor_Vent_Outer_Auto1.uasset'
[2017.07.09-17.22.20:012][706]LogSavePackage:Display: Finished SavePackage ../../../../../../Users/Uses/Desktop/FYP/FYP_DumbTesting/Meeting/Saved/Autosaves/Game/Art/Environment/SM_Corridor_Vent_Outer_Auto1.uasset
[2017.07.09-17.22.20:012][706]LogFileHelpers: Auto-saving content packages took 3.735
[2017.07.09-17.33.59:255][898]LogD3D11RHI: Timed out while waiting for GPU to catch up. (0.5 s)
[2017.07.09-17.33.59:756][899]LogD3D11RHI: Timed out while waiting for GPU to catch up. (0.5 s)
[2017.07.09-17.39.10:587][821]LogSavePackage: Save=182.36ms
[2017.07.09-17.39.10:588][821]LogSavePackage: Moving '../../../../../../Users/Uses/Desktop/FYP/FYP_DumbTesting/Meeting/Saved/SM_Corridor_Vent_OuterA69B637748CE77269705478A4234DF37.tmp' to '../../../../../../Users/Uses/Desktop/FYP/FYP_DumbTesting/Meeting/Content/Art/Environment/SM_Corridor_Vent_Outer.uasset'
[2017.07.09-17.39.10:606][821]LogSavePackage:Display: Finished SavePackage ../../../../../../Users/Uses/Desktop/FYP/FYP_DumbTesting/Meeting/Content/Art/Environment/SM_Corridor_Vent_Outer.uasset
[2017.07.09-17.39.45:502][821]LogSavePackage: Save=1841.44ms
[2017.07.09-17.39.45:502][821]LogSavePackage: Moving '../../../../../../Users/Uses/Desktop/FYP/FYP_DumbTesting/Meeting/Saved/MockUp_Map7E2B65264985090EE6D446A5E15EBA28.tmp' to '../../../../../../Users/Uses/Desktop/FYP/FYP_DumbTesting/Meeting/Content/ThirdPersonBP/Maps/MockUp_Map.umap'
[2017.07.09-17.39.45:527][821]LogSavePackage:Display: Finished SavePackage ../../../../../../Users/Uses/Desktop/FYP/FYP_DumbTesting/Meeting/Content/ThirdPersonBP/Maps/MockUp_Map.umap
[2017.07.09-17.39.50:578][821]LogFileHelpers: Saving map 'MockUp_Map' took 39.969
[2017.07.09-17.40.02:633][822]Cmd: QUIT_EDITOR
[2017.07.09-17.40.11:242][822]LogWindowsTextInputMethodSystem:Display: IME system now deactivated.
[2017.07.09-17.40.13:599][822]LogExit: Preparing to exit.
[2017.07.09-17.40.37:663][822]LogDirectoryWatcher: A directory notification for 'C:/Users/Uses/Desktop/FYP/FYP_DumbTesting/Meeting/Content/' was aborted.
[2017.07.09-17.41.05:798][822]LogExit: Editor shut down
[2017.07.09-17.41.06:051][822]LogExit: Transaction tracking system shut down
[2017.07.09-17.41.54:147][822]LogObj: Freed 0b from 0 cluster array pools.
[2017.07.09-17.41.54:162][822]LogExit: Object subsystem successfully closed.
[2017.07.09-17.41.59:986][822]LogD3D11RHI: Shutdown
[2017.07.09-17.42.00:123][822]LogD3D11RHI: CleanupD3DDevice
[2017.07.09-17.42.02:128][822]LogD3D11RHI: ~FD3D11DynamicRHI
[2017.07.09-17.42.15:670][822]LogModuleManager: Shutting down and abandoning module StaticMeshEditor (502)
[2017.07.09-17.42.16:544][822]LogModuleManager: Shutting down and abandoning module HierarchicalLODOutliner (500)
[2017.07.09-17.42.16:672][822]LogModuleManager: Shutting down and abandoning module CrashTracker (498)
[2017.07.09-17.42.16:919][822]LogModuleManager: Shutting down and abandoning module SceneOutliner (496)
[2017.07.09-17.42.17:146][822]LogModuleManager: Shutting down and abandoning module AddContentDialog (494)
[2017.07.09-17.42.18:222][822]LogDirectoryWatcher: A directory notification for 'C:/Program Files/Epic Games/UE_4.15/FeaturePacks/' was aborted.
[2017.07.09-17.42.21:776][822]LogModuleManager: Shutting down and abandoning module WidgetCarousel (493)
[2017.07.09-17.42.21:776][822]LogModuleManager: Shutting down and abandoning module EditorWidgets (490)
[2017.07.09-17.42.21:776][822]LogModuleManager: Shutting down and abandoning module CollectionManager (488)
[2017.07.09-17.42.21:809][822]LogDirectoryWatcher: A directory notification for 'C:/Users/Uses/Desktop/FYP/FYP_DumbTesting/Meeting/Content/Collections/' was aborted.
[2017.07.09-17.42.21:809][822]LogDirectoryWatcher: A directory notification for 'C:/Users/Uses/Desktop/FYP/FYP_DumbTesting/Meeting/Content/Developers/Uses/Collections/' was aborted.
[2017.07.09-17.42.21:809][822]LogDirectoryWatcher: A directory notification for 'C:/Users/Uses/Desktop/FYP/FYP_DumbTesting/Meeting/Saved/Collections/' was aborted.
[2017.07.09-17.42.21:809][822]LogModuleManager: Shutting down and abandoning module StatsViewer (486)
[2017.07.09-17.42.21:855][822]LogModuleManager: Shutting down and abandoning module FoliageEdit (484)
[2017.07.09-17.42.21:855][822]LogModuleManager: Shutting down and abandoning module LandscapeEditor (482)
[2017.07.09-17.42.22:435][822]LogModuleManager: Shutting down and abandoning module SceneDepthPickerMode (480)
[2017.07.09-17.42.22:435][822]LogModuleManager: Shutting down and abandoning module ActorPickerMode (478)
[2017.07.09-17.42.22:435][822]LogModuleManager: Shutting down and abandoning module GeometryMode (476)
[2017.07.09-17.42.22:435][822]LogModuleManager: Shutting down and abandoning module TextureAlignMode (474)
[2017.07.09-17.42.22:435][822]LogModuleManager: Shutting down and abandoning module BspMode (472)
[2017.07.09-17.42.22:447][822]LogModuleManager: Shutting down and abandoning module HardwareSurvey (470)
[2017.07.09-17.42.22:524][822]LogModuleManager: Shutting down and abandoning module SequenceRecorderSections (468)
[2017.07.09-17.42.22:524][822]LogModuleManager: Shutting down and abandoning module AutomationWorker (466)
[2017.07.09-17.42.22:546][822]LogModuleManager: Shutting down and abandoning module MatineeToLevelSequence (464)
[2017.07.09-17.42.22:821][822]LogModuleManager: Shutting down and abandoning module LevelSequenceEditor (462)
[2017.07.09-17.42.22:987][822]LogModuleManager: Shutting down and abandoning module PlacementMode (461)
[2017.07.09-17.42.22:997][822]LogModuleManager: Shutting down and abandoning module WmfMediaFactory (458)
[2017.07.09-17.42.22:997][822]LogModuleManager: Shutting down and abandoning module WmfMediaEditor (456)
[2017.07.09-17.42.22:997][822]LogModuleManager: Shutting down and abandoning module MfMediaFactory (454)
[2017.07.09-17.42.22:997][822]LogModuleManager: Shutting down and abandoning module MfMediaEditor (452)
[2017.07.09-17.42.22:997][822]LogModuleManager: Shutting down and abandoning module AvfMediaFactory (450)
[2017.07.09-17.42.22:997][822]LogModuleManager: Shutting down and abandoning module AvfMediaEditor (448)
[2017.07.09-17.42.22:997][822]LogModuleManager: Shutting down and abandoning module AndroidMediaFactory (446)
[2017.07.09-17.42.22:997][822]LogModuleManager: Shutting down and abandoning module Media (445)
[2017.07.09-17.42.22:997][822]LogModuleManager: Shutting down and abandoning module AndroidMediaEditor (442)
[2017.07.09-17.42.22:997][822]LogModuleManager: Shutting down and abandoning module CharacterAI (440)
[2017.07.09-17.42.22:997][822]LogModuleManager: Shutting down and abandoning module AudioCapture (438)
[2017.07.09-17.42.23:036][822]LogModuleManager: Shutting down and abandoning module SequenceRecorder (437)
[2017.07.09-17.42.23:153][822]LogModuleManager: Shutting down and abandoning module SmartSnapping (434)
[2017.07.09-17.42.23:153][822]LogModuleManager: Shutting down and abandoning module SessionServices (432)
[2017.07.09-17.42.23:153][822]LogModuleManager: Shutting down and abandoning module ViewportSnapping (430)
[2017.07.09-17.42.23:153][822]LogModuleManager: Shutting down and abandoning module ViewportInteraction (428)
[2017.07.09-17.42.23:153][822]LogModuleManager: Shutting down and abandoning module LogVisualizer (426)
[2017.07.09-17.42.23:461][822]LogModuleManager: Shutting down and abandoning module IntroTutorials (424)
[2017.07.09-17.42.23:876][822]LogModuleManager: Shutting down and abandoning module GameProjectGeneration (423)
[2017.07.09-17.42.24:068][822]LogModuleManager: Shutting down and abandoning module EditorLiveStreaming (420)
[2017.07.09-17.42.24:098][822]LogModuleManager: Shutting down and abandoning module IOSPlatformEditor (418)
[2017.07.09-17.42.24:175][822]LogModuleManager: Shutting down and abandoning module HTML5PlatformEditor (416)
[2017.07.09-17.42.24:175][822]LogModuleManager: Shutting down and abandoning module AndroidPlatformEditor (414)
[2017.07.09-17.42.24:299][822]LogModuleManager: Shutting down and abandoning module AndroidDeviceDetection (413)
[2017.07.09-17.42.25:339][822]LogModuleManager: Shutting down and abandoning module IOSRuntimeSettings (410)
[2017.07.09-17.42.25:339][822]LogModuleManager: Shutting down and abandoning module AndroidRuntimeSettings (408)
[2017.07.09-17.42.25:339][822]LogModuleManager: Shutting down and abandoning module InputBindingEditor (406)
[2017.07.09-17.42.25:382][822]LogModuleManager: Shutting down and abandoning module NiagaraEditor (404)
[2017.07.09-17.42.25:457][822]LogModuleManager: Shutting down and abandoning module MergeActors (402)
[2017.07.09-17.42.25:491][822]LogModuleManager: Shutting down and abandoning module SizeMap (400)
[2017.07.09-17.42.25:535][822]LogModuleManager: Shutting down and abandoning module TreeMap (398)
[2017.07.09-17.42.25:566][822]LogModuleManager: Shutting down and abandoning module ReferenceViewer (396)
[2017.07.09-17.42.25:623][822]LogModuleManager: Shutting down and abandoning module LocalizationDashboard (394)
[2017.07.09-17.42.25:810][822]LogModuleManager: Shutting down and abandoning module LocalizationService (393)
[2017.07.09-17.42.25:859][822]LogModuleManager: Shutting down and abandoning module HardwareTargeting (390)
[2017.07.09-17.42.25:859][822]LogModuleManager: Shutting down and abandoning module DeviceProfileEditor (388)
[2017.07.09-17.42.26:173][822]LogModuleManager: Shutting down and abandoning module UndoHistory (386)
[2017.07.09-17.42.26:336][822]LogModuleManager: Shutting down and abandoning module UserFeedback (384)
[2017.07.09-17.42.26:336][822]LogModuleManager: Shutting down and abandoning module XmlParser (382)
[2017.07.09-17.42.26:405][822]LogModuleManager: Shutting down and abandoning module Blutility (380)
[2017.07.09-17.42.26:405][822]LogModuleManager: Shutting down and abandoning module ProjectSettingsViewer (378)
[2017.07.09-17.42.26:405][822]LogModuleManager: Shutting down and abandoning module ProjectTargetPlatformEditor (377)
[2017.07.09-17.42.26:669][822]LogModuleManager: Shutting down and abandoning module EditorSettingsViewer (374)
[2017.07.09-17.42.26:669][822]LogModuleManager: Shutting down and abandoning module SettingsEditor (372)
[2017.07.09-17.42.26:750][822]LogModuleManager: Shutting down and abandoning module ProjectLauncher (370)
[2017.07.09-17.42.26:807][822]LogModuleManager: Shutting down and abandoning module SessionFrontend (368)
[2017.07.09-17.42.26:866][822]LogModuleManager: Shutting down and abandoning module ProfilerClient (366)
[2017.07.09-17.42.27:038][822]LogModuleManager: Shutting down and abandoning module DeviceManager (364)
[2017.07.09-17.42.27:106][822]LogModuleManager: Shutting down and abandoning module TargetDeviceServices (363)
[2017.07.09-17.42.27:192][822]LogModuleManager: Shutting down and abandoning module AutomationController (360)
[2017.07.09-17.42.27:379][822]LogModuleManager: Shutting down and abandoning module AutomationWindow (358)
[2017.07.09-17.42.27:458][822]LogModuleManager: Shutting down and abandoning module Layers (356)
[2017.07.09-17.42.27:762][822]LogModuleManager: Shutting down and abandoning module ComponentVisualizers (354)
[2017.07.09-17.42.27:762][822]LogModuleManager: Shutting down and abandoning module DetailCustomizations (352)
[2017.07.09-17.42.27:851][822]LogModuleManager: Shutting down and abandoning module PackagesDialog (350)
[2017.07.09-17.42.27:851][822]LogModuleManager: Shutting down and abandoning module Persona (348)
[2017.07.09-17.42.27:907][822]LogModuleManager: Shutting down and abandoning module AnimGraph (347)
[2017.07.09-17.42.27:907][822]LogModuleManager: Shutting down and abandoning module Kismet (344)
[2017.07.09-17.42.28:281][822]LogModuleManager: Shutting down and abandoning module GraphEditor (342)
[2017.07.09-17.42.28:548][822]LogModuleManager: Shutting down and abandoning module ClassViewer (340)
[2017.07.09-17.42.28:600][822]LogModuleManager: Shutting down and abandoning module Toolbox (338)
[2017.07.09-17.42.28:648][822]LogModuleManager: Shutting down and abandoning module ModuleUI (336)
[2017.07.09-17.42.28:676][822]LogModuleManager: Shutting down and abandoning module MovieSceneTools (334)
[2017.07.09-17.42.28:830][822]LogModuleManager: Shutting down and abandoning module OutputLog (332)
[2017.07.09-17.42.29:012][822]LogModuleManager: Shutting down and abandoning module GammaUI (330)
[2017.07.09-17.42.29:041][822]LogModuleManager: Shutting down and abandoning module Documentation (328)
[2017.07.09-17.42.29:053][822]LogModuleManager: Shutting down and abandoning module Niagara (326)
[2017.07.09-17.42.29:053][822]LogModuleManager: Shutting down and abandoning module StreamingPauseRendering (324)
[2017.07.09-17.42.29:053][822]LogModuleManager: Shutting down and abandoning module AnalyticsET (322)
[2017.07.09-17.42.29:053][822]LogModuleManager: Shutting down and abandoning module PortalServices (320)
[2017.07.09-17.42.29:053][822]LogModuleManager: Shutting down and abandoning module PortalRpc (318)
[2017.07.09-17.42.29:053][822]LogModuleManager: Shutting down and abandoning module MessagingRpc (316)
[2017.07.09-17.42.29:053][822]LogModuleManager: Shutting down and abandoning module AIModule (314)
[2017.07.09-17.42.29:096][822]LogModuleManager: Shutting down and abandoning module GameplayDebugger (313)
[2017.07.09-17.42.29:119][822]LogModuleManager: Shutting down and abandoning module AITestSuite (311)
[2017.07.09-17.42.29:295][822]LogModuleManager: Shutting down and abandoning module ProfilerService (308)
[2017.07.09-17.42.29:407][822]LogModuleManager: Shutting down and abandoning module TaskGraph (306)
[2017.07.09-17.42.29:571][822]LogModuleManager: Shutting down and abandoning module SteamVRController (304)
[2017.07.09-17.42.29:571][822]LogModuleManager: Shutting down and abandoning module SteamVR (302)
[2017.07.09-17.42.29:571][822]LogModuleManager: Shutting down and abandoning module ProceduralMeshComponentEditor (300)
[2017.07.09-17.42.29:571][822]LogModuleManager: Shutting down and abandoning module ProceduralMeshComponent (298)
[2017.07.09-17.42.29:571][822]LogModuleManager: Shutting down and abandoning module OculusLibrary (296)
[2017.07.09-17.42.29:571][822]LogModuleManager: Shutting down and abandoning module OculusInput (294)
[2017.07.09-17.42.29:571][822]LogModuleManager: Shutting down and abandoning module MobilePatchingUtils (292)
[2017.07.09-17.42.29:610][822]LogModuleManager: Shutting down and abandoning module CustomMeshComponent (290)
[2017.07.09-17.42.29:610][822]LogModuleManager: Shutting down and abandoning module CableComponent (288)
[2017.07.09-17.42.29:618][822]LogModuleManager: Shutting down and abandoning module ArchVisCharacter (286)
[2017.07.09-17.42.29:618][822]LogModuleManager: Shutting down and abandoning module MediaPlayerEditor (282)
[2017.07.09-17.42.29:760][822]LogModuleManager: Shutting down and abandoning module HTML5Networking (280)
[2017.07.09-17.42.29:851][822]LogModuleManager: Shutting down and abandoning module AlembicImporter (278)
[2017.07.09-17.42.29:861][822]LogModuleManager: Shutting down and abandoning module AlembicLibrary (277)
[2017.07.09-17.42.29:907][822]LogModuleManager: Shutting down and abandoning module GeometryCache (276)
[2017.07.09-17.42.29:907][822]LogModuleManager: Shutting down and abandoning module GeometryCacheEd (275)
[2017.07.09-17.42.29:907][822]LogModuleManager: Shutting down and abandoning module SuperSearchEditor (270)
[2017.07.09-17.42.29:907][822]LogModuleManager: Shutting down and abandoning module SuperSearch (269)
[2017.07.09-17.42.29:907][822]LogModuleManager: Shutting down and abandoning module SpeedTreeImporter (266)
[2017.07.09-17.42.29:907][822]LogModuleManager: Shutting down and abandoning module PluginBrowser (264)
[2017.07.09-17.42.30:101][822]LogModuleManager: Shutting down and abandoning module MobileLauncherProfileWizard (262)
[2017.07.09-17.42.30:167][822]LogModuleManager: Shutting down and abandoning module EpicSurvey (260)
[2017.07.09-17.42.30:250][822]LogModuleManager: Shutting down and abandoning module VisualStudioSourceCodeAccess (258)
[2017.07.09-17.42.30:349][822]LogModuleManager: Shutting down and abandoning module DesktopPlatform (257)
[2017.07.09-17.42.30:432][822]LogModuleManager: Shutting down and abandoning module UObjectPlugin (254)
[2017.07.09-17.42.30:432][822]LogModuleManager: Shutting down and abandoning module SubversionSourceControl (252)
[2017.07.09-17.42.30:482][822]LogModuleManager: Shutting down and abandoning module PerforceSourceControl (250)
[2017.07.09-17.42.30:592][822]LogModuleManager: Shutting down and abandoning module GitSourceControl (248)
[2017.07.09-17.42.30:846][822]LogModuleManager: Shutting down and abandoning module SourceControl (247)
[2017.07.09-17.42.30:880][822]LogModuleManager: Shutting down and abandoning module LightPropagationVolumeEditor (244)
[2017.07.09-17.42.30:893][822]LogModuleManager: Shutting down and abandoning module PaperTiledImporter (242)
[2017.07.09-17.42.30:893][822]LogModuleManager: Shutting down and abandoning module PaperSpriteSheetImporter (240)
[2017.07.09-17.42.30:893][822]LogModuleManager: Shutting down and abandoning module Paper2DEditor (238)
[2017.07.09-17.42.30:964][822]LogModuleManager: Shutting down and abandoning module MeshPaint (237)
[2017.07.09-17.42.30:964][822]LogModuleManager: Shutting down and abandoning module LevelEditor (235)
[2017.07.09-17.42.31:035][822]LogModuleManager: Shutting down and abandoning module PixelInspectorModule (234)
[2017.07.09-17.42.31:114][822]LogModuleManager: Shutting down and abandoning module MainFrame (232)
[2017.07.09-17.42.31:114][822]LogModuleManager: Shutting down and abandoning module HotReload (231)
[2017.07.09-17.42.31:130][822]LogDirectoryWatcher: A directory notification for 'C:/Users/Uses/Desktop/FYP/FYP_DumbTesting/Meeting/Binaries/Win64' was aborted.
[2017.07.09-17.42.31:504][822]LogModuleManager: Shutting down and abandoning module ContentBrowser (227)
[2017.07.09-17.42.31:524][822]LogModuleManager: Shutting down and abandoning module Meeting (224)
[2017.07.09-17.42.31:558][822]LogModuleManager: Shutting down and abandoning module PhysXVehiclesEditor (222)
[2017.07.09-17.42.31:567][822]LogModuleManager: Shutting down and abandoning module PhysXVehicles (220)
[2017.07.09-17.42.31:567][822]LogModuleManager: Shutting down and abandoning module LocationServicesBPLibrary (218)
[2017.07.09-17.42.31:567][822]LogModuleManager: Shutting down and abandoning module UdpMessaging (216)
[2017.07.09-17.42.31:667][822]LogModuleManager: Shutting down and abandoning module TcpMessaging (214)
[2017.07.09-17.42.31:767][822]LogModuleManager: Shutting down and abandoning module GameplayTagsEditor (212)
[2017.07.09-17.42.31:848][822]LogModuleManager: Shutting down and abandoning module FacialAnimationEditor (210)
[2017.07.09-17.42.31:884][822]LogModuleManager: Shutting down and abandoning module FacialAnimation (208)
[2017.07.09-17.42.31:884][822]LogModuleManager: Shutting down and abandoning module LightPropagationVolumeRuntime (206)
[2017.07.09-17.42.31:884][822]LogModuleManager: Shutting down and abandoning module Paper2D (204)
[2017.07.09-17.42.31:922][822]LogModuleManager: Shutting down and abandoning module WindowsMoviePlayer (202)
[2017.07.09-17.42.31:976][822]LogModuleManager: Shutting down and abandoning module WmfMedia (200)
[2017.07.09-17.42.32:119][822]LogModuleManager: Shutting down and abandoning module MfMedia (198)
[2017.07.09-17.42.32:119][822]LogModuleManager: Shutting down and abandoning module MediaAssets (196)
[2017.07.09-17.42.32:119][822]LogModuleManager: Shutting down and abandoning module GameLiveStreaming (194)
[2017.07.09-17.42.32:226][822]LogModuleManager: Shutting down and abandoning module VREditor (192)
[2017.07.09-17.42.32:250][822]LogModuleManager: Shutting down and abandoning module GameplayTasksEditor (190)
[2017.07.09-17.42.32:250][822]LogModuleManager: Shutting down and abandoning module BehaviorTreeEditor (188)
[2017.07.09-17.42.32:369][822]LogModuleManager: Shutting down and abandoning module FunctionalTesting (186)
[2017.07.09-17.42.32:369][822]LogModuleManager: Shutting down and abandoning module CollisionAnalyzer (184)
[2017.07.09-17.42.32:521][822]LogModuleManager: Shutting down and abandoning module UMG (182)
[2017.07.09-17.42.32:586][822]LogModuleManager: Shutting down and abandoning module UMGEditor (181)
[2017.07.09-17.42.32:835][822]LogModuleManager: Shutting down and abandoning module Sequencer (180)
[2017.07.09-17.42.33:052][822]LogModuleManager: Shutting down and abandoning module AssetTools (178)
[2017.07.09-17.42.33:339][822]LogModuleManager: Shutting down and abandoning module MessageLog (177)
[2017.07.09-17.42.33:431][822]LogModuleManager: Shutting down and abandoning module WorkspaceMenuStructure (176)
[2017.07.09-17.42.33:673][822]LogModuleManager: Shutting down and abandoning module SlateReflector (170)
[2017.07.09-17.42.33:753][822]LogModuleManager: Shutting down and abandoning module Slate (168)
[2017.07.09-17.42.33:753][822]LogModuleManager: Shutting down and abandoning module EditorStyle (166)
[2017.07.09-17.42.34:544][822]LogModuleManager: Shutting down and abandoning module SourceCodeAccess (164)
[2017.07.09-17.42.34:570][822]LogModuleManager: Shutting down and abandoning module HeadMountedDisplay (162)
[2017.07.09-17.42.34:570][822]LogModuleManager: Shutting down and abandoning module XAudio2 (160)
[2017.07.09-17.42.34:570][822]LogModuleManager: Shutting down and abandoning module Networking (158)
[2017.07.09-17.42.34:570][822]LogModuleManager: Shutting down and abandoning module Core (154)
[2017.07.09-17.42.34:570][822]LogModuleManager: Shutting down and abandoning module AssetRegistry (152)
[2017.07.09-17.42.36:005][822]LogDirectoryWatcher: A directory notification for '../../../Engine/Content/' was aborted.
[2017.07.09-17.42.36:005][822]LogDirectoryWatcher: A directory notification for '../../../../../../Users/Uses/Desktop/FYP/FYP_DumbTesting/Meeting/Content/' was aborted.
[2017.07.09-17.42.36:005][822]LogDirectoryWatcher: A directory notification for '../../../Engine/Plugins/2D/Paper2D/Content/' was aborted.
[2017.07.09-17.42.36:005][822]LogModuleManager: Shutting down and abandoning module DirectoryWatcher (151)
[2017.07.09-17.42.36:010][822]LogModuleManager: Shutting down and abandoning module KismetCompiler (148)
[2017.07.09-17.42.36:010][822]LogModuleManager: Shutting down and abandoning module PhysXFormats (146)
[2017.07.09-17.42.36:117][822]LogModuleManager: Shutting down and abandoning module MeshUtilities (144)
[2017.07.09-17.42.36:224][822]LogModuleManager: Shutting down and abandoning module SimplygonSwarm (143)
[2017.07.09-17.42.36:355][822]LogModuleManager: Shutting down and abandoning module SimplygonMeshReduction (141)
[2017.07.09-17.42.36:401][822]LogModuleManager: Shutting down and abandoning module QuadricMeshReduction (139)
[2017.07.09-17.42.36:422][822]LogModuleManager: Shutting down and abandoning module PropertyEditor (137)
[2017.07.09-17.42.36:576][822]LogModuleManager: Shutting down and abandoning module DerivedDataCache (134)
[2017.07.09-17.42.36:629][822]LogDerivedDataCache: Shutdown
[2017.07.09-17.42.36:629][822]LogModuleManager: Shutting down and abandoning module TargetPlatform (132)
[2017.07.09-17.42.36:727][822]LogModuleManager: Shutting down and abandoning module VulkanShaderFormat (131)
[2017.07.09-17.42.36:756][822]LogModuleManager: Shutting down and abandoning module ShaderFormatOpenGL (129)
[2017.07.09-17.42.36:798][822]LogModuleManager: Shutting down and abandoning module ShaderFormatD3D (127)
[2017.07.09-17.42.36:946][822]LogModuleManager: Shutting down and abandoning module MetalShaderFormat (125)
[2017.07.09-17.42.37:001][822]LogModuleManager: Shutting down and abandoning module TextureFormatUncompressed (123)
[2017.07.09-17.42.37:001][822]LogModuleManager: Shutting down and abandoning module TextureFormatPVR (121)
[2017.07.09-17.42.37:001][822]LogModuleManager: Shutting down and abandoning module TextureFormatDXT (119)
[2017.07.09-17.42.37:001][822]LogModuleManager: Shutting down and abandoning module TextureFormatIntelISPCTexComp (117)
[2017.07.09-17.42.37:282][822]LogModuleManager: Shutting down and abandoning module TextureFormatASTC (115)
[2017.07.09-17.42.37:282][822]LogModuleManager: Shutting down and abandoning module ImageWrapper (114)
[2017.07.09-17.42.37:282][822]LogModuleManager: Shutting down and abandoning module TextureFormatAndroid (111)
[2017.07.09-17.42.37:282][822]LogModuleManager: Shutting down and abandoning module AudioFormatOpus (109)
[2017.07.09-17.42.37:282][822]LogModuleManager: Shutting down and abandoning module AudioFormatOgg (107)
[2017.07.09-17.42.37:282][822]LogModuleManager: Shutting down and abandoning module AudioFormatADPCM (105)
[2017.07.09-17.42.37:282][822]LogModuleManager: Shutting down and abandoning module LinuxTargetPlatform (103)
[2017.07.09-17.42.37:326][822]LogModuleManager: Shutting down and abandoning module LinuxServerTargetPlatform (101)
[2017.07.09-17.42.37:326][822]LogModuleManager: Shutting down and abandoning module LinuxNoEditorTargetPlatform (99)
[2017.07.09-17.42.37:326][822]LogModuleManager: Shutting down and abandoning module LinuxClientTargetPlatform (97)
[2017.07.09-17.42.37:326][822]LogModuleManager: Shutting down and abandoning module TVOSTargetPlatform (95)
[2017.07.09-17.42.37:326][822]LogModuleManager: Shutting down and abandoning module Messaging (93)
[2017.07.09-17.42.37:326][822]LogModuleManager: Shutting down and abandoning module IOSTargetPlatform (91)
[2017.07.09-17.42.37:327][822]LogModuleManager: Shutting down and abandoning module HTML5TargetPlatform (89)
[2017.07.09-17.42.37:341][822]LogModuleManager: Shutting down and abandoning module Android_PVRTCTargetPlatform (87)
[2017.07.09-17.42.37:342][822]LogModuleManager: Shutting down and abandoning module Android_MultiTargetPlatform (85)
[2017.07.09-17.42.37:342][822]LogModuleManager: Shutting down and abandoning module Android_ETC2TargetPlatform (83)
[2017.07.09-17.42.37:342][822]LogModuleManager: Shutting down and abandoning module Android_ETC1TargetPlatform (81)
[2017.07.09-17.42.37:342][822]LogModuleManager: Shutting down and abandoning module Android_DXTTargetPlatform (79)
[2017.07.09-17.42.37:342][822]LogModuleManager: Shutting down and abandoning module Android_ATCTargetPlatform (77)
[2017.07.09-17.42.37:342][822]LogModuleManager: Shutting down and abandoning module Android_ASTCTargetPlatform (75)
[2017.07.09-17.42.37:394][822]LogModuleManager: Shutting down and abandoning module AndroidTargetPlatform (73)
[2017.07.09-17.42.37:436][822]LogModuleManager: Shutting down and abandoning module WindowsTargetPlatform (71)
[2017.07.09-17.42.37:533][822]LogModuleManager: Shutting down and abandoning module WindowsServerTargetPlatform (69)
[2017.07.09-17.42.37:557][822]LogModuleManager: Shutting down and abandoning module WindowsNoEditorTargetPlatform (67)
[2017.07.09-17.42.37:647][822]LogModuleManager: Shutting down and abandoning module WindowsClientTargetPlatform (65)
[2017.07.09-17.42.37:712][822]LogModuleManager: Shutting down and abandoning module MacTargetPlatform (63)
[2017.07.09-17.42.37:712][822]LogModuleManager: Shutting down and abandoning module MacServerTargetPlatform (61)
[2017.07.09-17.42.37:778][822]LogModuleManager: Shutting down and abandoning module MacNoEditorTargetPlatform (59)
[2017.07.09-17.42.37:877][822]LogModuleManager: Shutting down and abandoning module MacClientTargetPlatform (57)
[2017.07.09-17.42.37:940][822]LogModuleManager: Shutting down and abandoning module AllDesktopTargetPlatform (55)
[2017.07.09-17.42.37:940][822]LogModuleManager: Shutting down and abandoning module InputCore (52)
[2017.07.09-17.42.37:940][822]LogModuleManager: Shutting down and abandoning module Settings (50)
[2017.07.09-17.42.37:940][822]LogModuleManager: Shutting down and abandoning module OculusRift (48)
[2017.07.09-17.42.38:034][822]LogModuleManager: Shutting down and abandoning module GearVR (46)
[2017.07.09-17.42.38:034][822]LogModuleManager: Shutting down and abandoning module ExampleDeviceProfileSelector (44)
[2017.07.09-17.42.38:034][822]LogModuleManager: Shutting down and abandoning module OnlineBlueprintSupport (42)
[2017.07.09-17.42.38:034][822]LogModuleManager: Shutting down and abandoning module OnlineSubsystem (38)
[2017.07.09-17.42.38:034][822]LogOnline:Display: Unloading online subsystem: NULL
[2017.07.09-17.42.38:242][822]LogModuleManager: Shutting down and abandoning module XMPP (37)
[2017.07.09-17.42.38:441][822]LogModuleManager: Shutting down and abandoning module HTTP (35)
[2017.07.09-17.42.38:491][822]LogHttp:Display: Http module shutting down, but needs to wait on 1 outstanding Http requests:
[2017.07.09-17.42.38:491][822]LogHttp:Display: 	verb=[POST] url=[https://datarouter.ol.epicgames.com/datarouter/api/v1/public/data?SessionID=%7B138680AE-4424-DF8C-757E-24955DEE096B%7D&AppID=UEEditor.Rocket.Release&AppVersion=4.15.3-3450819%2B%2B%2BUE4%2BRelease-4.15&UserID=ff5c9ed64219dcba232116aaa96ada53%7C658f3e819b6947628c70988c832621f1%7Cf581c966-c11e-46b0-983f-6267ea7ead98&AppEnvironment=datacollector-binary&UploadType=eteventstream] status=Processing
[2017.07.09-17.42.38:532][822]LogModuleManager: Shutting down and abandoning module SSL (34)
[2017.07.09-17.42.38:737][822]LogModuleManager: Shutting down and abandoning module AudioEditor (30)
[2017.07.09-17.42.38:881][822]LogModuleManager: Shutting down and abandoning module TextureCompressor (28)
[2017.07.09-17.42.38:930][822]LogModuleManager: Shutting down and abandoning module ShaderCore (26)
[2017.07.09-17.42.38:948][822]LogModuleManager: Shutting down and abandoning module Landscape (24)
[2017.07.09-17.42.39:077][822]LogModuleManager: Shutting down and abandoning module SlateRHIRenderer (22)
[2017.07.09-17.42.39:574][822]LogModuleManager: Shutting down and abandoning module OpenGLDrv (20)
[2017.07.09-17.42.39:603][822]LogModuleManager: Shutting down and abandoning module D3D11RHI (18)
[2017.07.09-17.42.39:603][822]LogModuleManager: Shutting down and abandoning module AnimGraphRuntime (16)
[2017.07.09-17.42.39:619][822]LogModuleManager: Shutting down and abandoning module Renderer (14)
[2017.07.09-17.42.39:619][822]LogModuleManager: Shutting down and abandoning module Engine (12)
[2017.07.09-17.42.39:619][822]LogModuleManager: Shutting down and abandoning module CoreUObject (10)
[2017.07.09-17.42.39:619][822]LogModuleManager: Shutting down and abandoning module NetworkFile (8)
[2017.07.09-17.42.39:780][822]LogModuleManager: Shutting down and abandoning module StreamingFile (6)
[2017.07.09-17.42.39:804][822]LogModuleManager: Shutting down and abandoning module SandboxFile (4)
[2017.07.09-17.42.39:838][822]LogModuleManager: Shutting down and abandoning module PakFile (2)
[2017.07.09-17.42.40:071][822]LogExit: Exiting.
[2017.07.09-17.42.40:793][822]Log file closed, 07/10/17 01:42:40
