Log file open, 08/06/17 02:12:46
LogInit:Display: Running engine for game: Meeting
LogPlatformFile: Not using cached read wrapper
LogInit:Display: RandInit(-2106099995) SRandInit(-2106099995).
LogTaskGraph: Started task graph with 5 named threads and 8 total threads with 1 sets of task threads.
LogStats: Stats thread started at 0.119013
LogInit: Using libcurl 7.47.1
LogInit:  - built for x86_64-pc-win32
LogInit:  - supports SSL with OpenSSL/1.0.2g
LogInit:  - supports HTTP deflate (compression) using libz 1.2.8
LogInit:  - other features:
LogInit:      CURL_VERSION_SSL
LogInit:      CURL_VERSION_LIBZ
LogInit:      CURL_VERSION_IPV6
LogInit:      CURL_VERSION_ASYNCHDNS
LogInit:      CURL_VERSION_LARGEFILE
LogInit:      CURL_VERSION_IDN
LogInit:  CurlRequestOptions (configurable via config and command line):
LogInit:  - bVerifyPeer = false  - Libcurl will NOT verify peer certificate
LogInit:  - bUseHttpProxy = false  - Libcurl will NOT use HTTP proxy
LogInit:  - bDontReuseConnections = false  - Libcurl will reuse connections
LogInit:  - CertBundlePath = nullptr  - Libcurl will use whatever was configured at build time.
LogInit: Build: ++UE4+Release-4.15-CL-3450819
LogInit: Engine Version: 4.15.3-3450819+++UE4+Release-4.15
LogInit: Compatible Engine Version: 4.15.0-3299760+++UE4+Release-4.15
LogInit: Net CL: 3299760
LogDevObjectVersion: Number of dev versions registered: 14
LogDevObjectVersion:   Dev-Blueprints (B0D832E4-1F89-4F0D-ACCF-7EB736FD4AA2): 8
LogDevObjectVersion:   Dev-Build (E1C64328-A22C-4D53-A36C-8E866417BD8C): 0
LogDevObjectVersion:   Dev-Core (375EC13C-06E4-48FB-B500-84F0262A717E): 2
LogDevObjectVersion:   Dev-Editor (E4B068ED-F494-42E9-A231-DA0B2E46BB41): 14
LogDevObjectVersion:   Dev-Framework (CFFC743F-43B0-4480-9391-14DF171D2073): 22
LogDevObjectVersion:   Dev-Mobile (B02B49B5-BB20-44E9-A304-32B752E40360): 0
LogDevObjectVersion:   Dev-Networking (A4E4105C-59A1-49B5-A7C5-40C4547EDFEE): 0
LogDevObjectVersion:   Dev-Online (39C831C9-5AE6-47DC-9A44-9C173E1C8E7C): 0
LogDevObjectVersion:   Dev-Physics (78F01B33-EBEA-4F98-B9B4-84EACCB95AA2): 0
LogDevObjectVersion:   Dev-Platform (6631380F-2D4D-43E0-8009-CF276956A95A): 0
LogDevObjectVersion:   Dev-Rendering (12F88B9F-8875-4AFC-A67C-D90C383ABD29): 12
LogDevObjectVersion:   Dev-Sequencer (7B5AE74C-D270-4C10-A958-57980B212A5A): 3
LogDevObjectVersion:   Dev-VR (D7296918-1DD6-4BDD-9DE2-64A83CC13884): 0
LogDevObjectVersion:   Dev-LoadTimes (C2A15278-BFE7-4AFE-6C17-90FF531DF755): 1
LogInit: Compiled (64-bit): May 21 2017 11:02:34
LogInit: Compiled with Visual C++: 19.00.23026.00
LogInit: Build Configuration: Development
LogInit: Branch Name: ++UE4+Release-4.15
LogInit: Command line:  
LogInit: Base directory: D:/UE_4.15/Engine/Binaries/Win64/
LogInit: Installed Engine Build: 1
LogInit: Presizing for max 8388607 objects, including 0 objects not considered by GC, pre-allocating 0 bytes for permanent pool.
LogInit: Object subsystem initialized
[2017.08.05-18.12.47:280][  0]LogInit: Selected Device Profile: [Windows]
[2017.08.05-18.12.47:280][  0]LogInit: Applying CVar settings loaded from the selected device profile: [Windows]
[2017.08.05-18.12.47:337][  0]LogInit: Computer: ASUS
[2017.08.05-18.12.47:337][  0]LogInit: User: User
[2017.08.05-18.12.47:337][  0]LogInit: CPU Page size=65536, Cores=4
[2017.08.05-18.12.47:337][  0]LogInit: High frequency timer resolution =2.338345 MHz
[2017.08.05-18.12.47:337][  0]LogMemory: Memory total: Physical=7.9GB (8GB approx)
[2017.08.05-18.12.47:337][  0]LogMemory: Platform Memory Stats for Windows
[2017.08.05-18.12.47:337][  0]LogMemory: Process Physical Memory: 264.55 MB used, 264.55 MB peak
[2017.08.05-18.12.47:337][  0]LogMemory: Process Virtual Memory: 271.50 MB used, 271.50 MB peak
[2017.08.05-18.12.47:337][  0]LogMemory: Physical Memory: 3886.51 MB used,  4222.97 MB free, 8109.48 MB total
[2017.08.05-18.12.47:337][  0]LogMemory: Virtual Memory: 655.04 MB used,  4222.97 MB free, 134217728.00 MB total
[2017.08.05-18.12.47:663][  0]LogTextLocalizationManager: No specific translations for ('en-US') exist, so ('en') translations will be used.
[2017.08.05-18.12.50:148][  0]LogD3D11RHI: D3D11 adapters:
[2017.08.05-18.12.50:202][  0]LogD3D11RHI:    0. 'NVIDIA GeForce GTX 770M' (Feature Level 11_0)
[2017.08.05-18.12.50:202][  0]LogD3D11RHI:       3039/0/4054 MB DedicatedVideo/DedicatedSystem/SharedSystem, Outputs:1, VendorId:0x10de
[2017.08.05-18.12.50:203][  0]LogD3D11RHI:    1. 'Microsoft Basic Render Driver' (Feature Level 11_0)
[2017.08.05-18.12.50:203][  0]LogD3D11RHI:       0/0/4054 MB DedicatedVideo/DedicatedSystem/SharedSystem, Outputs:0, VendorId:0x1414
[2017.08.05-18.12.50:203][  0]LogD3D11RHI: Chosen D3D11 Adapter: 0
[2017.08.05-18.12.50:206][  0]LogD3D11RHI: Creating new Direct3DDevice
[2017.08.05-18.12.50:206][  0]LogD3D11RHI:     GPU DeviceId: 0x11e0 (for the marketing name, search the web for "GPU Device Id")
[2017.08.05-18.12.50:206][  0]LogWindows: EnumDisplayDevices:
[2017.08.05-18.12.50:206][  0]LogWindows:    0. 'NVIDIA GeForce GTX 770M' (P:1 D:1)
[2017.08.05-18.12.50:207][  0]LogWindows:    1. 'NVIDIA GeForce GTX 770M' (P:0 D:0)
[2017.08.05-18.12.50:207][  0]LogWindows:    2. 'NVIDIA GeForce GTX 770M' (P:0 D:0)
[2017.08.05-18.12.50:207][  0]LogWindows:    3. 'NVIDIA GeForce GTX 770M' (P:0 D:0)
[2017.08.05-18.12.50:207][  0]LogWindows: DebugString: FoundDriverCount:4 
[2017.08.05-18.12.50:207][  0]LogD3D11RHI:     Adapter Name: NVIDIA GeForce GTX 770M
[2017.08.05-18.12.50:207][  0]LogD3D11RHI:   Driver Version: 375.63 (internal:21.21.13.7563, unified:375.63)
[2017.08.05-18.12.50:207][  0]LogD3D11RHI:      Driver Date: 10-21-2016
[2017.08.05-18.12.50:207][  0]LogRHI: Texture pool is 1361 MB (70% of 1945 MB)
[2017.08.05-18.12.50:221][  0]LogD3D11RHI:Warning: Timestamp queries are currently disabled on this hardware due to instability. Realtime GPU stats will not be available. You can override this behaviour by setting r.NVIDIATimestampWorkaround to 0
[2017.08.05-18.12.50:221][  0]LogD3D11RHI: Async texture creation enabled
[2017.08.05-18.12.50:237][  0]LogD3D11RHI: GPU Timing Frequency: 1000.000000 (Debug: 2 2)
[2017.08.05-18.12.50:238][  0]LogShaderCompilers: Guid format shader working directory is -14 characters bigger than the processId version (C:/Users/User/Desktop/Unreal/GitHub/FYP_DumbTesting/Meeting/Intermediate/Shaders/WorkingDirectory/3276/).
[2017.08.05-18.12.50:238][  0]LogShaderCompilers: Cleaned the shader compiler working directory 'C:/Users/User/AppData/Local/Temp/UnrealShaderWorkingDir/2EF2927744BFDE2CB52B64B1B94DD49A/'.
[2017.08.05-18.12.50:238][  0]LogShaderCompilers:Display: Using Local Shader Compiler.
[2017.08.05-18.12.56:254][  0]LogTemp:Display: Loaded TP AllDesktopTargetPlatform
[2017.08.05-18.12.56:300][  0]LogTemp:Display: Loaded TP MacClientTargetPlatform
[2017.08.05-18.12.56:344][  0]LogTemp:Display: Loaded TP MacNoEditorTargetPlatform
[2017.08.05-18.12.56:388][  0]LogTemp:Display: Loaded TP MacServerTargetPlatform
[2017.08.05-18.12.56:484][  0]LogTemp:Display: Loaded TP MacTargetPlatform
[2017.08.05-18.12.56:529][  0]LogTemp:Display: Loaded TP WindowsClientTargetPlatform
[2017.08.05-18.12.56:574][  0]LogTemp:Display: Loaded TP WindowsNoEditorTargetPlatform
[2017.08.05-18.12.56:617][  0]LogTemp:Display: Loaded TP WindowsServerTargetPlatform
[2017.08.05-18.12.56:650][  0]LogTemp:Display: Loaded TP WindowsTargetPlatform
[2017.08.05-18.12.56:713][  0]LogTemp:Display: Loaded TP AndroidTargetPlatform
[2017.08.05-18.12.56:756][  0]LogTemp:Display: Loaded TP Android_ASTCTargetPlatform
[2017.08.05-18.12.56:799][  0]LogTemp:Display: Loaded TP Android_ATCTargetPlatform
[2017.08.05-18.12.56:858][  0]LogTemp:Display: Loaded TP Android_DXTTargetPlatform
[2017.08.05-18.12.56:901][  0]LogTemp:Display: Loaded TP Android_ETC1TargetPlatform
[2017.08.05-18.12.56:949][  0]LogTemp:Display: Loaded TP Android_ETC2TargetPlatform
[2017.08.05-18.12.57:035][  0]LogTemp:Display: Loaded TP Android_MultiTargetPlatform
[2017.08.05-18.12.57:035][  0]LogTemp:Display: Loaded TP Android_PVRTCTargetPlatform
[2017.08.05-18.12.57:100][  0]LogTemp:Display: Loaded TP HTML5TargetPlatform
[2017.08.05-18.12.57:221][  0]LogTemp:Display: Loaded TP IOSTargetPlatform
[2017.08.05-18.12.57:250][  0]LogTemp:Display: Loaded TP TVOSTargetPlatform
[2017.08.05-18.12.57:293][  0]LogTemp:Display: Loaded TP LinuxClientTargetPlatform
[2017.08.05-18.12.57:337][  0]LogTemp:Display: Loaded TP LinuxNoEditorTargetPlatform
[2017.08.05-18.12.57:379][  0]LogTemp:Display: Loaded TP LinuxServerTargetPlatform
[2017.08.05-18.12.57:426][  0]LogTemp:Display: Loaded TP LinuxTargetPlatform
[2017.08.05-18.12.57:426][  0]LogTargetPlatformManager:Display: Building Assets For Windows
[2017.08.05-18.12.58:087][  0]LogDerivedDataCache:Display: Max Cache Size: 512 MB
[2017.08.05-18.12.58:746][  0]LogDerivedDataCache: Loaded boot cache 0.66s 50MB C:/Users/User/AppData/Local/UnrealEngine/4.15/DerivedDataCache/Boot.ddc.
[2017.08.05-18.12.58:746][  0]LogDerivedDataCache:Display: Loaded Boot cache: C:/Users/User/AppData/Local/UnrealEngine/4.15/DerivedDataCache/Boot.ddc
[2017.08.05-18.12.58:746][  0]LogDerivedDataCache: FDerivedDataBackendGraph:  Pak pak cache file C:/Users/User/Desktop/Unreal/GitHub/FYP_DumbTesting/Meeting/DerivedDataCache/DDC.ddp not found, will not use a pak cache.
[2017.08.05-18.12.58:746][  0]LogDerivedDataCache: Unable to find inner node Pak for hierarchical cache Hierarchy.
[2017.08.05-18.12.58:746][  0]LogDerivedDataCache: FDerivedDataBackendGraph:  CompressedPak pak cache file C:/Users/User/Desktop/Unreal/GitHub/FYP_DumbTesting/Meeting/DerivedDataCache/Compressed.ddp not found, will not use a pak cache.
[2017.08.05-18.12.58:746][  0]LogDerivedDataCache: Unable to find inner node CompressedPak for hierarchical cache Hierarchy.
[2017.08.05-18.12.58:783][  0]LogDerivedDataCache:Display: Pak cache opened for reading ../../../Engine/DerivedDataCache/Compressed.ddp.
[2017.08.05-18.12.58:795][  0]LogDerivedDataCache: Using Local data cache path C:/Users/User/AppData/Local/UnrealEngine/Common/DerivedDataCache: Writable
[2017.08.05-18.12.58:804][  0]LogSlate: Using Freetype 2.6.0
[2017.08.05-18.12.58:804][  0]LogSlate: SlateFontCache - WITH_FREETYPE: 1, WITH_HARFBUZZ: 1
[2017.08.05-18.12.58:804][  0]LogSlate: SlateFontCache - WITH_FREETYPE: 1, WITH_HARFBUZZ: 1
[2017.08.05-18.13.02:367][  0]LogInit: Selected Device Profile: [Windows]
[2017.08.05-18.13.02:369][  0]LogContentStreaming: Texture pool size is 0.00 MB
[2017.08.05-18.13.02:578][  0]LogMeshUtilities: Using QuadricMeshReduction for automatic static mesh reduction
[2017.08.05-18.13.02:632][  0]LogSimplygon: Simplygon DLL not present - disabling.
[2017.08.05-18.13.02:682][  0]LogMeshUtilities: Using SimplygonSwarm for distributed automatic mesh merging
[2017.08.05-18.13.02:682][  0]LogMeshUtilities: No automatic skeletal mesh reduction module available
[2017.08.05-18.13.02:682][  0]LogMeshUtilities: No automatic mesh merging module available
[2017.08.05-18.13.03:270][  0]LogNetVersion: GetLocalNetworkVersion: CL: 3299760, ProjectName: meeting, ProjectVersion: , EngineNetworkVersion: 2, GameNetworkVersion: 0, NetworkChecksum: 116300604
[2017.08.05-18.13.03:355][  0]LogAssetRegistry: FAssetRegistry took 0.0225 seconds to start up
[2017.08.05-18.13.03:467][  0]LogPackageLocalizationCache: Processed 3 localized package path(s) for 2 prioritized culture(s) in 0.098432 seconds
[2017.08.05-18.13.03:473][  0]LogUObjectArray: 32493 objects as part of root set at end of initial load.
[2017.08.05-18.13.03:473][  0]LogUObjectAllocator: 7077032 out of 0 bytes used by permanent object pool.
[2017.08.05-18.13.03:473][  0]LogUObjectArray: CloseDisregardForGC: 0/0 objects in disregard for GC pool
[2017.08.05-18.13.03:515][  0]LogInit: WinSock: version 1.1 (2.2), MaxSocks=32767, MaxUdp=65467
[2017.08.05-18.13.15:351][  0]LogTcpMessaging: Initializing TcpMessaging bridge
[2017.08.05-18.13.15:399][  0]LogUdpMessaging: Initializing bridge on interface 0.0.0.0:0 to multicast group 230.0.0.1:6666.
[2017.08.05-18.13.16:108][  0]LogMaterial: Uniform references updated for custom material expression Custom.
[2017.08.05-18.13.16:492][  0]SourceControl: Info Source control is disabled
[2017.08.05-18.13.17:234][  0]SourceControl: Info Source control is disabled
[2017.08.05-18.13.17:315][  0]SourceControl: Info Source control is disabled
[2017.08.05-18.13.17:384][  0]SourceControl: Info Source control is disabled
[2017.08.05-18.13.19:130][  0]LogEngine: Initializing Engine...
[2017.08.05-18.13.19:224][  0]LogHMD: Failed to initialize OpenVR with code 100
[2017.08.05-18.13.19:325][  0]LogStats: UGameplayTagsManager::ConstructGameplayTagTree: Construct from data asset -  0.000 s
[2017.08.05-18.13.19:325][  0]LogStats: UGameplayTagsManager::ConstructGameplayTagTree: GameplayTagTreeChangedEvent.Broadcast -  0.000 s
[2017.08.05-18.13.19:438][  0]LogAIModule: Creating AISystem for world Untitled
[2017.08.05-18.13.19:481][  0]LogInit: XAudio2 using 'Speakers (Realtek High Definition Audio)' : 2 channels at 48 kHz using 32 bits per sample (channel mask 0x3)
[2017.08.05-18.13.19:765][  0]LogInit: FAudioDevice initialized.
[2017.08.05-18.13.19:790][  0]LogDerivedDataCache: Saved boot cache 0.02s 50MB C:/Users/User/AppData/Local/UnrealEngine/4.15/DerivedDataCache/Boot.ddc.
[2017.08.05-18.13.19:798][  0]LogInit: Texture streaming: Enabled
[2017.08.05-18.13.20:114][  0]LogEngineSessionManager: EngineSessionManager initialized
[2017.08.05-18.13.20:222][  0]LogEngineSessionManager: EngineSessionManager sent abnormal shutdown report. Type=Crashed, SessionId={4D2BCDDD-4D9A-02CE-538F-CE90020BF256}
[2017.08.05-18.13.20:355][  0]LogInit: Transaction tracking system initialized
[2017.08.05-18.13.20:777][  0]BlueprintLog: New page: Editor Load
[2017.08.05-18.13.21:994][  0]LocalizationService: Info Localization service is disabled
[2017.08.05-18.13.23:028][  0]LogConsoleResponse:Display: 
[2017.08.05-18.13.23:894][  0]LogCook:Display: Max memory allowance for cook 16384mb min free memory 0mb
[2017.08.05-18.13.23:894][  0]LogCook:Display: Mobile HDR setting 1
[2017.08.05-18.13.24:943][  0]LogFileCache: Scanning file cache for directory 'C:/Users/User/Desktop/Unreal/GitHub/FYP_DumbTesting/Meeting/Content/' took 0.02s
[2017.08.05-18.13.26:060][  0]SourceControl: Info Source control is disabled
[2017.08.05-18.13.26:060][  0]Cmd: MAP LOAD FILE="C:/Users/User/Desktop/Unreal/GitHub/FYP_DumbTesting/Meeting/Content/ThirdPersonBP/Maps/MockUp_Map.umap" TEMPLATE=0 SHOWPROGRESS=1 FEATURELEVEL=3
[2017.08.05-18.13.26:061][  0]LightingResults: New page: Lighting Build
[2017.08.05-18.13.26:092][  0]MapCheck: New page: Map Check
[2017.08.05-18.13.26:092][  0]LightingResults: New page: Lighting Build
[2017.08.05-18.13.26:853][  0]LogBlueprint:Warning: [Compiler ThirdPersonCharacter] Warning InputAction Event references unknown Action 'ResetVR' for  InputAction ResetVR
[2017.08.05-18.13.26:853][  0]LogBlueprint:Warning: [Compiler ThirdPersonCharacter] Warning Input Axis Event references unknown Axis 'LookUpRate' for  InputAxis LookUpRate
[2017.08.05-18.13.26:853][  0]LogBlueprint:Warning: [Compiler ThirdPersonCharacter] Warning Input Axis Event references unknown Axis 'TurnRate' for  InputAxis TurnRate
[2017.08.05-18.13.26:853][  0]LogBlueprint:Warning: [Compiler ThirdPersonCharacter] Warning InputAction Event references unknown Action 'Jump' for  InputAction Jump
[2017.08.05-18.13.26:854][  0]LogBlueprint:Warning: [Compiler ThirdPersonCharacter] Warning Input Axis Event references unknown Axis 'LookUp' for  InputAxis LookUp
[2017.08.05-18.13.26:854][  0]LogBlueprint:Warning: [Compiler ThirdPersonCharacter] Warning Input Axis Event references unknown Axis 'Turn' for  InputAxis Turn
[2017.08.05-18.13.26:857][  0]LogBlueprint:Warning: [Compiler ThirdPersonCharacter] Warning [0043.81] Compile of ThirdPersonCharacter successful, but with 6 Warning(s) [in 7 ms] (/Game/ThirdPersonBP/Blueprints/ThirdPersonCharacter.ThirdPersonCharacter)
[2017.08.05-18.13.26:857][  0]LogBlueprint:Warning: [Compiler ThirdPersonCharacter] Warning [0043.81] Compile of ThirdPersonCharacter successful, but with 7 Warning(s) [in 0 ms] (/Game/ThirdPersonBP/Blueprints/ThirdPersonCharacter.ThirdPersonCharacter)
[2017.08.05-18.13.26:857][  0]LogBlueprint:Warning: [Compiler ThirdPersonCharacter] Warning [0043.81] Compile of ThirdPersonCharacter successful, but with 8 Warning(s) [in 0 ms] (/Game/ThirdPersonBP/Blueprints/ThirdPersonCharacter.ThirdPersonCharacter)
[2017.08.05-18.13.26:862][  0]LogBlueprint:Warning: [Compiler ThirdPersonCharacter] Warning InputAction Event references unknown Action 'ResetVR' for  InputAction ResetVR
[2017.08.05-18.13.26:862][  0]LogBlueprint:Warning: [Compiler ThirdPersonCharacter] Warning Input Axis Event references unknown Axis 'LookUpRate' for  InputAxis LookUpRate
[2017.08.05-18.13.26:862][  0]LogBlueprint:Warning: [Compiler ThirdPersonCharacter] Warning Input Axis Event references unknown Axis 'TurnRate' for  InputAxis TurnRate
[2017.08.05-18.13.26:863][  0]LogBlueprint:Warning: [Compiler ThirdPersonCharacter] Warning InputAction Event references unknown Action 'Jump' for  InputAction Jump
[2017.08.05-18.13.26:863][  0]LogBlueprint:Warning: [Compiler ThirdPersonCharacter] Warning Input Axis Event references unknown Axis 'LookUp' for  InputAxis LookUp
[2017.08.05-18.13.26:863][  0]LogBlueprint:Warning: [Compiler ThirdPersonCharacter] Warning Input Axis Event references unknown Axis 'Turn' for  InputAxis Turn
[2017.08.05-18.13.26:866][  0]LogBlueprint:Warning: [Compiler ThirdPersonCharacter] Warning [0043.82] Compile of ThirdPersonCharacter successful, but with 6 Warning(s) [in 7 ms] (/Game/ThirdPersonBP/Blueprints/ThirdPersonCharacter.ThirdPersonCharacter)
[2017.08.05-18.13.26:866][  0]LogBlueprint:Warning: [Compiler ThirdPersonCharacter] Warning [0043.82] Compile of ThirdPersonCharacter successful, but with 7 Warning(s) [in 0 ms] (/Game/ThirdPersonBP/Blueprints/ThirdPersonCharacter.ThirdPersonCharacter)
[2017.08.05-18.13.26:867][  0]LogBlueprint:Warning: [Compiler ThirdPersonCharacter] Warning [0043.82] Compile of ThirdPersonCharacter successful, but with 8 Warning(s) [in 0 ms] (/Game/ThirdPersonBP/Blueprints/ThirdPersonCharacter.ThirdPersonCharacter)
[2017.08.05-18.13.27:109][  0]LogLinker:Warning: Can't find file '/Game/Art/Environment/newdev/zzzzzz'
[2017.08.05-18.13.27:109][  0]LogLinker:Warning: Can't find file for asset '/Game/Art/Environment/newdev/zzzzzz' while loading C:/Users/User/Desktop/Unreal/GitHub/FYP_DumbTesting/Meeting/Content/Art/Environment/Mesh/SM_Corridor_Frame.uasset.
[2017.08.05-18.13.27:109][  0]LoadErrors:Error: Error /Game/Art/Environment/Mesh/SM_Corridor_Frame : Can't find file for asset. /Game/Art/Environment/newdev/zzzzzz
[2017.08.05-18.13.27:109][  0]LogLinker:Warning: Can't find file '/Game/Art/Environment/newdev/zzzzzz'
[2017.08.05-18.13.27:109][  0]LogLinker:Warning: Can't find file for asset '/Game/Art/Environment/newdev/zzzzzz' while loading C:/Users/User/Desktop/Unreal/GitHub/FYP_DumbTesting/Meeting/Content/Art/Environment/Mesh/SM_Corridor_Frame.uasset.
[2017.08.05-18.13.27:109][  0]LoadErrors:Error: Error /Game/Art/Environment/Mesh/SM_Corridor_Frame : Can't find file for asset. /Game/Art/Environment/newdev/zzzzzz
[2017.08.05-18.13.27:118][  0]LogLinker:Warning: Can't find file '/Game/Art/Environment/newdev/2'
[2017.08.05-18.13.27:119][  0]LogLinker:Warning: Can't find file for asset '/Game/Art/Environment/newdev/2' while loading C:/Users/User/Desktop/Unreal/GitHub/FYP_DumbTesting/Meeting/Content/Art/Environment/Mesh/SM_Corridor_Wall.uasset.
[2017.08.05-18.13.27:119][  0]LoadErrors:Error: Error /Game/Art/Environment/Mesh/SM_Corridor_Wall : Can't find file for asset. /Game/Art/Environment/newdev/2
[2017.08.05-18.13.27:119][  0]LogLinker:Warning: Can't find file '/Game/Art/Environment/newdev/2'
[2017.08.05-18.13.27:119][  0]LogLinker:Warning: Can't find file for asset '/Game/Art/Environment/newdev/2' while loading C:/Users/User/Desktop/Unreal/GitHub/FYP_DumbTesting/Meeting/Content/Art/Environment/Mesh/SM_Corridor_Wall.uasset.
[2017.08.05-18.13.27:119][  0]LoadErrors:Error: Error /Game/Art/Environment/Mesh/SM_Corridor_Wall : Can't find file for asset. /Game/Art/Environment/newdev/2
[2017.08.05-18.13.28:409][  0]LogLinker:Warning: Can't find file '/Game/Art/Environment/newdev/zzzzzz'
[2017.08.05-18.13.28:409][  0]LoadErrors: Info Failed to load /Game/Art/Environment/newdev/zzzzzz.zzzzzz Referenced by SM_Corridor_Frame
[2017.08.05-18.13.28:409][  0]LogLinker:Warning: Can't find file for asset '/Game/Art/Environment/newdev/zzzzzz' while loading NULL.
[2017.08.05-18.13.28:409][  0]LoadErrors: Info Failed to load /Game/Art/Environment/newdev/zzzzzz.zzzzzz Referenced by SM_Corridor_Frame
[2017.08.05-18.13.28:524][  0]LogLinker:Warning: Can't find file '/Game/Art/Environment/newdev/2'
[2017.08.05-18.13.28:524][  0]LoadErrors: Info Failed to load /Game/Art/Environment/newdev/2.2 Referenced by SM_Corridor_Wall
[2017.08.05-18.13.28:524][  0]LogLinker:Warning: Can't find file for asset '/Game/Art/Environment/newdev/2' while loading NULL.
[2017.08.05-18.13.28:524][  0]LoadErrors: Info Failed to load /Game/Art/Environment/newdev/2.2 Referenced by SM_Corridor_Wall
[2017.08.05-18.14.55:503][  0]LogAIModule: Creating AISystem for world MockUp_Map
[2017.08.05-18.14.55:646][  0]LogEditorServer: Finished looking for orphan Actors (0.000 secs)
[2017.08.05-18.14.55:654][  0]Cmd: MAP CHECKDEP NOCLEARLOG
[2017.08.05-18.14.55:806][  0]MapCheck: Info Map check complete: 0 Error(s), 0 Warning(s), took 151.443ms to complete.
[2017.08.05-18.14.55:806][  0]LogFileHelpers: Loading map 'MockUp_Map' took 89.746
[2017.08.05-18.14.56:112][  0]LogCollectionManager: Loaded 0 collections in 0.001048 seconds
[2017.08.05-18.14.56:181][  0]LogFileCache: Scanning file cache for directory 'C:/Users/User/Desktop/Unreal/GitHub/FYP_DumbTesting/Meeting/Saved/Collections/' took 0.01s
[2017.08.05-18.14.56:181][  0]LogFileCache: Scanning file cache for directory 'C:/Users/User/Desktop/Unreal/GitHub/FYP_DumbTesting/Meeting/Content/Developers/User/Collections/' took 0.01s
[2017.08.05-18.14.56:181][  0]LogFileCache: Scanning file cache for directory 'C:/Users/User/Desktop/Unreal/GitHub/FYP_DumbTesting/Meeting/Content/Collections/' took 0.01s
[2017.08.05-18.14.56:181][  0]LogCollectionManager: Rebuilt the GUID cache for 0 collections in 0.000001 seconds
[2017.08.05-18.14.56:191][  0]LogContentBrowser: Native class hierarchy populated in 0.0101 seconds. Added 2254 classes and 455 folders.
[2017.08.05-18.14.56:241][  0]LogContentBrowser: Native class hierarchy updated for 'WidgetCarousel' in 0.0022 seconds. Added 0 classes and 0 folders.
[2017.08.05-18.14.57:785][  0]LogContentBrowser: Native class hierarchy updated for 'AddContentDialog' in 0.0024 seconds. Added 0 classes and 0 folders.
[2017.08.05-18.14.57:839][  0]LogContentBrowser: Native class hierarchy updated for 'SceneOutliner' in 0.0023 seconds. Added 1 classes and 2 folders.
[2017.08.05-18.14.57:875][  0]LogCrashTracker: Crashtracker disabled due to settings.
[2017.08.05-18.14.57:881][  0]LogUObjectGlobals:Warning: Failed to find object 'Class None.'
[2017.08.05-18.14.57:962][  0]LogContentBrowser: Native class hierarchy updated for 'HierarchicalLODOutliner' in 0.0025 seconds. Added 1 classes and 2 folders.
[2017.08.05-18.14.57:962][  0]LogLoad: (Engine Initialization) Total time: 134.91 seconds
[2017.08.05-18.14.57:962][  0]LogLoad: (Engine Initialization) Total Blueprint compile time: 0.46 seconds
[2017.08.05-18.14.57:962][  0]LogExternalProfiler: Found external profiler: VSPerf
[2017.08.05-18.14.57:962][  0]LogExternalProfiler: Using external profiler: VSPerf
[2017.08.05-18.14.58:302][  0]LogOcInput: OculusInput pre-init called
[2017.08.05-18.14.58:329][  0]LogContentStreaming: Texture pool size now 600 MB
[2017.08.05-18.14.58:340][  0]LogSlate: Took 0.000249 seconds to synchronously load lazily loaded font '../../../Engine/Content/Slate/Fonts/Roboto-Regular.ttf' (155K)
[2017.08.05-18.14.58:346][  0]LogSlate: Took 0.000254 seconds to synchronously load lazily loaded font '../../../Engine/Content/Slate/Fonts/Roboto-Bold.ttf' (160K)
[2017.08.05-18.14.58:349][  0]LogSlate: Took 0.000233 seconds to synchronously load lazily loaded font '../../../Engine/Content/Editor/Slate/Fonts/FontAwesome.ttf' (139K)
[2017.08.05-18.14.58:352][  0]LogSlate: Took 0.000156 seconds to synchronously load lazily loaded font '../../../Engine/Content/Editor/Slate/Fonts/DroidSansMono.ttf' (77K)
[2017.08.05-18.14.58:499][  0]LogSlate: Took 0.000282 seconds to synchronously load lazily loaded font '../../../Engine/Content/Slate/Fonts/Roboto-Light.ttf' (159K)
[2017.08.05-18.14.58:588][  0]LogRenderer: Reallocating scene render targets to support 1116x648 NumSamples 1 (Frame:2).
[2017.08.05-18.14.58:652][  1]LogAssetRegistry: Asset discovery search completed in 115.3189 seconds
[2017.08.05-18.14.58:652][  1]LogCollectionManager: Rebuilt the object cache for 0 collections in 0.000005 seconds (found 0 objects)
[2017.08.05-18.14.58:652][  1]LogCollectionManager: Fixed up redirectors for 0 collections in 0.000126 seconds (updated 0 objects)
[2017.08.05-18.15.10:470][482]LogTemp: Repeting last play command: Selected Viewport
[2017.08.05-18.15.10:491][482]LogBlueprintUserMessages: Early PlayInEditor Detection: Level '/Game/ThirdPersonBP/Maps/MockUp_Map.MockUp_Map:PersistentLevel' has LevelScriptBlueprint '/Game/ThirdPersonBP/Maps/MockUp_Map.MockUp_Map:PersistentLevel.MockUp_Map' with GeneratedClass '/Game/ThirdPersonBP/Maps/MockUp_Map.MockUp_Map_C' with ClassGeneratedBy '/Game/ThirdPersonBP/Maps/MockUp_Map.MockUp_Map:PersistentLevel.MockUp_Map'
[2017.08.05-18.15.10:491][482]LogPlayLevel: PlayLevel: No blueprints needed recompiling
[2017.08.05-18.15.10:492][482]PIE: New page: PIE session: MockUp_Map (Aug 6, 2017, 10:15:10 AM)
[2017.08.05-18.15.10:492][482]LogPlayLevel: Creating play world package: /Game/ThirdPersonBP/Maps/UEDPIE_0_MockUp_Map
[2017.08.05-18.15.10:612][482]LogPlayLevel: PIE: StaticDuplicateObject took: (0.119425s)
[2017.08.05-18.15.10:613][482]LogAIModule: Creating AISystem for world MockUp_Map
[2017.08.05-18.15.10:613][482]LogPlayLevel: PIE: World Init took: (0.000850s)
[2017.08.05-18.15.10:614][482]LogPlayLevel: PIE: Created PIE world by copying editor world from /Game/ThirdPersonBP/Maps/MockUp_Map.MockUp_Map to /Game/ThirdPersonBP/Maps/UEDPIE_0_MockUp_Map.MockUp_Map (0.121524s)
[2017.08.05-18.15.10:644][482]LogInit: XAudio2 using 'Speakers (Realtek High Definition Audio)' : 2 channels at 48 kHz using 32 bits per sample (channel mask 0x3)
[2017.08.05-18.15.10:651][482]LogInit: FAudioDevice initialized.
[2017.08.05-18.15.10:701][482]LogLoad: Game class is 'MeetingGameModeBase_BP_C'
[2017.08.05-18.15.10:742][482]LogWorld: Bringing World /Game/ThirdPersonBP/Maps/UEDPIE_0_MockUp_Map.MockUp_Map up for play (max tick rate 0) at 2017.08.06-02.15.10
[2017.08.05-18.15.10:746][482]LogWorld: Bringing up level for play took: 0.043433
[2017.08.05-18.15.10:780][482]LogContentBrowser: Native class hierarchy updated for 'MovieSceneCapture' in 0.0024 seconds. Added 11 classes and 0 folders.
[2017.08.05-18.15.10:785][482]LogOutputDevice:Warning: 

Script Stack:
Door_UI_Mesh6_Blueprint_C.ExecuteUbergraph_Door_UI_Mesh6_Blueprint
Door_UI_Mesh6_Blueprint_C.ReceiveBeginPlay

[2017.08.05-18.15.10:792][482]LogWindows: Windows GetLastError: The operation completed successfully. (0)
[2017.08.05-18.15.11:213][482]LogCrashTracker: 


[2017.08.05-18.15.11:213][482]LogCrashTracker: 


[2017.08.05-18.15.11:213][482]LogWindows:Error: === Critical error: ===
[2017.08.05-18.15.11:213][482]LogWindows:Error: 
[2017.08.05-18.15.11:213][482]LogWindows:Error: Assertion failed: (Index >= 0) & (Index < ArrayNum) [File:D:\Build\++UE4+Release-4.15+Compile\Sync\Engine\Source\Runtime\Core\Public\Containers/Array.h] [Line: 633] 
[2017.08.05-18.15.11:214][482]LogWindows:Error: Array index out of bounds: -1 from an array of size 1
[2017.08.05-18.15.11:214][482]LogWindows:Error: 
[2017.08.05-18.15.11:214][482]LogWindows:Error: 
[2017.08.05-18.15.11:214][482]LogWindows:Error: KERNELBASE.dll!0x00000000A7101F28
[2017.08.05-18.15.11:214][482]LogWindows:Error: UE4Editor-Core.dll!0x00000000879464EE
[2017.08.05-18.15.11:214][482]LogWindows:Error: UE4Editor-Core.dll!0x000000008776CEEE
[2017.08.05-18.15.11:214][482]LogWindows:Error: UE4Editor-Core.dll!0x00000000876F2729
[2017.08.05-18.15.11:214][482]LogWindows:Error: UE4Editor-Engine.dll!0x00000000801F669C
[2017.08.05-18.15.11:214][482]LogWindows:Error: UE4Editor-Engine.dll!0x000000008018AE3D
[2017.08.05-18.15.11:214][482]LogWindows:Error: UE4Editor-Engine.dll!0x000000007FC33AA6
[2017.08.05-18.15.11:214][482]LogWindows:Error: UE4Editor-CoreUObject.dll!0x0000000087F7509A
[2017.08.05-18.15.11:215][482]LogWindows:Error: UE4Editor-CoreUObject.dll!0x00000000880A7E6E
[2017.08.05-18.15.11:215][482]LogWindows:Error: UE4Editor-CoreUObject.dll!0x00000000880F1F73
[2017.08.05-18.15.11:215][482]LogWindows:Error: UE4Editor-CoreUObject.dll!0x00000000880C9EC1
[2017.08.05-18.15.11:215][482]LogWindows:Error: UE4Editor-CoreUObject.dll!0x00000000880EF8CB
[2017.08.05-18.15.11:215][482]LogWindows:Error: UE4Editor-CoreUObject.dll!0x00000000880CC0C2
[2017.08.05-18.15.11:215][482]LogWindows:Error: UE4Editor-CoreUObject.dll!0x00000000880A887E
[2017.08.05-18.15.11:215][482]LogWindows:Error: UE4Editor-CoreUObject.dll!0x00000000880F1F73
[2017.08.05-18.15.11:215][482]LogWindows:Error: UE4Editor-CoreUObject.dll!0x00000000880CC0C2
[2017.08.05-18.15.11:215][482]LogWindows:Error: UE4Editor-CoreUObject.dll!0x0000000087F7509A
[2017.08.05-18.15.11:215][482]LogWindows:Error: UE4Editor-CoreUObject.dll!0x00000000880CB43B
[2017.08.05-18.15.11:215][482]LogWindows:Error: UE4Editor-Engine.dll!0x000000007FD03922
[2017.08.05-18.15.11:215][482]LogWindows:Error: UE4Editor-Engine.dll!0x0000000080F97B57
[2017.08.05-18.15.11:215][482]LogWindows:Error: UE4Editor-Engine.dll!0x000000007FCC2CDF
[2017.08.05-18.15.11:215][482]LogWindows:Error: UE4Editor-Engine.dll!0x000000007FCCFE2B
[2017.08.05-18.15.11:216][482]LogWindows:Error: UE4Editor-Engine.dll!0x0000000080E058A4
[2017.08.05-18.15.11:216][482]LogWindows:Error: UE4Editor-Engine.dll!0x00000000803BD5F1
[2017.08.05-18.15.11:216][482]LogWindows:Error: UE4Editor-Engine.dll!0x0000000080DF314E
[2017.08.05-18.15.11:216][482]LogWindows:Error: UE4Editor-Engine.dll!0x00000000803DC0E3
[2017.08.05-18.15.11:216][482]LogWindows:Error: UE4Editor-UnrealEd.dll!0x000000007E648BE7
[2017.08.05-18.15.11:216][482]LogWindows:Error: UE4Editor-UnrealEd.dll!0x000000007E6753ED
[2017.08.05-18.15.11:216][482]LogWindows:Error: UE4Editor-UnrealEd.dll!0x000000007E691874
[2017.08.05-18.15.11:216][482]LogWindows:Error: UE4Editor-UnrealEd.dll!0x000000007E17626B
[2017.08.05-18.15.11:216][482]LogWindows:Error: UE4Editor-UnrealEd.dll!0x000000007E982196
[2017.08.05-18.15.11:216][482]LogWindows:Error: UE4Editor.exe!0x00000000EEA9DEE3
[2017.08.05-18.15.11:216][482]LogWindows:Error: UE4Editor.exe!0x00000000EEA8EB40
[2017.08.05-18.15.11:216][482]LogWindows:Error: UE4Editor.exe!0x00000000EEA8EBBA
[2017.08.05-18.15.11:216][482]LogWindows:Error: UE4Editor.exe!0x00000000EEAA0A29
[2017.08.05-18.15.11:216][482]LogWindows:Error: UE4Editor.exe!0x00000000EEAA22B6
[2017.08.05-18.15.11:217][482]LogWindows:Error: KERNEL32.DLL!0x00000000AA1B8102
[2017.08.05-18.15.11:217][482]LogWindows:Error: ntdll.dll!0x00000000AA6BC5B4
[2017.08.05-18.15.11:217][482]LogWindows:Error: ntdll.dll!0x00000000AA6BC5B4
[2017.08.05-18.15.11:217][482]LogWindows:Error: 
[2017.08.05-18.15.11:240][482]LogExit: Executing StaticShutdownAfterError
[2017.08.05-18.15.11:248][482]LogWindows: FPlatformMisc::RequestExit(1)
[2017.08.05-18.15.11:248][482]Log file closed, 08/06/17 02:15:11
