Log file open, 06/11/17 16:42:33
LogInit:Display: Running engine for game: Meeting
LogPlatformFile: Not using cached read wrapper
LogInit:Display: RandInit(1509702187) SRandInit(1509702187).
LogTaskGraph: Started task graph with 5 named threads and 8 total threads with 1 sets of task threads.
LogStats: Stats thread started at 0.720198
LogInit: Using libcurl 7.47.1
LogInit:  - built for x86_64-pc-win32
LogInit:  - supports SSL with OpenSSL/1.0.2g
LogInit:  - supports HTTP deflate (compression) using libz 1.2.8
LogInit:  - other features:
LogInit:      CURL_VERSION_SSL
LogInit:      CURL_VERSION_LIBZ
LogInit:      CURL_VERSION_IPV6
LogInit:      CURL_VERSION_ASYNCHDNS
LogInit:      CURL_VERSION_LARGEFILE
LogInit:      CURL_VERSION_IDN
LogInit:  CurlRequestOptions (configurable via config and command line):
LogInit:  - bVerifyPeer = false  - Libcurl will NOT verify peer certificate
LogInit:  - bUseHttpProxy = false  - Libcurl will NOT use HTTP proxy
LogInit:  - bDontReuseConnections = false  - Libcurl will reuse connections
LogInit:  - CertBundlePath = nullptr  - Libcurl will use whatever was configured at build time.
LogInit: Build: ++UE4+Release-4.15-CL-3450819
LogInit: Engine Version: 4.15.3-3450819+++UE4+Release-4.15
LogInit: Compatible Engine Version: 4.15.0-3299760+++UE4+Release-4.15
LogInit: Net CL: 3299760
LogDevObjectVersion: Number of dev versions registered: 14
LogDevObjectVersion:   Dev-Blueprints (B0D832E4-1F89-4F0D-ACCF-7EB736FD4AA2): 8
LogDevObjectVersion:   Dev-Build (E1C64328-A22C-4D53-A36C-8E866417BD8C): 0
LogDevObjectVersion:   Dev-Core (375EC13C-06E4-48FB-B500-84F0262A717E): 2
LogDevObjectVersion:   Dev-Editor (E4B068ED-F494-42E9-A231-DA0B2E46BB41): 14
LogDevObjectVersion:   Dev-Framework (CFFC743F-43B0-4480-9391-14DF171D2073): 22
LogDevObjectVersion:   Dev-Mobile (B02B49B5-BB20-44E9-A304-32B752E40360): 0
LogDevObjectVersion:   Dev-Networking (A4E4105C-59A1-49B5-A7C5-40C4547EDFEE): 0
LogDevObjectVersion:   Dev-Online (39C831C9-5AE6-47DC-9A44-9C173E1C8E7C): 0
LogDevObjectVersion:   Dev-Physics (78F01B33-EBEA-4F98-B9B4-84EACCB95AA2): 0
LogDevObjectVersion:   Dev-Platform (6631380F-2D4D-43E0-8009-CF276956A95A): 0
LogDevObjectVersion:   Dev-Rendering (12F88B9F-8875-4AFC-A67C-D90C383ABD29): 12
LogDevObjectVersion:   Dev-Sequencer (7B5AE74C-D270-4C10-A958-57980B212A5A): 3
LogDevObjectVersion:   Dev-VR (D7296918-1DD6-4BDD-9DE2-64A83CC13884): 0
LogDevObjectVersion:   Dev-LoadTimes (C2A15278-BFE7-4AFE-6C17-90FF531DF755): 1
LogInit: Compiled (64-bit): May 21 2017 11:02:34
LogInit: Compiled with Visual C++: 19.00.23026.00
LogInit: Build Configuration: Development
LogInit: Branch Name: ++UE4+Release-4.15
LogInit: Command line:  
LogInit: Base directory: D:/UE_4.15/Engine/Binaries/Win64/
LogInit: Installed Engine Build: 1
LogInit: Presizing for max 8388607 objects, including 0 objects not considered by GC, pre-allocating 0 bytes for permanent pool.
LogInit: Object subsystem initialized
[2017.06.11-08.42.35:353][  0]LogInit: Selected Device Profile: [Windows]
[2017.06.11-08.42.35:353][  0]LogInit: Applying CVar settings loaded from the selected device profile: [Windows]
[2017.06.11-08.42.35:604][  0]LogInit: Computer: ASUS
[2017.06.11-08.42.35:604][  0]LogInit: User: User
[2017.06.11-08.42.35:604][  0]LogInit: CPU Page size=65536, Cores=4
[2017.06.11-08.42.35:604][  0]LogInit: High frequency timer resolution =2.338349 MHz
[2017.06.11-08.42.35:604][  0]LogMemory: Memory total: Physical=7.9GB (8GB approx)
[2017.06.11-08.42.35:604][  0]LogMemory: Platform Memory Stats for Windows
[2017.06.11-08.42.35:604][  0]LogMemory: Process Physical Memory: 263.45 MB used, 263.45 MB peak
[2017.06.11-08.42.35:604][  0]LogMemory: Process Virtual Memory: 262.54 MB used, 262.54 MB peak
[2017.06.11-08.42.35:604][  0]LogMemory: Physical Memory: 2489.83 MB used,  5619.65 MB free, 8109.48 MB total
[2017.06.11-08.42.35:604][  0]LogMemory: Virtual Memory: 646.04 MB used,  5619.65 MB free, 134217728.00 MB total
[2017.06.11-08.42.42:324][  0]LogTextLocalizationManager: No specific translations for ('en-US') exist, so ('en') translations will be used.
[2017.06.11-08.42.46:864][  0]LogD3D11RHI: D3D11 adapters:
[2017.06.11-08.42.46:889][  0]LogD3D11RHI:    0. 'NVIDIA GeForce GTX 770M' (Feature Level 11_0)
[2017.06.11-08.42.46:889][  0]LogD3D11RHI:       3039/0/4054 MB DedicatedVideo/DedicatedSystem/SharedSystem, Outputs:1, VendorId:0x10de
[2017.06.11-08.42.46:979][  0]LogD3D11RHI:    1. 'Microsoft Basic Render Driver' (Feature Level 11_0)
[2017.06.11-08.42.46:979][  0]LogD3D11RHI:       0/0/4054 MB DedicatedVideo/DedicatedSystem/SharedSystem, Outputs:0, VendorId:0x1414
[2017.06.11-08.42.46:979][  0]LogD3D11RHI: Chosen D3D11 Adapter: 0
[2017.06.11-08.42.46:982][  0]LogD3D11RHI: Creating new Direct3DDevice
[2017.06.11-08.42.46:982][  0]LogD3D11RHI:     GPU DeviceId: 0x11e0 (for the marketing name, search the web for "GPU Device Id")
[2017.06.11-08.42.46:982][  0]LogWindows: EnumDisplayDevices:
[2017.06.11-08.42.46:982][  0]LogWindows:    0. 'NVIDIA GeForce GTX 770M' (P:1 D:1)
[2017.06.11-08.42.46:982][  0]LogWindows:    1. 'NVIDIA GeForce GTX 770M' (P:0 D:0)
[2017.06.11-08.42.46:982][  0]LogWindows:    2. 'NVIDIA GeForce GTX 770M' (P:0 D:0)
[2017.06.11-08.42.46:982][  0]LogWindows:    3. 'NVIDIA GeForce GTX 770M' (P:0 D:0)
[2017.06.11-08.42.46:982][  0]LogWindows: DebugString: FoundDriverCount:4 
[2017.06.11-08.42.46:982][  0]LogD3D11RHI:     Adapter Name: NVIDIA GeForce GTX 770M
[2017.06.11-08.42.46:982][  0]LogD3D11RHI:   Driver Version: 375.63 (internal:21.21.13.7563, unified:375.63)
[2017.06.11-08.42.46:982][  0]LogD3D11RHI:      Driver Date: 10-21-2016
[2017.06.11-08.42.46:982][  0]LogRHI: Texture pool is 1361 MB (70% of 1945 MB)
[2017.06.11-08.42.47:010][  0]LogD3D11RHI:Warning: Timestamp queries are currently disabled on this hardware due to instability. Realtime GPU stats will not be available. You can override this behaviour by setting r.NVIDIATimestampWorkaround to 0
[2017.06.11-08.42.47:069][  0]LogD3D11RHI: Async texture creation enabled
[2017.06.11-08.42.47:116][  0]LogD3D11RHI: GPU Timing Frequency: 1000.000000 (Debug: 2 2)
[2017.06.11-08.42.47:210][  0]LogShaderCompilers: Guid format shader working directory is 9 characters bigger than the processId version (C:/Users/User/Desktop/Unreal/Meeting/Intermediate/Shaders/WorkingDirectory/4356/).
[2017.06.11-08.42.47:210][  0]LogShaderCompilers: Cleaned the shader compiler working directory 'C:/Users/User/AppData/Local/Temp/UnrealShaderWorkingDir/C513E84A4552E135060CDD96DDA7F60D/'.
[2017.06.11-08.42.47:210][  0]LogShaderCompilers:Display: Using Local Shader Compiler.
[2017.06.11-08.42.52:665][  0]LogTemp:Display: Loaded TP AllDesktopTargetPlatform
[2017.06.11-08.42.52:709][  0]LogTemp:Display: Loaded TP MacClientTargetPlatform
[2017.06.11-08.42.52:752][  0]LogTemp:Display: Loaded TP MacNoEditorTargetPlatform
[2017.06.11-08.42.52:796][  0]LogTemp:Display: Loaded TP MacServerTargetPlatform
[2017.06.11-08.42.52:860][  0]LogTemp:Display: Loaded TP MacTargetPlatform
[2017.06.11-08.42.52:903][  0]LogTemp:Display: Loaded TP WindowsClientTargetPlatform
[2017.06.11-08.42.52:947][  0]LogTemp:Display: Loaded TP WindowsNoEditorTargetPlatform
[2017.06.11-08.42.52:990][  0]LogTemp:Display: Loaded TP WindowsServerTargetPlatform
[2017.06.11-08.42.53:024][  0]LogTemp:Display: Loaded TP WindowsTargetPlatform
[2017.06.11-08.42.53:081][  0]LogTemp:Display: Loaded TP AndroidTargetPlatform
[2017.06.11-08.42.53:126][  0]LogTemp:Display: Loaded TP Android_ASTCTargetPlatform
[2017.06.11-08.42.53:171][  0]LogTemp:Display: Loaded TP Android_ATCTargetPlatform
[2017.06.11-08.42.53:216][  0]LogTemp:Display: Loaded TP Android_DXTTargetPlatform
[2017.06.11-08.42.53:258][  0]LogTemp:Display: Loaded TP Android_ETC1TargetPlatform
[2017.06.11-08.42.53:301][  0]LogTemp:Display: Loaded TP Android_ETC2TargetPlatform
[2017.06.11-08.42.53:388][  0]LogTemp:Display: Loaded TP Android_MultiTargetPlatform
[2017.06.11-08.42.53:388][  0]LogTemp:Display: Loaded TP Android_PVRTCTargetPlatform
[2017.06.11-08.42.53:415][  0]LogTemp:Display: Loaded TP HTML5TargetPlatform
[2017.06.11-08.42.53:618][  0]LogTemp:Display: Loaded TP IOSTargetPlatform
[2017.06.11-08.42.53:647][  0]LogTemp:Display: Loaded TP TVOSTargetPlatform
[2017.06.11-08.42.53:690][  0]LogTemp:Display: Loaded TP LinuxClientTargetPlatform
[2017.06.11-08.42.53:733][  0]LogTemp:Display: Loaded TP LinuxNoEditorTargetPlatform
[2017.06.11-08.42.53:776][  0]LogTemp:Display: Loaded TP LinuxServerTargetPlatform
[2017.06.11-08.42.53:823][  0]LogTemp:Display: Loaded TP LinuxTargetPlatform
[2017.06.11-08.42.53:823][  0]LogTargetPlatformManager:Display: Building Assets For Windows
[2017.06.11-08.42.55:256][  0]LogDerivedDataCache:Display: Max Cache Size: 512 MB
[2017.06.11-08.42.55:826][  0]LogDerivedDataCache: Loaded boot cache 0.55s 50MB C:/Users/User/AppData/Local/UnrealEngine/4.15/DerivedDataCache/Boot.ddc.
[2017.06.11-08.42.55:826][  0]LogDerivedDataCache:Display: Loaded Boot cache: C:/Users/User/AppData/Local/UnrealEngine/4.15/DerivedDataCache/Boot.ddc
[2017.06.11-08.42.55:826][  0]LogDerivedDataCache: FDerivedDataBackendGraph:  Pak pak cache file C:/Users/User/Desktop/Unreal/Meeting/DerivedDataCache/DDC.ddp not found, will not use a pak cache.
[2017.06.11-08.42.55:826][  0]LogDerivedDataCache: Unable to find inner node Pak for hierarchical cache Hierarchy.
[2017.06.11-08.42.55:826][  0]LogDerivedDataCache: FDerivedDataBackendGraph:  CompressedPak pak cache file C:/Users/User/Desktop/Unreal/Meeting/DerivedDataCache/Compressed.ddp not found, will not use a pak cache.
[2017.06.11-08.42.55:826][  0]LogDerivedDataCache: Unable to find inner node CompressedPak for hierarchical cache Hierarchy.
[2017.06.11-08.42.55:921][  0]LogDerivedDataCache:Display: Pak cache opened for reading ../../../Engine/DerivedDataCache/Compressed.ddp.
[2017.06.11-08.42.55:934][  0]LogDerivedDataCache: Using Local data cache path C:/Users/User/AppData/Local/UnrealEngine/Common/DerivedDataCache: Writable
[2017.06.11-08.42.55:942][  0]LogSlate: Using Freetype 2.6.0
[2017.06.11-08.42.56:125][  0]LogSlate: SlateFontCache - WITH_FREETYPE: 1, WITH_HARFBUZZ: 1
[2017.06.11-08.42.56:125][  0]LogSlate: SlateFontCache - WITH_FREETYPE: 1, WITH_HARFBUZZ: 1
[2017.06.11-08.43.08:826][  0]LogInit: Selected Device Profile: [Windows]
[2017.06.11-08.43.08:829][  0]LogContentStreaming: Texture pool size is 0.00 MB
[2017.06.11-08.43.09:124][  0]LogMeshUtilities: Using QuadricMeshReduction for automatic static mesh reduction
[2017.06.11-08.43.09:165][  0]LogSimplygon: Simplygon DLL not present - disabling.
[2017.06.11-08.43.09:204][  0]LogMeshUtilities: Using SimplygonSwarm for distributed automatic mesh merging
[2017.06.11-08.43.09:204][  0]LogMeshUtilities: No automatic skeletal mesh reduction module available
[2017.06.11-08.43.09:204][  0]LogMeshUtilities: No automatic mesh merging module available
[2017.06.11-08.43.12:490][  0]LogNetVersion: GetLocalNetworkVersion: CL: 3299760, ProjectName: meeting, ProjectVersion: , EngineNetworkVersion: 2, GameNetworkVersion: 0, NetworkChecksum: 116300604
[2017.06.11-08.43.12:546][  0]LogAssetRegistry: FAssetRegistry took 0.0221 seconds to start up
[2017.06.11-08.43.12:744][  0]LogPackageLocalizationCache: Processed 3 localized package path(s) for 2 prioritized culture(s) in 0.181985 seconds
[2017.06.11-08.43.12:749][  0]LogUObjectArray: 32493 objects as part of root set at end of initial load.
[2017.06.11-08.43.12:749][  0]LogUObjectAllocator: 7077032 out of 0 bytes used by permanent object pool.
[2017.06.11-08.43.12:749][  0]LogUObjectArray: CloseDisregardForGC: 0/0 objects in disregard for GC pool
[2017.06.11-08.43.12:791][  0]LogInit: WinSock: version 1.1 (2.2), MaxSocks=32767, MaxUdp=65467
[2017.06.11-08.43.23:884][  0]LogTcpMessaging: Initializing TcpMessaging bridge
[2017.06.11-08.43.23:919][  0]LogUdpMessaging: Initializing bridge on interface 0.0.0.0:0 to multicast group 230.0.0.1:6666.
[2017.06.11-08.43.24:700][  0]LogMaterial: Uniform references updated for custom material expression Custom.
[2017.06.11-08.43.25:209][  0]SourceControl: Info Source control is disabled
[2017.06.11-08.43.26:027][  0]SourceControl: Info Source control is disabled
[2017.06.11-08.43.26:080][  0]SourceControl: Info Source control is disabled
[2017.06.11-08.43.26:118][  0]SourceControl: Info Source control is disabled
[2017.06.11-08.43.27:513][  0]LogEngine: Initializing Engine...
[2017.06.11-08.43.27:525][  0]LogHMD: Failed to initialize OpenVR with code 100
[2017.06.11-08.43.27:930][  0]LogStats: UGameplayTagsManager::ConstructGameplayTagTree: Construct from data asset -  0.000 s
[2017.06.11-08.43.27:930][  0]LogStats: UGameplayTagsManager::ConstructGameplayTagTree: GameplayTagTreeChangedEvent.Broadcast -  0.000 s
[2017.06.11-08.43.28:116][  0]LogAIModule: Creating AISystem for world Untitled
[2017.06.11-08.43.28:144][  0]LogInit: XAudio2 using 'Speakers (Realtek High Definition Audio)' : 2 channels at 48 kHz using 32 bits per sample (channel mask 0x3)
[2017.06.11-08.43.28:299][  0]LogInit: FAudioDevice initialized.
[2017.06.11-08.43.28:323][  0]LogDerivedDataCache: Saved boot cache 0.02s 50MB C:/Users/User/AppData/Local/UnrealEngine/4.15/DerivedDataCache/Boot.ddc.
[2017.06.11-08.43.28:331][  0]LogInit: Texture streaming: Enabled
[2017.06.11-08.43.28:396][  0]LogEngineSessionManager: EngineSessionManager initialized
[2017.06.11-08.43.28:460][  0]LogInit: Transaction tracking system initialized
[2017.06.11-08.43.28:709][  0]BlueprintLog: New page: Editor Load
[2017.06.11-08.43.29:584][  0]LocalizationService: Info Localization service is disabled
[2017.06.11-08.43.30:393][  0]LogConsoleResponse:Display: 
[2017.06.11-08.43.32:951][  0]LogCook:Display: Max memory allowance for cook 16384mb min free memory 0mb
[2017.06.11-08.43.32:951][  0]LogCook:Display: Mobile HDR setting 1
[2017.06.11-08.43.33:997][  0]LogFileCache: Scanning file cache for directory 'C:/Users/User/Desktop/Unreal/Meeting/Content/' took 0.05s
[2017.06.11-08.43.35:330][  0]SourceControl: Info Source control is disabled
[2017.06.11-08.43.35:330][  0]Cmd: MAP LOAD FILE="C:/Users/User/Desktop/Unreal/Meeting/Content/ThirdPersonBP/Maps/ThirdPersonExampleMap.umap" TEMPLATE=0 SHOWPROGRESS=1 FEATURELEVEL=3
[2017.06.11-08.43.35:331][  0]LightingResults: New page: Lighting Build
[2017.06.11-08.43.35:362][  0]MapCheck: New page: Map Check
[2017.06.11-08.43.35:362][  0]LightingResults: New page: Lighting Build
[2017.06.11-08.43.37:943][  0]LogBlueprint:Warning: [Compiler ThirdPersonCharacter] Warning InputAction Event references unknown Action 'ResetVR' for  InputAction ResetVR
[2017.06.11-08.43.37:943][  0]LogBlueprint:Warning: [Compiler ThirdPersonCharacter] Warning Input Axis Event references unknown Axis 'LookUpRate' for  InputAxis LookUpRate
[2017.06.11-08.43.37:943][  0]LogBlueprint:Warning: [Compiler ThirdPersonCharacter] Warning Input Axis Event references unknown Axis 'TurnRate' for  InputAxis TurnRate
[2017.06.11-08.43.37:943][  0]LogBlueprint:Warning: [Compiler ThirdPersonCharacter] Warning InputAction Event references unknown Action 'Jump' for  InputAction Jump
[2017.06.11-08.43.37:943][  0]LogBlueprint:Warning: [Compiler ThirdPersonCharacter] Warning Input Axis Event references unknown Axis 'LookUp' for  InputAxis LookUp
[2017.06.11-08.43.37:944][  0]LogBlueprint:Warning: [Compiler ThirdPersonCharacter] Warning Input Axis Event references unknown Axis 'Turn' for  InputAxis Turn
[2017.06.11-08.43.37:947][  0]LogBlueprint:Warning: [Compiler ThirdPersonCharacter] Warning [0085.95] Compile of ThirdPersonCharacter successful, but with 6 Warning(s) [in 8 ms] (/Game/ThirdPersonBP/Blueprints/ThirdPersonCharacter.ThirdPersonCharacter)
[2017.06.11-08.43.37:947][  0]LogBlueprint:Warning: [Compiler ThirdPersonCharacter] Warning [0085.95] Compile of ThirdPersonCharacter successful, but with 7 Warning(s) [in 0 ms] (/Game/ThirdPersonBP/Blueprints/ThirdPersonCharacter.ThirdPersonCharacter)
[2017.06.11-08.43.37:947][  0]LogBlueprint:Warning: [Compiler ThirdPersonCharacter] Warning [0085.95] Compile of ThirdPersonCharacter successful, but with 8 Warning(s) [in 0 ms] (/Game/ThirdPersonBP/Blueprints/ThirdPersonCharacter.ThirdPersonCharacter)
[2017.06.11-08.43.37:953][  0]LogBlueprint:Warning: [Compiler ThirdPersonCharacter] Warning InputAction Event references unknown Action 'ResetVR' for  InputAction ResetVR
[2017.06.11-08.43.37:953][  0]LogBlueprint:Warning: [Compiler ThirdPersonCharacter] Warning Input Axis Event references unknown Axis 'LookUpRate' for  InputAxis LookUpRate
[2017.06.11-08.43.37:953][  0]LogBlueprint:Warning: [Compiler ThirdPersonCharacter] Warning Input Axis Event references unknown Axis 'TurnRate' for  InputAxis TurnRate
[2017.06.11-08.43.37:953][  0]LogBlueprint:Warning: [Compiler ThirdPersonCharacter] Warning InputAction Event references unknown Action 'Jump' for  InputAction Jump
[2017.06.11-08.43.37:953][  0]LogBlueprint:Warning: [Compiler ThirdPersonCharacter] Warning Input Axis Event references unknown Axis 'LookUp' for  InputAxis LookUp
[2017.06.11-08.43.37:954][  0]LogBlueprint:Warning: [Compiler ThirdPersonCharacter] Warning Input Axis Event references unknown Axis 'Turn' for  InputAxis Turn
[2017.06.11-08.43.37:957][  0]LogBlueprint:Warning: [Compiler ThirdPersonCharacter] Warning [0085.96] Compile of ThirdPersonCharacter successful, but with 6 Warning(s) [in 7 ms] (/Game/ThirdPersonBP/Blueprints/ThirdPersonCharacter.ThirdPersonCharacter)
[2017.06.11-08.43.37:957][  0]LogBlueprint:Warning: [Compiler ThirdPersonCharacter] Warning [0085.96] Compile of ThirdPersonCharacter successful, but with 7 Warning(s) [in 0 ms] (/Game/ThirdPersonBP/Blueprints/ThirdPersonCharacter.ThirdPersonCharacter)
[2017.06.11-08.43.37:958][  0]LogBlueprint:Warning: [Compiler ThirdPersonCharacter] Warning [0085.96] Compile of ThirdPersonCharacter successful, but with 8 Warning(s) [in 0 ms] (/Game/ThirdPersonBP/Blueprints/ThirdPersonCharacter.ThirdPersonCharacter)
[2017.06.11-08.43.46:513][  0]LogAIModule: Creating AISystem for world ThirdPersonExampleMap
[2017.06.11-08.43.46:798][  0]LogEditorServer: Finished looking for orphan Actors (0.000 secs)
[2017.06.11-08.43.46:799][  0]Cmd: MAP CHECKDEP NOCLEARLOG
[2017.06.11-08.43.46:861][  0]MapCheck: Info Map check complete: 0 Error(s), 0 Warning(s), took 61.981ms to complete.
[2017.06.11-08.43.46:861][  0]LogFileHelpers: Loading map 'ThirdPersonExampleMap' took 11.531
[2017.06.11-08.43.47:318][  0]LogCollectionManager: Loaded 0 collections in 0.001032 seconds
[2017.06.11-08.43.47:387][  0]LogFileCache: Scanning file cache for directory 'C:/Users/User/Desktop/Unreal/Meeting/Saved/Collections/' took 0.01s
[2017.06.11-08.43.47:387][  0]LogFileCache: Scanning file cache for directory 'C:/Users/User/Desktop/Unreal/Meeting/Content/Developers/User/Collections/' took 0.01s
[2017.06.11-08.43.47:387][  0]LogFileCache: Scanning file cache for directory 'C:/Users/User/Desktop/Unreal/Meeting/Content/Collections/' took 0.01s
[2017.06.11-08.43.47:387][  0]LogCollectionManager: Rebuilt the GUID cache for 0 collections in 0.000004 seconds
[2017.06.11-08.43.47:397][  0]LogContentBrowser: Native class hierarchy populated in 0.0098 seconds. Added 2249 classes and 457 folders.
[2017.06.11-08.43.47:446][  0]LogContentBrowser: Native class hierarchy updated for 'WidgetCarousel' in 0.0020 seconds. Added 0 classes and 0 folders.
[2017.06.11-08.43.49:070][  0]LogContentBrowser: Native class hierarchy updated for 'AddContentDialog' in 0.0021 seconds. Added 0 classes and 0 folders.
[2017.06.11-08.43.49:090][  0]LogCrashTracker: Crashtracker disabled due to settings.
[2017.06.11-08.43.49:096][  0]LogUObjectGlobals:Warning: Failed to find object 'Class None.'
[2017.06.11-08.43.49:153][  0]LogContentBrowser: Native class hierarchy updated for 'HierarchicalLODOutliner' in 0.0022 seconds. Added 1 classes and 2 folders.
[2017.06.11-08.43.49:153][  0]LogLoad: (Engine Initialization) Total time: 97.15 seconds
[2017.06.11-08.43.49:153][  0]LogLoad: (Engine Initialization) Total Blueprint compile time: 0.29 seconds
[2017.06.11-08.43.49:153][  0]LogExternalProfiler: Found external profiler: VSPerf
[2017.06.11-08.43.49:153][  0]LogExternalProfiler: Using external profiler: VSPerf
[2017.06.11-08.43.49:493][  0]LogOcInput: OculusInput pre-init called
[2017.06.11-08.43.49:514][  0]LogContentStreaming: Texture pool size now 1000 MB
[2017.06.11-08.43.49:680][  0]LogSlate: Took 0.102897 seconds to synchronously load lazily loaded font '../../../Engine/Content/Slate/Fonts/Roboto-Regular.ttf' (155K)
[2017.06.11-08.43.49:709][  0]LogSlate: Took 0.023946 seconds to synchronously load lazily loaded font '../../../Engine/Content/Slate/Fonts/Roboto-Bold.ttf' (160K)
[2017.06.11-08.43.49:728][  0]LogSlate: Took 0.016637 seconds to synchronously load lazily loaded font '../../../Engine/Content/Editor/Slate/Fonts/FontAwesome.ttf' (139K)
[2017.06.11-08.43.49:741][  0]LogSlate: Took 0.010148 seconds to synchronously load lazily loaded font '../../../Engine/Content/Editor/Slate/Fonts/DroidSansMono.ttf' (77K)
[2017.06.11-08.43.50:139][  0]LogRenderer: Reallocating scene render targets to support 1124x628 NumSamples 1 (Frame:2).
[2017.06.11-08.43.50:139][  0]LogSlate: Took 0.069834 seconds to synchronously load lazily loaded font '../../../Engine/Content/Slate/Fonts/Roboto-Light.ttf' (159K)
[2017.06.11-08.43.50:411][  1]LogAssetRegistry: Asset discovery search completed in 37.8869 seconds
[2017.06.11-08.43.50:412][  1]LogCollectionManager: Rebuilt the object cache for 0 collections in 0.000018 seconds (found 0 objects)
[2017.06.11-08.43.50:412][  1]LogCollectionManager: Fixed up redirectors for 0 collections in 0.000158 seconds (updated 0 objects)
[2017.06.11-08.44.27:732][113]LogTemp: Repeting last play command: Selected Viewport
[2017.06.11-08.44.27:745][113]LogBlueprintUserMessages: Early PlayInEditor Detection: Level '/Game/ThirdPersonBP/Maps/ThirdPersonExampleMap.ThirdPersonExampleMap:PersistentLevel' has LevelScriptBlueprint '/Game/ThirdPersonBP/Maps/ThirdPersonExampleMap.ThirdPersonExampleMap:PersistentLevel.ThirdPersonExampleMap' with GeneratedClass '/Game/ThirdPersonBP/Maps/ThirdPersonExampleMap.ThirdPersonExampleMap_C' with ClassGeneratedBy '/Game/ThirdPersonBP/Maps/ThirdPersonExampleMap.ThirdPersonExampleMap:PersistentLevel.ThirdPersonExampleMap'
[2017.06.11-08.44.27:745][113]LogPlayLevel: PlayLevel: No blueprints needed recompiling
[2017.06.11-08.44.27:775][113]PIE: New page: PIE session: ThirdPersonExampleMap (Jun 12, 2017, 12:44:27 AM)
[2017.06.11-08.44.27:775][113]LogPlayLevel: Creating play world package: /Game/ThirdPersonBP/Maps/UEDPIE_0_ThirdPersonExampleMap
[2017.06.11-08.44.27:828][113]LogPlayLevel: PIE: StaticDuplicateObject took: (0.052663s)
[2017.06.11-08.44.27:828][113]LogAIModule: Creating AISystem for world ThirdPersonExampleMap
[2017.06.11-08.44.27:829][113]LogPlayLevel: PIE: World Init took: (0.000768s)
[2017.06.11-08.44.27:829][113]LogPlayLevel: PIE: Created PIE world by copying editor world from /Game/ThirdPersonBP/Maps/ThirdPersonExampleMap.ThirdPersonExampleMap to /Game/ThirdPersonBP/Maps/UEDPIE_0_ThirdPersonExampleMap.ThirdPersonExampleMap (0.054237s)
[2017.06.11-08.44.27:845][113]LogInit: XAudio2 using 'Speakers (Realtek High Definition Audio)' : 2 channels at 48 kHz using 32 bits per sample (channel mask 0x3)
[2017.06.11-08.44.27:853][113]LogInit: FAudioDevice initialized.
[2017.06.11-08.44.27:982][113]LogLoad: Game class is 'MeetingGameModeBase_BP_C'
[2017.06.11-08.44.28:040][113]LogWorld: Bringing World /Game/ThirdPersonBP/Maps/UEDPIE_0_ThirdPersonExampleMap.ThirdPersonExampleMap up for play (max tick rate 0) at 2017.06.11-16.44.28
[2017.06.11-08.44.28:070][113]LogWorld: Bringing up level for play took: 0.044740
[2017.06.11-08.44.28:116][113]LogContentBrowser: Native class hierarchy updated for 'MovieSceneCapture' in 0.0020 seconds. Added 11 classes and 0 folders.
[2017.06.11-08.44.28:125][113]PIE: Info Play in editor start time for /Game/ThirdPersonBP/Maps/UEDPIE_0_ThirdPersonExampleMap 1.337
[2017.06.11-08.44.28:125][113]LogBlueprintUserMessages: Late PlayInEditor Detection: Level '/Game/ThirdPersonBP/Maps/ThirdPersonExampleMap.ThirdPersonExampleMap:PersistentLevel' has LevelScriptBlueprint '/Game/ThirdPersonBP/Maps/ThirdPersonExampleMap.ThirdPersonExampleMap:PersistentLevel.ThirdPersonExampleMap' with GeneratedClass '/Game/ThirdPersonBP/Maps/ThirdPersonExampleMap.ThirdPersonExampleMap_C' with ClassGeneratedBy '/Game/ThirdPersonBP/Maps/ThirdPersonExampleMap.ThirdPersonExampleMap:PersistentLevel.ThirdPersonExampleMap'
[2017.06.11-08.44.31:614][387]LogBlueprintUserMessages: Early EndPlayMap Detection: Level '/Game/ThirdPersonBP/Maps/ThirdPersonExampleMap.ThirdPersonExampleMap:PersistentLevel' has LevelScriptBlueprint '/Game/ThirdPersonBP/Maps/ThirdPersonExampleMap.ThirdPersonExampleMap:PersistentLevel.ThirdPersonExampleMap' with GeneratedClass '/Game/ThirdPersonBP/Maps/ThirdPersonExampleMap.ThirdPersonExampleMap_C' with ClassGeneratedBy '/Game/ThirdPersonBP/Maps/ThirdPersonExampleMap.ThirdPersonExampleMap:PersistentLevel.ThirdPersonExampleMap'
[2017.06.11-08.44.31:743][387]LogBlueprintUserMessages: Late EndPlayMap Detection: Level '/Game/ThirdPersonBP/Maps/ThirdPersonExampleMap.ThirdPersonExampleMap:PersistentLevel' has LevelScriptBlueprint '/Game/ThirdPersonBP/Maps/ThirdPersonExampleMap.ThirdPersonExampleMap:PersistentLevel.ThirdPersonExampleMap' with GeneratedClass '/Game/ThirdPersonBP/Maps/ThirdPersonExampleMap.ThirdPersonExampleMap_C' with ClassGeneratedBy '/Game/ThirdPersonBP/Maps/ThirdPersonExampleMap.ThirdPersonExampleMap:PersistentLevel.ThirdPersonExampleMap'
[2017.06.11-08.44.37:414][869]LogDirectoryWatcher:Warning: Failed to begin reading directory changes for C:/Users/User/Desktop/Unreal/Meeting/Plugins/. Error: The system cannot find the file specified. (0x00000002)
[2017.06.11-08.44.39:026][  1]LogDirectoryWatcher: A directory notification for '../../../Engine/Plugins/' was aborted.
[2017.06.11-08.44.42:615][153]LogSlate: Only BGRA pngs, bmps or icos are supported in by External Image Picker
[2017.06.11-08.44.42:883][170]LogTemp:Display: Executing iPhonePackager certificates Engine -bundlename com.YourCompany.Meeting

[2017.06.11-08.44.42:883][170]LogTemp:Display: CWD: D:\UE_4.15\Engine\Binaries\DotNET\IOS

[2017.06.11-08.44.42:883][170]LogTemp:Display: Initial Dir: D:\UE_4.15

[2017.06.11-08.44.42:883][170]LogTemp:Display: Env CWD: D:\UE_4.15\Engine\Binaries\DotNET\IOS

[2017.06.11-08.44.42:883][170]LogTemp:Display: BranchPath = ASUS/D/UE_4.15/Engine/Binaries --- GameBranchPath = ASUS/D/UE_4.15/Engine/Binaries

[2017.06.11-08.44.43:094][195]LogTemp:Display: IPP ERROR: Application exception: System.IO.DirectoryNotFoundException: Could not find a part of the path 'C:\Users\User\AppData\Local\Apple Computer\MobileDevice\Provisioning Profiles'.

[2017.06.11-08.44.43:094][195]LogTemp:Display:    at System.IO.__Error.WinIOError(Int32 errorCode, String maybeFullPath)

[2017.06.11-08.44.43:095][195]LogTemp:Display:    at System.IO.FileSystemEnumerableIterator`1.CommonInit()

[2017.06.11-08.44.43:095][195]LogTemp:Display:    at System.IO.FileSystemEnumerableIterator`1..ctor(String path, String originalUserPath, String searchPattern, SearchOption searchOption, SearchResultHandler`1 resultHandler, Boolean checkHost)

[2017.06.11-08.44.43:095][195]LogTemp:Display:    at System.IO.Directory.EnumerateFiles(String path, String searchPattern)

[2017.06.11-08.44.43:095][195]LogTemp:Display:    at iPhonePackager.CodeSignatureBuilder.FindProvisions(String CFBundleIdentifier)

[2017.06.11-08.44.43:096][195]LogTemp:Display:    at iPhonePackager.Program.Main(String[] args)

[2017.06.11-08.44.51:522][199]LogSlate: Took 0.000189 seconds to synchronously load lazily loaded font '../../../Engine/Content/Slate/Fonts/Roboto-Light.ttf' (159K)
[2017.06.11-08.45.02:047][390]LogTemp: Repeting last play command: Selected Viewport
[2017.06.11-08.45.02:060][390]LogBlueprintUserMessages: Early PlayInEditor Detection: Level '/Game/ThirdPersonBP/Maps/ThirdPersonExampleMap.ThirdPersonExampleMap:PersistentLevel' has LevelScriptBlueprint '/Game/ThirdPersonBP/Maps/ThirdPersonExampleMap.ThirdPersonExampleMap:PersistentLevel.ThirdPersonExampleMap' with GeneratedClass '/Game/ThirdPersonBP/Maps/ThirdPersonExampleMap.ThirdPersonExampleMap_C' with ClassGeneratedBy '/Game/ThirdPersonBP/Maps/ThirdPersonExampleMap.ThirdPersonExampleMap:PersistentLevel.ThirdPersonExampleMap'
[2017.06.11-08.45.02:060][390]LogPlayLevel: PlayLevel: No blueprints needed recompiling
[2017.06.11-08.45.02:060][390]PIE: New page: PIE session: ThirdPersonExampleMap (Jun 12, 2017, 12:45:02 AM)
[2017.06.11-08.45.02:060][390]LogPlayLevel: Creating play world package: /Game/ThirdPersonBP/Maps/UEDPIE_0_ThirdPersonExampleMap
[2017.06.11-08.45.02:111][390]LogPlayLevel: PIE: StaticDuplicateObject took: (0.050133s)
[2017.06.11-08.45.02:111][390]LogAIModule: Creating AISystem for world ThirdPersonExampleMap
[2017.06.11-08.45.02:112][390]LogPlayLevel: PIE: World Init took: (0.000772s)
[2017.06.11-08.45.02:112][390]LogPlayLevel: PIE: Created PIE world by copying editor world from /Game/ThirdPersonBP/Maps/ThirdPersonExampleMap.ThirdPersonExampleMap to /Game/ThirdPersonBP/Maps/UEDPIE_0_ThirdPersonExampleMap.ThirdPersonExampleMap (0.051624s)
[2017.06.11-08.45.02:126][390]LogInit: XAudio2 using 'Speakers (Realtek High Definition Audio)' : 2 channels at 48 kHz using 32 bits per sample (channel mask 0x3)
[2017.06.11-08.45.02:134][390]LogInit: FAudioDevice initialized.
[2017.06.11-08.45.02:167][390]LogLoad: Game class is 'MeetingGameModeBase'
[2017.06.11-08.45.02:184][390]LogWorld: Bringing World /Game/ThirdPersonBP/Maps/UEDPIE_0_ThirdPersonExampleMap.ThirdPersonExampleMap up for play (max tick rate 0) at 2017.06.11-16.45.02
[2017.06.11-08.45.02:187][390]LogWorld: Bringing up level for play took: 0.019157
[2017.06.11-08.45.02:189][390]PIE: Info Play in editor start time for /Game/ThirdPersonBP/Maps/UEDPIE_0_ThirdPersonExampleMap -0.598
[2017.06.11-08.45.02:189][390]LogBlueprintUserMessages: Late PlayInEditor Detection: Level '/Game/ThirdPersonBP/Maps/ThirdPersonExampleMap.ThirdPersonExampleMap:PersistentLevel' has LevelScriptBlueprint '/Game/ThirdPersonBP/Maps/ThirdPersonExampleMap.ThirdPersonExampleMap:PersistentLevel.ThirdPersonExampleMap' with GeneratedClass '/Game/ThirdPersonBP/Maps/ThirdPersonExampleMap.ThirdPersonExampleMap_C' with ClassGeneratedBy '/Game/ThirdPersonBP/Maps/ThirdPersonExampleMap.ThirdPersonExampleMap:PersistentLevel.ThirdPersonExampleMap'
[2017.06.11-08.45.17:575][571]LogBlueprintUserMessages: Early EndPlayMap Detection: Level '/Game/ThirdPersonBP/Maps/ThirdPersonExampleMap.ThirdPersonExampleMap:PersistentLevel' has LevelScriptBlueprint '/Game/ThirdPersonBP/Maps/ThirdPersonExampleMap.ThirdPersonExampleMap:PersistentLevel.ThirdPersonExampleMap' with GeneratedClass '/Game/ThirdPersonBP/Maps/ThirdPersonExampleMap.ThirdPersonExampleMap_C' with ClassGeneratedBy '/Game/ThirdPersonBP/Maps/ThirdPersonExampleMap.ThirdPersonExampleMap:PersistentLevel.ThirdPersonExampleMap'
[2017.06.11-08.45.17:621][571]LogBlueprintUserMessages: Late EndPlayMap Detection: Level '/Game/ThirdPersonBP/Maps/ThirdPersonExampleMap.ThirdPersonExampleMap:PersistentLevel' has LevelScriptBlueprint '/Game/ThirdPersonBP/Maps/ThirdPersonExampleMap.ThirdPersonExampleMap:PersistentLevel.ThirdPersonExampleMap' with GeneratedClass '/Game/ThirdPersonBP/Maps/ThirdPersonExampleMap.ThirdPersonExampleMap_C' with ClassGeneratedBy '/Game/ThirdPersonBP/Maps/ThirdPersonExampleMap.ThirdPersonExampleMap:PersistentLevel.ThirdPersonExampleMap'
[2017.06.11-08.46.17:138][164]LogTemp: Repeting last play command: Selected Viewport
[2017.06.11-08.46.17:152][164]LogBlueprintUserMessages: Early PlayInEditor Detection: Level '/Game/ThirdPersonBP/Maps/ThirdPersonExampleMap.ThirdPersonExampleMap:PersistentLevel' has LevelScriptBlueprint '/Game/ThirdPersonBP/Maps/ThirdPersonExampleMap.ThirdPersonExampleMap:PersistentLevel.ThirdPersonExampleMap' with GeneratedClass '/Game/ThirdPersonBP/Maps/ThirdPersonExampleMap.ThirdPersonExampleMap_C' with ClassGeneratedBy '/Game/ThirdPersonBP/Maps/ThirdPersonExampleMap.ThirdPersonExampleMap:PersistentLevel.ThirdPersonExampleMap'
[2017.06.11-08.46.17:152][164]LogPlayLevel: PlayLevel: No blueprints needed recompiling
[2017.06.11-08.46.17:152][164]PIE: New page: PIE session: ThirdPersonExampleMap (Jun 12, 2017, 12:46:17 AM)
[2017.06.11-08.46.17:153][164]LogPlayLevel: Creating play world package: /Game/ThirdPersonBP/Maps/UEDPIE_0_ThirdPersonExampleMap
[2017.06.11-08.46.17:207][164]LogPlayLevel: PIE: StaticDuplicateObject took: (0.053909s)
[2017.06.11-08.46.17:207][164]LogAIModule: Creating AISystem for world ThirdPersonExampleMap
[2017.06.11-08.46.17:208][164]LogPlayLevel: PIE: World Init took: (0.000960s)
[2017.06.11-08.46.17:208][164]LogPlayLevel: PIE: Created PIE world by copying editor world from /Game/ThirdPersonBP/Maps/ThirdPersonExampleMap.ThirdPersonExampleMap to /Game/ThirdPersonBP/Maps/UEDPIE_0_ThirdPersonExampleMap.ThirdPersonExampleMap (0.055734s)
[2017.06.11-08.46.17:222][164]LogInit: XAudio2 using 'Speakers (Realtek High Definition Audio)' : 2 channels at 48 kHz using 32 bits per sample (channel mask 0x3)
[2017.06.11-08.46.17:231][164]LogInit: FAudioDevice initialized.
[2017.06.11-08.46.17:265][164]LogLoad: Game class is 'MeetingGameModeBase'
[2017.06.11-08.46.17:286][164]LogWorld: Bringing World /Game/ThirdPersonBP/Maps/UEDPIE_0_ThirdPersonExampleMap.ThirdPersonExampleMap up for play (max tick rate 0) at 2017.06.11-16.46.17
[2017.06.11-08.46.17:289][164]LogWorld: Bringing up level for play took: 0.022912
[2017.06.11-08.46.17:291][164]PIE: Info Play in editor start time for /Game/ThirdPersonBP/Maps/UEDPIE_0_ThirdPersonExampleMap 0.504
[2017.06.11-08.46.17:292][164]LogBlueprintUserMessages: Late PlayInEditor Detection: Level '/Game/ThirdPersonBP/Maps/ThirdPersonExampleMap.ThirdPersonExampleMap:PersistentLevel' has LevelScriptBlueprint '/Game/ThirdPersonBP/Maps/ThirdPersonExampleMap.ThirdPersonExampleMap:PersistentLevel.ThirdPersonExampleMap' with GeneratedClass '/Game/ThirdPersonBP/Maps/ThirdPersonExampleMap.ThirdPersonExampleMap_C' with ClassGeneratedBy '/Game/ThirdPersonBP/Maps/ThirdPersonExampleMap.ThirdPersonExampleMap:PersistentLevel.ThirdPersonExampleMap'
[2017.06.11-08.46.45:927][683]LogBlueprintUserMessages: Early EndPlayMap Detection: Level '/Game/ThirdPersonBP/Maps/ThirdPersonExampleMap.ThirdPersonExampleMap:PersistentLevel' has LevelScriptBlueprint '/Game/ThirdPersonBP/Maps/ThirdPersonExampleMap.ThirdPersonExampleMap:PersistentLevel.ThirdPersonExampleMap' with GeneratedClass '/Game/ThirdPersonBP/Maps/ThirdPersonExampleMap.ThirdPersonExampleMap_C' with ClassGeneratedBy '/Game/ThirdPersonBP/Maps/ThirdPersonExampleMap.ThirdPersonExampleMap:PersistentLevel.ThirdPersonExampleMap'
[2017.06.11-08.46.45:974][683]LogBlueprintUserMessages: Late EndPlayMap Detection: Level '/Game/ThirdPersonBP/Maps/ThirdPersonExampleMap.ThirdPersonExampleMap:PersistentLevel' has LevelScriptBlueprint '/Game/ThirdPersonBP/Maps/ThirdPersonExampleMap.ThirdPersonExampleMap:PersistentLevel.ThirdPersonExampleMap' with GeneratedClass '/Game/ThirdPersonBP/Maps/ThirdPersonExampleMap.ThirdPersonExampleMap_C' with ClassGeneratedBy '/Game/ThirdPersonBP/Maps/ThirdPersonExampleMap.ThirdPersonExampleMap:PersistentLevel.ThirdPersonExampleMap'
[2017.06.11-08.46.50:833][987]LogEditorViewport: Clicking on Actor (LMB): StaticMeshActor (1)
[2017.06.11-08.46.52:596][ 91]LogEditorViewport: Clicking on Actor (LMB): StaticMeshActor (2)
[2017.06.11-08.46.59:656][575]Cmd: TRANSACTION UNDO
[2017.06.11-08.46.59:656][575]LogEditorTransaction: Undo Move Actors
[2017.06.11-08.46.59:677][575]LogSlate: Took 0.000305 seconds to synchronously load lazily loaded font '../../../Engine/Content/Slate/Fonts/Roboto-Light.ttf' (159K)
[2017.06.11-08.47.01:191][680]LogEditorViewport: Clicking on Actor (LMB): StaticMeshActor (1)
[2017.06.11-08.47.02:602][779]LogEditorViewport: Clicking on Actor (LMB): StaticMeshActor (2)
[2017.06.11-08.47.04:617][901]LogEditorViewport: Clicking on Actor (LMB): StaticMeshActor (1)
[2017.06.11-08.47.11:146][293]LogEditorViewport: Clicking on Actor (LMB): StaticMeshActor (2)
[2017.06.11-08.47.18:052][786]LogEditorViewport: Clicking on Actor (LMB): StaticMeshActor (corridor_floor2)
[2017.06.11-08.47.19:347][859]LogEditorViewport: Clicking Background
[2017.06.11-08.47.23:367][129]Cmd: SELECT NONE
[2017.06.11-08.49.27:375][685]LogTemp: Repeting last play command: Selected Viewport
[2017.06.11-08.49.27:388][685]LogBlueprintUserMessages: Early PlayInEditor Detection: Level '/Game/ThirdPersonBP/Maps/ThirdPersonExampleMap.ThirdPersonExampleMap:PersistentLevel' has LevelScriptBlueprint '/Game/ThirdPersonBP/Maps/ThirdPersonExampleMap.ThirdPersonExampleMap:PersistentLevel.ThirdPersonExampleMap' with GeneratedClass '/Game/ThirdPersonBP/Maps/ThirdPersonExampleMap.ThirdPersonExampleMap_C' with ClassGeneratedBy '/Game/ThirdPersonBP/Maps/ThirdPersonExampleMap.ThirdPersonExampleMap:PersistentLevel.ThirdPersonExampleMap'
[2017.06.11-08.49.27:388][685]LogPlayLevel: PlayLevel: No blueprints needed recompiling
[2017.06.11-08.49.27:389][685]PIE: New page: PIE session: ThirdPersonExampleMap (Jun 12, 2017, 12:49:27 AM)
[2017.06.11-08.49.27:389][685]LogPlayLevel: Creating play world package: /Game/ThirdPersonBP/Maps/UEDPIE_0_ThirdPersonExampleMap
[2017.06.11-08.49.27:439][685]LogPlayLevel: PIE: StaticDuplicateObject took: (0.050137s)
[2017.06.11-08.49.27:440][685]LogAIModule: Creating AISystem for world ThirdPersonExampleMap
[2017.06.11-08.49.27:440][685]LogPlayLevel: PIE: World Init took: (0.000685s)
[2017.06.11-08.49.27:440][685]LogPlayLevel: PIE: Created PIE world by copying editor world from /Game/ThirdPersonBP/Maps/ThirdPersonExampleMap.ThirdPersonExampleMap to /Game/ThirdPersonBP/Maps/UEDPIE_0_ThirdPersonExampleMap.ThirdPersonExampleMap (0.051539s)
[2017.06.11-08.49.27:453][685]LogInit: XAudio2 using 'Speakers (Realtek High Definition Audio)' : 2 channels at 48 kHz using 32 bits per sample (channel mask 0x3)
[2017.06.11-08.49.27:461][685]LogInit: FAudioDevice initialized.
[2017.06.11-08.49.27:492][685]LogLoad: Game class is 'MeetingGameModeBase'
[2017.06.11-08.49.27:507][685]LogWorld: Bringing World /Game/ThirdPersonBP/Maps/UEDPIE_0_ThirdPersonExampleMap.ThirdPersonExampleMap up for play (max tick rate 0) at 2017.06.11-16.49.27
[2017.06.11-08.49.27:510][685]LogWorld: Bringing up level for play took: 0.017469
[2017.06.11-08.49.27:512][685]PIE: Info Play in editor start time for /Game/ThirdPersonBP/Maps/UEDPIE_0_ThirdPersonExampleMap 0.725
[2017.06.11-08.49.27:513][685]LogBlueprintUserMessages: Late PlayInEditor Detection: Level '/Game/ThirdPersonBP/Maps/ThirdPersonExampleMap.ThirdPersonExampleMap:PersistentLevel' has LevelScriptBlueprint '/Game/ThirdPersonBP/Maps/ThirdPersonExampleMap.ThirdPersonExampleMap:PersistentLevel.ThirdPersonExampleMap' with GeneratedClass '/Game/ThirdPersonBP/Maps/ThirdPersonExampleMap.ThirdPersonExampleMap_C' with ClassGeneratedBy '/Game/ThirdPersonBP/Maps/ThirdPersonExampleMap.ThirdPersonExampleMap:PersistentLevel.ThirdPersonExampleMap'
[2017.06.11-08.49.29:939][890]LogBlueprintUserMessages: Early EndPlayMap Detection: Level '/Game/ThirdPersonBP/Maps/ThirdPersonExampleMap.ThirdPersonExampleMap:PersistentLevel' has LevelScriptBlueprint '/Game/ThirdPersonBP/Maps/ThirdPersonExampleMap.ThirdPersonExampleMap:PersistentLevel.ThirdPersonExampleMap' with GeneratedClass '/Game/ThirdPersonBP/Maps/ThirdPersonExampleMap.ThirdPersonExampleMap_C' with ClassGeneratedBy '/Game/ThirdPersonBP/Maps/ThirdPersonExampleMap.ThirdPersonExampleMap:PersistentLevel.ThirdPersonExampleMap'
[2017.06.11-08.49.29:975][890]LogBlueprintUserMessages: Late EndPlayMap Detection: Level '/Game/ThirdPersonBP/Maps/ThirdPersonExampleMap.ThirdPersonExampleMap:PersistentLevel' has LevelScriptBlueprint '/Game/ThirdPersonBP/Maps/ThirdPersonExampleMap.ThirdPersonExampleMap:PersistentLevel.ThirdPersonExampleMap' with GeneratedClass '/Game/ThirdPersonBP/Maps/ThirdPersonExampleMap.ThirdPersonExampleMap_C' with ClassGeneratedBy '/Game/ThirdPersonBP/Maps/ThirdPersonExampleMap.ThirdPersonExampleMap:PersistentLevel.ThirdPersonExampleMap'
[2017.06.11-08.53.40:745][690]LogSlate: Only BGRA pngs, bmps or icos are supported in by External Image Picker
[2017.06.11-08.53.40:802][691]LogTemp:Display: Executing iPhonePackager certificates Engine -bundlename com.YourCompany.Meeting

[2017.06.11-08.53.40:802][691]LogTemp:Display: CWD: D:\UE_4.15\Engine\Binaries\DotNET\IOS

[2017.06.11-08.53.40:802][691]LogTemp:Display: Initial Dir: D:\UE_4.15

[2017.06.11-08.53.40:802][691]LogTemp:Display: Env CWD: D:\UE_4.15\Engine\Binaries\DotNET\IOS

[2017.06.11-08.53.40:802][691]LogTemp:Display: BranchPath = ASUS/D/UE_4.15/Engine/Binaries --- GameBranchPath = ASUS/D/UE_4.15/Engine/Binaries

[2017.06.11-08.53.40:810][692]LogTemp:Display: IPP ERROR: Application exception: System.IO.DirectoryNotFoundException: Could not find a part of the path 'C:\Users\User\AppData\Local\Apple Computer\MobileDevice\Provisioning Profiles'.

[2017.06.11-08.53.40:810][692]LogTemp:Display:    at System.IO.__Error.WinIOError(Int32 errorCode, String maybeFullPath)

[2017.06.11-08.53.40:811][692]LogTemp:Display:    at System.IO.FileSystemEnumerableIterator`1.CommonInit()

[2017.06.11-08.53.40:811][692]LogTemp:Display:    at System.IO.FileSystemEnumerableIterator`1..ctor(String path, String originalUserPath, String searchPattern, SearchOption searchOption, SearchResultHandler`1 resultHandler, Boolean checkHost)

[2017.06.11-08.53.40:811][692]LogTemp:Display:    at System.IO.Directory.EnumerateFiles(String path, String searchPattern)

[2017.06.11-08.53.40:811][692]LogTemp:Display:    at iPhonePackager.CodeSignatureBuilder.FindProvisions(String CFBundleIdentifier)

[2017.06.11-08.53.40:812][692]LogTemp:Display:    at iPhonePackager.Program.Main(String[] args)

[2017.06.11-08.53.52:766][975]LogTemp: Repeting last play command: Selected Viewport
[2017.06.11-08.53.52:779][975]LogBlueprintUserMessages: Early PlayInEditor Detection: Level '/Game/ThirdPersonBP/Maps/ThirdPersonExampleMap.ThirdPersonExampleMap:PersistentLevel' has LevelScriptBlueprint '/Game/ThirdPersonBP/Maps/ThirdPersonExampleMap.ThirdPersonExampleMap:PersistentLevel.ThirdPersonExampleMap' with GeneratedClass '/Game/ThirdPersonBP/Maps/ThirdPersonExampleMap.ThirdPersonExampleMap_C' with ClassGeneratedBy '/Game/ThirdPersonBP/Maps/ThirdPersonExampleMap.ThirdPersonExampleMap:PersistentLevel.ThirdPersonExampleMap'
[2017.06.11-08.53.52:780][975]LogPlayLevel: PlayLevel: No blueprints needed recompiling
[2017.06.11-08.53.52:780][975]PIE: New page: PIE session: ThirdPersonExampleMap (Jun 12, 2017, 12:53:52 AM)
[2017.06.11-08.53.52:780][975]LogPlayLevel: Creating play world package: /Game/ThirdPersonBP/Maps/UEDPIE_0_ThirdPersonExampleMap
[2017.06.11-08.53.52:831][975]LogPlayLevel: PIE: StaticDuplicateObject took: (0.050803s)
[2017.06.11-08.53.52:832][975]LogAIModule: Creating AISystem for world ThirdPersonExampleMap
[2017.06.11-08.53.52:832][975]LogPlayLevel: PIE: World Init took: (0.000671s)
[2017.06.11-08.53.52:832][975]LogPlayLevel: PIE: Created PIE world by copying editor world from /Game/ThirdPersonBP/Maps/ThirdPersonExampleMap.ThirdPersonExampleMap to /Game/ThirdPersonBP/Maps/UEDPIE_0_ThirdPersonExampleMap.ThirdPersonExampleMap (0.052139s)
[2017.06.11-08.53.52:846][975]LogInit: XAudio2 using 'Speakers (Realtek High Definition Audio)' : 2 channels at 48 kHz using 32 bits per sample (channel mask 0x3)
[2017.06.11-08.53.52:858][975]LogInit: FAudioDevice initialized.
[2017.06.11-08.53.52:886][975]LogLoad: Game class is 'MeetingGameModeBase_BP_C'
[2017.06.11-08.53.52:902][975]LogWorld: Bringing World /Game/ThirdPersonBP/Maps/UEDPIE_0_ThirdPersonExampleMap.ThirdPersonExampleMap up for play (max tick rate 0) at 2017.06.11-16.53.52
[2017.06.11-08.53.52:906][975]LogWorld: Bringing up level for play took: 0.017662
[2017.06.11-08.53.52:908][975]PIE: Info Play in editor start time for /Game/ThirdPersonBP/Maps/UEDPIE_0_ThirdPersonExampleMap 0.121
[2017.06.11-08.53.52:909][975]LogBlueprintUserMessages: Late PlayInEditor Detection: Level '/Game/ThirdPersonBP/Maps/ThirdPersonExampleMap.ThirdPersonExampleMap:PersistentLevel' has LevelScriptBlueprint '/Game/ThirdPersonBP/Maps/ThirdPersonExampleMap.ThirdPersonExampleMap:PersistentLevel.ThirdPersonExampleMap' with GeneratedClass '/Game/ThirdPersonBP/Maps/ThirdPersonExampleMap.ThirdPersonExampleMap_C' with ClassGeneratedBy '/Game/ThirdPersonBP/Maps/ThirdPersonExampleMap.ThirdPersonExampleMap:PersistentLevel.ThirdPersonExampleMap'
[2017.06.11-08.53.53:800][ 48]LogBlueprintUserMessages: Early EndPlayMap Detection: Level '/Game/ThirdPersonBP/Maps/ThirdPersonExampleMap.ThirdPersonExampleMap:PersistentLevel' has LevelScriptBlueprint '/Game/ThirdPersonBP/Maps/ThirdPersonExampleMap.ThirdPersonExampleMap:PersistentLevel.ThirdPersonExampleMap' with GeneratedClass '/Game/ThirdPersonBP/Maps/ThirdPersonExampleMap.ThirdPersonExampleMap_C' with ClassGeneratedBy '/Game/ThirdPersonBP/Maps/ThirdPersonExampleMap.ThirdPersonExampleMap:PersistentLevel.ThirdPersonExampleMap'
[2017.06.11-08.53.53:843][ 48]LogBlueprintUserMessages: Late EndPlayMap Detection: Level '/Game/ThirdPersonBP/Maps/ThirdPersonExampleMap.ThirdPersonExampleMap:PersistentLevel' has LevelScriptBlueprint '/Game/ThirdPersonBP/Maps/ThirdPersonExampleMap.ThirdPersonExampleMap:PersistentLevel.ThirdPersonExampleMap' with GeneratedClass '/Game/ThirdPersonBP/Maps/ThirdPersonExampleMap.ThirdPersonExampleMap_C' with ClassGeneratedBy '/Game/ThirdPersonBP/Maps/ThirdPersonExampleMap.ThirdPersonExampleMap:PersistentLevel.ThirdPersonExampleMap'
[2017.06.11-08.55.23:125][360]LogVSAccessor:Warning: Visual Studio is open but could not be queried - it may be blocked by a modal operation
[2017.06.11-08.55.35:600][361]LogVSAccessor:Warning: Couldn't goto line number '0' in 'C:/Users/User/Desktop/Unreal/Meeting/Source/Meeting/MainPlayer.h'
[2017.06.11-08.55.36:316][361]LogVSAccessor:Warning: Couldn't goto line number '0' in 'C:/Users/User/Desktop/Unreal/Meeting/Source/Meeting/MainPlayer.cpp'
[2017.06.11-08.55.56:493][381]LogSlate: Took 0.000202 seconds to synchronously load lazily loaded font '../../../Engine/Content/Slate/Fonts/Roboto-Regular.ttf' (155K)
[2017.06.11-08.55.57:742][381]LogSavePackage: Save=7497.91ms
[2017.06.11-08.55.57:742][381]LogSavePackage: Moving 'C:/Users/User/Desktop/Unreal/Meeting/Saved/ThirdPersonExampleMap_Auto1668613784BB51BCEE757C8A7A247F06C.tmp' to 'C:/Users/User/Desktop/Unreal/Meeting/Saved/Autosaves/Game/ThirdPersonBP/Maps/ThirdPersonExampleMap_Auto1.umap'
[2017.06.11-08.55.57:803][381]LogSavePackage:Display: Finished SavePackage C:/Users/User/Desktop/Unreal/Meeting/Saved/Autosaves/Game/ThirdPersonBP/Maps/ThirdPersonExampleMap_Auto1.umap
[2017.06.11-08.55.58:128][381]LogFileHelpers: Editor autosave (incl. sublevels) for '/Game/ThirdPersonBP/Maps/ThirdPersonExampleMap' took 14.904
[2017.06.11-08.55.58:128][381]LogFileHelpers: Editor autosave (incl. sublevels) for all levels took 14.904
[2017.06.11-08.56.43:820][758]LogTemp: Repeting last play command: Selected Viewport
[2017.06.11-08.56.43:834][758]LogBlueprintUserMessages: Early PlayInEditor Detection: Level '/Game/ThirdPersonBP/Maps/ThirdPersonExampleMap.ThirdPersonExampleMap:PersistentLevel' has LevelScriptBlueprint '/Game/ThirdPersonBP/Maps/ThirdPersonExampleMap.ThirdPersonExampleMap:PersistentLevel.ThirdPersonExampleMap' with GeneratedClass '/Game/ThirdPersonBP/Maps/ThirdPersonExampleMap.ThirdPersonExampleMap_C' with ClassGeneratedBy '/Game/ThirdPersonBP/Maps/ThirdPersonExampleMap.ThirdPersonExampleMap:PersistentLevel.ThirdPersonExampleMap'
[2017.06.11-08.56.43:834][758]LogPlayLevel: PlayLevel: No blueprints needed recompiling
[2017.06.11-08.56.43:835][758]PIE: New page: PIE session: ThirdPersonExampleMap (Jun 12, 2017, 12:56:43 AM)
[2017.06.11-08.56.43:835][758]LogPlayLevel: Creating play world package: /Game/ThirdPersonBP/Maps/UEDPIE_0_ThirdPersonExampleMap
[2017.06.11-08.56.43:889][758]LogPlayLevel: PIE: StaticDuplicateObject took: (0.053940s)
[2017.06.11-08.56.43:890][758]LogAIModule: Creating AISystem for world ThirdPersonExampleMap
[2017.06.11-08.56.43:890][758]LogPlayLevel: PIE: World Init took: (0.000913s)
[2017.06.11-08.56.43:890][758]LogPlayLevel: PIE: Created PIE world by copying editor world from /Game/ThirdPersonBP/Maps/ThirdPersonExampleMap.ThirdPersonExampleMap to /Game/ThirdPersonBP/Maps/UEDPIE_0_ThirdPersonExampleMap.ThirdPersonExampleMap (0.055630s)
[2017.06.11-08.56.43:923][758]LogInit: XAudio2 using 'Speakers (Realtek High Definition Audio)' : 2 channels at 48 kHz using 32 bits per sample (channel mask 0x3)
[2017.06.11-08.56.43:932][758]LogInit: FAudioDevice initialized.
[2017.06.11-08.56.43:966][758]LogLoad: Game class is 'MeetingGameModeBase_BP_C'
[2017.06.11-08.56.43:987][758]LogWorld: Bringing World /Game/ThirdPersonBP/Maps/UEDPIE_0_ThirdPersonExampleMap.ThirdPersonExampleMap up for play (max tick rate 0) at 2017.06.11-16.56.43
[2017.06.11-08.56.43:990][758]LogWorld: Bringing up level for play took: 0.023340
[2017.06.11-08.56.44:021][758]PIE: Info Play in editor start time for /Game/ThirdPersonBP/Maps/UEDPIE_0_ThirdPersonExampleMap -0.766
[2017.06.11-08.56.44:022][758]LogBlueprintUserMessages: Late PlayInEditor Detection: Level '/Game/ThirdPersonBP/Maps/ThirdPersonExampleMap.ThirdPersonExampleMap:PersistentLevel' has LevelScriptBlueprint '/Game/ThirdPersonBP/Maps/ThirdPersonExampleMap.ThirdPersonExampleMap:PersistentLevel.ThirdPersonExampleMap' with GeneratedClass '/Game/ThirdPersonBP/Maps/ThirdPersonExampleMap.ThirdPersonExampleMap_C' with ClassGeneratedBy '/Game/ThirdPersonBP/Maps/ThirdPersonExampleMap.ThirdPersonExampleMap:PersistentLevel.ThirdPersonExampleMap'
[2017.06.11-08.57.08:109][207]LogEditorViewport: Clicking on Actor (LMB): Emitter (P_Steam_Lit3)
[2017.06.11-08.57.09:857][266]LogEditorViewport: Clicking on Actor (LMB): Emitter (P_Steam_Lit3)
[2017.06.11-08.57.10:331][287]LogEditorViewport: Clicking on Actor (LMB): Emitter (P_Steam_Lit3)
[2017.06.11-08.57.10:791][306]LogEditorViewport: Clicking on Actor (LMB): Emitter (P_Steam_Lit3)
[2017.06.11-08.57.12:940][391]LogEditorViewport: Clicking on Actor (LMB): MainPlayer_BP_C (MainPlayer_BP)
[2017.06.11-08.57.17:698][585]LogBlueprintUserMessages: Early EndPlayMap Detection: Level '/Game/ThirdPersonBP/Maps/ThirdPersonExampleMap.ThirdPersonExampleMap:PersistentLevel' has LevelScriptBlueprint '/Game/ThirdPersonBP/Maps/ThirdPersonExampleMap.ThirdPersonExampleMap:PersistentLevel.ThirdPersonExampleMap' with GeneratedClass '/Game/ThirdPersonBP/Maps/ThirdPersonExampleMap.ThirdPersonExampleMap_C' with ClassGeneratedBy '/Game/ThirdPersonBP/Maps/ThirdPersonExampleMap.ThirdPersonExampleMap:PersistentLevel.ThirdPersonExampleMap'
[2017.06.11-08.57.18:101][585]LogBlueprintUserMessages: Late EndPlayMap Detection: Level '/Game/ThirdPersonBP/Maps/ThirdPersonExampleMap.ThirdPersonExampleMap:PersistentLevel' has LevelScriptBlueprint '/Game/ThirdPersonBP/Maps/ThirdPersonExampleMap.ThirdPersonExampleMap:PersistentLevel.ThirdPersonExampleMap' with GeneratedClass '/Game/ThirdPersonBP/Maps/ThirdPersonExampleMap.ThirdPersonExampleMap_C' with ClassGeneratedBy '/Game/ThirdPersonBP/Maps/ThirdPersonExampleMap.ThirdPersonExampleMap:PersistentLevel.ThirdPersonExampleMap'
[2017.06.11-09.04.28:805][338]LogSlate: Only BGRA pngs, bmps or icos are supported in by External Image Picker
[2017.06.11-09.04.30:810][568]LogTemp:Display: Executing iPhonePackager certificates Engine -bundlename com.YourCompany.Meeting

[2017.06.11-09.04.30:810][568]LogTemp:Display: CWD: D:\UE_4.15\Engine\Binaries\DotNET\IOS

[2017.06.11-09.04.30:810][568]LogTemp:Display: Initial Dir: D:\UE_4.15

[2017.06.11-09.04.30:810][568]LogTemp:Display: Env CWD: D:\UE_4.15\Engine\Binaries\DotNET\IOS

[2017.06.11-09.04.30:906][571]LogTemp:Display: BranchPath = ASUS/D/UE_4.15/Engine/Binaries --- GameBranchPath = ASUS/D/UE_4.15/Engine/Binaries

[2017.06.11-09.04.32:423][719]LogTemp:Display: IPP ERROR: Application exception: System.IO.DirectoryNotFoundException: Could not find a part of the path 'C:\Users\User\AppData\Local\Apple Computer\MobileDevice\Provisioning Profiles'.

[2017.06.11-09.04.32:424][719]LogTemp:Display:    at System.IO.__Error.WinIOError(Int32 errorCode, String maybeFullPath)

[2017.06.11-09.04.32:424][719]LogTemp:Display:    at System.IO.FileSystemEnumerableIterator`1.CommonInit()

[2017.06.11-09.04.32:424][719]LogTemp:Display:    at System.IO.FileSystemEnumerableIterator`1..ctor(String path, String originalUserPath, String searchPattern, SearchOption searchOption, SearchResultHandler`1 resultHandler, Boolean checkHost)

[2017.06.11-09.04.32:425][719]LogTemp:Display:    at System.IO.Directory.EnumerateFiles(String path, String searchPattern)

[2017.06.11-09.04.32:425][719]LogTemp:Display:    at iPhonePackager.CodeSignatureBuilder.FindProvisions(String CFBundleIdentifier)

[2017.06.11-09.04.32:425][719]LogTemp:Display:    at iPhonePackager.Program.Main(String[] args)

[2017.06.11-09.05.16:320][201]LogTemp: Repeting last play command: Selected Viewport
[2017.06.11-09.05.16:333][201]LogBlueprintUserMessages: Early PlayInEditor Detection: Level '/Game/ThirdPersonBP/Maps/ThirdPersonExampleMap.ThirdPersonExampleMap:PersistentLevel' has LevelScriptBlueprint '/Game/ThirdPersonBP/Maps/ThirdPersonExampleMap.ThirdPersonExampleMap:PersistentLevel.ThirdPersonExampleMap' with GeneratedClass '/Game/ThirdPersonBP/Maps/ThirdPersonExampleMap.ThirdPersonExampleMap_C' with ClassGeneratedBy '/Game/ThirdPersonBP/Maps/ThirdPersonExampleMap.ThirdPersonExampleMap:PersistentLevel.ThirdPersonExampleMap'
[2017.06.11-09.05.16:333][201]LogPlayLevel: PlayLevel: No blueprints needed recompiling
[2017.06.11-09.05.16:334][201]PIE: New page: PIE session: ThirdPersonExampleMap (Jun 12, 2017, 1:05:16 AM)
[2017.06.11-09.05.16:334][201]LogPlayLevel: Creating play world package: /Game/ThirdPersonBP/Maps/UEDPIE_0_ThirdPersonExampleMap
[2017.06.11-09.05.16:386][201]LogPlayLevel: PIE: StaticDuplicateObject took: (0.051549s)
[2017.06.11-09.05.16:386][201]LogAIModule: Creating AISystem for world ThirdPersonExampleMap
[2017.06.11-09.05.16:386][201]LogPlayLevel: PIE: World Init took: (0.000756s)
[2017.06.11-09.05.16:387][201]LogPlayLevel: PIE: Created PIE world by copying editor world from /Game/ThirdPersonBP/Maps/ThirdPersonExampleMap.ThirdPersonExampleMap to /Game/ThirdPersonBP/Maps/UEDPIE_0_ThirdPersonExampleMap.ThirdPersonExampleMap (0.053104s)
[2017.06.11-09.05.16:402][201]LogInit: XAudio2 using 'Speakers (Realtek High Definition Audio)' : 2 channels at 48 kHz using 32 bits per sample (channel mask 0x3)
[2017.06.11-09.05.16:413][201]LogInit: FAudioDevice initialized.
[2017.06.11-09.05.16:442][201]LogLoad: Game class is 'MeetingGameModeBase_BP_C'
[2017.06.11-09.05.16:458][201]LogWorld: Bringing World /Game/ThirdPersonBP/Maps/UEDPIE_0_ThirdPersonExampleMap.ThirdPersonExampleMap up for play (max tick rate 0) at 2017.06.11-17.05.16
[2017.06.11-09.05.16:461][201]LogWorld: Bringing up level for play took: 0.018034
[2017.06.11-09.05.16:463][201]PIE: Info Play in editor start time for /Game/ThirdPersonBP/Maps/UEDPIE_0_ThirdPersonExampleMap -0.324
[2017.06.11-09.05.16:464][201]LogBlueprintUserMessages: Late PlayInEditor Detection: Level '/Game/ThirdPersonBP/Maps/ThirdPersonExampleMap.ThirdPersonExampleMap:PersistentLevel' has LevelScriptBlueprint '/Game/ThirdPersonBP/Maps/ThirdPersonExampleMap.ThirdPersonExampleMap:PersistentLevel.ThirdPersonExampleMap' with GeneratedClass '/Game/ThirdPersonBP/Maps/ThirdPersonExampleMap.ThirdPersonExampleMap_C' with ClassGeneratedBy '/Game/ThirdPersonBP/Maps/ThirdPersonExampleMap.ThirdPersonExampleMap:PersistentLevel.ThirdPersonExampleMap'
[2017.06.11-09.05.17:704][304]LogBlueprintUserMessages: Early EndPlayMap Detection: Level '/Game/ThirdPersonBP/Maps/ThirdPersonExampleMap.ThirdPersonExampleMap:PersistentLevel' has LevelScriptBlueprint '/Game/ThirdPersonBP/Maps/ThirdPersonExampleMap.ThirdPersonExampleMap:PersistentLevel.ThirdPersonExampleMap' with GeneratedClass '/Game/ThirdPersonBP/Maps/ThirdPersonExampleMap.ThirdPersonExampleMap_C' with ClassGeneratedBy '/Game/ThirdPersonBP/Maps/ThirdPersonExampleMap.ThirdPersonExampleMap:PersistentLevel.ThirdPersonExampleMap'
[2017.06.11-09.05.17:740][304]LogBlueprintUserMessages: Late EndPlayMap Detection: Level '/Game/ThirdPersonBP/Maps/ThirdPersonExampleMap.ThirdPersonExampleMap:PersistentLevel' has LevelScriptBlueprint '/Game/ThirdPersonBP/Maps/ThirdPersonExampleMap.ThirdPersonExampleMap:PersistentLevel.ThirdPersonExampleMap' with GeneratedClass '/Game/ThirdPersonBP/Maps/ThirdPersonExampleMap.ThirdPersonExampleMap_C' with ClassGeneratedBy '/Game/ThirdPersonBP/Maps/ThirdPersonExampleMap.ThirdPersonExampleMap:PersistentLevel.ThirdPersonExampleMap'
[2017.06.11-09.24.23:430][169]LogSlate: Only BGRA pngs, bmps or icos are supported in by External Image Picker
[2017.06.11-09.24.23:493][171]LogTemp:Display: Executing iPhonePackager certificates Engine -bundlename com.YourCompany.Meeting

[2017.06.11-09.24.23:493][171]LogTemp:Display: CWD: D:\UE_4.15\Engine\Binaries\DotNET\IOS

[2017.06.11-09.24.23:493][171]LogTemp:Display: Initial Dir: D:\UE_4.15

[2017.06.11-09.24.23:493][171]LogTemp:Display: Env CWD: D:\UE_4.15\Engine\Binaries\DotNET\IOS

[2017.06.11-09.24.23:493][171]LogTemp:Display: BranchPath = ASUS/D/UE_4.15/Engine/Binaries --- GameBranchPath = ASUS/D/UE_4.15/Engine/Binaries

[2017.06.11-09.24.23:533][172]LogTemp:Display: IPP ERROR: Application exception: System.IO.DirectoryNotFoundException: Could not find a part of the path 'C:\Users\User\AppData\Local\Apple Computer\MobileDevice\Provisioning Profiles'.

[2017.06.11-09.24.23:533][172]LogTemp:Display:    at System.IO.__Error.WinIOError(Int32 errorCode, String maybeFullPath)

[2017.06.11-09.24.23:533][172]LogTemp:Display:    at System.IO.FileSystemEnumerableIterator`1.CommonInit()

[2017.06.11-09.24.23:534][172]LogTemp:Display:    at System.IO.FileSystemEnumerableIterator`1..ctor(String path, String originalUserPath, String searchPattern, SearchOption searchOption, SearchResultHandler`1 resultHandler, Boolean checkHost)

[2017.06.11-09.24.23:534][172]LogTemp:Display:    at System.IO.Directory.EnumerateFiles(String path, String searchPattern)

[2017.06.11-09.24.23:534][172]LogTemp:Display:    at iPhonePackager.CodeSignatureBuilder.FindProvisions(String CFBundleIdentifier)

[2017.06.11-09.24.23:534][172]LogTemp:Display:    at iPhonePackager.Program.Main(String[] args)

[2017.06.11-09.25.03:617][ 18]LogSlate: Only BGRA pngs, bmps or icos are supported in by External Image Picker
[2017.06.11-09.25.03:671][ 19]LogTemp:Display: Executing iPhonePackager certificates Engine -bundlename com.YourCompany.Meeting

[2017.06.11-09.25.03:671][ 19]LogTemp:Display: CWD: D:\UE_4.15\Engine\Binaries\DotNET\IOS

[2017.06.11-09.25.03:671][ 19]LogTemp:Display: Initial Dir: D:\UE_4.15

[2017.06.11-09.25.03:671][ 19]LogTemp:Display: Env CWD: D:\UE_4.15\Engine\Binaries\DotNET\IOS

[2017.06.11-09.25.03:671][ 19]LogTemp:Display: BranchPath = ASUS/D/UE_4.15/Engine/Binaries --- GameBranchPath = ASUS/D/UE_4.15/Engine/Binaries

[2017.06.11-09.25.03:672][ 19]LogTemp:Display: IPP ERROR: Application exception: System.IO.DirectoryNotFoundException: Could not find a part of the path 'C:\Users\User\AppData\Local\Apple Computer\MobileDevice\Provisioning Profiles'.

[2017.06.11-09.25.03:672][ 19]LogTemp:Display:    at System.IO.__Error.WinIOError(Int32 errorCode, String maybeFullPath)

[2017.06.11-09.25.03:672][ 19]LogTemp:Display:    at System.IO.FileSystemEnumerableIterator`1.CommonInit()

[2017.06.11-09.25.03:672][ 19]LogTemp:Display:    at System.IO.FileSystemEnumerableIterator`1..ctor(String path, String originalUserPath, String searchPattern, SearchOption searchOption, SearchResultHandler`1 resultHandler, Boolean checkHost)

[2017.06.11-09.25.03:673][ 19]LogTemp:Display:    at System.IO.Directory.EnumerateFiles(String path, String searchPattern)

[2017.06.11-09.25.03:673][ 19]LogTemp:Display:    at iPhonePackager.CodeSignatureBuilder.FindProvisions(String CFBundleIdentifier)

[2017.06.11-09.25.03:673][ 19]LogTemp:Display:    at iPhonePackager.Program.Main(String[] args)

[2017.06.11-09.27.51:091][596]Recompiling Meeting...
[2017.06.11-09.27.51:105][596]Launching UnrealBuildTool... [D:/UE_4.15/Engine/Binaries/DotNET/UnrealBuildTool.exe Meeting -ModuleWithSuffix Meeting 2016 Win64 Development -editorrecompile -canskiplink "C:/Users/User/Desktop/Unreal/Meeting/Meeting.uproject" ]
[2017.06.11-09.27.51:238][596]Warning: Starting HotReload took  0.2s.
[2017.06.11-09.30.22:352][609]CompilerResultsLog: New page: Compilation - Jun 12, 2017, 1:30:22 AM
[2017.06.11-09.30.22:352][609]CompilerResultsLog: Info Compiling game modules for hot reload
[2017.06.11-09.30.22:353][609]CompilerResultsLog: Info Parsing headers for MeetingEditor
[2017.06.11-09.30.22:353][609]CompilerResultsLog: Info   Running UnrealHeaderTool "C:\Users\User\Desktop\Unreal\Meeting\Meeting.uproject" "C:\Users\User\Desktop\Unreal\Meeting\Intermediate\Build\Win64\MeetingEditor\Development\MeetingEditor.uhtmanifest" -LogCmds="loginit warning, logexit warning, logdatabase error" -Unattended -WarningsAsErrors -installed
[2017.06.11-09.30.22:353][609]CompilerResultsLog: Info Reflection code generated for MeetingEditor in 5.0292154 seconds
[2017.06.11-09.30.22:353][609]CompilerResultsLog: Info Performing 5 actions (4 in parallel)
[2017.06.11-09.30.22:353][609]CompilerResultsLog: Info Meeting.generated.cpp
[2017.06.11-09.30.22:353][609]CompilerResultsLog: Info MainPlayer.cpp
[2017.06.11-09.30.22:353][609]CompilerResultsLog: Info OpenDoor.cpp
[2017.06.11-09.30.22:353][609]LogMainFrame: MainFrame: Module compiling took 151.266 seconds
[2017.06.11-09.30.22:493][609]Warning: HotReload failed, recompile failed
[2017.06.11-09.30.57:214][514]LogTemp: Repeting last play command: Selected Viewport
[2017.06.11-09.30.57:227][514]LogBlueprintUserMessages: Early PlayInEditor Detection: Level '/Game/ThirdPersonBP/Maps/ThirdPersonExampleMap.ThirdPersonExampleMap:PersistentLevel' has LevelScriptBlueprint '/Game/ThirdPersonBP/Maps/ThirdPersonExampleMap.ThirdPersonExampleMap:PersistentLevel.ThirdPersonExampleMap' with GeneratedClass '/Game/ThirdPersonBP/Maps/ThirdPersonExampleMap.ThirdPersonExampleMap_C' with ClassGeneratedBy '/Game/ThirdPersonBP/Maps/ThirdPersonExampleMap.ThirdPersonExampleMap:PersistentLevel.ThirdPersonExampleMap'
[2017.06.11-09.30.57:228][514]LogPlayLevel: PlayLevel: No blueprints needed recompiling
[2017.06.11-09.30.57:228][514]PIE: New page: PIE session: ThirdPersonExampleMap (Jun 12, 2017, 1:30:57 AM)
[2017.06.11-09.30.57:228][514]LogPlayLevel: Creating play world package: /Game/ThirdPersonBP/Maps/UEDPIE_0_ThirdPersonExampleMap
[2017.06.11-09.30.57:279][514]LogPlayLevel: PIE: StaticDuplicateObject took: (0.050991s)
[2017.06.11-09.30.57:280][514]LogAIModule: Creating AISystem for world ThirdPersonExampleMap
[2017.06.11-09.30.57:280][514]LogPlayLevel: PIE: World Init took: (0.000899s)
[2017.06.11-09.30.57:281][514]LogPlayLevel: PIE: Created PIE world by copying editor world from /Game/ThirdPersonBP/Maps/ThirdPersonExampleMap.ThirdPersonExampleMap to /Game/ThirdPersonBP/Maps/UEDPIE_0_ThirdPersonExampleMap.ThirdPersonExampleMap (0.052732s)
[2017.06.11-09.30.57:295][514]LogInit: XAudio2 using 'Speakers (Realtek High Definition Audio)' : 2 channels at 48 kHz using 32 bits per sample (channel mask 0x3)
[2017.06.11-09.30.57:306][514]LogInit: FAudioDevice initialized.
[2017.06.11-09.30.57:340][514]LogLoad: Game class is 'MeetingGameModeBase_BP_C'
[2017.06.11-09.30.57:356][514]LogWorld: Bringing World /Game/ThirdPersonBP/Maps/UEDPIE_0_ThirdPersonExampleMap.ThirdPersonExampleMap up for play (max tick rate 0) at 2017.06.11-17.30.57
[2017.06.11-09.30.57:359][514]LogWorld: Bringing up level for play took: 0.017899
[2017.06.11-09.30.57:362][514]PIE: Info Play in editor start time for /Game/ThirdPersonBP/Maps/UEDPIE_0_ThirdPersonExampleMap 0.575
[2017.06.11-09.30.57:363][514]LogBlueprintUserMessages: Late PlayInEditor Detection: Level '/Game/ThirdPersonBP/Maps/ThirdPersonExampleMap.ThirdPersonExampleMap:PersistentLevel' has LevelScriptBlueprint '/Game/ThirdPersonBP/Maps/ThirdPersonExampleMap.ThirdPersonExampleMap:PersistentLevel.ThirdPersonExampleMap' with GeneratedClass '/Game/ThirdPersonBP/Maps/ThirdPersonExampleMap.ThirdPersonExampleMap_C' with ClassGeneratedBy '/Game/ThirdPersonBP/Maps/ThirdPersonExampleMap.ThirdPersonExampleMap:PersistentLevel.ThirdPersonExampleMap'
[2017.06.11-09.31.05:283][175]LogBlueprintUserMessages: Early EndPlayMap Detection: Level '/Game/ThirdPersonBP/Maps/ThirdPersonExampleMap.ThirdPersonExampleMap:PersistentLevel' has LevelScriptBlueprint '/Game/ThirdPersonBP/Maps/ThirdPersonExampleMap.ThirdPersonExampleMap:PersistentLevel.ThirdPersonExampleMap' with GeneratedClass '/Game/ThirdPersonBP/Maps/ThirdPersonExampleMap.ThirdPersonExampleMap_C' with ClassGeneratedBy '/Game/ThirdPersonBP/Maps/ThirdPersonExampleMap.ThirdPersonExampleMap:PersistentLevel.ThirdPersonExampleMap'
[2017.06.11-09.31.05:330][175]LogBlueprintUserMessages: Late EndPlayMap Detection: Level '/Game/ThirdPersonBP/Maps/ThirdPersonExampleMap.ThirdPersonExampleMap:PersistentLevel' has LevelScriptBlueprint '/Game/ThirdPersonBP/Maps/ThirdPersonExampleMap.ThirdPersonExampleMap:PersistentLevel.ThirdPersonExampleMap' with GeneratedClass '/Game/ThirdPersonBP/Maps/ThirdPersonExampleMap.ThirdPersonExampleMap_C' with ClassGeneratedBy '/Game/ThirdPersonBP/Maps/ThirdPersonExampleMap.ThirdPersonExampleMap:PersistentLevel.ThirdPersonExampleMap'
[2017.06.11-09.31.35:371][461]LogTemp: Repeting last play command: Selected Viewport
[2017.06.11-09.31.35:383][461]LogBlueprintUserMessages: Early PlayInEditor Detection: Level '/Game/ThirdPersonBP/Maps/ThirdPersonExampleMap.ThirdPersonExampleMap:PersistentLevel' has LevelScriptBlueprint '/Game/ThirdPersonBP/Maps/ThirdPersonExampleMap.ThirdPersonExampleMap:PersistentLevel.ThirdPersonExampleMap' with GeneratedClass '/Game/ThirdPersonBP/Maps/ThirdPersonExampleMap.ThirdPersonExampleMap_C' with ClassGeneratedBy '/Game/ThirdPersonBP/Maps/ThirdPersonExampleMap.ThirdPersonExampleMap:PersistentLevel.ThirdPersonExampleMap'
[2017.06.11-09.31.35:384][461]LogPlayLevel: PlayLevel: No blueprints needed recompiling
[2017.06.11-09.31.35:384][461]PIE: New page: PIE session: ThirdPersonExampleMap (Jun 12, 2017, 1:31:35 AM)
[2017.06.11-09.31.35:384][461]LogPlayLevel: Creating play world package: /Game/ThirdPersonBP/Maps/UEDPIE_0_ThirdPersonExampleMap
[2017.06.11-09.31.35:433][461]LogPlayLevel: PIE: StaticDuplicateObject took: (0.048516s)
[2017.06.11-09.31.35:434][461]LogAIModule: Creating AISystem for world ThirdPersonExampleMap
[2017.06.11-09.31.35:434][461]LogPlayLevel: PIE: World Init took: (0.000708s)
[2017.06.11-09.31.35:434][461]LogPlayLevel: PIE: Created PIE world by copying editor world from /Game/ThirdPersonBP/Maps/ThirdPersonExampleMap.ThirdPersonExampleMap to /Game/ThirdPersonBP/Maps/UEDPIE_0_ThirdPersonExampleMap.ThirdPersonExampleMap (0.049868s)
[2017.06.11-09.31.35:447][461]LogInit: XAudio2 using 'Speakers (Realtek High Definition Audio)' : 2 channels at 48 kHz using 32 bits per sample (channel mask 0x3)
[2017.06.11-09.31.35:457][461]LogInit: FAudioDevice initialized.
[2017.06.11-09.31.35:485][461]LogLoad: Game class is 'MeetingGameModeBase_BP_C'
[2017.06.11-09.31.35:500][461]LogWorld: Bringing World /Game/ThirdPersonBP/Maps/UEDPIE_0_ThirdPersonExampleMap.ThirdPersonExampleMap up for play (max tick rate 0) at 2017.06.11-17.31.35
[2017.06.11-09.31.35:504][461]LogWorld: Bringing up level for play took: 0.017561
[2017.06.11-09.31.35:506][461]PIE: Info Play in editor start time for /Game/ThirdPersonBP/Maps/UEDPIE_0_ThirdPersonExampleMap 0.719
[2017.06.11-09.31.35:506][461]LogBlueprintUserMessages: Late PlayInEditor Detection: Level '/Game/ThirdPersonBP/Maps/ThirdPersonExampleMap.ThirdPersonExampleMap:PersistentLevel' has LevelScriptBlueprint '/Game/ThirdPersonBP/Maps/ThirdPersonExampleMap.ThirdPersonExampleMap:PersistentLevel.ThirdPersonExampleMap' with GeneratedClass '/Game/ThirdPersonBP/Maps/ThirdPersonExampleMap.ThirdPersonExampleMap_C' with ClassGeneratedBy '/Game/ThirdPersonBP/Maps/ThirdPersonExampleMap.ThirdPersonExampleMap:PersistentLevel.ThirdPersonExampleMap'
[2017.06.11-09.31.44:302][195]LogBlueprintUserMessages: Early EndPlayMap Detection: Level '/Game/ThirdPersonBP/Maps/ThirdPersonExampleMap.ThirdPersonExampleMap:PersistentLevel' has LevelScriptBlueprint '/Game/ThirdPersonBP/Maps/ThirdPersonExampleMap.ThirdPersonExampleMap:PersistentLevel.ThirdPersonExampleMap' with GeneratedClass '/Game/ThirdPersonBP/Maps/ThirdPersonExampleMap.ThirdPersonExampleMap_C' with ClassGeneratedBy '/Game/ThirdPersonBP/Maps/ThirdPersonExampleMap.ThirdPersonExampleMap:PersistentLevel.ThirdPersonExampleMap'
[2017.06.11-09.31.44:351][195]LogBlueprintUserMessages: Late EndPlayMap Detection: Level '/Game/ThirdPersonBP/Maps/ThirdPersonExampleMap.ThirdPersonExampleMap:PersistentLevel' has LevelScriptBlueprint '/Game/ThirdPersonBP/Maps/ThirdPersonExampleMap.ThirdPersonExampleMap:PersistentLevel.ThirdPersonExampleMap' with GeneratedClass '/Game/ThirdPersonBP/Maps/ThirdPersonExampleMap.ThirdPersonExampleMap_C' with ClassGeneratedBy '/Game/ThirdPersonBP/Maps/ThirdPersonExampleMap.ThirdPersonExampleMap:PersistentLevel.ThirdPersonExampleMap'
[2017.06.11-09.31.48:623][455]LogSlate: Only BGRA pngs, bmps or icos are supported in by External Image Picker
[2017.06.11-09.31.48:673][456]LogTemp:Display: Executing iPhonePackager certificates Engine -bundlename com.YourCompany.Meeting

[2017.06.11-09.31.48:673][456]LogTemp:Display: CWD: D:\UE_4.15\Engine\Binaries\DotNET\IOS

[2017.06.11-09.31.48:673][456]LogTemp:Display: Initial Dir: D:\UE_4.15

[2017.06.11-09.31.48:673][456]LogTemp:Display: Env CWD: D:\UE_4.15\Engine\Binaries\DotNET\IOS

[2017.06.11-09.31.48:685][457]LogTemp:Display: BranchPath = ASUS/D/UE_4.15/Engine/Binaries --- GameBranchPath = ASUS/D/UE_4.15/Engine/Binaries

[2017.06.11-09.31.48:696][457]LogTemp:Display: IPP ERROR: Application exception: System.IO.DirectoryNotFoundException: Could not find a part of the path 'C:\Users\User\AppData\Local\Apple Computer\MobileDevice\Provisioning Profiles'.

[2017.06.11-09.31.48:696][457]LogTemp:Display:    at System.IO.__Error.WinIOError(Int32 errorCode, String maybeFullPath)

[2017.06.11-09.31.48:696][457]LogTemp:Display:    at System.IO.FileSystemEnumerableIterator`1.CommonInit()

[2017.06.11-09.31.48:696][457]LogTemp:Display:    at System.IO.FileSystemEnumerableIterator`1..ctor(String path, String originalUserPath, String searchPattern, SearchOption searchOption, SearchResultHandler`1 resultHandler, Boolean checkHost)

[2017.06.11-09.31.48:696][457]LogTemp:Display:    at System.IO.Directory.EnumerateFiles(String path, String searchPattern)

[2017.06.11-09.31.48:696][457]LogTemp:Display:    at iPhonePackager.CodeSignatureBuilder.FindProvisions(String CFBundleIdentifier)

[2017.06.11-09.31.48:697][457]LogTemp:Display:    at iPhonePackager.Program.Main(String[] args)

[2017.06.11-09.32.11:656][ 97]LogTemp: Repeting last play command: Selected Viewport
[2017.06.11-09.32.11:670][ 97]LogBlueprintUserMessages: Early PlayInEditor Detection: Level '/Game/ThirdPersonBP/Maps/ThirdPersonExampleMap.ThirdPersonExampleMap:PersistentLevel' has LevelScriptBlueprint '/Game/ThirdPersonBP/Maps/ThirdPersonExampleMap.ThirdPersonExampleMap:PersistentLevel.ThirdPersonExampleMap' with GeneratedClass '/Game/ThirdPersonBP/Maps/ThirdPersonExampleMap.ThirdPersonExampleMap_C' with ClassGeneratedBy '/Game/ThirdPersonBP/Maps/ThirdPersonExampleMap.ThirdPersonExampleMap:PersistentLevel.ThirdPersonExampleMap'
[2017.06.11-09.32.11:670][ 97]LogPlayLevel: PlayLevel: No blueprints needed recompiling
[2017.06.11-09.32.11:670][ 97]PIE: New page: PIE session: ThirdPersonExampleMap (Jun 12, 2017, 1:32:11 AM)
[2017.06.11-09.32.11:670][ 97]LogPlayLevel: Creating play world package: /Game/ThirdPersonBP/Maps/UEDPIE_0_ThirdPersonExampleMap
[2017.06.11-09.32.11:721][ 97]LogPlayLevel: PIE: StaticDuplicateObject took: (0.049880s)
[2017.06.11-09.32.11:721][ 97]LogAIModule: Creating AISystem for world ThirdPersonExampleMap
[2017.06.11-09.32.11:721][ 97]LogPlayLevel: PIE: World Init took: (0.000655s)
[2017.06.11-09.32.11:722][ 97]LogPlayLevel: PIE: Created PIE world by copying editor world from /Game/ThirdPersonBP/Maps/ThirdPersonExampleMap.ThirdPersonExampleMap to /Game/ThirdPersonBP/Maps/UEDPIE_0_ThirdPersonExampleMap.ThirdPersonExampleMap (0.051240s)
[2017.06.11-09.32.11:735][ 97]LogInit: XAudio2 using 'Speakers (Realtek High Definition Audio)' : 2 channels at 48 kHz using 32 bits per sample (channel mask 0x3)
[2017.06.11-09.32.11:745][ 97]LogInit: FAudioDevice initialized.
[2017.06.11-09.32.11:773][ 97]LogLoad: Game class is 'MeetingGameModeBase_BP_C'
[2017.06.11-09.32.11:791][ 97]LogWorld: Bringing World /Game/ThirdPersonBP/Maps/UEDPIE_0_ThirdPersonExampleMap.ThirdPersonExampleMap up for play (max tick rate 0) at 2017.06.11-17.32.11
[2017.06.11-09.32.11:794][ 97]LogWorld: Bringing up level for play took: 0.019823
[2017.06.11-09.32.11:797][ 97]PIE: Info Play in editor start time for /Game/ThirdPersonBP/Maps/UEDPIE_0_ThirdPersonExampleMap 1.01
[2017.06.11-09.32.11:798][ 97]LogBlueprintUserMessages: Late PlayInEditor Detection: Level '/Game/ThirdPersonBP/Maps/ThirdPersonExampleMap.ThirdPersonExampleMap:PersistentLevel' has LevelScriptBlueprint '/Game/ThirdPersonBP/Maps/ThirdPersonExampleMap.ThirdPersonExampleMap:PersistentLevel.ThirdPersonExampleMap' with GeneratedClass '/Game/ThirdPersonBP/Maps/ThirdPersonExampleMap.ThirdPersonExampleMap_C' with ClassGeneratedBy '/Game/ThirdPersonBP/Maps/ThirdPersonExampleMap.ThirdPersonExampleMap:PersistentLevel.ThirdPersonExampleMap'
[2017.06.11-09.32.15:612][424]LogBlueprintUserMessages: Early EndPlayMap Detection: Level '/Game/ThirdPersonBP/Maps/ThirdPersonExampleMap.ThirdPersonExampleMap:PersistentLevel' has LevelScriptBlueprint '/Game/ThirdPersonBP/Maps/ThirdPersonExampleMap.ThirdPersonExampleMap:PersistentLevel.ThirdPersonExampleMap' with GeneratedClass '/Game/ThirdPersonBP/Maps/ThirdPersonExampleMap.ThirdPersonExampleMap_C' with ClassGeneratedBy '/Game/ThirdPersonBP/Maps/ThirdPersonExampleMap.ThirdPersonExampleMap:PersistentLevel.ThirdPersonExampleMap'
[2017.06.11-09.32.15:655][424]LogBlueprintUserMessages: Late EndPlayMap Detection: Level '/Game/ThirdPersonBP/Maps/ThirdPersonExampleMap.ThirdPersonExampleMap:PersistentLevel' has LevelScriptBlueprint '/Game/ThirdPersonBP/Maps/ThirdPersonExampleMap.ThirdPersonExampleMap:PersistentLevel.ThirdPersonExampleMap' with GeneratedClass '/Game/ThirdPersonBP/Maps/ThirdPersonExampleMap.ThirdPersonExampleMap_C' with ClassGeneratedBy '/Game/ThirdPersonBP/Maps/ThirdPersonExampleMap.ThirdPersonExampleMap:PersistentLevel.ThirdPersonExampleMap'
[2017.06.11-09.32.26:327][568]Recompiling Meeting...
[2017.06.11-09.32.26:328][568]Launching UnrealBuildTool... [D:/UE_4.15/Engine/Binaries/DotNET/UnrealBuildTool.exe Meeting -ModuleWithSuffix Meeting 2448 Win64 Development -editorrecompile -canskiplink "C:/Users/User/Desktop/Unreal/Meeting/Meeting.uproject" ]
[2017.06.11-09.32.26:329][568]Warning: Starting HotReload took  0.0s.
[2017.06.11-09.32.28:766][785]CompilerResultsLog: New page: Compilation - Jun 12, 2017, 1:32:28 AM
[2017.06.11-09.32.28:784][785]CompilerResultsLog: Info Compiling game modules for hot reload
[2017.06.11-09.32.28:784][785]CompilerResultsLog: Info Target is up to date
[2017.06.11-09.32.28:784][785]CompilerResultsLog: Info Total build time: 2.14 seconds (NoActionsToExecute executor: 0.00 seconds)
[2017.06.11-09.32.28:784][785]LogMainFrame: MainFrame: Module compiling took 2.463 seconds
[2017.06.11-09.32.28:803][785]LogContentBrowser: Native class hierarchy populated in 0.0108 seconds. Added 2250 classes and 459 folders.
[2017.06.11-09.32.28:926][785]Display: HotReload took  2.6s.
[2017.06.11-09.32.31:018][979]LogTemp: Repeting last play command: Selected Viewport
[2017.06.11-09.32.31:031][979]LogBlueprintUserMessages: Early PlayInEditor Detection: Level '/Game/ThirdPersonBP/Maps/ThirdPersonExampleMap.ThirdPersonExampleMap:PersistentLevel' has LevelScriptBlueprint '/Game/ThirdPersonBP/Maps/ThirdPersonExampleMap.ThirdPersonExampleMap:PersistentLevel.ThirdPersonExampleMap' with GeneratedClass '/Game/ThirdPersonBP/Maps/ThirdPersonExampleMap.ThirdPersonExampleMap_C' with ClassGeneratedBy '/Game/ThirdPersonBP/Maps/ThirdPersonExampleMap.ThirdPersonExampleMap:PersistentLevel.ThirdPersonExampleMap'
[2017.06.11-09.32.31:032][979]LogPlayLevel: PlayLevel: No blueprints needed recompiling
[2017.06.11-09.32.31:032][979]PIE: New page: PIE session: ThirdPersonExampleMap (Jun 12, 2017, 1:32:31 AM)
[2017.06.11-09.32.31:032][979]LogPlayLevel: Creating play world package: /Game/ThirdPersonBP/Maps/UEDPIE_0_ThirdPersonExampleMap
[2017.06.11-09.32.31:081][979]LogPlayLevel: PIE: StaticDuplicateObject took: (0.048720s)
[2017.06.11-09.32.31:082][979]LogAIModule: Creating AISystem for world ThirdPersonExampleMap
[2017.06.11-09.32.31:082][979]LogPlayLevel: PIE: World Init took: (0.000746s)
[2017.06.11-09.32.31:083][979]LogPlayLevel: PIE: Created PIE world by copying editor world from /Game/ThirdPersonBP/Maps/ThirdPersonExampleMap.ThirdPersonExampleMap to /Game/ThirdPersonBP/Maps/UEDPIE_0_ThirdPersonExampleMap.ThirdPersonExampleMap (0.050158s)
[2017.06.11-09.32.31:096][979]LogInit: XAudio2 using 'Speakers (Realtek High Definition Audio)' : 2 channels at 48 kHz using 32 bits per sample (channel mask 0x3)
[2017.06.11-09.32.31:107][979]LogInit: FAudioDevice initialized.
[2017.06.11-09.32.31:137][979]LogLoad: Game class is 'MeetingGameModeBase_BP_C'
[2017.06.11-09.32.31:153][979]LogWorld: Bringing World /Game/ThirdPersonBP/Maps/UEDPIE_0_ThirdPersonExampleMap.ThirdPersonExampleMap up for play (max tick rate 0) at 2017.06.11-17.32.31
[2017.06.11-09.32.31:156][979]LogWorld: Bringing up level for play took: 0.017818
[2017.06.11-09.32.31:159][979]PIE: Info Play in editor start time for /Game/ThirdPersonBP/Maps/UEDPIE_0_ThirdPersonExampleMap 0.372
[2017.06.11-09.32.31:159][979]LogBlueprintUserMessages: Late PlayInEditor Detection: Level '/Game/ThirdPersonBP/Maps/ThirdPersonExampleMap.ThirdPersonExampleMap:PersistentLevel' has LevelScriptBlueprint '/Game/ThirdPersonBP/Maps/ThirdPersonExampleMap.ThirdPersonExampleMap:PersistentLevel.ThirdPersonExampleMap' with GeneratedClass '/Game/ThirdPersonBP/Maps/ThirdPersonExampleMap.ThirdPersonExampleMap_C' with ClassGeneratedBy '/Game/ThirdPersonBP/Maps/ThirdPersonExampleMap.ThirdPersonExampleMap:PersistentLevel.ThirdPersonExampleMap'
[2017.06.11-09.32.36:550][433]LogBlueprintUserMessages: Early EndPlayMap Detection: Level '/Game/ThirdPersonBP/Maps/ThirdPersonExampleMap.ThirdPersonExampleMap:PersistentLevel' has LevelScriptBlueprint '/Game/ThirdPersonBP/Maps/ThirdPersonExampleMap.ThirdPersonExampleMap:PersistentLevel.ThirdPersonExampleMap' with GeneratedClass '/Game/ThirdPersonBP/Maps/ThirdPersonExampleMap.ThirdPersonExampleMap_C' with ClassGeneratedBy '/Game/ThirdPersonBP/Maps/ThirdPersonExampleMap.ThirdPersonExampleMap:PersistentLevel.ThirdPersonExampleMap'
[2017.06.11-09.32.36:594][433]LogBlueprintUserMessages: Late EndPlayMap Detection: Level '/Game/ThirdPersonBP/Maps/ThirdPersonExampleMap.ThirdPersonExampleMap:PersistentLevel' has LevelScriptBlueprint '/Game/ThirdPersonBP/Maps/ThirdPersonExampleMap.ThirdPersonExampleMap:PersistentLevel.ThirdPersonExampleMap' with GeneratedClass '/Game/ThirdPersonBP/Maps/ThirdPersonExampleMap.ThirdPersonExampleMap_C' with ClassGeneratedBy '/Game/ThirdPersonBP/Maps/ThirdPersonExampleMap.ThirdPersonExampleMap:PersistentLevel.ThirdPersonExampleMap'
[2017.06.11-09.35.19:635][ 80]LogTemp: Repeting last play command: Selected Viewport
[2017.06.11-09.35.19:649][ 80]LogBlueprintUserMessages: Early PlayInEditor Detection: Level '/Game/ThirdPersonBP/Maps/ThirdPersonExampleMap.ThirdPersonExampleMap:PersistentLevel' has LevelScriptBlueprint '/Game/ThirdPersonBP/Maps/ThirdPersonExampleMap.ThirdPersonExampleMap:PersistentLevel.ThirdPersonExampleMap' with GeneratedClass '/Game/ThirdPersonBP/Maps/ThirdPersonExampleMap.ThirdPersonExampleMap_C' with ClassGeneratedBy '/Game/ThirdPersonBP/Maps/ThirdPersonExampleMap.ThirdPersonExampleMap:PersistentLevel.ThirdPersonExampleMap'
[2017.06.11-09.35.19:649][ 80]LogPlayLevel: PlayLevel: No blueprints needed recompiling
[2017.06.11-09.35.19:650][ 80]PIE: New page: PIE session: ThirdPersonExampleMap (Jun 12, 2017, 1:35:19 AM)
[2017.06.11-09.35.19:650][ 80]LogPlayLevel: Creating play world package: /Game/ThirdPersonBP/Maps/UEDPIE_0_ThirdPersonExampleMap
[2017.06.11-09.35.19:699][ 80]LogPlayLevel: PIE: StaticDuplicateObject took: (0.049677s)
[2017.06.11-09.35.19:700][ 80]LogAIModule: Creating AISystem for world ThirdPersonExampleMap
[2017.06.11-09.35.19:700][ 80]LogPlayLevel: PIE: World Init took: (0.000668s)
[2017.06.11-09.35.19:701][ 80]LogPlayLevel: PIE: Created PIE world by copying editor world from /Game/ThirdPersonBP/Maps/ThirdPersonExampleMap.ThirdPersonExampleMap to /Game/ThirdPersonBP/Maps/UEDPIE_0_ThirdPersonExampleMap.ThirdPersonExampleMap (0.050994s)
[2017.06.11-09.35.19:714][ 80]LogInit: XAudio2 using 'Speakers (Realtek High Definition Audio)' : 2 channels at 48 kHz using 32 bits per sample (channel mask 0x3)
[2017.06.11-09.35.19:724][ 80]LogInit: FAudioDevice initialized.
[2017.06.11-09.35.19:753][ 80]LogLoad: Game class is 'MeetingGameModeBase_BP_C'
[2017.06.11-09.35.19:769][ 80]LogWorld: Bringing World /Game/ThirdPersonBP/Maps/UEDPIE_0_ThirdPersonExampleMap.ThirdPersonExampleMap up for play (max tick rate 0) at 2017.06.11-17.35.19
[2017.06.11-09.35.19:772][ 80]LogWorld: Bringing up level for play took: 0.017721
[2017.06.11-09.35.19:775][ 80]PIE: Info Play in editor start time for /Game/ThirdPersonBP/Maps/UEDPIE_0_ThirdPersonExampleMap 0.988
[2017.06.11-09.35.19:776][ 80]LogBlueprintUserMessages: Late PlayInEditor Detection: Level '/Game/ThirdPersonBP/Maps/ThirdPersonExampleMap.ThirdPersonExampleMap:PersistentLevel' has LevelScriptBlueprint '/Game/ThirdPersonBP/Maps/ThirdPersonExampleMap.ThirdPersonExampleMap:PersistentLevel.ThirdPersonExampleMap' with GeneratedClass '/Game/ThirdPersonBP/Maps/ThirdPersonExampleMap.ThirdPersonExampleMap_C' with ClassGeneratedBy '/Game/ThirdPersonBP/Maps/ThirdPersonExampleMap.ThirdPersonExampleMap:PersistentLevel.ThirdPersonExampleMap'
[2017.06.11-09.35.25:147][523]LogEditorViewport: Clicking on Actor (LMB): MainPlayer_BP_C (MainPlayer_BP)
[2017.06.11-09.35.26:717][605]LogSlate: Took 0.021568 seconds to synchronously load lazily loaded font '../../../Engine/Content/Editor/Slate/Fonts/Roboto-Italic.ttf' (157K)
[2017.06.11-09.35.35:736][237]LogBlueprintUserMessages: Early EndPlayMap Detection: Level '/Game/ThirdPersonBP/Maps/ThirdPersonExampleMap.ThirdPersonExampleMap:PersistentLevel' has LevelScriptBlueprint '/Game/ThirdPersonBP/Maps/ThirdPersonExampleMap.ThirdPersonExampleMap:PersistentLevel.ThirdPersonExampleMap' with GeneratedClass '/Game/ThirdPersonBP/Maps/ThirdPersonExampleMap.ThirdPersonExampleMap_C' with ClassGeneratedBy '/Game/ThirdPersonBP/Maps/ThirdPersonExampleMap.ThirdPersonExampleMap:PersistentLevel.ThirdPersonExampleMap'
[2017.06.11-09.35.35:803][237]LogBlueprintUserMessages: Late EndPlayMap Detection: Level '/Game/ThirdPersonBP/Maps/ThirdPersonExampleMap.ThirdPersonExampleMap:PersistentLevel' has LevelScriptBlueprint '/Game/ThirdPersonBP/Maps/ThirdPersonExampleMap.ThirdPersonExampleMap:PersistentLevel.ThirdPersonExampleMap' with GeneratedClass '/Game/ThirdPersonBP/Maps/ThirdPersonExampleMap.ThirdPersonExampleMap_C' with ClassGeneratedBy '/Game/ThirdPersonBP/Maps/ThirdPersonExampleMap.ThirdPersonExampleMap:PersistentLevel.ThirdPersonExampleMap'
[2017.06.11-09.41.42:659][162]LogHotReload: New module detected: UE4Editor-Meeting-6945.dll
[2017.06.11-09.41.43:330][165]LogHotReload: Starting Hot-Reload from IDE
[2017.06.11-09.41.45:481][165]LogClass: Could not find existing class MainPlayer in package /Script/Meeting for HotReload, assuming new class
[2017.06.11-09.41.45:517][165]LogHotReload: Re-instancing MainPlayer after hot-reload.
[2017.06.11-09.41.45:868][165]LogContentBrowser: Native class hierarchy updated for 'Meeting' in 0.0022 seconds. Added 3 classes and 2 folders.
[2017.06.11-09.41.45:870][165]Display: HotReload successful (0 functions remapped  0 scriptstructs remapped)
[2017.06.11-09.41.45:934][165]LogContentBrowser: Native class hierarchy populated in 0.0108 seconds. Added 2250 classes and 459 folders.
[2017.06.11-09.41.45:940][165]Display: HotReload took  2.6s.
[2017.06.11-09.41.51:416][249]LogTemp: Repeting last play command: Selected Viewport
[2017.06.11-09.41.51:429][249]LogBlueprintUserMessages: Early PlayInEditor Detection: Level '/Game/ThirdPersonBP/Maps/ThirdPersonExampleMap.ThirdPersonExampleMap:PersistentLevel' has LevelScriptBlueprint '/Game/ThirdPersonBP/Maps/ThirdPersonExampleMap.ThirdPersonExampleMap:PersistentLevel.ThirdPersonExampleMap' with GeneratedClass '/Game/ThirdPersonBP/Maps/ThirdPersonExampleMap.ThirdPersonExampleMap_C' with ClassGeneratedBy '/Game/ThirdPersonBP/Maps/ThirdPersonExampleMap.ThirdPersonExampleMap:PersistentLevel.ThirdPersonExampleMap'
[2017.06.11-09.41.51:429][249]LogPlayLevel: PlayLevel: No blueprints needed recompiling
[2017.06.11-09.41.51:430][249]PIE: New page: PIE session: ThirdPersonExampleMap (Jun 12, 2017, 1:41:51 AM)
[2017.06.11-09.41.51:430][249]LogPlayLevel: Creating play world package: /Game/ThirdPersonBP/Maps/UEDPIE_0_ThirdPersonExampleMap
[2017.06.11-09.41.51:479][249]LogPlayLevel: PIE: StaticDuplicateObject took: (0.049091s)
[2017.06.11-09.41.51:480][249]LogAIModule: Creating AISystem for world ThirdPersonExampleMap
[2017.06.11-09.41.51:480][249]LogPlayLevel: PIE: World Init took: (0.000708s)
[2017.06.11-09.41.51:480][249]LogPlayLevel: PIE: Created PIE world by copying editor world from /Game/ThirdPersonBP/Maps/ThirdPersonExampleMap.ThirdPersonExampleMap to /Game/ThirdPersonBP/Maps/UEDPIE_0_ThirdPersonExampleMap.ThirdPersonExampleMap (0.050453s)
[2017.06.11-09.41.51:493][249]LogInit: XAudio2 using 'Speakers (Realtek High Definition Audio)' : 2 channels at 48 kHz using 32 bits per sample (channel mask 0x3)
[2017.06.11-09.41.51:503][249]LogInit: FAudioDevice initialized.
[2017.06.11-09.41.51:535][249]LogLoad: Game class is 'MeetingGameModeBase_BP_C'
[2017.06.11-09.41.51:552][249]LogWorld: Bringing World /Game/ThirdPersonBP/Maps/UEDPIE_0_ThirdPersonExampleMap.ThirdPersonExampleMap up for play (max tick rate 0) at 2017.06.11-17.41.51
[2017.06.11-09.41.51:555][249]LogWorld: Bringing up level for play took: 0.018350
[2017.06.11-09.42.04:107][249]LogCrashTracker: 


[2017.06.11-09.42.04:107][249]LogCrashTracker: 


[2017.06.11-09.42.04:107][249]LogWindows:Error: === Critical error: ===
[2017.06.11-09.42.04:107][249]LogWindows:Error: 
[2017.06.11-09.42.04:107][249]LogWindows:Error: Fatal error!
[2017.06.11-09.42.04:107][249]LogWindows:Error: 
[2017.06.11-09.42.04:107][249]LogWindows:Error: Unhandled Exception: EXCEPTION_ACCESS_VIOLATION reading address 0x00000128
[2017.06.11-09.42.04:107][249]LogWindows:Error: 
[2017.06.11-09.42.04:107][249]LogWindows:Error: UE4Editor-Meeting-6945.dll!UInputComponent::BindAxis<AMainPlayer>() [d:\ue_4.15\engine\source\runtime\engine\classes\components\inputcomponent.h:708]
[2017.06.11-09.42.04:108][249]LogWindows:Error: UE4Editor-Meeting-6945.dll!AMainPlayer::SetupPlayerInputComponent() [c:\users\user\desktop\unreal\meeting\source\meeting\mainplayer.cpp:44]
[2017.06.11-09.42.04:108][249]LogWindows:Error: UE4Editor-Engine.dll!0x000000004FBA066C
[2017.06.11-09.42.04:108][249]LogWindows:Error: UE4Editor-Engine.dll!0x000000004FC317CB
[2017.06.11-09.42.04:108][249]LogWindows:Error: UE4Editor-Engine.dll!0x000000004EF31E66
[2017.06.11-09.42.04:108][249]LogWindows:Error: UE4Editor-CoreUObject.dll!0x0000000062A0509A
[2017.06.11-09.42.04:108][249]LogWindows:Error: UE4Editor-CoreUObject.dll!0x0000000062B5B43B
[2017.06.11-09.42.04:108][249]LogWindows:Error: UE4Editor-Engine.dll!0x000000004F003922
[2017.06.11-09.42.04:108][249]LogWindows:Error: UE4Editor-Engine.dll!0x000000005018DDC8
[2017.06.11-09.42.04:108][249]LogWindows:Error: UE4Editor-Engine.dll!0x000000004FC4DE48
[2017.06.11-09.42.04:108][249]LogWindows:Error: UE4Editor-Engine.dll!0x000000004F6B4110
[2017.06.11-09.42.04:108][249]LogWindows:Error: UE4Editor-Engine.dll!0x000000004F6D4A84
[2017.06.11-09.42.04:108][249]LogWindows:Error: UE4Editor-Engine.dll!0x000000004F6D474E
[2017.06.11-09.42.04:108][249]LogWindows:Error: UE4Editor-Engine.dll!0x000000004F6C0F90
[2017.06.11-09.42.04:109][249]LogWindows:Error: UE4Editor-Engine.dll!0x000000004F3A4526
[2017.06.11-09.42.04:109][249]LogWindows:Error: UE4Editor-CoreUObject.dll!0x0000000062A0509A
[2017.06.11-09.42.04:109][249]LogWindows:Error: UE4Editor-CoreUObject.dll!0x0000000062B5B43B
[2017.06.11-09.42.04:109][249]LogWindows:Error: UE4Editor-Engine.dll!0x000000004F003922
[2017.06.11-09.42.04:109][249]LogWindows:Error: UE4Editor-Engine.dll!0x0000000050238718
[2017.06.11-09.42.04:109][249]LogWindows:Error: UE4Editor-Engine.dll!0x000000004F841AB4
[2017.06.11-09.42.04:109][249]LogWindows:Error: UE4Editor-Engine.dll!0x000000004F8CD4C4
[2017.06.11-09.42.04:109][249]LogWindows:Error: UE4Editor-Engine.dll!0x000000004F6DBFD1
[2017.06.11-09.42.04:109][249]LogWindows:Error: UE4Editor-UnrealEd.dll!0x0000000052C28BE7
[2017.06.11-09.42.04:109][249]LogWindows:Error: UE4Editor-UnrealEd.dll!0x0000000052C553ED
[2017.06.11-09.42.04:109][249]LogWindows:Error: UE4Editor-UnrealEd.dll!0x0000000052C71874
[2017.06.11-09.42.04:109][249]LogWindows:Error: UE4Editor-UnrealEd.dll!0x000000005275626B
[2017.06.11-09.42.04:109][249]LogWindows:Error: UE4Editor-UnrealEd.dll!0x0000000052F62196
[2017.06.11-09.42.04:109][249]LogWindows:Error: UE4Editor.exe!0x00000000168DDEE3
[2017.06.11-09.42.04:109][249]LogWindows:Error: UE4Editor.exe!0x00000000168CEB40
[2017.06.11-09.42.04:110][249]LogWindows:Error: UE4Editor.exe!0x00000000168CEBBA
[2017.06.11-09.42.04:110][249]LogWindows:Error: UE4Editor.exe!0x00000000168E0A29
[2017.06.11-09.42.04:110][249]LogWindows:Error: UE4Editor.exe!0x00000000168E22B6
[2017.06.11-09.42.04:110][249]LogWindows:Error: KERNEL32.DLL!0x000000007E3D8102
[2017.06.11-09.42.04:110][249]LogWindows:Error: ntdll.dll!0x000000008086C5B4
[2017.06.11-09.42.04:110][249]LogWindows:Error: ntdll.dll!0x000000008086C5B4
[2017.06.11-09.42.04:110][249]LogWindows:Error: 
[2017.06.11-09.42.04:172][249]LogExit: Executing StaticShutdownAfterError
[2017.06.11-09.42.05:256][249]LogWindows: FPlatformMisc::RequestExit(1)
[2017.06.11-09.42.05:293][249]Log file closed, 06/11/17 17:42:05
