Log file open, 11/20/17 03:22:42
LogInit:Display: Running engine for game: Meeting
LogPlatformFile: Not using cached read wrapper
LogInit:Display: RandInit(1821990554) SRandInit(1821990554).
LogTaskGraph: Started task graph with 5 named threads and 8 total threads with 1 sets of task threads.
LogStats: Stats thread started at 0.080941
LogInit: Using libcurl 7.47.1
LogInit:  - built for x86_64-pc-win32
LogInit:  - supports SSL with OpenSSL/1.0.2g
LogInit:  - supports HTTP deflate (compression) using libz 1.2.8
LogInit:  - other features:
LogInit:      CURL_VERSION_SSL
LogInit:      CURL_VERSION_LIBZ
LogInit:      CURL_VERSION_IPV6
LogInit:      CURL_VERSION_ASYNCHDNS
LogInit:      CURL_VERSION_LARGEFILE
LogInit:      CURL_VERSION_IDN
LogInit:  CurlRequestOptions (configurable via config and command line):
LogInit:  - bVerifyPeer = false  - Libcurl will NOT verify peer certificate
LogInit:  - bUseHttpProxy = false  - Libcurl will NOT use HTTP proxy
LogInit:  - bDontReuseConnections = false  - Libcurl will reuse connections
LogInit:  - CertBundlePath = nullptr  - Libcurl will use whatever was configured at build time.
LogInit: Build: ++UE4+Release-4.15-CL-3450819
LogInit: Engine Version: 4.15.3-3450819+++UE4+Release-4.15
LogInit: Compatible Engine Version: 4.15.0-3299760+++UE4+Release-4.15
LogInit: Net CL: 3299760
LogDevObjectVersion: Number of dev versions registered: 14
LogDevObjectVersion:   Dev-Blueprints (B0D832E4-1F89-4F0D-ACCF-7EB736FD4AA2): 8
LogDevObjectVersion:   Dev-Build (E1C64328-A22C-4D53-A36C-8E866417BD8C): 0
LogDevObjectVersion:   Dev-Core (375EC13C-06E4-48FB-B500-84F0262A717E): 2
LogDevObjectVersion:   Dev-Editor (E4B068ED-F494-42E9-A231-DA0B2E46BB41): 14
LogDevObjectVersion:   Dev-Framework (CFFC743F-43B0-4480-9391-14DF171D2073): 22
LogDevObjectVersion:   Dev-Mobile (B02B49B5-BB20-44E9-A304-32B752E40360): 0
LogDevObjectVersion:   Dev-Networking (A4E4105C-59A1-49B5-A7C5-40C4547EDFEE): 0
LogDevObjectVersion:   Dev-Online (39C831C9-5AE6-47DC-9A44-9C173E1C8E7C): 0
LogDevObjectVersion:   Dev-Physics (78F01B33-EBEA-4F98-B9B4-84EACCB95AA2): 0
LogDevObjectVersion:   Dev-Platform (6631380F-2D4D-43E0-8009-CF276956A95A): 0
LogDevObjectVersion:   Dev-Rendering (12F88B9F-8875-4AFC-A67C-D90C383ABD29): 12
LogDevObjectVersion:   Dev-Sequencer (7B5AE74C-D270-4C10-A958-57980B212A5A): 3
LogDevObjectVersion:   Dev-VR (D7296918-1DD6-4BDD-9DE2-64A83CC13884): 0
LogDevObjectVersion:   Dev-LoadTimes (C2A15278-BFE7-4AFE-6C17-90FF531DF755): 1
LogInit: Compiled (64-bit): May 21 2017 11:02:34
LogInit: Compiled with Visual C++: 19.00.23026.00
LogInit: Build Configuration: Development
LogInit: Branch Name: ++UE4+Release-4.15
LogInit: Command line:  
LogInit: Base directory: C:/Program Files/Epic Games/UE_4.15/Engine/Binaries/Win64/
LogInit: Installed Engine Build: 1
LogInit: Presizing for max 8388607 objects, including 0 objects not considered by GC, pre-allocating 0 bytes for permanent pool.
LogInit: Object subsystem initialized
[2017.11.19-19.22.43:642][  0]LogInit: Selected Device Profile: [Windows]
[2017.11.19-19.22.43:642][  0]LogInit: Applying CVar settings loaded from the selected device profile: [Windows]
[2017.11.19-19.22.43:685][  0]LogInit: Computer: MSI
[2017.11.19-19.22.43:685][  0]LogInit: User: chong
[2017.11.19-19.22.43:685][  0]LogInit: CPU Page size=65536, Cores=4
[2017.11.19-19.22.43:685][  0]LogInit: High frequency timer resolution =2.531251 MHz
[2017.11.19-19.22.43:685][  0]LogMemory: Memory total: Physical=11.9GB (12GB approx)
[2017.11.19-19.22.43:685][  0]LogMemory: Platform Memory Stats for Windows
[2017.11.19-19.22.43:685][  0]LogMemory: Process Physical Memory: 272.83 MB used, 272.83 MB peak
[2017.11.19-19.22.43:685][  0]LogMemory: Process Virtual Memory: 267.51 MB used, 267.51 MB peak
[2017.11.19-19.22.43:685][  0]LogMemory: Physical Memory: 6067.88 MB used,  6130.71 MB free, 12198.60 MB total
[2017.11.19-19.22.43:685][  0]LogMemory: Virtual Memory: 650.23 MB used,  6130.71 MB free, 134217728.00 MB total
[2017.11.19-19.22.44:186][  0]LogTextLocalizationManager: No specific translations for ('en-MY') exist, so ('en') translations will be used.
[2017.11.19-19.22.51:998][  0]LogD3D11RHI: D3D11 adapters:
[2017.11.19-19.22.52:044][  0]LogD3D11RHI:    0. 'NVIDIA GeForce GTX 960M' (Feature Level 11_0)
[2017.11.19-19.22.52:044][  0]LogD3D11RHI:       2019/0/6099 MB DedicatedVideo/DedicatedSystem/SharedSystem, Outputs:1, VendorId:0x10de
[2017.11.19-19.22.52:051][  0]LogD3D11RHI:    1. 'Intel(R) HD Graphics 530' (Feature Level 11_0)
[2017.11.19-19.22.52:051][  0]LogD3D11RHI:       128/0/6099 MB DedicatedVideo/DedicatedSystem/SharedSystem, Outputs:0, VendorId:0x8086
[2017.11.19-19.22.52:052][  0]LogD3D11RHI:    2. 'Microsoft Basic Render Driver' (Feature Level 11_0)
[2017.11.19-19.22.52:052][  0]LogD3D11RHI:       0/0/6099 MB DedicatedVideo/DedicatedSystem/SharedSystem, Outputs:0, VendorId:0x1414
[2017.11.19-19.22.52:052][  0]LogD3D11RHI: Chosen D3D11 Adapter: 0
[2017.11.19-19.22.52:060][  0]LogD3D11RHI: Creating new Direct3DDevice
[2017.11.19-19.22.52:060][  0]LogD3D11RHI:     GPU DeviceId: 0x139b (for the marketing name, search the web for "GPU Device Id")
[2017.11.19-19.22.52:060][  0]LogWindows: EnumDisplayDevices:
[2017.11.19-19.22.52:060][  0]LogWindows:    0. 'Intel(R) HD Graphics 530' (P:1 D:1)
[2017.11.19-19.22.52:060][  0]LogWindows:    1. 'Intel(R) HD Graphics 530' (P:0 D:0)
[2017.11.19-19.22.52:061][  0]LogWindows:    2. 'Intel(R) HD Graphics 530' (P:0 D:0)
[2017.11.19-19.22.52:061][  0]LogWindows: DebugString: PrimaryIsNotTheChoosenAdapter PrimaryIsNotTheChoosenAdapter PrimaryIsNotTheChoosenAdapter FoundDriverCount:0 
[2017.11.19-19.22.52:061][  0]LogD3D11RHI:     Adapter Name: NVIDIA GeForce GTX 960M
[2017.11.19-19.22.52:061][  0]LogD3D11RHI:   Driver Version: Unknown (internal:Unknown, unified:Unknown)
[2017.11.19-19.22.52:061][  0]LogD3D11RHI:      Driver Date: Unknown
[2017.11.19-19.22.52:061][  0]LogRHI: Texture pool is 1361 MB (70% of 1945 MB)
[2017.11.19-19.22.52:094][  0]LogD3D11RHI: Async texture creation enabled
[2017.11.19-19.22.52:377][  0]LogD3D11RHI: GPU Timing Frequency: 1000.000000 (Debug: 2 1)
[2017.11.19-19.22.52:378][  0]LogShaderCompilers: Guid format shader working directory is -33 characters bigger than the processId version (../../../../../../Users/chong/OneDrive/Documents/GitHub/FYP_DumbTesting/Meeting/Intermediate/Shaders/WorkingDirectory/9584/).
[2017.11.19-19.22.52:378][  0]LogShaderCompilers: Cleaned the shader compiler working directory 'C:/Users/chong/AppData/Local/Temp/UnrealShaderWorkingDir/4243DBDF4E7BC082DE69948BFF9B1543/'.
[2017.11.19-19.22.52:378][  0]LogShaderCompilers:Display: Using Local Shader Compiler.
[2017.11.19-19.22.55:202][  0]LogTemp:Display: Loaded TP AllDesktopTargetPlatform
[2017.11.19-19.22.55:281][  0]LogTemp:Display: Loaded TP MacClientTargetPlatform
[2017.11.19-19.22.55:347][  0]LogTemp:Display: Loaded TP MacNoEditorTargetPlatform
[2017.11.19-19.22.55:410][  0]LogTemp:Display: Loaded TP MacServerTargetPlatform
[2017.11.19-19.22.55:512][  0]LogTemp:Display: Loaded TP MacTargetPlatform
[2017.11.19-19.22.55:581][  0]LogTemp:Display: Loaded TP WindowsClientTargetPlatform
[2017.11.19-19.22.55:662][  0]LogTemp:Display: Loaded TP WindowsNoEditorTargetPlatform
[2017.11.19-19.22.55:743][  0]LogTemp:Display: Loaded TP WindowsServerTargetPlatform
[2017.11.19-19.22.55:808][  0]LogTemp:Display: Loaded TP WindowsTargetPlatform
[2017.11.19-19.22.55:881][  0]LogTemp:Display: Loaded TP AndroidTargetPlatform
[2017.11.19-19.22.55:944][  0]LogTemp:Display: Loaded TP Android_ASTCTargetPlatform
[2017.11.19-19.22.56:009][  0]LogTemp:Display: Loaded TP Android_ATCTargetPlatform
[2017.11.19-19.22.56:074][  0]LogTemp:Display: Loaded TP Android_DXTTargetPlatform
[2017.11.19-19.22.56:154][  0]LogTemp:Display: Loaded TP Android_ETC1TargetPlatform
[2017.11.19-19.22.56:235][  0]LogTemp:Display: Loaded TP Android_ETC2TargetPlatform
[2017.11.19-19.22.56:360][  0]LogTemp:Display: Loaded TP Android_MultiTargetPlatform
[2017.11.19-19.22.56:360][  0]LogTemp:Display: Loaded TP Android_PVRTCTargetPlatform
[2017.11.19-19.22.56:409][  0]LogTemp:Display: Loaded TP HTML5TargetPlatform
[2017.11.19-19.22.56:546][  0]LogTemp:Display: Loaded TP IOSTargetPlatform
[2017.11.19-19.22.56:592][  0]LogTemp:Display: Loaded TP TVOSTargetPlatform
[2017.11.19-19.22.56:662][  0]LogTemp:Display: Loaded TP LinuxClientTargetPlatform
[2017.11.19-19.22.56:736][  0]LogTemp:Display: Loaded TP LinuxNoEditorTargetPlatform
[2017.11.19-19.22.56:804][  0]LogTemp:Display: Loaded TP LinuxServerTargetPlatform
[2017.11.19-19.22.56:888][  0]LogTemp:Display: Loaded TP LinuxTargetPlatform
[2017.11.19-19.22.56:888][  0]LogTargetPlatformManager:Display: Building Assets For Windows
[2017.11.19-19.22.57:449][  0]LogDerivedDataCache:Display: Max Cache Size: 512 MB
[2017.11.19-19.22.57:963][  0]LogDerivedDataCache: Loaded boot cache 0.51s 50MB C:/Users/chong/AppData/Local/UnrealEngine/4.15/DerivedDataCache/Boot.ddc.
[2017.11.19-19.22.57:963][  0]LogDerivedDataCache:Display: Loaded Boot cache: C:/Users/chong/AppData/Local/UnrealEngine/4.15/DerivedDataCache/Boot.ddc
[2017.11.19-19.22.57:963][  0]LogDerivedDataCache: FDerivedDataBackendGraph:  Pak pak cache file ../../../../../../Users/chong/OneDrive/Documents/GitHub/FYP_DumbTesting/Meeting/DerivedDataCache/DDC.ddp not found, will not use a pak cache.
[2017.11.19-19.22.57:963][  0]LogDerivedDataCache: Unable to find inner node Pak for hierarchical cache Hierarchy.
[2017.11.19-19.22.57:963][  0]LogDerivedDataCache: FDerivedDataBackendGraph:  CompressedPak pak cache file ../../../../../../Users/chong/OneDrive/Documents/GitHub/FYP_DumbTesting/Meeting/DerivedDataCache/Compressed.ddp not found, will not use a pak cache.
[2017.11.19-19.22.57:963][  0]LogDerivedDataCache: Unable to find inner node CompressedPak for hierarchical cache Hierarchy.
[2017.11.19-19.22.57:984][  0]LogDerivedDataCache:Display: Pak cache opened for reading ../../../Engine/DerivedDataCache/Compressed.ddp.
[2017.11.19-19.22.57:996][  0]LogDerivedDataCache: Using Local data cache path C:/Users/chong/AppData/Local/UnrealEngine/Common/DerivedDataCache: Writable
[2017.11.19-19.22.58:007][  0]LogSlate: Using Freetype 2.6.0
[2017.11.19-19.22.58:032][  0]LogSlate: SlateFontCache - WITH_FREETYPE: 1, WITH_HARFBUZZ: 1
[2017.11.19-19.22.58:032][  0]LogSlate: SlateFontCache - WITH_FREETYPE: 1, WITH_HARFBUZZ: 1
[2017.11.19-19.22.59:925][  0]LogInit: Selected Device Profile: [Windows]
[2017.11.19-19.22.59:927][  0]LogContentStreaming: Texture pool size is 0.00 MB
[2017.11.19-19.23.00:165][  0]LogMeshUtilities: Using QuadricMeshReduction for automatic static mesh reduction
[2017.11.19-19.23.00:212][  0]LogSimplygon: Simplygon DLL not present - disabling.
[2017.11.19-19.23.00:266][  0]LogMeshUtilities: Using SimplygonSwarm for distributed automatic mesh merging
[2017.11.19-19.23.00:266][  0]LogMeshUtilities: No automatic skeletal mesh reduction module available
[2017.11.19-19.23.00:266][  0]LogMeshUtilities: No automatic mesh merging module available
[2017.11.19-19.23.00:996][  0]LogNetVersion: GetLocalNetworkVersion: CL: 3299760, ProjectName: meeting, ProjectVersion: , EngineNetworkVersion: 2, GameNetworkVersion: 0, NetworkChecksum: 116300604
[2017.11.19-19.23.01:045][  0]LogAssetRegistry: FAssetRegistry took 0.0213 seconds to start up
[2017.11.19-19.23.01:109][  0]LogPackageLocalizationCache: Processed 3 localized package path(s) for 2 prioritized culture(s) in 0.032698 seconds
[2017.11.19-19.23.01:116][  0]LogUObjectArray: 32493 objects as part of root set at end of initial load.
[2017.11.19-19.23.01:116][  0]LogUObjectAllocator: 7077032 out of 0 bytes used by permanent object pool.
[2017.11.19-19.23.01:116][  0]LogUObjectArray: CloseDisregardForGC: 0/0 objects in disregard for GC pool
[2017.11.19-19.23.01:184][  0]LogInit: WinSock: version 1.1 (2.2), MaxSocks=32767, MaxUdp=65467
[2017.11.19-19.23.25:116][  0]LogTcpMessaging: Initializing TcpMessaging bridge
[2017.11.19-19.23.25:179][  0]LogUdpMessaging: Initializing bridge on interface 0.0.0.0:0 to multicast group 230.0.0.1:6666.
[2017.11.19-19.23.26:103][  0]LogMaterial: Uniform references updated for custom material expression Custom.
[2017.11.19-19.23.26:541][  0]SourceControl: Info Source control is disabled
[2017.11.19-19.23.26:542][  0]SourceControl: Info Source control is disabled
[2017.11.19-19.23.26:594][  0]SourceControl: Info Source control is disabled
[2017.11.19-19.23.26:653][  0]SourceControl: Info Source control is disabled
[2017.11.19-19.23.28:518][  0]LogEngine: Initializing Engine...
[2017.11.19-19.23.28:518][  0]LogHMD: Failed to initialize OpenVR with code 110
[2017.11.19-19.23.28:671][  0]LogStats: UGameplayTagsManager::ConstructGameplayTagTree: Construct from data asset -  0.000 s
[2017.11.19-19.23.28:671][  0]LogStats: UGameplayTagsManager::ConstructGameplayTagTree: GameplayTagTreeChangedEvent.Broadcast -  0.000 s
[2017.11.19-19.23.28:922][  0]LogAIModule: Creating AISystem for world Untitled
[2017.11.19-19.23.28:933][  0]LogInit: XAudio2 using 'Speakers (Realtek High Definition Audio)' : 8 channels at 48 kHz using 32 bits per sample (channel mask 0x63f)
[2017.11.19-19.23.28:979][  0]LogInit: FAudioDevice initialized.
[2017.11.19-19.23.29:011][  0]LogDerivedDataCache: Saved boot cache 0.03s 50MB C:/Users/chong/AppData/Local/UnrealEngine/4.15/DerivedDataCache/Boot.ddc.
[2017.11.19-19.23.29:021][  0]LogInit: Texture streaming: Enabled
[2017.11.19-19.23.29:128][  0]LogEngineSessionManager: EngineSessionManager initialized
[2017.11.19-19.23.29:234][  0]LogInit: Transaction tracking system initialized
[2017.11.19-19.23.29:670][  0]BlueprintLog: New page: Editor Load
[2017.11.19-19.23.31:097][  0]LocalizationService: Info Localization service is disabled
[2017.11.19-19.23.32:222][  0]LogConsoleResponse:Display: 
[2017.11.19-19.23.32:377][  0]LogCook:Display: Max memory allowance for cook 16384mb min free memory 0mb
[2017.11.19-19.23.32:377][  0]LogCook:Display: Mobile HDR setting 1
[2017.11.19-19.23.32:863][  0]LogFileCache: Scanning file cache for directory 'C:/Users/chong/OneDrive/Documents/GitHub/FYP_DumbTesting/Meeting/Content/' took 0.03s
[2017.11.19-19.23.34:042][  0]SourceControl: Info Source control is disabled
[2017.11.19-19.23.34:042][  0]Cmd: MAP LOAD FILE="../../../../../../Users/chong/OneDrive/Documents/GitHub/FYP_DumbTesting/Meeting/Content/ThirdPersonBP/Maps/MockUp_Map.umap" TEMPLATE=0 SHOWPROGRESS=1 FEATURELEVEL=3
[2017.11.19-19.23.34:042][  0]LightingResults: New page: Lighting Build
[2017.11.19-19.23.34:092][  0]MapCheck: New page: Map Check
[2017.11.19-19.23.34:092][  0]LightingResults: New page: Lighting Build
[2017.11.19-19.23.34:906][  0]LogBlueprint:Warning: [Hacking_Terminal_UI_Blueprint] 'Name' variable not found. Base class was probably changed.
[2017.11.19-19.23.34:927][  0]LogBlueprint:Warning: [Hacking_Terminal_UI8_Blueprint] 'Name' variable not found. Base class was probably changed.
[2017.11.19-19.23.36:464][  0]LogBlueprint:Warning: [Hacking_Terminal_UI8_Blueprint] 'Name' variable not found. Base class was probably changed.
[2017.11.19-19.23.36:472][  0]LogBlueprint:Warning: [Hacking_Terminal_UI_Blueprint] 'Name' variable not found. Base class was probably changed.
[2017.11.19-19.23.37:120][  0]LogBlueprint:Warning: [Compiler ThirdPersonCharacter] Warning InputAction Event references unknown Action 'ResetVR' for  InputAction ResetVR
[2017.11.19-19.23.37:120][  0]LogBlueprint:Warning: [Compiler ThirdPersonCharacter] Warning Input Axis Event references unknown Axis 'LookUpRate' for  InputAxis LookUpRate
[2017.11.19-19.23.37:120][  0]LogBlueprint:Warning: [Compiler ThirdPersonCharacter] Warning Input Axis Event references unknown Axis 'TurnRate' for  InputAxis TurnRate
[2017.11.19-19.23.37:120][  0]LogBlueprint:Warning: [Compiler ThirdPersonCharacter] Warning InputAction Event references unknown Action 'Jump' for  InputAction Jump
[2017.11.19-19.23.37:120][  0]LogBlueprint:Warning: [Compiler ThirdPersonCharacter] Warning Input Axis Event references unknown Axis 'LookUp' for  InputAxis LookUp
[2017.11.19-19.23.37:120][  0]LogBlueprint:Warning: [Compiler ThirdPersonCharacter] Warning Input Axis Event references unknown Axis 'Turn' for  InputAxis Turn
[2017.11.19-19.23.37:124][  0]LogBlueprint:Warning: [Compiler ThirdPersonCharacter] Warning [0056.91] Compile of ThirdPersonCharacter successful, but with 6 Warning(s) [in 10 ms] (/Game/ThirdPersonBP/Blueprints/ThirdPersonCharacter.ThirdPersonCharacter)
[2017.11.19-19.23.37:124][  0]LogBlueprint:Warning: [Compiler ThirdPersonCharacter] Warning [0056.91] Compile of ThirdPersonCharacter successful, but with 7 Warning(s) [in 0 ms] (/Game/ThirdPersonBP/Blueprints/ThirdPersonCharacter.ThirdPersonCharacter)
[2017.11.19-19.23.37:125][  0]LogBlueprint:Warning: [Compiler ThirdPersonCharacter] Warning [0056.91] Compile of ThirdPersonCharacter successful, but with 8 Warning(s) [in 0 ms] (/Game/ThirdPersonBP/Blueprints/ThirdPersonCharacter.ThirdPersonCharacter)
[2017.11.19-19.23.37:131][  0]LogBlueprint:Warning: [Compiler ThirdPersonCharacter] Warning InputAction Event references unknown Action 'ResetVR' for  InputAction ResetVR
[2017.11.19-19.23.37:131][  0]LogBlueprint:Warning: [Compiler ThirdPersonCharacter] Warning Input Axis Event references unknown Axis 'LookUpRate' for  InputAxis LookUpRate
[2017.11.19-19.23.37:131][  0]LogBlueprint:Warning: [Compiler ThirdPersonCharacter] Warning Input Axis Event references unknown Axis 'TurnRate' for  InputAxis TurnRate
[2017.11.19-19.23.37:131][  0]LogBlueprint:Warning: [Compiler ThirdPersonCharacter] Warning InputAction Event references unknown Action 'Jump' for  InputAction Jump
[2017.11.19-19.23.37:131][  0]LogBlueprint:Warning: [Compiler ThirdPersonCharacter] Warning Input Axis Event references unknown Axis 'LookUp' for  InputAxis LookUp
[2017.11.19-19.23.37:132][  0]LogBlueprint:Warning: [Compiler ThirdPersonCharacter] Warning Input Axis Event references unknown Axis 'Turn' for  InputAxis Turn
[2017.11.19-19.23.37:136][  0]LogBlueprint:Warning: [Compiler ThirdPersonCharacter] Warning [0056.92] Compile of ThirdPersonCharacter successful, but with 6 Warning(s) [in 8 ms] (/Game/ThirdPersonBP/Blueprints/ThirdPersonCharacter.ThirdPersonCharacter)
[2017.11.19-19.23.37:136][  0]LogBlueprint:Warning: [Compiler ThirdPersonCharacter] Warning [0056.92] Compile of ThirdPersonCharacter successful, but with 7 Warning(s) [in 0 ms] (/Game/ThirdPersonBP/Blueprints/ThirdPersonCharacter.ThirdPersonCharacter)
[2017.11.19-19.23.37:136][  0]LogBlueprint:Warning: [Compiler ThirdPersonCharacter] Warning [0056.92] Compile of ThirdPersonCharacter successful, but with 8 Warning(s) [in 0 ms] (/Game/ThirdPersonBP/Blueprints/ThirdPersonCharacter.ThirdPersonCharacter)
[2017.11.19-19.24.23:754][  0]LogAIModule: Creating AISystem for world MockUp_Map
[2017.11.19-19.24.24:025][  0]LogEditorServer: Finished looking for orphan Actors (0.000 secs)
[2017.11.19-19.24.24:045][  0]Cmd: MAP CHECKDEP NOCLEARLOG
[2017.11.19-19.24.24:221][  0]MapCheck: Info Map check complete: 0 Error(s), 0 Warning(s), took 176.12ms to complete.
[2017.11.19-19.24.24:221][  0]LogFileHelpers: Loading map 'MockUp_Map' took 50.179
[2017.11.19-19.24.24:468][  0]LogCollectionManager: Loaded 0 collections in 0.001976 seconds
[2017.11.19-19.24.24:556][  0]LogFileCache: Scanning file cache for directory 'C:/Users/chong/OneDrive/Documents/GitHub/FYP_DumbTesting/Meeting/Saved/Collections/' took 0.01s
[2017.11.19-19.24.24:556][  0]LogFileCache: Scanning file cache for directory 'C:/Users/chong/OneDrive/Documents/GitHub/FYP_DumbTesting/Meeting/Content/Developers/chong/Collections/' took 0.01s
[2017.11.19-19.24.24:556][  0]LogFileCache: Scanning file cache for directory 'C:/Users/chong/OneDrive/Documents/GitHub/FYP_DumbTesting/Meeting/Content/Collections/' took 0.01s
[2017.11.19-19.24.24:556][  0]LogCollectionManager: Rebuilt the GUID cache for 0 collections in 0.000002 seconds
[2017.11.19-19.24.24:569][  0]LogContentBrowser: Native class hierarchy populated in 0.0122 seconds. Added 2259 classes and 455 folders.
[2017.11.19-19.24.24:643][  0]LogContentBrowser: Native class hierarchy updated for 'WidgetCarousel' in 0.0021 seconds. Added 0 classes and 0 folders.
[2017.11.19-19.24.25:472][  0]LogContentBrowser: Native class hierarchy updated for 'AddContentDialog' in 0.0042 seconds. Added 0 classes and 0 folders.
[2017.11.19-19.24.25:535][  0]LogContentBrowser: Native class hierarchy updated for 'SceneOutliner' in 0.0026 seconds. Added 1 classes and 2 folders.
[2017.11.19-19.24.25:593][  0]LogCrashTracker: Crashtracker disabled due to settings.
[2017.11.19-19.24.25:603][  0]LogUObjectGlobals:Warning: Failed to find object 'Class None.'
[2017.11.19-19.24.25:676][  0]LogContentBrowser: Native class hierarchy updated for 'HierarchicalLODOutliner' in 0.0023 seconds. Added 1 classes and 2 folders.
[2017.11.19-19.24.25:676][  0]LogLoad: (Engine Initialization) Total time: 105.46 seconds
[2017.11.19-19.24.25:676][  0]LogLoad: (Engine Initialization) Total Blueprint compile time: 2.07 seconds
[2017.11.19-19.24.25:676][  0]LogExternalProfiler: Found external profiler: VSPerf
[2017.11.19-19.24.25:676][  0]LogExternalProfiler: Using external profiler: VSPerf
[2017.11.19-19.24.26:016][  0]LogOcInput: OculusInput pre-init called
[2017.11.19-19.24.26:052][  0]LogContentStreaming: Texture pool size now 400 MB
[2017.11.19-19.24.26:054][  0]LogSlate: Took 0.000378 seconds to synchronously load lazily loaded font '../../../Engine/Content/Slate/Fonts/Roboto-Regular.ttf' (155K)
[2017.11.19-19.24.26:062][  0]LogSlate: Took 0.000412 seconds to synchronously load lazily loaded font '../../../Engine/Content/Slate/Fonts/Roboto-Bold.ttf' (160K)
[2017.11.19-19.24.26:125][  0]LogSlate: Took 0.051636 seconds to synchronously load lazily loaded font '../../../Engine/Content/Editor/Slate/Fonts/FontAwesome.ttf' (139K)
[2017.11.19-19.24.26:156][  0]LogSlate: Took 0.030932 seconds to synchronously load lazily loaded font '../../../Engine/Content/Editor/Slate/Fonts/DroidSansMono.ttf' (77K)
[2017.11.19-19.24.26:560][  0]LogRenderer: Reallocating scene render targets to support 1004x432 NumSamples 1 (Frame:2).
[2017.11.19-19.24.27:084][  2]LogSlate: Took 0.000220 seconds to synchronously load lazily loaded font '../../../Engine/Content/Slate/Fonts/Roboto-Light.ttf' (159K)
[2017.11.19-19.24.27:404][  3]LogAssetRegistry: Asset discovery search completed in 86.3807 seconds
[2017.11.19-19.24.27:404][  3]LogCollectionManager: Rebuilt the object cache for 0 collections in 0.000004 seconds (found 0 objects)
[2017.11.19-19.24.27:404][  3]LogCollectionManager: Fixed up redirectors for 0 collections in 0.000110 seconds (updated 0 objects)
[2017.11.19-19.34.41:950][884]LogSlate: Took 0.000236 seconds to synchronously load lazily loaded font '../../../Engine/Content/Slate/Fonts/Roboto-Light.ttf' (159K)
[2017.11.19-19.34.46:132][884]LogSlate: Took 0.000168 seconds to synchronously load lazily loaded font '../../../Engine/Content/Slate/Fonts/Roboto-Regular.ttf' (155K)
[2017.11.19-19.34.46:352][884]LogSavePackage: Save=4094.13ms
[2017.11.19-19.34.46:352][884]LogSavePackage: Moving '../../../../../../Users/chong/OneDrive/Documents/GitHub/FYP_DumbTesting/Meeting/Saved/MockUp_MapAD88004A4B67C5E63F9651A4A5B28D1E.tmp' to '../../../../../../Users/chong/OneDrive/Documents/GitHub/FYP_DumbTesting/Meeting/Content/ThirdPersonBP/Maps/MockUp_Map.umap'
[2017.11.19-19.34.46:358][884]LogSavePackage:Display: Finished SavePackage ../../../../../../Users/chong/OneDrive/Documents/GitHub/FYP_DumbTesting/Meeting/Content/ThirdPersonBP/Maps/MockUp_Map.umap
[2017.11.19-19.34.46:925][899]LogSlate: Took 0.000145 seconds to synchronously load lazily loaded font '../../../Engine/Content/Slate/Fonts/Roboto-Light.ttf' (159K)
[2017.11.19-19.34.52:332][976]LogContentBrowser: Native class hierarchy updated for 'BlueprintGraph' in 0.0027 seconds. Added 112 classes and 0 folders.
[2017.11.19-19.34.53:139][976]LogSlate: Took 0.000160 seconds to synchronously load lazily loaded font '../../../Engine/Content/Editor/Slate/Fonts/Roboto-BoldCondensed.ttf' (158K)
[2017.11.19-19.35.07:810][453]Cmd: QUIT_EDITOR
[2017.11.19-19.35.07:854][453]LogWindowsTextInputMethodSystem:Display: IME system now deactivated.
[2017.11.19-19.35.07:886][453]LogExit: Preparing to exit.
[2017.11.19-19.35.08:620][453]LogDirectoryWatcher: A directory notification for 'C:/Users/chong/OneDrive/Documents/GitHub/FYP_DumbTesting/Meeting/Content/' was aborted.
[2017.11.19-19.35.08:774][453]LogExit: Editor shut down
[2017.11.19-19.35.08:775][453]LogExit: Transaction tracking system shut down
[2017.11.19-19.35.09:242][453]LogObj: Freed 0b from 0 cluster array pools.
[2017.11.19-19.35.09:242][453]LogExit: Object subsystem successfully closed.
[2017.11.19-19.35.09:257][453]LogD3D11RHI: Shutdown
[2017.11.19-19.35.09:257][453]LogD3D11RHI: CleanupD3DDevice
[2017.11.19-19.35.09:738][453]LogD3D11RHI: ~FD3D11DynamicRHI
[2017.11.19-19.35.09:754][453]LogModuleManager: Shutting down and abandoning module BlueprintGraph (504)
[2017.11.19-19.35.09:754][453]LogModuleManager: Shutting down and abandoning module BlueprintProfiler (502)
[2017.11.19-19.35.09:754][453]LogModuleManager: Shutting down and abandoning module HierarchicalLODOutliner (500)
[2017.11.19-19.35.09:754][453]LogModuleManager: Shutting down and abandoning module CrashTracker (498)
[2017.11.19-19.35.09:754][453]LogModuleManager: Shutting down and abandoning module SceneOutliner (496)
[2017.11.19-19.35.09:754][453]LogModuleManager: Shutting down and abandoning module AddContentDialog (494)
[2017.11.19-19.35.09:754][453]LogDirectoryWatcher: A directory notification for 'C:/Program Files/Epic Games/UE_4.15/FeaturePacks/' was aborted.
[2017.11.19-19.35.09:755][453]LogModuleManager: Shutting down and abandoning module WidgetCarousel (493)
[2017.11.19-19.35.09:755][453]LogModuleManager: Shutting down and abandoning module EditorWidgets (490)
[2017.11.19-19.35.09:755][453]LogModuleManager: Shutting down and abandoning module CollectionManager (488)
[2017.11.19-19.35.09:755][453]LogDirectoryWatcher: A directory notification for 'C:/Users/chong/OneDrive/Documents/GitHub/FYP_DumbTesting/Meeting/Content/Collections/' was aborted.
[2017.11.19-19.35.09:755][453]LogDirectoryWatcher: A directory notification for 'C:/Users/chong/OneDrive/Documents/GitHub/FYP_DumbTesting/Meeting/Content/Developers/chong/Collections/' was aborted.
[2017.11.19-19.35.09:755][453]LogDirectoryWatcher: A directory notification for 'C:/Users/chong/OneDrive/Documents/GitHub/FYP_DumbTesting/Meeting/Saved/Collections/' was aborted.
[2017.11.19-19.35.09:756][453]LogModuleManager: Shutting down and abandoning module StatsViewer (486)
[2017.11.19-19.35.09:756][453]LogModuleManager: Shutting down and abandoning module FoliageEdit (484)
[2017.11.19-19.35.09:756][453]LogModuleManager: Shutting down and abandoning module LandscapeEditor (482)
[2017.11.19-19.35.09:756][453]LogModuleManager: Shutting down and abandoning module SceneDepthPickerMode (480)
[2017.11.19-19.35.09:756][453]LogModuleManager: Shutting down and abandoning module ActorPickerMode (478)
[2017.11.19-19.35.09:756][453]LogModuleManager: Shutting down and abandoning module GeometryMode (476)
[2017.11.19-19.35.09:756][453]LogModuleManager: Shutting down and abandoning module TextureAlignMode (474)
[2017.11.19-19.35.09:756][453]LogModuleManager: Shutting down and abandoning module BspMode (472)
[2017.11.19-19.35.09:756][453]LogModuleManager: Shutting down and abandoning module HardwareSurvey (470)
[2017.11.19-19.35.09:756][453]LogModuleManager: Shutting down and abandoning module SequenceRecorderSections (468)
[2017.11.19-19.35.09:756][453]LogModuleManager: Shutting down and abandoning module AutomationWorker (466)
[2017.11.19-19.35.09:756][453]LogModuleManager: Shutting down and abandoning module MatineeToLevelSequence (464)
[2017.11.19-19.35.09:756][453]LogModuleManager: Shutting down and abandoning module LevelSequenceEditor (462)
[2017.11.19-19.35.09:756][453]LogModuleManager: Shutting down and abandoning module PlacementMode (461)
[2017.11.19-19.35.09:756][453]LogModuleManager: Shutting down and abandoning module WmfMediaFactory (458)
[2017.11.19-19.35.09:756][453]LogModuleManager: Shutting down and abandoning module WmfMediaEditor (456)
[2017.11.19-19.35.09:756][453]LogModuleManager: Shutting down and abandoning module MfMediaFactory (454)
[2017.11.19-19.35.09:756][453]LogModuleManager: Shutting down and abandoning module MfMediaEditor (452)
[2017.11.19-19.35.09:756][453]LogModuleManager: Shutting down and abandoning module AvfMediaFactory (450)
[2017.11.19-19.35.09:756][453]LogModuleManager: Shutting down and abandoning module AvfMediaEditor (448)
[2017.11.19-19.35.09:756][453]LogModuleManager: Shutting down and abandoning module AndroidMediaFactory (446)
[2017.11.19-19.35.09:756][453]LogModuleManager: Shutting down and abandoning module Media (445)
[2017.11.19-19.35.09:756][453]LogModuleManager: Shutting down and abandoning module AndroidMediaEditor (442)
[2017.11.19-19.35.09:756][453]LogModuleManager: Shutting down and abandoning module CharacterAI (440)
[2017.11.19-19.35.09:756][453]LogModuleManager: Shutting down and abandoning module AudioCapture (438)
[2017.11.19-19.35.09:756][453]LogModuleManager: Shutting down and abandoning module SequenceRecorder (437)
[2017.11.19-19.35.09:756][453]LogModuleManager: Shutting down and abandoning module SmartSnapping (434)
[2017.11.19-19.35.09:756][453]LogModuleManager: Shutting down and abandoning module SessionServices (432)
[2017.11.19-19.35.09:756][453]LogModuleManager: Shutting down and abandoning module ViewportSnapping (430)
[2017.11.19-19.35.09:756][453]LogModuleManager: Shutting down and abandoning module ViewportInteraction (428)
[2017.11.19-19.35.09:756][453]LogModuleManager: Shutting down and abandoning module LogVisualizer (426)
[2017.11.19-19.35.09:756][453]LogModuleManager: Shutting down and abandoning module IntroTutorials (424)
[2017.11.19-19.35.09:756][453]LogModuleManager: Shutting down and abandoning module GameProjectGeneration (423)
[2017.11.19-19.35.09:756][453]LogModuleManager: Shutting down and abandoning module EditorLiveStreaming (420)
[2017.11.19-19.35.09:756][453]LogModuleManager: Shutting down and abandoning module IOSPlatformEditor (418)
[2017.11.19-19.35.09:756][453]LogModuleManager: Shutting down and abandoning module HTML5PlatformEditor (416)
[2017.11.19-19.35.09:756][453]LogModuleManager: Shutting down and abandoning module AndroidPlatformEditor (414)
[2017.11.19-19.35.09:756][453]LogModuleManager: Shutting down and abandoning module AndroidDeviceDetection (413)
[2017.11.19-19.35.09:829][453]LogModuleManager: Shutting down and abandoning module IOSRuntimeSettings (410)
[2017.11.19-19.35.09:829][453]LogModuleManager: Shutting down and abandoning module AndroidRuntimeSettings (408)
[2017.11.19-19.35.09:829][453]LogModuleManager: Shutting down and abandoning module InputBindingEditor (406)
[2017.11.19-19.35.09:829][453]LogModuleManager: Shutting down and abandoning module NiagaraEditor (404)
[2017.11.19-19.35.09:829][453]LogModuleManager: Shutting down and abandoning module MergeActors (402)
[2017.11.19-19.35.09:829][453]LogModuleManager: Shutting down and abandoning module SizeMap (400)
[2017.11.19-19.35.09:829][453]LogModuleManager: Shutting down and abandoning module TreeMap (398)
[2017.11.19-19.35.09:829][453]LogModuleManager: Shutting down and abandoning module ReferenceViewer (396)
[2017.11.19-19.35.09:829][453]LogModuleManager: Shutting down and abandoning module LocalizationDashboard (394)
[2017.11.19-19.35.09:829][453]LogModuleManager: Shutting down and abandoning module LocalizationService (393)
[2017.11.19-19.35.09:829][453]LogModuleManager: Shutting down and abandoning module HardwareTargeting (390)
[2017.11.19-19.35.09:829][453]LogModuleManager: Shutting down and abandoning module DeviceProfileEditor (388)
[2017.11.19-19.35.09:829][453]LogModuleManager: Shutting down and abandoning module UndoHistory (386)
[2017.11.19-19.35.09:829][453]LogModuleManager: Shutting down and abandoning module UserFeedback (384)
[2017.11.19-19.35.09:829][453]LogModuleManager: Shutting down and abandoning module XmlParser (382)
[2017.11.19-19.35.09:829][453]LogModuleManager: Shutting down and abandoning module Blutility (380)
[2017.11.19-19.35.09:829][453]LogModuleManager: Shutting down and abandoning module ProjectSettingsViewer (378)
[2017.11.19-19.35.09:829][453]LogModuleManager: Shutting down and abandoning module ProjectTargetPlatformEditor (377)
[2017.11.19-19.35.09:829][453]LogModuleManager: Shutting down and abandoning module EditorSettingsViewer (374)
[2017.11.19-19.35.09:829][453]LogModuleManager: Shutting down and abandoning module SettingsEditor (372)
[2017.11.19-19.35.09:829][453]LogModuleManager: Shutting down and abandoning module ProjectLauncher (370)
[2017.11.19-19.35.09:829][453]LogModuleManager: Shutting down and abandoning module SessionFrontend (368)
[2017.11.19-19.35.09:829][453]LogModuleManager: Shutting down and abandoning module ProfilerClient (366)
[2017.11.19-19.35.09:829][453]LogModuleManager: Shutting down and abandoning module DeviceManager (364)
[2017.11.19-19.35.09:829][453]LogModuleManager: Shutting down and abandoning module TargetDeviceServices (363)
[2017.11.19-19.35.09:873][453]LogModuleManager: Shutting down and abandoning module AutomationController (360)
[2017.11.19-19.35.09:873][453]LogModuleManager: Shutting down and abandoning module AutomationWindow (358)
[2017.11.19-19.35.09:873][453]LogModuleManager: Shutting down and abandoning module Layers (356)
[2017.11.19-19.35.09:873][453]LogModuleManager: Shutting down and abandoning module ComponentVisualizers (354)
[2017.11.19-19.35.09:873][453]LogModuleManager: Shutting down and abandoning module DetailCustomizations (352)
[2017.11.19-19.35.09:873][453]LogModuleManager: Shutting down and abandoning module PackagesDialog (350)
[2017.11.19-19.35.09:873][453]LogModuleManager: Shutting down and abandoning module Persona (348)
[2017.11.19-19.35.09:874][453]LogModuleManager: Shutting down and abandoning module AnimGraph (347)
[2017.11.19-19.35.09:874][453]LogModuleManager: Shutting down and abandoning module Kismet (344)
[2017.11.19-19.35.09:902][453]LogModuleManager: Shutting down and abandoning module GraphEditor (342)
[2017.11.19-19.35.09:902][453]LogModuleManager: Shutting down and abandoning module ClassViewer (340)
[2017.11.19-19.35.09:902][453]LogModuleManager: Shutting down and abandoning module Toolbox (338)
[2017.11.19-19.35.09:902][453]LogModuleManager: Shutting down and abandoning module ModuleUI (336)
[2017.11.19-19.35.09:902][453]LogModuleManager: Shutting down and abandoning module MovieSceneTools (334)
[2017.11.19-19.35.09:902][453]LogModuleManager: Shutting down and abandoning module OutputLog (332)
[2017.11.19-19.35.09:902][453]LogModuleManager: Shutting down and abandoning module GammaUI (330)
[2017.11.19-19.35.09:902][453]LogModuleManager: Shutting down and abandoning module Documentation (328)
[2017.11.19-19.35.09:902][453]LogModuleManager: Shutting down and abandoning module Niagara (326)
[2017.11.19-19.35.09:902][453]LogModuleManager: Shutting down and abandoning module StreamingPauseRendering (324)
[2017.11.19-19.35.09:902][453]LogModuleManager: Shutting down and abandoning module AnalyticsET (322)
[2017.11.19-19.35.09:902][453]LogModuleManager: Shutting down and abandoning module PortalServices (320)
[2017.11.19-19.35.09:902][453]LogModuleManager: Shutting down and abandoning module PortalRpc (318)
[2017.11.19-19.35.09:902][453]LogModuleManager: Shutting down and abandoning module MessagingRpc (316)
[2017.11.19-19.35.09:902][453]LogModuleManager: Shutting down and abandoning module AIModule (314)
[2017.11.19-19.35.09:902][453]LogModuleManager: Shutting down and abandoning module GameplayDebugger (313)
[2017.11.19-19.35.09:903][453]LogModuleManager: Shutting down and abandoning module AITestSuite (311)
[2017.11.19-19.35.09:903][453]LogModuleManager: Shutting down and abandoning module ProfilerService (308)
[2017.11.19-19.35.09:936][453]LogModuleManager: Shutting down and abandoning module TaskGraph (306)
[2017.11.19-19.35.09:936][453]LogModuleManager: Shutting down and abandoning module SteamVRController (304)
[2017.11.19-19.35.09:936][453]LogModuleManager: Shutting down and abandoning module SteamVR (302)
[2017.11.19-19.35.09:936][453]LogModuleManager: Shutting down and abandoning module ProceduralMeshComponentEditor (300)
[2017.11.19-19.35.09:936][453]LogModuleManager: Shutting down and abandoning module ProceduralMeshComponent (298)
[2017.11.19-19.35.09:936][453]LogModuleManager: Shutting down and abandoning module OculusLibrary (296)
[2017.11.19-19.35.09:936][453]LogModuleManager: Shutting down and abandoning module OculusInput (294)
[2017.11.19-19.35.09:936][453]LogModuleManager: Shutting down and abandoning module MobilePatchingUtils (292)
[2017.11.19-19.35.09:936][453]LogModuleManager: Shutting down and abandoning module CustomMeshComponent (290)
[2017.11.19-19.35.09:936][453]LogModuleManager: Shutting down and abandoning module CableComponent (288)
[2017.11.19-19.35.09:936][453]LogModuleManager: Shutting down and abandoning module ArchVisCharacter (286)
[2017.11.19-19.35.09:936][453]LogModuleManager: Shutting down and abandoning module MediaPlayerEditor (282)
[2017.11.19-19.35.09:936][453]LogModuleManager: Shutting down and abandoning module HTML5Networking (280)
[2017.11.19-19.35.09:936][453]LogModuleManager: Shutting down and abandoning module AlembicImporter (278)
[2017.11.19-19.35.09:936][453]LogModuleManager: Shutting down and abandoning module AlembicLibrary (277)
[2017.11.19-19.35.09:936][453]LogModuleManager: Shutting down and abandoning module GeometryCache (276)
[2017.11.19-19.35.09:936][453]LogModuleManager: Shutting down and abandoning module GeometryCacheEd (275)
[2017.11.19-19.35.09:936][453]LogModuleManager: Shutting down and abandoning module SuperSearchEditor (270)
[2017.11.19-19.35.09:937][453]LogModuleManager: Shutting down and abandoning module SuperSearch (269)
[2017.11.19-19.35.09:937][453]LogModuleManager: Shutting down and abandoning module SpeedTreeImporter (266)
[2017.11.19-19.35.09:937][453]LogModuleManager: Shutting down and abandoning module PluginBrowser (264)
[2017.11.19-19.35.09:937][453]LogModuleManager: Shutting down and abandoning module MobileLauncherProfileWizard (262)
[2017.11.19-19.35.09:937][453]LogModuleManager: Shutting down and abandoning module EpicSurvey (260)
[2017.11.19-19.35.09:937][453]LogModuleManager: Shutting down and abandoning module VisualStudioSourceCodeAccess (258)
[2017.11.19-19.35.09:937][453]LogModuleManager: Shutting down and abandoning module DesktopPlatform (257)
[2017.11.19-19.35.09:937][453]LogModuleManager: Shutting down and abandoning module UObjectPlugin (254)
[2017.11.19-19.35.09:937][453]LogModuleManager: Shutting down and abandoning module SubversionSourceControl (252)
[2017.11.19-19.35.09:937][453]LogModuleManager: Shutting down and abandoning module PerforceSourceControl (250)
[2017.11.19-19.35.09:937][453]LogModuleManager: Shutting down and abandoning module GitSourceControl (248)
[2017.11.19-19.35.09:937][453]LogModuleManager: Shutting down and abandoning module SourceControl (247)
[2017.11.19-19.35.09:937][453]LogModuleManager: Shutting down and abandoning module LightPropagationVolumeEditor (244)
[2017.11.19-19.35.09:937][453]LogModuleManager: Shutting down and abandoning module PaperTiledImporter (242)
[2017.11.19-19.35.09:937][453]LogModuleManager: Shutting down and abandoning module PaperSpriteSheetImporter (240)
[2017.11.19-19.35.09:937][453]LogModuleManager: Shutting down and abandoning module Paper2DEditor (238)
[2017.11.19-19.35.09:937][453]LogModuleManager: Shutting down and abandoning module MeshPaint (237)
[2017.11.19-19.35.09:937][453]LogModuleManager: Shutting down and abandoning module LevelEditor (235)
[2017.11.19-19.35.09:940][453]LogModuleManager: Shutting down and abandoning module PixelInspectorModule (234)
[2017.11.19-19.35.09:940][453]LogModuleManager: Shutting down and abandoning module MainFrame (232)
[2017.11.19-19.35.09:940][453]LogModuleManager: Shutting down and abandoning module HotReload (231)
[2017.11.19-19.35.09:940][453]LogDirectoryWatcher: A directory notification for 'C:/Users/chong/OneDrive/Documents/GitHub/FYP_DumbTesting/Meeting/Binaries/Win64' was aborted.
[2017.11.19-19.35.09:942][453]LogModuleManager: Shutting down and abandoning module ContentBrowser (227)
[2017.11.19-19.35.09:945][453]LogModuleManager: Shutting down and abandoning module Meeting (224)
[2017.11.19-19.35.09:945][453]LogModuleManager: Shutting down and abandoning module PhysXVehiclesEditor (222)
[2017.11.19-19.35.09:945][453]LogModuleManager: Shutting down and abandoning module PhysXVehicles (220)
[2017.11.19-19.35.09:945][453]LogModuleManager: Shutting down and abandoning module LocationServicesBPLibrary (218)
[2017.11.19-19.35.09:945][453]LogModuleManager: Shutting down and abandoning module UdpMessaging (216)
[2017.11.19-19.35.10:046][453]LogModuleManager: Shutting down and abandoning module TcpMessaging (214)
[2017.11.19-19.35.10:147][453]LogModuleManager: Shutting down and abandoning module GameplayTagsEditor (212)
[2017.11.19-19.35.10:147][453]LogModuleManager: Shutting down and abandoning module FacialAnimationEditor (210)
[2017.11.19-19.35.10:147][453]LogModuleManager: Shutting down and abandoning module FacialAnimation (208)
[2017.11.19-19.35.10:147][453]LogModuleManager: Shutting down and abandoning module LightPropagationVolumeRuntime (206)
[2017.11.19-19.35.10:147][453]LogModuleManager: Shutting down and abandoning module Paper2D (204)
[2017.11.19-19.35.10:147][453]LogModuleManager: Shutting down and abandoning module WindowsMoviePlayer (202)
[2017.11.19-19.35.10:147][453]LogModuleManager: Shutting down and abandoning module WmfMedia (200)
[2017.11.19-19.35.10:147][453]LogModuleManager: Shutting down and abandoning module MfMedia (198)
[2017.11.19-19.35.10:147][453]LogModuleManager: Shutting down and abandoning module MediaAssets (196)
[2017.11.19-19.35.10:147][453]LogModuleManager: Shutting down and abandoning module GameLiveStreaming (194)
[2017.11.19-19.35.10:147][453]LogModuleManager: Shutting down and abandoning module VREditor (192)
[2017.11.19-19.35.10:147][453]LogModuleManager: Shutting down and abandoning module GameplayTasksEditor (190)
[2017.11.19-19.35.10:147][453]LogModuleManager: Shutting down and abandoning module BehaviorTreeEditor (188)
[2017.11.19-19.35.10:148][453]LogModuleManager: Shutting down and abandoning module FunctionalTesting (186)
[2017.11.19-19.35.10:148][453]LogModuleManager: Shutting down and abandoning module CollisionAnalyzer (184)
[2017.11.19-19.35.10:148][453]LogModuleManager: Shutting down and abandoning module UMG (182)
[2017.11.19-19.35.10:148][453]LogModuleManager: Shutting down and abandoning module UMGEditor (181)
[2017.11.19-19.35.10:148][453]LogModuleManager: Shutting down and abandoning module Sequencer (180)
[2017.11.19-19.35.10:148][453]LogModuleManager: Shutting down and abandoning module AssetTools (178)
[2017.11.19-19.35.10:148][453]LogModuleManager: Shutting down and abandoning module MessageLog (177)
[2017.11.19-19.35.10:148][453]LogModuleManager: Shutting down and abandoning module WorkspaceMenuStructure (176)
[2017.11.19-19.35.10:148][453]LogModuleManager: Shutting down and abandoning module SlateReflector (170)
[2017.11.19-19.35.10:148][453]LogModuleManager: Shutting down and abandoning module Slate (168)
[2017.11.19-19.35.10:148][453]LogModuleManager: Shutting down and abandoning module EditorStyle (166)
[2017.11.19-19.35.10:156][453]LogModuleManager: Shutting down and abandoning module SourceCodeAccess (164)
[2017.11.19-19.35.10:156][453]LogModuleManager: Shutting down and abandoning module HeadMountedDisplay (162)
[2017.11.19-19.35.10:156][453]LogModuleManager: Shutting down and abandoning module XAudio2 (160)
[2017.11.19-19.35.10:157][453]LogModuleManager: Shutting down and abandoning module Networking (158)
[2017.11.19-19.35.10:157][453]LogModuleManager: Shutting down and abandoning module Core (154)
[2017.11.19-19.35.10:157][453]LogModuleManager: Shutting down and abandoning module AssetRegistry (152)
[2017.11.19-19.35.10:432][453]LogDirectoryWatcher: A directory notification for '../../../Engine/Content/' was aborted.
[2017.11.19-19.35.10:432][453]LogDirectoryWatcher: A directory notification for '../../../../../../Users/chong/OneDrive/Documents/GitHub/FYP_DumbTesting/Meeting/Content/' was aborted.
[2017.11.19-19.35.10:432][453]LogDirectoryWatcher: A directory notification for '../../../Engine/Plugins/2D/Paper2D/Content/' was aborted.
[2017.11.19-19.35.10:433][453]LogModuleManager: Shutting down and abandoning module DirectoryWatcher (151)
[2017.11.19-19.35.10:434][453]LogModuleManager: Shutting down and abandoning module KismetCompiler (148)
[2017.11.19-19.35.10:434][453]LogModuleManager: Shutting down and abandoning module PhysXFormats (146)
[2017.11.19-19.35.10:434][453]LogModuleManager: Shutting down and abandoning module MeshUtilities (144)
[2017.11.19-19.35.10:434][453]LogModuleManager: Shutting down and abandoning module SimplygonSwarm (143)
[2017.11.19-19.35.10:434][453]LogModuleManager: Shutting down and abandoning module SimplygonMeshReduction (141)
[2017.11.19-19.35.10:434][453]LogModuleManager: Shutting down and abandoning module QuadricMeshReduction (139)
[2017.11.19-19.35.10:434][453]LogModuleManager: Shutting down and abandoning module PropertyEditor (137)
[2017.11.19-19.35.10:434][453]LogModuleManager: Shutting down and abandoning module DerivedDataCache (134)
[2017.11.19-19.35.10:460][453]LogDerivedDataCache: Shutdown
[2017.11.19-19.35.10:460][453]LogModuleManager: Shutting down and abandoning module TargetPlatform (132)
[2017.11.19-19.35.10:460][453]LogModuleManager: Shutting down and abandoning module VulkanShaderFormat (131)
[2017.11.19-19.35.10:460][453]LogModuleManager: Shutting down and abandoning module ShaderFormatOpenGL (129)
[2017.11.19-19.35.10:460][453]LogModuleManager: Shutting down and abandoning module ShaderFormatD3D (127)
[2017.11.19-19.35.10:460][453]LogModuleManager: Shutting down and abandoning module MetalShaderFormat (125)
[2017.11.19-19.35.10:460][453]LogModuleManager: Shutting down and abandoning module TextureFormatUncompressed (123)
[2017.11.19-19.35.10:460][453]LogModuleManager: Shutting down and abandoning module TextureFormatPVR (121)
[2017.11.19-19.35.10:460][453]LogModuleManager: Shutting down and abandoning module TextureFormatDXT (119)
[2017.11.19-19.35.10:460][453]LogModuleManager: Shutting down and abandoning module TextureFormatIntelISPCTexComp (117)
[2017.11.19-19.35.10:460][453]LogModuleManager: Shutting down and abandoning module TextureFormatASTC (115)
[2017.11.19-19.35.10:460][453]LogModuleManager: Shutting down and abandoning module ImageWrapper (114)
[2017.11.19-19.35.10:460][453]LogModuleManager: Shutting down and abandoning module TextureFormatAndroid (111)
[2017.11.19-19.35.10:460][453]LogModuleManager: Shutting down and abandoning module AudioFormatOpus (109)
[2017.11.19-19.35.10:460][453]LogModuleManager: Shutting down and abandoning module AudioFormatOgg (107)
[2017.11.19-19.35.10:460][453]LogModuleManager: Shutting down and abandoning module AudioFormatADPCM (105)
[2017.11.19-19.35.10:460][453]LogModuleManager: Shutting down and abandoning module LinuxTargetPlatform (103)
[2017.11.19-19.35.10:460][453]LogModuleManager: Shutting down and abandoning module LinuxServerTargetPlatform (101)
[2017.11.19-19.35.10:460][453]LogModuleManager: Shutting down and abandoning module LinuxNoEditorTargetPlatform (99)
[2017.11.19-19.35.10:460][453]LogModuleManager: Shutting down and abandoning module LinuxClientTargetPlatform (97)
[2017.11.19-19.35.10:461][453]LogModuleManager: Shutting down and abandoning module TVOSTargetPlatform (95)
[2017.11.19-19.35.10:461][453]LogModuleManager: Shutting down and abandoning module Messaging (93)
[2017.11.19-19.35.10:461][453]LogModuleManager: Shutting down and abandoning module IOSTargetPlatform (91)
[2017.11.19-19.35.10:461][453]LogModuleManager: Shutting down and abandoning module HTML5TargetPlatform (89)
[2017.11.19-19.35.10:461][453]LogModuleManager: Shutting down and abandoning module Android_PVRTCTargetPlatform (87)
[2017.11.19-19.35.10:461][453]LogModuleManager: Shutting down and abandoning module Android_MultiTargetPlatform (85)
[2017.11.19-19.35.10:461][453]LogModuleManager: Shutting down and abandoning module Android_ETC2TargetPlatform (83)
[2017.11.19-19.35.10:461][453]LogModuleManager: Shutting down and abandoning module Android_ETC1TargetPlatform (81)
[2017.11.19-19.35.10:461][453]LogModuleManager: Shutting down and abandoning module Android_DXTTargetPlatform (79)
[2017.11.19-19.35.10:461][453]LogModuleManager: Shutting down and abandoning module Android_ATCTargetPlatform (77)
[2017.11.19-19.35.10:461][453]LogModuleManager: Shutting down and abandoning module Android_ASTCTargetPlatform (75)
[2017.11.19-19.35.10:461][453]LogModuleManager: Shutting down and abandoning module AndroidTargetPlatform (73)
[2017.11.19-19.35.10:461][453]LogModuleManager: Shutting down and abandoning module WindowsTargetPlatform (71)
[2017.11.19-19.35.10:461][453]LogModuleManager: Shutting down and abandoning module WindowsServerTargetPlatform (69)
[2017.11.19-19.35.10:461][453]LogModuleManager: Shutting down and abandoning module WindowsNoEditorTargetPlatform (67)
[2017.11.19-19.35.10:461][453]LogModuleManager: Shutting down and abandoning module WindowsClientTargetPlatform (65)
[2017.11.19-19.35.10:461][453]LogModuleManager: Shutting down and abandoning module MacTargetPlatform (63)
[2017.11.19-19.35.10:461][453]LogModuleManager: Shutting down and abandoning module MacServerTargetPlatform (61)
[2017.11.19-19.35.10:461][453]LogModuleManager: Shutting down and abandoning module MacNoEditorTargetPlatform (59)
[2017.11.19-19.35.10:461][453]LogModuleManager: Shutting down and abandoning module MacClientTargetPlatform (57)
[2017.11.19-19.35.10:461][453]LogModuleManager: Shutting down and abandoning module AllDesktopTargetPlatform (55)
[2017.11.19-19.35.10:461][453]LogModuleManager: Shutting down and abandoning module InputCore (52)
[2017.11.19-19.35.10:461][453]LogModuleManager: Shutting down and abandoning module Settings (50)
[2017.11.19-19.35.10:461][453]LogModuleManager: Shutting down and abandoning module OculusRift (48)
[2017.11.19-19.35.10:461][453]LogModuleManager: Shutting down and abandoning module GearVR (46)
[2017.11.19-19.35.10:461][453]LogModuleManager: Shutting down and abandoning module ExampleDeviceProfileSelector (44)
[2017.11.19-19.35.10:461][453]LogModuleManager: Shutting down and abandoning module OnlineBlueprintSupport (42)
[2017.11.19-19.35.10:461][453]LogModuleManager: Shutting down and abandoning module OnlineSubsystem (38)
[2017.11.19-19.35.10:461][453]LogOnline:Display: Unloading online subsystem: NULL
[2017.11.19-19.35.10:461][453]LogModuleManager: Shutting down and abandoning module XMPP (37)
[2017.11.19-19.35.10:461][453]LogModuleManager: Shutting down and abandoning module HTTP (35)
[2017.11.19-19.35.10:461][453]LogHttp:Display: Http module shutting down, but needs to wait on 1 outstanding Http requests:
[2017.11.19-19.35.10:461][453]LogHttp:Display: 	verb=[POST] url=[https://datarouter.ol.epicgames.com/datarouter/api/v1/public/data?SessionID=%7BE2A7FF05-48F0-0B9D-38C2-94B5A241513D%7D&AppID=UEEditor.Rocket.Release&AppVersion=4.15.3-3450819%2B%2B%2BUE4%2BRelease-4.15&UserID=b99de09e4fd31c4d8810b7b27378685f%7Cd854f23f85534a6a958aa5db07b32c86%7Cc8e0bc57-2edb-4c06-a7cf-4ae6b98e3978&AppEnvironment=datacollector-binary&UploadType=eteventstream] status=Processing
[2017.11.19-19.35.10:471][453]LogModuleManager: Shutting down and abandoning module SSL (34)
[2017.11.19-19.35.10:472][453]LogModuleManager: Shutting down and abandoning module AudioEditor (30)
[2017.11.19-19.35.10:472][453]LogModuleManager: Shutting down and abandoning module TextureCompressor (28)
[2017.11.19-19.35.10:472][453]LogModuleManager: Shutting down and abandoning module ShaderCore (26)
[2017.11.19-19.35.10:472][453]LogModuleManager: Shutting down and abandoning module Landscape (24)
[2017.11.19-19.35.10:472][453]LogModuleManager: Shutting down and abandoning module SlateRHIRenderer (22)
[2017.11.19-19.35.10:473][453]LogModuleManager: Shutting down and abandoning module OpenGLDrv (20)
[2017.11.19-19.35.10:473][453]LogModuleManager: Shutting down and abandoning module D3D11RHI (18)
[2017.11.19-19.35.10:473][453]LogModuleManager: Shutting down and abandoning module AnimGraphRuntime (16)
[2017.11.19-19.35.10:474][453]LogModuleManager: Shutting down and abandoning module Renderer (14)
[2017.11.19-19.35.10:474][453]LogModuleManager: Shutting down and abandoning module Engine (12)
[2017.11.19-19.35.10:474][453]LogModuleManager: Shutting down and abandoning module CoreUObject (10)
[2017.11.19-19.35.10:474][453]LogModuleManager: Shutting down and abandoning module NetworkFile (8)
[2017.11.19-19.35.10:474][453]LogModuleManager: Shutting down and abandoning module StreamingFile (6)
[2017.11.19-19.35.10:474][453]LogModuleManager: Shutting down and abandoning module SandboxFile (4)
[2017.11.19-19.35.10:474][453]LogModuleManager: Shutting down and abandoning module PakFile (2)
[2017.11.19-19.35.10:475][453]LogExit: Exiting.
[2017.11.19-19.35.10:478][453]Log file closed, 11/20/17 03:35:10
