Log file open, 07/11/17 23:50:26
LogInit:Display: Running engine for game: Meeting
LogPlatformFile: Not using cached read wrapper
LogInit:Display: RandInit(-1178396999) SRandInit(-1178396999).
LogTaskGraph: Started task graph with 5 named threads and 8 total threads with 1 sets of task threads.
LogStats: Stats thread started at 0.140004
LogInit: Using libcurl 7.47.1
LogInit:  - built for x86_64-pc-win32
LogInit:  - supports SSL with OpenSSL/1.0.2g
LogInit:  - supports HTTP deflate (compression) using libz 1.2.8
LogInit:  - other features:
LogInit:      CURL_VERSION_SSL
LogInit:      CURL_VERSION_LIBZ
LogInit:      CURL_VERSION_IPV6
LogInit:      CURL_VERSION_ASYNCHDNS
LogInit:      CURL_VERSION_LARGEFILE
LogInit:      CURL_VERSION_IDN
LogInit:  CurlRequestOptions (configurable via config and command line):
LogInit:  - bVerifyPeer = false  - Libcurl will NOT verify peer certificate
LogInit:  - bUseHttpProxy = false  - Libcurl will NOT use HTTP proxy
LogInit:  - bDontReuseConnections = false  - Libcurl will reuse connections
LogInit:  - CertBundlePath = nullptr  - Libcurl will use whatever was configured at build time.
LogInit: Build: ++UE4+Release-4.15-CL-3450819
LogInit: Engine Version: 4.15.3-3450819+++UE4+Release-4.15
LogInit: Compatible Engine Version: 4.15.0-3299760+++UE4+Release-4.15
LogInit: Net CL: 3299760
LogDevObjectVersion: Number of dev versions registered: 14
LogDevObjectVersion:   Dev-Blueprints (B0D832E4-1F89-4F0D-ACCF-7EB736FD4AA2): 8
LogDevObjectVersion:   Dev-Build (E1C64328-A22C-4D53-A36C-8E866417BD8C): 0
LogDevObjectVersion:   Dev-Core (375EC13C-06E4-48FB-B500-84F0262A717E): 2
LogDevObjectVersion:   Dev-Editor (E4B068ED-F494-42E9-A231-DA0B2E46BB41): 14
LogDevObjectVersion:   Dev-Framework (CFFC743F-43B0-4480-9391-14DF171D2073): 22
LogDevObjectVersion:   Dev-Mobile (B02B49B5-BB20-44E9-A304-32B752E40360): 0
LogDevObjectVersion:   Dev-Networking (A4E4105C-59A1-49B5-A7C5-40C4547EDFEE): 0
LogDevObjectVersion:   Dev-Online (39C831C9-5AE6-47DC-9A44-9C173E1C8E7C): 0
LogDevObjectVersion:   Dev-Physics (78F01B33-EBEA-4F98-B9B4-84EACCB95AA2): 0
LogDevObjectVersion:   Dev-Platform (6631380F-2D4D-43E0-8009-CF276956A95A): 0
LogDevObjectVersion:   Dev-Rendering (12F88B9F-8875-4AFC-A67C-D90C383ABD29): 12
LogDevObjectVersion:   Dev-Sequencer (7B5AE74C-D270-4C10-A958-57980B212A5A): 3
LogDevObjectVersion:   Dev-VR (D7296918-1DD6-4BDD-9DE2-64A83CC13884): 0
LogDevObjectVersion:   Dev-LoadTimes (C2A15278-BFE7-4AFE-6C17-90FF531DF755): 1
LogInit: Compiled (64-bit): May 21 2017 11:02:34
LogInit: Compiled with Visual C++: 19.00.23026.00
LogInit: Build Configuration: Development
LogInit: Branch Name: ++UE4+Release-4.15
LogInit: Command line:  
LogInit: Base directory: D:/UE_4.15/Engine/Binaries/Win64/
LogInit: Installed Engine Build: 1
LogInit: Presizing for max 8388607 objects, including 0 objects not considered by GC, pre-allocating 0 bytes for permanent pool.
LogInit: Object subsystem initialized
[2017.07.11-15.50.28:039][  0]LogInit: Selected Device Profile: [Windows]
[2017.07.11-15.50.28:039][  0]LogInit: Applying CVar settings loaded from the selected device profile: [Windows]
[2017.07.11-15.50.28:088][  0]LogInit: Computer: ASUS
[2017.07.11-15.50.28:088][  0]LogInit: User: User
[2017.07.11-15.50.28:088][  0]LogInit: CPU Page size=65536, Cores=4
[2017.07.11-15.50.28:088][  0]LogInit: High frequency timer resolution =2.338348 MHz
[2017.07.11-15.50.28:088][  0]LogMemory: Memory total: Physical=7.9GB (8GB approx)
[2017.07.11-15.50.28:088][  0]LogMemory: Platform Memory Stats for Windows
[2017.07.11-15.50.28:088][  0]LogMemory: Process Physical Memory: 263.29 MB used, 263.29 MB peak
[2017.07.11-15.50.28:088][  0]LogMemory: Process Virtual Memory: 262.47 MB used, 262.47 MB peak
[2017.07.11-15.50.28:088][  0]LogMemory: Physical Memory: 4916.65 MB used,  3192.83 MB free, 8109.48 MB total
[2017.07.11-15.50.28:088][  0]LogMemory: Virtual Memory: 646.04 MB used,  3192.83 MB free, 134217728.00 MB total
[2017.07.11-15.50.28:661][  0]LogTextLocalizationManager: No specific translations for ('en-US') exist, so ('en') translations will be used.
[2017.07.11-15.50.31:530][  0]LogD3D11RHI: D3D11 adapters:
[2017.07.11-15.50.31:577][  0]LogD3D11RHI:    0. 'NVIDIA GeForce GTX 770M' (Feature Level 11_0)
[2017.07.11-15.50.31:577][  0]LogD3D11RHI:       3039/0/4054 MB DedicatedVideo/DedicatedSystem/SharedSystem, Outputs:1, VendorId:0x10de
[2017.07.11-15.50.31:579][  0]LogD3D11RHI:    1. 'Microsoft Basic Render Driver' (Feature Level 11_0)
[2017.07.11-15.50.31:579][  0]LogD3D11RHI:       0/0/4054 MB DedicatedVideo/DedicatedSystem/SharedSystem, Outputs:0, VendorId:0x1414
[2017.07.11-15.50.31:579][  0]LogD3D11RHI: Chosen D3D11 Adapter: 0
[2017.07.11-15.50.31:582][  0]LogD3D11RHI: Creating new Direct3DDevice
[2017.07.11-15.50.31:582][  0]LogD3D11RHI:     GPU DeviceId: 0x11e0 (for the marketing name, search the web for "GPU Device Id")
[2017.07.11-15.50.31:582][  0]LogWindows: EnumDisplayDevices:
[2017.07.11-15.50.31:582][  0]LogWindows:    0. 'NVIDIA GeForce GTX 770M' (P:1 D:1)
[2017.07.11-15.50.31:582][  0]LogWindows:    1. 'NVIDIA GeForce GTX 770M' (P:0 D:0)
[2017.07.11-15.50.31:583][  0]LogWindows:    2. 'NVIDIA GeForce GTX 770M' (P:0 D:0)
[2017.07.11-15.50.31:583][  0]LogWindows:    3. 'NVIDIA GeForce GTX 770M' (P:0 D:0)
[2017.07.11-15.50.31:583][  0]LogWindows: DebugString: FoundDriverCount:4 
[2017.07.11-15.50.31:583][  0]LogD3D11RHI:     Adapter Name: NVIDIA GeForce GTX 770M
[2017.07.11-15.50.31:583][  0]LogD3D11RHI:   Driver Version: 375.63 (internal:21.21.13.7563, unified:375.63)
[2017.07.11-15.50.31:583][  0]LogD3D11RHI:      Driver Date: 10-21-2016
[2017.07.11-15.50.31:583][  0]LogRHI: Texture pool is 1361 MB (70% of 1945 MB)
[2017.07.11-15.50.31:595][  0]LogD3D11RHI:Warning: Timestamp queries are currently disabled on this hardware due to instability. Realtime GPU stats will not be available. You can override this behaviour by setting r.NVIDIATimestampWorkaround to 0
[2017.07.11-15.50.31:595][  0]LogD3D11RHI: Async texture creation enabled
[2017.07.11-15.50.31:610][  0]LogD3D11RHI: GPU Timing Frequency: 1000.000000 (Debug: 2 2)
[2017.07.11-15.50.31:657][  0]LogShaderCompilers: Guid format shader working directory is -14 characters bigger than the processId version (C:/Users/User/Desktop/Unreal/GitHub/FYP_DumbTesting/Meeting/Intermediate/Shaders/WorkingDirectory/7632/).
[2017.07.11-15.50.31:658][  0]LogShaderCompilers: Cleaned the shader compiler working directory 'C:/Users/User/AppData/Local/Temp/UnrealShaderWorkingDir/A158C78A4BC56993178C5EB915284854/'.
[2017.07.11-15.50.31:658][  0]LogShaderCompilers:Display: Using Local Shader Compiler.
[2017.07.11-15.50.39:753][  0]LogTemp:Display: Loaded TP AllDesktopTargetPlatform
[2017.07.11-15.50.39:800][  0]LogTemp:Display: Loaded TP MacClientTargetPlatform
[2017.07.11-15.50.39:848][  0]LogTemp:Display: Loaded TP MacNoEditorTargetPlatform
[2017.07.11-15.50.39:895][  0]LogTemp:Display: Loaded TP MacServerTargetPlatform
[2017.07.11-15.50.39:964][  0]LogTemp:Display: Loaded TP MacTargetPlatform
[2017.07.11-15.50.40:013][  0]LogTemp:Display: Loaded TP WindowsClientTargetPlatform
[2017.07.11-15.50.40:072][  0]LogTemp:Display: Loaded TP WindowsNoEditorTargetPlatform
[2017.07.11-15.50.40:126][  0]LogTemp:Display: Loaded TP WindowsServerTargetPlatform
[2017.07.11-15.50.40:163][  0]LogTemp:Display: Loaded TP WindowsTargetPlatform
[2017.07.11-15.50.40:229][  0]LogTemp:Display: Loaded TP AndroidTargetPlatform
[2017.07.11-15.50.40:277][  0]LogTemp:Display: Loaded TP Android_ASTCTargetPlatform
[2017.07.11-15.50.40:324][  0]LogTemp:Display: Loaded TP Android_ATCTargetPlatform
[2017.07.11-15.50.40:372][  0]LogTemp:Display: Loaded TP Android_DXTTargetPlatform
[2017.07.11-15.50.40:420][  0]LogTemp:Display: Loaded TP Android_ETC1TargetPlatform
[2017.07.11-15.50.40:466][  0]LogTemp:Display: Loaded TP Android_ETC2TargetPlatform
[2017.07.11-15.50.40:561][  0]LogTemp:Display: Loaded TP Android_MultiTargetPlatform
[2017.07.11-15.50.40:561][  0]LogTemp:Display: Loaded TP Android_PVRTCTargetPlatform
[2017.07.11-15.50.40:625][  0]LogTemp:Display: Loaded TP HTML5TargetPlatform
[2017.07.11-15.50.40:752][  0]LogTemp:Display: Loaded TP IOSTargetPlatform
[2017.07.11-15.50.40:783][  0]LogTemp:Display: Loaded TP TVOSTargetPlatform
[2017.07.11-15.50.40:852][  0]LogTemp:Display: Loaded TP LinuxClientTargetPlatform
[2017.07.11-15.50.40:899][  0]LogTemp:Display: Loaded TP LinuxNoEditorTargetPlatform
[2017.07.11-15.50.40:945][  0]LogTemp:Display: Loaded TP LinuxServerTargetPlatform
[2017.07.11-15.50.40:995][  0]LogTemp:Display: Loaded TP LinuxTargetPlatform
[2017.07.11-15.50.40:995][  0]LogTargetPlatformManager:Display: Building Assets For Windows
[2017.07.11-15.50.41:782][  0]LogDerivedDataCache:Display: Max Cache Size: 512 MB
[2017.07.11-15.50.42:537][  0]LogDerivedDataCache: Loaded boot cache 0.74s 50MB C:/Users/User/AppData/Local/UnrealEngine/4.15/DerivedDataCache/Boot.ddc.
[2017.07.11-15.50.42:537][  0]LogDerivedDataCache:Display: Loaded Boot cache: C:/Users/User/AppData/Local/UnrealEngine/4.15/DerivedDataCache/Boot.ddc
[2017.07.11-15.50.42:537][  0]LogDerivedDataCache: FDerivedDataBackendGraph:  Pak pak cache file C:/Users/User/Desktop/Unreal/GitHub/FYP_DumbTesting/Meeting/DerivedDataCache/DDC.ddp not found, will not use a pak cache.
[2017.07.11-15.50.42:537][  0]LogDerivedDataCache: Unable to find inner node Pak for hierarchical cache Hierarchy.
[2017.07.11-15.50.42:537][  0]LogDerivedDataCache: FDerivedDataBackendGraph:  CompressedPak pak cache file C:/Users/User/Desktop/Unreal/GitHub/FYP_DumbTesting/Meeting/DerivedDataCache/Compressed.ddp not found, will not use a pak cache.
[2017.07.11-15.50.42:537][  0]LogDerivedDataCache: Unable to find inner node CompressedPak for hierarchical cache Hierarchy.
[2017.07.11-15.50.42:575][  0]LogDerivedDataCache:Display: Pak cache opened for reading ../../../Engine/DerivedDataCache/Compressed.ddp.
[2017.07.11-15.50.42:587][  0]LogDerivedDataCache: Using Local data cache path C:/Users/User/AppData/Local/UnrealEngine/Common/DerivedDataCache: Writable
[2017.07.11-15.50.42:596][  0]LogSlate: Using Freetype 2.6.0
[2017.07.11-15.50.42:641][  0]LogSlate: SlateFontCache - WITH_FREETYPE: 1, WITH_HARFBUZZ: 1
[2017.07.11-15.50.42:641][  0]LogSlate: SlateFontCache - WITH_FREETYPE: 1, WITH_HARFBUZZ: 1
[2017.07.11-15.50.49:782][  0]LogInit: Selected Device Profile: [Windows]
[2017.07.11-15.50.49:785][  0]LogContentStreaming: Texture pool size is 0.00 MB
[2017.07.11-15.50.50:111][  0]LogMeshUtilities: Using QuadricMeshReduction for automatic static mesh reduction
[2017.07.11-15.50.50:185][  0]LogSimplygon: Simplygon DLL not present - disabling.
[2017.07.11-15.50.50:246][  0]LogMeshUtilities: Using SimplygonSwarm for distributed automatic mesh merging
[2017.07.11-15.50.50:246][  0]LogMeshUtilities: No automatic skeletal mesh reduction module available
[2017.07.11-15.50.50:246][  0]LogMeshUtilities: No automatic mesh merging module available
[2017.07.11-15.50.52:461][  0]LogNetVersion: GetLocalNetworkVersion: CL: 3299760, ProjectName: meeting, ProjectVersion: , EngineNetworkVersion: 2, GameNetworkVersion: 0, NetworkChecksum: 116300604
[2017.07.11-15.50.52:518][  0]LogAssetRegistry: FAssetRegistry took 0.0216 seconds to start up
[2017.07.11-15.50.52:564][  0]LogPackageLocalizationCache: Processed 3 localized package path(s) for 2 prioritized culture(s) in 0.030312 seconds
[2017.07.11-15.50.52:570][  0]LogUObjectArray: 32493 objects as part of root set at end of initial load.
[2017.07.11-15.50.52:570][  0]LogUObjectAllocator: 7077024 out of 0 bytes used by permanent object pool.
[2017.07.11-15.50.52:570][  0]LogUObjectArray: CloseDisregardForGC: 0/0 objects in disregard for GC pool
[2017.07.11-15.50.52:615][  0]LogInit: WinSock: version 1.1 (2.2), MaxSocks=32767, MaxUdp=65467
[2017.07.11-15.51.09:308][  0]LogTcpMessaging: Initializing TcpMessaging bridge
[2017.07.11-15.51.09:381][  0]LogUdpMessaging: Initializing bridge on interface 0.0.0.0:0 to multicast group 230.0.0.1:6666.
[2017.07.11-15.51.10:372][  0]LogMaterial: Uniform references updated for custom material expression Custom.
[2017.07.11-15.51.10:870][  0]SourceControl: Info Source control is disabled
[2017.07.11-15.51.11:932][  0]SourceControl: Info Source control is disabled
[2017.07.11-15.51.12:067][  0]SourceControl: Info Source control is disabled
[2017.07.11-15.51.12:176][  0]SourceControl: Info Source control is disabled
[2017.07.11-15.51.15:019][  0]LogEngine: Initializing Engine...
[2017.07.11-15.51.15:072][  0]LogHMD: Failed to initialize OpenVR with code 100
[2017.07.11-15.51.15:186][  0]LogStats: UGameplayTagsManager::ConstructGameplayTagTree: Construct from data asset -  0.000 s
[2017.07.11-15.51.15:186][  0]LogStats: UGameplayTagsManager::ConstructGameplayTagTree: GameplayTagTreeChangedEvent.Broadcast -  0.000 s
[2017.07.11-15.51.15:369][  0]LogAIModule: Creating AISystem for world Untitled
[2017.07.11-15.51.15:488][  0]LogInit: XAudio2 using 'Speakers (Realtek High Definition Audio)' : 2 channels at 48 kHz using 32 bits per sample (channel mask 0x3)
[2017.07.11-15.51.15:582][  0]LogInit: FAudioDevice initialized.
[2017.07.11-15.51.15:606][  0]LogDerivedDataCache: Saved boot cache 0.02s 50MB C:/Users/User/AppData/Local/UnrealEngine/4.15/DerivedDataCache/Boot.ddc.
[2017.07.11-15.51.15:615][  0]LogInit: Texture streaming: Enabled
[2017.07.11-15.51.16:253][  0]LogEngineSessionManager: EngineSessionManager initialized
[2017.07.11-15.51.16:464][  0]LogInit: Transaction tracking system initialized
[2017.07.11-15.51.16:966][  0]BlueprintLog: New page: Editor Load
[2017.07.11-15.51.18:657][  0]LocalizationService: Info Localization service is disabled
[2017.07.11-15.51.19:847][  0]LogConsoleResponse:Display: 
[2017.07.11-15.51.20:898][  0]LogCook:Display: Max memory allowance for cook 16384mb min free memory 0mb
[2017.07.11-15.51.20:898][  0]LogCook:Display: Mobile HDR setting 1
[2017.07.11-15.51.21:092][  0]LogFileCache: Scanning file cache for directory 'C:/Users/User/Desktop/Unreal/GitHub/FYP_DumbTesting/Meeting/Content/' took 0.02s
[2017.07.11-15.51.24:041][  0]SourceControl: Info Source control is disabled
[2017.07.11-15.51.24:041][  0]Cmd: MAP LOAD FILE="C:/Users/User/Desktop/Unreal/GitHub/FYP_DumbTesting/Meeting/Content/ThirdPersonBP/Maps/MockUp_Map.umap" TEMPLATE=0 SHOWPROGRESS=1 FEATURELEVEL=3
[2017.07.11-15.51.24:041][  0]LightingResults: New page: Lighting Build
[2017.07.11-15.51.24:073][  0]MapCheck: New page: Map Check
[2017.07.11-15.51.24:073][  0]LightingResults: New page: Lighting Build
[2017.07.11-15.51.26:978][  0]LogBlueprint:Warning: [Compiler ThirdPersonCharacter] Warning InputAction Event references unknown Action 'ResetVR' for  InputAction ResetVR
[2017.07.11-15.51.26:978][  0]LogBlueprint:Warning: [Compiler ThirdPersonCharacter] Warning Input Axis Event references unknown Axis 'LookUpRate' for  InputAxis LookUpRate
[2017.07.11-15.51.26:978][  0]LogBlueprint:Warning: [Compiler ThirdPersonCharacter] Warning Input Axis Event references unknown Axis 'TurnRate' for  InputAxis TurnRate
[2017.07.11-15.51.26:978][  0]LogBlueprint:Warning: [Compiler ThirdPersonCharacter] Warning InputAction Event references unknown Action 'Jump' for  InputAction Jump
[2017.07.11-15.51.26:978][  0]LogBlueprint:Warning: [Compiler ThirdPersonCharacter] Warning Input Axis Event references unknown Axis 'LookUp' for  InputAxis LookUp
[2017.07.11-15.51.26:978][  0]LogBlueprint:Warning: [Compiler ThirdPersonCharacter] Warning Input Axis Event references unknown Axis 'Turn' for  InputAxis Turn
[2017.07.11-15.51.26:982][  0]LogBlueprint:Warning: [Compiler ThirdPersonCharacter] Warning [0064.44] Compile of ThirdPersonCharacter successful, but with 6 Warning(s) [in 21 ms] (/Game/ThirdPersonBP/Blueprints/ThirdPersonCharacter.ThirdPersonCharacter)
[2017.07.11-15.51.26:982][  0]LogBlueprint:Warning: [Compiler ThirdPersonCharacter] Warning [0064.44] Compile of ThirdPersonCharacter successful, but with 7 Warning(s) [in 0 ms] (/Game/ThirdPersonBP/Blueprints/ThirdPersonCharacter.ThirdPersonCharacter)
[2017.07.11-15.51.26:982][  0]LogBlueprint:Warning: [Compiler ThirdPersonCharacter] Warning [0064.44] Compile of ThirdPersonCharacter successful, but with 8 Warning(s) [in 0 ms] (/Game/ThirdPersonBP/Blueprints/ThirdPersonCharacter.ThirdPersonCharacter)
[2017.07.11-15.51.26:987][  0]LogBlueprint:Warning: [Compiler ThirdPersonCharacter] Warning InputAction Event references unknown Action 'ResetVR' for  InputAction ResetVR
[2017.07.11-15.51.26:987][  0]LogBlueprint:Warning: [Compiler ThirdPersonCharacter] Warning Input Axis Event references unknown Axis 'LookUpRate' for  InputAxis LookUpRate
[2017.07.11-15.51.26:987][  0]LogBlueprint:Warning: [Compiler ThirdPersonCharacter] Warning Input Axis Event references unknown Axis 'TurnRate' for  InputAxis TurnRate
[2017.07.11-15.51.26:987][  0]LogBlueprint:Warning: [Compiler ThirdPersonCharacter] Warning InputAction Event references unknown Action 'Jump' for  InputAction Jump
[2017.07.11-15.51.26:988][  0]LogBlueprint:Warning: [Compiler ThirdPersonCharacter] Warning Input Axis Event references unknown Axis 'LookUp' for  InputAxis LookUp
[2017.07.11-15.51.26:988][  0]LogBlueprint:Warning: [Compiler ThirdPersonCharacter] Warning Input Axis Event references unknown Axis 'Turn' for  InputAxis Turn
[2017.07.11-15.51.26:991][  0]LogBlueprint:Warning: [Compiler ThirdPersonCharacter] Warning [0064.45] Compile of ThirdPersonCharacter successful, but with 6 Warning(s) [in 7 ms] (/Game/ThirdPersonBP/Blueprints/ThirdPersonCharacter.ThirdPersonCharacter)
[2017.07.11-15.51.26:991][  0]LogBlueprint:Warning: [Compiler ThirdPersonCharacter] Warning [0064.45] Compile of ThirdPersonCharacter successful, but with 7 Warning(s) [in 0 ms] (/Game/ThirdPersonBP/Blueprints/ThirdPersonCharacter.ThirdPersonCharacter)
[2017.07.11-15.51.26:991][  0]LogBlueprint:Warning: [Compiler ThirdPersonCharacter] Warning [0064.45] Compile of ThirdPersonCharacter successful, but with 8 Warning(s) [in 0 ms] (/Game/ThirdPersonBP/Blueprints/ThirdPersonCharacter.ThirdPersonCharacter)
[2017.07.11-15.51.32:532][  0]LogLinker:Warning: Can't find file '/Game/Art/Environment/newdev/FLOORFLOOR'
[2017.07.11-15.51.32:532][  0]LogLinker:Warning: Can't find file for asset '/Game/Art/Environment/newdev/FLOORFLOOR' while loading C:/Users/User/Desktop/Unreal/GitHub/FYP_DumbTesting/Meeting/Content/Art/Environment/Mesh/SM_Corridor_Floor.uasset.
[2017.07.11-15.51.32:532][  0]LoadErrors:Error: Error /Game/Art/Environment/Mesh/SM_Corridor_Floor : Can't find file for asset. /Game/Art/Environment/newdev/FLOORFLOOR
[2017.07.11-15.51.32:532][  0]LogLinker:Warning: Can't find file '/Game/Art/Environment/newdev/FLOORFLOOR'
[2017.07.11-15.51.32:532][  0]LogLinker:Warning: Can't find file for asset '/Game/Art/Environment/newdev/FLOORFLOOR' while loading C:/Users/User/Desktop/Unreal/GitHub/FYP_DumbTesting/Meeting/Content/Art/Environment/Mesh/SM_Corridor_Floor.uasset.
[2017.07.11-15.51.32:532][  0]LoadErrors:Error: Error /Game/Art/Environment/Mesh/SM_Corridor_Floor : Can't find file for asset. /Game/Art/Environment/newdev/FLOORFLOOR
[2017.07.11-15.51.32:565][  0]LogLinker:Warning: Can't find file '/Game/Art/Environment/newdev/zzzzzz'
[2017.07.11-15.51.32:565][  0]LogLinker:Warning: Can't find file for asset '/Game/Art/Environment/newdev/zzzzzz' while loading C:/Users/User/Desktop/Unreal/GitHub/FYP_DumbTesting/Meeting/Content/Art/Environment/Mesh/SM_Corridor_Frame.uasset.
[2017.07.11-15.51.32:566][  0]LoadErrors:Error: Error /Game/Art/Environment/Mesh/SM_Corridor_Frame : Can't find file for asset. /Game/Art/Environment/newdev/zzzzzz
[2017.07.11-15.51.32:566][  0]LogLinker:Warning: Can't find file '/Game/Art/Environment/newdev/zzzzzz'
[2017.07.11-15.51.32:566][  0]LogLinker:Warning: Can't find file for asset '/Game/Art/Environment/newdev/zzzzzz' while loading C:/Users/User/Desktop/Unreal/GitHub/FYP_DumbTesting/Meeting/Content/Art/Environment/Mesh/SM_Corridor_Frame.uasset.
[2017.07.11-15.51.32:566][  0]LoadErrors:Error: Error /Game/Art/Environment/Mesh/SM_Corridor_Frame : Can't find file for asset. /Game/Art/Environment/newdev/zzzzzz
[2017.07.11-15.51.32:646][  0]LogLinker:Warning: Can't find file '/Game/Art/Environment/newdev/2'
[2017.07.11-15.51.32:646][  0]LogLinker:Warning: Can't find file for asset '/Game/Art/Environment/newdev/2' while loading C:/Users/User/Desktop/Unreal/GitHub/FYP_DumbTesting/Meeting/Content/Art/Environment/Mesh/SM_Corridor_Wall.uasset.
[2017.07.11-15.51.32:646][  0]LoadErrors:Error: Error /Game/Art/Environment/Mesh/SM_Corridor_Wall : Can't find file for asset. /Game/Art/Environment/newdev/2
[2017.07.11-15.51.32:646][  0]LogLinker:Warning: Can't find file '/Game/Art/Environment/newdev/2'
[2017.07.11-15.51.32:647][  0]LogLinker:Warning: Can't find file for asset '/Game/Art/Environment/newdev/2' while loading C:/Users/User/Desktop/Unreal/GitHub/FYP_DumbTesting/Meeting/Content/Art/Environment/Mesh/SM_Corridor_Wall.uasset.
[2017.07.11-15.51.32:647][  0]LoadErrors:Error: Error /Game/Art/Environment/Mesh/SM_Corridor_Wall : Can't find file for asset. /Game/Art/Environment/newdev/2
[2017.07.11-15.51.36:852][  0]LogLinker:Warning: Can't find file '/Game/Art/Environment/newdev/2'
[2017.07.11-15.51.36:852][  0]LoadErrors: Info Failed to load /Game/Art/Environment/newdev/2.2 Referenced by SM_Corridor_Wall
[2017.07.11-15.51.36:852][  0]LogLinker:Warning: Can't find file for asset '/Game/Art/Environment/newdev/2' while loading NULL.
[2017.07.11-15.51.36:853][  0]LoadErrors: Info Failed to load /Game/Art/Environment/newdev/2.2 Referenced by SM_Corridor_Wall
[2017.07.11-15.51.36:853][  0]LogLinker:Warning: Can't find file '/Game/Art/Environment/newdev/zzzzzz'
[2017.07.11-15.51.36:853][  0]LoadErrors: Info Failed to load /Game/Art/Environment/newdev/zzzzzz.zzzzzz Referenced by SM_Corridor_Frame
[2017.07.11-15.51.36:853][  0]LogLinker:Warning: Can't find file for asset '/Game/Art/Environment/newdev/zzzzzz' while loading NULL.
[2017.07.11-15.51.36:853][  0]LoadErrors: Info Failed to load /Game/Art/Environment/newdev/zzzzzz.zzzzzz Referenced by SM_Corridor_Frame
[2017.07.11-15.51.36:853][  0]LogLinker:Warning: Can't find file '/Game/Art/Environment/newdev/FLOORFLOOR'
[2017.07.11-15.51.36:853][  0]LoadErrors: Info Failed to load /Game/Art/Environment/newdev/FLOORFLOOR.FLOORFLOOR Referenced by SM_Corridor_Floor
[2017.07.11-15.51.36:854][  0]LogLinker:Warning: Can't find file for asset '/Game/Art/Environment/newdev/FLOORFLOOR' while loading NULL.
[2017.07.11-15.51.36:854][  0]LoadErrors: Info Failed to load /Game/Art/Environment/newdev/FLOORFLOOR.FLOORFLOOR Referenced by SM_Corridor_Floor
[2017.07.11-15.51.38:249][  0]LogTexture:Display: Building textures: LPPIPE_1001_OcclusionRoughnessMetallic (AutoDXT, 2048X2048) - 45 MB total VRAM
[2017.07.11-15.51.39:502][  0]LogTexture:Display: Building textures: LPPIPE_1001_Normal (BC5, 2048X2048) - 45 MB total VRAM
[2017.07.11-15.51.39:950][  0]LogTexture:Display: Building textures: LPPIPE_1001_BaseColor (AutoDXT, 2048X2048) - 45 MB total VRAM
[2017.07.11-15.51.41:740][  0]LogTexture:Display: Building textures: ceilingLP_1001_OcclusionRoughnessMetallic (AutoDXT, 2048X2048) - 45 MB total VRAM
[2017.07.11-15.51.42:860][  0]LogTexture:Display: Building textures: ceilingLP_1001_Normal (BC5, 2048X2048) - 45 MB total VRAM
[2017.07.11-15.51.43:311][  0]LogTexture:Display: Building textures: ceilingLP_1001_BaseColor (AutoDXT, 2048X2048) - 45 MB total VRAM
[2017.07.11-15.51.44:517][  0]LogTexture:Display: Building textures: innerventLP_1001_OcclusionRoughnessMetallic (AutoDXT, 2048X2048) - 45 MB total VRAM
[2017.07.11-15.51.45:414][  0]LogTexture:Display: Building textures: innerventLP_1001_Normal (BC5, 2048X2048) - 45 MB total VRAM
[2017.07.11-15.51.45:783][  0]LogTexture:Display: Building textures: innerventLP_1001_BaseColor (AutoDXT, 2048X2048) - 45 MB total VRAM
[2017.07.11-15.51.46:321][  0]LogMaterial: Missing cached shader map for material M_Vent_Inner, compiling. 
[2017.07.11-15.51.46:322][  0]LogTemp:Display: Added material ShaderMap 0x000001D3063E2080 with Material 0x000001D30199BD00 to ShaderMapsBeingCompiled
[2017.07.11-15.51.46:399][  0]LogTemp:Display: Kicking off shader compilation for M_Vent_Inner, GameThreadShaderMap 0x000001D3063E2080
[2017.07.11-15.51.49:464][  0]LogTexture:Display: Building textures: vent_LP_1001_OcclusionRoughnessMetallic (AutoDXT, 2048X2048) - 49 MB total VRAM
[2017.07.11-15.51.51:065][  0]LogTexture:Display: Building textures: vent_LP_1001_Normal (BC5, 2048X2048) - 49 MB total VRAM
[2017.07.11-15.51.51:565][  0]LogTexture:Display: Building textures: vent_LP_1001_BaseColor (AutoDXT, 2048X2048) - 49 MB total VRAM
[2017.07.11-15.51.53:052][  0]LogMaterial: Missing cached shader map for material M_Vent, compiling. 
[2017.07.11-15.51.53:053][  0]LogTemp:Display: Added material ShaderMap 0x000001D30E61D980 with Material 0x000001D30299BD00 to ShaderMapsBeingCompiled
[2017.07.11-15.51.53:083][  0]LogTemp:Display: Kicking off shader compilation for M_Vent, GameThreadShaderMap 0x000001D30E61D980
[2017.07.11-15.51.53:084][  0]LogStaticMesh: Building static mesh SM_Corridor_Vent_Outer...
[2017.07.11-15.51.53:229][  0]LogStaticMesh: Built static mesh [0.15s] /Game/Art/Environment/SM_Corridor_Vent_Outer.SM_Corridor_Vent_Outer
[2017.07.11-15.51.53:265][  0]LogStaticMesh: Building static mesh SM_Corridor_Vent_Inner...
[2017.07.11-15.51.53:267][  0]LogStaticMesh: Built static mesh [0.02s] /Game/Art/Environment/SM_Corridor_Vent_Inner.SM_Corridor_Vent_Inner
[2017.07.11-15.51.54:153][  0]LogAIModule: Creating AISystem for world MockUp_Map
[2017.07.11-15.51.54:181][  0]LogTemp:Display: Finished compile of shader map 0x000001D3063E2080
[2017.07.11-15.51.54:181][  0]LogTemp:Display: Shader map M_Vent_Inner complete, GameThreadShaderMap 0x000001D3063E2080, marking material M_Vent_Inner as finished
[2017.07.11-15.51.54:181][  0]LogTemp:Display: Marking material as finished 0x000001D30199BD00
[2017.07.11-15.51.54:253][  0]LogEditorServer: Finished looking for orphan Actors (0.000 secs)
[2017.07.11-15.51.54:254][  0]Cmd: MAP CHECKDEP NOCLEARLOG
[2017.07.11-15.51.54:368][  0]MapCheck: Info Map check complete: 0 Error(s), 0 Warning(s), took 114.097ms to complete.
[2017.07.11-15.51.54:368][  0]LogFileHelpers: Loading map 'MockUp_Map' took 30.327
[2017.07.11-15.51.54:742][  0]LogCollectionManager: Loaded 0 collections in 0.001177 seconds
[2017.07.11-15.51.54:823][  0]LogFileCache: Scanning file cache for directory 'C:/Users/User/Desktop/Unreal/GitHub/FYP_DumbTesting/Meeting/Saved/Collections/' took 0.01s
[2017.07.11-15.51.54:823][  0]LogFileCache: Scanning file cache for directory 'C:/Users/User/Desktop/Unreal/GitHub/FYP_DumbTesting/Meeting/Content/Developers/User/Collections/' took 0.01s
[2017.07.11-15.51.54:823][  0]LogFileCache: Scanning file cache for directory 'C:/Users/User/Desktop/Unreal/GitHub/FYP_DumbTesting/Meeting/Content/Collections/' took 0.01s
[2017.07.11-15.51.54:823][  0]LogCollectionManager: Rebuilt the GUID cache for 0 collections in 0.000003 seconds
[2017.07.11-15.51.54:839][  0]LogContentBrowser: Native class hierarchy populated in 0.0160 seconds. Added 2250 classes and 455 folders.
[2017.07.11-15.51.54:906][  0]LogContentBrowser: Native class hierarchy updated for 'WidgetCarousel' in 0.0025 seconds. Added 0 classes and 0 folders.
[2017.07.11-15.51.56:387][  0]LogContentBrowser: Native class hierarchy updated for 'AddContentDialog' in 0.0024 seconds. Added 0 classes and 0 folders.
[2017.07.11-15.51.56:454][  0]LogContentBrowser: Native class hierarchy updated for 'SceneOutliner' in 0.0023 seconds. Added 1 classes and 2 folders.
[2017.07.11-15.51.56:495][  0]LogCrashTracker: Crashtracker disabled due to settings.
[2017.07.11-15.51.56:500][  0]LogUObjectGlobals:Warning: Failed to find object 'Class None.'
[2017.07.11-15.51.56:588][  0]LogContentBrowser: Native class hierarchy updated for 'HierarchicalLODOutliner' in 0.0024 seconds. Added 1 classes and 2 folders.
[2017.07.11-15.51.56:588][  0]LogLoad: (Engine Initialization) Total time: 94.04 seconds
[2017.07.11-15.51.56:588][  0]LogLoad: (Engine Initialization) Total Blueprint compile time: 0.23 seconds
[2017.07.11-15.51.56:588][  0]LogExternalProfiler: Found external profiler: VSPerf
[2017.07.11-15.51.56:588][  0]LogExternalProfiler: Using external profiler: VSPerf
[2017.07.11-15.51.56:927][  0]LogOcInput: OculusInput pre-init called
[2017.07.11-15.51.56:948][  0]LogContentStreaming: Texture pool size now 1000 MB
[2017.07.11-15.51.56:960][  0]LogTemp:Display: Finished compile of shader map 0x000001D30E61D980
[2017.07.11-15.51.56:960][  0]LogTemp:Display: Shader map M_Vent complete, GameThreadShaderMap 0x000001D30E61D980, marking material M_Vent as finished
[2017.07.11-15.51.56:960][  0]LogTemp:Display: Marking material as finished 0x000001D30299BD00
[2017.07.11-15.51.56:981][  0]LogSlate: Took 0.019078 seconds to synchronously load lazily loaded font '../../../Engine/Content/Slate/Fonts/Roboto-Regular.ttf' (155K)
[2017.07.11-15.51.57:003][  0]LogSlate: Took 0.017495 seconds to synchronously load lazily loaded font '../../../Engine/Content/Slate/Fonts/Roboto-Bold.ttf' (160K)
[2017.07.11-15.51.57:022][  0]LogSlate: Took 0.016971 seconds to synchronously load lazily loaded font '../../../Engine/Content/Editor/Slate/Fonts/FontAwesome.ttf' (139K)
[2017.07.11-15.51.57:036][  0]LogSlate: Took 0.009943 seconds to synchronously load lazily loaded font '../../../Engine/Content/Editor/Slate/Fonts/DroidSansMono.ttf' (77K)
[2017.07.11-15.51.57:244][  0]LogSlate: Took 0.025028 seconds to synchronously load lazily loaded font '../../../Engine/Content/Slate/Fonts/Roboto-Light.ttf' (159K)
[2017.07.11-15.51.57:346][  0]LogRenderer: Reallocating scene render targets to support 1244x636 NumSamples 1 (Frame:2).
[2017.07.11-15.51.57:393][  1]LogAssetRegistry: Asset discovery search completed in 64.8968 seconds
[2017.07.11-15.51.57:393][  1]LogCollectionManager: Rebuilt the object cache for 0 collections in 0.000004 seconds (found 0 objects)
[2017.07.11-15.51.57:393][  1]LogCollectionManager: Fixed up redirectors for 0 collections in 0.000127 seconds (updated 0 objects)
[2017.07.11-15.52.47:022][594]LogSlate: Took 0.000194 seconds to synchronously load lazily loaded font '../../../Engine/Content/Slate/Fonts/Roboto-Light.ttf' (159K)
[2017.07.11-15.52.47:596][594]LogSavePackage: Save=521.48ms
[2017.07.11-15.52.47:596][594]LogSavePackage: Moving 'C:/Users/User/Desktop/Unreal/GitHub/FYP_DumbTesting/Meeting/Saved/MockUp_Map0CFD2A9C4470D96C3DF1FF8E45460D80.tmp' to 'C:/Users/User/Desktop/Unreal/GitHub/FYP_DumbTesting/Meeting/Content/ThirdPersonBP/Maps/MockUp_Map.umap'
[2017.07.11-15.52.47:599][594]LogSavePackage:Display: Finished SavePackage C:/Users/User/Desktop/Unreal/GitHub/FYP_DumbTesting/Meeting/Content/ThirdPersonBP/Maps/MockUp_Map.umap
[2017.07.11-15.52.50:695][783]MapCheck: New page: Map Check
[2017.07.11-15.52.50:883][783]Cmd: MAP REBUILD ALLVISIBLE
[2017.07.11-15.52.50:891][783]LogEditorServer: Rebuildmap Clear paths rebuilt
[2017.07.11-15.52.51:287][783]LightingResults: New page: Lighting Build - Jul 12, 2017, 7:52:51 AM
[2017.07.11-15.52.51:794][783]LogSwarmInterface: [OpenConnection] Registering TCP channel ...
[2017.07.11-15.52.52:163][783]LogSwarmInterface: [OpenConnection] Connecting to agent ...
[2017.07.11-15.52.52:450][783]LogSwarmInterface: [TryOpenConnection] Testing the Agent
[2017.07.11-15.52.55:234][783]LogSwarmInterface: [TryOpenConnection] Opening Connection to Agent
[2017.07.11-15.52.55:235][783]LogSwarmInterface: [TryOpenConnection] Local Process ID is 7632
[2017.07.11-15.53.06:154][783]LogStaticLightingSystem: Running Lightmass w/ ImmediateImport mode ENABLED
[2017.07.11-15.53.06:154][783]LogStaticLightingSystem: Running Lightmass w/ ImmediateProcess mode ENABLED
[2017.07.11-15.53.06:155][783]LogStaticLightingSystem: Running Lightmass w/ Sorting mode ENABLED
[2017.07.11-15.53.06:155][783]LogStaticLightingSystem: Running Lightmass w/ Mapping paddings ENABLED
[2017.07.11-15.53.06:155][783]LogStaticLightingSystem: Running Lightmass w/ Mapping debug paddings DISABLED
[2017.07.11-15.53.07:764][783]LogEditorBuildUtils: Build time 0:17
[2017.07.11-15.53.08:233][793]LogMaterial: Missing cached shader map for material FLightmassMaterialRenderer M_Vent_Inner, compiling. 
[2017.07.11-15.53.08:255][793]LogTemp:Display: Added material ShaderMap 0x000001D317A67900 with Material 0x000001D314E2DC00 to ShaderMapsBeingCompiled
[2017.07.11-15.53.08:258][793]LogTemp:Display: Kicking off shader compilation for FLightmassMaterialRenderer M_Vent_Inner, GameThreadShaderMap 0x000001D317A67900
[2017.07.11-15.53.08:261][793]LogMaterial: Missing cached shader map for material FLightmassMaterialRenderer M_Vent_Inner, compiling. 
[2017.07.11-15.53.08:262][793]LogTemp:Display: Added material ShaderMap 0x000001D30FF14B80 with Material 0x000001D314E2F700 to ShaderMapsBeingCompiled
[2017.07.11-15.53.08:265][793]LogTemp:Display: Kicking off shader compilation for FLightmassMaterialRenderer M_Vent_Inner, GameThreadShaderMap 0x000001D30FF14B80
[2017.07.11-15.53.08:282][794]LogMaterial: Missing cached shader map for material FLightmassMaterialRenderer M_Vent, compiling. 
[2017.07.11-15.53.08:284][794]LogTemp:Display: Added material ShaderMap 0x000001D309311600 with Material 0x000001D314D22500 to ShaderMapsBeingCompiled
[2017.07.11-15.53.08:288][794]LogTemp:Display: Kicking off shader compilation for FLightmassMaterialRenderer M_Vent, GameThreadShaderMap 0x000001D309311600
[2017.07.11-15.53.08:292][794]LogMaterial: Missing cached shader map for material FLightmassMaterialRenderer M_Vent, compiling. 
[2017.07.11-15.53.08:293][794]LogTemp:Display: Added material ShaderMap 0x000001D309312E80 with Material 0x000001D317B0B100 to ShaderMapsBeingCompiled
[2017.07.11-15.53.08:295][794]LogTemp:Display: Kicking off shader compilation for FLightmassMaterialRenderer M_Vent, GameThreadShaderMap 0x000001D309312E80
[2017.07.11-15.53.09:401][796]LogTemp:Display: Finished compile of shader map 0x000001D309311600
[2017.07.11-15.53.09:401][796]LogTemp:Display: Shader map FLightmassMaterialRenderer M_Vent complete, GameThreadShaderMap 0x000001D309311600, marking material FLightmassMaterialRenderer M_Vent as finished
[2017.07.11-15.53.09:401][796]LogTemp:Display: Marking material as finished 0x000001D314D22500
[2017.07.11-15.53.09:404][796]LogTemp:Display: Finished compile of shader map 0x000001D309312E80
[2017.07.11-15.53.09:404][796]LogTemp:Display: Shader map FLightmassMaterialRenderer M_Vent complete, GameThreadShaderMap 0x000001D309312E80, marking material FLightmassMaterialRenderer M_Vent as finished
[2017.07.11-15.53.09:404][796]LogTemp:Display: Marking material as finished 0x000001D317B0B100
[2017.07.11-15.53.09:407][796]LogTemp:Display: Finished compile of shader map 0x000001D30FF14B80
[2017.07.11-15.53.09:408][796]LogTemp:Display: Shader map FLightmassMaterialRenderer M_Vent_Inner complete, GameThreadShaderMap 0x000001D30FF14B80, marking material FLightmassMaterialRenderer M_Vent_Inner as finished
[2017.07.11-15.53.09:408][796]LogTemp:Display: Marking material as finished 0x000001D314E2F700
[2017.07.11-15.53.09:410][796]LogTemp:Display: Finished compile of shader map 0x000001D317A67900
[2017.07.11-15.53.09:410][796]LogTemp:Display: Shader map FLightmassMaterialRenderer M_Vent_Inner complete, GameThreadShaderMap 0x000001D317A67900, marking material FLightmassMaterialRenderer M_Vent_Inner as finished
[2017.07.11-15.53.09:411][796]LogTemp:Display: Marking material as finished 0x000001D314E2DC00
[2017.07.11-15.53.22:260][837]LightingResults:Warning: Warning SM_Vine_01 Object has overlapping UVs.
[2017.07.11-15.53.22:260][837]LightingResults: Info SM_Vine_01 Lightmap UV are overlapping by 5.2%. Please adjust content - Enable Error Coloring to visualize.
[2017.07.11-15.53.23:265][840]LightingResults:Warning: Warning SM_Vine_01 Object has overlapping UVs.
[2017.07.11-15.53.23:266][840]LightingResults: Info SM_Vine_01 Lightmap UV are overlapping by 5.2%. Please adjust content - Enable Error Coloring to visualize.
[2017.07.11-15.53.23:929][842]LightingResults:Warning: Warning SM_Vine_01 Object has overlapping UVs.
[2017.07.11-15.53.23:929][842]LightingResults: Info SM_Vine_01 Lightmap UV are overlapping by 5.2%. Please adjust content - Enable Error Coloring to visualize.
[2017.07.11-15.53.29:593][859]LightingResults:Warning: Warning SM_Ivy_Corner Object has overlapping UVs.
[2017.07.11-15.53.29:593][859]LightingResults: Info SM_Ivy_Corner Lightmap UV are overlapping by 2.7%. Please adjust content - Enable Error Coloring to visualize.
[2017.07.11-15.53.29:933][860]LightingResults:Warning: Warning SM_Ivy_Corner Object has overlapping UVs.
[2017.07.11-15.53.29:933][860]LightingResults: Info SM_Ivy_Corner Lightmap UV are overlapping by 2.7%. Please adjust content - Enable Error Coloring to visualize.
[2017.07.11-15.53.30:264][861]LightingResults:Warning: Warning SM_Ivy_Corner Object has overlapping UVs.
[2017.07.11-15.53.30:264][861]LightingResults: Info SM_Ivy_Corner Lightmap UV are overlapping by 2.7%. Please adjust content - Enable Error Coloring to visualize.
[2017.07.11-15.53.42:932][899]LightingResults:Warning: Warning SM_Vine_01 Object has overlapping UVs.
[2017.07.11-15.53.42:932][899]LightingResults: Info SM_Vine_01 Lightmap UV are overlapping by 5.2%. Please adjust content - Enable Error Coloring to visualize.
[2017.07.11-15.53.43:271][900]LightingResults:Warning: Warning SM_Vine_01 Object has overlapping UVs.
[2017.07.11-15.53.43:271][900]LightingResults: Info SM_Vine_01 Lightmap UV are overlapping by 5.2%. Please adjust content - Enable Error Coloring to visualize.
[2017.07.11-15.55.17:611][428]LightingResults:Warning: Warning SM_Leavess Object has overlapping UVs.
[2017.07.11-15.55.17:611][428]LightingResults: Info SM_Leavess Lightmap UV are overlapping by 100.0%. Please adjust content - Enable Error Coloring to visualize.
[2017.07.11-15.55.17:611][428]LightingResults:Warning: Warning SM_Leavess Object has overlapping UVs.
[2017.07.11-15.55.17:612][428]LightingResults: Info SM_Leavess Lightmap UV are overlapping by 100.0%. Please adjust content - Enable Error Coloring to visualize.
[2017.07.11-15.55.17:942][429]Job is a success!
[2017.07.11-15.55.21:207][430]LogTexture:Display: Building textures: LQ_Lightmap_0_1 (DXT1, 1024X1024) - 252 MB total VRAM
[2017.07.11-15.55.21:207][430]LogTexture:Display: Building textures: LQ_Lightmap_0_2 (DXT1, 512X512) - 252 MB total VRAM
[2017.07.11-15.55.21:207][430]LogTexture:Display: Building textures: HQ_Lightmap0_1 (AutoDXT, 1024X1024) - 252 MB total VRAM
[2017.07.11-15.55.21:207][430]LogTexture:Display: Building textures: LQ_Lightmap_0_3 (DXT1, 1024X1024) - 252 MB total VRAM
[2017.07.11-15.55.21:207][430]LogTexture:Display: Building textures: HQ_Lightmap0_4 (AutoDXT, 1024X1024) - 252 MB total VRAM
[2017.07.11-15.55.21:207][430]LogTexture:Display: Building textures: HQ_Lightmap0_2 (AutoDXT, 512X512) - 252 MB total VRAM
[2017.07.11-15.55.21:207][430]LogTexture:Display: Building textures: HQ_Lightmap0_3 (AutoDXT, 1024X1024) - 252 MB total VRAM
[2017.07.11-15.55.21:207][430]LogTexture:Display: Building textures: LQ_Lightmap_0_4 (DXT1, 1024X1024) - 252 MB total VRAM
[2017.07.11-15.55.21:208][430]LogTexture:Display: Building textures: HQ_Lightmap0_5 (AutoDXT, 1024X1024) - 252 MB total VRAM
[2017.07.11-15.55.21:208][430]LogTexture:Display: Building textures: HQ_Lightmap0_6 (AutoDXT, 64X64) - 252 MB total VRAM
[2017.07.11-15.55.21:208][430]LogTexture:Display: Building textures: LQ_Lightmap_0_6 (DXT1, 64X64) - 252 MB total VRAM
[2017.07.11-15.55.21:208][430]LogTexture:Display: Building textures: LQ_Lightmap_0_5 (DXT1, 1024X1024) - 252 MB total VRAM
[2017.07.11-15.55.21:569][430]Lightmass on ASUS: 2:09 min total, 1.36 sec importing, 838 ms setup, 4.17 sec photons, 2:02 min processing, 0 ms extra exporting [521/521 mappings]. Threads: 14:18 min total, 5:50 min processing.
[2017.07.11-15.55.21:705][430]LogStaticLightingSystem: Illumination: 2:30 min (2.33 sec encoding lightmaps, 25 ms encoding shadowmaps)
[2017.07.11-15.55.21:705][430]LogStaticLightingSystem: Lightmap texture memory:  8.5 MB (8.0 MB streaming, 0.5 MB non-streaming), 12 textures
[2017.07.11-15.55.21:705][430]LogStaticLightingSystem: Shadowmap texture memory: 0.0 MB (0.0 MB streaming, 0.0 MB non-streaming), 0 textures
[2017.07.11-15.55.22:144][430]DumpUnbuiltLightIteractions
[2017.07.11-15.55.22:144][430]Lights with unbuilt interactions: 0
[2017.07.11-15.55.22:144][430]
[2017.07.11-15.55.22:144][430]Primitives with unbuilt interactions: 0
[2017.07.11-15.55.22:176][431]Cmd: MAP CHECK NOTIFYRESULTS
[2017.07.11-15.55.22:176][431]MapCheck: New page: MockUp_Map - Jul 12, 2017, 7:55:22 AM
[2017.07.11-15.55.22:298][431]MapCheck:Warning: Warning 123_gwIvy002_3 Static mesh actor has NULL StaticMesh property 
[2017.07.11-15.55.22:298][431]MapCheck:Warning: Warning 123_gwIvy002_3 Static mesh actor has NULL StaticMesh property 
[2017.07.11-15.55.22:299][431]MapCheck:Warning: Warning 123_gwIvy003_6 Static mesh actor has NULL StaticMesh property 
[2017.07.11-15.55.22:299][431]MapCheck:Warning: Warning 123_gwIvy003_6 Static mesh actor has NULL StaticMesh property 
[2017.07.11-15.55.22:299][431]MapCheck:Warning: Warning 124_5 Static mesh actor has NULL StaticMesh property 
[2017.07.11-15.55.22:299][431]MapCheck:Warning: Warning 124_5 Static mesh actor has NULL StaticMesh property 
[2017.07.11-15.55.22:299][431]MapCheck:Warning: Warning 125_8 Static mesh actor has NULL StaticMesh property 
[2017.07.11-15.55.22:299][431]MapCheck:Warning: Warning 125_8 Static mesh actor has NULL StaticMesh property 
[2017.07.11-15.55.22:299][431]MapCheck:Warning: Warning 126 Static mesh actor has NULL StaticMesh property 
[2017.07.11-15.55.22:299][431]MapCheck:Warning: Warning 126 Static mesh actor has NULL StaticMesh property 
[2017.07.11-15.55.22:300][431]MapCheck:Warning: Warning 127 Static mesh actor has NULL StaticMesh property 
[2017.07.11-15.55.22:300][431]MapCheck:Warning: Warning 127 Static mesh actor has NULL StaticMesh property 
[2017.07.11-15.55.22:300][431]MapCheck:Warning: Warning 128 Static mesh actor has NULL StaticMesh property 
[2017.07.11-15.55.22:300][431]MapCheck:Warning: Warning 128 Static mesh actor has NULL StaticMesh property 
[2017.07.11-15.55.22:300][431]MapCheck:Warning: Warning 129 Static mesh actor has NULL StaticMesh property 
[2017.07.11-15.55.22:300][431]MapCheck:Warning: Warning 129 Static mesh actor has NULL StaticMesh property 
[2017.07.11-15.55.22:300][431]MapCheck:Warning: Warning 130 Static mesh actor has NULL StaticMesh property 
[2017.07.11-15.55.22:300][431]MapCheck:Warning: Warning 130 Static mesh actor has NULL StaticMesh property 
[2017.07.11-15.55.22:300][431]MapCheck:Warning: Warning 131 Static mesh actor has NULL StaticMesh property 
[2017.07.11-15.55.22:301][431]MapCheck:Warning: Warning 131 Static mesh actor has NULL StaticMesh property 
[2017.07.11-15.55.22:301][431]MapCheck:Warning: Warning 132 Static mesh actor has NULL StaticMesh property 
[2017.07.11-15.55.22:301][431]MapCheck:Warning: Warning 132 Static mesh actor has NULL StaticMesh property 
[2017.07.11-15.55.22:301][431]MapCheck:Warning: Warning 133 Static mesh actor has NULL StaticMesh property 
[2017.07.11-15.55.22:301][431]MapCheck:Warning: Warning 133 Static mesh actor has NULL StaticMesh property 
[2017.07.11-15.55.22:301][431]MapCheck:Warning: Warning 134 Static mesh actor has NULL StaticMesh property 
[2017.07.11-15.55.22:301][431]MapCheck:Warning: Warning 134 Static mesh actor has NULL StaticMesh property 
[2017.07.11-15.55.22:301][431]MapCheck:Warning: Warning 135 Static mesh actor has NULL StaticMesh property 
[2017.07.11-15.55.22:301][431]MapCheck:Warning: Warning 135 Static mesh actor has NULL StaticMesh property 
[2017.07.11-15.55.22:302][431]MapCheck:Warning: Warning 136 Static mesh actor has NULL StaticMesh property 
[2017.07.11-15.55.22:302][431]MapCheck:Warning: Warning 136 Static mesh actor has NULL StaticMesh property 
[2017.07.11-15.55.22:302][431]MapCheck:Warning: Warning 137 Static mesh actor has NULL StaticMesh property 
[2017.07.11-15.55.22:302][431]MapCheck:Warning: Warning 137 Static mesh actor has NULL StaticMesh property 
[2017.07.11-15.55.22:302][431]MapCheck:Warning: Warning 138 Static mesh actor has NULL StaticMesh property 
[2017.07.11-15.55.22:302][431]MapCheck:Warning: Warning 138 Static mesh actor has NULL StaticMesh property 
[2017.07.11-15.55.22:302][431]MapCheck:Warning: Warning 139 Static mesh actor has NULL StaticMesh property 
[2017.07.11-15.55.22:302][431]MapCheck:Warning: Warning 139 Static mesh actor has NULL StaticMesh property 
[2017.07.11-15.55.22:302][431]MapCheck:Warning: Warning 140 Static mesh actor has NULL StaticMesh property 
[2017.07.11-15.55.22:303][431]MapCheck:Warning: Warning 140 Static mesh actor has NULL StaticMesh property 
[2017.07.11-15.55.22:303][431]MapCheck:Warning: Warning 141 Static mesh actor has NULL StaticMesh property 
[2017.07.11-15.55.22:303][431]MapCheck:Warning: Warning 141 Static mesh actor has NULL StaticMesh property 
[2017.07.11-15.55.22:303][431]MapCheck:Warning: Warning 142 Static mesh actor has NULL StaticMesh property 
[2017.07.11-15.55.22:303][431]MapCheck:Warning: Warning 142 Static mesh actor has NULL StaticMesh property 
[2017.07.11-15.55.22:303][431]MapCheck:Warning: Warning 1_4 Static mesh actor has NULL StaticMesh property 
[2017.07.11-15.55.22:303][431]MapCheck:Warning: Warning 1_4 Static mesh actor has NULL StaticMesh property 
[2017.07.11-15.55.22:303][431]MapCheck:Warning: Warning 2_6 Static mesh actor has NULL StaticMesh property 
[2017.07.11-15.55.22:304][431]MapCheck:Warning: Warning 2_6 Static mesh actor has NULL StaticMesh property 
[2017.07.11-15.55.22:304][431]MapCheck:Warning: Warning 3_8 Static mesh actor has NULL StaticMesh property 
[2017.07.11-15.55.22:304][431]MapCheck:Warning: Warning 3_8 Static mesh actor has NULL StaticMesh property 
[2017.07.11-15.55.22:304][431]MapCheck:Warning: Warning 4 Static mesh actor has NULL StaticMesh property 
[2017.07.11-15.55.22:304][431]MapCheck:Warning: Warning 4 Static mesh actor has NULL StaticMesh property 
[2017.07.11-15.55.22:304][431]MapCheck:Warning: Warning 5 Static mesh actor has NULL StaticMesh property 
[2017.07.11-15.55.22:304][431]MapCheck:Warning: Warning 5 Static mesh actor has NULL StaticMesh property 
[2017.07.11-15.55.22:304][431]MapCheck:Warning: Warning 6 Static mesh actor has NULL StaticMesh property 
[2017.07.11-15.55.22:304][431]MapCheck:Warning: Warning 6 Static mesh actor has NULL StaticMesh property 
[2017.07.11-15.55.22:305][431]MapCheck:Warning: Warning 7 Static mesh actor has NULL StaticMesh property 
[2017.07.11-15.55.22:305][431]MapCheck:Warning: Warning 7 Static mesh actor has NULL StaticMesh property 
[2017.07.11-15.55.22:305][431]MapCheck:Warning: Warning 8 Static mesh actor has NULL StaticMesh property 
[2017.07.11-15.55.22:305][431]MapCheck:Warning: Warning 8 Static mesh actor has NULL StaticMesh property 
[2017.07.11-15.55.22:434][431]MapCheck: Info Map check complete: 0 Error(s), 58 Warning(s), took 258.109ms to complete.
[2017.07.11-15.56.11:124][991]LogTemp: Repeting last play command: Simulate
[2017.07.11-15.56.11:139][991]LogBlueprintUserMessages: Early PlayInEditor Detection: Level '/Game/ThirdPersonBP/Maps/MockUp_Map.MockUp_Map:PersistentLevel' has LevelScriptBlueprint '/Game/ThirdPersonBP/Maps/MockUp_Map.MockUp_Map:PersistentLevel.MockUp_Map' with GeneratedClass '/Game/ThirdPersonBP/Maps/MockUp_Map.MockUp_Map_C' with ClassGeneratedBy '/Game/ThirdPersonBP/Maps/MockUp_Map.MockUp_Map:PersistentLevel.MockUp_Map'
[2017.07.11-15.56.11:139][991]LogPlayLevel: PlayLevel: No blueprints needed recompiling
[2017.07.11-15.56.11:140][991]PIE: New page: SIE session: MockUp_Map (Jul 12, 2017, 7:56:11 AM)
[2017.07.11-15.56.11:140][991]LogPlayLevel: Creating play world package: /Game/ThirdPersonBP/Maps/UEDPIE_0_MockUp_Map
[2017.07.11-15.56.11:171][991]LogPlayLevel: PIE: StaticDuplicateObject took: (0.031423s)
[2017.07.11-15.56.11:172][991]LogAIModule: Creating AISystem for world MockUp_Map
[2017.07.11-15.56.11:172][991]LogPlayLevel: PIE: World Init took: (0.000704s)
[2017.07.11-15.56.11:172][991]LogPlayLevel: PIE: Created PIE world by copying editor world from /Game/ThirdPersonBP/Maps/MockUp_Map.MockUp_Map to /Game/ThirdPersonBP/Maps/UEDPIE_0_MockUp_Map.MockUp_Map (0.032809s)
[2017.07.11-15.56.11:188][991]LogInit: XAudio2 using 'Speakers (Realtek High Definition Audio)' : 2 channels at 48 kHz using 32 bits per sample (channel mask 0x3)
[2017.07.11-15.56.11:196][991]LogInit: FAudioDevice initialized.
[2017.07.11-15.56.12:371][991]LogLoad: Game class is 'MeetingGameModeBase_BP_C'
[2017.07.11-15.56.12:383][991]LogWorld: Bringing World /Game/ThirdPersonBP/Maps/UEDPIE_0_MockUp_Map.MockUp_Map up for play (max tick rate 0) at 2017.07.11-23.56.12
[2017.07.11-15.56.12:385][991]LogWorld: Bringing up level for play took: 0.011563
[2017.07.11-15.56.12:419][991]LogContentBrowser: Native class hierarchy updated for 'MovieSceneCapture' in 0.0023 seconds. Added 11 classes and 0 folders.
[2017.07.11-15.56.12:420][991]PIE: Info Play in editor start time for /Game/ThirdPersonBP/Maps/UEDPIE_0_MockUp_Map 0.779
[2017.07.11-15.56.12:474][991]LogBlueprintUserMessages: Late PlayInEditor Detection: Level '/Game/ThirdPersonBP/Maps/MockUp_Map.MockUp_Map:PersistentLevel' has LevelScriptBlueprint '/Game/ThirdPersonBP/Maps/MockUp_Map.MockUp_Map:PersistentLevel.MockUp_Map' with GeneratedClass '/Game/ThirdPersonBP/Maps/MockUp_Map.MockUp_Map_C' with ClassGeneratedBy '/Game/ThirdPersonBP/Maps/MockUp_Map.MockUp_Map:PersistentLevel.MockUp_Map'
[2017.07.11-15.56.19:347][266]LogBlueprintUserMessages: Early EndPlayMap Detection: Level '/Game/ThirdPersonBP/Maps/MockUp_Map.MockUp_Map:PersistentLevel' has LevelScriptBlueprint '/Game/ThirdPersonBP/Maps/MockUp_Map.MockUp_Map:PersistentLevel.MockUp_Map' with GeneratedClass '/Game/ThirdPersonBP/Maps/MockUp_Map.MockUp_Map_C' with ClassGeneratedBy '/Game/ThirdPersonBP/Maps/MockUp_Map.MockUp_Map:PersistentLevel.MockUp_Map'
[2017.07.11-15.56.19:441][266]LogBlueprintUserMessages: Late EndPlayMap Detection: Level '/Game/ThirdPersonBP/Maps/MockUp_Map.MockUp_Map:PersistentLevel' has LevelScriptBlueprint '/Game/ThirdPersonBP/Maps/MockUp_Map.MockUp_Map:PersistentLevel.MockUp_Map' with GeneratedClass '/Game/ThirdPersonBP/Maps/MockUp_Map.MockUp_Map_C' with ClassGeneratedBy '/Game/ThirdPersonBP/Maps/MockUp_Map.MockUp_Map:PersistentLevel.MockUp_Map'
[2017.07.11-15.56.24:039][487]LogSavePackage: Save=1287.82ms
[2017.07.11-15.56.24:039][487]LogSavePackage: Moving 'C:/Users/User/Desktop/Unreal/GitHub/FYP_DumbTesting/Meeting/Saved/MockUp_Map2F66F70942BE3FAAA45D499786B43438.tmp' to 'C:/Users/User/Desktop/Unreal/GitHub/FYP_DumbTesting/Meeting/Content/ThirdPersonBP/Maps/MockUp_Map.umap'
[2017.07.11-15.56.24:043][487]LogSavePackage:Display: Finished SavePackage C:/Users/User/Desktop/Unreal/GitHub/FYP_DumbTesting/Meeting/Content/ThirdPersonBP/Maps/MockUp_Map.umap
[2017.07.11-15.56.25:016][487]LogSlate: Took 0.000188 seconds to synchronously load lazily loaded font '../../../Engine/Content/Slate/Fonts/Roboto-Regular.ttf' (155K)
[2017.07.11-15.56.25:168][487]LogSavePackage: Save=578.44ms
[2017.07.11-15.56.25:168][487]LogSavePackage: Moving 'C:/Users/User/Desktop/Unreal/GitHub/FYP_DumbTesting/Meeting/Saved/MockUp_Map_BuiltDataCE79662D417232D867E57DB16C4BA829.tmp' to 'C:/Users/User/Desktop/Unreal/GitHub/FYP_DumbTesting/Meeting/Content/ThirdPersonBP/Maps/MockUp_Map_BuiltData.uasset'
[2017.07.11-15.56.25:173][487]LogSavePackage:Display: Finished SavePackage C:/Users/User/Desktop/Unreal/GitHub/FYP_DumbTesting/Meeting/Content/ThirdPersonBP/Maps/MockUp_Map_BuiltData.uasset
[2017.07.11-15.56.42:640][491]LogSlate: Only BGRA pngs, bmps or icos are supported in by External Image Picker
[2017.07.11-15.56.43:243][524]LogTemp:Display: Executing iPhonePackager certificates Engine -bundlename com.YourCompany.Meeting

[2017.07.11-15.56.43:243][524]LogTemp:Display: CWD: D:\UE_4.15\Engine\Binaries\DotNET\IOS

[2017.07.11-15.56.43:244][524]LogTemp:Display: Initial Dir: D:\UE_4.15

[2017.07.11-15.56.43:244][524]LogTemp:Display: Env CWD: D:\UE_4.15\Engine\Binaries\DotNET\IOS

[2017.07.11-15.56.43:244][524]LogTemp:Display: BranchPath = ASUS/D/UE_4.15/Engine/Binaries --- GameBranchPath = ASUS/D/UE_4.15/Engine/Binaries

[2017.07.11-15.56.43:896][602]LogTemp:Display: IPP ERROR: Application exception: System.IO.DirectoryNotFoundException: Could not find a part of the path 'C:\Users\User\AppData\Local\Apple Computer\MobileDevice\Provisioning Profiles'.

[2017.07.11-15.56.43:896][602]LogTemp:Display:    at System.IO.__Error.WinIOError(Int32 errorCode, String maybeFullPath)

[2017.07.11-15.56.43:896][602]LogTemp:Display:    at System.IO.FileSystemEnumerableIterator`1.CommonInit()

[2017.07.11-15.56.43:896][602]LogTemp:Display:    at System.IO.FileSystemEnumerableIterator`1..ctor(String path, String originalUserPath, String searchPattern, SearchOption searchOption, SearchResultHandler`1 resultHandler, Boolean checkHost)

[2017.07.11-15.56.43:897][602]LogTemp:Display:    at System.IO.Directory.EnumerateFiles(String path, String searchPattern)

[2017.07.11-15.56.43:897][602]LogTemp:Display:    at iPhonePackager.CodeSignatureBuilder.FindProvisions(String CFBundleIdentifier)

[2017.07.11-15.56.43:897][602]LogTemp:Display:    at iPhonePackager.Program.Main(String[] args)

[2017.07.11-15.57.03:255][233]LogContentBrowser: Native class hierarchy updated for 'BlueprintGraph' in 0.0029 seconds. Added 112 classes and 0 folders.
[2017.07.11-15.57.14:343][223]LogBlueprintUserMessages: Early PlayInEditor Detection: Level '/Game/ThirdPersonBP/Maps/MockUp_Map.MockUp_Map:PersistentLevel' has LevelScriptBlueprint '/Game/ThirdPersonBP/Maps/MockUp_Map.MockUp_Map:PersistentLevel.MockUp_Map' with GeneratedClass '/Game/ThirdPersonBP/Maps/MockUp_Map.MockUp_Map_C' with ClassGeneratedBy '/Game/ThirdPersonBP/Maps/MockUp_Map.MockUp_Map:PersistentLevel.MockUp_Map'
[2017.07.11-15.57.14:344][223]LogPlayLevel: PlayLevel: No blueprints needed recompiling
[2017.07.11-15.57.14:344][223]PIE: New page: PIE session: MockUp_Map (Jul 12, 2017, 7:57:14 AM)
[2017.07.11-15.57.14:344][223]LogPlayLevel: Creating play world package: /Game/ThirdPersonBP/Maps/UEDPIE_0_MockUp_Map
[2017.07.11-15.57.14:565][223]LogPlayLevel: PIE: StaticDuplicateObject took: (0.221020s)
[2017.07.11-15.57.14:566][223]LogAIModule: Creating AISystem for world MockUp_Map
[2017.07.11-15.57.14:566][223]LogPlayLevel: PIE: World Init took: (0.000692s)
[2017.07.11-15.57.14:567][223]LogPlayLevel: PIE: Created PIE world by copying editor world from /Game/ThirdPersonBP/Maps/MockUp_Map.MockUp_Map to /Game/ThirdPersonBP/Maps/UEDPIE_0_MockUp_Map.MockUp_Map (0.222332s)
[2017.07.11-15.57.14:594][223]LogInit: XAudio2 using 'Speakers (Realtek High Definition Audio)' : 2 channels at 48 kHz using 32 bits per sample (channel mask 0x3)
[2017.07.11-15.57.14:604][223]LogInit: FAudioDevice initialized.
[2017.07.11-15.57.14:636][223]LogLoad: Game class is 'MeetingGameModeBase_BP_C'
[2017.07.11-15.57.14:647][223]LogWorld: Bringing World /Game/ThirdPersonBP/Maps/UEDPIE_0_MockUp_Map.MockUp_Map up for play (max tick rate 0) at 2017.07.11-23.57.14
[2017.07.11-15.57.14:649][223]LogWorld: Bringing up level for play took: 0.011515
[2017.07.11-15.57.14:652][223]PIE: Info Play in editor start time for /Game/ThirdPersonBP/Maps/UEDPIE_0_MockUp_Map 1.011
[2017.07.11-15.57.14:653][223]LogBlueprintUserMessages: Late PlayInEditor Detection: Level '/Game/ThirdPersonBP/Maps/MockUp_Map.MockUp_Map:PersistentLevel' has LevelScriptBlueprint '/Game/ThirdPersonBP/Maps/MockUp_Map.MockUp_Map:PersistentLevel.MockUp_Map' with GeneratedClass '/Game/ThirdPersonBP/Maps/MockUp_Map.MockUp_Map_C' with ClassGeneratedBy '/Game/ThirdPersonBP/Maps/MockUp_Map.MockUp_Map:PersistentLevel.MockUp_Map'
[2017.07.11-15.57.15:991][320]LogBlueprintUserMessages: Early EndPlayMap Detection: Level '/Game/ThirdPersonBP/Maps/MockUp_Map.MockUp_Map:PersistentLevel' has LevelScriptBlueprint '/Game/ThirdPersonBP/Maps/MockUp_Map.MockUp_Map:PersistentLevel.MockUp_Map' with GeneratedClass '/Game/ThirdPersonBP/Maps/MockUp_Map.MockUp_Map_C' with ClassGeneratedBy '/Game/ThirdPersonBP/Maps/MockUp_Map.MockUp_Map:PersistentLevel.MockUp_Map'
[2017.07.11-15.57.16:043][320]LogBlueprintUserMessages: Late EndPlayMap Detection: Level '/Game/ThirdPersonBP/Maps/MockUp_Map.MockUp_Map:PersistentLevel' has LevelScriptBlueprint '/Game/ThirdPersonBP/Maps/MockUp_Map.MockUp_Map:PersistentLevel.MockUp_Map' with GeneratedClass '/Game/ThirdPersonBP/Maps/MockUp_Map.MockUp_Map_C' with ClassGeneratedBy '/Game/ThirdPersonBP/Maps/MockUp_Map.MockUp_Map:PersistentLevel.MockUp_Map'
[2017.07.11-15.57.16:853][381]LogTemp: Repeting last play command: Selected Viewport
[2017.07.11-15.57.16:868][381]LogBlueprintUserMessages: Early PlayInEditor Detection: Level '/Game/ThirdPersonBP/Maps/MockUp_Map.MockUp_Map:PersistentLevel' has LevelScriptBlueprint '/Game/ThirdPersonBP/Maps/MockUp_Map.MockUp_Map:PersistentLevel.MockUp_Map' with GeneratedClass '/Game/ThirdPersonBP/Maps/MockUp_Map.MockUp_Map_C' with ClassGeneratedBy '/Game/ThirdPersonBP/Maps/MockUp_Map.MockUp_Map:PersistentLevel.MockUp_Map'
[2017.07.11-15.57.16:869][381]LogPlayLevel: PlayLevel: No blueprints needed recompiling
[2017.07.11-15.57.16:869][381]PIE: New page: PIE session: MockUp_Map (Jul 12, 2017, 7:57:16 AM)
[2017.07.11-15.57.16:869][381]LogPlayLevel: Creating play world package: /Game/ThirdPersonBP/Maps/UEDPIE_0_MockUp_Map
[2017.07.11-15.57.16:919][381]LogPlayLevel: PIE: StaticDuplicateObject took: (0.049941s)
[2017.07.11-15.57.16:920][381]LogAIModule: Creating AISystem for world MockUp_Map
[2017.07.11-15.57.16:920][381]LogPlayLevel: PIE: World Init took: (0.000867s)
[2017.07.11-15.57.16:920][381]LogPlayLevel: PIE: Created PIE world by copying editor world from /Game/ThirdPersonBP/Maps/MockUp_Map.MockUp_Map to /Game/ThirdPersonBP/Maps/UEDPIE_0_MockUp_Map.MockUp_Map (0.051512s)
[2017.07.11-15.57.16:938][381]LogInit: XAudio2 using 'Speakers (Realtek High Definition Audio)' : 2 channels at 48 kHz using 32 bits per sample (channel mask 0x3)
[2017.07.11-15.57.16:946][381]LogInit: FAudioDevice initialized.
[2017.07.11-15.57.16:975][381]LogLoad: Game class is 'MeetingGameModeBase_BP_C'
[2017.07.11-15.57.16:986][381]LogWorld: Bringing World /Game/ThirdPersonBP/Maps/UEDPIE_0_MockUp_Map.MockUp_Map up for play (max tick rate 0) at 2017.07.11-23.57.16
[2017.07.11-15.57.16:988][381]LogWorld: Bringing up level for play took: 0.011799
[2017.07.11-15.57.16:990][381]PIE: Info Play in editor start time for /Game/ThirdPersonBP/Maps/UEDPIE_0_MockUp_Map -0.651
[2017.07.11-15.57.16:991][381]LogBlueprintUserMessages: Late PlayInEditor Detection: Level '/Game/ThirdPersonBP/Maps/MockUp_Map.MockUp_Map:PersistentLevel' has LevelScriptBlueprint '/Game/ThirdPersonBP/Maps/MockUp_Map.MockUp_Map:PersistentLevel.MockUp_Map' with GeneratedClass '/Game/ThirdPersonBP/Maps/MockUp_Map.MockUp_Map_C' with ClassGeneratedBy '/Game/ThirdPersonBP/Maps/MockUp_Map.MockUp_Map:PersistentLevel.MockUp_Map'
[2017.07.11-15.57.24:702][  0]LogBlueprintUserMessages: Early EndPlayMap Detection: Level '/Game/ThirdPersonBP/Maps/MockUp_Map.MockUp_Map:PersistentLevel' has LevelScriptBlueprint '/Game/ThirdPersonBP/Maps/MockUp_Map.MockUp_Map:PersistentLevel.MockUp_Map' with GeneratedClass '/Game/ThirdPersonBP/Maps/MockUp_Map.MockUp_Map_C' with ClassGeneratedBy '/Game/ThirdPersonBP/Maps/MockUp_Map.MockUp_Map:PersistentLevel.MockUp_Map'
[2017.07.11-15.57.24:745][  0]LogBlueprintUserMessages: Late EndPlayMap Detection: Level '/Game/ThirdPersonBP/Maps/MockUp_Map.MockUp_Map:PersistentLevel' has LevelScriptBlueprint '/Game/ThirdPersonBP/Maps/MockUp_Map.MockUp_Map:PersistentLevel.MockUp_Map' with GeneratedClass '/Game/ThirdPersonBP/Maps/MockUp_Map.MockUp_Map_C' with ClassGeneratedBy '/Game/ThirdPersonBP/Maps/MockUp_Map.MockUp_Map:PersistentLevel.MockUp_Map'
[2017.07.11-15.57.28:417][177]LogSavePackage: Save=1309.71ms
[2017.07.11-15.57.28:417][177]LogSavePackage: Moving 'C:/Users/User/Desktop/Unreal/GitHub/FYP_DumbTesting/Meeting/Saved/MockUp_Map3A35D54B4545A011928BE49BCFA337C5.tmp' to 'C:/Users/User/Desktop/Unreal/GitHub/FYP_DumbTesting/Meeting/Content/ThirdPersonBP/Maps/MockUp_Map.umap'
[2017.07.11-15.57.28:419][177]LogSavePackage:Display: Finished SavePackage C:/Users/User/Desktop/Unreal/GitHub/FYP_DumbTesting/Meeting/Content/ThirdPersonBP/Maps/MockUp_Map.umap
[2017.07.11-15.57.29:032][177]LogSavePackage: Save=570.68ms
[2017.07.11-15.57.29:032][177]LogSavePackage: Moving 'C:/Users/User/Desktop/Unreal/GitHub/FYP_DumbTesting/Meeting/Saved/MockUp_Map_BuiltDataC487F72D4A551161FD53AA83F7C5F232.tmp' to 'C:/Users/User/Desktop/Unreal/GitHub/FYP_DumbTesting/Meeting/Content/ThirdPersonBP/Maps/MockUp_Map_BuiltData.uasset'
[2017.07.11-15.57.29:035][177]LogSavePackage:Display: Finished SavePackage C:/Users/User/Desktop/Unreal/GitHub/FYP_DumbTesting/Meeting/Content/ThirdPersonBP/Maps/MockUp_Map_BuiltData.uasset
[2017.07.11-15.57.35:015][362]LogSavePackage: Save=1313.48ms
[2017.07.11-15.57.35:015][362]LogSavePackage: Moving 'C:/Users/User/Desktop/Unreal/GitHub/FYP_DumbTesting/Meeting/Saved/MockUp_Map198A4DA2427699E2D0713FBE28E68F4C.tmp' to 'C:/Users/User/Desktop/Unreal/GitHub/FYP_DumbTesting/Meeting/Content/ThirdPersonBP/Maps/MockUp_Map.umap'
[2017.07.11-15.57.35:018][362]LogSavePackage:Display: Finished SavePackage C:/Users/User/Desktop/Unreal/GitHub/FYP_DumbTesting/Meeting/Content/ThirdPersonBP/Maps/MockUp_Map.umap
[2017.07.11-15.57.35:627][362]LogSavePackage: Save=568.34ms
[2017.07.11-15.57.35:627][362]LogSavePackage: Moving 'C:/Users/User/Desktop/Unreal/GitHub/FYP_DumbTesting/Meeting/Saved/MockUp_Map_BuiltData1DAFF8ED48B4C912F6BE74B5CEDAD87C.tmp' to 'C:/Users/User/Desktop/Unreal/GitHub/FYP_DumbTesting/Meeting/Content/ThirdPersonBP/Maps/MockUp_Map_BuiltData.uasset'
[2017.07.11-15.57.35:630][362]LogSavePackage:Display: Finished SavePackage C:/Users/User/Desktop/Unreal/GitHub/FYP_DumbTesting/Meeting/Content/ThirdPersonBP/Maps/MockUp_Map_BuiltData.uasset
[2017.07.11-15.57.36:562][426]LogWindowsTextInputMethodSystem:Display: IME system now deactivated.
[2017.07.11-15.57.36:764][427]Cmd: QUIT_EDITOR
[2017.07.11-15.57.37:702][427]LogExit: Preparing to exit.
[2017.07.11-15.57.38:633][427]LogExit: Editor shut down
[2017.07.11-15.57.38:633][427]LogExit: Transaction tracking system shut down
[2017.07.11-15.57.38:733][427]LogObj: Freed 0b from 0 cluster array pools.
[2017.07.11-15.57.38:733][427]LogExit: Object subsystem successfully closed.
[2017.07.11-15.57.38:751][427]LogD3D11RHI: Shutdown
[2017.07.11-15.57.38:751][427]LogD3D11RHI: CleanupD3DDevice
[2017.07.11-15.57.38:850][427]LogD3D11RHI: ~FD3D11DynamicRHI
[2017.07.11-15.57.38:857][427]LogModuleManager: Shutting down and abandoning module BlueprintGraph (508)
[2017.07.11-15.57.38:857][427]LogModuleManager: Shutting down and abandoning module BlueprintProfiler (506)
[2017.07.11-15.57.38:857][427]LogModuleManager: Shutting down and abandoning module ExternalImagePicker (504)
[2017.07.11-15.57.38:857][427]LogModuleManager: Shutting down and abandoning module MovieSceneCapture (502)
[2017.07.11-15.57.38:857][427]LogModuleManager: Shutting down and abandoning module HierarchicalLODOutliner (500)
[2017.07.11-15.57.38:857][427]LogModuleManager: Shutting down and abandoning module CrashTracker (498)
[2017.07.11-15.57.38:857][427]LogModuleManager: Shutting down and abandoning module SceneOutliner (496)
[2017.07.11-15.57.38:857][427]LogModuleManager: Shutting down and abandoning module AddContentDialog (494)
[2017.07.11-15.57.38:857][427]LogDirectoryWatcher: A directory notification for 'D:/UE_4.15/FeaturePacks/' was aborted.
[2017.07.11-15.57.38:858][427]LogModuleManager: Shutting down and abandoning module WidgetCarousel (493)
[2017.07.11-15.57.38:858][427]LogModuleManager: Shutting down and abandoning module EditorWidgets (490)
[2017.07.11-15.57.38:858][427]LogModuleManager: Shutting down and abandoning module CollectionManager (488)
[2017.07.11-15.57.38:858][427]LogDirectoryWatcher: A directory notification for 'C:/Users/User/Desktop/Unreal/GitHub/FYP_DumbTesting/Meeting/Content/Collections/' was aborted.
[2017.07.11-15.57.38:858][427]LogDirectoryWatcher: A directory notification for 'C:/Users/User/Desktop/Unreal/GitHub/FYP_DumbTesting/Meeting/Content/Developers/User/Collections/' was aborted.
[2017.07.11-15.57.38:858][427]LogDirectoryWatcher: A directory notification for 'C:/Users/User/Desktop/Unreal/GitHub/FYP_DumbTesting/Meeting/Saved/Collections/' was aborted.
[2017.07.11-15.57.38:858][427]LogModuleManager: Shutting down and abandoning module StatsViewer (486)
[2017.07.11-15.57.38:858][427]LogModuleManager: Shutting down and abandoning module FoliageEdit (484)
[2017.07.11-15.57.38:858][427]LogModuleManager: Shutting down and abandoning module LandscapeEditor (482)
[2017.07.11-15.57.38:858][427]LogModuleManager: Shutting down and abandoning module SceneDepthPickerMode (480)
[2017.07.11-15.57.38:858][427]LogModuleManager: Shutting down and abandoning module ActorPickerMode (478)
[2017.07.11-15.57.38:858][427]LogModuleManager: Shutting down and abandoning module GeometryMode (476)
[2017.07.11-15.57.38:858][427]LogModuleManager: Shutting down and abandoning module TextureAlignMode (474)
[2017.07.11-15.57.38:858][427]LogModuleManager: Shutting down and abandoning module BspMode (472)
[2017.07.11-15.57.38:858][427]LogModuleManager: Shutting down and abandoning module HardwareSurvey (470)
[2017.07.11-15.57.38:858][427]LogModuleManager: Shutting down and abandoning module SequenceRecorderSections (468)
[2017.07.11-15.57.38:858][427]LogModuleManager: Shutting down and abandoning module AutomationWorker (466)
[2017.07.11-15.57.38:858][427]LogModuleManager: Shutting down and abandoning module MatineeToLevelSequence (464)
[2017.07.11-15.57.38:858][427]LogModuleManager: Shutting down and abandoning module LevelSequenceEditor (462)
[2017.07.11-15.57.38:858][427]LogModuleManager: Shutting down and abandoning module PlacementMode (461)
[2017.07.11-15.57.38:858][427]LogModuleManager: Shutting down and abandoning module WmfMediaFactory (458)
[2017.07.11-15.57.38:858][427]LogModuleManager: Shutting down and abandoning module WmfMediaEditor (456)
[2017.07.11-15.57.38:858][427]LogModuleManager: Shutting down and abandoning module MfMediaFactory (454)
[2017.07.11-15.57.38:858][427]LogModuleManager: Shutting down and abandoning module MfMediaEditor (452)
[2017.07.11-15.57.38:858][427]LogModuleManager: Shutting down and abandoning module AvfMediaFactory (450)
[2017.07.11-15.57.38:858][427]LogModuleManager: Shutting down and abandoning module AvfMediaEditor (448)
[2017.07.11-15.57.38:858][427]LogModuleManager: Shutting down and abandoning module AndroidMediaFactory (446)
[2017.07.11-15.57.38:858][427]LogModuleManager: Shutting down and abandoning module Media (445)
[2017.07.11-15.57.38:858][427]LogModuleManager: Shutting down and abandoning module AndroidMediaEditor (442)
[2017.07.11-15.57.38:858][427]LogModuleManager: Shutting down and abandoning module CharacterAI (440)
[2017.07.11-15.57.38:858][427]LogModuleManager: Shutting down and abandoning module AudioCapture (438)
[2017.07.11-15.57.38:858][427]LogModuleManager: Shutting down and abandoning module SequenceRecorder (437)
[2017.07.11-15.57.38:858][427]LogModuleManager: Shutting down and abandoning module SmartSnapping (434)
[2017.07.11-15.57.38:858][427]LogModuleManager: Shutting down and abandoning module SessionServices (432)
[2017.07.11-15.57.38:858][427]LogModuleManager: Shutting down and abandoning module ViewportSnapping (430)
[2017.07.11-15.57.38:858][427]LogModuleManager: Shutting down and abandoning module ViewportInteraction (428)
[2017.07.11-15.57.38:858][427]LogModuleManager: Shutting down and abandoning module LogVisualizer (426)
[2017.07.11-15.57.38:859][427]LogModuleManager: Shutting down and abandoning module IntroTutorials (424)
[2017.07.11-15.57.38:859][427]LogModuleManager: Shutting down and abandoning module GameProjectGeneration (423)
[2017.07.11-15.57.38:859][427]LogModuleManager: Shutting down and abandoning module EditorLiveStreaming (420)
[2017.07.11-15.57.38:859][427]LogModuleManager: Shutting down and abandoning module IOSPlatformEditor (418)
[2017.07.11-15.57.38:859][427]LogModuleManager: Shutting down and abandoning module HTML5PlatformEditor (416)
[2017.07.11-15.57.38:859][427]LogModuleManager: Shutting down and abandoning module AndroidPlatformEditor (414)
[2017.07.11-15.57.38:859][427]LogModuleManager: Shutting down and abandoning module AndroidDeviceDetection (413)
[2017.07.11-15.57.39:412][427]LogModuleManager: Shutting down and abandoning module IOSRuntimeSettings (410)
[2017.07.11-15.57.39:412][427]LogModuleManager: Shutting down and abandoning module AndroidRuntimeSettings (408)
[2017.07.11-15.57.39:412][427]LogModuleManager: Shutting down and abandoning module InputBindingEditor (406)
[2017.07.11-15.57.39:412][427]LogModuleManager: Shutting down and abandoning module NiagaraEditor (404)
[2017.07.11-15.57.39:412][427]LogModuleManager: Shutting down and abandoning module MergeActors (402)
[2017.07.11-15.57.39:412][427]LogModuleManager: Shutting down and abandoning module SizeMap (400)
[2017.07.11-15.57.39:412][427]LogModuleManager: Shutting down and abandoning module TreeMap (398)
[2017.07.11-15.57.39:412][427]LogModuleManager: Shutting down and abandoning module ReferenceViewer (396)
[2017.07.11-15.57.39:412][427]LogModuleManager: Shutting down and abandoning module LocalizationDashboard (394)
[2017.07.11-15.57.39:412][427]LogModuleManager: Shutting down and abandoning module LocalizationService (393)
[2017.07.11-15.57.39:412][427]LogModuleManager: Shutting down and abandoning module HardwareTargeting (390)
[2017.07.11-15.57.39:412][427]LogModuleManager: Shutting down and abandoning module DeviceProfileEditor (388)
[2017.07.11-15.57.39:412][427]LogModuleManager: Shutting down and abandoning module UndoHistory (386)
[2017.07.11-15.57.39:412][427]LogModuleManager: Shutting down and abandoning module UserFeedback (384)
[2017.07.11-15.57.39:412][427]LogModuleManager: Shutting down and abandoning module XmlParser (382)
[2017.07.11-15.57.39:412][427]LogModuleManager: Shutting down and abandoning module Blutility (380)
[2017.07.11-15.57.39:412][427]LogModuleManager: Shutting down and abandoning module ProjectSettingsViewer (378)
[2017.07.11-15.57.39:412][427]LogModuleManager: Shutting down and abandoning module ProjectTargetPlatformEditor (377)
[2017.07.11-15.57.39:412][427]LogModuleManager: Shutting down and abandoning module EditorSettingsViewer (374)
[2017.07.11-15.57.39:412][427]LogModuleManager: Shutting down and abandoning module SettingsEditor (372)
[2017.07.11-15.57.39:412][427]LogModuleManager: Shutting down and abandoning module ProjectLauncher (370)
[2017.07.11-15.57.39:412][427]LogModuleManager: Shutting down and abandoning module SessionFrontend (368)
[2017.07.11-15.57.39:412][427]LogModuleManager: Shutting down and abandoning module ProfilerClient (366)
[2017.07.11-15.57.39:412][427]LogModuleManager: Shutting down and abandoning module DeviceManager (364)
[2017.07.11-15.57.39:412][427]LogModuleManager: Shutting down and abandoning module TargetDeviceServices (363)
[2017.07.11-15.57.39:464][427]LogModuleManager: Shutting down and abandoning module AutomationController (360)
[2017.07.11-15.57.39:464][427]LogModuleManager: Shutting down and abandoning module AutomationWindow (358)
[2017.07.11-15.57.39:464][427]LogModuleManager: Shutting down and abandoning module Layers (356)
[2017.07.11-15.57.39:464][427]LogModuleManager: Shutting down and abandoning module ComponentVisualizers (354)
[2017.07.11-15.57.39:464][427]LogModuleManager: Shutting down and abandoning module DetailCustomizations (352)
[2017.07.11-15.57.39:464][427]LogModuleManager: Shutting down and abandoning module PackagesDialog (350)
[2017.07.11-15.57.39:464][427]LogModuleManager: Shutting down and abandoning module Persona (348)
[2017.07.11-15.57.39:464][427]LogModuleManager: Shutting down and abandoning module AnimGraph (347)
[2017.07.11-15.57.39:464][427]LogModuleManager: Shutting down and abandoning module Kismet (344)
[2017.07.11-15.57.39:469][427]LogModuleManager: Shutting down and abandoning module GraphEditor (342)
[2017.07.11-15.57.39:469][427]LogModuleManager: Shutting down and abandoning module ClassViewer (340)
[2017.07.11-15.57.39:469][427]LogModuleManager: Shutting down and abandoning module Toolbox (338)
[2017.07.11-15.57.39:469][427]LogModuleManager: Shutting down and abandoning module ModuleUI (336)
[2017.07.11-15.57.39:469][427]LogModuleManager: Shutting down and abandoning module MovieSceneTools (334)
[2017.07.11-15.57.39:469][427]LogModuleManager: Shutting down and abandoning module OutputLog (332)
[2017.07.11-15.57.39:469][427]LogModuleManager: Shutting down and abandoning module GammaUI (330)
[2017.07.11-15.57.39:469][427]LogModuleManager: Shutting down and abandoning module Documentation (328)
[2017.07.11-15.57.39:469][427]LogModuleManager: Shutting down and abandoning module Niagara (326)
[2017.07.11-15.57.39:469][427]LogModuleManager: Shutting down and abandoning module StreamingPauseRendering (324)
[2017.07.11-15.57.39:469][427]LogModuleManager: Shutting down and abandoning module AnalyticsET (322)
[2017.07.11-15.57.39:469][427]LogModuleManager: Shutting down and abandoning module PortalServices (320)
[2017.07.11-15.57.39:469][427]LogModuleManager: Shutting down and abandoning module PortalRpc (318)
[2017.07.11-15.57.39:469][427]LogModuleManager: Shutting down and abandoning module MessagingRpc (316)
[2017.07.11-15.57.39:469][427]LogModuleManager: Shutting down and abandoning module AIModule (314)
[2017.07.11-15.57.39:469][427]LogModuleManager: Shutting down and abandoning module GameplayDebugger (313)
[2017.07.11-15.57.39:469][427]LogModuleManager: Shutting down and abandoning module AITestSuite (311)
[2017.07.11-15.57.39:469][427]LogModuleManager: Shutting down and abandoning module ProfilerService (308)
[2017.07.11-15.57.39:564][427]LogModuleManager: Shutting down and abandoning module TaskGraph (306)
[2017.07.11-15.57.39:564][427]LogModuleManager: Shutting down and abandoning module SteamVRController (304)
[2017.07.11-15.57.39:564][427]LogModuleManager: Shutting down and abandoning module SteamVR (302)
[2017.07.11-15.57.39:564][427]LogModuleManager: Shutting down and abandoning module ProceduralMeshComponentEditor (300)
[2017.07.11-15.57.39:564][427]LogModuleManager: Shutting down and abandoning module ProceduralMeshComponent (298)
[2017.07.11-15.57.39:564][427]LogModuleManager: Shutting down and abandoning module OculusLibrary (296)
[2017.07.11-15.57.39:564][427]LogModuleManager: Shutting down and abandoning module OculusInput (294)
[2017.07.11-15.57.39:564][427]LogModuleManager: Shutting down and abandoning module MobilePatchingUtils (292)
[2017.07.11-15.57.39:564][427]LogModuleManager: Shutting down and abandoning module CustomMeshComponent (290)
[2017.07.11-15.57.39:564][427]LogModuleManager: Shutting down and abandoning module CableComponent (288)
[2017.07.11-15.57.39:564][427]LogModuleManager: Shutting down and abandoning module ArchVisCharacter (286)
[2017.07.11-15.57.39:564][427]LogModuleManager: Shutting down and abandoning module MediaPlayerEditor (282)
[2017.07.11-15.57.39:564][427]LogModuleManager: Shutting down and abandoning module HTML5Networking (280)
[2017.07.11-15.57.39:564][427]LogModuleManager: Shutting down and abandoning module AlembicImporter (278)
[2017.07.11-15.57.39:564][427]LogModuleManager: Shutting down and abandoning module AlembicLibrary (277)
[2017.07.11-15.57.39:564][427]LogModuleManager: Shutting down and abandoning module GeometryCache (276)
[2017.07.11-15.57.39:564][427]LogModuleManager: Shutting down and abandoning module GeometryCacheEd (275)
[2017.07.11-15.57.39:564][427]LogModuleManager: Shutting down and abandoning module SuperSearchEditor (270)
[2017.07.11-15.57.39:564][427]LogModuleManager: Shutting down and abandoning module SuperSearch (269)
[2017.07.11-15.57.39:564][427]LogModuleManager: Shutting down and abandoning module SpeedTreeImporter (266)
[2017.07.11-15.57.39:564][427]LogModuleManager: Shutting down and abandoning module PluginBrowser (264)
[2017.07.11-15.57.39:564][427]LogModuleManager: Shutting down and abandoning module MobileLauncherProfileWizard (262)
[2017.07.11-15.57.39:564][427]LogModuleManager: Shutting down and abandoning module EpicSurvey (260)
[2017.07.11-15.57.39:564][427]LogModuleManager: Shutting down and abandoning module VisualStudioSourceCodeAccess (258)
[2017.07.11-15.57.39:564][427]LogModuleManager: Shutting down and abandoning module DesktopPlatform (257)
[2017.07.11-15.57.39:564][427]LogModuleManager: Shutting down and abandoning module UObjectPlugin (254)
[2017.07.11-15.57.39:564][427]LogModuleManager: Shutting down and abandoning module SubversionSourceControl (252)
[2017.07.11-15.57.39:564][427]LogModuleManager: Shutting down and abandoning module PerforceSourceControl (250)
[2017.07.11-15.57.39:564][427]LogModuleManager: Shutting down and abandoning module GitSourceControl (248)
[2017.07.11-15.57.39:564][427]LogModuleManager: Shutting down and abandoning module SourceControl (247)
[2017.07.11-15.57.39:564][427]LogModuleManager: Shutting down and abandoning module LightPropagationVolumeEditor (244)
[2017.07.11-15.57.39:564][427]LogModuleManager: Shutting down and abandoning module PaperTiledImporter (242)
[2017.07.11-15.57.39:564][427]LogModuleManager: Shutting down and abandoning module PaperSpriteSheetImporter (240)
[2017.07.11-15.57.39:564][427]LogModuleManager: Shutting down and abandoning module Paper2DEditor (238)
[2017.07.11-15.57.39:564][427]LogModuleManager: Shutting down and abandoning module MeshPaint (237)
[2017.07.11-15.57.39:564][427]LogModuleManager: Shutting down and abandoning module LevelEditor (235)
[2017.07.11-15.57.39:565][427]LogModuleManager: Shutting down and abandoning module PixelInspectorModule (234)
[2017.07.11-15.57.39:565][427]LogModuleManager: Shutting down and abandoning module MainFrame (232)
[2017.07.11-15.57.39:565][427]LogModuleManager: Shutting down and abandoning module HotReload (231)
[2017.07.11-15.57.39:565][427]LogDirectoryWatcher: A directory notification for 'C:/Users/User/Desktop/Unreal/GitHub/FYP_DumbTesting/Meeting/Binaries/Win64' was aborted.
[2017.07.11-15.57.39:565][427]LogModuleManager: Shutting down and abandoning module ContentBrowser (227)
[2017.07.11-15.57.39:566][427]LogModuleManager: Shutting down and abandoning module Meeting (224)
[2017.07.11-15.57.39:566][427]LogModuleManager: Shutting down and abandoning module PhysXVehiclesEditor (222)
[2017.07.11-15.57.39:566][427]LogModuleManager: Shutting down and abandoning module PhysXVehicles (220)
[2017.07.11-15.57.39:566][427]LogModuleManager: Shutting down and abandoning module LocationServicesBPLibrary (218)
[2017.07.11-15.57.39:566][427]LogModuleManager: Shutting down and abandoning module UdpMessaging (216)
[2017.07.11-15.57.39:667][427]LogModuleManager: Shutting down and abandoning module TcpMessaging (214)
[2017.07.11-15.57.39:767][427]LogModuleManager: Shutting down and abandoning module GameplayTagsEditor (212)
[2017.07.11-15.57.39:767][427]LogModuleManager: Shutting down and abandoning module FacialAnimationEditor (210)
[2017.07.11-15.57.39:767][427]LogModuleManager: Shutting down and abandoning module FacialAnimation (208)
[2017.07.11-15.57.39:767][427]LogModuleManager: Shutting down and abandoning module LightPropagationVolumeRuntime (206)
[2017.07.11-15.57.39:767][427]LogModuleManager: Shutting down and abandoning module Paper2D (204)
[2017.07.11-15.57.39:767][427]LogModuleManager: Shutting down and abandoning module WindowsMoviePlayer (202)
[2017.07.11-15.57.39:767][427]LogModuleManager: Shutting down and abandoning module WmfMedia (200)
[2017.07.11-15.57.39:767][427]LogModuleManager: Shutting down and abandoning module MfMedia (198)
[2017.07.11-15.57.39:767][427]LogModuleManager: Shutting down and abandoning module MediaAssets (196)
[2017.07.11-15.57.39:767][427]LogModuleManager: Shutting down and abandoning module GameLiveStreaming (194)
[2017.07.11-15.57.39:767][427]LogModuleManager: Shutting down and abandoning module VREditor (192)
[2017.07.11-15.57.39:767][427]LogModuleManager: Shutting down and abandoning module GameplayTasksEditor (190)
[2017.07.11-15.57.39:767][427]LogModuleManager: Shutting down and abandoning module BehaviorTreeEditor (188)
[2017.07.11-15.57.39:767][427]LogModuleManager: Shutting down and abandoning module FunctionalTesting (186)
[2017.07.11-15.57.39:767][427]LogModuleManager: Shutting down and abandoning module CollisionAnalyzer (184)
[2017.07.11-15.57.39:767][427]LogModuleManager: Shutting down and abandoning module UMG (182)
[2017.07.11-15.57.39:767][427]LogModuleManager: Shutting down and abandoning module UMGEditor (181)
[2017.07.11-15.57.39:767][427]LogModuleManager: Shutting down and abandoning module Sequencer (180)
[2017.07.11-15.57.39:767][427]LogModuleManager: Shutting down and abandoning module AssetTools (178)
[2017.07.11-15.57.39:768][427]LogModuleManager: Shutting down and abandoning module MessageLog (177)
[2017.07.11-15.57.39:768][427]LogModuleManager: Shutting down and abandoning module WorkspaceMenuStructure (176)
[2017.07.11-15.57.39:768][427]LogModuleManager: Shutting down and abandoning module SlateReflector (170)
[2017.07.11-15.57.39:768][427]LogModuleManager: Shutting down and abandoning module Slate (168)
[2017.07.11-15.57.39:768][427]LogModuleManager: Shutting down and abandoning module EditorStyle (166)
[2017.07.11-15.57.39:769][427]LogModuleManager: Shutting down and abandoning module SourceCodeAccess (164)
[2017.07.11-15.57.39:769][427]LogModuleManager: Shutting down and abandoning module HeadMountedDisplay (162)
[2017.07.11-15.57.39:769][427]LogModuleManager: Shutting down and abandoning module XAudio2 (160)
[2017.07.11-15.57.39:769][427]LogModuleManager: Shutting down and abandoning module Networking (158)
[2017.07.11-15.57.39:769][427]LogModuleManager: Shutting down and abandoning module Core (154)
[2017.07.11-15.57.39:769][427]LogModuleManager: Shutting down and abandoning module AssetRegistry (152)
[2017.07.11-15.57.39:864][427]LogDirectoryWatcher: A directory notification for '../../../Engine/Content/' was aborted.
[2017.07.11-15.57.39:864][427]LogDirectoryWatcher: A directory notification for 'C:/Users/User/Desktop/Unreal/GitHub/FYP_DumbTesting/Meeting/Content/' was aborted.
[2017.07.11-15.57.39:864][427]LogDirectoryWatcher: A directory notification for '../../../Engine/Plugins/2D/Paper2D/Content/' was aborted.
[2017.07.11-15.57.39:864][427]LogModuleManager: Shutting down and abandoning module DirectoryWatcher (151)
[2017.07.11-15.57.39:864][427]LogModuleManager: Shutting down and abandoning module KismetCompiler (148)
[2017.07.11-15.57.39:864][427]LogModuleManager: Shutting down and abandoning module PhysXFormats (146)
[2017.07.11-15.57.39:864][427]LogModuleManager: Shutting down and abandoning module MeshUtilities (144)
[2017.07.11-15.57.39:864][427]LogModuleManager: Shutting down and abandoning module SimplygonSwarm (143)
[2017.07.11-15.57.39:864][427]LogModuleManager: Shutting down and abandoning module SimplygonMeshReduction (141)
[2017.07.11-15.57.39:864][427]LogModuleManager: Shutting down and abandoning module QuadricMeshReduction (139)
[2017.07.11-15.57.39:864][427]LogModuleManager: Shutting down and abandoning module PropertyEditor (137)
[2017.07.11-15.57.39:864][427]LogModuleManager: Shutting down and abandoning module DerivedDataCache (134)
[2017.07.11-15.57.39:961][427]LogDerivedDataCache: Shutdown
[2017.07.11-15.57.39:961][427]LogModuleManager: Shutting down and abandoning module TargetPlatform (132)
[2017.07.11-15.57.39:961][427]LogModuleManager: Shutting down and abandoning module VulkanShaderFormat (131)
[2017.07.11-15.57.39:961][427]LogModuleManager: Shutting down and abandoning module ShaderFormatOpenGL (129)
[2017.07.11-15.57.39:961][427]LogModuleManager: Shutting down and abandoning module ShaderFormatD3D (127)
[2017.07.11-15.57.39:961][427]LogModuleManager: Shutting down and abandoning module MetalShaderFormat (125)
[2017.07.11-15.57.39:961][427]LogModuleManager: Shutting down and abandoning module TextureFormatUncompressed (123)
[2017.07.11-15.57.39:961][427]LogModuleManager: Shutting down and abandoning module TextureFormatPVR (121)
[2017.07.11-15.57.39:961][427]LogModuleManager: Shutting down and abandoning module TextureFormatDXT (119)
[2017.07.11-15.57.39:961][427]LogModuleManager: Shutting down and abandoning module TextureFormatIntelISPCTexComp (117)
[2017.07.11-15.57.39:961][427]LogModuleManager: Shutting down and abandoning module TextureFormatASTC (115)
[2017.07.11-15.57.39:961][427]LogModuleManager: Shutting down and abandoning module ImageWrapper (114)
[2017.07.11-15.57.39:961][427]LogModuleManager: Shutting down and abandoning module TextureFormatAndroid (111)
[2017.07.11-15.57.39:961][427]LogModuleManager: Shutting down and abandoning module AudioFormatOpus (109)
[2017.07.11-15.57.39:961][427]LogModuleManager: Shutting down and abandoning module AudioFormatOgg (107)
[2017.07.11-15.57.39:961][427]LogModuleManager: Shutting down and abandoning module AudioFormatADPCM (105)
[2017.07.11-15.57.39:961][427]LogModuleManager: Shutting down and abandoning module LinuxTargetPlatform (103)
[2017.07.11-15.57.39:961][427]LogModuleManager: Shutting down and abandoning module LinuxServerTargetPlatform (101)
[2017.07.11-15.57.39:961][427]LogModuleManager: Shutting down and abandoning module LinuxNoEditorTargetPlatform (99)
[2017.07.11-15.57.39:961][427]LogModuleManager: Shutting down and abandoning module LinuxClientTargetPlatform (97)
[2017.07.11-15.57.39:961][427]LogModuleManager: Shutting down and abandoning module TVOSTargetPlatform (95)
[2017.07.11-15.57.39:961][427]LogModuleManager: Shutting down and abandoning module Messaging (93)
[2017.07.11-15.57.39:961][427]LogModuleManager: Shutting down and abandoning module IOSTargetPlatform (91)
[2017.07.11-15.57.39:961][427]LogModuleManager: Shutting down and abandoning module HTML5TargetPlatform (89)
[2017.07.11-15.57.39:961][427]LogModuleManager: Shutting down and abandoning module Android_PVRTCTargetPlatform (87)
[2017.07.11-15.57.39:961][427]LogModuleManager: Shutting down and abandoning module Android_MultiTargetPlatform (85)
[2017.07.11-15.57.39:961][427]LogModuleManager: Shutting down and abandoning module Android_ETC2TargetPlatform (83)
[2017.07.11-15.57.39:961][427]LogModuleManager: Shutting down and abandoning module Android_ETC1TargetPlatform (81)
[2017.07.11-15.57.39:961][427]LogModuleManager: Shutting down and abandoning module Android_DXTTargetPlatform (79)
[2017.07.11-15.57.39:961][427]LogModuleManager: Shutting down and abandoning module Android_ATCTargetPlatform (77)
[2017.07.11-15.57.39:961][427]LogModuleManager: Shutting down and abandoning module Android_ASTCTargetPlatform (75)
[2017.07.11-15.57.39:961][427]LogModuleManager: Shutting down and abandoning module AndroidTargetPlatform (73)
[2017.07.11-15.57.39:961][427]LogModuleManager: Shutting down and abandoning module WindowsTargetPlatform (71)
[2017.07.11-15.57.39:962][427]LogModuleManager: Shutting down and abandoning module WindowsServerTargetPlatform (69)
[2017.07.11-15.57.39:962][427]LogModuleManager: Shutting down and abandoning module WindowsNoEditorTargetPlatform (67)
[2017.07.11-15.57.39:962][427]LogModuleManager: Shutting down and abandoning module WindowsClientTargetPlatform (65)
[2017.07.11-15.57.39:962][427]LogModuleManager: Shutting down and abandoning module MacTargetPlatform (63)
[2017.07.11-15.57.39:962][427]LogModuleManager: Shutting down and abandoning module MacServerTargetPlatform (61)
[2017.07.11-15.57.39:962][427]LogModuleManager: Shutting down and abandoning module MacNoEditorTargetPlatform (59)
[2017.07.11-15.57.39:962][427]LogModuleManager: Shutting down and abandoning module MacClientTargetPlatform (57)
[2017.07.11-15.57.39:962][427]LogModuleManager: Shutting down and abandoning module AllDesktopTargetPlatform (55)
[2017.07.11-15.57.39:962][427]LogModuleManager: Shutting down and abandoning module InputCore (52)
[2017.07.11-15.57.39:962][427]LogModuleManager: Shutting down and abandoning module Settings (50)
[2017.07.11-15.57.39:962][427]LogModuleManager: Shutting down and abandoning module OculusRift (48)
[2017.07.11-15.57.39:962][427]LogModuleManager: Shutting down and abandoning module GearVR (46)
[2017.07.11-15.57.39:962][427]LogModuleManager: Shutting down and abandoning module ExampleDeviceProfileSelector (44)
[2017.07.11-15.57.39:962][427]LogModuleManager: Shutting down and abandoning module OnlineBlueprintSupport (42)
[2017.07.11-15.57.39:962][427]LogModuleManager: Shutting down and abandoning module OnlineSubsystem (38)
[2017.07.11-15.57.39:962][427]LogOnline:Display: Unloading online subsystem: NULL
[2017.07.11-15.57.39:962][427]LogModuleManager: Shutting down and abandoning module XMPP (37)
[2017.07.11-15.57.39:962][427]LogModuleManager: Shutting down and abandoning module HTTP (35)
[2017.07.11-15.57.39:962][427]LogHttp:Display: Http module shutting down, but needs to wait on 1 outstanding Http requests:
[2017.07.11-15.57.39:962][427]LogHttp:Display: 	verb=[POST] url=[https://datarouter.ol.epicgames.com/datarouter/api/v1/public/data?SessionID=%7B1FB382A5-42F6-8AF9-DE58-2EAEDDB8C528%7D&AppID=UEEditor.Rocket.Release&AppVersion=4.15.3-3450819%2B%2B%2BUE4%2BRelease-4.15&UserID=114a053340218112b535419f5baeb955%7C9413889a592e4c1c866f4c4c8bc27d3e%7C8c3aa4a3-2f23-417e-a7f5-919d8ce1237f&AppEnvironment=datacollector-binary&UploadType=eteventstream] status=Processing
[2017.07.11-15.57.39:989][427]LogModuleManager: Shutting down and abandoning module SSL (34)
[2017.07.11-15.57.39:990][427]LogModuleManager: Shutting down and abandoning module AudioEditor (30)
[2017.07.11-15.57.39:990][427]LogModuleManager: Shutting down and abandoning module TextureCompressor (28)
[2017.07.11-15.57.39:990][427]LogModuleManager: Shutting down and abandoning module ShaderCore (26)
[2017.07.11-15.57.39:990][427]LogModuleManager: Shutting down and abandoning module Landscape (24)
[2017.07.11-15.57.39:990][427]LogModuleManager: Shutting down and abandoning module SlateRHIRenderer (22)
[2017.07.11-15.57.39:991][427]LogModuleManager: Shutting down and abandoning module OpenGLDrv (20)
[2017.07.11-15.57.39:991][427]LogModuleManager: Shutting down and abandoning module D3D11RHI (18)
[2017.07.11-15.57.39:991][427]LogModuleManager: Shutting down and abandoning module AnimGraphRuntime (16)
[2017.07.11-15.57.39:991][427]LogModuleManager: Shutting down and abandoning module Renderer (14)
[2017.07.11-15.57.39:991][427]LogModuleManager: Shutting down and abandoning module Engine (12)
[2017.07.11-15.57.39:991][427]LogModuleManager: Shutting down and abandoning module CoreUObject (10)
[2017.07.11-15.57.39:991][427]LogModuleManager: Shutting down and abandoning module NetworkFile (8)
[2017.07.11-15.57.39:991][427]LogModuleManager: Shutting down and abandoning module StreamingFile (6)
[2017.07.11-15.57.39:991][427]LogModuleManager: Shutting down and abandoning module SandboxFile (4)
[2017.07.11-15.57.39:991][427]LogModuleManager: Shutting down and abandoning module PakFile (2)
[2017.07.11-15.57.39:993][427]LogExit: Exiting.
[2017.07.11-15.57.40:008][427]Log file closed, 07/11/17 23:57:40
