Log file open, 07/12/17 15:35:29
LogInit:Display: Running engine for game: Meeting
LogPlatformFile: Not using cached read wrapper
LogInit:Display: RandInit(-1203851212) SRandInit(-1203851212).
LogTaskGraph: Started task graph with 5 named threads and 8 total threads with 1 sets of task threads.
LogStats: Stats thread started at 0.071793
LogInit: Using libcurl 7.47.1
LogInit:  - built for x86_64-pc-win32
LogInit:  - supports SSL with OpenSSL/1.0.2g
LogInit:  - supports HTTP deflate (compression) using libz 1.2.8
LogInit:  - other features:
LogInit:      CURL_VERSION_SSL
LogInit:      CURL_VERSION_LIBZ
LogInit:      CURL_VERSION_IPV6
LogInit:      CURL_VERSION_ASYNCHDNS
LogInit:      CURL_VERSION_LARGEFILE
LogInit:      CURL_VERSION_IDN
LogInit:  CurlRequestOptions (configurable via config and command line):
LogInit:  - bVerifyPeer = false  - Libcurl will NOT verify peer certificate
LogInit:  - bUseHttpProxy = false  - Libcurl will NOT use HTTP proxy
LogInit:  - bDontReuseConnections = false  - Libcurl will reuse connections
LogInit:  - CertBundlePath = nullptr  - Libcurl will use whatever was configured at build time.
LogInit: Build: ++UE4+Release-4.15-CL-3450819
LogInit: Engine Version: 4.15.3-3450819+++UE4+Release-4.15
LogInit: Compatible Engine Version: 4.15.0-3299760+++UE4+Release-4.15
LogInit: Net CL: 3299760
LogDevObjectVersion: Number of dev versions registered: 14
LogDevObjectVersion:   Dev-Blueprints (B0D832E4-1F89-4F0D-ACCF-7EB736FD4AA2): 8
LogDevObjectVersion:   Dev-Build (E1C64328-A22C-4D53-A36C-8E866417BD8C): 0
LogDevObjectVersion:   Dev-Core (375EC13C-06E4-48FB-B500-84F0262A717E): 2
LogDevObjectVersion:   Dev-Editor (E4B068ED-F494-42E9-A231-DA0B2E46BB41): 14
LogDevObjectVersion:   Dev-Framework (CFFC743F-43B0-4480-9391-14DF171D2073): 22
LogDevObjectVersion:   Dev-Mobile (B02B49B5-BB20-44E9-A304-32B752E40360): 0
LogDevObjectVersion:   Dev-Networking (A4E4105C-59A1-49B5-A7C5-40C4547EDFEE): 0
LogDevObjectVersion:   Dev-Online (39C831C9-5AE6-47DC-9A44-9C173E1C8E7C): 0
LogDevObjectVersion:   Dev-Physics (78F01B33-EBEA-4F98-B9B4-84EACCB95AA2): 0
LogDevObjectVersion:   Dev-Platform (6631380F-2D4D-43E0-8009-CF276956A95A): 0
LogDevObjectVersion:   Dev-Rendering (12F88B9F-8875-4AFC-A67C-D90C383ABD29): 12
LogDevObjectVersion:   Dev-Sequencer (7B5AE74C-D270-4C10-A958-57980B212A5A): 3
LogDevObjectVersion:   Dev-VR (D7296918-1DD6-4BDD-9DE2-64A83CC13884): 0
LogDevObjectVersion:   Dev-LoadTimes (C2A15278-BFE7-4AFE-6C17-90FF531DF755): 1
LogInit: Compiled (64-bit): May 21 2017 11:02:34
LogInit: Compiled with Visual C++: 19.00.23026.00
LogInit: Build Configuration: Development
LogInit: Branch Name: ++UE4+Release-4.15
LogInit: Command line: 
LogInit: Base directory: C:/Program Files/Epic Games/UE_4.15/Engine/Binaries/Win64/
LogInit: Installed Engine Build: 1
LogInit: Presizing for max 8388607 objects, including 0 objects not considered by GC, pre-allocating 0 bytes for permanent pool.
LogInit: Object subsystem initialized
[2017.07.12-07.35.30:480][  0]LogInit: Selected Device Profile: [Windows]
[2017.07.12-07.35.30:480][  0]LogInit: Applying CVar settings loaded from the selected device profile: [Windows]
[2017.07.12-07.35.30:493][  0]LogInit: Computer: USER
[2017.07.12-07.35.30:493][  0]LogInit: User: Uses
[2017.07.12-07.35.30:493][  0]LogInit: CPU Page size=65536, Cores=4
[2017.07.12-07.35.30:493][  0]LogInit: High frequency timer resolution =3.320305 MHz
[2017.07.12-07.35.30:493][  0]LogMemory: Memory total: Physical=15.9GB (16GB approx)
[2017.07.12-07.35.30:493][  0]LogMemory: Platform Memory Stats for Windows
[2017.07.12-07.35.30:493][  0]LogMemory: Process Physical Memory: 263.67 MB used, 263.67 MB peak
[2017.07.12-07.35.30:493][  0]LogMemory: Process Virtual Memory: 262.50 MB used, 262.50 MB peak
[2017.07.12-07.35.30:493][  0]LogMemory: Physical Memory: 8751.29 MB used,  7560.20 MB free, 16311.48 MB total
[2017.07.12-07.35.30:493][  0]LogMemory: Virtual Memory: 645.11 MB used,  7560.20 MB free, 134217728.00 MB total
[2017.07.12-07.35.30:569][  0]LogTextLocalizationManager: No specific translations for ('en-US') exist, so ('en') translations will be used.
[2017.07.12-07.35.31:195][  0]LogD3D11RHI: D3D11 adapters:
[2017.07.12-07.35.31:240][  0]LogD3D11RHI:    0. 'NVIDIA GeForce GTX 960' (Feature Level 11_0)
[2017.07.12-07.35.31:240][  0]LogD3D11RHI:       2016/0/8155 MB DedicatedVideo/DedicatedSystem/SharedSystem, Outputs:1, VendorId:0x10de
[2017.07.12-07.35.31:241][  0]LogD3D11RHI:    1. 'Microsoft Basic Render Driver' (Feature Level 11_0)
[2017.07.12-07.35.31:241][  0]LogD3D11RHI:       0/0/8155 MB DedicatedVideo/DedicatedSystem/SharedSystem, Outputs:0, VendorId:0x1414
[2017.07.12-07.35.31:241][  0]LogD3D11RHI: Chosen D3D11 Adapter: 0
[2017.07.12-07.35.31:250][  0]LogD3D11RHI: Creating new Direct3DDevice
[2017.07.12-07.35.31:250][  0]LogD3D11RHI:     GPU DeviceId: 0x1401 (for the marketing name, search the web for "GPU Device Id")
[2017.07.12-07.35.31:250][  0]LogWindows: EnumDisplayDevices:
[2017.07.12-07.35.31:250][  0]LogWindows:    0. 'NVIDIA GeForce GTX 960' (P:1 D:1)
[2017.07.12-07.35.31:250][  0]LogWindows:    1. 'NVIDIA GeForce GTX 960' (P:0 D:0)
[2017.07.12-07.35.31:250][  0]LogWindows:    2. 'NVIDIA GeForce GTX 960' (P:0 D:0)
[2017.07.12-07.35.31:250][  0]LogWindows:    3. 'NVIDIA GeForce GTX 960' (P:0 D:0)
[2017.07.12-07.35.31:250][  0]LogWindows: DebugString: FoundDriverCount:4 
[2017.07.12-07.35.31:250][  0]LogD3D11RHI:     Adapter Name: NVIDIA GeForce GTX 960
[2017.07.12-07.35.31:250][  0]LogD3D11RHI:   Driver Version: 382.05 (internal:22.21.13.8205, unified:382.05)
[2017.07.12-07.35.31:250][  0]LogD3D11RHI:      Driver Date: 5-1-2017
[2017.07.12-07.35.31:250][  0]LogRHI: Texture pool is 1361 MB (70% of 1945 MB)
[2017.07.12-07.35.31:280][  0]LogD3D11RHI: Async texture creation enabled
[2017.07.12-07.35.31:292][  0]LogD3D11RHI: GPU Timing Frequency: 1000.000000 (Debug: 2 1)
[2017.07.12-07.35.31:294][  0]LogShaderCompilers: Guid format shader working directory is -20 characters bigger than the processId version (../../../../../../Users/Uses/Desktop/FYP/FYP_DumbTesting/Meeting/Intermediate/Shaders/WorkingDirectory/34768/).
[2017.07.12-07.35.31:294][  0]LogShaderCompilers: Cleaned the shader compiler working directory 'C:/Users/Uses/AppData/Local/Temp/UnrealShaderWorkingDir/5B77D7504818A10E732C1C8B1016998C/'.
[2017.07.12-07.35.31:294][  0]LogShaderCompilers:Display: Using Local Shader Compiler.
[2017.07.12-07.35.32:290][  0]LogTemp:Display: Loaded TP AllDesktopTargetPlatform
[2017.07.12-07.35.32:343][  0]LogTemp:Display: Loaded TP MacClientTargetPlatform
[2017.07.12-07.35.32:401][  0]LogTemp:Display: Loaded TP MacNoEditorTargetPlatform
[2017.07.12-07.35.32:452][  0]LogTemp:Display: Loaded TP MacServerTargetPlatform
[2017.07.12-07.35.32:500][  0]LogTemp:Display: Loaded TP MacTargetPlatform
[2017.07.12-07.35.32:547][  0]LogTemp:Display: Loaded TP WindowsClientTargetPlatform
[2017.07.12-07.35.32:596][  0]LogTemp:Display: Loaded TP WindowsNoEditorTargetPlatform
[2017.07.12-07.35.32:645][  0]LogTemp:Display: Loaded TP WindowsServerTargetPlatform
[2017.07.12-07.35.32:683][  0]LogTemp:Display: Loaded TP WindowsTargetPlatform
[2017.07.12-07.35.32:732][  0]LogTemp:Display: Loaded TP AndroidTargetPlatform
[2017.07.12-07.35.32:780][  0]LogTemp:Display: Loaded TP Android_ASTCTargetPlatform
[2017.07.12-07.35.32:827][  0]LogTemp:Display: Loaded TP Android_ATCTargetPlatform
[2017.07.12-07.35.32:874][  0]LogTemp:Display: Loaded TP Android_DXTTargetPlatform
[2017.07.12-07.35.32:920][  0]LogTemp:Display: Loaded TP Android_ETC1TargetPlatform
[2017.07.12-07.35.32:966][  0]LogTemp:Display: Loaded TP Android_ETC2TargetPlatform
[2017.07.12-07.35.33:058][  0]LogTemp:Display: Loaded TP Android_MultiTargetPlatform
[2017.07.12-07.35.33:058][  0]LogTemp:Display: Loaded TP Android_PVRTCTargetPlatform
[2017.07.12-07.35.33:090][  0]LogTemp:Display: Loaded TP HTML5TargetPlatform
[2017.07.12-07.35.33:177][  0]LogTemp:Display: Loaded TP IOSTargetPlatform
[2017.07.12-07.35.33:208][  0]LogTemp:Display: Loaded TP TVOSTargetPlatform
[2017.07.12-07.35.33:254][  0]LogTemp:Display: Loaded TP LinuxClientTargetPlatform
[2017.07.12-07.35.33:298][  0]LogTemp:Display: Loaded TP LinuxNoEditorTargetPlatform
[2017.07.12-07.35.33:343][  0]LogTemp:Display: Loaded TP LinuxServerTargetPlatform
[2017.07.12-07.35.33:388][  0]LogTemp:Display: Loaded TP LinuxTargetPlatform
[2017.07.12-07.35.33:388][  0]LogTargetPlatformManager:Display: Building Assets For Windows
[2017.07.12-07.35.33:757][  0]LogDerivedDataCache:Display: Max Cache Size: 512 MB
[2017.07.12-07.35.33:802][  0]LogDerivedDataCache: Loaded boot cache 0.05s 50MB C:/Users/Uses/AppData/Local/UnrealEngine/4.15/DerivedDataCache/Boot.ddc.
[2017.07.12-07.35.33:802][  0]LogDerivedDataCache:Display: Loaded Boot cache: C:/Users/Uses/AppData/Local/UnrealEngine/4.15/DerivedDataCache/Boot.ddc
[2017.07.12-07.35.33:802][  0]LogDerivedDataCache: FDerivedDataBackendGraph:  Pak pak cache file ../../../../../../Users/Uses/Desktop/FYP/FYP_DumbTesting/Meeting/DerivedDataCache/DDC.ddp not found, will not use a pak cache.
[2017.07.12-07.35.33:802][  0]LogDerivedDataCache: Unable to find inner node Pak for hierarchical cache Hierarchy.
[2017.07.12-07.35.33:802][  0]LogDerivedDataCache: FDerivedDataBackendGraph:  CompressedPak pak cache file ../../../../../../Users/Uses/Desktop/FYP/FYP_DumbTesting/Meeting/DerivedDataCache/Compressed.ddp not found, will not use a pak cache.
[2017.07.12-07.35.33:802][  0]LogDerivedDataCache: Unable to find inner node CompressedPak for hierarchical cache Hierarchy.
[2017.07.12-07.35.33:818][  0]LogDerivedDataCache:Display: Pak cache opened for reading ../../../Engine/DerivedDataCache/Compressed.ddp.
[2017.07.12-07.35.33:831][  0]LogDerivedDataCache: Using Local data cache path C:/Users/Uses/AppData/Local/UnrealEngine/Common/DerivedDataCache: Writable
[2017.07.12-07.35.33:839][  0]LogSlate: Using Freetype 2.6.0
[2017.07.12-07.35.33:840][  0]LogSlate: SlateFontCache - WITH_FREETYPE: 1, WITH_HARFBUZZ: 1
[2017.07.12-07.35.33:840][  0]LogSlate: SlateFontCache - WITH_FREETYPE: 1, WITH_HARFBUZZ: 1
[2017.07.12-07.35.34:070][  0]LogInit: Selected Device Profile: [Windows]
[2017.07.12-07.35.34:073][  0]LogContentStreaming: Texture pool size is 0.00 MB
[2017.07.12-07.35.34:261][  0]LogMeshUtilities: Using QuadricMeshReduction for automatic static mesh reduction
[2017.07.12-07.35.34:296][  0]LogSimplygon: Simplygon DLL not present - disabling.
[2017.07.12-07.35.34:334][  0]LogMeshUtilities: Using SimplygonSwarm for distributed automatic mesh merging
[2017.07.12-07.35.34:334][  0]LogMeshUtilities: No automatic skeletal mesh reduction module available
[2017.07.12-07.35.34:334][  0]LogMeshUtilities: No automatic mesh merging module available
[2017.07.12-07.35.34:816][  0]LogNetVersion: GetLocalNetworkVersion: CL: 3299760, ProjectName: meeting, ProjectVersion: , EngineNetworkVersion: 2, GameNetworkVersion: 0, NetworkChecksum: 116300604
[2017.07.12-07.35.34:858][  0]LogAssetRegistry: FAssetRegistry took 0.0212 seconds to start up
[2017.07.12-07.35.34:915][  0]LogPackageLocalizationCache: Processed 3 localized package path(s) for 2 prioritized culture(s) in 0.035146 seconds
[2017.07.12-07.35.34:920][  0]LogUObjectArray: 32493 objects as part of root set at end of initial load.
[2017.07.12-07.35.34:920][  0]LogUObjectAllocator: 7077032 out of 0 bytes used by permanent object pool.
[2017.07.12-07.35.34:920][  0]LogUObjectArray: CloseDisregardForGC: 0/0 objects in disregard for GC pool
[2017.07.12-07.35.34:972][  0]LogInit: WinSock: version 1.1 (2.2), MaxSocks=32767, MaxUdp=65467
[2017.07.12-07.35.36:389][  0]LogTcpMessaging: Initializing TcpMessaging bridge
[2017.07.12-07.35.36:430][  0]LogUdpMessaging: Initializing bridge on interface 0.0.0.0:0 to multicast group 230.0.0.1:6666.
[2017.07.12-07.35.36:880][  0]LogMaterial: Uniform references updated for custom material expression Custom.
[2017.07.12-07.35.37:192][  0]SourceControl: Info Source control is disabled
[2017.07.12-07.35.37:193][  0]SourceControl: Info Source control is disabled
[2017.07.12-07.35.37:235][  0]SourceControl: Info Source control is disabled
[2017.07.12-07.35.37:273][  0]SourceControl: Info Source control is disabled
[2017.07.12-07.35.38:303][  0]LogEngine: Initializing Engine...
[2017.07.12-07.35.38:304][  0]LogHMD: Failed to initialize OpenVR with code 110
[2017.07.12-07.35.38:397][  0]LogStats: UGameplayTagsManager::ConstructGameplayTagTree: Construct from data asset -  0.000 s
[2017.07.12-07.35.38:397][  0]LogStats: UGameplayTagsManager::ConstructGameplayTagTree: GameplayTagTreeChangedEvent.Broadcast -  0.000 s
[2017.07.12-07.35.38:500][  0]LogAIModule: Creating AISystem for world Untitled
[2017.07.12-07.35.38:511][  0]LogInit: XAudio2 using 'Speakers (Realtek High Definition Audio)' : 2 channels at 48 kHz using 32 bits per sample (channel mask 0x3)
[2017.07.12-07.35.38:533][  0]LogInit: FAudioDevice initialized.
[2017.07.12-07.35.38:560][  0]LogDerivedDataCache: Saved boot cache 0.03s 50MB C:/Users/Uses/AppData/Local/UnrealEngine/4.15/DerivedDataCache/Boot.ddc.
[2017.07.12-07.35.38:566][  0]LogInit: Texture streaming: Enabled
[2017.07.12-07.35.38:644][  0]LogEngineSessionManager: EngineSessionManager initialized
[2017.07.12-07.35.38:659][  0]LogEngineSessionManager: EngineSessionManager sent abnormal shutdown report. Type=Crashed, SessionId={98ECA456-4972-5EF7-3563-1785DEFD0FFE}
[2017.07.12-07.35.38:735][  0]LogInit: Transaction tracking system initialized
[2017.07.12-07.35.39:030][  0]BlueprintLog: New page: Editor Load
[2017.07.12-07.35.39:754][  0]LocalizationService: Info Localization service is disabled
[2017.07.12-07.35.40:312][  0]LogConsoleResponse:Display: 
[2017.07.12-07.35.40:429][  0]LogCook:Display: Max memory allowance for cook 16384mb min free memory 0mb
[2017.07.12-07.35.40:429][  0]LogCook:Display: Mobile HDR setting 1
[2017.07.12-07.35.41:257][  0]LogFileCache: Scanning file cache for directory 'C:/Users/Uses/Desktop/FYP/FYP_DumbTesting/Meeting/Content/' took 0.01s
[2017.07.12-07.35.41:294][  0]SourceControl: Info Source control is disabled
[2017.07.12-07.35.41:294][  0]Cmd: MAP LOAD FILE="../../../../../../Users/Uses/Desktop/FYP/FYP_DumbTesting/Meeting/Content/ThirdPersonBP/Maps/MockUp_Map.umap" TEMPLATE=0 SHOWPROGRESS=1 FEATURELEVEL=3
[2017.07.12-07.35.41:294][  0]LightingResults: New page: Lighting Build
[2017.07.12-07.35.41:327][  0]MapCheck: New page: Map Check
[2017.07.12-07.35.41:327][  0]LightingResults: New page: Lighting Build
[2017.07.12-07.35.41:525][  0]LogBlueprint:Warning: [Compiler ThirdPersonCharacter] Warning InputAction Event references unknown Action 'ResetVR' for  InputAction ResetVR
[2017.07.12-07.35.41:526][  0]LogBlueprint:Warning: [Compiler ThirdPersonCharacter] Warning Input Axis Event references unknown Axis 'LookUpRate' for  InputAxis LookUpRate
[2017.07.12-07.35.41:526][  0]LogBlueprint:Warning: [Compiler ThirdPersonCharacter] Warning Input Axis Event references unknown Axis 'TurnRate' for  InputAxis TurnRate
[2017.07.12-07.35.41:526][  0]LogBlueprint:Warning: [Compiler ThirdPersonCharacter] Warning InputAction Event references unknown Action 'Jump' for  InputAction Jump
[2017.07.12-07.35.41:526][  0]LogBlueprint:Warning: [Compiler ThirdPersonCharacter] Warning Input Axis Event references unknown Axis 'LookUp' for  InputAxis LookUp
[2017.07.12-07.35.41:526][  0]LogBlueprint:Warning: [Compiler ThirdPersonCharacter] Warning Input Axis Event references unknown Axis 'Turn' for  InputAxis Turn
[2017.07.12-07.35.41:529][  0]LogBlueprint:Warning: [Compiler ThirdPersonCharacter] Warning [0013.17] Compile of ThirdPersonCharacter successful, but with 6 Warning(s) [in 7 ms] (/Game/ThirdPersonBP/Blueprints/ThirdPersonCharacter.ThirdPersonCharacter)
[2017.07.12-07.35.41:529][  0]LogBlueprint:Warning: [Compiler ThirdPersonCharacter] Warning [0013.17] Compile of ThirdPersonCharacter successful, but with 7 Warning(s) [in 0 ms] (/Game/ThirdPersonBP/Blueprints/ThirdPersonCharacter.ThirdPersonCharacter)
[2017.07.12-07.35.41:529][  0]LogBlueprint:Warning: [Compiler ThirdPersonCharacter] Warning [0013.17] Compile of ThirdPersonCharacter successful, but with 8 Warning(s) [in 0 ms] (/Game/ThirdPersonBP/Blueprints/ThirdPersonCharacter.ThirdPersonCharacter)
[2017.07.12-07.35.41:534][  0]LogBlueprint:Warning: [Compiler ThirdPersonCharacter] Warning InputAction Event references unknown Action 'ResetVR' for  InputAction ResetVR
[2017.07.12-07.35.41:534][  0]LogBlueprint:Warning: [Compiler ThirdPersonCharacter] Warning Input Axis Event references unknown Axis 'LookUpRate' for  InputAxis LookUpRate
[2017.07.12-07.35.41:534][  0]LogBlueprint:Warning: [Compiler ThirdPersonCharacter] Warning Input Axis Event references unknown Axis 'TurnRate' for  InputAxis TurnRate
[2017.07.12-07.35.41:534][  0]LogBlueprint:Warning: [Compiler ThirdPersonCharacter] Warning InputAction Event references unknown Action 'Jump' for  InputAction Jump
[2017.07.12-07.35.41:534][  0]LogBlueprint:Warning: [Compiler ThirdPersonCharacter] Warning Input Axis Event references unknown Axis 'LookUp' for  InputAxis LookUp
[2017.07.12-07.35.41:535][  0]LogBlueprint:Warning: [Compiler ThirdPersonCharacter] Warning Input Axis Event references unknown Axis 'Turn' for  InputAxis Turn
[2017.07.12-07.35.41:538][  0]LogBlueprint:Warning: [Compiler ThirdPersonCharacter] Warning [0013.18] Compile of ThirdPersonCharacter successful, but with 6 Warning(s) [in 6 ms] (/Game/ThirdPersonBP/Blueprints/ThirdPersonCharacter.ThirdPersonCharacter)
[2017.07.12-07.35.41:538][  0]LogBlueprint:Warning: [Compiler ThirdPersonCharacter] Warning [0013.18] Compile of ThirdPersonCharacter successful, but with 7 Warning(s) [in 0 ms] (/Game/ThirdPersonBP/Blueprints/ThirdPersonCharacter.ThirdPersonCharacter)
[2017.07.12-07.35.41:538][  0]LogBlueprint:Warning: [Compiler ThirdPersonCharacter] Warning [0013.18] Compile of ThirdPersonCharacter successful, but with 8 Warning(s) [in 0 ms] (/Game/ThirdPersonBP/Blueprints/ThirdPersonCharacter.ThirdPersonCharacter)
[2017.07.12-07.35.41:599][  0]LogLinker:Warning: Can't find file '/Game/Art/Environment/newdev/FLOORFLOOR'
[2017.07.12-07.35.41:599][  0]LogLinker:Warning: Can't find file for asset '/Game/Art/Environment/newdev/FLOORFLOOR' while loading ../../../../../../Users/Uses/Desktop/FYP/FYP_DumbTesting/Meeting/Content/Art/Environment/Mesh/SM_Corridor_Floor.uasset.
[2017.07.12-07.35.41:599][  0]LoadErrors:Error: Error /Game/Art/Environment/Mesh/SM_Corridor_Floor : Can't find file for asset. /Game/Art/Environment/newdev/FLOORFLOOR
[2017.07.12-07.35.41:600][  0]LogLinker:Warning: Can't find file '/Game/Art/Environment/newdev/FLOORFLOOR'
[2017.07.12-07.35.41:600][  0]LogLinker:Warning: Can't find file for asset '/Game/Art/Environment/newdev/FLOORFLOOR' while loading ../../../../../../Users/Uses/Desktop/FYP/FYP_DumbTesting/Meeting/Content/Art/Environment/Mesh/SM_Corridor_Floor.uasset.
[2017.07.12-07.35.41:600][  0]LoadErrors:Error: Error /Game/Art/Environment/Mesh/SM_Corridor_Floor : Can't find file for asset. /Game/Art/Environment/newdev/FLOORFLOOR
[2017.07.12-07.35.41:600][  0]LogLinker:Warning: Can't find file '/Game/Art/Environment/newdev/zzzzzz'
[2017.07.12-07.35.41:601][  0]LogLinker:Warning: Can't find file for asset '/Game/Art/Environment/newdev/zzzzzz' while loading ../../../../../../Users/Uses/Desktop/FYP/FYP_DumbTesting/Meeting/Content/Art/Environment/Mesh/SM_Corridor_Frame.uasset.
[2017.07.12-07.35.41:601][  0]LoadErrors:Error: Error /Game/Art/Environment/Mesh/SM_Corridor_Frame : Can't find file for asset. /Game/Art/Environment/newdev/zzzzzz
[2017.07.12-07.35.41:601][  0]LogLinker:Warning: Can't find file '/Game/Art/Environment/newdev/zzzzzz'
[2017.07.12-07.35.41:601][  0]LogLinker:Warning: Can't find file for asset '/Game/Art/Environment/newdev/zzzzzz' while loading ../../../../../../Users/Uses/Desktop/FYP/FYP_DumbTesting/Meeting/Content/Art/Environment/Mesh/SM_Corridor_Frame.uasset.
[2017.07.12-07.35.41:601][  0]LoadErrors:Error: Error /Game/Art/Environment/Mesh/SM_Corridor_Frame : Can't find file for asset. /Game/Art/Environment/newdev/zzzzzz
[2017.07.12-07.35.41:602][  0]LogLinker:Warning: Can't find file '/Game/Art/Environment/newdev/2'
[2017.07.12-07.35.41:602][  0]LogLinker:Warning: Can't find file for asset '/Game/Art/Environment/newdev/2' while loading ../../../../../../Users/Uses/Desktop/FYP/FYP_DumbTesting/Meeting/Content/Art/Environment/Mesh/SM_Corridor_Wall.uasset.
[2017.07.12-07.35.41:602][  0]LoadErrors:Error: Error /Game/Art/Environment/Mesh/SM_Corridor_Wall : Can't find file for asset. /Game/Art/Environment/newdev/2
[2017.07.12-07.35.41:602][  0]LogLinker:Warning: Can't find file '/Game/Art/Environment/newdev/2'
[2017.07.12-07.35.41:602][  0]LogLinker:Warning: Can't find file for asset '/Game/Art/Environment/newdev/2' while loading ../../../../../../Users/Uses/Desktop/FYP/FYP_DumbTesting/Meeting/Content/Art/Environment/Mesh/SM_Corridor_Wall.uasset.
[2017.07.12-07.35.41:602][  0]LoadErrors:Error: Error /Game/Art/Environment/Mesh/SM_Corridor_Wall : Can't find file for asset. /Game/Art/Environment/newdev/2
[2017.07.12-07.35.41:737][  0]LogLinker:Warning: Can't find file '/Game/Art/Environment/newdev/zzzzzz'
[2017.07.12-07.35.41:737][  0]LoadErrors: Info Failed to load /Game/Art/Environment/newdev/zzzzzz.zzzzzz Referenced by SM_Corridor_Frame
[2017.07.12-07.35.41:737][  0]LogLinker:Warning: Can't find file for asset '/Game/Art/Environment/newdev/zzzzzz' while loading NULL.
[2017.07.12-07.35.41:737][  0]LoadErrors: Info Failed to load /Game/Art/Environment/newdev/zzzzzz.zzzzzz Referenced by SM_Corridor_Frame
[2017.07.12-07.35.41:738][  0]LogLinker:Warning: Can't find file '/Game/Art/Environment/newdev/FLOORFLOOR'
[2017.07.12-07.35.41:738][  0]LoadErrors: Info Failed to load /Game/Art/Environment/newdev/FLOORFLOOR.FLOORFLOOR Referenced by SM_Corridor_Floor
[2017.07.12-07.35.41:738][  0]LogLinker:Warning: Can't find file for asset '/Game/Art/Environment/newdev/FLOORFLOOR' while loading NULL.
[2017.07.12-07.35.41:738][  0]LoadErrors: Info Failed to load /Game/Art/Environment/newdev/FLOORFLOOR.FLOORFLOOR Referenced by SM_Corridor_Floor
[2017.07.12-07.35.41:751][  0]LogLinker:Warning: Can't find file '/Game/Art/Environment/newdev/2'
[2017.07.12-07.35.41:751][  0]LoadErrors: Info Failed to load /Game/Art/Environment/newdev/2.2 Referenced by SM_Corridor_Wall
[2017.07.12-07.35.41:751][  0]LogLinker:Warning: Can't find file for asset '/Game/Art/Environment/newdev/2' while loading NULL.
[2017.07.12-07.35.41:751][  0]LoadErrors: Info Failed to load /Game/Art/Environment/newdev/2.2 Referenced by SM_Corridor_Wall
[2017.07.12-07.35.42:043][  0]LogAIModule: Creating AISystem for world MockUp_Map
[2017.07.12-07.35.42:090][  0]LogEditorServer: Finished looking for orphan Actors (0.000 secs)
[2017.07.12-07.35.42:090][  0]Cmd: MAP CHECKDEP NOCLEARLOG
[2017.07.12-07.35.42:148][  0]MapCheck: Info Map check complete: 0 Error(s), 0 Warning(s), took 57.127ms to complete.
[2017.07.12-07.35.42:148][  0]LogFileHelpers: Loading map 'MockUp_Map' took 0.854
[2017.07.12-07.35.42:297][  0]LogCollectionManager: Loaded 0 collections in 0.001001 seconds
[2017.07.12-07.35.42:370][  0]LogFileCache: Scanning file cache for directory 'C:/Users/Uses/Desktop/FYP/FYP_DumbTesting/Meeting/Saved/Collections/' took 0.01s
[2017.07.12-07.35.42:370][  0]LogFileCache: Scanning file cache for directory 'C:/Users/Uses/Desktop/FYP/FYP_DumbTesting/Meeting/Content/Developers/Uses/Collections/' took 0.01s
[2017.07.12-07.35.42:370][  0]LogFileCache: Scanning file cache for directory 'C:/Users/Uses/Desktop/FYP/FYP_DumbTesting/Meeting/Content/Collections/' took 0.01s
[2017.07.12-07.35.42:370][  0]LogCollectionManager: Rebuilt the GUID cache for 0 collections in 0.000001 seconds
[2017.07.12-07.35.42:379][  0]LogContentBrowser: Native class hierarchy populated in 0.0085 seconds. Added 2250 classes and 455 folders.
[2017.07.12-07.35.42:432][  0]LogContentBrowser: Native class hierarchy updated for 'WidgetCarousel' in 0.0015 seconds. Added 0 classes and 0 folders.
[2017.07.12-07.35.42:470][  0]LogContentBrowser: Native class hierarchy updated for 'AddContentDialog' in 0.0015 seconds. Added 0 classes and 0 folders.
[2017.07.12-07.35.42:508][  0]LogContentBrowser: Native class hierarchy updated for 'SceneOutliner' in 0.0014 seconds. Added 1 classes and 2 folders.
[2017.07.12-07.35.42:602][  0]LogCrashTracker: Crashtracker disabled due to settings.
[2017.07.12-07.35.42:609][  0]LogUObjectGlobals:Warning: Failed to find object 'Class None.'
[2017.07.12-07.35.42:690][  0]LogContentBrowser: Native class hierarchy updated for 'HierarchicalLODOutliner' in 0.0015 seconds. Added 1 classes and 2 folders.
[2017.07.12-07.35.42:690][  0]LogLoad: (Engine Initialization) Total time: 14.33 seconds
[2017.07.12-07.35.42:691][  0]LogLoad: (Engine Initialization) Total Blueprint compile time: 0.13 seconds
[2017.07.12-07.35.42:691][  0]LogExternalProfiler: Found external profiler: VSPerf
[2017.07.12-07.35.42:691][  0]LogExternalProfiler: Using external profiler: VSPerf
[2017.07.12-07.35.43:030][  0]LogOcInput: OculusInput pre-init called
[2017.07.12-07.35.43:051][  0]LogContentStreaming: Texture pool size now 3000 MB
[2017.07.12-07.35.43:062][  0]LogSlate: Took 0.000176 seconds to synchronously load lazily loaded font '../../../Engine/Content/Slate/Fonts/Roboto-Regular.ttf' (155K)
[2017.07.12-07.35.43:065][  0]LogSlate: Took 0.000335 seconds to synchronously load lazily loaded font '../../../Engine/Content/Slate/Fonts/Roboto-Bold.ttf' (160K)
[2017.07.12-07.35.43:071][  0]LogSlate: Took 0.000223 seconds to synchronously load lazily loaded font '../../../Engine/Content/Editor/Slate/Fonts/FontAwesome.ttf' (139K)
[2017.07.12-07.35.43:210][  0]LogSlate: Took 0.000204 seconds to synchronously load lazily loaded font '../../../Engine/Content/Slate/Fonts/Roboto-Light.ttf' (159K)
[2017.07.12-07.35.43:259][  0]LogRenderer: Reallocating scene render targets to support 1184x660 NumSamples 1 (Frame:2).
[2017.07.12-07.35.43:368][  1]LogAssetRegistry: Asset discovery search completed in 8.5306 seconds
[2017.07.12-07.35.43:368][  1]LogCollectionManager: Rebuilt the object cache for 0 collections in 0.000004 seconds (found 0 objects)
[2017.07.12-07.35.43:368][  1]LogCollectionManager: Fixed up redirectors for 0 collections in 0.000014 seconds (updated 0 objects)
[2017.07.12-07.35.44:032][  3]LogSlate: Took 0.000195 seconds to synchronously load lazily loaded font '../../../Engine/Content/Slate/Fonts/Roboto-Light.ttf' (159K)
[2017.07.12-07.51.10:930][901]LogEditorViewport: Clicking on Actor (LMB): StaticMeshActor (SM_Corridor_Intersection_Ceiling)
[2017.07.12-07.51.12:193][ 26]LogEditorViewport: Clicking on Actor (LMB): BP_Sky_Sphere_C (SkySphereBlueprint)
[2017.07.12-07.51.23:427][674]LogSlate: Took 0.000163 seconds to synchronously load lazily loaded font '../../../Engine/Content/Slate/Fonts/Roboto-Light.ttf' (159K)
[2017.07.12-07.51.23:450][674]LogFactory: FactoryCreateFile: Texture with ReimportTextureFactory (0 0 ../../../../../../Users/Uses/Desktop/NEBULAZ_back6.png)
[2017.07.12-07.51.23:670][674]LogTexture:Display: Building textures: NEBULAZ_back6 (AutoDXT, 2048X2048) - 272 MB total VRAM
[2017.07.12-07.51.24:734][674]LogFactory: FactoryCreateFile: Texture with ReimportTextureFactory (0 0 ../../../../../../Users/Uses/Desktop/NEBULAZ_bottom4.png)
[2017.07.12-07.51.24:958][674]LogTexture:Display: Building textures: NEBULAZ_bottom4 (AutoDXT, 2048X2048) - 272 MB total VRAM
[2017.07.12-07.51.25:623][674]LogFactory: FactoryCreateFile: Texture with ReimportTextureFactory (0 0 ../../../../../../Users/Uses/Desktop/NEBULAZ_front5.png)
[2017.07.12-07.51.25:874][674]LogTexture:Display: Building textures: NEBULAZ_front5 (AutoDXT, 2048X2048) - 272 MB total VRAM
[2017.07.12-07.51.26:766][674]LogFactory: FactoryCreateFile: Texture with ReimportTextureFactory (0 0 ../../../../../../Users/Uses/Desktop/NEBULAZ_left2.png)
[2017.07.12-07.51.26:962][674]LogTexture:Display: Building textures: NEBULAZ_left2 (AutoDXT, 2048X2048) - 272 MB total VRAM
[2017.07.12-07.51.27:657][674]LogFactory: FactoryCreateFile: Texture with ReimportTextureFactory (0 0 ../../../../../../Users/Uses/Desktop/NEBULAZ_right1.png)
[2017.07.12-07.51.27:881][674]LogTexture:Display: Building textures: NEBULAZ_right1 (AutoDXT, 2048X2048) - 272 MB total VRAM
[2017.07.12-07.51.28:735][674]LogFactory: FactoryCreateFile: Texture with ReimportTextureFactory (0 0 ../../../../../../Users/Uses/Desktop/NEBULAZ_top3.png)
[2017.07.12-07.51.28:963][674]LogTexture:Display: Building textures: NEBULAZ_top3 (AutoDXT, 2048X2048) - 272 MB total VRAM
[2017.07.12-07.51.33:355][685]LogFileHelpers: Editor autosave (incl. sublevels) for '/Game/ThirdPersonBP/Maps/MockUp_Map' took 0.029
[2017.07.12-07.51.33:360][685]OBJ SavePackage: Generating thumbnails for [1] asset(s) in package [/Game/Art/Environment/Space/NEBULAZ_back6] ([1] browsable assets)...
[2017.07.12-07.51.33:373][685]OBJ SavePackage:     Rendered thumbnail for [Texture2D /Game/Art/Environment/Space/NEBULAZ_back6.NEBULAZ_back6]
[2017.07.12-07.51.33:373][685]OBJ SavePackage: Finished generating thumbnails for package [/Game/Art/Environment/Space/NEBULAZ_back6]
[2017.07.12-07.51.33:461][685]LogSavePackage: Save=38.76ms
[2017.07.12-07.51.33:461][685]LogSavePackage: Moving '../../../../../../Users/Uses/Desktop/FYP/FYP_DumbTesting/Meeting/Saved/NEBULAZ_back6_Auto131D1E35049CDE7DC97D29A898EBB781D.tmp' to '../../../../../../Users/Uses/Desktop/FYP/FYP_DumbTesting/Meeting/Saved/Autosaves/Game/Art/Environment/Space/NEBULAZ_back6_Auto1.uasset'
[2017.07.12-07.51.33:465][685]LogSavePackage:Display: Finished SavePackage ../../../../../../Users/Uses/Desktop/FYP/FYP_DumbTesting/Meeting/Saved/Autosaves/Game/Art/Environment/Space/NEBULAZ_back6_Auto1.uasset
[2017.07.12-07.51.33:469][685]OBJ SavePackage: Generating thumbnails for [1] asset(s) in package [/Game/Art/Environment/Space/NEBULAZ_bottom4] ([1] browsable assets)...
[2017.07.12-07.51.33:492][685]OBJ SavePackage:     Rendered thumbnail for [Texture2D /Game/Art/Environment/Space/NEBULAZ_bottom4.NEBULAZ_bottom4]
[2017.07.12-07.51.33:492][685]OBJ SavePackage: Finished generating thumbnails for package [/Game/Art/Environment/Space/NEBULAZ_bottom4]
[2017.07.12-07.51.33:530][685]LogSavePackage: Save=35.04ms
[2017.07.12-07.51.33:530][685]LogSavePackage: Moving '../../../../../../Users/Uses/Desktop/FYP/FYP_DumbTesting/Meeting/Saved/NEBULAZ_bottom4_Auto1BC6E5A604550D76C7EA035B744B8A74E.tmp' to '../../../../../../Users/Uses/Desktop/FYP/FYP_DumbTesting/Meeting/Saved/Autosaves/Game/Art/Environment/Space/NEBULAZ_bottom4_Auto1.uasset'
[2017.07.12-07.51.33:534][685]LogSavePackage:Display: Finished SavePackage ../../../../../../Users/Uses/Desktop/FYP/FYP_DumbTesting/Meeting/Saved/Autosaves/Game/Art/Environment/Space/NEBULAZ_bottom4_Auto1.uasset
[2017.07.12-07.51.33:536][685]OBJ SavePackage: Generating thumbnails for [1] asset(s) in package [/Game/Art/Environment/Space/NEBULAZ_front5] ([1] browsable assets)...
[2017.07.12-07.51.33:549][685]OBJ SavePackage:     Rendered thumbnail for [Texture2D /Game/Art/Environment/Space/NEBULAZ_front5.NEBULAZ_front5]
[2017.07.12-07.51.33:549][685]OBJ SavePackage: Finished generating thumbnails for package [/Game/Art/Environment/Space/NEBULAZ_front5]
[2017.07.12-07.51.33:582][685]LogSavePackage: Save=29.60ms
[2017.07.12-07.51.33:582][685]LogSavePackage: Moving '../../../../../../Users/Uses/Desktop/FYP/FYP_DumbTesting/Meeting/Saved/NEBULAZ_front5_Auto1137E27CE46D9CDB1E4DD6B8583ED06E9.tmp' to '../../../../../../Users/Uses/Desktop/FYP/FYP_DumbTesting/Meeting/Saved/Autosaves/Game/Art/Environment/Space/NEBULAZ_front5_Auto1.uasset'
[2017.07.12-07.51.33:585][685]LogSavePackage:Display: Finished SavePackage ../../../../../../Users/Uses/Desktop/FYP/FYP_DumbTesting/Meeting/Saved/Autosaves/Game/Art/Environment/Space/NEBULAZ_front5_Auto1.uasset
[2017.07.12-07.51.33:587][685]OBJ SavePackage: Generating thumbnails for [1] asset(s) in package [/Game/Art/Environment/Space/NEBULAZ_left2] ([1] browsable assets)...
[2017.07.12-07.51.33:599][685]OBJ SavePackage:     Rendered thumbnail for [Texture2D /Game/Art/Environment/Space/NEBULAZ_left2.NEBULAZ_left2]
[2017.07.12-07.51.33:599][685]OBJ SavePackage: Finished generating thumbnails for package [/Game/Art/Environment/Space/NEBULAZ_left2]
[2017.07.12-07.51.33:628][685]LogSavePackage: Save=25.51ms
[2017.07.12-07.51.33:629][685]LogSavePackage: Moving '../../../../../../Users/Uses/Desktop/FYP/FYP_DumbTesting/Meeting/Saved/NEBULAZ_left2_Auto1CE2688054D99DF3F3EFEFDAB4A068DF1.tmp' to '../../../../../../Users/Uses/Desktop/FYP/FYP_DumbTesting/Meeting/Saved/Autosaves/Game/Art/Environment/Space/NEBULAZ_left2_Auto1.uasset'
[2017.07.12-07.51.33:631][685]LogSavePackage:Display: Finished SavePackage ../../../../../../Users/Uses/Desktop/FYP/FYP_DumbTesting/Meeting/Saved/Autosaves/Game/Art/Environment/Space/NEBULAZ_left2_Auto1.uasset
[2017.07.12-07.51.33:633][685]OBJ SavePackage: Generating thumbnails for [1] asset(s) in package [/Game/Art/Environment/Space/NEBULAZ_right1] ([1] browsable assets)...
[2017.07.12-07.51.33:646][685]OBJ SavePackage:     Rendered thumbnail for [Texture2D /Game/Art/Environment/Space/NEBULAZ_right1.NEBULAZ_right1]
[2017.07.12-07.51.33:646][685]OBJ SavePackage: Finished generating thumbnails for package [/Game/Art/Environment/Space/NEBULAZ_right1]
[2017.07.12-07.51.33:697][685]LogSavePackage: Save=47.38ms
[2017.07.12-07.51.33:697][685]LogSavePackage: Moving '../../../../../../Users/Uses/Desktop/FYP/FYP_DumbTesting/Meeting/Saved/NEBULAZ_right1_Auto1D76354494E2AD18ED1E3DD8776980A7B.tmp' to '../../../../../../Users/Uses/Desktop/FYP/FYP_DumbTesting/Meeting/Saved/Autosaves/Game/Art/Environment/Space/NEBULAZ_right1_Auto1.uasset'
[2017.07.12-07.51.33:700][685]LogSavePackage:Display: Finished SavePackage ../../../../../../Users/Uses/Desktop/FYP/FYP_DumbTesting/Meeting/Saved/Autosaves/Game/Art/Environment/Space/NEBULAZ_right1_Auto1.uasset
[2017.07.12-07.51.33:702][685]OBJ SavePackage: Generating thumbnails for [1] asset(s) in package [/Game/Art/Environment/Space/NEBULAZ_top3] ([1] browsable assets)...
[2017.07.12-07.51.33:714][685]OBJ SavePackage:     Rendered thumbnail for [Texture2D /Game/Art/Environment/Space/NEBULAZ_top3.NEBULAZ_top3]
[2017.07.12-07.51.33:714][685]OBJ SavePackage: Finished generating thumbnails for package [/Game/Art/Environment/Space/NEBULAZ_top3]
[2017.07.12-07.51.33:758][685]LogSavePackage: Save=39.42ms
[2017.07.12-07.51.33:758][685]LogSavePackage: Moving '../../../../../../Users/Uses/Desktop/FYP/FYP_DumbTesting/Meeting/Saved/NEBULAZ_top3_Auto18C2B3E984F977EC38632DCB47867056C.tmp' to '../../../../../../Users/Uses/Desktop/FYP/FYP_DumbTesting/Meeting/Saved/Autosaves/Game/Art/Environment/Space/NEBULAZ_top3_Auto1.uasset'
[2017.07.12-07.51.33:761][685]LogSavePackage:Display: Finished SavePackage ../../../../../../Users/Uses/Desktop/FYP/FYP_DumbTesting/Meeting/Saved/Autosaves/Game/Art/Environment/Space/NEBULAZ_top3_Auto1.uasset
[2017.07.12-07.51.33:761][685]LogFileHelpers: Auto-saving content packages took 0.405
[2017.07.12-07.52.10:960][628]LogMaterial: Missing cached shader map for material space, compiling. 
[2017.07.12-07.52.10:961][628]LogTemp:Display: Added material ShaderMap 0x00000224A23BDD00 with Material 0x00000224CDD07D80 to ShaderMapsBeingCompiled
[2017.07.12-07.52.10:976][628]LogTemp:Display: Kicking off shader compilation for space, GameThreadShaderMap 0x00000224A23BDD00
[2017.07.12-07.52.11:037][628]LogMaterial: Missing cached shader map for material space, compiling. 
[2017.07.12-07.52.11:037][628]LogTemp:Display: Added material ShaderMap 0x00000225146DD980 with Material 0x00000224CDD07D80 to ShaderMapsBeingCompiled
[2017.07.12-07.52.11:045][628]LogTemp:Display: Kicking off shader compilation for space, GameThreadShaderMap 0x00000225146DD980
[2017.07.12-07.52.11:045][628]LogMaterial: 0.00 seconds spent updating 1 materials, 1 interfaces, 0 instances, 0 with static permutations.
[2017.07.12-07.52.11:081][628]LogSlate: Took 0.000218 seconds to synchronously load lazily loaded font '../../../Engine/Content/Editor/Slate/Fonts/Roboto-BoldCondensed.ttf' (158K)
[2017.07.12-07.52.11:972][675]LogTemp:Display: Finished compile of shader map 0x00000225146DD980
[2017.07.12-07.52.11:972][675]LogTemp:Display: Shader map space complete, GameThreadShaderMap 0x00000225146DD980, marking material space as finished
[2017.07.12-07.52.11:972][675]LogTemp:Display: Marking material as finished 0x00000224CDD07D80
[2017.07.12-07.52.11:974][675]MaterialEditorStats: Info Base pass shader with only dynamic lighting: 80 instructions
[2017.07.12-07.52.11:974][675]MaterialEditorStats: Info Vertex shader: 29 instructions
[2017.07.12-07.52.11:974][675]MaterialEditorStats: Info Texture samplers: 1/16
[2017.07.12-07.54.14:588][275]LogMaterial: Missing cached shader map for material space, compiling. 
[2017.07.12-07.54.14:589][275]LogTemp:Display: Added material ShaderMap 0x00000224CD924800 with Material 0x00000224CDD07D80 to ShaderMapsBeingCompiled
[2017.07.12-07.54.14:597][275]LogTemp:Display: Kicking off shader compilation for space, GameThreadShaderMap 0x00000224CD924800
[2017.07.12-07.54.14:597][275]LogMaterial: 0.00 seconds spent updating 1 materials, 1 interfaces, 0 instances, 0 with static permutations.
[2017.07.12-07.54.14:608][275]LogMaterial: Missing cached shader map for material FMatExpressionPreview MaterialExpressionTextureSample_0, compiling. 
[2017.07.12-07.54.14:608][275]LogTemp:Display: Added material ShaderMap 0x000002251AA01600 with Material 0x0000022514618400 to ShaderMapsBeingCompiled
[2017.07.12-07.54.14:611][275]LogTemp:Display: Kicking off shader compilation for FMatExpressionPreview MaterialExpressionTextureSample_0, GameThreadShaderMap 0x000002251AA01600
[2017.07.12-07.54.14:615][275]LogTemp:Display: Removed shader map 0x000002251AA01600 from material 0x0000022514618400
[2017.07.12-07.54.14:650][275]LogMaterial: Missing cached shader map for material FMatExpressionPreview MaterialExpressionTextureSample_0, compiling. 
[2017.07.12-07.54.14:651][275]LogTemp:Display: Added material ShaderMap 0x000002251AA33C80 with Material 0x0000022514618400 to ShaderMapsBeingCompiled
[2017.07.12-07.54.14:655][275]LogTemp:Display: Kicking off shader compilation for FMatExpressionPreview MaterialExpressionTextureSample_0, GameThreadShaderMap 0x000002251AA33C80
[2017.07.12-07.54.15:505][324]LogMaterial: Missing cached shader map for material space, compiling. 
[2017.07.12-07.54.15:506][324]LogTemp:Display: Added material ShaderMap 0x00000224CEA8C100 with Material 0x00000224CDD07D80 to ShaderMapsBeingCompiled
[2017.07.12-07.54.15:517][324]LogTemp:Display: Kicking off shader compilation for space, GameThreadShaderMap 0x00000224CEA8C100
[2017.07.12-07.54.15:517][324]LogMaterial: 0.00 seconds spent updating 1 materials, 1 interfaces, 0 instances, 0 with static permutations.
[2017.07.12-07.54.15:525][324]LogMaterial: Missing cached shader map for material FMatExpressionPreview MaterialExpressionTextureSample_1, compiling. 
[2017.07.12-07.54.15:526][324]LogTemp:Display: Added material ShaderMap 0x000002251A4C1600 with Material 0x000002251A510A00 to ShaderMapsBeingCompiled
[2017.07.12-07.54.15:528][324]LogTemp:Display: Kicking off shader compilation for FMatExpressionPreview MaterialExpressionTextureSample_1, GameThreadShaderMap 0x000002251A4C1600
[2017.07.12-07.54.15:531][324]LogTemp:Display: Removed shader map 0x000002251AA33C80 from material 0x0000022514618400
[2017.07.12-07.54.15:531][324]LogTemp:Display: Removed shader map 0x000002251A4C1600 from material 0x000002251A510A00
[2017.07.12-07.54.15:559][324]LogMaterial: Missing cached shader map for material FMatExpressionPreview MaterialExpressionTextureSample_0, compiling. 
[2017.07.12-07.54.15:560][324]LogTemp:Display: Added material ShaderMap 0x0000022514660480 with Material 0x000002251A510A00 to ShaderMapsBeingCompiled
[2017.07.12-07.54.15:564][324]LogTemp:Display: Kicking off shader compilation for FMatExpressionPreview MaterialExpressionTextureSample_0, GameThreadShaderMap 0x0000022514660480
[2017.07.12-07.54.15:579][324]LogMaterial: Missing cached shader map for material FMatExpressionPreview MaterialExpressionTextureSample_1, compiling. 
[2017.07.12-07.54.15:580][324]LogTemp:Display: Added material ShaderMap 0x0000022514662400 with Material 0x000002251A511F00 to ShaderMapsBeingCompiled
[2017.07.12-07.54.15:584][324]LogTemp:Display: Kicking off shader compilation for FMatExpressionPreview MaterialExpressionTextureSample_1, GameThreadShaderMap 0x0000022514662400
[2017.07.12-07.54.15:649][325]LogTemp:Display: Finished compile of shader map 0x00000224CD924800
[2017.07.12-07.54.15:649][325]LogTemp:Display: Shader map space complete, GameThreadShaderMap 0x00000224CD924800, marking material space as finished
[2017.07.12-07.54.15:649][325]LogTemp:Display: Marking material as finished 0x00000224CDD07D80
[2017.07.12-07.54.15:684][327]LogTemp:Display: Finished compile of shader map 0x000002251AA33C80
[2017.07.12-07.54.16:361][369]LogTemp:Display: Finished compile of shader map 0x00000224CEA8C100
[2017.07.12-07.54.16:361][369]LogTemp:Display: Shader map space complete, GameThreadShaderMap 0x00000224CEA8C100, marking material space as finished
[2017.07.12-07.54.16:361][369]LogTemp:Display: Marking material as finished 0x00000224CDD07D80
[2017.07.12-07.54.16:378][370]MaterialEditorStats: Info Base pass shader with only dynamic lighting: 80 instructions
[2017.07.12-07.54.16:378][370]MaterialEditorStats: Info Vertex shader: 29 instructions
[2017.07.12-07.54.16:378][370]MaterialEditorStats: Info Texture samplers: 1/16
[2017.07.12-07.54.16:420][373]LogTemp:Display: Finished compile of shader map 0x0000022514660480
[2017.07.12-07.54.16:421][373]LogTemp:Display: Shader map FMatExpressionPreview MaterialExpressionTextureSample_0 complete, GameThreadShaderMap 0x0000022514660480, marking material FMatExpressionPreview MaterialExpressionTextureSample_0 as finished
[2017.07.12-07.54.16:421][373]LogTemp:Display: Marking material as finished 0x000002251A510A00
[2017.07.12-07.54.16:529][381]LogTemp:Display: Finished compile of shader map 0x0000022514662400
[2017.07.12-07.54.16:529][381]LogTemp:Display: Shader map FMatExpressionPreview MaterialExpressionTextureSample_1 complete, GameThreadShaderMap 0x0000022514662400, marking material FMatExpressionPreview MaterialExpressionTextureSample_1 as finished
[2017.07.12-07.54.16:529][381]LogTemp:Display: Marking material as finished 0x000002251A511F00
[2017.07.12-07.54.18:433][559]LogMaterial: Missing cached shader map for material space, compiling. 
[2017.07.12-07.54.18:433][559]LogTemp:Display: Added material ShaderMap 0x000002251469A780 with Material 0x00000224CDD07D80 to ShaderMapsBeingCompiled
[2017.07.12-07.54.18:441][559]LogTemp:Display: Kicking off shader compilation for space, GameThreadShaderMap 0x000002251469A780
[2017.07.12-07.54.18:441][559]LogMaterial: 0.00 seconds spent updating 1 materials, 1 interfaces, 0 instances, 0 with static permutations.
[2017.07.12-07.54.19:196][608]LogTemp:Display: Finished compile of shader map 0x000002251469A780
[2017.07.12-07.54.19:196][608]LogTemp:Display: Shader map space complete, GameThreadShaderMap 0x000002251469A780, marking material space as finished
[2017.07.12-07.54.19:196][608]LogTemp:Display: Marking material as finished 0x00000224CDD07D80
[2017.07.12-07.54.19:207][609]MaterialEditorStats: Info Base pass shader with only dynamic lighting: 80 instructions
[2017.07.12-07.54.19:207][609]MaterialEditorStats: Info Vertex shader: 29 instructions
[2017.07.12-07.54.19:207][609]MaterialEditorStats: Info Texture samplers: 1/16
[2017.07.12-07.54.21:251][799]LogMaterial: Missing cached shader map for material space, compiling. 
[2017.07.12-07.54.21:252][799]LogTemp:Display: Added material ShaderMap 0x0000022523DB8B80 with Material 0x00000224CDD07D80 to ShaderMapsBeingCompiled
[2017.07.12-07.54.21:259][799]LogTemp:Display: Kicking off shader compilation for space, GameThreadShaderMap 0x0000022523DB8B80
[2017.07.12-07.54.21:259][799]LogMaterial: 0.00 seconds spent updating 1 materials, 1 interfaces, 0 instances, 0 with static permutations.
[2017.07.12-07.54.21:291][799]LogMaterial: Missing cached shader map for material FMatExpressionPreview MaterialExpressionTextureSample_0, compiling. 
[2017.07.12-07.54.21:292][799]LogTemp:Display: Added material ShaderMap 0x000002251A95CF00 with Material 0x000002251A48D000 to ShaderMapsBeingCompiled
[2017.07.12-07.54.21:294][799]LogTemp:Display: Kicking off shader compilation for FMatExpressionPreview MaterialExpressionTextureSample_0, GameThreadShaderMap 0x000002251A95CF00
[2017.07.12-07.54.22:034][844]LogTemp:Display: Finished compile of shader map 0x0000022523DB8B80
[2017.07.12-07.54.22:034][844]LogTemp:Display: Shader map space complete, GameThreadShaderMap 0x0000022523DB8B80, marking material space as finished
[2017.07.12-07.54.22:034][844]LogTemp:Display: Marking material as finished 0x00000224CDD07D80
[2017.07.12-07.54.22:050][845]MaterialEditorStats: Info Base pass shader with only dynamic lighting: 80 instructions
[2017.07.12-07.54.22:050][845]MaterialEditorStats: Info Vertex shader: 29 instructions
[2017.07.12-07.54.22:050][845]MaterialEditorStats: Info Texture samplers: 1/16
[2017.07.12-07.54.22:093][848]LogTemp:Display: Finished compile of shader map 0x000002251A95CF00
[2017.07.12-07.54.22:093][848]LogTemp:Display: Shader map FMatExpressionPreview MaterialExpressionTextureSample_0 complete, GameThreadShaderMap 0x000002251A95CF00, marking material FMatExpressionPreview MaterialExpressionTextureSample_0 as finished
[2017.07.12-07.54.22:093][848]LogTemp:Display: Marking material as finished 0x000002251A48D000
[2017.07.12-07.54.22:908][930]LogMaterial: Missing cached shader map for material space, compiling. 
[2017.07.12-07.54.22:909][930]LogTemp:Display: Added material ShaderMap 0x000002251A95C800 with Material 0x00000224CDD07D80 to ShaderMapsBeingCompiled
[2017.07.12-07.54.22:916][930]LogTemp:Display: Kicking off shader compilation for space, GameThreadShaderMap 0x000002251A95C800
[2017.07.12-07.54.22:916][930]LogMaterial: 0.00 seconds spent updating 1 materials, 1 interfaces, 0 instances, 0 with static permutations.
[2017.07.12-07.54.22:941][930]LogMaterial: Missing cached shader map for material FMatExpressionPreview MaterialExpressionTextureSample_1, compiling. 
[2017.07.12-07.54.22:942][930]LogTemp:Display: Added material ShaderMap 0x000002251A4C0480 with Material 0x0000022514694400 to ShaderMapsBeingCompiled
[2017.07.12-07.54.22:944][930]LogTemp:Display: Kicking off shader compilation for FMatExpressionPreview MaterialExpressionTextureSample_1, GameThreadShaderMap 0x000002251A4C0480
[2017.07.12-07.54.23:770][979]LogTemp:Display: Finished compile of shader map 0x000002251A95C800
[2017.07.12-07.54.23:770][979]LogTemp:Display: Shader map space complete, GameThreadShaderMap 0x000002251A95C800, marking material space as finished
[2017.07.12-07.54.23:770][979]LogTemp:Display: Marking material as finished 0x00000224CDD07D80
[2017.07.12-07.54.23:786][980]MaterialEditorStats: Info Base pass shader with only dynamic lighting: 80 instructions
[2017.07.12-07.54.23:786][980]MaterialEditorStats: Info Vertex shader: 29 instructions
[2017.07.12-07.54.23:786][980]MaterialEditorStats: Info Texture samplers: 1/16
[2017.07.12-07.54.23:815][982]LogTemp:Display: Finished compile of shader map 0x000002251A4C0480
[2017.07.12-07.54.23:815][982]LogTemp:Display: Shader map FMatExpressionPreview MaterialExpressionTextureSample_1 complete, GameThreadShaderMap 0x000002251A4C0480, marking material FMatExpressionPreview MaterialExpressionTextureSample_1 as finished
[2017.07.12-07.54.23:815][982]LogTemp:Display: Marking material as finished 0x0000022514694400
[2017.07.12-07.54.30:698][606]LogMaterial: Missing cached shader map for material space, compiling. 
[2017.07.12-07.54.30:698][606]LogTemp:Display: Added material ShaderMap 0x0000022514698F00 with Material 0x00000224CDD07D80 to ShaderMapsBeingCompiled
[2017.07.12-07.54.30:705][606]LogTemp:Display: Kicking off shader compilation for space, GameThreadShaderMap 0x0000022514698F00
[2017.07.12-07.54.30:705][606]LogMaterial: 0.00 seconds spent updating 1 materials, 1 interfaces, 0 instances, 0 with static permutations.
[2017.07.12-07.54.30:731][606]LogMaterial: Missing cached shader map for material FMatExpressionPreview MaterialExpressionTextureSample_2, compiling. 
[2017.07.12-07.54.30:732][606]LogTemp:Display: Added material ShaderMap 0x000002251A45CB80 with Material 0x000002251AA1B700 to ShaderMapsBeingCompiled
[2017.07.12-07.54.30:735][606]LogTemp:Display: Kicking off shader compilation for FMatExpressionPreview MaterialExpressionTextureSample_2, GameThreadShaderMap 0x000002251A45CB80
[2017.07.12-07.54.30:739][606]LogTemp:Display: Removed shader map 0x000002251A45CB80 from material 0x000002251AA1B700
[2017.07.12-07.54.30:768][606]LogMaterial: Missing cached shader map for material FMatExpressionPreview MaterialExpressionTextureSample_0, compiling. 
[2017.07.12-07.54.30:769][606]LogTemp:Display: Added material ShaderMap 0x00000224CD925600 with Material 0x000002251AA1B700 to ShaderMapsBeingCompiled
[2017.07.12-07.54.30:772][606]LogTemp:Display: Kicking off shader compilation for FMatExpressionPreview MaterialExpressionTextureSample_0, GameThreadShaderMap 0x00000224CD925600
[2017.07.12-07.54.30:779][606]LogMaterial: Missing cached shader map for material FMatExpressionPreview MaterialExpressionTextureSample_1, compiling. 
[2017.07.12-07.54.30:780][606]LogTemp:Display: Added material ShaderMap 0x00000224CEA2A780 with Material 0x000002251AA1BA00 to ShaderMapsBeingCompiled
[2017.07.12-07.54.30:783][606]LogTemp:Display: Kicking off shader compilation for FMatExpressionPreview MaterialExpressionTextureSample_1, GameThreadShaderMap 0x00000224CEA2A780
[2017.07.12-07.54.30:794][606]LogMaterial: Missing cached shader map for material FMatExpressionPreview MaterialExpressionTextureSample_2, compiling. 
[2017.07.12-07.54.30:794][606]LogTemp:Display: Added material ShaderMap 0x00000224CEA29280 with Material 0x0000022514D49600 to ShaderMapsBeingCompiled
[2017.07.12-07.54.30:797][606]LogTemp:Display: Kicking off shader compilation for FMatExpressionPreview MaterialExpressionTextureSample_2, GameThreadShaderMap 0x00000224CEA29280
[2017.07.12-07.54.31:473][644]LogTemp:Display: Finished compile of shader map 0x0000022514698F00
[2017.07.12-07.54.31:473][644]LogTemp:Display: Shader map space complete, GameThreadShaderMap 0x0000022514698F00, marking material space as finished
[2017.07.12-07.54.31:473][644]LogTemp:Display: Marking material as finished 0x00000224CDD07D80
[2017.07.12-07.54.31:476][644]MaterialEditorStats: Info Base pass shader with only dynamic lighting: 80 instructions
[2017.07.12-07.54.31:476][644]MaterialEditorStats: Info Vertex shader: 29 instructions
[2017.07.12-07.54.31:476][644]MaterialEditorStats: Info Texture samplers: 1/16
[2017.07.12-07.54.31:512][645]LogTemp:Display: Finished compile of shader map 0x00000224CD925600
[2017.07.12-07.54.31:512][645]LogTemp:Display: Shader map FMatExpressionPreview MaterialExpressionTextureSample_0 complete, GameThreadShaderMap 0x00000224CD925600, marking material FMatExpressionPreview MaterialExpressionTextureSample_0 as finished
[2017.07.12-07.54.31:512][645]LogTemp:Display: Marking material as finished 0x000002251AA1B700
[2017.07.12-07.54.31:626][651]LogTemp:Display: Finished compile of shader map 0x00000224CEA2A780
[2017.07.12-07.54.31:626][651]LogTemp:Display: Shader map FMatExpressionPreview MaterialExpressionTextureSample_1 complete, GameThreadShaderMap 0x00000224CEA2A780, marking material FMatExpressionPreview MaterialExpressionTextureSample_1 as finished
[2017.07.12-07.54.31:626][651]LogTemp:Display: Marking material as finished 0x000002251AA1BA00
[2017.07.12-07.54.31:696][656]LogTemp:Display: Finished compile of shader map 0x00000224CEA29280
[2017.07.12-07.54.31:696][656]LogTemp:Display: Shader map FMatExpressionPreview MaterialExpressionTextureSample_2 complete, GameThreadShaderMap 0x00000224CEA29280, marking material FMatExpressionPreview MaterialExpressionTextureSample_2 as finished
[2017.07.12-07.54.31:696][656]LogTemp:Display: Marking material as finished 0x0000022514D49600
[2017.07.12-07.54.32:482][725]LogMaterial: Missing cached shader map for material space, compiling. 
[2017.07.12-07.54.32:482][725]LogTemp:Display: Added material ShaderMap 0x0000022524199600 with Material 0x00000224CDD07D80 to ShaderMapsBeingCompiled
[2017.07.12-07.54.32:490][725]LogTemp:Display: Kicking off shader compilation for space, GameThreadShaderMap 0x0000022524199600
[2017.07.12-07.54.32:490][725]LogMaterial: 0.00 seconds spent updating 1 materials, 1 interfaces, 0 instances, 0 with static permutations.
[2017.07.12-07.54.32:491][725]LogMaterial: Missing cached shader map for material FMatExpressionPreview MaterialExpressionTextureSample_3, compiling. 
[2017.07.12-07.54.32:492][725]LogTemp:Display: Added material ShaderMap 0x00000224CD924F00 with Material 0x000002251A565C00 to ShaderMapsBeingCompiled
[2017.07.12-07.54.32:493][725]LogTemp:Display: Kicking off shader compilation for FMatExpressionPreview MaterialExpressionTextureSample_3, GameThreadShaderMap 0x00000224CD924F00
[2017.07.12-07.54.32:500][725]LogTemp:Display: Removed shader map 0x00000224CD924F00 from material 0x000002251A565C00
[2017.07.12-07.54.32:533][725]LogMaterial: Missing cached shader map for material FMatExpressionPreview MaterialExpressionTextureSample_0, compiling. 
[2017.07.12-07.54.32:534][725]LogTemp:Display: Added material ShaderMap 0x000002251AAB0480 with Material 0x000002251A565C00 to ShaderMapsBeingCompiled
[2017.07.12-07.54.32:538][725]LogTemp:Display: Kicking off shader compilation for FMatExpressionPreview MaterialExpressionTextureSample_0, GameThreadShaderMap 0x000002251AAB0480
[2017.07.12-07.54.32:550][725]LogMaterial: Missing cached shader map for material FMatExpressionPreview MaterialExpressionTextureSample_1, compiling. 
[2017.07.12-07.54.32:551][725]LogTemp:Display: Added material ShaderMap 0x000002251AAB2400 with Material 0x0000022514695C00 to ShaderMapsBeingCompiled
[2017.07.12-07.54.32:554][725]LogTemp:Display: Kicking off shader compilation for FMatExpressionPreview MaterialExpressionTextureSample_1, GameThreadShaderMap 0x000002251AAB2400
[2017.07.12-07.54.32:560][725]LogMaterial: Missing cached shader map for material FMatExpressionPreview MaterialExpressionTextureSample_2, compiling. 
[2017.07.12-07.54.32:561][725]LogTemp:Display: Added material ShaderMap 0x00000225240B1280 with Material 0x0000022514694700 to ShaderMapsBeingCompiled
[2017.07.12-07.54.32:564][725]LogTemp:Display: Kicking off shader compilation for FMatExpressionPreview MaterialExpressionTextureSample_2, GameThreadShaderMap 0x00000225240B1280
[2017.07.12-07.54.32:573][725]LogMaterial: Missing cached shader map for material FMatExpressionPreview MaterialExpressionTextureSample_3, compiling. 
[2017.07.12-07.54.32:574][725]LogTemp:Display: Added material ShaderMap 0x00000224AB0CEB00 with Material 0x0000022514697100 to ShaderMapsBeingCompiled
[2017.07.12-07.54.32:578][725]LogTemp:Display: Kicking off shader compilation for FMatExpressionPreview MaterialExpressionTextureSample_3, GameThreadShaderMap 0x00000224AB0CEB00
[2017.07.12-07.54.33:258][764]LogTemp:Display: Finished compile of shader map 0x0000022524199600
[2017.07.12-07.54.33:258][764]LogTemp:Display: Shader map space complete, GameThreadShaderMap 0x0000022524199600, marking material space as finished
[2017.07.12-07.54.33:258][764]LogTemp:Display: Marking material as finished 0x00000224CDD07D80
[2017.07.12-07.54.33:343][769]LogTemp:Display: Finished compile of shader map 0x000002251AAB0480
[2017.07.12-07.54.33:343][769]LogTemp:Display: Shader map FMatExpressionPreview MaterialExpressionTextureSample_0 complete, GameThreadShaderMap 0x000002251AAB0480, marking material FMatExpressionPreview MaterialExpressionTextureSample_0 as finished
[2017.07.12-07.54.33:343][769]LogTemp:Display: Marking material as finished 0x000002251A565C00
[2017.07.12-07.54.33:424][774]LogTemp:Display: Finished compile of shader map 0x000002251AAB2400
[2017.07.12-07.54.33:424][774]LogTemp:Display: Shader map FMatExpressionPreview MaterialExpressionTextureSample_1 complete, GameThreadShaderMap 0x000002251AAB2400, marking material FMatExpressionPreview MaterialExpressionTextureSample_1 as finished
[2017.07.12-07.54.33:424][774]LogTemp:Display: Marking material as finished 0x0000022514695C00
[2017.07.12-07.54.33:508][779]MaterialEditorStats: Info Base pass shader with only dynamic lighting: 80 instructions
[2017.07.12-07.54.33:508][779]MaterialEditorStats: Info Vertex shader: 29 instructions
[2017.07.12-07.54.33:508][779]MaterialEditorStats: Info Texture samplers: 1/16
[2017.07.12-07.54.33:544][781]LogTemp:Display: Finished compile of shader map 0x00000225240B1280
[2017.07.12-07.54.33:544][781]LogTemp:Display: Shader map FMatExpressionPreview MaterialExpressionTextureSample_2 complete, GameThreadShaderMap 0x00000225240B1280, marking material FMatExpressionPreview MaterialExpressionTextureSample_2 as finished
[2017.07.12-07.54.33:544][781]LogTemp:Display: Marking material as finished 0x0000022514694700
[2017.07.12-07.54.33:605][786]LogTemp:Display: Finished compile of shader map 0x00000224AB0CEB00
[2017.07.12-07.54.33:605][786]LogTemp:Display: Shader map FMatExpressionPreview MaterialExpressionTextureSample_3 complete, GameThreadShaderMap 0x00000224AB0CEB00, marking material FMatExpressionPreview MaterialExpressionTextureSample_3 as finished
[2017.07.12-07.54.33:605][786]LogTemp:Display: Marking material as finished 0x0000022514697100
[2017.07.12-07.54.34:065][829]LogMaterial: Missing cached shader map for material space, compiling. 
[2017.07.12-07.54.34:065][829]LogTemp:Display: Added material ShaderMap 0x00000224AB0CE080 with Material 0x00000224CDD07D80 to ShaderMapsBeingCompiled
[2017.07.12-07.54.34:073][829]LogTemp:Display: Kicking off shader compilation for space, GameThreadShaderMap 0x00000224AB0CE080
[2017.07.12-07.54.34:073][829]LogMaterial: 0.00 seconds spent updating 1 materials, 1 interfaces, 0 instances, 0 with static permutations.
[2017.07.12-07.54.34:805][873]LogTemp:Display: Finished compile of shader map 0x00000224AB0CE080
[2017.07.12-07.54.34:805][873]LogTemp:Display: Shader map space complete, GameThreadShaderMap 0x00000224AB0CE080, marking material space as finished
[2017.07.12-07.54.34:805][873]LogTemp:Display: Marking material as finished 0x00000224CDD07D80
[2017.07.12-07.54.34:816][874]MaterialEditorStats: Info Base pass shader with only dynamic lighting: 80 instructions
[2017.07.12-07.54.34:816][874]MaterialEditorStats: Info Vertex shader: 29 instructions
[2017.07.12-07.54.34:816][874]MaterialEditorStats: Info Texture samplers: 1/16
[2017.07.12-07.54.35:986][989]LogMaterial: Missing cached shader map for material space, compiling. 
[2017.07.12-07.54.35:986][989]LogTemp:Display: Added material ShaderMap 0x00000224CEA8F200 with Material 0x00000224CDD07D80 to ShaderMapsBeingCompiled
[2017.07.12-07.54.35:994][989]LogTemp:Display: Kicking off shader compilation for space, GameThreadShaderMap 0x00000224CEA8F200
[2017.07.12-07.54.35:995][989]LogMaterial: 0.00 seconds spent updating 1 materials, 1 interfaces, 0 instances, 0 with static permutations.
[2017.07.12-07.54.36:026][989]LogMaterial: Missing cached shader map for material FMatExpressionPreview MaterialExpressionTextureSample_2, compiling. 
[2017.07.12-07.54.36:027][989]LogTemp:Display: Added material ShaderMap 0x00000225240B0B80 with Material 0x0000022508931F00 to ShaderMapsBeingCompiled
[2017.07.12-07.54.36:029][989]LogTemp:Display: Kicking off shader compilation for FMatExpressionPreview MaterialExpressionTextureSample_2, GameThreadShaderMap 0x00000225240B0B80
[2017.07.12-07.54.36:735][ 33]LogTemp:Display: Finished compile of shader map 0x00000224CEA8F200
[2017.07.12-07.54.36:735][ 33]LogTemp:Display: Shader map space complete, GameThreadShaderMap 0x00000224CEA8F200, marking material space as finished
[2017.07.12-07.54.36:735][ 33]LogTemp:Display: Marking material as finished 0x00000224CDD07D80
[2017.07.12-07.54.36:793][ 37]LogTemp:Display: Finished compile of shader map 0x00000225240B0B80
[2017.07.12-07.54.36:794][ 37]LogTemp:Display: Shader map FMatExpressionPreview MaterialExpressionTextureSample_2 complete, GameThreadShaderMap 0x00000225240B0B80, marking material FMatExpressionPreview MaterialExpressionTextureSample_2 as finished
[2017.07.12-07.54.36:794][ 37]LogTemp:Display: Marking material as finished 0x0000022508931F00
[2017.07.12-07.54.37:568][112]LogMaterial: Missing cached shader map for material space, compiling. 
[2017.07.12-07.54.37:569][112]LogTemp:Display: Added material ShaderMap 0x00000224CEA8EB00 with Material 0x00000224CDD07D80 to ShaderMapsBeingCompiled
[2017.07.12-07.54.37:577][112]LogTemp:Display: Kicking off shader compilation for space, GameThreadShaderMap 0x00000224CEA8EB00
[2017.07.12-07.54.37:578][112]LogMaterial: 0.00 seconds spent updating 1 materials, 1 interfaces, 0 instances, 0 with static permutations.
[2017.07.12-07.54.37:606][112]LogMaterial: Missing cached shader map for material FMatExpressionPreview MaterialExpressionTextureSample_3, compiling. 
[2017.07.12-07.54.37:607][112]LogTemp:Display: Added material ShaderMap 0x0000022514698800 with Material 0x0000022508932800 to ShaderMapsBeingCompiled
[2017.07.12-07.54.37:610][112]LogTemp:Display: Kicking off shader compilation for FMatExpressionPreview MaterialExpressionTextureSample_3, GameThreadShaderMap 0x0000022514698800
[2017.07.12-07.54.38:313][159]LogTemp:Display: Finished compile of shader map 0x00000224CEA8EB00
[2017.07.12-07.54.38:313][159]LogTemp:Display: Shader map space complete, GameThreadShaderMap 0x00000224CEA8EB00, marking material space as finished
[2017.07.12-07.54.38:313][159]LogTemp:Display: Marking material as finished 0x00000224CDD07D80
[2017.07.12-07.54.38:328][160]MaterialEditorStats: Info Base pass shader with only dynamic lighting: 80 instructions
[2017.07.12-07.54.38:328][160]MaterialEditorStats: Info Vertex shader: 29 instructions
[2017.07.12-07.54.38:328][160]MaterialEditorStats: Info Texture samplers: 1/16
[2017.07.12-07.54.38:368][163]LogTemp:Display: Finished compile of shader map 0x0000022514698800
[2017.07.12-07.54.38:368][163]LogTemp:Display: Shader map FMatExpressionPreview MaterialExpressionTextureSample_3 complete, GameThreadShaderMap 0x0000022514698800, marking material FMatExpressionPreview MaterialExpressionTextureSample_3 as finished
[2017.07.12-07.54.38:368][163]LogTemp:Display: Marking material as finished 0x0000022508932800
[2017.07.12-07.54.39:401][267]LogMaterial: Missing cached shader map for material space, compiling. 
[2017.07.12-07.54.39:402][267]LogTemp:Display: Added material ShaderMap 0x000002251A94E080 with Material 0x00000224CDD07D80 to ShaderMapsBeingCompiled
[2017.07.12-07.54.39:410][267]LogTemp:Display: Kicking off shader compilation for space, GameThreadShaderMap 0x000002251A94E080
[2017.07.12-07.54.39:410][267]LogMaterial: 0.00 seconds spent updating 1 materials, 1 interfaces, 0 instances, 0 with static permutations.
[2017.07.12-07.54.40:146][313]LogTemp:Display: Finished compile of shader map 0x000002251A94E080
[2017.07.12-07.54.40:146][313]LogTemp:Display: Shader map space complete, GameThreadShaderMap 0x000002251A94E080, marking material space as finished
[2017.07.12-07.54.40:146][313]LogTemp:Display: Marking material as finished 0x00000224CDD07D80
[2017.07.12-07.54.40:148][313]MaterialEditorStats: Info Base pass shader with only dynamic lighting: 80 instructions
[2017.07.12-07.54.40:148][313]MaterialEditorStats: Info Vertex shader: 29 instructions
[2017.07.12-07.54.40:148][313]MaterialEditorStats: Info Texture samplers: 1/16
[2017.07.12-07.54.40:655][361]LogMaterial: Missing cached shader map for material space, compiling. 
[2017.07.12-07.54.40:656][361]LogTemp:Display: Added material ShaderMap 0x000002251A4C0B80 with Material 0x00000224CDD07D80 to ShaderMapsBeingCompiled
[2017.07.12-07.54.40:663][361]LogTemp:Display: Kicking off shader compilation for space, GameThreadShaderMap 0x000002251A4C0B80
[2017.07.12-07.54.40:663][361]LogMaterial: 0.00 seconds spent updating 1 materials, 1 interfaces, 0 instances, 0 with static permutations.
[2017.07.12-07.54.40:664][361]LogMaterial: Missing cached shader map for material FMatExpressionPreview MaterialExpressionTextureSample_4, compiling. 
[2017.07.12-07.54.40:665][361]LogTemp:Display: Added material ShaderMap 0x000002251AAB1280 with Material 0x00000225235EE800 to ShaderMapsBeingCompiled
[2017.07.12-07.54.40:667][361]LogTemp:Display: Kicking off shader compilation for FMatExpressionPreview MaterialExpressionTextureSample_4, GameThreadShaderMap 0x000002251AAB1280
[2017.07.12-07.54.40:671][361]LogTemp:Display: Removed shader map 0x000002251AAB1280 from material 0x00000225235EE800
[2017.07.12-07.54.40:710][361]LogMaterial: Missing cached shader map for material FMatExpressionPreview MaterialExpressionTextureSample_0, compiling. 
[2017.07.12-07.54.40:711][361]LogTemp:Display: Added material ShaderMap 0x000002251A4D4480 with Material 0x00000225235EE800 to ShaderMapsBeingCompiled
[2017.07.12-07.54.40:714][361]LogTemp:Display: Kicking off shader compilation for FMatExpressionPreview MaterialExpressionTextureSample_0, GameThreadShaderMap 0x000002251A4D4480
[2017.07.12-07.54.40:723][361]LogMaterial: Missing cached shader map for material FMatExpressionPreview MaterialExpressionTextureSample_1, compiling. 
[2017.07.12-07.54.40:724][361]LogTemp:Display: Added material ShaderMap 0x000002251A4D5980 with Material 0x000002251A564D00 to ShaderMapsBeingCompiled
[2017.07.12-07.54.40:727][361]LogTemp:Display: Kicking off shader compilation for FMatExpressionPreview MaterialExpressionTextureSample_1, GameThreadShaderMap 0x000002251A4D5980
[2017.07.12-07.54.40:729][361]LogMaterial: Missing cached shader map for material FMatExpressionPreview MaterialExpressionTextureSample_2, compiling. 
[2017.07.12-07.54.40:730][361]LogTemp:Display: Added material ShaderMap 0x00000224B48BC480 with Material 0x000002251A564A00 to ShaderMapsBeingCompiled
[2017.07.12-07.54.40:732][361]LogTemp:Display: Kicking off shader compilation for FMatExpressionPreview MaterialExpressionTextureSample_2, GameThreadShaderMap 0x00000224B48BC480
[2017.07.12-07.54.40:796][361]LogMaterial: Missing cached shader map for material FMatExpressionPreview MaterialExpressionTextureSample_3, compiling. 
[2017.07.12-07.54.40:796][361]LogTemp:Display: Added material ShaderMap 0x0000022514660100 with Material 0x0000022514618700 to ShaderMapsBeingCompiled
[2017.07.12-07.54.40:799][361]LogTemp:Display: Kicking off shader compilation for FMatExpressionPreview MaterialExpressionTextureSample_3, GameThreadShaderMap 0x0000022514660100
[2017.07.12-07.54.40:819][361]LogMaterial: Missing cached shader map for material FMatExpressionPreview MaterialExpressionTextureSample_4, compiling. 
[2017.07.12-07.54.40:820][361]LogTemp:Display: Added material ShaderMap 0x0000022523954800 with Material 0x0000022514618A00 to ShaderMapsBeingCompiled
[2017.07.12-07.54.40:823][361]LogTemp:Display: Kicking off shader compilation for FMatExpressionPreview MaterialExpressionTextureSample_4, GameThreadShaderMap 0x0000022523954800
[2017.07.12-07.54.41:400][391]LogTemp:Display: Finished compile of shader map 0x000002251A4C0B80
[2017.07.12-07.54.41:400][391]LogTemp:Display: Shader map space complete, GameThreadShaderMap 0x000002251A4C0B80, marking material space as finished
[2017.07.12-07.54.41:400][391]LogTemp:Display: Marking material as finished 0x00000224CDD07D80
[2017.07.12-07.54.41:450][394]LogTemp:Display: Finished compile of shader map 0x000002251A4D4480
[2017.07.12-07.54.41:450][394]LogTemp:Display: Shader map FMatExpressionPreview MaterialExpressionTextureSample_0 complete, GameThreadShaderMap 0x000002251A4D4480, marking material FMatExpressionPreview MaterialExpressionTextureSample_0 as finished
[2017.07.12-07.54.41:450][394]LogTemp:Display: Marking material as finished 0x00000225235EE800
[2017.07.12-07.54.41:575][402]LogTemp:Display: Finished compile of shader map 0x000002251A4D5980
[2017.07.12-07.54.41:575][402]LogTemp:Display: Shader map FMatExpressionPreview MaterialExpressionTextureSample_1 complete, GameThreadShaderMap 0x000002251A4D5980, marking material FMatExpressionPreview MaterialExpressionTextureSample_1 as finished
[2017.07.12-07.54.41:575][402]LogTemp:Display: Marking material as finished 0x000002251A564D00
[2017.07.12-07.54.41:654][407]LogTemp:Display: Finished compile of shader map 0x00000224B48BC480
[2017.07.12-07.54.41:654][407]LogTemp:Display: Shader map FMatExpressionPreview MaterialExpressionTextureSample_2 complete, GameThreadShaderMap 0x00000224B48BC480, marking material FMatExpressionPreview MaterialExpressionTextureSample_2 as finished
[2017.07.12-07.54.41:654][407]LogTemp:Display: Marking material as finished 0x000002251A564A00
[2017.07.12-07.54.41:764][414]LogTemp:Display: Finished compile of shader map 0x0000022514660100
[2017.07.12-07.54.41:764][414]LogTemp:Display: Shader map FMatExpressionPreview MaterialExpressionTextureSample_3 complete, GameThreadShaderMap 0x0000022514660100, marking material FMatExpressionPreview MaterialExpressionTextureSample_3 as finished
[2017.07.12-07.54.41:764][414]LogTemp:Display: Marking material as finished 0x0000022514618700
[2017.07.12-07.54.41:822][419]LogTemp:Display: Finished compile of shader map 0x0000022523954800
[2017.07.12-07.54.41:822][419]LogTemp:Display: Shader map FMatExpressionPreview MaterialExpressionTextureSample_4 complete, GameThreadShaderMap 0x0000022523954800, marking material FMatExpressionPreview MaterialExpressionTextureSample_4 as finished
[2017.07.12-07.54.41:822][419]LogTemp:Display: Marking material as finished 0x0000022514618A00
[2017.07.12-07.54.42:221][458]LogMaterial: Missing cached shader map for material space, compiling. 
[2017.07.12-07.54.42:222][458]LogTemp:Display: Added material ShaderMap 0x00000224B48BCB80 with Material 0x00000224CDD07D80 to ShaderMapsBeingCompiled
[2017.07.12-07.54.42:229][458]LogTemp:Display: Kicking off shader compilation for space, GameThreadShaderMap 0x00000224B48BCB80
[2017.07.12-07.54.42:230][458]LogMaterial: 0.00 seconds spent updating 1 materials, 1 interfaces, 0 instances, 0 with static permutations.
[2017.07.12-07.54.42:256][458]LogMaterial: Missing cached shader map for material FMatExpressionPreview MaterialExpressionTextureSample_5, compiling. 
[2017.07.12-07.54.42:257][458]LogTemp:Display: Added material ShaderMap 0x00000225147A7900 with Material 0x00000224AB095F00 to ShaderMapsBeingCompiled
[2017.07.12-07.54.42:259][458]LogTemp:Display: Kicking off shader compilation for FMatExpressionPreview MaterialExpressionTextureSample_5, GameThreadShaderMap 0x00000225147A7900
[2017.07.12-07.54.42:266][458]LogTemp:Display: Removed shader map 0x00000225147A7900 from material 0x00000224AB095F00
[2017.07.12-07.54.42:295][458]LogMaterial: Missing cached shader map for material FMatExpressionPreview MaterialExpressionTextureSample_0, compiling. 
[2017.07.12-07.54.42:296][458]LogTemp:Display: Added material ShaderMap 0x00000224AB0CEE80 with Material 0x00000224AB095F00 to ShaderMapsBeingCompiled
[2017.07.12-07.54.42:299][458]LogTemp:Display: Kicking off shader compilation for FMatExpressionPreview MaterialExpressionTextureSample_0, GameThreadShaderMap 0x00000224AB0CEE80
[2017.07.12-07.54.42:306][458]LogMaterial: Missing cached shader map for material FMatExpressionPreview MaterialExpressionTextureSample_1, compiling. 
[2017.07.12-07.54.42:307][458]LogTemp:Display: Added material ShaderMap 0x00000224AB0CD980 with Material 0x00000224AB095000 to ShaderMapsBeingCompiled
[2017.07.12-07.54.42:310][458]LogTemp:Display: Kicking off shader compilation for FMatExpressionPreview MaterialExpressionTextureSample_1, GameThreadShaderMap 0x00000224AB0CD980
[2017.07.12-07.54.42:317][458]LogMaterial: Missing cached shader map for material FMatExpressionPreview MaterialExpressionTextureSample_2, compiling. 
[2017.07.12-07.54.42:318][458]LogTemp:Display: Added material ShaderMap 0x00000225241A0B80 with Material 0x000002251A564D00 to ShaderMapsBeingCompiled
[2017.07.12-07.54.42:323][458]LogTemp:Display: Kicking off shader compilation for FMatExpressionPreview MaterialExpressionTextureSample_2, GameThreadShaderMap 0x00000225241A0B80
[2017.07.12-07.54.42:335][458]LogMaterial: Missing cached shader map for material FMatExpressionPreview MaterialExpressionTextureSample_3, compiling. 
[2017.07.12-07.54.42:336][458]LogTemp:Display: Added material ShaderMap 0x0000022524199D00 with Material 0x00000225235EF100 to ShaderMapsBeingCompiled
[2017.07.12-07.54.42:339][458]LogTemp:Display: Kicking off shader compilation for FMatExpressionPreview MaterialExpressionTextureSample_3, GameThreadShaderMap 0x0000022524199D00
[2017.07.12-07.54.42:340][458]LogMaterial: Missing cached shader map for material FMatExpressionPreview MaterialExpressionTextureSample_4, compiling. 
[2017.07.12-07.54.42:341][458]LogTemp:Display: Added material ShaderMap 0x00000225146DD980 with Material 0x00000225235ED000 to ShaderMapsBeingCompiled
[2017.07.12-07.54.42:345][458]LogTemp:Display: Kicking off shader compilation for FMatExpressionPreview MaterialExpressionTextureSample_4, GameThreadShaderMap 0x00000225146DD980
[2017.07.12-07.54.42:354][458]LogMaterial: Missing cached shader map for material FMatExpressionPreview MaterialExpressionTextureSample_5, compiling. 
[2017.07.12-07.54.42:355][458]LogTemp:Display: Added material ShaderMap 0x000002251469BC80 with Material 0x000002251A48E500 to ShaderMapsBeingCompiled
[2017.07.12-07.54.42:358][458]LogTemp:Display: Kicking off shader compilation for FMatExpressionPreview MaterialExpressionTextureSample_5, GameThreadShaderMap 0x000002251469BC80
[2017.07.12-07.54.42:954][493]LogTemp:Display: Finished compile of shader map 0x00000224B48BCB80
[2017.07.12-07.54.42:954][493]LogTemp:Display: Shader map space complete, GameThreadShaderMap 0x00000224B48BCB80, marking material space as finished
[2017.07.12-07.54.42:954][493]LogTemp:Display: Marking material as finished 0x00000224CDD07D80
[2017.07.12-07.54.42:972][494]MaterialEditorStats: Info Base pass shader with only dynamic lighting: 80 instructions
[2017.07.12-07.54.42:972][494]MaterialEditorStats: Info Vertex shader: 29 instructions
[2017.07.12-07.54.42:972][494]MaterialEditorStats: Info Texture samplers: 1/16
[2017.07.12-07.54.43:036][498]LogTemp:Display: Finished compile of shader map 0x00000224AB0CEE80
[2017.07.12-07.54.43:036][498]LogTemp:Display: Shader map FMatExpressionPreview MaterialExpressionTextureSample_0 complete, GameThreadShaderMap 0x00000224AB0CEE80, marking material FMatExpressionPreview MaterialExpressionTextureSample_0 as finished
[2017.07.12-07.54.43:036][498]LogTemp:Display: Marking material as finished 0x00000224AB095F00
[2017.07.12-07.54.43:127][503]LogTemp:Display: Finished compile of shader map 0x00000224AB0CD980
[2017.07.12-07.54.43:127][503]LogTemp:Display: Shader map FMatExpressionPreview MaterialExpressionTextureSample_1 complete, GameThreadShaderMap 0x00000224AB0CD980, marking material FMatExpressionPreview MaterialExpressionTextureSample_1 as finished
[2017.07.12-07.54.43:127][503]LogTemp:Display: Marking material as finished 0x00000224AB095000
[2017.07.12-07.54.43:226][509]LogTemp:Display: Finished compile of shader map 0x00000225241A0B80
[2017.07.12-07.54.43:226][509]LogTemp:Display: Shader map FMatExpressionPreview MaterialExpressionTextureSample_2 complete, GameThreadShaderMap 0x00000225241A0B80, marking material FMatExpressionPreview MaterialExpressionTextureSample_2 as finished
[2017.07.12-07.54.43:226][509]LogTemp:Display: Marking material as finished 0x000002251A564D00
[2017.07.12-07.54.43:347][516]LogTemp:Display: Finished compile of shader map 0x0000022524199D00
[2017.07.12-07.54.43:347][516]LogTemp:Display: Shader map FMatExpressionPreview MaterialExpressionTextureSample_3 complete, GameThreadShaderMap 0x0000022524199D00, marking material FMatExpressionPreview MaterialExpressionTextureSample_3 as finished
[2017.07.12-07.54.43:347][516]LogTemp:Display: Marking material as finished 0x00000225235EF100
[2017.07.12-07.54.43:429][521]LogTemp:Display: Finished compile of shader map 0x00000225146DD980
[2017.07.12-07.54.43:429][521]LogTemp:Display: Shader map FMatExpressionPreview MaterialExpressionTextureSample_4 complete, GameThreadShaderMap 0x00000225146DD980, marking material FMatExpressionPreview MaterialExpressionTextureSample_4 as finished
[2017.07.12-07.54.43:429][521]LogTemp:Display: Marking material as finished 0x00000225235ED000
[2017.07.12-07.54.43:514][527]LogTemp:Display: Finished compile of shader map 0x000002251469BC80
[2017.07.12-07.54.43:514][527]LogTemp:Display: Shader map FMatExpressionPreview MaterialExpressionTextureSample_5 complete, GameThreadShaderMap 0x000002251469BC80, marking material FMatExpressionPreview MaterialExpressionTextureSample_5 as finished
[2017.07.12-07.54.43:514][527]LogTemp:Display: Marking material as finished 0x000002251A48E500
[2017.07.12-07.54.44:320][608]LogMaterial: Missing cached shader map for material space, compiling. 
[2017.07.12-07.54.44:320][608]LogTemp:Display: Added material ShaderMap 0x00000225146DCB80 with Material 0x00000224CDD07D80 to ShaderMapsBeingCompiled
[2017.07.12-07.54.44:328][608]LogTemp:Display: Kicking off shader compilation for space, GameThreadShaderMap 0x00000225146DCB80
[2017.07.12-07.54.44:329][608]LogMaterial: 0.00 seconds spent updating 1 materials, 1 interfaces, 0 instances, 0 with static permutations.
[2017.07.12-07.54.44:387][608]LogMaterial: Missing cached shader map for material FMatExpressionPreview MaterialExpressionTextureSample_4, compiling. 
[2017.07.12-07.54.44:388][608]LogTemp:Display: Added material ShaderMap 0x0000022523BD6400 with Material 0x0000022523A76E00 to ShaderMapsBeingCompiled
[2017.07.12-07.54.44:392][608]LogTemp:Display: Kicking off shader compilation for FMatExpressionPreview MaterialExpressionTextureSample_4, GameThreadShaderMap 0x0000022523BD6400
[2017.07.12-07.54.45:078][652]LogTemp:Display: Finished compile of shader map 0x00000225146DCB80
[2017.07.12-07.54.45:078][652]LogTemp:Display: Shader map space complete, GameThreadShaderMap 0x00000225146DCB80, marking material space as finished
[2017.07.12-07.54.45:078][652]LogTemp:Display: Marking material as finished 0x00000224CDD07D80
[2017.07.12-07.54.45:130][656]LogTemp:Display: Finished compile of shader map 0x0000022523BD6400
[2017.07.12-07.54.45:130][656]LogTemp:Display: Shader map FMatExpressionPreview MaterialExpressionTextureSample_4 complete, GameThreadShaderMap 0x0000022523BD6400, marking material FMatExpressionPreview MaterialExpressionTextureSample_4 as finished
[2017.07.12-07.54.45:130][656]LogTemp:Display: Marking material as finished 0x0000022523A76E00
[2017.07.12-07.54.45:563][700]LogMaterial: Missing cached shader map for material space, compiling. 
[2017.07.12-07.54.45:563][700]LogTemp:Display: Added material ShaderMap 0x0000022523BD6B00 with Material 0x00000224CDD07D80 to ShaderMapsBeingCompiled
[2017.07.12-07.54.45:571][700]LogTemp:Display: Kicking off shader compilation for space, GameThreadShaderMap 0x0000022523BD6B00
[2017.07.12-07.54.45:571][700]LogMaterial: 0.00 seconds spent updating 1 materials, 1 interfaces, 0 instances, 0 with static permutations.
[2017.07.12-07.54.45:602][700]LogMaterial: Missing cached shader map for material FMatExpressionPreview MaterialExpressionTextureSample_5, compiling. 
[2017.07.12-07.54.45:603][700]LogTemp:Display: Added material ShaderMap 0x0000022514699600 with Material 0x000002251A48E500 to ShaderMapsBeingCompiled
[2017.07.12-07.54.45:606][700]LogTemp:Display: Kicking off shader compilation for FMatExpressionPreview MaterialExpressionTextureSample_5, GameThreadShaderMap 0x0000022514699600
[2017.07.12-07.54.46:329][745]LogTemp:Display: Finished compile of shader map 0x0000022523BD6B00
[2017.07.12-07.54.46:329][745]LogTemp:Display: Shader map space complete, GameThreadShaderMap 0x0000022523BD6B00, marking material space as finished
[2017.07.12-07.54.46:329][745]LogTemp:Display: Marking material as finished 0x00000224CDD07D80
[2017.07.12-07.54.46:347][746]MaterialEditorStats: Info Base pass shader with only dynamic lighting: 80 instructions
[2017.07.12-07.54.46:347][746]MaterialEditorStats: Info Vertex shader: 29 instructions
[2017.07.12-07.54.46:347][746]MaterialEditorStats: Info Texture samplers: 1/16
[2017.07.12-07.54.46:376][748]LogTemp:Display: Finished compile of shader map 0x0000022514699600
[2017.07.12-07.54.46:376][748]LogTemp:Display: Shader map FMatExpressionPreview MaterialExpressionTextureSample_5 complete, GameThreadShaderMap 0x0000022514699600, marking material FMatExpressionPreview MaterialExpressionTextureSample_5 as finished
[2017.07.12-07.54.46:376][748]LogTemp:Display: Marking material as finished 0x000002251A48E500
[2017.07.12-07.54.47:388][840]LogMaterial: Missing cached shader map for material space, compiling. 
[2017.07.12-07.54.47:389][840]LogTemp:Display: Added material ShaderMap 0x000002251AA02080 with Material 0x00000224CDD07D80 to ShaderMapsBeingCompiled
[2017.07.12-07.54.47:396][840]LogTemp:Display: Kicking off shader compilation for space, GameThreadShaderMap 0x000002251AA02080
[2017.07.12-07.54.47:397][840]LogMaterial: 0.00 seconds spent updating 1 materials, 1 interfaces, 0 instances, 0 with static permutations.
[2017.07.12-07.54.48:194][885]LogTemp:Display: Finished compile of shader map 0x000002251AA02080
[2017.07.12-07.54.48:194][885]LogTemp:Display: Shader map space complete, GameThreadShaderMap 0x000002251AA02080, marking material space as finished
[2017.07.12-07.54.48:194][885]LogTemp:Display: Marking material as finished 0x00000224CDD07D80
[2017.07.12-07.54.48:209][886]MaterialEditorStats: Info Base pass shader with only dynamic lighting: 80 instructions
[2017.07.12-07.54.48:209][886]MaterialEditorStats: Info Vertex shader: 29 instructions
[2017.07.12-07.54.48:209][886]MaterialEditorStats: Info Texture samplers: 1/16
[2017.07.12-07.54.50:664][113]LogMaterial: Missing cached shader map for material space, compiling. 
[2017.07.12-07.54.50:665][113]LogTemp:Display: Added material ShaderMap 0x000002251A4C2400 with Material 0x00000224CDD07D80 to ShaderMapsBeingCompiled
[2017.07.12-07.54.50:672][113]LogTemp:Display: Kicking off shader compilation for space, GameThreadShaderMap 0x000002251A4C2400
[2017.07.12-07.54.50:673][113]LogMaterial: 0.00 seconds spent updating 1 materials, 1 interfaces, 0 instances, 0 with static permutations.
[2017.07.12-07.54.51:446][164]LogTemp:Display: Finished compile of shader map 0x000002251A4C2400
[2017.07.12-07.54.51:446][164]LogTemp:Display: Shader map space complete, GameThreadShaderMap 0x000002251A4C2400, marking material space as finished
[2017.07.12-07.54.51:446][164]LogTemp:Display: Marking material as finished 0x00000224CDD07D80
[2017.07.12-07.54.51:458][165]MaterialEditorStats: Info Base pass shader with only dynamic lighting: 80 instructions
[2017.07.12-07.54.51:458][165]MaterialEditorStats: Info Vertex shader: 29 instructions
[2017.07.12-07.54.51:458][165]MaterialEditorStats: Info Texture samplers: 1/16
[2017.07.12-07.54.53:739][374]LogMaterial: Missing cached shader map for material space, compiling. 
[2017.07.12-07.54.53:739][374]LogTemp:Display: Added material ShaderMap 0x00000224AB0CCB80 with Material 0x00000224CDD07D80 to ShaderMapsBeingCompiled
[2017.07.12-07.54.53:747][374]LogTemp:Display: Kicking off shader compilation for space, GameThreadShaderMap 0x00000224AB0CCB80
[2017.07.12-07.54.53:747][374]LogMaterial: 0.00 seconds spent updating 1 materials, 1 interfaces, 0 instances, 0 with static permutations.
[2017.07.12-07.54.54:479][421]LogTemp:Display: Finished compile of shader map 0x00000224AB0CCB80
[2017.07.12-07.54.54:479][421]LogTemp:Display: Shader map space complete, GameThreadShaderMap 0x00000224AB0CCB80, marking material space as finished
[2017.07.12-07.54.54:479][421]LogTemp:Display: Marking material as finished 0x00000224CDD07D80
[2017.07.12-07.54.54:567][429]MaterialEditorStats: Info Base pass shader with only dynamic lighting: 80 instructions
[2017.07.12-07.54.54:567][429]MaterialEditorStats: Info Vertex shader: 29 instructions
[2017.07.12-07.54.54:567][429]MaterialEditorStats: Info Texture samplers: 1/16
[2017.07.12-07.54.55:856][545]LogMaterial: Missing cached shader map for material space, compiling. 
[2017.07.12-07.54.55:857][545]LogTemp:Display: Added material ShaderMap 0x0000022523954B80 with Material 0x00000224CDD07D80 to ShaderMapsBeingCompiled
[2017.07.12-07.54.55:865][545]LogTemp:Display: Kicking off shader compilation for space, GameThreadShaderMap 0x0000022523954B80
[2017.07.12-07.54.55:865][545]LogMaterial: 0.00 seconds spent updating 1 materials, 1 interfaces, 0 instances, 0 with static permutations.
[2017.07.12-07.54.56:606][589]LogTemp:Display: Finished compile of shader map 0x0000022523954B80
[2017.07.12-07.54.56:606][589]LogTemp:Display: Shader map space complete, GameThreadShaderMap 0x0000022523954B80, marking material space as finished
[2017.07.12-07.54.56:606][589]LogTemp:Display: Marking material as finished 0x00000224CDD07D80
[2017.07.12-07.54.57:163][643]LogMaterial: Missing cached shader map for material space, compiling. 
[2017.07.12-07.54.57:164][643]LogTemp:Display: Added material ShaderMap 0x00000225241A6780 with Material 0x00000224CDD07D80 to ShaderMapsBeingCompiled
[2017.07.12-07.54.57:171][643]LogTemp:Display: Kicking off shader compilation for space, GameThreadShaderMap 0x00000225241A6780
[2017.07.12-07.54.57:171][643]LogMaterial: 0.00 seconds spent updating 1 materials, 1 interfaces, 0 instances, 0 with static permutations.
[2017.07.12-07.54.57:904][690]LogTemp:Display: Finished compile of shader map 0x00000225241A6780
[2017.07.12-07.54.57:904][690]LogTemp:Display: Shader map space complete, GameThreadShaderMap 0x00000225241A6780, marking material space as finished
[2017.07.12-07.54.57:904][690]LogTemp:Display: Marking material as finished 0x00000224CDD07D80
[2017.07.12-07.54.57:916][691]MaterialEditorStats: Info Base pass shader with only dynamic lighting: 80 instructions
[2017.07.12-07.54.57:916][691]MaterialEditorStats: Info Vertex shader: 29 instructions
[2017.07.12-07.54.57:916][691]MaterialEditorStats: Info Texture samplers: 1/16
[2017.07.12-07.55.00:076][892]LogMaterial: Missing cached shader map for material space, compiling. 
[2017.07.12-07.55.00:076][892]LogTemp:Display: Added material ShaderMap 0x00000225239B7580 with Material 0x00000224CDD07D80 to ShaderMapsBeingCompiled
[2017.07.12-07.55.00:084][892]LogTemp:Display: Kicking off shader compilation for space, GameThreadShaderMap 0x00000225239B7580
[2017.07.12-07.55.00:084][892]LogMaterial: 0.00 seconds spent updating 1 materials, 1 interfaces, 0 instances, 0 with static permutations.
[2017.07.12-07.55.00:857][939]LogTemp:Display: Finished compile of shader map 0x00000225239B7580
[2017.07.12-07.55.00:857][939]LogTemp:Display: Shader map space complete, GameThreadShaderMap 0x00000225239B7580, marking material space as finished
[2017.07.12-07.55.00:857][939]LogTemp:Display: Marking material as finished 0x00000224CDD07D80
[2017.07.12-07.55.00:867][940]MaterialEditorStats: Info Base pass shader with only dynamic lighting: 80 instructions
[2017.07.12-07.55.00:867][940]MaterialEditorStats: Info Vertex shader: 29 instructions
[2017.07.12-07.55.00:867][940]MaterialEditorStats: Info Texture samplers: 1/16
[2017.07.12-07.55.03:212][158]LogMaterial: Missing cached shader map for material space, compiling. 
[2017.07.12-07.55.03:213][158]LogTemp:Display: Added material ShaderMap 0x0000022523A4A080 with Material 0x00000224CDD07D80 to ShaderMapsBeingCompiled
[2017.07.12-07.55.03:220][158]LogTemp:Display: Kicking off shader compilation for space, GameThreadShaderMap 0x0000022523A4A080
[2017.07.12-07.55.03:220][158]LogMaterial: 0.00 seconds spent updating 1 materials, 1 interfaces, 0 instances, 0 with static permutations.
[2017.07.12-07.55.04:024][209]LogTemp:Display: Finished compile of shader map 0x0000022523A4A080
[2017.07.12-07.55.04:024][209]LogTemp:Display: Shader map space complete, GameThreadShaderMap 0x0000022523A4A080, marking material space as finished
[2017.07.12-07.55.04:024][209]LogTemp:Display: Marking material as finished 0x00000224CDD07D80
[2017.07.12-07.55.04:035][210]MaterialEditorStats: Info Base pass shader with only dynamic lighting: 96 instructions
[2017.07.12-07.55.04:035][210]MaterialEditorStats: Info Vertex shader: 31 instructions
[2017.07.12-07.55.04:035][210]MaterialEditorStats: Info Texture samplers: 7/16
[2017.07.12-07.55.05:521][351]LogMaterial: Missing cached shader map for material space, compiling. 
[2017.07.12-07.55.05:522][351]LogTemp:Display: Added material ShaderMap 0x000002251AA03C80 with Material 0x00000224CDD07D80 to ShaderMapsBeingCompiled
[2017.07.12-07.55.05:530][351]LogTemp:Display: Kicking off shader compilation for space, GameThreadShaderMap 0x000002251AA03C80
[2017.07.12-07.55.05:530][351]LogMaterial: 0.00 seconds spent updating 1 materials, 1 interfaces, 0 instances, 0 with static permutations.
[2017.07.12-07.55.06:346][402]LogTemp:Display: Finished compile of shader map 0x000002251AA03C80
[2017.07.12-07.55.06:346][402]LogTemp:Display: Shader map space complete, GameThreadShaderMap 0x000002251AA03C80, marking material space as finished
[2017.07.12-07.55.06:346][402]LogTemp:Display: Marking material as finished 0x00000224CDD07D80
[2017.07.12-07.55.06:357][403]MaterialEditorStats: Info Base pass shader with only dynamic lighting: 97 instructions
[2017.07.12-07.55.06:357][403]MaterialEditorStats: Info Vertex shader: 31 instructions
[2017.07.12-07.55.06:357][403]MaterialEditorStats: Info Texture samplers: 7/16
[2017.07.12-07.55.09:241][659]LogMaterialEditor: Applying material space
[2017.07.12-07.55.09:756][659]LogMaterial: Missing cached shader map for material space, compiling. 
[2017.07.12-07.55.09:756][659]LogTemp:Display: Added material ShaderMap 0x000002251A4C2780 with Material 0x00000224CDD07D80 to ShaderMapsBeingCompiled
[2017.07.12-07.55.09:772][659]LogTemp:Display: Kicking off shader compilation for space, GameThreadShaderMap 0x000002251A4C2780
[2017.07.12-07.55.09:772][659]LogMaterial: 0.00 seconds spent updating 1 materials, 1 interfaces, 0 instances, 0 with static permutations.
[2017.07.12-07.55.09:795][659]LogMaterial: Missing cached shader map for material space, compiling. 
[2017.07.12-07.55.09:796][659]LogTemp:Display: Added material ShaderMap 0x0000022523954B80 with Material 0x00000224A3161D80 to ShaderMapsBeingCompiled
[2017.07.12-07.55.09:818][659]LogTemp:Display: Kicking off shader compilation for space, GameThreadShaderMap 0x0000022523954B80
[2017.07.12-07.55.09:835][659]LogMaterial: Missing cached shader map for material space, compiling. 
[2017.07.12-07.55.09:836][659]LogTemp:Display: Added material ShaderMap 0x00000224AD73A400 with Material 0x00000224A3161D80 to ShaderMapsBeingCompiled
[2017.07.12-07.55.09:850][659]LogTemp:Display: Kicking off shader compilation for space, GameThreadShaderMap 0x00000224AD73A400
[2017.07.12-07.55.09:855][659]LogMaterial: 0.00 seconds spent updating 1 materials, 1 interfaces, 0 instances, 0 with static permutations.
[2017.07.12-07.55.09:883][659]LogMaterial: Missing cached shader map for material FDebugViewModeMaterialProxy space, compiling. 
[2017.07.12-07.55.09:885][659]LogTemp:Display: Added material ShaderMap 0x000002250AF9FC80 with Material 0x00000224B9557A00 to ShaderMapsBeingCompiled
[2017.07.12-07.55.10:531][659]LogTemp:Display: Finished compile of shader map 0x000002250AF9FC80
[2017.07.12-07.55.10:531][659]LogTemp:Display: Shader map FDebugViewModeMaterialProxy space complete, GameThreadShaderMap 0x000002250AF9FC80, marking material FDebugViewModeMaterialProxy space as finished
[2017.07.12-07.55.10:531][659]LogTemp:Display: Marking material as finished 0x00000224B9557A00
[2017.07.12-07.55.10:535][659]TextureStreamingBuild:Display: Compiling optional shaders took 0.665 seconds.
[2017.07.12-07.55.10:556][659]LogTemp:Display: Finished compile of shader map 0x000002251A4C2780
[2017.07.12-07.55.10:556][659]LogTemp:Display: Shader map space complete, GameThreadShaderMap 0x000002251A4C2780, marking material space as finished
[2017.07.12-07.55.10:556][659]LogTemp:Display: Marking material as finished 0x00000224CDD07D80
[2017.07.12-07.55.11:946][750]LogTemp:Display: Finished compile of shader map 0x00000224AD73A400
[2017.07.12-07.55.11:946][750]LogTemp:Display: Shader map space complete, GameThreadShaderMap 0x00000224AD73A400, marking material space as finished
[2017.07.12-07.55.11:946][750]LogTemp:Display: Marking material as finished 0x00000224A3161D80
[2017.07.12-07.55.12:774][848]LogSlate: Took 0.000174 seconds to synchronously load lazily loaded font '../../../Engine/Content/Editor/Slate/Fonts/Roboto-Italic.ttf' (157K)
[2017.07.12-07.55.13:228][901]LogEditorViewport: Clicking on Actor (LMB): BP_Sky_Sphere_C (SkySphereBlueprint)
[2017.07.12-07.55.18:846][448]LogWindows: Windows GetLastError: The operation completed successfully. (0)
[2017.07.12-07.55.19:425][450]LogCrashTracker: 


[2017.07.12-07.55.19:428][450]LogWindows: Windows GetLastError: The operation completed successfully. (0)
[2017.07.12-07.55.19:428][450]LogCrashTracker: 


[2017.07.12-07.55.19:428][450]LogWindows:Error: === Critical error: ===
[2017.07.12-07.55.19:428][450]LogWindows:Error: 
[2017.07.12-07.55.19:428][450]LogWindows:Error: Fatal error: [File:D:\Build\++UE4+Release-4.15+Compile\Sync\Engine\Source\Runtime\RenderCore\Private\RenderingThread.cpp] [Line: 796] 
[2017.07.12-07.55.19:428][450]LogWindows:Error: Rendering thread exception:
[2017.07.12-07.55.19:428][450]LogWindows:Error: Fatal error: [File:D:\Build\++UE4+Release-4.15+Compile\Sync\Engine\Source\Runtime\Renderer\Private\ShaderBaseClasses.cpp] [Line: 175] 
[2017.07.12-07.55.19:428][450]LogWindows:Error: TBasePassVSFNoLightMapPolicy shader uniform expression set mismatch for material MaterialInstanceDynamic_0/M_Sky_Panning_Clouds2.
[2017.07.12-07.55.19:428][450]LogWindows:Error: Shader compilation info:                M_Sky_Panning_Clouds2
[2017.07.12-07.55.19:428][450]LogWindows:Error: Material render proxy compilation info: Compiling M_Sky_Panning_Clouds2: Platform=PCD3D_SM5, Usage=LightingModel=MSM_Unlit, BlendMode=BLEND_Opaque, SpecialEngine=0, TwoSided=0, TSNormal=1, Masked=0, Distorted=0, WritesEveryPixel=1, ModifiesMeshPosition=0, Usage={bUsedWithStaticLighting}
[2017.07.12-07.55.19:428][450]LogWindows:Error: Shader uniform expression set:   18 vectors, 13 scalars, 2 2D textures, 0 cube textures, 0 scalars/frame, 0 vectors/frame, shader map 00000224AD73A400
[2017.07.12-07.55.19:428][450]LogWindows:Error: Material uniform expression set: 18 vectors, 13 scalars, 2 2D textures, 0 cube textures, 0 scalars/frame, 0 vectors/frame, shader map 00000224A896D280
[2017.07.12-07.55.19:428][450]LogWindows:Error: 
[2017.07.12-07.55.19:428][450]LogWindows:Error: 
[2017.07.12-07.55.19:428][450]LogWindows:Error: 
[2017.07.12-07.55.19:428][450]LogWindows:Error: KERNELBASE.dll!0x00000000E6429E08
[2017.07.12-07.55.19:428][450]LogWindows:Error: UE4Editor-Core.dll!0x00000000B9F964EE
[2017.07.12-07.55.19:428][450]LogWindows:Error: UE4Editor-Core.dll!0x00000000B9DBCEEE
[2017.07.12-07.55.19:428][450]LogWindows:Error: UE4Editor-Core.dll!0x00000000B9D42729
[2017.07.12-07.55.19:428][450]LogWindows:Error: UE4Editor-Renderer.dll!0x000000009E661593
[2017.07.12-07.55.19:428][450]LogWindows:Error: UE4Editor-Renderer.dll!0x000000009E5F2EE7
[2017.07.12-07.55.19:428][450]LogWindows:Error: UE4Editor-Renderer.dll!0x000000009E18E123
[2017.07.12-07.55.19:428][450]LogWindows:Error: UE4Editor-Renderer.dll!0x000000009E1989CB
[2017.07.12-07.55.19:428][450]LogWindows:Error: UE4Editor-Renderer.dll!0x000000009E0ED0F3
[2017.07.12-07.55.19:428][450]LogWindows:Error: UE4Editor-Renderer.dll!0x000000009E0EEA43
[2017.07.12-07.55.19:428][450]LogWindows:Error: UE4Editor-Renderer.dll!0x000000009E14C6DB
[2017.07.12-07.55.19:428][450]LogWindows:Error: UE4Editor-Renderer.dll!0x000000009E17DDB4
[2017.07.12-07.55.19:428][450]LogWindows:Error: UE4Editor-Renderer.dll!0x000000009E17D8B1
[2017.07.12-07.55.19:428][450]LogWindows:Error: UE4Editor-Renderer.dll!0x000000009E17E79A
[2017.07.12-07.55.19:428][450]LogWindows:Error: UE4Editor-Renderer.dll!0x000000009E17CFCA
[2017.07.12-07.55.19:428][450]LogWindows:Error: UE4Editor-Renderer.dll!0x000000009E1EF62B
[2017.07.12-07.55.19:428][450]LogWindows:Error: UE4Editor-Renderer.dll!0x000000009E5B64C2
[2017.07.12-07.55.19:428][450]LogWindows:Error: UE4Editor-Renderer.dll!0x000000009E58066E
[2017.07.12-07.55.19:428][450]LogWindows:Error: UE4Editor-Core.dll!0x00000000B9C1D84D
[2017.07.12-07.55.19:428][450]LogWindows:Error: UE4Editor-Core.dll!0x00000000B9C1DC6D
[2017.07.12-07.55.19:428][450]LogWindows:Error: UE4Editor-RenderCore.dll!0x00000000CFB10397
[2017.07.12-07.55.19:428][450]LogWindows:Error: UE4Editor-RenderCore.dll!0x00000000CFB11486
[2017.07.12-07.55.19:428][450]LogWindows:Error: UE4Editor-Core.dll!0x00000000B9FAA3D8
[2017.07.12-07.55.19:428][450]LogWindows:Error: UE4Editor-Core.dll!0x00000000B9FA4C79
[2017.07.12-07.55.19:428][450]LogWindows:Error: KERNEL32.DLL!0x00000000E7152774
[2017.07.12-07.55.19:428][450]LogWindows:Error: ntdll.dll!0x00000000E9AF0D61
[2017.07.12-07.55.19:428][450]LogWindows:Error: ntdll.dll!0x00000000E9AF0D61
[2017.07.12-07.55.19:428][450]LogWindows:Error: 
[2017.07.12-07.55.19:428][450]LogWindows:Error: 
[2017.07.12-07.55.19:428][450]LogWindows:Error: 
[2017.07.12-07.55.19:428][450]LogWindows:Error: 
[2017.07.12-07.55.19:459][450]LogExit: Executing StaticShutdownAfterError
[2017.07.12-07.55.19:463][450]LogWindows: FPlatformMisc::RequestExit(1)
[2017.07.12-07.55.19:463][450]Log file closed, 07/12/17 15:55:19
