Log file open, 07/12/17 03:07:48
LogInit:Display: Running engine for game: Meeting
LogPlatformFile: Not using cached read wrapper
LogInit:Display: RandInit(159097510) SRandInit(159097510).
LogTaskGraph: Started task graph with 5 named threads and 8 total threads with 1 sets of task threads.
LogStats: Stats thread started at 0.263136
LogInit: Using libcurl 7.47.1
LogInit:  - built for x86_64-pc-win32
LogInit:  - supports SSL with OpenSSL/1.0.2g
LogInit:  - supports HTTP deflate (compression) using libz 1.2.8
LogInit:  - other features:
LogInit:      CURL_VERSION_SSL
LogInit:      CURL_VERSION_LIBZ
LogInit:      CURL_VERSION_IPV6
LogInit:      CURL_VERSION_ASYNCHDNS
LogInit:      CURL_VERSION_LARGEFILE
LogInit:      CURL_VERSION_IDN
LogInit:  CurlRequestOptions (configurable via config and command line):
LogInit:  - bVerifyPeer = false  - Libcurl will NOT verify peer certificate
LogInit:  - bUseHttpProxy = false  - Libcurl will NOT use HTTP proxy
LogInit:  - bDontReuseConnections = false  - Libcurl will reuse connections
LogInit:  - CertBundlePath = nullptr  - Libcurl will use whatever was configured at build time.
LogInit: Build: ++UE4+Release-4.15-CL-3450819
LogInit: Engine Version: 4.15.3-3450819+++UE4+Release-4.15
LogInit: Compatible Engine Version: 4.15.0-3299760+++UE4+Release-4.15
LogInit: Net CL: 3299760
LogDevObjectVersion: Number of dev versions registered: 14
LogDevObjectVersion:   Dev-Blueprints (B0D832E4-1F89-4F0D-ACCF-7EB736FD4AA2): 8
LogDevObjectVersion:   Dev-Build (E1C64328-A22C-4D53-A36C-8E866417BD8C): 0
LogDevObjectVersion:   Dev-Core (375EC13C-06E4-48FB-B500-84F0262A717E): 2
LogDevObjectVersion:   Dev-Editor (E4B068ED-F494-42E9-A231-DA0B2E46BB41): 14
LogDevObjectVersion:   Dev-Framework (CFFC743F-43B0-4480-9391-14DF171D2073): 22
LogDevObjectVersion:   Dev-Mobile (B02B49B5-BB20-44E9-A304-32B752E40360): 0
LogDevObjectVersion:   Dev-Networking (A4E4105C-59A1-49B5-A7C5-40C4547EDFEE): 0
LogDevObjectVersion:   Dev-Online (39C831C9-5AE6-47DC-9A44-9C173E1C8E7C): 0
LogDevObjectVersion:   Dev-Physics (78F01B33-EBEA-4F98-B9B4-84EACCB95AA2): 0
LogDevObjectVersion:   Dev-Platform (6631380F-2D4D-43E0-8009-CF276956A95A): 0
LogDevObjectVersion:   Dev-Rendering (12F88B9F-8875-4AFC-A67C-D90C383ABD29): 12
LogDevObjectVersion:   Dev-Sequencer (7B5AE74C-D270-4C10-A958-57980B212A5A): 3
LogDevObjectVersion:   Dev-VR (D7296918-1DD6-4BDD-9DE2-64A83CC13884): 0
LogDevObjectVersion:   Dev-LoadTimes (C2A15278-BFE7-4AFE-6C17-90FF531DF755): 1
LogInit: Compiled (64-bit): May 21 2017 11:02:34
LogInit: Compiled with Visual C++: 19.00.23026.00
LogInit: Build Configuration: Development
LogInit: Branch Name: ++UE4+Release-4.15
LogInit: Command line:  
LogInit: Base directory: C:/Program Files/Epic Games/UE_4.15/Engine/Binaries/Win64/
LogInit: Installed Engine Build: 1
LogInit: Presizing for max 8388607 objects, including 0 objects not considered by GC, pre-allocating 0 bytes for permanent pool.
LogInit: Object subsystem initialized
[2017.07.11-19.07.49:799][  0]LogInit: Selected Device Profile: [Windows]
[2017.07.11-19.07.49:799][  0]LogInit: Applying CVar settings loaded from the selected device profile: [Windows]
[2017.07.11-19.07.49:850][  0]LogInit: Computer: USER
[2017.07.11-19.07.49:850][  0]LogInit: User: Uses
[2017.07.11-19.07.49:850][  0]LogInit: CPU Page size=65536, Cores=4
[2017.07.11-19.07.49:850][  0]LogInit: High frequency timer resolution =3.320305 MHz
[2017.07.11-19.07.49:850][  0]LogMemory: Memory total: Physical=15.9GB (16GB approx)
[2017.07.11-19.07.49:850][  0]LogMemory: Platform Memory Stats for Windows
[2017.07.11-19.07.49:850][  0]LogMemory: Process Physical Memory: 263.89 MB used, 263.89 MB peak
[2017.07.11-19.07.49:850][  0]LogMemory: Process Virtual Memory: 262.30 MB used, 262.30 MB peak
[2017.07.11-19.07.49:850][  0]LogMemory: Physical Memory: 9761.50 MB used,  6549.98 MB free, 16311.48 MB total
[2017.07.11-19.07.49:850][  0]LogMemory: Virtual Memory: 645.11 MB used,  6549.98 MB free, 134217728.00 MB total
[2017.07.11-19.07.50:167][  0]LogTextLocalizationManager: No specific translations for ('en-US') exist, so ('en') translations will be used.
[2017.07.11-19.07.55:713][  0]LogD3D11RHI: D3D11 adapters:
[2017.07.11-19.07.55:811][  0]LogD3D11RHI:    0. 'NVIDIA GeForce GTX 960' (Feature Level 11_0)
[2017.07.11-19.07.55:811][  0]LogD3D11RHI:       2016/0/8155 MB DedicatedVideo/DedicatedSystem/SharedSystem, Outputs:1, VendorId:0x10de
[2017.07.11-19.07.55:812][  0]LogD3D11RHI:    1. 'Microsoft Basic Render Driver' (Feature Level 11_0)
[2017.07.11-19.07.55:812][  0]LogD3D11RHI:       0/0/8155 MB DedicatedVideo/DedicatedSystem/SharedSystem, Outputs:0, VendorId:0x1414
[2017.07.11-19.07.55:812][  0]LogD3D11RHI: Chosen D3D11 Adapter: 0
[2017.07.11-19.07.55:820][  0]LogD3D11RHI: Creating new Direct3DDevice
[2017.07.11-19.07.55:820][  0]LogD3D11RHI:     GPU DeviceId: 0x1401 (for the marketing name, search the web for "GPU Device Id")
[2017.07.11-19.07.55:820][  0]LogWindows: EnumDisplayDevices:
[2017.07.11-19.07.55:820][  0]LogWindows:    0. 'NVIDIA GeForce GTX 960' (P:1 D:1)
[2017.07.11-19.07.55:820][  0]LogWindows:    1. 'NVIDIA GeForce GTX 960' (P:0 D:0)
[2017.07.11-19.07.55:820][  0]LogWindows:    2. 'NVIDIA GeForce GTX 960' (P:0 D:0)
[2017.07.11-19.07.55:820][  0]LogWindows:    3. 'NVIDIA GeForce GTX 960' (P:0 D:0)
[2017.07.11-19.07.55:820][  0]LogWindows: DebugString: FoundDriverCount:4 
[2017.07.11-19.07.55:820][  0]LogD3D11RHI:     Adapter Name: NVIDIA GeForce GTX 960
[2017.07.11-19.07.55:820][  0]LogD3D11RHI:   Driver Version: 382.05 (internal:22.21.13.8205, unified:382.05)
[2017.07.11-19.07.55:820][  0]LogD3D11RHI:      Driver Date: 5-1-2017
[2017.07.11-19.07.55:820][  0]LogRHI: Texture pool is 1361 MB (70% of 1945 MB)
[2017.07.11-19.07.55:849][  0]LogD3D11RHI: Async texture creation enabled
[2017.07.11-19.07.55:859][  0]LogD3D11RHI: GPU Timing Frequency: 1000.000000 (Debug: 2 1)
[2017.07.11-19.07.55:862][  0]LogShaderCompilers: Guid format shader working directory is -20 characters bigger than the processId version (../../../../../../Users/Uses/Desktop/FYP/FYP_DumbTesting/Meeting/Intermediate/Shaders/WorkingDirectory/27328/).
[2017.07.11-19.07.55:862][  0]LogShaderCompilers: Cleaned the shader compiler working directory 'C:/Users/Uses/AppData/Local/Temp/UnrealShaderWorkingDir/5A21BF3646E66C8058C195AFCE46F32F/'.
[2017.07.11-19.07.55:862][  0]LogShaderCompilers:Display: Using Local Shader Compiler.
[2017.07.11-19.08.01:511][  0]LogTemp:Display: Loaded TP AllDesktopTargetPlatform
[2017.07.11-19.08.01:567][  0]LogTemp:Display: Loaded TP MacClientTargetPlatform
[2017.07.11-19.08.01:615][  0]LogTemp:Display: Loaded TP MacNoEditorTargetPlatform
[2017.07.11-19.08.01:661][  0]LogTemp:Display: Loaded TP MacServerTargetPlatform
[2017.07.11-19.08.01:727][  0]LogTemp:Display: Loaded TP MacTargetPlatform
[2017.07.11-19.08.01:788][  0]LogTemp:Display: Loaded TP WindowsClientTargetPlatform
[2017.07.11-19.08.01:835][  0]LogTemp:Display: Loaded TP WindowsNoEditorTargetPlatform
[2017.07.11-19.08.01:891][  0]LogTemp:Display: Loaded TP WindowsServerTargetPlatform
[2017.07.11-19.08.01:937][  0]LogTemp:Display: Loaded TP WindowsTargetPlatform
[2017.07.11-19.08.02:008][  0]LogTemp:Display: Loaded TP AndroidTargetPlatform
[2017.07.11-19.08.02:070][  0]LogTemp:Display: Loaded TP Android_ASTCTargetPlatform
[2017.07.11-19.08.02:119][  0]LogTemp:Display: Loaded TP Android_ATCTargetPlatform
[2017.07.11-19.08.02:203][  0]LogTemp:Display: Loaded TP Android_DXTTargetPlatform
[2017.07.11-19.08.02:250][  0]LogTemp:Display: Loaded TP Android_ETC1TargetPlatform
[2017.07.11-19.08.02:305][  0]LogTemp:Display: Loaded TP Android_ETC2TargetPlatform
[2017.07.11-19.08.02:407][  0]LogTemp:Display: Loaded TP Android_MultiTargetPlatform
[2017.07.11-19.08.02:407][  0]LogTemp:Display: Loaded TP Android_PVRTCTargetPlatform
[2017.07.11-19.08.02:455][  0]LogTemp:Display: Loaded TP HTML5TargetPlatform
[2017.07.11-19.08.02:611][  0]LogTemp:Display: Loaded TP IOSTargetPlatform
[2017.07.11-19.08.02:644][  0]LogTemp:Display: Loaded TP TVOSTargetPlatform
[2017.07.11-19.08.02:703][  0]LogTemp:Display: Loaded TP LinuxClientTargetPlatform
[2017.07.11-19.08.02:750][  0]LogTemp:Display: Loaded TP LinuxNoEditorTargetPlatform
[2017.07.11-19.08.02:806][  0]LogTemp:Display: Loaded TP LinuxServerTargetPlatform
[2017.07.11-19.08.02:882][  0]LogTemp:Display: Loaded TP LinuxTargetPlatform
[2017.07.11-19.08.02:882][  0]LogTargetPlatformManager:Display: Building Assets For Windows
[2017.07.11-19.08.03:598][  0]LogDerivedDataCache:Display: Max Cache Size: 512 MB
[2017.07.11-19.08.04:212][  0]LogDerivedDataCache: Loaded boot cache 0.60s 50MB C:/Users/Uses/AppData/Local/UnrealEngine/4.15/DerivedDataCache/Boot.ddc.
[2017.07.11-19.08.04:212][  0]LogDerivedDataCache:Display: Loaded Boot cache: C:/Users/Uses/AppData/Local/UnrealEngine/4.15/DerivedDataCache/Boot.ddc
[2017.07.11-19.08.04:212][  0]LogDerivedDataCache: FDerivedDataBackendGraph:  Pak pak cache file ../../../../../../Users/Uses/Desktop/FYP/FYP_DumbTesting/Meeting/DerivedDataCache/DDC.ddp not found, will not use a pak cache.
[2017.07.11-19.08.04:212][  0]LogDerivedDataCache: Unable to find inner node Pak for hierarchical cache Hierarchy.
[2017.07.11-19.08.04:212][  0]LogDerivedDataCache: FDerivedDataBackendGraph:  CompressedPak pak cache file ../../../../../../Users/Uses/Desktop/FYP/FYP_DumbTesting/Meeting/DerivedDataCache/Compressed.ddp not found, will not use a pak cache.
[2017.07.11-19.08.04:212][  0]LogDerivedDataCache: Unable to find inner node CompressedPak for hierarchical cache Hierarchy.
[2017.07.11-19.08.04:274][  0]LogDerivedDataCache:Display: Pak cache opened for reading ../../../Engine/DerivedDataCache/Compressed.ddp.
[2017.07.11-19.08.04:287][  0]LogDerivedDataCache: Using Local data cache path C:/Users/Uses/AppData/Local/UnrealEngine/Common/DerivedDataCache: Writable
[2017.07.11-19.08.04:300][  0]LogSlate: Using Freetype 2.6.0
[2017.07.11-19.08.04:363][  0]LogSlate: SlateFontCache - WITH_FREETYPE: 1, WITH_HARFBUZZ: 1
[2017.07.11-19.08.04:363][  0]LogSlate: SlateFontCache - WITH_FREETYPE: 1, WITH_HARFBUZZ: 1
[2017.07.11-19.08.09:876][  0]LogInit: Selected Device Profile: [Windows]
[2017.07.11-19.08.09:892][  0]LogContentStreaming: Texture pool size is 0.00 MB
[2017.07.11-19.08.10:395][  0]LogMeshUtilities: Using QuadricMeshReduction for automatic static mesh reduction
[2017.07.11-19.08.10:458][  0]LogSimplygon: Simplygon DLL not present - disabling.
[2017.07.11-19.08.10:546][  0]LogMeshUtilities: Using SimplygonSwarm for distributed automatic mesh merging
[2017.07.11-19.08.10:546][  0]LogMeshUtilities: No automatic skeletal mesh reduction module available
[2017.07.11-19.08.10:546][  0]LogMeshUtilities: No automatic mesh merging module available
[2017.07.11-19.08.14:599][  0]LogNetVersion: GetLocalNetworkVersion: CL: 3299760, ProjectName: meeting, ProjectVersion: , EngineNetworkVersion: 2, GameNetworkVersion: 0, NetworkChecksum: 116300604
[2017.07.11-19.08.14:679][  0]LogAssetRegistry: FAssetRegistry took 0.0228 seconds to start up
[2017.07.11-19.08.14:794][  0]LogPackageLocalizationCache: Processed 3 localized package path(s) for 2 prioritized culture(s) in 0.072491 seconds
[2017.07.11-19.08.14:799][  0]LogUObjectArray: 32493 objects as part of root set at end of initial load.
[2017.07.11-19.08.14:799][  0]LogUObjectAllocator: 7077032 out of 0 bytes used by permanent object pool.
[2017.07.11-19.08.14:799][  0]LogUObjectArray: CloseDisregardForGC: 0/0 objects in disregard for GC pool
[2017.07.11-19.08.14:850][  0]LogInit: WinSock: version 1.1 (2.2), MaxSocks=32767, MaxUdp=65467
[2017.07.11-19.08.45:237][  0]LogTcpMessaging: Initializing TcpMessaging bridge
[2017.07.11-19.08.45:293][  0]LogUdpMessaging: Initializing bridge on interface 0.0.0.0:0 to multicast group 230.0.0.1:6666.
[2017.07.11-19.08.47:453][  0]LogMaterial: Uniform references updated for custom material expression Custom.
[2017.07.11-19.08.48:191][  0]SourceControl: Info Source control is disabled
[2017.07.11-19.08.48:192][  0]SourceControl: Info Source control is disabled
[2017.07.11-19.08.48:277][  0]SourceControl: Info Source control is disabled
[2017.07.11-19.08.48:327][  0]SourceControl: Info Source control is disabled
[2017.07.11-19.08.50:261][  0]LogEngine: Initializing Engine...
[2017.07.11-19.08.50:270][  0]LogHMD: Failed to initialize OpenVR with code 110
[2017.07.11-19.08.50:907][  0]LogStats: UGameplayTagsManager::ConstructGameplayTagTree: Construct from data asset -  0.000 s
[2017.07.11-19.08.50:907][  0]LogStats: UGameplayTagsManager::ConstructGameplayTagTree: GameplayTagTreeChangedEvent.Broadcast -  0.000 s
[2017.07.11-19.08.51:134][  0]LogAIModule: Creating AISystem for world Untitled
[2017.07.11-19.08.51:246][  0]LogInit: XAudio2 using 'Speakers (Realtek High Definition Audio)' : 2 channels at 48 kHz using 32 bits per sample (channel mask 0x3)
[2017.07.11-19.08.51:266][  0]LogInit: FAudioDevice initialized.
[2017.07.11-19.08.51:290][  0]LogDerivedDataCache: Saved boot cache 0.02s 50MB C:/Users/Uses/AppData/Local/UnrealEngine/4.15/DerivedDataCache/Boot.ddc.
[2017.07.11-19.08.51:298][  0]LogInit: Texture streaming: Enabled
[2017.07.11-19.08.51:403][  0]LogEngineSessionManager: EngineSessionManager initialized
[2017.07.11-19.08.51:511][  0]LogInit: Transaction tracking system initialized
[2017.07.11-19.08.51:826][  0]BlueprintLog: New page: Editor Load
[2017.07.11-19.08.53:717][  0]LocalizationService: Info Localization service is disabled
[2017.07.11-19.08.54:850][  0]LogConsoleResponse:Display: 
[2017.07.11-19.08.57:851][  0]LogCook:Display: Max memory allowance for cook 16384mb min free memory 0mb
[2017.07.11-19.08.57:851][  0]LogCook:Display: Mobile HDR setting 1
[2017.07.11-19.08.58:176][  0]LogFileCache: Scanning file cache for directory 'C:/Users/Uses/Desktop/FYP/FYP_DumbTesting/Meeting/Content/' took 0.02s
[2017.07.11-19.09.00:391][  0]SourceControl: Info Source control is disabled
[2017.07.11-19.09.00:391][  0]Cmd: MAP LOAD FILE="../../../../../../Users/Uses/Desktop/FYP/FYP_DumbTesting/Meeting/Content/ThirdPersonBP/Maps/MockUp_Map.umap" TEMPLATE=0 SHOWPROGRESS=1 FEATURELEVEL=3
[2017.07.11-19.09.00:391][  0]LightingResults: New page: Lighting Build
[2017.07.11-19.09.00:426][  0]MapCheck: New page: Map Check
[2017.07.11-19.09.00:426][  0]LightingResults: New page: Lighting Build
[2017.07.11-19.09.01:366][  0]LogBlueprint:Warning: [Compiler ThirdPersonCharacter] Warning InputAction Event references unknown Action 'ResetVR' for  InputAction ResetVR
[2017.07.11-19.09.01:366][  0]LogBlueprint:Warning: [Compiler ThirdPersonCharacter] Warning Input Axis Event references unknown Axis 'LookUpRate' for  InputAxis LookUpRate
[2017.07.11-19.09.01:366][  0]LogBlueprint:Warning: [Compiler ThirdPersonCharacter] Warning Input Axis Event references unknown Axis 'TurnRate' for  InputAxis TurnRate
[2017.07.11-19.09.01:366][  0]LogBlueprint:Warning: [Compiler ThirdPersonCharacter] Warning InputAction Event references unknown Action 'Jump' for  InputAction Jump
[2017.07.11-19.09.01:366][  0]LogBlueprint:Warning: [Compiler ThirdPersonCharacter] Warning Input Axis Event references unknown Axis 'LookUp' for  InputAxis LookUp
[2017.07.11-19.09.01:367][  0]LogBlueprint:Warning: [Compiler ThirdPersonCharacter] Warning Input Axis Event references unknown Axis 'Turn' for  InputAxis Turn
[2017.07.11-19.09.01:370][  0]LogBlueprint:Warning: [Compiler ThirdPersonCharacter] Warning [0076.82] Compile of ThirdPersonCharacter successful, but with 6 Warning(s) [in 8 ms] (/Game/ThirdPersonBP/Blueprints/ThirdPersonCharacter.ThirdPersonCharacter)
[2017.07.11-19.09.01:370][  0]LogBlueprint:Warning: [Compiler ThirdPersonCharacter] Warning [0076.82] Compile of ThirdPersonCharacter successful, but with 7 Warning(s) [in 0 ms] (/Game/ThirdPersonBP/Blueprints/ThirdPersonCharacter.ThirdPersonCharacter)
[2017.07.11-19.09.01:370][  0]LogBlueprint:Warning: [Compiler ThirdPersonCharacter] Warning [0076.82] Compile of ThirdPersonCharacter successful, but with 8 Warning(s) [in 0 ms] (/Game/ThirdPersonBP/Blueprints/ThirdPersonCharacter.ThirdPersonCharacter)
[2017.07.11-19.09.01:376][  0]LogBlueprint:Warning: [Compiler ThirdPersonCharacter] Warning InputAction Event references unknown Action 'ResetVR' for  InputAction ResetVR
[2017.07.11-19.09.01:376][  0]LogBlueprint:Warning: [Compiler ThirdPersonCharacter] Warning Input Axis Event references unknown Axis 'LookUpRate' for  InputAxis LookUpRate
[2017.07.11-19.09.01:376][  0]LogBlueprint:Warning: [Compiler ThirdPersonCharacter] Warning Input Axis Event references unknown Axis 'TurnRate' for  InputAxis TurnRate
[2017.07.11-19.09.01:376][  0]LogBlueprint:Warning: [Compiler ThirdPersonCharacter] Warning InputAction Event references unknown Action 'Jump' for  InputAction Jump
[2017.07.11-19.09.01:376][  0]LogBlueprint:Warning: [Compiler ThirdPersonCharacter] Warning Input Axis Event references unknown Axis 'LookUp' for  InputAxis LookUp
[2017.07.11-19.09.01:377][  0]LogBlueprint:Warning: [Compiler ThirdPersonCharacter] Warning Input Axis Event references unknown Axis 'Turn' for  InputAxis Turn
[2017.07.11-19.09.01:380][  0]LogBlueprint:Warning: [Compiler ThirdPersonCharacter] Warning [0076.83] Compile of ThirdPersonCharacter successful, but with 6 Warning(s) [in 7 ms] (/Game/ThirdPersonBP/Blueprints/ThirdPersonCharacter.ThirdPersonCharacter)
[2017.07.11-19.09.01:380][  0]LogBlueprint:Warning: [Compiler ThirdPersonCharacter] Warning [0076.83] Compile of ThirdPersonCharacter successful, but with 7 Warning(s) [in 0 ms] (/Game/ThirdPersonBP/Blueprints/ThirdPersonCharacter.ThirdPersonCharacter)
[2017.07.11-19.09.01:380][  0]LogBlueprint:Warning: [Compiler ThirdPersonCharacter] Warning [0076.83] Compile of ThirdPersonCharacter successful, but with 8 Warning(s) [in 0 ms] (/Game/ThirdPersonBP/Blueprints/ThirdPersonCharacter.ThirdPersonCharacter)
[2017.07.11-19.09.03:517][  0]LogLinker:Warning: Can't find file '/Game/Art/Environment/newdev/FLOORFLOOR'
[2017.07.11-19.09.03:517][  0]LogLinker:Warning: Can't find file for asset '/Game/Art/Environment/newdev/FLOORFLOOR' while loading ../../../../../../Users/Uses/Desktop/FYP/FYP_DumbTesting/Meeting/Content/Art/Environment/Mesh/SM_Corridor_Floor.uasset.
[2017.07.11-19.09.03:517][  0]LoadErrors:Error: Error /Game/Art/Environment/Mesh/SM_Corridor_Floor : Can't find file for asset. /Game/Art/Environment/newdev/FLOORFLOOR
[2017.07.11-19.09.03:517][  0]LogLinker:Warning: Can't find file '/Game/Art/Environment/newdev/FLOORFLOOR'
[2017.07.11-19.09.03:517][  0]LogLinker:Warning: Can't find file for asset '/Game/Art/Environment/newdev/FLOORFLOOR' while loading ../../../../../../Users/Uses/Desktop/FYP/FYP_DumbTesting/Meeting/Content/Art/Environment/Mesh/SM_Corridor_Floor.uasset.
[2017.07.11-19.09.03:517][  0]LoadErrors:Error: Error /Game/Art/Environment/Mesh/SM_Corridor_Floor : Can't find file for asset. /Game/Art/Environment/newdev/FLOORFLOOR
[2017.07.11-19.09.03:533][  0]LogLinker:Warning: Can't find file '/Game/Art/Environment/newdev/zzzzzz'
[2017.07.11-19.09.03:533][  0]LogLinker:Warning: Can't find file for asset '/Game/Art/Environment/newdev/zzzzzz' while loading ../../../../../../Users/Uses/Desktop/FYP/FYP_DumbTesting/Meeting/Content/Art/Environment/Mesh/SM_Corridor_Frame.uasset.
[2017.07.11-19.09.03:533][  0]LoadErrors:Error: Error /Game/Art/Environment/Mesh/SM_Corridor_Frame : Can't find file for asset. /Game/Art/Environment/newdev/zzzzzz
[2017.07.11-19.09.03:533][  0]LogLinker:Warning: Can't find file '/Game/Art/Environment/newdev/zzzzzz'
[2017.07.11-19.09.03:533][  0]LogLinker:Warning: Can't find file for asset '/Game/Art/Environment/newdev/zzzzzz' while loading ../../../../../../Users/Uses/Desktop/FYP/FYP_DumbTesting/Meeting/Content/Art/Environment/Mesh/SM_Corridor_Frame.uasset.
[2017.07.11-19.09.03:533][  0]LoadErrors:Error: Error /Game/Art/Environment/Mesh/SM_Corridor_Frame : Can't find file for asset. /Game/Art/Environment/newdev/zzzzzz
[2017.07.11-19.09.03:548][  0]LogLinker:Warning: Can't find file '/Game/Art/Environment/newdev/2'
[2017.07.11-19.09.03:548][  0]LogLinker:Warning: Can't find file for asset '/Game/Art/Environment/newdev/2' while loading ../../../../../../Users/Uses/Desktop/FYP/FYP_DumbTesting/Meeting/Content/Art/Environment/Mesh/SM_Corridor_Wall.uasset.
[2017.07.11-19.09.03:548][  0]LoadErrors:Error: Error /Game/Art/Environment/Mesh/SM_Corridor_Wall : Can't find file for asset. /Game/Art/Environment/newdev/2
[2017.07.11-19.09.03:548][  0]LogLinker:Warning: Can't find file '/Game/Art/Environment/newdev/2'
[2017.07.11-19.09.03:548][  0]LogLinker:Warning: Can't find file for asset '/Game/Art/Environment/newdev/2' while loading ../../../../../../Users/Uses/Desktop/FYP/FYP_DumbTesting/Meeting/Content/Art/Environment/Mesh/SM_Corridor_Wall.uasset.
[2017.07.11-19.09.03:548][  0]LoadErrors:Error: Error /Game/Art/Environment/Mesh/SM_Corridor_Wall : Can't find file for asset. /Game/Art/Environment/newdev/2
[2017.07.11-19.09.07:602][  0]LogLinker:Warning: Can't find file '/Game/Art/Environment/newdev/2'
[2017.07.11-19.09.07:602][  0]LoadErrors: Info Failed to load /Game/Art/Environment/newdev/2.2 Referenced by SM_Corridor_Wall
[2017.07.11-19.09.07:602][  0]LogLinker:Warning: Can't find file for asset '/Game/Art/Environment/newdev/2' while loading NULL.
[2017.07.11-19.09.07:602][  0]LoadErrors: Info Failed to load /Game/Art/Environment/newdev/2.2 Referenced by SM_Corridor_Wall
[2017.07.11-19.09.07:603][  0]LogLinker:Warning: Can't find file '/Game/Art/Environment/newdev/zzzzzz'
[2017.07.11-19.09.07:603][  0]LoadErrors: Info Failed to load /Game/Art/Environment/newdev/zzzzzz.zzzzzz Referenced by SM_Corridor_Frame
[2017.07.11-19.09.07:603][  0]LogLinker:Warning: Can't find file for asset '/Game/Art/Environment/newdev/zzzzzz' while loading NULL.
[2017.07.11-19.09.07:603][  0]LoadErrors: Info Failed to load /Game/Art/Environment/newdev/zzzzzz.zzzzzz Referenced by SM_Corridor_Frame
[2017.07.11-19.09.07:604][  0]LogLinker:Warning: Can't find file '/Game/Art/Environment/newdev/FLOORFLOOR'
[2017.07.11-19.09.07:604][  0]LoadErrors: Info Failed to load /Game/Art/Environment/newdev/FLOORFLOOR.FLOORFLOOR Referenced by SM_Corridor_Floor
[2017.07.11-19.09.07:604][  0]LogLinker:Warning: Can't find file for asset '/Game/Art/Environment/newdev/FLOORFLOOR' while loading NULL.
[2017.07.11-19.09.07:604][  0]LoadErrors: Info Failed to load /Game/Art/Environment/newdev/FLOORFLOOR.FLOORFLOOR Referenced by SM_Corridor_Floor
[2017.07.11-19.09.13:421][  0]LogAIModule: Creating AISystem for world MockUp_Map
[2017.07.11-19.09.13:632][  0]LogEditorServer: Finished looking for orphan Actors (0.000 secs)
[2017.07.11-19.09.13:633][  0]Cmd: MAP CHECKDEP NOCLEARLOG
[2017.07.11-19.09.13:703][  0]MapCheck: Info Map check complete: 0 Error(s), 0 Warning(s), took 70.486ms to complete.
[2017.07.11-19.09.13:703][  0]LogFileHelpers: Loading map 'MockUp_Map' took 13.313
[2017.07.11-19.09.14:054][  0]LogCollectionManager: Loaded 0 collections in 0.002591 seconds
[2017.07.11-19.09.14:212][  0]LogFileCache: Scanning file cache for directory 'C:/Users/Uses/Desktop/FYP/FYP_DumbTesting/Meeting/Saved/Collections/' took 0.01s
[2017.07.11-19.09.14:212][  0]LogFileCache: Scanning file cache for directory 'C:/Users/Uses/Desktop/FYP/FYP_DumbTesting/Meeting/Content/Developers/Uses/Collections/' took 0.01s
[2017.07.11-19.09.14:212][  0]LogFileCache: Scanning file cache for directory 'C:/Users/Uses/Desktop/FYP/FYP_DumbTesting/Meeting/Content/Collections/' took 0.01s
[2017.07.11-19.09.14:212][  0]LogCollectionManager: Rebuilt the GUID cache for 0 collections in 0.000002 seconds
[2017.07.11-19.09.14:221][  0]LogContentBrowser: Native class hierarchy populated in 0.0091 seconds. Added 2250 classes and 455 folders.
[2017.07.11-19.09.14:281][  0]LogContentBrowser: Native class hierarchy updated for 'WidgetCarousel' in 0.0014 seconds. Added 0 classes and 0 folders.
[2017.07.11-19.09.16:020][  0]LogContentBrowser: Native class hierarchy updated for 'AddContentDialog' in 0.0025 seconds. Added 0 classes and 0 folders.
[2017.07.11-19.09.16:107][  0]LogContentBrowser: Native class hierarchy updated for 'SceneOutliner' in 0.0020 seconds. Added 1 classes and 2 folders.
[2017.07.11-19.09.16:372][  0]LogCrashTracker: Crashtracker disabled due to settings.
[2017.07.11-19.09.16:387][  0]LogUObjectGlobals:Warning: Failed to find object 'Class None.'
[2017.07.11-19.09.16:477][  0]LogContentBrowser: Native class hierarchy updated for 'HierarchicalLODOutliner' in 0.0017 seconds. Added 1 classes and 2 folders.
[2017.07.11-19.09.16:477][  0]LogLoad: (Engine Initialization) Total time: 91.93 seconds
[2017.07.11-19.09.16:477][  0]LogLoad: (Engine Initialization) Total Blueprint compile time: 0.29 seconds
[2017.07.11-19.09.16:477][  0]LogExternalProfiler: Found external profiler: VSPerf
[2017.07.11-19.09.16:477][  0]LogExternalProfiler: Using external profiler: VSPerf
[2017.07.11-19.09.16:818][  0]LogOcInput: OculusInput pre-init called
[2017.07.11-19.09.16:936][  0]LogContentStreaming: Texture pool size now 3000 MB
[2017.07.11-19.09.17:004][  0]LogSlate: Took 0.047344 seconds to synchronously load lazily loaded font '../../../Engine/Content/Slate/Fonts/Roboto-Regular.ttf' (155K)
[2017.07.11-19.09.17:053][  0]LogSlate: Took 0.042282 seconds to synchronously load lazily loaded font '../../../Engine/Content/Slate/Fonts/Roboto-Bold.ttf' (160K)
[2017.07.11-19.09.17:075][  0]LogSlate: Took 0.017489 seconds to synchronously load lazily loaded font '../../../Engine/Content/Editor/Slate/Fonts/FontAwesome.ttf' (139K)
[2017.07.11-19.09.17:465][  0]LogSlate: Took 0.029361 seconds to synchronously load lazily loaded font '../../../Engine/Content/Slate/Fonts/Roboto-Light.ttf' (159K)
[2017.07.11-19.09.17:558][  0]LogRenderer: Reallocating scene render targets to support 1184x660 NumSamples 1 (Frame:2).
[2017.07.11-19.09.17:644][  1]LogAssetRegistry: Asset discovery search completed in 62.9869 seconds
[2017.07.11-19.09.17:644][  1]LogCollectionManager: Rebuilt the object cache for 0 collections in 0.000007 seconds (found 0 objects)
[2017.07.11-19.09.17:677][  1]LogCollectionManager: Fixed up redirectors for 0 collections in 0.000023 seconds (updated 0 objects)
[2017.07.11-19.10.55:910][224]LogEditorFactories: Performing atomic reimport of [C:/Users/Uses/Desktop/new Dev/SM_Corridor_Intersection_Ceiling.FBX]
[2017.07.11-19.10.55:913][224]LogSlate: Took 0.000129 seconds to synchronously load lazily loaded font '../../../Engine/Content/Slate/Fonts/Roboto-Light.ttf' (159K)
[2017.07.11-19.10.55:941][224]LogFbx: Loading FBX Scene from C:/Users/Uses/Desktop/new Dev/SM_Corridor_Intersection_Ceiling.FBX
[2017.07.11-19.10.55:947][224]LogFbx: FBX Scene Loaded Succesfully
[2017.07.11-19.10.55:978][224]LogFbx:Warning: Triangulating static mesh Plane001
[2017.07.11-19.10.56:002][224]LogStaticMesh: Building static mesh SM_Corridor_Intersection_Ceiling...
[2017.07.11-19.10.56:008][224]LogStaticMesh: Built static mesh [0.02s] /Game/Art/Environment/Texture/SM_Corridor_Intersection_Ceiling.SM_Corridor_Intersection_Ceiling
[2017.07.11-19.10.56:049][224]LogEditorFactories: -- imported successfully
[2017.07.11-19.10.56:099][224]LogSlate: Took 0.000188 seconds to synchronously load lazily loaded font '../../../Engine/Content/Slate/Fonts/Roboto-Light.ttf' (159K)
[2017.07.11-19.10.57:558][374]LogEditorViewport: Clicking on Actor (LMB): StaticMeshActor (SM_Corridor_Intersection_Light)
[2017.07.11-19.11.07:756][511]LogEditorViewport: Clicking on Actor (LMB): StaticMeshActor (SM_Corridor_Intersection_Ceiling)
[2017.07.11-19.11.18:271][730]LogEditorViewport: Clicking on Actor (LMB): BP_Sky_Sphere_C (SkySphereBlueprint)
[2017.07.11-19.12.17:191][  3]LogEditorViewport: Clicking on Actor (LMB): StaticMeshActor (SM_Corridor_Intersection_Light)
[2017.07.11-19.12.27:313][746]LogMaterial: Missing cached shader map for material test, compiling. 
[2017.07.11-19.12.27:328][746]LogTemp:Display: Added material ShaderMap 0x000001D212472E80 with Material 0x000001D1D14D3380 to ShaderMapsBeingCompiled
[2017.07.11-19.12.27:406][746]LogTemp:Display: Kicking off shader compilation for test, GameThreadShaderMap 0x000001D212472E80
[2017.07.11-19.12.27:807][746]LogMaterial: Missing cached shader map for material test, compiling. 
[2017.07.11-19.12.27:807][746]LogTemp:Display: Added material ShaderMap 0x000001D2139B9980 with Material 0x000001D1D14D3380 to ShaderMapsBeingCompiled
[2017.07.11-19.12.27:821][746]LogTemp:Display: Kicking off shader compilation for test, GameThreadShaderMap 0x000001D2139B9980
[2017.07.11-19.12.27:821][746]LogMaterial: 0.00 seconds spent updating 1 materials, 1 interfaces, 0 instances, 0 with static permutations.
[2017.07.11-19.12.27:856][746]LogMaterial: Missing cached shader map for material FMatExpressionPreview MaterialExpressionConstant3Vector_0, compiling. 
[2017.07.11-19.12.27:857][746]LogTemp:Display: Added material ShaderMap 0x000001D213909600 with Material 0x000001D21397FA00 to ShaderMapsBeingCompiled
[2017.07.11-19.12.27:859][746]LogTemp:Display: Kicking off shader compilation for FMatExpressionPreview MaterialExpressionConstant3Vector_0, GameThreadShaderMap 0x000001D213909600
[2017.07.11-19.12.27:881][746]LogSlate: Took 0.012968 seconds to synchronously load lazily loaded font '../../../Engine/Content/Editor/Slate/Fonts/Roboto-BoldCondensed.ttf' (158K)
[2017.07.11-19.12.29:077][772]LogTemp:Display: Finished compile of shader map 0x000001D2139B9980
[2017.07.11-19.12.29:077][772]LogTemp:Display: Shader map test complete, GameThreadShaderMap 0x000001D2139B9980, marking material test as finished
[2017.07.11-19.12.29:077][772]LogTemp:Display: Marking material as finished 0x000001D1D14D3380
[2017.07.11-19.12.29:089][773]LogTemp:Display: Finished compile of shader map 0x000001D213909600
[2017.07.11-19.12.29:089][773]LogTemp:Display: Shader map FMatExpressionPreview MaterialExpressionConstant3Vector_0 complete, GameThreadShaderMap 0x000001D213909600, marking material FMatExpressionPreview MaterialExpressionConstant3Vector_0 as finished
[2017.07.11-19.12.29:089][773]LogTemp:Display: Marking material as finished 0x000001D21397FA00
[2017.07.11-19.12.29:340][793]MaterialEditorStats: Info Base pass shader with static lighting: 106 instructions
[2017.07.11-19.12.29:340][793]MaterialEditorStats: Info Base pass shader with only dynamic lighting: 80 instructions
[2017.07.11-19.12.29:340][793]MaterialEditorStats: Info Vertex shader: 29 instructions
[2017.07.11-19.12.29:340][793]MaterialEditorStats: Info Texture samplers: 3/16
[2017.07.11-19.12.33:016][118]LogMaterial: Missing cached shader map for material test, compiling. 
[2017.07.11-19.12.33:017][118]LogTemp:Display: Added material ShaderMap 0x000001D213077900 with Material 0x000001D1D14D3380 to ShaderMapsBeingCompiled
[2017.07.11-19.12.33:026][118]LogTemp:Display: Kicking off shader compilation for test, GameThreadShaderMap 0x000001D213077900
[2017.07.11-19.12.33:026][118]LogMaterial: 0.00 seconds spent updating 1 materials, 1 interfaces, 0 instances, 0 with static permutations.
[2017.07.11-19.12.33:061][118]LogMaterial: Missing cached shader map for material FMatExpressionPreview MaterialExpressionConstant3Vector_0, compiling. 
[2017.07.11-19.12.33:062][118]LogTemp:Display: Added material ShaderMap 0x000001D2131D3200 with Material 0x000001D21321E800 to ShaderMapsBeingCompiled
[2017.07.11-19.12.33:064][118]LogTemp:Display: Kicking off shader compilation for FMatExpressionPreview MaterialExpressionConstant3Vector_0, GameThreadShaderMap 0x000001D2131D3200
[2017.07.11-19.12.34:061][178]LogTemp:Display: Finished compile of shader map 0x000001D213077900
[2017.07.11-19.12.34:061][178]LogTemp:Display: Shader map test complete, GameThreadShaderMap 0x000001D213077900, marking material test as finished
[2017.07.11-19.12.34:061][178]LogTemp:Display: Marking material as finished 0x000001D1D14D3380
[2017.07.11-19.12.34:074][179]MaterialEditorStats: Info Base pass shader with static lighting: 106 instructions
[2017.07.11-19.12.34:074][179]MaterialEditorStats: Info Base pass shader with only dynamic lighting: 80 instructions
[2017.07.11-19.12.34:074][179]MaterialEditorStats: Info Vertex shader: 29 instructions
[2017.07.11-19.12.34:074][179]MaterialEditorStats: Info Texture samplers: 3/16
[2017.07.11-19.12.34:113][182]LogTemp:Display: Finished compile of shader map 0x000001D2131D3200
[2017.07.11-19.12.34:113][182]LogTemp:Display: Shader map FMatExpressionPreview MaterialExpressionConstant3Vector_0 complete, GameThreadShaderMap 0x000001D2131D3200, marking material FMatExpressionPreview MaterialExpressionConstant3Vector_0 as finished
[2017.07.11-19.12.34:113][182]LogTemp:Display: Marking material as finished 0x000001D21321E800
[2017.07.11-19.14.20:876][284]LogMaterial: Missing cached shader map for material test, compiling. 
[2017.07.11-19.14.20:876][284]LogTemp:Display: Added material ShaderMap 0x000001D212F66400 with Material 0x000001D1D14D3380 to ShaderMapsBeingCompiled
[2017.07.11-19.14.20:885][284]LogTemp:Display: Kicking off shader compilation for test, GameThreadShaderMap 0x000001D212F66400
[2017.07.11-19.14.20:885][284]LogMaterial: 0.00 seconds spent updating 1 materials, 1 interfaces, 0 instances, 0 with static permutations.
[2017.07.11-19.14.22:250][328]LogTemp:Display: Finished compile of shader map 0x000001D212F66400
[2017.07.11-19.14.22:250][328]LogTemp:Display: Shader map test complete, GameThreadShaderMap 0x000001D212F66400, marking material test as finished
[2017.07.11-19.14.22:250][328]LogTemp:Display: Marking material as finished 0x000001D1D14D3380
[2017.07.11-19.14.22:580][329]MaterialEditorStats: Info Base pass shader with static lighting: 106 instructions
[2017.07.11-19.14.22:580][329]MaterialEditorStats: Info Base pass shader with only dynamic lighting: 80 instructions
[2017.07.11-19.14.22:580][329]MaterialEditorStats: Info Vertex shader: 29 instructions
[2017.07.11-19.14.22:580][329]MaterialEditorStats: Info Texture samplers: 3/16
[2017.07.11-19.14.39:377][446]LogMaterial: Missing cached shader map for material test, compiling. 
[2017.07.11-19.14.39:377][446]LogTemp:Display: Added material ShaderMap 0x000001D21382EB00 with Material 0x000001D1D14D3380 to ShaderMapsBeingCompiled
[2017.07.11-19.14.39:386][446]LogTemp:Display: Kicking off shader compilation for test, GameThreadShaderMap 0x000001D21382EB00
[2017.07.11-19.14.39:386][446]LogMaterial: 0.00 seconds spent updating 1 materials, 1 interfaces, 0 instances, 0 with static permutations.
[2017.07.11-19.14.40:309][501]LogTemp:Display: Finished compile of shader map 0x000001D21382EB00
[2017.07.11-19.14.40:309][501]LogTemp:Display: Shader map test complete, GameThreadShaderMap 0x000001D21382EB00, marking material test as finished
[2017.07.11-19.14.40:309][501]LogTemp:Display: Marking material as finished 0x000001D1D14D3380
[2017.07.11-19.14.40:320][502]MaterialEditorStats: Info Base pass shader with static lighting: 106 instructions
[2017.07.11-19.14.40:320][502]MaterialEditorStats: Info Base pass shader with only dynamic lighting: 80 instructions
[2017.07.11-19.14.40:320][502]MaterialEditorStats: Info Vertex shader: 29 instructions
[2017.07.11-19.14.40:320][502]MaterialEditorStats: Info Texture samplers: 3/16
[2017.07.11-19.14.41:556][604]LogMaterial: Missing cached shader map for material test, compiling. 
[2017.07.11-19.14.41:557][604]LogTemp:Display: Added material ShaderMap 0x000001D21390B900 with Material 0x000001D1D14D3380 to ShaderMapsBeingCompiled
[2017.07.11-19.14.41:565][604]LogTemp:Display: Kicking off shader compilation for test, GameThreadShaderMap 0x000001D21390B900
[2017.07.11-19.14.41:566][604]LogMaterial: 0.00 seconds spent updating 1 materials, 1 interfaces, 0 instances, 0 with static permutations.
[2017.07.11-19.14.42:410][626]LogTemp:Display: Finished compile of shader map 0x000001D21390B900
[2017.07.11-19.14.42:410][626]LogTemp:Display: Shader map test complete, GameThreadShaderMap 0x000001D21390B900, marking material test as finished
[2017.07.11-19.14.42:410][626]LogTemp:Display: Marking material as finished 0x000001D1D14D3380
[2017.07.11-19.14.42:422][627]MaterialEditorStats: Info Base pass shader with static lighting: 106 instructions
[2017.07.11-19.14.42:422][627]MaterialEditorStats: Info Base pass shader with only dynamic lighting: 80 instructions
[2017.07.11-19.14.42:422][627]MaterialEditorStats: Info Vertex shader: 29 instructions
[2017.07.11-19.14.42:422][627]MaterialEditorStats: Info Texture samplers: 3/16
[2017.07.11-19.14.46:623][771]LogMaterial: Missing cached shader map for material test, compiling. 
[2017.07.11-19.14.46:624][771]LogTemp:Display: Added material ShaderMap 0x000001D21382C800 with Material 0x000001D1D14D3380 to ShaderMapsBeingCompiled
[2017.07.11-19.14.46:632][771]LogTemp:Display: Kicking off shader compilation for test, GameThreadShaderMap 0x000001D21382C800
[2017.07.11-19.14.46:632][771]LogMaterial: 0.00 seconds spent updating 1 materials, 1 interfaces, 0 instances, 0 with static permutations.
[2017.07.11-19.14.47:024][790]LogMaterial: Missing cached shader map for material test, compiling. 
[2017.07.11-19.14.47:025][790]LogTemp:Display: Added material ShaderMap 0x000001D212ADE780 with Material 0x000001D1D14D3380 to ShaderMapsBeingCompiled
[2017.07.11-19.14.47:039][790]LogTemp:Display: Kicking off shader compilation for test, GameThreadShaderMap 0x000001D212ADE780
[2017.07.11-19.14.47:039][790]LogMaterial: 0.00 seconds spent updating 1 materials, 1 interfaces, 0 instances, 0 with static permutations.
[2017.07.11-19.14.47:268][801]LogTemp:Display: Finished compile of shader map 0x000001D21382C800
[2017.07.11-19.14.47:268][801]LogTemp:Display: Shader map test complete, GameThreadShaderMap 0x000001D21382C800, marking material test as finished
[2017.07.11-19.14.47:268][801]LogTemp:Display: Marking material as finished 0x000001D1D14D3380
[2017.07.11-19.14.47:393][806]LogMaterial: Missing cached shader map for material test, compiling. 
[2017.07.11-19.14.47:394][806]LogTemp:Display: Added material ShaderMap 0x000001D2139B9280 with Material 0x000001D1D14D3380 to ShaderMapsBeingCompiled
[2017.07.11-19.14.47:409][806]LogTemp:Display: Kicking off shader compilation for test, GameThreadShaderMap 0x000001D2139B9280
[2017.07.11-19.14.47:409][806]LogMaterial: 0.00 seconds spent updating 1 materials, 1 interfaces, 0 instances, 0 with static permutations.
[2017.07.11-19.14.47:465][807]LogTemp:Display: Finished compile of shader map 0x000001D212ADE780
[2017.07.11-19.14.47:465][807]LogTemp:Display: Shader map test complete, GameThreadShaderMap 0x000001D212ADE780, marking material test as finished
[2017.07.11-19.14.47:465][807]LogTemp:Display: Marking material as finished 0x000001D1D14D3380
[2017.07.11-19.14.47:616][815]LogMaterial: Missing cached shader map for material test, compiling. 
[2017.07.11-19.14.47:617][815]LogTemp:Display: Added material ShaderMap 0x000001D212ADCF00 with Material 0x000001D1D14D3380 to ShaderMapsBeingCompiled
[2017.07.11-19.14.47:626][815]LogTemp:Display: Kicking off shader compilation for test, GameThreadShaderMap 0x000001D212ADCF00
[2017.07.11-19.14.47:626][815]LogMaterial: 0.00 seconds spent updating 1 materials, 1 interfaces, 0 instances, 0 with static permutations.
[2017.07.11-19.14.47:743][819]LogTemp:Display: Finished compile of shader map 0x000001D2139B9280
[2017.07.11-19.14.47:744][819]LogTemp:Display: Shader map test complete, GameThreadShaderMap 0x000001D2139B9280, marking material test as finished
[2017.07.11-19.14.47:744][819]LogTemp:Display: Marking material as finished 0x000001D1D14D3380
[2017.07.11-19.14.47:850][825]LogMaterial: Missing cached shader map for material test, compiling. 
[2017.07.11-19.14.47:851][825]LogTemp:Display: Added material ShaderMap 0x000001D21DEFA080 with Material 0x000001D1D14D3380 to ShaderMapsBeingCompiled
[2017.07.11-19.14.47:865][825]LogTemp:Display: Kicking off shader compilation for test, GameThreadShaderMap 0x000001D21DEFA080
[2017.07.11-19.14.47:865][825]LogMaterial: 0.00 seconds spent updating 1 materials, 1 interfaces, 0 instances, 0 with static permutations.
[2017.07.11-19.14.47:951][827]LogTemp:Display: Finished compile of shader map 0x000001D212ADCF00
[2017.07.11-19.14.47:951][827]LogTemp:Display: Shader map test complete, GameThreadShaderMap 0x000001D212ADCF00, marking material test as finished
[2017.07.11-19.14.47:951][827]LogTemp:Display: Marking material as finished 0x000001D1D14D3380
[2017.07.11-19.14.48:778][876]LogTemp:Display: Finished compile of shader map 0x000001D21DEFA080
[2017.07.11-19.14.48:778][876]LogTemp:Display: Shader map test complete, GameThreadShaderMap 0x000001D21DEFA080, marking material test as finished
[2017.07.11-19.14.48:778][876]LogTemp:Display: Marking material as finished 0x000001D1D14D3380
[2017.07.11-19.14.48:904][888]MaterialEditorStats: Info Base pass shader with static lighting: 106 instructions
[2017.07.11-19.14.48:904][888]MaterialEditorStats: Info Base pass shader with only dynamic lighting: 80 instructions
[2017.07.11-19.14.48:904][888]MaterialEditorStats: Info Vertex shader: 29 instructions
[2017.07.11-19.14.48:904][888]MaterialEditorStats: Info Texture samplers: 3/16
[2017.07.11-19.14.49:612][947]LogMaterial: Missing cached shader map for material test, compiling. 
[2017.07.11-19.14.49:613][947]LogTemp:Display: Added material ShaderMap 0x000001D21CB83C80 with Material 0x000001D1D14D3380 to ShaderMapsBeingCompiled
[2017.07.11-19.14.49:621][947]LogTemp:Display: Kicking off shader compilation for test, GameThreadShaderMap 0x000001D21CB83C80
[2017.07.11-19.14.49:621][947]LogMaterial: 0.00 seconds spent updating 1 materials, 1 interfaces, 0 instances, 0 with static permutations.
[2017.07.11-19.14.49:926][961]LogMaterial: Missing cached shader map for material test, compiling. 
[2017.07.11-19.14.49:927][961]LogTemp:Display: Added material ShaderMap 0x000001D21F382400 with Material 0x000001D1D14D3380 to ShaderMapsBeingCompiled
[2017.07.11-19.14.49:939][961]LogTemp:Display: Kicking off shader compilation for test, GameThreadShaderMap 0x000001D21F382400
[2017.07.11-19.14.49:939][961]LogMaterial: 0.00 seconds spent updating 1 materials, 1 interfaces, 0 instances, 0 with static permutations.
[2017.07.11-19.14.50:104][967]LogTemp:Display: Finished compile of shader map 0x000001D21CB83C80
[2017.07.11-19.14.50:104][967]LogTemp:Display: Shader map test complete, GameThreadShaderMap 0x000001D21CB83C80, marking material test as finished
[2017.07.11-19.14.50:104][967]LogTemp:Display: Marking material as finished 0x000001D1D14D3380
[2017.07.11-19.14.50:522][990]LogMaterial: Missing cached shader map for material test, compiling. 
[2017.07.11-19.14.50:523][990]LogTemp:Display: Added material ShaderMap 0x000001D212F65D00 with Material 0x000001D1D14D3380 to ShaderMapsBeingCompiled
[2017.07.11-19.14.50:533][990]LogTemp:Display: Kicking off shader compilation for test, GameThreadShaderMap 0x000001D212F65D00
[2017.07.11-19.14.50:533][990]LogMaterial: 0.00 seconds spent updating 1 materials, 1 interfaces, 0 instances, 0 with static permutations.
[2017.07.11-19.14.50:637][993]LogTemp:Display: Finished compile of shader map 0x000001D21F382400
[2017.07.11-19.14.50:637][993]LogTemp:Display: Shader map test complete, GameThreadShaderMap 0x000001D21F382400, marking material test as finished
[2017.07.11-19.14.50:637][993]LogTemp:Display: Marking material as finished 0x000001D1D14D3380
[2017.07.11-19.14.50:854][  1]LogMaterial: Missing cached shader map for material test, compiling. 
[2017.07.11-19.14.50:854][  1]LogTemp:Display: Added material ShaderMap 0x000001D21EFACF00 with Material 0x000001D1D14D3380 to ShaderMapsBeingCompiled
[2017.07.11-19.14.50:864][  1]LogTemp:Display: Kicking off shader compilation for test, GameThreadShaderMap 0x000001D21EFACF00
[2017.07.11-19.14.50:864][  1]LogMaterial: 0.00 seconds spent updating 1 materials, 1 interfaces, 0 instances, 0 with static permutations.
[2017.07.11-19.14.50:931][  2]LogTemp:Display: Finished compile of shader map 0x000001D212F65D00
[2017.07.11-19.14.50:931][  2]LogTemp:Display: Shader map test complete, GameThreadShaderMap 0x000001D212F65D00, marking material test as finished
[2017.07.11-19.14.50:931][  2]LogTemp:Display: Marking material as finished 0x000001D1D14D3380
[2017.07.11-19.14.51:412][ 28]LogMaterial: Missing cached shader map for material test, compiling. 
[2017.07.11-19.14.51:413][ 28]LogTemp:Display: Added material ShaderMap 0x000001D21EE3A400 with Material 0x000001D1D14D3380 to ShaderMapsBeingCompiled
[2017.07.11-19.14.51:426][ 28]LogTemp:Display: Kicking off shader compilation for test, GameThreadShaderMap 0x000001D21EE3A400
[2017.07.11-19.14.51:426][ 28]LogMaterial: 0.00 seconds spent updating 1 materials, 1 interfaces, 0 instances, 0 with static permutations.
[2017.07.11-19.14.51:502][ 29]LogTemp:Display: Finished compile of shader map 0x000001D21EFACF00
[2017.07.11-19.14.51:502][ 29]LogTemp:Display: Shader map test complete, GameThreadShaderMap 0x000001D21EFACF00, marking material test as finished
[2017.07.11-19.14.51:502][ 29]LogTemp:Display: Marking material as finished 0x000001D1D14D3380
[2017.07.11-19.14.52:369][ 80]LogTemp:Display: Finished compile of shader map 0x000001D21EE3A400
[2017.07.11-19.14.52:369][ 80]LogTemp:Display: Shader map test complete, GameThreadShaderMap 0x000001D21EE3A400, marking material test as finished
[2017.07.11-19.14.52:369][ 80]LogTemp:Display: Marking material as finished 0x000001D1D14D3380
[2017.07.11-19.14.52:381][ 81]MaterialEditorStats: Info Base pass shader with static lighting: 106 instructions
[2017.07.11-19.14.52:381][ 81]MaterialEditorStats: Info Base pass shader with only dynamic lighting: 80 instructions
[2017.07.11-19.14.52:381][ 81]MaterialEditorStats: Info Vertex shader: 29 instructions
[2017.07.11-19.14.52:381][ 81]MaterialEditorStats: Info Texture samplers: 3/16
[2017.07.11-19.15.14:697][468]LogMaterial: Missing cached shader map for material test, compiling. 
[2017.07.11-19.15.14:697][468]LogTemp:Display: Added material ShaderMap 0x000001D219AF1600 with Material 0x000001D1D14D3380 to ShaderMapsBeingCompiled
[2017.07.11-19.15.14:706][468]LogTemp:Display: Kicking off shader compilation for test, GameThreadShaderMap 0x000001D219AF1600
[2017.07.11-19.15.14:706][468]LogMaterial: 0.00 seconds spent updating 1 materials, 1 interfaces, 0 instances, 0 with static permutations.
[2017.07.11-19.15.15:873][537]LogTemp:Display: Finished compile of shader map 0x000001D219AF1600
[2017.07.11-19.15.15:873][537]LogTemp:Display: Shader map test complete, GameThreadShaderMap 0x000001D219AF1600, marking material test as finished
[2017.07.11-19.15.15:873][537]LogTemp:Display: Marking material as finished 0x000001D1D14D3380
[2017.07.11-19.15.15:886][538]MaterialEditorStats: Info Base pass shader with static lighting: 106 instructions
[2017.07.11-19.15.15:886][538]MaterialEditorStats: Info Base pass shader with only dynamic lighting: 80 instructions
[2017.07.11-19.15.15:886][538]MaterialEditorStats: Info Vertex shader: 29 instructions
[2017.07.11-19.15.15:886][538]MaterialEditorStats: Info Texture samplers: 3/16
[2017.07.11-19.15.17:415][660]LogMaterial: Missing cached shader map for material test, compiling. 
[2017.07.11-19.15.17:416][660]LogTemp:Display: Added material ShaderMap 0x000001D21ECA1D00 with Material 0x000001D1D14D3380 to ShaderMapsBeingCompiled
[2017.07.11-19.15.17:425][660]LogTemp:Display: Kicking off shader compilation for test, GameThreadShaderMap 0x000001D21ECA1D00
[2017.07.11-19.15.17:425][660]LogMaterial: 0.00 seconds spent updating 1 materials, 1 interfaces, 0 instances, 0 with static permutations.
[2017.07.11-19.15.18:440][676]LogTemp:Display: Finished compile of shader map 0x000001D21ECA1D00
[2017.07.11-19.15.18:440][676]LogTemp:Display: Shader map test complete, GameThreadShaderMap 0x000001D21ECA1D00, marking material test as finished
[2017.07.11-19.15.18:440][676]LogTemp:Display: Marking material as finished 0x000001D1D14D3380
[2017.07.11-19.15.18:772][677]MaterialEditorStats: Info Base pass shader with static lighting: 106 instructions
[2017.07.11-19.15.18:772][677]MaterialEditorStats: Info Base pass shader with only dynamic lighting: 80 instructions
[2017.07.11-19.15.18:772][677]MaterialEditorStats: Info Vertex shader: 29 instructions
[2017.07.11-19.15.18:772][677]MaterialEditorStats: Info Texture samplers: 3/16
[2017.07.11-19.17.35:550][183]LogSavePackage: Save=514.75ms
[2017.07.11-19.17.35:550][183]LogSavePackage: Moving '../../../../../../Users/Uses/Desktop/FYP/FYP_DumbTesting/Meeting/Saved/MockUp_MapCD63E6D74490B89536ADB69EEF0DCBA1.tmp' to '../../../../../../Users/Uses/Desktop/FYP/FYP_DumbTesting/Meeting/Content/ThirdPersonBP/Maps/MockUp_Map.umap'
[2017.07.11-19.17.35:603][183]LogSavePackage:Display: Finished SavePackage ../../../../../../Users/Uses/Desktop/FYP/FYP_DumbTesting/Meeting/Content/ThirdPersonBP/Maps/MockUp_Map.umap
[2017.07.11-19.17.37:053][183]LogSlate: Took 0.000142 seconds to synchronously load lazily loaded font '../../../Engine/Content/Slate/Fonts/Roboto-Regular.ttf' (155K)
[2017.07.11-19.17.37:524][183]LogSavePackage: Save=1026.81ms
[2017.07.11-19.17.37:524][183]LogSavePackage: Moving '../../../../../../Users/Uses/Desktop/FYP/FYP_DumbTesting/Meeting/Saved/MockUp_Map_BuiltData1C3C5C064C650C0EBEBCDC91B910BF3C.tmp' to '../../../../../../Users/Uses/Desktop/FYP/FYP_DumbTesting/Meeting/Content/ThirdPersonBP/Maps/MockUp_Map_BuiltData.uasset'
[2017.07.11-19.17.37:529][183]LogSavePackage:Display: Finished SavePackage ../../../../../../Users/Uses/Desktop/FYP/FYP_DumbTesting/Meeting/Content/ThirdPersonBP/Maps/MockUp_Map_BuiltData.uasset
[2017.07.11-19.17.39:252][375]LogTemp:Display: Removed shader map 0x000001D212472E80 from material 0x000001D1D14D3380
[2017.07.11-19.17.41:295][375]LogSavePackage: Save=14.34ms
[2017.07.11-19.17.41:295][375]LogSavePackage: Moving '../../../../../../Users/Uses/Desktop/FYP/FYP_DumbTesting/Meeting/Saved/SM_Corridor_Intersection_CeilingAB196DC940DDF9C7BC24BC89E9138D1A.tmp' to '../../../../../../Users/Uses/Desktop/FYP/FYP_DumbTesting/Meeting/Content/Art/Environment/Texture/SM_Corridor_Intersection_Ceiling.uasset'
[2017.07.11-19.17.41:300][375]LogSavePackage:Display: Finished SavePackage ../../../../../../Users/Uses/Desktop/FYP/FYP_DumbTesting/Meeting/Content/Art/Environment/Texture/SM_Corridor_Intersection_Ceiling.uasset
[2017.07.11-19.17.41:382][375]LogWindowsTextInputMethodSystem:Display: IME system now deactivated.
[2017.07.11-19.17.41:602][376]Cmd: QUIT_EDITOR
[2017.07.11-19.17.41:702][376]LogExit: Preparing to exit.
[2017.07.11-19.17.42:636][376]LogDirectoryWatcher: A directory notification for 'C:/Users/Uses/Desktop/FYP/FYP_DumbTesting/Meeting/Content/' was aborted.
[2017.07.11-19.17.42:664][376]LogExit: Editor shut down
[2017.07.11-19.17.42:665][376]LogExit: Transaction tracking system shut down
[2017.07.11-19.17.42:728][376]LogObj: Freed 0b from 0 cluster array pools.
[2017.07.11-19.17.42:728][376]LogExit: Object subsystem successfully closed.
[2017.07.11-19.17.42:744][376]LogD3D11RHI: Shutdown
[2017.07.11-19.17.42:744][376]LogD3D11RHI: CleanupD3DDevice
[2017.07.11-19.17.42:931][376]LogD3D11RHI: ~FD3D11DynamicRHI
[2017.07.11-19.17.42:943][376]LogModuleManager: Shutting down and abandoning module MaterialEditor (502)
[2017.07.11-19.17.42:943][376]LogModuleManager: Shutting down and abandoning module HierarchicalLODOutliner (500)
[2017.07.11-19.17.42:943][376]LogModuleManager: Shutting down and abandoning module CrashTracker (498)
[2017.07.11-19.17.42:943][376]LogModuleManager: Shutting down and abandoning module SceneOutliner (496)
[2017.07.11-19.17.42:943][376]LogModuleManager: Shutting down and abandoning module AddContentDialog (494)
[2017.07.11-19.17.42:943][376]LogDirectoryWatcher: A directory notification for 'C:/Program Files/Epic Games/UE_4.15/FeaturePacks/' was aborted.
[2017.07.11-19.17.42:944][376]LogModuleManager: Shutting down and abandoning module WidgetCarousel (493)
[2017.07.11-19.17.42:944][376]LogModuleManager: Shutting down and abandoning module EditorWidgets (490)
[2017.07.11-19.17.42:944][376]LogModuleManager: Shutting down and abandoning module CollectionManager (488)
[2017.07.11-19.17.42:944][376]LogDirectoryWatcher: A directory notification for 'C:/Users/Uses/Desktop/FYP/FYP_DumbTesting/Meeting/Content/Collections/' was aborted.
[2017.07.11-19.17.42:944][376]LogDirectoryWatcher: A directory notification for 'C:/Users/Uses/Desktop/FYP/FYP_DumbTesting/Meeting/Content/Developers/Uses/Collections/' was aborted.
[2017.07.11-19.17.42:944][376]LogDirectoryWatcher: A directory notification for 'C:/Users/Uses/Desktop/FYP/FYP_DumbTesting/Meeting/Saved/Collections/' was aborted.
[2017.07.11-19.17.42:944][376]LogModuleManager: Shutting down and abandoning module StatsViewer (486)
[2017.07.11-19.17.42:944][376]LogModuleManager: Shutting down and abandoning module FoliageEdit (484)
[2017.07.11-19.17.42:944][376]LogModuleManager: Shutting down and abandoning module LandscapeEditor (482)
[2017.07.11-19.17.42:944][376]LogModuleManager: Shutting down and abandoning module SceneDepthPickerMode (480)
[2017.07.11-19.17.42:944][376]LogModuleManager: Shutting down and abandoning module ActorPickerMode (478)
[2017.07.11-19.17.42:944][376]LogModuleManager: Shutting down and abandoning module GeometryMode (476)
[2017.07.11-19.17.42:944][376]LogModuleManager: Shutting down and abandoning module TextureAlignMode (474)
[2017.07.11-19.17.42:944][376]LogModuleManager: Shutting down and abandoning module BspMode (472)
[2017.07.11-19.17.42:944][376]LogModuleManager: Shutting down and abandoning module HardwareSurvey (470)
[2017.07.11-19.17.42:944][376]LogModuleManager: Shutting down and abandoning module SequenceRecorderSections (468)
[2017.07.11-19.17.42:944][376]LogModuleManager: Shutting down and abandoning module AutomationWorker (466)
[2017.07.11-19.17.42:944][376]LogModuleManager: Shutting down and abandoning module MatineeToLevelSequence (464)
[2017.07.11-19.17.42:944][376]LogModuleManager: Shutting down and abandoning module LevelSequenceEditor (462)
[2017.07.11-19.17.42:945][376]LogModuleManager: Shutting down and abandoning module PlacementMode (461)
[2017.07.11-19.17.42:945][376]LogModuleManager: Shutting down and abandoning module WmfMediaFactory (458)
[2017.07.11-19.17.42:945][376]LogModuleManager: Shutting down and abandoning module WmfMediaEditor (456)
[2017.07.11-19.17.42:945][376]LogModuleManager: Shutting down and abandoning module MfMediaFactory (454)
[2017.07.11-19.17.42:945][376]LogModuleManager: Shutting down and abandoning module MfMediaEditor (452)
[2017.07.11-19.17.42:945][376]LogModuleManager: Shutting down and abandoning module AvfMediaFactory (450)
[2017.07.11-19.17.42:945][376]LogModuleManager: Shutting down and abandoning module AvfMediaEditor (448)
[2017.07.11-19.17.42:945][376]LogModuleManager: Shutting down and abandoning module AndroidMediaFactory (446)
[2017.07.11-19.17.42:945][376]LogModuleManager: Shutting down and abandoning module Media (445)
[2017.07.11-19.17.42:945][376]LogModuleManager: Shutting down and abandoning module AndroidMediaEditor (442)
[2017.07.11-19.17.42:945][376]LogModuleManager: Shutting down and abandoning module CharacterAI (440)
[2017.07.11-19.17.42:945][376]LogModuleManager: Shutting down and abandoning module AudioCapture (438)
[2017.07.11-19.17.42:945][376]LogModuleManager: Shutting down and abandoning module SequenceRecorder (437)
[2017.07.11-19.17.42:945][376]LogModuleManager: Shutting down and abandoning module SmartSnapping (434)
[2017.07.11-19.17.42:945][376]LogModuleManager: Shutting down and abandoning module SessionServices (432)
[2017.07.11-19.17.42:945][376]LogModuleManager: Shutting down and abandoning module ViewportSnapping (430)
[2017.07.11-19.17.42:945][376]LogModuleManager: Shutting down and abandoning module ViewportInteraction (428)
[2017.07.11-19.17.42:945][376]LogModuleManager: Shutting down and abandoning module LogVisualizer (426)
[2017.07.11-19.17.42:945][376]LogModuleManager: Shutting down and abandoning module IntroTutorials (424)
[2017.07.11-19.17.42:945][376]LogModuleManager: Shutting down and abandoning module GameProjectGeneration (423)
[2017.07.11-19.17.42:945][376]LogModuleManager: Shutting down and abandoning module EditorLiveStreaming (420)
[2017.07.11-19.17.42:945][376]LogModuleManager: Shutting down and abandoning module IOSPlatformEditor (418)
[2017.07.11-19.17.42:945][376]LogModuleManager: Shutting down and abandoning module HTML5PlatformEditor (416)
[2017.07.11-19.17.42:945][376]LogModuleManager: Shutting down and abandoning module AndroidPlatformEditor (414)
[2017.07.11-19.17.42:945][376]LogModuleManager: Shutting down and abandoning module AndroidDeviceDetection (413)
[2017.07.11-19.17.43:812][376]LogModuleManager: Shutting down and abandoning module IOSRuntimeSettings (410)
[2017.07.11-19.17.43:812][376]LogModuleManager: Shutting down and abandoning module AndroidRuntimeSettings (408)
[2017.07.11-19.17.43:812][376]LogModuleManager: Shutting down and abandoning module InputBindingEditor (406)
[2017.07.11-19.17.43:812][376]LogModuleManager: Shutting down and abandoning module NiagaraEditor (404)
[2017.07.11-19.17.43:813][376]LogModuleManager: Shutting down and abandoning module MergeActors (402)
[2017.07.11-19.17.43:813][376]LogModuleManager: Shutting down and abandoning module SizeMap (400)
[2017.07.11-19.17.43:813][376]LogModuleManager: Shutting down and abandoning module TreeMap (398)
[2017.07.11-19.17.43:813][376]LogModuleManager: Shutting down and abandoning module ReferenceViewer (396)
[2017.07.11-19.17.43:813][376]LogModuleManager: Shutting down and abandoning module LocalizationDashboard (394)
[2017.07.11-19.17.43:813][376]LogModuleManager: Shutting down and abandoning module LocalizationService (393)
[2017.07.11-19.17.43:813][376]LogModuleManager: Shutting down and abandoning module HardwareTargeting (390)
[2017.07.11-19.17.43:813][376]LogModuleManager: Shutting down and abandoning module DeviceProfileEditor (388)
[2017.07.11-19.17.43:813][376]LogModuleManager: Shutting down and abandoning module UndoHistory (386)
[2017.07.11-19.17.43:813][376]LogModuleManager: Shutting down and abandoning module UserFeedback (384)
[2017.07.11-19.17.43:813][376]LogModuleManager: Shutting down and abandoning module XmlParser (382)
[2017.07.11-19.17.43:813][376]LogModuleManager: Shutting down and abandoning module Blutility (380)
[2017.07.11-19.17.43:813][376]LogModuleManager: Shutting down and abandoning module ProjectSettingsViewer (378)
[2017.07.11-19.17.43:813][376]LogModuleManager: Shutting down and abandoning module ProjectTargetPlatformEditor (377)
[2017.07.11-19.17.43:813][376]LogModuleManager: Shutting down and abandoning module EditorSettingsViewer (374)
[2017.07.11-19.17.43:813][376]LogModuleManager: Shutting down and abandoning module SettingsEditor (372)
[2017.07.11-19.17.43:814][376]LogModuleManager: Shutting down and abandoning module ProjectLauncher (370)
[2017.07.11-19.17.43:814][376]LogModuleManager: Shutting down and abandoning module SessionFrontend (368)
[2017.07.11-19.17.43:814][376]LogModuleManager: Shutting down and abandoning module ProfilerClient (366)
[2017.07.11-19.17.43:814][376]LogModuleManager: Shutting down and abandoning module DeviceManager (364)
[2017.07.11-19.17.43:814][376]LogModuleManager: Shutting down and abandoning module TargetDeviceServices (363)
[2017.07.11-19.17.43:867][376]LogModuleManager: Shutting down and abandoning module AutomationController (360)
[2017.07.11-19.17.43:867][376]LogModuleManager: Shutting down and abandoning module AutomationWindow (358)
[2017.07.11-19.17.43:867][376]LogModuleManager: Shutting down and abandoning module Layers (356)
[2017.07.11-19.17.43:867][376]LogModuleManager: Shutting down and abandoning module ComponentVisualizers (354)
[2017.07.11-19.17.43:867][376]LogModuleManager: Shutting down and abandoning module DetailCustomizations (352)
[2017.07.11-19.17.43:867][376]LogModuleManager: Shutting down and abandoning module PackagesDialog (350)
[2017.07.11-19.17.43:867][376]LogModuleManager: Shutting down and abandoning module Persona (348)
[2017.07.11-19.17.43:868][376]LogModuleManager: Shutting down and abandoning module AnimGraph (347)
[2017.07.11-19.17.43:868][376]LogModuleManager: Shutting down and abandoning module Kismet (344)
[2017.07.11-19.17.43:869][376]LogModuleManager: Shutting down and abandoning module GraphEditor (342)
[2017.07.11-19.17.43:869][376]LogModuleManager: Shutting down and abandoning module ClassViewer (340)
[2017.07.11-19.17.43:869][376]LogModuleManager: Shutting down and abandoning module Toolbox (338)
[2017.07.11-19.17.43:869][376]LogModuleManager: Shutting down and abandoning module ModuleUI (336)
[2017.07.11-19.17.43:869][376]LogModuleManager: Shutting down and abandoning module MovieSceneTools (334)
[2017.07.11-19.17.43:869][376]LogModuleManager: Shutting down and abandoning module OutputLog (332)
[2017.07.11-19.17.43:869][376]LogModuleManager: Shutting down and abandoning module GammaUI (330)
[2017.07.11-19.17.43:869][376]LogModuleManager: Shutting down and abandoning module Documentation (328)
[2017.07.11-19.17.43:869][376]LogModuleManager: Shutting down and abandoning module Niagara (326)
[2017.07.11-19.17.43:869][376]LogModuleManager: Shutting down and abandoning module StreamingPauseRendering (324)
[2017.07.11-19.17.43:870][376]LogModuleManager: Shutting down and abandoning module AnalyticsET (322)
[2017.07.11-19.17.43:870][376]LogModuleManager: Shutting down and abandoning module PortalServices (320)
[2017.07.11-19.17.43:870][376]LogModuleManager: Shutting down and abandoning module PortalRpc (318)
[2017.07.11-19.17.43:870][376]LogModuleManager: Shutting down and abandoning module MessagingRpc (316)
[2017.07.11-19.17.43:870][376]LogModuleManager: Shutting down and abandoning module AIModule (314)
[2017.07.11-19.17.43:870][376]LogModuleManager: Shutting down and abandoning module GameplayDebugger (313)
[2017.07.11-19.17.43:870][376]LogModuleManager: Shutting down and abandoning module AITestSuite (311)
[2017.07.11-19.17.43:870][376]LogModuleManager: Shutting down and abandoning module ProfilerService (308)
[2017.07.11-19.17.43:955][376]LogModuleManager: Shutting down and abandoning module TaskGraph (306)
[2017.07.11-19.17.43:955][376]LogModuleManager: Shutting down and abandoning module SteamVRController (304)
[2017.07.11-19.17.43:955][376]LogModuleManager: Shutting down and abandoning module SteamVR (302)
[2017.07.11-19.17.43:955][376]LogModuleManager: Shutting down and abandoning module ProceduralMeshComponentEditor (300)
[2017.07.11-19.17.43:955][376]LogModuleManager: Shutting down and abandoning module ProceduralMeshComponent (298)
[2017.07.11-19.17.43:955][376]LogModuleManager: Shutting down and abandoning module OculusLibrary (296)
[2017.07.11-19.17.43:955][376]LogModuleManager: Shutting down and abandoning module OculusInput (294)
[2017.07.11-19.17.43:955][376]LogModuleManager: Shutting down and abandoning module MobilePatchingUtils (292)
[2017.07.11-19.17.43:955][376]LogModuleManager: Shutting down and abandoning module CustomMeshComponent (290)
[2017.07.11-19.17.43:955][376]LogModuleManager: Shutting down and abandoning module CableComponent (288)
[2017.07.11-19.17.43:955][376]LogModuleManager: Shutting down and abandoning module ArchVisCharacter (286)
[2017.07.11-19.17.43:955][376]LogModuleManager: Shutting down and abandoning module MediaPlayerEditor (282)
[2017.07.11-19.17.43:955][376]LogModuleManager: Shutting down and abandoning module HTML5Networking (280)
[2017.07.11-19.17.43:955][376]LogModuleManager: Shutting down and abandoning module AlembicImporter (278)
[2017.07.11-19.17.43:955][376]LogModuleManager: Shutting down and abandoning module AlembicLibrary (277)
[2017.07.11-19.17.43:955][376]LogModuleManager: Shutting down and abandoning module GeometryCache (276)
[2017.07.11-19.17.43:955][376]LogModuleManager: Shutting down and abandoning module GeometryCacheEd (275)
[2017.07.11-19.17.43:955][376]LogModuleManager: Shutting down and abandoning module SuperSearchEditor (270)
[2017.07.11-19.17.43:955][376]LogModuleManager: Shutting down and abandoning module SuperSearch (269)
[2017.07.11-19.17.43:955][376]LogModuleManager: Shutting down and abandoning module SpeedTreeImporter (266)
[2017.07.11-19.17.43:955][376]LogModuleManager: Shutting down and abandoning module PluginBrowser (264)
[2017.07.11-19.17.43:955][376]LogModuleManager: Shutting down and abandoning module MobileLauncherProfileWizard (262)
[2017.07.11-19.17.43:955][376]LogModuleManager: Shutting down and abandoning module EpicSurvey (260)
[2017.07.11-19.17.43:955][376]LogModuleManager: Shutting down and abandoning module VisualStudioSourceCodeAccess (258)
[2017.07.11-19.17.43:955][376]LogModuleManager: Shutting down and abandoning module DesktopPlatform (257)
[2017.07.11-19.17.43:955][376]LogModuleManager: Shutting down and abandoning module UObjectPlugin (254)
[2017.07.11-19.17.43:955][376]LogModuleManager: Shutting down and abandoning module SubversionSourceControl (252)
[2017.07.11-19.17.43:955][376]LogModuleManager: Shutting down and abandoning module PerforceSourceControl (250)
[2017.07.11-19.17.43:955][376]LogModuleManager: Shutting down and abandoning module GitSourceControl (248)
[2017.07.11-19.17.43:956][376]LogModuleManager: Shutting down and abandoning module SourceControl (247)
[2017.07.11-19.17.43:956][376]LogModuleManager: Shutting down and abandoning module LightPropagationVolumeEditor (244)
[2017.07.11-19.17.43:956][376]LogModuleManager: Shutting down and abandoning module PaperTiledImporter (242)
[2017.07.11-19.17.43:956][376]LogModuleManager: Shutting down and abandoning module PaperSpriteSheetImporter (240)
[2017.07.11-19.17.43:956][376]LogModuleManager: Shutting down and abandoning module Paper2DEditor (238)
[2017.07.11-19.17.43:956][376]LogModuleManager: Shutting down and abandoning module MeshPaint (237)
[2017.07.11-19.17.43:956][376]LogModuleManager: Shutting down and abandoning module LevelEditor (235)
[2017.07.11-19.17.43:956][376]LogModuleManager: Shutting down and abandoning module PixelInspectorModule (234)
[2017.07.11-19.17.43:956][376]LogModuleManager: Shutting down and abandoning module MainFrame (232)
[2017.07.11-19.17.43:956][376]LogModuleManager: Shutting down and abandoning module HotReload (231)
[2017.07.11-19.17.43:956][376]LogDirectoryWatcher: A directory notification for 'C:/Users/Uses/Desktop/FYP/FYP_DumbTesting/Meeting/Binaries/Win64' was aborted.
[2017.07.11-19.17.43:957][376]LogModuleManager: Shutting down and abandoning module ContentBrowser (227)
[2017.07.11-19.17.43:958][376]LogModuleManager: Shutting down and abandoning module Meeting (224)
[2017.07.11-19.17.43:958][376]LogModuleManager: Shutting down and abandoning module PhysXVehiclesEditor (222)
[2017.07.11-19.17.43:958][376]LogModuleManager: Shutting down and abandoning module PhysXVehicles (220)
[2017.07.11-19.17.43:958][376]LogModuleManager: Shutting down and abandoning module LocationServicesBPLibrary (218)
[2017.07.11-19.17.43:958][376]LogModuleManager: Shutting down and abandoning module UdpMessaging (216)
[2017.07.11-19.17.44:059][376]LogModuleManager: Shutting down and abandoning module TcpMessaging (214)
[2017.07.11-19.17.44:159][376]LogModuleManager: Shutting down and abandoning module GameplayTagsEditor (212)
[2017.07.11-19.17.44:159][376]LogModuleManager: Shutting down and abandoning module FacialAnimationEditor (210)
[2017.07.11-19.17.44:159][376]LogModuleManager: Shutting down and abandoning module FacialAnimation (208)
[2017.07.11-19.17.44:159][376]LogModuleManager: Shutting down and abandoning module LightPropagationVolumeRuntime (206)
[2017.07.11-19.17.44:159][376]LogModuleManager: Shutting down and abandoning module Paper2D (204)
[2017.07.11-19.17.44:159][376]LogModuleManager: Shutting down and abandoning module WindowsMoviePlayer (202)
[2017.07.11-19.17.44:159][376]LogModuleManager: Shutting down and abandoning module WmfMedia (200)
[2017.07.11-19.17.44:159][376]LogModuleManager: Shutting down and abandoning module MfMedia (198)
[2017.07.11-19.17.44:159][376]LogModuleManager: Shutting down and abandoning module MediaAssets (196)
[2017.07.11-19.17.44:159][376]LogModuleManager: Shutting down and abandoning module GameLiveStreaming (194)
[2017.07.11-19.17.44:159][376]LogModuleManager: Shutting down and abandoning module VREditor (192)
[2017.07.11-19.17.44:159][376]LogModuleManager: Shutting down and abandoning module GameplayTasksEditor (190)
[2017.07.11-19.17.44:159][376]LogModuleManager: Shutting down and abandoning module BehaviorTreeEditor (188)
[2017.07.11-19.17.44:159][376]LogModuleManager: Shutting down and abandoning module FunctionalTesting (186)
[2017.07.11-19.17.44:159][376]LogModuleManager: Shutting down and abandoning module CollisionAnalyzer (184)
[2017.07.11-19.17.44:159][376]LogModuleManager: Shutting down and abandoning module UMG (182)
[2017.07.11-19.17.44:159][376]LogModuleManager: Shutting down and abandoning module UMGEditor (181)
[2017.07.11-19.17.44:159][376]LogModuleManager: Shutting down and abandoning module Sequencer (180)
[2017.07.11-19.17.44:160][376]LogModuleManager: Shutting down and abandoning module AssetTools (178)
[2017.07.11-19.17.44:160][376]LogModuleManager: Shutting down and abandoning module MessageLog (177)
[2017.07.11-19.17.44:160][376]LogModuleManager: Shutting down and abandoning module WorkspaceMenuStructure (176)
[2017.07.11-19.17.44:160][376]LogModuleManager: Shutting down and abandoning module SlateReflector (170)
[2017.07.11-19.17.44:160][376]LogModuleManager: Shutting down and abandoning module Slate (168)
[2017.07.11-19.17.44:160][376]LogModuleManager: Shutting down and abandoning module EditorStyle (166)
[2017.07.11-19.17.44:164][376]LogModuleManager: Shutting down and abandoning module SourceCodeAccess (164)
[2017.07.11-19.17.44:165][376]LogModuleManager: Shutting down and abandoning module HeadMountedDisplay (162)
[2017.07.11-19.17.44:165][376]LogModuleManager: Shutting down and abandoning module XAudio2 (160)
[2017.07.11-19.17.44:165][376]LogModuleManager: Shutting down and abandoning module Networking (158)
[2017.07.11-19.17.44:165][376]LogModuleManager: Shutting down and abandoning module Core (154)
[2017.07.11-19.17.44:165][376]LogModuleManager: Shutting down and abandoning module AssetRegistry (152)
[2017.07.11-19.17.44:382][376]LogDirectoryWatcher: A directory notification for '../../../Engine/Content/' was aborted.
[2017.07.11-19.17.44:382][376]LogDirectoryWatcher: A directory notification for '../../../../../../Users/Uses/Desktop/FYP/FYP_DumbTesting/Meeting/Content/' was aborted.
[2017.07.11-19.17.44:382][376]LogDirectoryWatcher: A directory notification for '../../../Engine/Plugins/2D/Paper2D/Content/' was aborted.
[2017.07.11-19.17.44:382][376]LogModuleManager: Shutting down and abandoning module DirectoryWatcher (151)
[2017.07.11-19.17.44:382][376]LogModuleManager: Shutting down and abandoning module KismetCompiler (148)
[2017.07.11-19.17.44:382][376]LogModuleManager: Shutting down and abandoning module PhysXFormats (146)
[2017.07.11-19.17.44:382][376]LogModuleManager: Shutting down and abandoning module MeshUtilities (144)
[2017.07.11-19.17.44:382][376]LogModuleManager: Shutting down and abandoning module SimplygonSwarm (143)
[2017.07.11-19.17.44:382][376]LogModuleManager: Shutting down and abandoning module SimplygonMeshReduction (141)
[2017.07.11-19.17.44:382][376]LogModuleManager: Shutting down and abandoning module QuadricMeshReduction (139)
[2017.07.11-19.17.44:382][376]LogModuleManager: Shutting down and abandoning module PropertyEditor (137)
[2017.07.11-19.17.44:382][376]LogModuleManager: Shutting down and abandoning module DerivedDataCache (134)
[2017.07.11-19.17.44:384][376]LogDerivedDataCache: Shutdown
[2017.07.11-19.17.44:384][376]LogModuleManager: Shutting down and abandoning module TargetPlatform (132)
[2017.07.11-19.17.44:384][376]LogModuleManager: Shutting down and abandoning module VulkanShaderFormat (131)
[2017.07.11-19.17.44:384][376]LogModuleManager: Shutting down and abandoning module ShaderFormatOpenGL (129)
[2017.07.11-19.17.44:384][376]LogModuleManager: Shutting down and abandoning module ShaderFormatD3D (127)
[2017.07.11-19.17.44:384][376]LogModuleManager: Shutting down and abandoning module MetalShaderFormat (125)
[2017.07.11-19.17.44:384][376]LogModuleManager: Shutting down and abandoning module TextureFormatUncompressed (123)
[2017.07.11-19.17.44:384][376]LogModuleManager: Shutting down and abandoning module TextureFormatPVR (121)
[2017.07.11-19.17.44:384][376]LogModuleManager: Shutting down and abandoning module TextureFormatDXT (119)
[2017.07.11-19.17.44:384][376]LogModuleManager: Shutting down and abandoning module TextureFormatIntelISPCTexComp (117)
[2017.07.11-19.17.44:384][376]LogModuleManager: Shutting down and abandoning module TextureFormatASTC (115)
[2017.07.11-19.17.44:384][376]LogModuleManager: Shutting down and abandoning module ImageWrapper (114)
[2017.07.11-19.17.44:384][376]LogModuleManager: Shutting down and abandoning module TextureFormatAndroid (111)
[2017.07.11-19.17.44:384][376]LogModuleManager: Shutting down and abandoning module AudioFormatOpus (109)
[2017.07.11-19.17.44:384][376]LogModuleManager: Shutting down and abandoning module AudioFormatOgg (107)
[2017.07.11-19.17.44:384][376]LogModuleManager: Shutting down and abandoning module AudioFormatADPCM (105)
[2017.07.11-19.17.44:384][376]LogModuleManager: Shutting down and abandoning module LinuxTargetPlatform (103)
[2017.07.11-19.17.44:384][376]LogModuleManager: Shutting down and abandoning module LinuxServerTargetPlatform (101)
[2017.07.11-19.17.44:384][376]LogModuleManager: Shutting down and abandoning module LinuxNoEditorTargetPlatform (99)
[2017.07.11-19.17.44:384][376]LogModuleManager: Shutting down and abandoning module LinuxClientTargetPlatform (97)
[2017.07.11-19.17.44:384][376]LogModuleManager: Shutting down and abandoning module TVOSTargetPlatform (95)
[2017.07.11-19.17.44:384][376]LogModuleManager: Shutting down and abandoning module Messaging (93)
[2017.07.11-19.17.44:384][376]LogModuleManager: Shutting down and abandoning module IOSTargetPlatform (91)
[2017.07.11-19.17.44:384][376]LogModuleManager: Shutting down and abandoning module HTML5TargetPlatform (89)
[2017.07.11-19.17.44:384][376]LogModuleManager: Shutting down and abandoning module Android_PVRTCTargetPlatform (87)
[2017.07.11-19.17.44:384][376]LogModuleManager: Shutting down and abandoning module Android_MultiTargetPlatform (85)
[2017.07.11-19.17.44:384][376]LogModuleManager: Shutting down and abandoning module Android_ETC2TargetPlatform (83)
[2017.07.11-19.17.44:384][376]LogModuleManager: Shutting down and abandoning module Android_ETC1TargetPlatform (81)
[2017.07.11-19.17.44:384][376]LogModuleManager: Shutting down and abandoning module Android_DXTTargetPlatform (79)
[2017.07.11-19.17.44:384][376]LogModuleManager: Shutting down and abandoning module Android_ATCTargetPlatform (77)
[2017.07.11-19.17.44:384][376]LogModuleManager: Shutting down and abandoning module Android_ASTCTargetPlatform (75)
[2017.07.11-19.17.44:384][376]LogModuleManager: Shutting down and abandoning module AndroidTargetPlatform (73)
[2017.07.11-19.17.44:384][376]LogModuleManager: Shutting down and abandoning module WindowsTargetPlatform (71)
[2017.07.11-19.17.44:384][376]LogModuleManager: Shutting down and abandoning module WindowsServerTargetPlatform (69)
[2017.07.11-19.17.44:384][376]LogModuleManager: Shutting down and abandoning module WindowsNoEditorTargetPlatform (67)
[2017.07.11-19.17.44:384][376]LogModuleManager: Shutting down and abandoning module WindowsClientTargetPlatform (65)
[2017.07.11-19.17.44:384][376]LogModuleManager: Shutting down and abandoning module MacTargetPlatform (63)
[2017.07.11-19.17.44:384][376]LogModuleManager: Shutting down and abandoning module MacServerTargetPlatform (61)
[2017.07.11-19.17.44:384][376]LogModuleManager: Shutting down and abandoning module MacNoEditorTargetPlatform (59)
[2017.07.11-19.17.44:384][376]LogModuleManager: Shutting down and abandoning module MacClientTargetPlatform (57)
[2017.07.11-19.17.44:384][376]LogModuleManager: Shutting down and abandoning module AllDesktopTargetPlatform (55)
[2017.07.11-19.17.44:384][376]LogModuleManager: Shutting down and abandoning module InputCore (52)
[2017.07.11-19.17.44:384][376]LogModuleManager: Shutting down and abandoning module Settings (50)
[2017.07.11-19.17.44:384][376]LogModuleManager: Shutting down and abandoning module OculusRift (48)
[2017.07.11-19.17.44:385][376]LogModuleManager: Shutting down and abandoning module GearVR (46)
[2017.07.11-19.17.44:385][376]LogModuleManager: Shutting down and abandoning module ExampleDeviceProfileSelector (44)
[2017.07.11-19.17.44:385][376]LogModuleManager: Shutting down and abandoning module OnlineBlueprintSupport (42)
[2017.07.11-19.17.44:385][376]LogModuleManager: Shutting down and abandoning module OnlineSubsystem (38)
[2017.07.11-19.17.44:385][376]LogOnline:Display: Unloading online subsystem: NULL
[2017.07.11-19.17.44:385][376]LogModuleManager: Shutting down and abandoning module XMPP (37)
[2017.07.11-19.17.44:385][376]LogModuleManager: Shutting down and abandoning module HTTP (35)
[2017.07.11-19.17.44:385][376]LogHttp:Display: Http module shutting down, but needs to wait on 1 outstanding Http requests:
[2017.07.11-19.17.44:385][376]LogHttp:Display: 	verb=[POST] url=[https://datarouter.ol.epicgames.com/datarouter/api/v1/public/data?SessionID=%7B7F2F5A22-43EC-2A10-AF39-5299370DCDC9%7D&AppID=UEEditor.Rocket.Release&AppVersion=4.15.3-3450819%2B%2B%2BUE4%2BRelease-4.15&UserID=ff5c9ed64219dcba232116aaa96ada53%7C658f3e819b6947628c70988c832621f1%7Cf581c966-c11e-46b0-983f-6267ea7ead98&AppEnvironment=datacollector-binary&UploadType=eteventstream] status=Processing
[2017.07.11-19.17.44:408][376]LogModuleManager: Shutting down and abandoning module SSL (34)
[2017.07.11-19.17.44:409][376]LogModuleManager: Shutting down and abandoning module AudioEditor (30)
[2017.07.11-19.17.44:409][376]LogModuleManager: Shutting down and abandoning module TextureCompressor (28)
[2017.07.11-19.17.44:409][376]LogModuleManager: Shutting down and abandoning module ShaderCore (26)
[2017.07.11-19.17.44:409][376]LogModuleManager: Shutting down and abandoning module Landscape (24)
[2017.07.11-19.17.44:409][376]LogModuleManager: Shutting down and abandoning module SlateRHIRenderer (22)
[2017.07.11-19.17.44:410][376]LogModuleManager: Shutting down and abandoning module OpenGLDrv (20)
[2017.07.11-19.17.44:410][376]LogModuleManager: Shutting down and abandoning module D3D11RHI (18)
[2017.07.11-19.17.44:410][376]LogModuleManager: Shutting down and abandoning module AnimGraphRuntime (16)
[2017.07.11-19.17.44:410][376]LogModuleManager: Shutting down and abandoning module Renderer (14)
[2017.07.11-19.17.44:410][376]LogModuleManager: Shutting down and abandoning module Engine (12)
[2017.07.11-19.17.44:410][376]LogModuleManager: Shutting down and abandoning module CoreUObject (10)
[2017.07.11-19.17.44:410][376]LogModuleManager: Shutting down and abandoning module NetworkFile (8)
[2017.07.11-19.17.44:410][376]LogModuleManager: Shutting down and abandoning module StreamingFile (6)
[2017.07.11-19.17.44:410][376]LogModuleManager: Shutting down and abandoning module SandboxFile (4)
[2017.07.11-19.17.44:410][376]LogModuleManager: Shutting down and abandoning module PakFile (2)
[2017.07.11-19.17.44:412][376]LogExit: Exiting.
[2017.07.11-19.17.44:414][376]Log file closed, 07/12/17 03:17:44
