Log file open, 06/22/17 02:02:37
LogInit:Display: Running engine for game: Meeting
LogPlatformFile: Not using cached read wrapper
LogInit:Display: RandInit(-2048812400) SRandInit(-2048812399).
LogTaskGraph: Started task graph with 5 named threads and 7 total threads with 1 sets of task threads.
LogStats: Stats thread started at 0.074296
LogInit: Using libcurl 7.47.1
LogInit:  - built for x86_64-pc-win32
LogInit:  - supports SSL with OpenSSL/1.0.2g
LogInit:  - supports HTTP deflate (compression) using libz 1.2.8
LogInit:  - other features:
LogInit:      CURL_VERSION_SSL
LogInit:      CURL_VERSION_LIBZ
LogInit:      CURL_VERSION_IPV6
LogInit:      CURL_VERSION_ASYNCHDNS
LogInit:      CURL_VERSION_LARGEFILE
LogInit:      CURL_VERSION_IDN
LogInit:  CurlRequestOptions (configurable via config and command line):
LogInit:  - bVerifyPeer = false  - Libcurl will NOT verify peer certificate
LogInit:  - bUseHttpProxy = false  - Libcurl will NOT use HTTP proxy
LogInit:  - bDontReuseConnections = false  - Libcurl will reuse connections
LogInit:  - CertBundlePath = nullptr  - Libcurl will use whatever was configured at build time.
LogInit: Build: ++UE4+Release-4.15-CL-3450819
LogInit: Engine Version: 4.15.3-3450819+++UE4+Release-4.15
LogInit: Compatible Engine Version: 4.15.0-3299760+++UE4+Release-4.15
LogInit: Net CL: 3299760
LogDevObjectVersion: Number of dev versions registered: 14
LogDevObjectVersion:   Dev-Blueprints (B0D832E4-1F89-4F0D-ACCF-7EB736FD4AA2): 8
LogDevObjectVersion:   Dev-Build (E1C64328-A22C-4D53-A36C-8E866417BD8C): 0
LogDevObjectVersion:   Dev-Core (375EC13C-06E4-48FB-B500-84F0262A717E): 2
LogDevObjectVersion:   Dev-Editor (E4B068ED-F494-42E9-A231-DA0B2E46BB41): 14
LogDevObjectVersion:   Dev-Framework (CFFC743F-43B0-4480-9391-14DF171D2073): 22
LogDevObjectVersion:   Dev-Mobile (B02B49B5-BB20-44E9-A304-32B752E40360): 0
LogDevObjectVersion:   Dev-Networking (A4E4105C-59A1-49B5-A7C5-40C4547EDFEE): 0
LogDevObjectVersion:   Dev-Online (39C831C9-5AE6-47DC-9A44-9C173E1C8E7C): 0
LogDevObjectVersion:   Dev-Physics (78F01B33-EBEA-4F98-B9B4-84EACCB95AA2): 0
LogDevObjectVersion:   Dev-Platform (6631380F-2D4D-43E0-8009-CF276956A95A): 0
LogDevObjectVersion:   Dev-Rendering (12F88B9F-8875-4AFC-A67C-D90C383ABD29): 12
LogDevObjectVersion:   Dev-Sequencer (7B5AE74C-D270-4C10-A958-57980B212A5A): 3
LogDevObjectVersion:   Dev-VR (D7296918-1DD6-4BDD-9DE2-64A83CC13884): 0
LogDevObjectVersion:   Dev-LoadTimes (C2A15278-BFE7-4AFE-6C17-90FF531DF755): 1
LogInit: Compiled (64-bit): May 21 2017 11:02:34
LogInit: Compiled with Visual C++: 19.00.23026.00
LogInit: Build Configuration: Development
LogInit: Branch Name: ++UE4+Release-4.15
LogInit: Command line:  
LogInit: Base directory: D:/UnrealEngine/UE_4.15/Engine/Binaries/Win64/
LogInit: Installed Engine Build: 1
LogInit: Presizing for max 8388607 objects, including 0 objects not considered by GC, pre-allocating 0 bytes for permanent pool.
LogInit: Object subsystem initialized
[2017.06.21-18.02.38:518][  0]LogInit: Selected Device Profile: [Windows]
[2017.06.21-18.02.38:518][  0]LogInit: Applying CVar settings loaded from the selected device profile: [Windows]
[2017.06.21-18.02.38:531][  0]LogInit: Computer: WINCTRL-E5MM7PO
[2017.06.21-18.02.38:531][  0]LogInit: User: HELLOBYE
[2017.06.21-18.02.38:531][  0]LogInit: CPU Page size=65536, Cores=3
[2017.06.21-18.02.38:532][  0]LogInit: High frequency timer resolution =3.825777 MHz
[2017.06.21-18.02.38:532][  0]LogMemory: Memory total: Physical=8.0GB (8GB approx)
[2017.06.21-18.02.38:532][  0]LogMemory: Platform Memory Stats for Windows
[2017.06.21-18.02.38:532][  0]LogMemory: Process Physical Memory: 262.57 MB used, 262.57 MB peak
[2017.06.21-18.02.38:532][  0]LogMemory: Process Virtual Memory: 262.34 MB used, 262.34 MB peak
[2017.06.21-18.02.38:532][  0]LogMemory: Physical Memory: 2943.90 MB used,  5230.21 MB free, 8174.11 MB total
[2017.06.21-18.02.38:532][  0]LogMemory: Virtual Memory: 644.47 MB used,  5230.21 MB free, 134217728.00 MB total
[2017.06.21-18.02.38:628][  0]LogTextLocalizationManager: No specific translations for ('en-MY') exist, so ('en') translations will be used.
[2017.06.21-18.02.39:472][  0]LogD3D11RHI: D3D11 adapters:
[2017.06.21-18.02.39:764][  0]LogD3D11RHI:    0. 'NVIDIA GeForce GTX 650' (Feature Level 11_0)
[2017.06.21-18.02.39:764][  0]LogD3D11RHI:       995/0/4087 MB DedicatedVideo/DedicatedSystem/SharedSystem, Outputs:1, VendorId:0x10de
[2017.06.21-18.02.39:767][  0]LogD3D11RHI:    1. 'Microsoft Basic Render Driver' (Feature Level 11_0)
[2017.06.21-18.02.39:767][  0]LogD3D11RHI:       0/0/4087 MB DedicatedVideo/DedicatedSystem/SharedSystem, Outputs:0, VendorId:0x1414
[2017.06.21-18.02.39:767][  0]LogD3D11RHI: Chosen D3D11 Adapter: 0
[2017.06.21-18.02.39:774][  0]LogD3D11RHI: Creating new Direct3DDevice
[2017.06.21-18.02.39:774][  0]LogD3D11RHI:     GPU DeviceId: 0xfc6 (for the marketing name, search the web for "GPU Device Id")
[2017.06.21-18.02.39:774][  0]LogWindows: EnumDisplayDevices:
[2017.06.21-18.02.39:774][  0]LogWindows:    0. 'NVIDIA GeForce GTX 650' (P:1 D:1)
[2017.06.21-18.02.39:775][  0]LogWindows:    1. 'NVIDIA GeForce GTX 650' (P:0 D:0)
[2017.06.21-18.02.39:775][  0]LogWindows:    2. 'NVIDIA GeForce GTX 650' (P:0 D:0)
[2017.06.21-18.02.39:776][  0]LogWindows:    3. 'NVIDIA GeForce GTX 650' (P:0 D:0)
[2017.06.21-18.02.39:776][  0]LogWindows: DebugString: FoundDriverCount:4 
[2017.06.21-18.02.39:776][  0]LogD3D11RHI:     Adapter Name: NVIDIA GeForce GTX 650
[2017.06.21-18.02.39:776][  0]LogD3D11RHI:   Driver Version: 382.05 (internal:22.21.13.8205, unified:382.05)
[2017.06.21-18.02.39:776][  0]LogD3D11RHI:      Driver Date: 5-1-2017
[2017.06.21-18.02.39:776][  0]LogRHI: Texture pool is 696 MB (70% of 995 MB)
[2017.06.21-18.02.40:015][  0]LogD3D11RHI:Warning: Timestamp queries are currently disabled on this hardware due to instability. Realtime GPU stats will not be available. You can override this behaviour by setting r.NVIDIATimestampWorkaround to 0
[2017.06.21-18.02.40:016][  0]LogD3D11RHI: Async texture creation enabled
[2017.06.21-18.02.40:181][  0]LogD3D11RHI: GPU Timing Frequency: 1000.000000 (Debug: 2 2)
[2017.06.21-18.02.40:231][  0]LogShaderCompilers: Guid format shader working directory is 6 characters bigger than the processId version (../../../../../GitHub/FYP_DumbTesting/Meeting/Intermediate/Shaders/WorkingDirectory/5092/).
[2017.06.21-18.02.40:231][  0]LogShaderCompilers: Cleaned the shader compiler working directory 'C:/Users/HELLO_BYE`/AppData/Local/Temp/UnrealShaderWorkingDir/2F5938ED45EC75F8EE4175BA59FF1B66/'.
[2017.06.21-18.02.40:231][  0]LogShaderCompilers:Display: Using Local Shader Compiler.
[2017.06.21-18.02.41:884][  0]LogTemp:Display: Loaded TP AllDesktopTargetPlatform
[2017.06.21-18.02.41:956][  0]LogTemp:Display: Loaded TP MacClientTargetPlatform
[2017.06.21-18.02.42:033][  0]LogTemp:Display: Loaded TP MacNoEditorTargetPlatform
[2017.06.21-18.02.42:101][  0]LogTemp:Display: Loaded TP MacServerTargetPlatform
[2017.06.21-18.02.42:172][  0]LogTemp:Display: Loaded TP MacTargetPlatform
[2017.06.21-18.02.42:248][  0]LogTemp:Display: Loaded TP WindowsClientTargetPlatform
[2017.06.21-18.02.42:324][  0]LogTemp:Display: Loaded TP WindowsNoEditorTargetPlatform
[2017.06.21-18.02.42:398][  0]LogTemp:Display: Loaded TP WindowsServerTargetPlatform
[2017.06.21-18.02.42:453][  0]LogTemp:Display: Loaded TP WindowsTargetPlatform
[2017.06.21-18.02.42:520][  0]LogTemp:Display: Loaded TP AndroidTargetPlatform
[2017.06.21-18.02.42:593][  0]LogTemp:Display: Loaded TP Android_ASTCTargetPlatform
[2017.06.21-18.02.42:670][  0]LogTemp:Display: Loaded TP Android_ATCTargetPlatform
[2017.06.21-18.02.42:738][  0]LogTemp:Display: Loaded TP Android_DXTTargetPlatform
[2017.06.21-18.02.42:802][  0]LogTemp:Display: Loaded TP Android_ETC1TargetPlatform
[2017.06.21-18.02.42:864][  0]LogTemp:Display: Loaded TP Android_ETC2TargetPlatform
[2017.06.21-18.02.42:995][  0]LogTemp:Display: Loaded TP Android_MultiTargetPlatform
[2017.06.21-18.02.42:995][  0]LogTemp:Display: Loaded TP Android_PVRTCTargetPlatform
[2017.06.21-18.02.43:040][  0]LogTemp:Display: Loaded TP HTML5TargetPlatform
[2017.06.21-18.02.43:150][  0]LogTemp:Display: Loaded TP IOSTargetPlatform
[2017.06.21-18.02.43:195][  0]LogTemp:Display: Loaded TP TVOSTargetPlatform
[2017.06.21-18.02.43:264][  0]LogTemp:Display: Loaded TP LinuxClientTargetPlatform
[2017.06.21-18.02.43:328][  0]LogTemp:Display: Loaded TP LinuxNoEditorTargetPlatform
[2017.06.21-18.02.43:405][  0]LogTemp:Display: Loaded TP LinuxServerTargetPlatform
[2017.06.21-18.02.43:479][  0]LogTemp:Display: Loaded TP LinuxTargetPlatform
[2017.06.21-18.02.43:479][  0]LogTargetPlatformManager:Display: Building Assets For Windows
[2017.06.21-18.02.43:977][  0]LogDerivedDataCache:Display: Max Cache Size: 512 MB
[2017.06.21-18.02.44:073][  0]LogDerivedDataCache: Loaded boot cache 0.10s 50MB C:/Users/HELLO_BYE`/AppData/Local/UnrealEngine/4.15/DerivedDataCache/Boot.ddc.
[2017.06.21-18.02.44:073][  0]LogDerivedDataCache:Display: Loaded Boot cache: C:/Users/HELLO_BYE`/AppData/Local/UnrealEngine/4.15/DerivedDataCache/Boot.ddc
[2017.06.21-18.02.44:073][  0]LogDerivedDataCache: FDerivedDataBackendGraph:  Pak pak cache file ../../../../../GitHub/FYP_DumbTesting/Meeting/DerivedDataCache/DDC.ddp not found, will not use a pak cache.
[2017.06.21-18.02.44:073][  0]LogDerivedDataCache: Unable to find inner node Pak for hierarchical cache Hierarchy.
[2017.06.21-18.02.44:073][  0]LogDerivedDataCache: FDerivedDataBackendGraph:  CompressedPak pak cache file ../../../../../GitHub/FYP_DumbTesting/Meeting/DerivedDataCache/Compressed.ddp not found, will not use a pak cache.
[2017.06.21-18.02.44:073][  0]LogDerivedDataCache: Unable to find inner node CompressedPak for hierarchical cache Hierarchy.
[2017.06.21-18.02.44:101][  0]LogDerivedDataCache:Display: Pak cache opened for reading ../../../Engine/DerivedDataCache/Compressed.ddp.
[2017.06.21-18.02.44:114][  0]LogDerivedDataCache: Using Local data cache path C:/Users/HELLO_BYE`/AppData/Local/UnrealEngine/Common/DerivedDataCache: Writable
[2017.06.21-18.02.44:134][  0]LogSlate: Using Freetype 2.6.0
[2017.06.21-18.02.44:135][  0]LogSlate: SlateFontCache - WITH_FREETYPE: 1, WITH_HARFBUZZ: 1
[2017.06.21-18.02.44:135][  0]LogSlate: SlateFontCache - WITH_FREETYPE: 1, WITH_HARFBUZZ: 1
[2017.06.21-18.02.44:518][  0]LogInit: Selected Device Profile: [Windows]
[2017.06.21-18.02.44:522][  0]LogContentStreaming: Texture pool size is 0.00 MB
[2017.06.21-18.02.44:768][  0]LogMeshUtilities: Using QuadricMeshReduction for automatic static mesh reduction
[2017.06.21-18.02.44:819][  0]LogSimplygon: Simplygon DLL not present - disabling.
[2017.06.21-18.02.44:870][  0]LogMeshUtilities: Using SimplygonSwarm for distributed automatic mesh merging
[2017.06.21-18.02.44:870][  0]LogMeshUtilities: No automatic skeletal mesh reduction module available
[2017.06.21-18.02.44:870][  0]LogMeshUtilities: No automatic mesh merging module available
[2017.06.21-18.02.45:533][  0]LogNetVersion: GetLocalNetworkVersion: CL: 3299760, ProjectName: meeting, ProjectVersion: , EngineNetworkVersion: 2, GameNetworkVersion: 0, NetworkChecksum: 116300604
[2017.06.21-18.02.45:586][  0]LogAssetRegistry: FAssetRegistry took 0.0216 seconds to start up
[2017.06.21-18.02.45:650][  0]LogPackageLocalizationCache: Processed 3 localized package path(s) for 2 prioritized culture(s) in 0.029674 seconds
[2017.06.21-18.02.45:660][  0]LogUObjectArray: 32493 objects as part of root set at end of initial load.
[2017.06.21-18.02.45:660][  0]LogUObjectAllocator: 7077032 out of 0 bytes used by permanent object pool.
[2017.06.21-18.02.45:660][  0]LogUObjectArray: CloseDisregardForGC: 0/0 objects in disregard for GC pool
[2017.06.21-18.02.45:756][  0]LogInit: WinSock: version 1.1 (2.2), MaxSocks=32767, MaxUdp=65467
[2017.06.21-18.02.48:244][  0]LogTcpMessaging: Initializing TcpMessaging bridge
[2017.06.21-18.02.48:287][  0]LogUdpMessaging: Initializing bridge on interface 0.0.0.0:0 to multicast group 230.0.0.1:6666.
[2017.06.21-18.02.48:827][  0]LogMaterial: Uniform references updated for custom material expression Custom.
[2017.06.21-18.02.49:269][  0]SourceControl: Info Source control is disabled
[2017.06.21-18.02.49:271][  0]SourceControl: Info Source control is disabled
[2017.06.21-18.02.49:324][  0]SourceControl: Info Source control is disabled
[2017.06.21-18.02.49:389][  0]SourceControl: Info Source control is disabled
[2017.06.21-18.02.50:834][  0]LogEngine: Initializing Engine...
[2017.06.21-18.02.50:834][  0]LogHMD: Failed to initialize OpenVR with code 100
[2017.06.21-18.02.50:964][  0]LogStats: UGameplayTagsManager::ConstructGameplayTagTree: Construct from data asset -  0.000 s
[2017.06.21-18.02.50:964][  0]LogStats: UGameplayTagsManager::ConstructGameplayTagTree: GameplayTagTreeChangedEvent.Broadcast -  0.000 s
[2017.06.21-18.02.51:100][  0]LogAIModule: Creating AISystem for world Untitled
[2017.06.21-18.02.51:115][  0]LogInit: XAudio2 using 'VX2363 Series-4 (NVIDIA High Definition Audio)' : 2 channels at 48 kHz using 16 bits per sample (channel mask 0x3)
[2017.06.21-18.02.51:149][  0]LogInit: FAudioDevice initialized.
[2017.06.21-18.02.51:199][  0]LogDerivedDataCache: Saved boot cache 0.05s 50MB C:/Users/HELLO_BYE`/AppData/Local/UnrealEngine/4.15/DerivedDataCache/Boot.ddc.
[2017.06.21-18.02.51:214][  0]LogInit: Texture streaming: Enabled
[2017.06.21-18.02.51:343][  0]LogEngineSessionManager: EngineSessionManager initialized
[2017.06.21-18.02.51:460][  0]LogInit: Transaction tracking system initialized
[2017.06.21-18.02.51:870][  0]BlueprintLog: New page: Editor Load
[2017.06.21-18.02.52:929][  0]LocalizationService: Info Localization service is disabled
[2017.06.21-18.02.53:703][  0]LogConsoleResponse:Display: 
[2017.06.21-18.02.53:850][  0]LogCook:Display: Max memory allowance for cook 16384mb min free memory 0mb
[2017.06.21-18.02.53:850][  0]LogCook:Display: Mobile HDR setting 1
[2017.06.21-18.02.55:052][  0]LogFileCache: Scanning file cache for directory 'D:/GitHub/FYP_DumbTesting/Meeting/Content/' took 0.01s
[2017.06.21-18.02.55:107][  0]SourceControl: Info Source control is disabled
[2017.06.21-18.02.55:107][  0]Cmd: MAP LOAD FILE="../../../../../GitHub/FYP_DumbTesting/Meeting/Content/ThirdPersonBP/Maps/ThirdPersonExampleMap.umap" TEMPLATE=0 SHOWPROGRESS=1 FEATURELEVEL=3
[2017.06.21-18.02.55:107][  0]LightingResults: New page: Lighting Build
[2017.06.21-18.02.55:153][  0]MapCheck: New page: Map Check
[2017.06.21-18.02.55:153][  0]LightingResults: New page: Lighting Build
[2017.06.21-18.02.55:330][  0]LogBlueprint:Warning: [Compiler ThirdPersonCharacter] Warning InputAction Event references unknown Action 'ResetVR' for  InputAction ResetVR
[2017.06.21-18.02.55:330][  0]LogBlueprint:Warning: [Compiler ThirdPersonCharacter] Warning Input Axis Event references unknown Axis 'LookUpRate' for  InputAxis LookUpRate
[2017.06.21-18.02.55:330][  0]LogBlueprint:Warning: [Compiler ThirdPersonCharacter] Warning Input Axis Event references unknown Axis 'TurnRate' for  InputAxis TurnRate
[2017.06.21-18.02.55:330][  0]LogBlueprint:Warning: [Compiler ThirdPersonCharacter] Warning InputAction Event references unknown Action 'Jump' for  InputAction Jump
[2017.06.21-18.02.55:331][  0]LogBlueprint:Warning: [Compiler ThirdPersonCharacter] Warning Input Axis Event references unknown Axis 'LookUp' for  InputAxis LookUp
[2017.06.21-18.02.55:331][  0]LogBlueprint:Warning: [Compiler ThirdPersonCharacter] Warning Input Axis Event references unknown Axis 'Turn' for  InputAxis Turn
[2017.06.21-18.02.55:335][  0]LogBlueprint:Warning: [Compiler ThirdPersonCharacter] Warning [0019.43] Compile of ThirdPersonCharacter successful, but with 6 Warning(s) [in 10 ms] (/Game/ThirdPersonBP/Blueprints/ThirdPersonCharacter.ThirdPersonCharacter)
[2017.06.21-18.02.55:335][  0]LogBlueprint:Warning: [Compiler ThirdPersonCharacter] Warning [0019.43] Compile of ThirdPersonCharacter successful, but with 7 Warning(s) [in 0 ms] (/Game/ThirdPersonBP/Blueprints/ThirdPersonCharacter.ThirdPersonCharacter)
[2017.06.21-18.02.55:335][  0]LogBlueprint:Warning: [Compiler ThirdPersonCharacter] Warning [0019.43] Compile of ThirdPersonCharacter successful, but with 8 Warning(s) [in 0 ms] (/Game/ThirdPersonBP/Blueprints/ThirdPersonCharacter.ThirdPersonCharacter)
[2017.06.21-18.02.55:344][  0]LogBlueprint:Warning: [Compiler ThirdPersonCharacter] Warning InputAction Event references unknown Action 'ResetVR' for  InputAction ResetVR
[2017.06.21-18.02.55:345][  0]LogBlueprint:Warning: [Compiler ThirdPersonCharacter] Warning Input Axis Event references unknown Axis 'LookUpRate' for  InputAxis LookUpRate
[2017.06.21-18.02.55:345][  0]LogBlueprint:Warning: [Compiler ThirdPersonCharacter] Warning Input Axis Event references unknown Axis 'TurnRate' for  InputAxis TurnRate
[2017.06.21-18.02.55:345][  0]LogBlueprint:Warning: [Compiler ThirdPersonCharacter] Warning InputAction Event references unknown Action 'Jump' for  InputAction Jump
[2017.06.21-18.02.55:345][  0]LogBlueprint:Warning: [Compiler ThirdPersonCharacter] Warning Input Axis Event references unknown Axis 'LookUp' for  InputAxis LookUp
[2017.06.21-18.02.55:346][  0]LogBlueprint:Warning: [Compiler ThirdPersonCharacter] Warning Input Axis Event references unknown Axis 'Turn' for  InputAxis Turn
[2017.06.21-18.02.55:356][  0]LogBlueprint:Warning: [Compiler ThirdPersonCharacter] Warning [0019.45] Compile of ThirdPersonCharacter successful, but with 6 Warning(s) [in 16 ms] (/Game/ThirdPersonBP/Blueprints/ThirdPersonCharacter.ThirdPersonCharacter)
[2017.06.21-18.02.55:356][  0]LogBlueprint:Warning: [Compiler ThirdPersonCharacter] Warning [0019.45] Compile of ThirdPersonCharacter successful, but with 7 Warning(s) [in 0 ms] (/Game/ThirdPersonBP/Blueprints/ThirdPersonCharacter.ThirdPersonCharacter)
[2017.06.21-18.02.55:356][  0]LogBlueprint:Warning: [Compiler ThirdPersonCharacter] Warning [0019.45] Compile of ThirdPersonCharacter successful, but with 8 Warning(s) [in 0 ms] (/Game/ThirdPersonBP/Blueprints/ThirdPersonCharacter.ThirdPersonCharacter)
[2017.06.21-18.02.55:362][  0]LogLinker:Warning: Can't find file '/Game/ThirdPersonBP/Maps/ThirdPersonExampleMap_BuiltData'
[2017.06.21-18.02.55:362][  0]LogLinker:Warning: Can't find file for asset '/Game/ThirdPersonBP/Maps/ThirdPersonExampleMap_BuiltData' while loading ../../../../../GitHub/FYP_DumbTesting/Meeting/Content/ThirdPersonBP/Maps/ThirdPersonExampleMap.umap.
[2017.06.21-18.02.55:362][  0]LoadErrors:Error: Error /Game/ThirdPersonBP/Maps/ThirdPersonExampleMap : Can't find file for asset. /Game/ThirdPersonBP/Maps/ThirdPersonExampleMap_BuiltData
[2017.06.21-18.02.55:432][  0]LogLinker:Warning: Can't find file '/Game/ThirdPersonBP/Maps/ThirdPersonExampleMap_BuiltData'
[2017.06.21-18.02.55:432][  0]LogLinker:Warning: Can't find file for asset '/Game/ThirdPersonBP/Maps/ThirdPersonExampleMap_BuiltData' while loading ../../../../../GitHub/FYP_DumbTesting/Meeting/Content/ThirdPersonBP/Maps/ThirdPersonExampleMap.umap.
[2017.06.21-18.02.55:432][  0]LoadErrors:Error: Error /Game/ThirdPersonBP/Maps/ThirdPersonExampleMap : Can't find file for asset. /Game/ThirdPersonBP/Maps/ThirdPersonExampleMap_BuiltData
[2017.06.21-18.02.55:452][  0]LogLinker:Warning: Can't find file '/Game/ThirdPersonBP/Maps/ThirdPersonExampleMap_BuiltData'
[2017.06.21-18.02.55:453][  0]LogLinker:Warning: Can't find file for asset '/Game/ThirdPersonBP/Maps/ThirdPersonExampleMap_BuiltData' while loading NULL.
[2017.06.21-18.02.55:453][  0]LogLinker:Warning: Can't find file '/Game/ThirdPersonBP/Maps/ThirdPersonExampleMap_BuiltData'
[2017.06.21-18.02.55:453][  0]LogLinker:Warning: Can't find file for asset '/Game/ThirdPersonBP/Maps/ThirdPersonExampleMap_BuiltData' while loading NULL.
[2017.06.21-18.02.55:593][  0]LogLinker:Warning: Can't find file '/Game/ThirdPersonBP/Maps/ThirdPersonExampleMap_BuiltData'
[2017.06.21-18.02.55:593][  0]LoadErrors: Info Failed to load /Game/ThirdPersonBP/Maps/ThirdPersonExampleMap_BuiltData.ThirdPersonExampleMap_BuiltData Referenced by PersistentLevel
[2017.06.21-18.02.55:593][  0]LogLinker:Warning: Can't find file for asset '/Game/ThirdPersonBP/Maps/ThirdPersonExampleMap_BuiltData' while loading NULL.
[2017.06.21-18.02.55:593][  0]LoadErrors: Info Failed to load /Game/ThirdPersonBP/Maps/ThirdPersonExampleMap_BuiltData.ThirdPersonExampleMap_BuiltData Referenced by PersistentLevel
[2017.06.21-18.02.56:018][  0]LogAIModule: Creating AISystem for world ThirdPersonExampleMap
[2017.06.21-18.02.56:099][  0]LogEditorServer: Finished looking for orphan Actors (0.000 secs)
[2017.06.21-18.02.56:100][  0]Cmd: MAP CHECKDEP NOCLEARLOG
[2017.06.21-18.02.56:157][  0]MapCheck: Info Map check complete: 0 Error(s), 0 Warning(s), took 56.463ms to complete.
[2017.06.21-18.02.56:157][  0]LogFileHelpers: Loading map 'ThirdPersonExampleMap' took 1.050
[2017.06.21-18.02.56:344][  0]LogCollectionManager: Loaded 0 collections in 0.001586 seconds
[2017.06.21-18.02.56:426][  0]LogFileCache: Scanning file cache for directory 'D:/GitHub/FYP_DumbTesting/Meeting/Saved/Collections/' took 0.01s
[2017.06.21-18.02.56:426][  0]LogFileCache: Scanning file cache for directory 'D:/GitHub/FYP_DumbTesting/Meeting/Content/Developers/HELLOBYE/Collections/' took 0.01s
[2017.06.21-18.02.56:426][  0]LogFileCache: Scanning file cache for directory 'D:/GitHub/FYP_DumbTesting/Meeting/Content/Collections/' took 0.01s
[2017.06.21-18.02.56:426][  0]LogCollectionManager: Rebuilt the GUID cache for 0 collections in 0.000002 seconds
[2017.06.21-18.02.56:440][  0]LogContentBrowser: Native class hierarchy populated in 0.0140 seconds. Added 2249 classes and 455 folders.
[2017.06.21-18.02.56:512][  0]LogContentBrowser: Native class hierarchy updated for 'WidgetCarousel' in 0.0015 seconds. Added 0 classes and 0 folders.
[2017.06.21-18.02.56:579][  0]LogContentBrowser: Native class hierarchy updated for 'AddContentDialog' in 0.0016 seconds. Added 0 classes and 0 folders.
[2017.06.21-18.02.56:630][  0]LogContentBrowser: Native class hierarchy updated for 'SceneOutliner' in 0.0024 seconds. Added 1 classes and 2 folders.
[2017.06.21-18.02.56:686][  0]LogCrashTracker: Crashtracker disabled due to settings.
[2017.06.21-18.02.56:695][  0]LogUObjectGlobals:Warning: Failed to find object 'Class None.'
[2017.06.21-18.02.56:766][  0]LogContentBrowser: Native class hierarchy updated for 'HierarchicalLODOutliner' in 0.0017 seconds. Added 1 classes and 2 folders.
[2017.06.21-18.02.56:766][  0]LogLoad: (Engine Initialization) Total time: 20.86 seconds
[2017.06.21-18.02.56:766][  0]LogLoad: (Engine Initialization) Total Blueprint compile time: 0.14 seconds
[2017.06.21-18.02.56:766][  0]LogExternalProfiler: Found external profiler: VSPerf
[2017.06.21-18.02.56:766][  0]LogExternalProfiler: Using external profiler: VSPerf
[2017.06.21-18.02.57:106][  0]LogOcInput: OculusInput pre-init called
[2017.06.21-18.02.57:129][  0]LogContentStreaming: Texture pool size now 1000 MB
[2017.06.21-18.02.57:135][  0]LogSlate: Took 0.000264 seconds to synchronously load lazily loaded font '../../../Engine/Content/Slate/Fonts/Roboto-Regular.ttf' (155K)
[2017.06.21-18.02.57:786][  2]LogRenderer: Reallocating scene render targets to support 128x128 NumSamples 1 (Frame:1).
[2017.06.21-18.02.57:786][  2]LogAssetRegistry: Asset discovery search completed in 12.2213 seconds
[2017.06.21-18.02.57:786][  2]LogCollectionManager: Rebuilt the object cache for 0 collections in 0.000011 seconds (found 0 objects)
[2017.06.21-18.02.57:786][  2]LogCollectionManager: Fixed up redirectors for 0 collections in 0.000068 seconds (updated 0 objects)
[2017.06.21-18.03.02:703][202]LogSlate: Took 0.000253 seconds to synchronously load lazily loaded font '../../../Engine/Content/Slate/Fonts/Roboto-Bold.ttf' (160K)
[2017.06.21-18.03.02:709][202]LogSlate: Took 0.000224 seconds to synchronously load lazily loaded font '../../../Engine/Content/Editor/Slate/Fonts/FontAwesome.ttf' (139K)
[2017.06.21-18.03.02:800][202]LogRenderer: Reallocating scene render targets to support 1208x600 NumSamples 1 (Frame:2).
[2017.06.21-18.03.02:800][202]LogSlate: Took 0.000258 seconds to synchronously load lazily loaded font '../../../Engine/Content/Slate/Fonts/Roboto-Light.ttf' (159K)
[2017.06.21-18.03.20:509][601]LogEditorViewport: Clicking on Actor (LMB): TargetPoint (TargetPoint3)
[2017.06.21-18.03.35:339][940]LogTemp: Repeting last play command: Selected Viewport
[2017.06.21-18.03.35:359][940]LogBlueprintUserMessages: Early PlayInEditor Detection: Level '/Game/ThirdPersonBP/Maps/ThirdPersonExampleMap.ThirdPersonExampleMap:PersistentLevel' has LevelScriptBlueprint '/Game/ThirdPersonBP/Maps/ThirdPersonExampleMap.ThirdPersonExampleMap:PersistentLevel.ThirdPersonExampleMap' with GeneratedClass '/Game/ThirdPersonBP/Maps/ThirdPersonExampleMap.ThirdPersonExampleMap_C' with ClassGeneratedBy '/Game/ThirdPersonBP/Maps/ThirdPersonExampleMap.ThirdPersonExampleMap:PersistentLevel.ThirdPersonExampleMap'
[2017.06.21-18.03.35:359][940]LogPlayLevel: PlayLevel: No blueprints needed recompiling
[2017.06.21-18.03.35:360][940]PIE: New page: PIE session: ThirdPersonExampleMap (Jun 22, 2017, 10:03:35 AM)
[2017.06.21-18.03.35:360][940]LogPlayLevel: Creating play world package: /Game/ThirdPersonBP/Maps/UEDPIE_0_ThirdPersonExampleMap
[2017.06.21-18.03.35:432][940]LogPlayLevel: PIE: StaticDuplicateObject took: (0.072411s)
[2017.06.21-18.03.35:433][940]LogAIModule: Creating AISystem for world ThirdPersonExampleMap
[2017.06.21-18.03.35:434][940]LogPlayLevel: PIE: World Init took: (0.001242s)
[2017.06.21-18.03.35:434][940]LogPlayLevel: PIE: Created PIE world by copying editor world from /Game/ThirdPersonBP/Maps/ThirdPersonExampleMap.ThirdPersonExampleMap to /Game/ThirdPersonBP/Maps/UEDPIE_0_ThirdPersonExampleMap.ThirdPersonExampleMap (0.074412s)
[2017.06.21-18.03.35:462][940]LogInit: XAudio2 using 'VX2363 Series-4 (NVIDIA High Definition Audio)' : 2 channels at 48 kHz using 16 bits per sample (channel mask 0x3)
[2017.06.21-18.03.35:471][940]LogInit: FAudioDevice initialized.
[2017.06.21-18.03.35:571][940]LogLoad: Game class is 'MeetingGameModeBase_BP_C'
[2017.06.21-18.03.35:594][940]LogWorld: Bringing World /Game/ThirdPersonBP/Maps/UEDPIE_0_ThirdPersonExampleMap.ThirdPersonExampleMap up for play (max tick rate 0) at 2017.06.22-02.03.35
[2017.06.21-18.03.35:599][940]LogWorld: Bringing up level for play took: 0.025811
[2017.06.21-18.03.35:648][940]LogContentBrowser: Native class hierarchy updated for 'MovieSceneCapture' in 0.0018 seconds. Added 11 classes and 0 folders.
[2017.06.21-18.03.35:652][940]PIE: Info Play in editor start time for /Game/ThirdPersonBP/Maps/UEDPIE_0_ThirdPersonExampleMap 1.139
[2017.06.21-18.03.35:653][940]LogBlueprintUserMessages: Late PlayInEditor Detection: Level '/Game/ThirdPersonBP/Maps/ThirdPersonExampleMap.ThirdPersonExampleMap:PersistentLevel' has LevelScriptBlueprint '/Game/ThirdPersonBP/Maps/ThirdPersonExampleMap.ThirdPersonExampleMap:PersistentLevel.ThirdPersonExampleMap' with GeneratedClass '/Game/ThirdPersonBP/Maps/ThirdPersonExampleMap.ThirdPersonExampleMap_C' with ClassGeneratedBy '/Game/ThirdPersonBP/Maps/ThirdPersonExampleMap.ThirdPersonExampleMap:PersistentLevel.ThirdPersonExampleMap'
[2017.06.21-18.03.45:122][273]LogBlueprintUserMessages: Early EndPlayMap Detection: Level '/Game/ThirdPersonBP/Maps/ThirdPersonExampleMap.ThirdPersonExampleMap:PersistentLevel' has LevelScriptBlueprint '/Game/ThirdPersonBP/Maps/ThirdPersonExampleMap.ThirdPersonExampleMap:PersistentLevel.ThirdPersonExampleMap' with GeneratedClass '/Game/ThirdPersonBP/Maps/ThirdPersonExampleMap.ThirdPersonExampleMap_C' with ClassGeneratedBy '/Game/ThirdPersonBP/Maps/ThirdPersonExampleMap.ThirdPersonExampleMap:PersistentLevel.ThirdPersonExampleMap'
[2017.06.21-18.03.45:205][273]LogBlueprintUserMessages: Late EndPlayMap Detection: Level '/Game/ThirdPersonBP/Maps/ThirdPersonExampleMap.ThirdPersonExampleMap:PersistentLevel' has LevelScriptBlueprint '/Game/ThirdPersonBP/Maps/ThirdPersonExampleMap.ThirdPersonExampleMap:PersistentLevel.ThirdPersonExampleMap' with GeneratedClass '/Game/ThirdPersonBP/Maps/ThirdPersonExampleMap.ThirdPersonExampleMap_C' with ClassGeneratedBy '/Game/ThirdPersonBP/Maps/ThirdPersonExampleMap.ThirdPersonExampleMap:PersistentLevel.ThirdPersonExampleMap'
[2017.06.21-18.03.49:797][387]LogTemp: Repeting last play command: Selected Viewport
[2017.06.21-18.03.49:818][387]LogBlueprintUserMessages: Early PlayInEditor Detection: Level '/Game/ThirdPersonBP/Maps/ThirdPersonExampleMap.ThirdPersonExampleMap:PersistentLevel' has LevelScriptBlueprint '/Game/ThirdPersonBP/Maps/ThirdPersonExampleMap.ThirdPersonExampleMap:PersistentLevel.ThirdPersonExampleMap' with GeneratedClass '/Game/ThirdPersonBP/Maps/ThirdPersonExampleMap.ThirdPersonExampleMap_C' with ClassGeneratedBy '/Game/ThirdPersonBP/Maps/ThirdPersonExampleMap.ThirdPersonExampleMap:PersistentLevel.ThirdPersonExampleMap'
[2017.06.21-18.03.49:818][387]LogPlayLevel: PlayLevel: No blueprints needed recompiling
[2017.06.21-18.03.49:818][387]PIE: New page: PIE session: ThirdPersonExampleMap (Jun 22, 2017, 10:03:49 AM)
[2017.06.21-18.03.49:818][387]LogPlayLevel: Creating play world package: /Game/ThirdPersonBP/Maps/UEDPIE_0_ThirdPersonExampleMap
[2017.06.21-18.03.49:890][387]LogPlayLevel: PIE: StaticDuplicateObject took: (0.071842s)
[2017.06.21-18.03.49:891][387]LogAIModule: Creating AISystem for world ThirdPersonExampleMap
[2017.06.21-18.03.49:891][387]LogPlayLevel: PIE: World Init took: (0.000858s)
[2017.06.21-18.03.49:892][387]LogPlayLevel: PIE: Created PIE world by copying editor world from /Game/ThirdPersonBP/Maps/ThirdPersonExampleMap.ThirdPersonExampleMap to /Game/ThirdPersonBP/Maps/UEDPIE_0_ThirdPersonExampleMap.ThirdPersonExampleMap (0.073278s)
[2017.06.21-18.03.49:916][387]LogInit: XAudio2 using 'VX2363 Series-4 (NVIDIA High Definition Audio)' : 2 channels at 48 kHz using 16 bits per sample (channel mask 0x3)
[2017.06.21-18.03.49:924][387]LogInit: FAudioDevice initialized.
[2017.06.21-18.03.49:954][387]LogLoad: Game class is 'MeetingGameModeBase_BP_C'
[2017.06.21-18.03.49:975][387]LogWorld: Bringing World /Game/ThirdPersonBP/Maps/UEDPIE_0_ThirdPersonExampleMap.ThirdPersonExampleMap up for play (max tick rate 0) at 2017.06.22-02.03.49
[2017.06.21-18.03.49:980][387]LogWorld: Bringing up level for play took: 0.024879
[2017.06.21-18.03.49:983][387]PIE: Info Play in editor start time for /Game/ThirdPersonBP/Maps/UEDPIE_0_ThirdPersonExampleMap -0.53
[2017.06.21-18.03.49:984][387]LogBlueprintUserMessages: Late PlayInEditor Detection: Level '/Game/ThirdPersonBP/Maps/ThirdPersonExampleMap.ThirdPersonExampleMap:PersistentLevel' has LevelScriptBlueprint '/Game/ThirdPersonBP/Maps/ThirdPersonExampleMap.ThirdPersonExampleMap:PersistentLevel.ThirdPersonExampleMap' with GeneratedClass '/Game/ThirdPersonBP/Maps/ThirdPersonExampleMap.ThirdPersonExampleMap_C' with ClassGeneratedBy '/Game/ThirdPersonBP/Maps/ThirdPersonExampleMap.ThirdPersonExampleMap:PersistentLevel.ThirdPersonExampleMap'
[2017.06.21-18.03.54:181][493]LogEditorViewport: Clicking on Actor (LMB): StaticMeshActor (AI_Move)
[2017.06.21-18.03.59:099][610]LogSlate: Took 0.000341 seconds to synchronously load lazily loaded font '../../../Engine/Content/Editor/Slate/Fonts/Roboto-Italic.ttf' (157K)
[2017.06.21-18.04.13:302][448]LogBlueprintUserMessages: Early EndPlayMap Detection: Level '/Game/ThirdPersonBP/Maps/ThirdPersonExampleMap.ThirdPersonExampleMap:PersistentLevel' has LevelScriptBlueprint '/Game/ThirdPersonBP/Maps/ThirdPersonExampleMap.ThirdPersonExampleMap:PersistentLevel.ThirdPersonExampleMap' with GeneratedClass '/Game/ThirdPersonBP/Maps/ThirdPersonExampleMap.ThirdPersonExampleMap_C' with ClassGeneratedBy '/Game/ThirdPersonBP/Maps/ThirdPersonExampleMap.ThirdPersonExampleMap:PersistentLevel.ThirdPersonExampleMap'
[2017.06.21-18.04.13:387][448]LogBlueprintUserMessages: Late EndPlayMap Detection: Level '/Game/ThirdPersonBP/Maps/ThirdPersonExampleMap.ThirdPersonExampleMap:PersistentLevel' has LevelScriptBlueprint '/Game/ThirdPersonBP/Maps/ThirdPersonExampleMap.ThirdPersonExampleMap:PersistentLevel.ThirdPersonExampleMap' with GeneratedClass '/Game/ThirdPersonBP/Maps/ThirdPersonExampleMap.ThirdPersonExampleMap_C' with ClassGeneratedBy '/Game/ThirdPersonBP/Maps/ThirdPersonExampleMap.ThirdPersonExampleMap:PersistentLevel.ThirdPersonExampleMap'
[2017.06.21-18.04.17:734][588]LogEditorViewport: Clicking on Actor (LMB): MatineeActor (MatineeActor2)
[2017.06.21-18.04.22:602][729]Cmd: SELECT NONE
[2017.06.21-18.10.31:854][871]Cmd: QUIT_EDITOR
[2017.06.21-18.10.31:943][871]LogWindowsTextInputMethodSystem:Display: IME system now deactivated.
[2017.06.21-18.10.31:973][871]LogExit: Preparing to exit.
[2017.06.21-18.10.32:611][871]LogDirectoryWatcher: A directory notification for 'D:/GitHub/FYP_DumbTesting/Meeting/Content/' was aborted.
[2017.06.21-18.10.32:650][871]LogExit: Editor shut down
[2017.06.21-18.10.32:650][871]LogExit: Transaction tracking system shut down
[2017.06.21-18.10.32:717][871]LogObj: Freed 0b from 0 cluster array pools.
[2017.06.21-18.10.32:717][871]LogExit: Object subsystem successfully closed.
[2017.06.21-18.10.32:727][871]LogD3D11RHI: Shutdown
[2017.06.21-18.10.32:727][871]LogD3D11RHI: CleanupD3DDevice
[2017.06.21-18.10.32:904][871]LogD3D11RHI: ~FD3D11DynamicRHI
[2017.06.21-18.10.32:917][871]LogModuleManager: Shutting down and abandoning module MovieSceneCapture (502)
[2017.06.21-18.10.32:917][871]LogModuleManager: Shutting down and abandoning module HierarchicalLODOutliner (500)
[2017.06.21-18.10.32:917][871]LogModuleManager: Shutting down and abandoning module CrashTracker (498)
[2017.06.21-18.10.32:917][871]LogModuleManager: Shutting down and abandoning module SceneOutliner (496)
[2017.06.21-18.10.32:917][871]LogModuleManager: Shutting down and abandoning module AddContentDialog (494)
[2017.06.21-18.10.32:917][871]LogDirectoryWatcher: A directory notification for 'D:/UnrealEngine/UE_4.15/FeaturePacks/' was aborted.
[2017.06.21-18.10.32:918][871]LogModuleManager: Shutting down and abandoning module WidgetCarousel (493)
[2017.06.21-18.10.32:918][871]LogModuleManager: Shutting down and abandoning module EditorWidgets (490)
[2017.06.21-18.10.32:918][871]LogModuleManager: Shutting down and abandoning module CollectionManager (488)
[2017.06.21-18.10.32:918][871]LogDirectoryWatcher: A directory notification for 'D:/GitHub/FYP_DumbTesting/Meeting/Content/Collections/' was aborted.
[2017.06.21-18.10.32:919][871]LogDirectoryWatcher: A directory notification for 'D:/GitHub/FYP_DumbTesting/Meeting/Content/Developers/HELLOBYE/Collections/' was aborted.
[2017.06.21-18.10.32:919][871]LogDirectoryWatcher: A directory notification for 'D:/GitHub/FYP_DumbTesting/Meeting/Saved/Collections/' was aborted.
[2017.06.21-18.10.32:919][871]LogModuleManager: Shutting down and abandoning module StatsViewer (486)
[2017.06.21-18.10.32:919][871]LogModuleManager: Shutting down and abandoning module FoliageEdit (484)
[2017.06.21-18.10.32:919][871]LogModuleManager: Shutting down and abandoning module LandscapeEditor (482)
[2017.06.21-18.10.32:919][871]LogModuleManager: Shutting down and abandoning module SceneDepthPickerMode (480)
[2017.06.21-18.10.32:919][871]LogModuleManager: Shutting down and abandoning module ActorPickerMode (478)
[2017.06.21-18.10.32:919][871]LogModuleManager: Shutting down and abandoning module GeometryMode (476)
[2017.06.21-18.10.32:919][871]LogModuleManager: Shutting down and abandoning module TextureAlignMode (474)
[2017.06.21-18.10.32:919][871]LogModuleManager: Shutting down and abandoning module BspMode (472)
[2017.06.21-18.10.32:919][871]LogModuleManager: Shutting down and abandoning module HardwareSurvey (470)
[2017.06.21-18.10.32:919][871]LogModuleManager: Shutting down and abandoning module SequenceRecorderSections (468)
[2017.06.21-18.10.32:919][871]LogModuleManager: Shutting down and abandoning module AutomationWorker (466)
[2017.06.21-18.10.32:919][871]LogModuleManager: Shutting down and abandoning module MatineeToLevelSequence (464)
[2017.06.21-18.10.32:919][871]LogModuleManager: Shutting down and abandoning module LevelSequenceEditor (462)
[2017.06.21-18.10.32:919][871]LogModuleManager: Shutting down and abandoning module PlacementMode (461)
[2017.06.21-18.10.32:919][871]LogModuleManager: Shutting down and abandoning module WmfMediaFactory (458)
[2017.06.21-18.10.32:919][871]LogModuleManager: Shutting down and abandoning module WmfMediaEditor (456)
[2017.06.21-18.10.32:919][871]LogModuleManager: Shutting down and abandoning module MfMediaFactory (454)
[2017.06.21-18.10.32:919][871]LogModuleManager: Shutting down and abandoning module MfMediaEditor (452)
[2017.06.21-18.10.32:919][871]LogModuleManager: Shutting down and abandoning module AvfMediaFactory (450)
[2017.06.21-18.10.32:919][871]LogModuleManager: Shutting down and abandoning module AvfMediaEditor (448)
[2017.06.21-18.10.32:919][871]LogModuleManager: Shutting down and abandoning module AndroidMediaFactory (446)
[2017.06.21-18.10.32:919][871]LogModuleManager: Shutting down and abandoning module Media (445)
[2017.06.21-18.10.32:919][871]LogModuleManager: Shutting down and abandoning module AndroidMediaEditor (442)
[2017.06.21-18.10.32:919][871]LogModuleManager: Shutting down and abandoning module CharacterAI (440)
[2017.06.21-18.10.32:919][871]LogModuleManager: Shutting down and abandoning module AudioCapture (438)
[2017.06.21-18.10.32:919][871]LogModuleManager: Shutting down and abandoning module SequenceRecorder (437)
[2017.06.21-18.10.32:919][871]LogModuleManager: Shutting down and abandoning module SmartSnapping (434)
[2017.06.21-18.10.32:919][871]LogModuleManager: Shutting down and abandoning module SessionServices (432)
[2017.06.21-18.10.32:919][871]LogModuleManager: Shutting down and abandoning module ViewportSnapping (430)
[2017.06.21-18.10.32:919][871]LogModuleManager: Shutting down and abandoning module ViewportInteraction (428)
[2017.06.21-18.10.32:919][871]LogModuleManager: Shutting down and abandoning module LogVisualizer (426)
[2017.06.21-18.10.32:919][871]LogModuleManager: Shutting down and abandoning module IntroTutorials (424)
[2017.06.21-18.10.32:919][871]LogModuleManager: Shutting down and abandoning module GameProjectGeneration (423)
[2017.06.21-18.10.32:919][871]LogModuleManager: Shutting down and abandoning module EditorLiveStreaming (420)
[2017.06.21-18.10.32:919][871]LogModuleManager: Shutting down and abandoning module IOSPlatformEditor (418)
[2017.06.21-18.10.32:919][871]LogModuleManager: Shutting down and abandoning module HTML5PlatformEditor (416)
[2017.06.21-18.10.32:919][871]LogModuleManager: Shutting down and abandoning module AndroidPlatformEditor (414)
[2017.06.21-18.10.32:919][871]LogModuleManager: Shutting down and abandoning module AndroidDeviceDetection (413)
[2017.06.21-18.10.33:539][871]LogModuleManager: Shutting down and abandoning module IOSRuntimeSettings (410)
[2017.06.21-18.10.33:539][871]LogModuleManager: Shutting down and abandoning module AndroidRuntimeSettings (408)
[2017.06.21-18.10.33:539][871]LogModuleManager: Shutting down and abandoning module InputBindingEditor (406)
[2017.06.21-18.10.33:539][871]LogModuleManager: Shutting down and abandoning module NiagaraEditor (404)
[2017.06.21-18.10.33:539][871]LogModuleManager: Shutting down and abandoning module MergeActors (402)
[2017.06.21-18.10.33:539][871]LogModuleManager: Shutting down and abandoning module SizeMap (400)
[2017.06.21-18.10.33:539][871]LogModuleManager: Shutting down and abandoning module TreeMap (398)
[2017.06.21-18.10.33:539][871]LogModuleManager: Shutting down and abandoning module ReferenceViewer (396)
[2017.06.21-18.10.33:539][871]LogModuleManager: Shutting down and abandoning module LocalizationDashboard (394)
[2017.06.21-18.10.33:539][871]LogModuleManager: Shutting down and abandoning module LocalizationService (393)
[2017.06.21-18.10.33:539][871]LogModuleManager: Shutting down and abandoning module HardwareTargeting (390)
[2017.06.21-18.10.33:539][871]LogModuleManager: Shutting down and abandoning module DeviceProfileEditor (388)
[2017.06.21-18.10.33:539][871]LogModuleManager: Shutting down and abandoning module UndoHistory (386)
[2017.06.21-18.10.33:539][871]LogModuleManager: Shutting down and abandoning module UserFeedback (384)
[2017.06.21-18.10.33:539][871]LogModuleManager: Shutting down and abandoning module XmlParser (382)
[2017.06.21-18.10.33:539][871]LogModuleManager: Shutting down and abandoning module Blutility (380)
[2017.06.21-18.10.33:539][871]LogModuleManager: Shutting down and abandoning module ProjectSettingsViewer (378)
[2017.06.21-18.10.33:540][871]LogModuleManager: Shutting down and abandoning module ProjectTargetPlatformEditor (377)
[2017.06.21-18.10.33:540][871]LogModuleManager: Shutting down and abandoning module EditorSettingsViewer (374)
[2017.06.21-18.10.33:540][871]LogModuleManager: Shutting down and abandoning module SettingsEditor (372)
[2017.06.21-18.10.33:540][871]LogModuleManager: Shutting down and abandoning module ProjectLauncher (370)
[2017.06.21-18.10.33:540][871]LogModuleManager: Shutting down and abandoning module SessionFrontend (368)
[2017.06.21-18.10.33:540][871]LogModuleManager: Shutting down and abandoning module ProfilerClient (366)
[2017.06.21-18.10.33:540][871]LogModuleManager: Shutting down and abandoning module DeviceManager (364)
[2017.06.21-18.10.33:540][871]LogModuleManager: Shutting down and abandoning module TargetDeviceServices (363)
[2017.06.21-18.10.33:583][871]LogModuleManager: Shutting down and abandoning module AutomationController (360)
[2017.06.21-18.10.33:583][871]LogModuleManager: Shutting down and abandoning module AutomationWindow (358)
[2017.06.21-18.10.33:583][871]LogModuleManager: Shutting down and abandoning module Layers (356)
[2017.06.21-18.10.33:583][871]LogModuleManager: Shutting down and abandoning module ComponentVisualizers (354)
[2017.06.21-18.10.33:583][871]LogModuleManager: Shutting down and abandoning module DetailCustomizations (352)
[2017.06.21-18.10.33:583][871]LogModuleManager: Shutting down and abandoning module PackagesDialog (350)
[2017.06.21-18.10.33:583][871]LogModuleManager: Shutting down and abandoning module Persona (348)
[2017.06.21-18.10.33:583][871]LogModuleManager: Shutting down and abandoning module AnimGraph (347)
[2017.06.21-18.10.33:583][871]LogModuleManager: Shutting down and abandoning module Kismet (344)
[2017.06.21-18.10.33:583][871]LogModuleManager: Shutting down and abandoning module GraphEditor (342)
[2017.06.21-18.10.33:583][871]LogModuleManager: Shutting down and abandoning module ClassViewer (340)
[2017.06.21-18.10.33:583][871]LogModuleManager: Shutting down and abandoning module Toolbox (338)
[2017.06.21-18.10.33:583][871]LogModuleManager: Shutting down and abandoning module ModuleUI (336)
[2017.06.21-18.10.33:583][871]LogModuleManager: Shutting down and abandoning module MovieSceneTools (334)
[2017.06.21-18.10.33:583][871]LogModuleManager: Shutting down and abandoning module OutputLog (332)
[2017.06.21-18.10.33:583][871]LogModuleManager: Shutting down and abandoning module GammaUI (330)
[2017.06.21-18.10.33:583][871]LogModuleManager: Shutting down and abandoning module Documentation (328)
[2017.06.21-18.10.33:584][871]LogModuleManager: Shutting down and abandoning module Niagara (326)
[2017.06.21-18.10.33:584][871]LogModuleManager: Shutting down and abandoning module StreamingPauseRendering (324)
[2017.06.21-18.10.33:584][871]LogModuleManager: Shutting down and abandoning module AnalyticsET (322)
[2017.06.21-18.10.33:584][871]LogModuleManager: Shutting down and abandoning module PortalServices (320)
[2017.06.21-18.10.33:584][871]LogModuleManager: Shutting down and abandoning module PortalRpc (318)
[2017.06.21-18.10.33:584][871]LogModuleManager: Shutting down and abandoning module MessagingRpc (316)
[2017.06.21-18.10.33:584][871]LogModuleManager: Shutting down and abandoning module AIModule (314)
[2017.06.21-18.10.33:584][871]LogModuleManager: Shutting down and abandoning module GameplayDebugger (313)
[2017.06.21-18.10.33:584][871]LogModuleManager: Shutting down and abandoning module AITestSuite (311)
[2017.06.21-18.10.33:584][871]LogModuleManager: Shutting down and abandoning module ProfilerService (308)
[2017.06.21-18.10.33:833][871]LogModuleManager: Shutting down and abandoning module TaskGraph (306)
[2017.06.21-18.10.33:833][871]LogModuleManager: Shutting down and abandoning module SteamVRController (304)
[2017.06.21-18.10.33:833][871]LogModuleManager: Shutting down and abandoning module SteamVR (302)
[2017.06.21-18.10.33:833][871]LogModuleManager: Shutting down and abandoning module ProceduralMeshComponentEditor (300)
[2017.06.21-18.10.33:833][871]LogModuleManager: Shutting down and abandoning module ProceduralMeshComponent (298)
[2017.06.21-18.10.33:833][871]LogModuleManager: Shutting down and abandoning module OculusLibrary (296)
[2017.06.21-18.10.33:833][871]LogModuleManager: Shutting down and abandoning module OculusInput (294)
[2017.06.21-18.10.33:833][871]LogModuleManager: Shutting down and abandoning module MobilePatchingUtils (292)
[2017.06.21-18.10.33:833][871]LogModuleManager: Shutting down and abandoning module CustomMeshComponent (290)
[2017.06.21-18.10.33:833][871]LogModuleManager: Shutting down and abandoning module CableComponent (288)
[2017.06.21-18.10.33:833][871]LogModuleManager: Shutting down and abandoning module ArchVisCharacter (286)
[2017.06.21-18.10.33:833][871]LogModuleManager: Shutting down and abandoning module MediaPlayerEditor (282)
[2017.06.21-18.10.33:833][871]LogModuleManager: Shutting down and abandoning module HTML5Networking (280)
[2017.06.21-18.10.33:833][871]LogModuleManager: Shutting down and abandoning module AlembicImporter (278)
[2017.06.21-18.10.33:833][871]LogModuleManager: Shutting down and abandoning module AlembicLibrary (277)
[2017.06.21-18.10.33:833][871]LogModuleManager: Shutting down and abandoning module GeometryCache (276)
[2017.06.21-18.10.33:833][871]LogModuleManager: Shutting down and abandoning module GeometryCacheEd (275)
[2017.06.21-18.10.33:834][871]LogModuleManager: Shutting down and abandoning module SuperSearchEditor (270)
[2017.06.21-18.10.33:834][871]LogModuleManager: Shutting down and abandoning module SuperSearch (269)
[2017.06.21-18.10.33:834][871]LogModuleManager: Shutting down and abandoning module SpeedTreeImporter (266)
[2017.06.21-18.10.33:834][871]LogModuleManager: Shutting down and abandoning module PluginBrowser (264)
[2017.06.21-18.10.33:834][871]LogModuleManager: Shutting down and abandoning module MobileLauncherProfileWizard (262)
[2017.06.21-18.10.33:834][871]LogModuleManager: Shutting down and abandoning module EpicSurvey (260)
[2017.06.21-18.10.33:834][871]LogModuleManager: Shutting down and abandoning module VisualStudioSourceCodeAccess (258)
[2017.06.21-18.10.33:834][871]LogModuleManager: Shutting down and abandoning module DesktopPlatform (257)
[2017.06.21-18.10.33:834][871]LogModuleManager: Shutting down and abandoning module UObjectPlugin (254)
[2017.06.21-18.10.33:834][871]LogModuleManager: Shutting down and abandoning module SubversionSourceControl (252)
[2017.06.21-18.10.33:834][871]LogModuleManager: Shutting down and abandoning module PerforceSourceControl (250)
[2017.06.21-18.10.33:834][871]LogModuleManager: Shutting down and abandoning module GitSourceControl (248)
[2017.06.21-18.10.33:834][871]LogModuleManager: Shutting down and abandoning module SourceControl (247)
[2017.06.21-18.10.33:834][871]LogModuleManager: Shutting down and abandoning module LightPropagationVolumeEditor (244)
[2017.06.21-18.10.33:834][871]LogModuleManager: Shutting down and abandoning module PaperTiledImporter (242)
[2017.06.21-18.10.33:835][871]LogModuleManager: Shutting down and abandoning module PaperSpriteSheetImporter (240)
[2017.06.21-18.10.33:835][871]LogModuleManager: Shutting down and abandoning module Paper2DEditor (238)
[2017.06.21-18.10.33:835][871]LogModuleManager: Shutting down and abandoning module MeshPaint (237)
[2017.06.21-18.10.33:835][871]LogModuleManager: Shutting down and abandoning module LevelEditor (235)
[2017.06.21-18.10.33:836][871]LogModuleManager: Shutting down and abandoning module PixelInspectorModule (234)
[2017.06.21-18.10.33:836][871]LogModuleManager: Shutting down and abandoning module MainFrame (232)
[2017.06.21-18.10.33:837][871]LogModuleManager: Shutting down and abandoning module HotReload (231)
[2017.06.21-18.10.33:837][871]LogDirectoryWatcher: A directory notification for 'D:/GitHub/FYP_DumbTesting/Meeting/Binaries/Win64' was aborted.
[2017.06.21-18.10.33:838][871]LogModuleManager: Shutting down and abandoning module ContentBrowser (227)
[2017.06.21-18.10.33:840][871]LogModuleManager: Shutting down and abandoning module Meeting (224)
[2017.06.21-18.10.33:840][871]LogModuleManager: Shutting down and abandoning module PhysXVehiclesEditor (222)
[2017.06.21-18.10.33:840][871]LogModuleManager: Shutting down and abandoning module PhysXVehicles (220)
[2017.06.21-18.10.33:840][871]LogModuleManager: Shutting down and abandoning module LocationServicesBPLibrary (218)
[2017.06.21-18.10.33:840][871]LogModuleManager: Shutting down and abandoning module UdpMessaging (216)
[2017.06.21-18.10.33:941][871]LogModuleManager: Shutting down and abandoning module TcpMessaging (214)
[2017.06.21-18.10.34:042][871]LogModuleManager: Shutting down and abandoning module GameplayTagsEditor (212)
[2017.06.21-18.10.34:042][871]LogModuleManager: Shutting down and abandoning module FacialAnimationEditor (210)
[2017.06.21-18.10.34:042][871]LogModuleManager: Shutting down and abandoning module FacialAnimation (208)
[2017.06.21-18.10.34:042][871]LogModuleManager: Shutting down and abandoning module LightPropagationVolumeRuntime (206)
[2017.06.21-18.10.34:042][871]LogModuleManager: Shutting down and abandoning module Paper2D (204)
[2017.06.21-18.10.34:042][871]LogModuleManager: Shutting down and abandoning module WindowsMoviePlayer (202)
[2017.06.21-18.10.34:042][871]LogModuleManager: Shutting down and abandoning module WmfMedia (200)
[2017.06.21-18.10.34:042][871]LogModuleManager: Shutting down and abandoning module MfMedia (198)
[2017.06.21-18.10.34:042][871]LogModuleManager: Shutting down and abandoning module MediaAssets (196)
[2017.06.21-18.10.34:042][871]LogModuleManager: Shutting down and abandoning module GameLiveStreaming (194)
[2017.06.21-18.10.34:042][871]LogModuleManager: Shutting down and abandoning module VREditor (192)
[2017.06.21-18.10.34:042][871]LogModuleManager: Shutting down and abandoning module GameplayTasksEditor (190)
[2017.06.21-18.10.34:042][871]LogModuleManager: Shutting down and abandoning module BehaviorTreeEditor (188)
[2017.06.21-18.10.34:042][871]LogModuleManager: Shutting down and abandoning module FunctionalTesting (186)
[2017.06.21-18.10.34:042][871]LogModuleManager: Shutting down and abandoning module CollisionAnalyzer (184)
[2017.06.21-18.10.34:042][871]LogModuleManager: Shutting down and abandoning module UMG (182)
[2017.06.21-18.10.34:042][871]LogModuleManager: Shutting down and abandoning module UMGEditor (181)
[2017.06.21-18.10.34:042][871]LogModuleManager: Shutting down and abandoning module Sequencer (180)
[2017.06.21-18.10.34:042][871]LogModuleManager: Shutting down and abandoning module AssetTools (178)
[2017.06.21-18.10.34:042][871]LogModuleManager: Shutting down and abandoning module MessageLog (177)
[2017.06.21-18.10.34:042][871]LogModuleManager: Shutting down and abandoning module WorkspaceMenuStructure (176)
[2017.06.21-18.10.34:042][871]LogModuleManager: Shutting down and abandoning module SlateReflector (170)
[2017.06.21-18.10.34:042][871]LogModuleManager: Shutting down and abandoning module Slate (168)
[2017.06.21-18.10.34:042][871]LogModuleManager: Shutting down and abandoning module EditorStyle (166)
[2017.06.21-18.10.34:044][871]LogModuleManager: Shutting down and abandoning module SourceCodeAccess (164)
[2017.06.21-18.10.34:044][871]LogModuleManager: Shutting down and abandoning module HeadMountedDisplay (162)
[2017.06.21-18.10.34:044][871]LogModuleManager: Shutting down and abandoning module XAudio2 (160)
[2017.06.21-18.10.34:044][871]LogModuleManager: Shutting down and abandoning module Networking (158)
[2017.06.21-18.10.34:044][871]LogModuleManager: Shutting down and abandoning module Core (154)
[2017.06.21-18.10.34:045][871]LogModuleManager: Shutting down and abandoning module AssetRegistry (152)
[2017.06.21-18.10.34:271][871]LogDirectoryWatcher: A directory notification for '../../../Engine/Content/' was aborted.
[2017.06.21-18.10.34:271][871]LogDirectoryWatcher: A directory notification for '../../../../../GitHub/FYP_DumbTesting/Meeting/Content/' was aborted.
[2017.06.21-18.10.34:271][871]LogDirectoryWatcher: A directory notification for '../../../Engine/Plugins/2D/Paper2D/Content/' was aborted.
[2017.06.21-18.10.34:272][871]LogModuleManager: Shutting down and abandoning module DirectoryWatcher (151)
[2017.06.21-18.10.34:273][871]LogModuleManager: Shutting down and abandoning module KismetCompiler (148)
[2017.06.21-18.10.34:273][871]LogModuleManager: Shutting down and abandoning module PhysXFormats (146)
[2017.06.21-18.10.34:273][871]LogModuleManager: Shutting down and abandoning module MeshUtilities (144)
[2017.06.21-18.10.34:273][871]LogModuleManager: Shutting down and abandoning module SimplygonSwarm (143)
[2017.06.21-18.10.34:273][871]LogModuleManager: Shutting down and abandoning module SimplygonMeshReduction (141)
[2017.06.21-18.10.34:273][871]LogModuleManager: Shutting down and abandoning module QuadricMeshReduction (139)
[2017.06.21-18.10.34:273][871]LogModuleManager: Shutting down and abandoning module PropertyEditor (137)
[2017.06.21-18.10.34:273][871]LogModuleManager: Shutting down and abandoning module DerivedDataCache (134)
[2017.06.21-18.10.34:350][871]LogDerivedDataCache: Shutdown
[2017.06.21-18.10.34:350][871]LogModuleManager: Shutting down and abandoning module TargetPlatform (132)
[2017.06.21-18.10.34:350][871]LogModuleManager: Shutting down and abandoning module VulkanShaderFormat (131)
[2017.06.21-18.10.34:350][871]LogModuleManager: Shutting down and abandoning module ShaderFormatOpenGL (129)
[2017.06.21-18.10.34:350][871]LogModuleManager: Shutting down and abandoning module ShaderFormatD3D (127)
[2017.06.21-18.10.34:350][871]LogModuleManager: Shutting down and abandoning module MetalShaderFormat (125)
[2017.06.21-18.10.34:350][871]LogModuleManager: Shutting down and abandoning module TextureFormatUncompressed (123)
[2017.06.21-18.10.34:350][871]LogModuleManager: Shutting down and abandoning module TextureFormatPVR (121)
[2017.06.21-18.10.34:350][871]LogModuleManager: Shutting down and abandoning module TextureFormatDXT (119)
[2017.06.21-18.10.34:350][871]LogModuleManager: Shutting down and abandoning module TextureFormatIntelISPCTexComp (117)
[2017.06.21-18.10.34:351][871]LogModuleManager: Shutting down and abandoning module TextureFormatASTC (115)
[2017.06.21-18.10.34:351][871]LogModuleManager: Shutting down and abandoning module ImageWrapper (114)
[2017.06.21-18.10.34:351][871]LogModuleManager: Shutting down and abandoning module TextureFormatAndroid (111)
[2017.06.21-18.10.34:351][871]LogModuleManager: Shutting down and abandoning module AudioFormatOpus (109)
[2017.06.21-18.10.34:351][871]LogModuleManager: Shutting down and abandoning module AudioFormatOgg (107)
[2017.06.21-18.10.34:351][871]LogModuleManager: Shutting down and abandoning module AudioFormatADPCM (105)
[2017.06.21-18.10.34:351][871]LogModuleManager: Shutting down and abandoning module LinuxTargetPlatform (103)
[2017.06.21-18.10.34:351][871]LogModuleManager: Shutting down and abandoning module LinuxServerTargetPlatform (101)
[2017.06.21-18.10.34:351][871]LogModuleManager: Shutting down and abandoning module LinuxNoEditorTargetPlatform (99)
[2017.06.21-18.10.34:351][871]LogModuleManager: Shutting down and abandoning module LinuxClientTargetPlatform (97)
[2017.06.21-18.10.34:351][871]LogModuleManager: Shutting down and abandoning module TVOSTargetPlatform (95)
[2017.06.21-18.10.34:351][871]LogModuleManager: Shutting down and abandoning module Messaging (93)
[2017.06.21-18.10.34:351][871]LogModuleManager: Shutting down and abandoning module IOSTargetPlatform (91)
[2017.06.21-18.10.34:351][871]LogModuleManager: Shutting down and abandoning module HTML5TargetPlatform (89)
[2017.06.21-18.10.34:351][871]LogModuleManager: Shutting down and abandoning module Android_PVRTCTargetPlatform (87)
[2017.06.21-18.10.34:351][871]LogModuleManager: Shutting down and abandoning module Android_MultiTargetPlatform (85)
[2017.06.21-18.10.34:351][871]LogModuleManager: Shutting down and abandoning module Android_ETC2TargetPlatform (83)
[2017.06.21-18.10.34:351][871]LogModuleManager: Shutting down and abandoning module Android_ETC1TargetPlatform (81)
[2017.06.21-18.10.34:351][871]LogModuleManager: Shutting down and abandoning module Android_DXTTargetPlatform (79)
[2017.06.21-18.10.34:351][871]LogModuleManager: Shutting down and abandoning module Android_ATCTargetPlatform (77)
[2017.06.21-18.10.34:351][871]LogModuleManager: Shutting down and abandoning module Android_ASTCTargetPlatform (75)
[2017.06.21-18.10.34:351][871]LogModuleManager: Shutting down and abandoning module AndroidTargetPlatform (73)
[2017.06.21-18.10.34:351][871]LogModuleManager: Shutting down and abandoning module WindowsTargetPlatform (71)
[2017.06.21-18.10.34:351][871]LogModuleManager: Shutting down and abandoning module WindowsServerTargetPlatform (69)
[2017.06.21-18.10.34:351][871]LogModuleManager: Shutting down and abandoning module WindowsNoEditorTargetPlatform (67)
[2017.06.21-18.10.34:351][871]LogModuleManager: Shutting down and abandoning module WindowsClientTargetPlatform (65)
[2017.06.21-18.10.34:351][871]LogModuleManager: Shutting down and abandoning module MacTargetPlatform (63)
[2017.06.21-18.10.34:351][871]LogModuleManager: Shutting down and abandoning module MacServerTargetPlatform (61)
[2017.06.21-18.10.34:351][871]LogModuleManager: Shutting down and abandoning module MacNoEditorTargetPlatform (59)
[2017.06.21-18.10.34:351][871]LogModuleManager: Shutting down and abandoning module MacClientTargetPlatform (57)
[2017.06.21-18.10.34:351][871]LogModuleManager: Shutting down and abandoning module AllDesktopTargetPlatform (55)
[2017.06.21-18.10.34:351][871]LogModuleManager: Shutting down and abandoning module InputCore (52)
[2017.06.21-18.10.34:351][871]LogModuleManager: Shutting down and abandoning module Settings (50)
[2017.06.21-18.10.34:351][871]LogModuleManager: Shutting down and abandoning module OculusRift (48)
[2017.06.21-18.10.34:351][871]LogModuleManager: Shutting down and abandoning module GearVR (46)
[2017.06.21-18.10.34:351][871]LogModuleManager: Shutting down and abandoning module ExampleDeviceProfileSelector (44)
[2017.06.21-18.10.34:351][871]LogModuleManager: Shutting down and abandoning module OnlineBlueprintSupport (42)
[2017.06.21-18.10.34:351][871]LogModuleManager: Shutting down and abandoning module OnlineSubsystem (38)
[2017.06.21-18.10.34:351][871]LogOnline:Display: Unloading online subsystem: NULL
[2017.06.21-18.10.34:351][871]LogModuleManager: Shutting down and abandoning module XMPP (37)
[2017.06.21-18.10.34:351][871]LogModuleManager: Shutting down and abandoning module HTTP (35)
[2017.06.21-18.10.34:351][871]LogHttp:Display: Http module shutting down, but needs to wait on 1 outstanding Http requests:
[2017.06.21-18.10.34:351][871]LogHttp:Display: 	verb=[POST] url=[https://datarouter.ol.epicgames.com/datarouter/api/v1/public/data?SessionID=%7BC928C114-4F9C-E84C-C5FA-22A67BCC9CC5%7D&AppID=UEEditor.Rocket.Release&AppVersion=4.15.3-3450819%2B%2B%2BUE4%2BRelease-4.15&UserID=dd7208074aeeffd34e3340b0d5d8b2c0%7C50c3a4537b7f4de4a3d0dadca77c683d%7C7560d674-451b-4b79-847e-ce1bd6db5235&AppEnvironment=datacollector-binary&UploadType=eteventstream] status=Processing
[2017.06.21-18.10.34:375][871]LogModuleManager: Shutting down and abandoning module SSL (34)
[2017.06.21-18.10.34:378][871]LogModuleManager: Shutting down and abandoning module AudioEditor (30)
[2017.06.21-18.10.34:378][871]LogModuleManager: Shutting down and abandoning module TextureCompressor (28)
[2017.06.21-18.10.34:379][871]LogModuleManager: Shutting down and abandoning module ShaderCore (26)
[2017.06.21-18.10.34:379][871]LogModuleManager: Shutting down and abandoning module Landscape (24)
[2017.06.21-18.10.34:379][871]LogModuleManager: Shutting down and abandoning module SlateRHIRenderer (22)
[2017.06.21-18.10.34:381][871]LogModuleManager: Shutting down and abandoning module OpenGLDrv (20)
[2017.06.21-18.10.34:381][871]LogModuleManager: Shutting down and abandoning module D3D11RHI (18)
[2017.06.21-18.10.34:381][871]LogModuleManager: Shutting down and abandoning module AnimGraphRuntime (16)
[2017.06.21-18.10.34:381][871]LogModuleManager: Shutting down and abandoning module Renderer (14)
[2017.06.21-18.10.34:381][871]LogModuleManager: Shutting down and abandoning module Engine (12)
[2017.06.21-18.10.34:381][871]LogModuleManager: Shutting down and abandoning module CoreUObject (10)
[2017.06.21-18.10.34:381][871]LogModuleManager: Shutting down and abandoning module NetworkFile (8)
[2017.06.21-18.10.34:381][871]LogModuleManager: Shutting down and abandoning module StreamingFile (6)
[2017.06.21-18.10.34:381][871]LogModuleManager: Shutting down and abandoning module SandboxFile (4)
[2017.06.21-18.10.34:381][871]LogModuleManager: Shutting down and abandoning module PakFile (2)
[2017.06.21-18.10.34:382][871]LogExit: Exiting.
[2017.06.21-18.10.34:384][871]Log file closed, 06/22/17 02:10:34
