Log file open, 09/26/17 09:50:17
LogInit:Display: Running engine for game: Meeting
LogPlatformFile: Not using cached read wrapper
LogInit:Display: RandInit(-1704106121) SRandInit(-1704106121).
LogTaskGraph: Started task graph with 5 named threads and 8 total threads with 1 sets of task threads.
LogStats: Stats thread started at 0.110813
LogInit: Using libcurl 7.47.1
LogInit:  - built for x86_64-pc-win32
LogInit:  - supports SSL with OpenSSL/1.0.2g
LogInit:  - supports HTTP deflate (compression) using libz 1.2.8
LogInit:  - other features:
LogInit:      CURL_VERSION_SSL
LogInit:      CURL_VERSION_LIBZ
LogInit:      CURL_VERSION_IPV6
LogInit:      CURL_VERSION_ASYNCHDNS
LogInit:      CURL_VERSION_LARGEFILE
LogInit:      CURL_VERSION_IDN
LogInit:  CurlRequestOptions (configurable via config and command line):
LogInit:  - bVerifyPeer = false  - Libcurl will NOT verify peer certificate
LogInit:  - bUseHttpProxy = false  - Libcurl will NOT use HTTP proxy
LogInit:  - bDontReuseConnections = false  - Libcurl will reuse connections
LogInit:  - CertBundlePath = nullptr  - Libcurl will use whatever was configured at build time.
LogInit: Build: ++UE4+Release-4.15-CL-3450819
LogInit: Engine Version: 4.15.3-3450819+++UE4+Release-4.15
LogInit: Compatible Engine Version: 4.15.0-3299760+++UE4+Release-4.15
LogInit: Net CL: 3299760
LogDevObjectVersion: Number of dev versions registered: 14
LogDevObjectVersion:   Dev-Blueprints (B0D832E4-1F89-4F0D-ACCF-7EB736FD4AA2): 8
LogDevObjectVersion:   Dev-Build (E1C64328-A22C-4D53-A36C-8E866417BD8C): 0
LogDevObjectVersion:   Dev-Core (375EC13C-06E4-48FB-B500-84F0262A717E): 2
LogDevObjectVersion:   Dev-Editor (E4B068ED-F494-42E9-A231-DA0B2E46BB41): 14
LogDevObjectVersion:   Dev-Framework (CFFC743F-43B0-4480-9391-14DF171D2073): 22
LogDevObjectVersion:   Dev-Mobile (B02B49B5-BB20-44E9-A304-32B752E40360): 0
LogDevObjectVersion:   Dev-Networking (A4E4105C-59A1-49B5-A7C5-40C4547EDFEE): 0
LogDevObjectVersion:   Dev-Online (39C831C9-5AE6-47DC-9A44-9C173E1C8E7C): 0
LogDevObjectVersion:   Dev-Physics (78F01B33-EBEA-4F98-B9B4-84EACCB95AA2): 0
LogDevObjectVersion:   Dev-Platform (6631380F-2D4D-43E0-8009-CF276956A95A): 0
LogDevObjectVersion:   Dev-Rendering (12F88B9F-8875-4AFC-A67C-D90C383ABD29): 12
LogDevObjectVersion:   Dev-Sequencer (7B5AE74C-D270-4C10-A958-57980B212A5A): 3
LogDevObjectVersion:   Dev-VR (D7296918-1DD6-4BDD-9DE2-64A83CC13884): 0
LogDevObjectVersion:   Dev-LoadTimes (C2A15278-BFE7-4AFE-6C17-90FF531DF755): 1
LogInit: Compiled (64-bit): May 21 2017 11:02:34
LogInit: Compiled with Visual C++: 19.00.23026.00
LogInit: Build Configuration: Development
LogInit: Branch Name: ++UE4+Release-4.15
LogInit: Command line:  
LogInit: Base directory: C:/Program Files/Epic Games/UE_4.15/Engine/Binaries/Win64/
LogInit: Installed Engine Build: 1
LogInit: Presizing for max 8388607 objects, including 0 objects not considered by GC, pre-allocating 0 bytes for permanent pool.
LogInit: Object subsystem initialized
[2017.09.26-01.50.18:054][  0]LogInit: Selected Device Profile: [Windows]
[2017.09.26-01.50.18:054][  0]LogInit: Applying CVar settings loaded from the selected device profile: [Windows]
[2017.09.26-01.50.18:128][  0]LogInit: Computer: DESKTOP-05U2RGI
[2017.09.26-01.50.18:128][  0]LogInit: User: Sebastian
[2017.09.26-01.50.18:128][  0]LogInit: CPU Page size=65536, Cores=4
[2017.09.26-01.50.18:128][  0]LogInit: High frequency timer resolution =3.215357 MHz
[2017.09.26-01.50.18:129][  0]LogMemory: Memory total: Physical=4.0GB (4GB approx)
[2017.09.26-01.50.18:129][  0]LogMemory: Platform Memory Stats for Windows
[2017.09.26-01.50.18:129][  0]LogMemory: Process Physical Memory: 270.96 MB used, 270.96 MB peak
[2017.09.26-01.50.18:129][  0]LogMemory: Process Virtual Memory: 275.59 MB used, 275.59 MB peak
[2017.09.26-01.50.18:129][  0]LogMemory: Physical Memory: 3097.61 MB used,  971.25 MB free, 4068.85 MB total
[2017.09.26-01.50.18:129][  0]LogMemory: Virtual Memory: 657.46 MB used,  971.25 MB free, 134217728.00 MB total
[2017.09.26-01.50.18:530][  0]LogTextLocalizationManager: No specific translations for ('en-MY') exist, so ('en') translations will be used.
[2017.09.26-01.50.24:300][  0]LogD3D11RHI: D3D11 adapters:
[2017.09.26-01.50.24:467][  0]LogD3D11RHI:    0. 'AMD Radeon (TM) R9 390 Series' (Feature Level 11_0)
[2017.09.26-01.50.24:467][  0]LogD3D11RHI:       8169/0/2034 MB DedicatedVideo/DedicatedSystem/SharedSystem, Outputs:1, VendorId:0x1002
[2017.09.26-01.50.24:469][  0]LogD3D11RHI:    1. 'Microsoft Basic Render Driver' (Feature Level 11_0)
[2017.09.26-01.50.24:469][  0]LogD3D11RHI:       0/0/2034 MB DedicatedVideo/DedicatedSystem/SharedSystem, Outputs:0, VendorId:0x1414
[2017.09.26-01.50.24:469][  0]LogD3D11RHI: Chosen D3D11 Adapter: 0
[2017.09.26-01.50.24:473][  0]LogD3D11RHI: Creating new Direct3DDevice
[2017.09.26-01.50.24:473][  0]LogD3D11RHI:     GPU DeviceId: 0x67b1 (for the marketing name, search the web for "GPU Device Id")
[2017.09.26-01.50.24:473][  0]LogWindows: EnumDisplayDevices:
[2017.09.26-01.50.24:473][  0]LogWindows:    0. 'AMD Radeon (TM) R9 390 Series' (P:1 D:1)
[2017.09.26-01.50.24:473][  0]LogWindows:    1. 'AMD Radeon (TM) R9 390 Series' (P:0 D:0)
[2017.09.26-01.50.24:474][  0]LogWindows:    2. 'AMD Radeon (TM) R9 390 Series' (P:0 D:0)
[2017.09.26-01.50.24:474][  0]LogWindows:    3. 'AMD Radeon (TM) R9 390 Series' (P:0 D:0)
[2017.09.26-01.50.24:474][  0]LogWindows:    4. 'AMD Radeon (TM) R9 390 Series' (P:0 D:0)
[2017.09.26-01.50.24:474][  0]LogWindows:    5. 'AMD Radeon (TM) R9 390 Series' (P:0 D:0)
[2017.09.26-01.50.24:474][  0]LogWindows: DebugString: FoundDriverCount:6 
[2017.09.26-01.50.24:474][  0]LogD3D11RHI:     Adapter Name: AMD Radeon (TM) R9 390 Series
[2017.09.26-01.50.24:474][  0]LogD3D11RHI:   Driver Version: Crimson ReLive 17.5.1 (internal:22.19.165.1, unified:22.19.165.1)
[2017.09.26-01.50.24:474][  0]LogD3D11RHI:      Driver Date: 5-2-2017
[2017.09.26-01.50.24:474][  0]LogRHI: Texture pool is 1361 MB (70% of 1945 MB)
[2017.09.26-01.50.24:693][  0]LogD3D11RHI: Async texture creation enabled
[2017.09.26-01.50.24:704][  0]LogD3D11RHI: GPU Timing Frequency: 27.000000 (Debug: 2 1)
[2017.09.26-01.50.24:705][  0]LogShaderCompilers: Guid format shader working directory is -17 characters bigger than the processId version (../../../../../../Users/Unpar/Documents/FYP_DumbTesting/Meeting/Intermediate/Shaders/WorkingDirectory/6648/).
[2017.09.26-01.50.24:705][  0]LogShaderCompilers: Cleaned the shader compiler working directory 'C:/Users/Unpar/AppData/Local/Temp/UnrealShaderWorkingDir/37D90E294FA2B7800C430E9C92A4B4AB/'.
[2017.09.26-01.50.24:705][  0]LogShaderCompilers:Display: Using Local Shader Compiler.
[2017.09.26-01.50.40:258][  0]LogTemp:Display: Loaded TP AllDesktopTargetPlatform
[2017.09.26-01.50.40:321][  0]LogTemp:Display: Loaded TP MacClientTargetPlatform
[2017.09.26-01.50.40:383][  0]LogTemp:Display: Loaded TP MacNoEditorTargetPlatform
[2017.09.26-01.50.40:807][  0]LogTemp:Display: Loaded TP MacServerTargetPlatform
[2017.09.26-01.50.40:885][  0]LogTemp:Display: Loaded TP MacTargetPlatform
[2017.09.26-01.50.40:951][  0]LogTemp:Display: Loaded TP WindowsClientTargetPlatform
[2017.09.26-01.50.41:025][  0]LogTemp:Display: Loaded TP WindowsNoEditorTargetPlatform
[2017.09.26-01.50.41:092][  0]LogTemp:Display: Loaded TP WindowsServerTargetPlatform
[2017.09.26-01.50.41:147][  0]LogTemp:Display: Loaded TP WindowsTargetPlatform
[2017.09.26-01.50.41:227][  0]LogTemp:Display: Loaded TP AndroidTargetPlatform
[2017.09.26-01.50.41:291][  0]LogTemp:Display: Loaded TP Android_ASTCTargetPlatform
[2017.09.26-01.50.41:405][  0]LogTemp:Display: Loaded TP Android_ATCTargetPlatform
[2017.09.26-01.50.41:481][  0]LogTemp:Display: Loaded TP Android_DXTTargetPlatform
[2017.09.26-01.50.41:574][  0]LogTemp:Display: Loaded TP Android_ETC1TargetPlatform
[2017.09.26-01.50.41:658][  0]LogTemp:Display: Loaded TP Android_ETC2TargetPlatform
[2017.09.26-01.50.41:821][  0]LogTemp:Display: Loaded TP Android_MultiTargetPlatform
[2017.09.26-01.50.41:821][  0]LogTemp:Display: Loaded TP Android_PVRTCTargetPlatform
[2017.09.26-01.50.41:913][  0]LogTemp:Display: Loaded TP HTML5TargetPlatform
[2017.09.26-01.50.42:280][  0]LogTemp:Display: Loaded TP IOSTargetPlatform
[2017.09.26-01.50.42:323][  0]LogTemp:Display: Loaded TP TVOSTargetPlatform
[2017.09.26-01.50.42:394][  0]LogTemp:Display: Loaded TP LinuxClientTargetPlatform
[2017.09.26-01.50.42:463][  0]LogTemp:Display: Loaded TP LinuxNoEditorTargetPlatform
[2017.09.26-01.50.42:541][  0]LogTemp:Display: Loaded TP LinuxServerTargetPlatform
[2017.09.26-01.50.42:687][  0]LogTemp:Display: Loaded TP LinuxTargetPlatform
[2017.09.26-01.50.42:687][  0]LogTargetPlatformManager:Display: Building Assets For Windows
[2017.09.26-01.50.43:713][  0]LogDerivedDataCache:Display: Max Cache Size: 512 MB
[2017.09.26-01.50.44:351][  0]LogDerivedDataCache: Loaded boot cache 0.64s 50MB C:/Users/Unpar/AppData/Local/UnrealEngine/4.15/DerivedDataCache/Boot.ddc.
[2017.09.26-01.50.44:351][  0]LogDerivedDataCache:Display: Loaded Boot cache: C:/Users/Unpar/AppData/Local/UnrealEngine/4.15/DerivedDataCache/Boot.ddc
[2017.09.26-01.50.44:351][  0]LogDerivedDataCache: FDerivedDataBackendGraph:  Pak pak cache file ../../../../../../Users/Unpar/Documents/FYP_DumbTesting/Meeting/DerivedDataCache/DDC.ddp not found, will not use a pak cache.
[2017.09.26-01.50.44:351][  0]LogDerivedDataCache: Unable to find inner node Pak for hierarchical cache Hierarchy.
[2017.09.26-01.50.44:351][  0]LogDerivedDataCache: FDerivedDataBackendGraph:  CompressedPak pak cache file ../../../../../../Users/Unpar/Documents/FYP_DumbTesting/Meeting/DerivedDataCache/Compressed.ddp not found, will not use a pak cache.
[2017.09.26-01.50.44:351][  0]LogDerivedDataCache: Unable to find inner node CompressedPak for hierarchical cache Hierarchy.
[2017.09.26-01.50.44:435][  0]LogDerivedDataCache:Display: Pak cache opened for reading ../../../Engine/DerivedDataCache/Compressed.ddp.
[2017.09.26-01.50.44:458][  0]LogDerivedDataCache: Using Local data cache path C:/Users/Unpar/AppData/Local/UnrealEngine/Common/DerivedDataCache: Writable
[2017.09.26-01.50.44:469][  0]LogSlate: Using Freetype 2.6.0
[2017.09.26-01.50.44:550][  0]LogSlate: SlateFontCache - WITH_FREETYPE: 1, WITH_HARFBUZZ: 1
[2017.09.26-01.50.44:550][  0]LogSlate: SlateFontCache - WITH_FREETYPE: 1, WITH_HARFBUZZ: 1
[2017.09.26-01.50.50:711][  0]LogInit: Selected Device Profile: [Windows]
[2017.09.26-01.50.50:720][  0]LogContentStreaming: Texture pool size is 0.00 MB
[2017.09.26-01.50.51:117][  0]LogMeshUtilities: Using QuadricMeshReduction for automatic static mesh reduction
[2017.09.26-01.50.51:200][  0]LogSimplygon: Simplygon DLL not present - disabling.
[2017.09.26-01.50.51:273][  0]LogMeshUtilities: Using SimplygonSwarm for distributed automatic mesh merging
[2017.09.26-01.50.51:273][  0]LogMeshUtilities: No automatic skeletal mesh reduction module available
[2017.09.26-01.50.51:273][  0]LogMeshUtilities: No automatic mesh merging module available
[2017.09.26-01.50.54:208][  0]LogNetVersion: GetLocalNetworkVersion: CL: 3299760, ProjectName: meeting, ProjectVersion: , EngineNetworkVersion: 2, GameNetworkVersion: 0, NetworkChecksum: 116300604
[2017.09.26-01.50.54:293][  0]LogAssetRegistry: FAssetRegistry took 0.0215 seconds to start up
[2017.09.26-01.50.54:531][  0]LogPackageLocalizationCache: Processed 3 localized package path(s) for 2 prioritized culture(s) in 0.207085 seconds
[2017.09.26-01.50.54:537][  0]LogUObjectArray: 32493 objects as part of root set at end of initial load.
[2017.09.26-01.50.54:537][  0]LogUObjectAllocator: 7077024 out of 0 bytes used by permanent object pool.
[2017.09.26-01.50.54:537][  0]LogUObjectArray: CloseDisregardForGC: 0/0 objects in disregard for GC pool
[2017.09.26-01.50.54:721][  0]LogInit: WinSock: version 1.1 (2.2), MaxSocks=32767, MaxUdp=65467
[2017.09.26-01.52.04:069][  0]LogTcpMessaging: Initializing TcpMessaging bridge
[2017.09.26-01.52.04:191][  0]LogUdpMessaging: Initializing bridge on interface 0.0.0.0:0 to multicast group 230.0.0.1:6666.
[2017.09.26-01.52.06:245][  0]LogMaterial: Uniform references updated for custom material expression Custom.
[2017.09.26-01.52.07:147][  0]SourceControl: Info Source control is disabled
[2017.09.26-01.52.07:277][  0]SourceControl: Info Source control is disabled
[2017.09.26-01.52.07:560][  0]SourceControl: Info Source control is disabled
[2017.09.26-01.52.07:833][  0]SourceControl: Info Source control is disabled
[2017.09.26-01.52.14:061][  0]LogEngine: Initializing Engine...
[2017.09.26-01.52.14:062][  0]LogHMD: Failed to initialize OpenVR with code 110
[2017.09.26-01.52.14:345][  0]LogStats: UGameplayTagsManager::ConstructGameplayTagTree: Construct from data asset -  0.000 s
[2017.09.26-01.52.14:345][  0]LogStats: UGameplayTagsManager::ConstructGameplayTagTree: GameplayTagTreeChangedEvent.Broadcast -  0.000 s
[2017.09.26-01.52.14:565][  0]LogAIModule: Creating AISystem for world Untitled
[2017.09.26-01.52.14:869][  0]LogInit: XAudio2 using 'Speakers (Realtek High Definition Audio)' : 6 channels at 44.1 kHz using 32 bits per sample (channel mask 0x60f)
[2017.09.26-01.52.15:363][  0]LogInit: FAudioDevice initialized.
[2017.09.26-01.52.15:412][  0]LogDerivedDataCache: Saved boot cache 0.05s 50MB C:/Users/Unpar/AppData/Local/UnrealEngine/4.15/DerivedDataCache/Boot.ddc.
[2017.09.26-01.52.15:463][  0]LogInit: Texture streaming: Enabled
[2017.09.26-01.52.15:817][  0]LogEngineSessionManager: EngineSessionManager initialized
[2017.09.26-01.52.16:041][  0]LogInit: Transaction tracking system initialized
[2017.09.26-01.52.16:804][  0]BlueprintLog: New page: Editor Load
[2017.09.26-01.52.20:413][  0]LocalizationService: Info Localization service is disabled
[2017.09.26-01.52.22:232][  0]LogConsoleResponse:Display: 
[2017.09.26-01.52.24:852][  0]LogCook:Display: Max memory allowance for cook 16384mb min free memory 0mb
[2017.09.26-01.52.24:852][  0]LogCook:Display: Mobile HDR setting 1
[2017.09.26-01.52.25:425][  0]LogFileCache: Scanning file cache for directory 'C:/Users/Unpar/Documents/FYP_DumbTesting/Meeting/Content/' took 0.06s
[2017.09.26-01.52.30:166][  0]SourceControl: Info Source control is disabled
[2017.09.26-01.52.30:166][  0]Cmd: MAP LOAD FILE="../../../../../../Users/Unpar/Documents/FYP_DumbTesting/Meeting/Content/ThirdPersonBP/Maps/MockUp_Map.umap" TEMPLATE=0 SHOWPROGRESS=1 FEATURELEVEL=3
[2017.09.26-01.52.30:386][  0]LightingResults: New page: Lighting Build
[2017.09.26-01.52.30:442][  0]MapCheck: New page: Map Check
[2017.09.26-01.52.30:442][  0]LightingResults: New page: Lighting Build
[2017.09.26-01.52.59:644][  0]LogBlueprint:Warning: [Compiler ThirdPersonCharacter] Warning InputAction Event references unknown Action 'ResetVR' for  InputAction ResetVR
[2017.09.26-01.52.59:644][  0]LogBlueprint:Warning: [Compiler ThirdPersonCharacter] Warning Input Axis Event references unknown Axis 'LookUpRate' for  InputAxis LookUpRate
[2017.09.26-01.52.59:645][  0]LogBlueprint:Warning: [Compiler ThirdPersonCharacter] Warning Input Axis Event references unknown Axis 'TurnRate' for  InputAxis TurnRate
[2017.09.26-01.52.59:645][  0]LogBlueprint:Warning: [Compiler ThirdPersonCharacter] Warning InputAction Event references unknown Action 'Jump' for  InputAction Jump
[2017.09.26-01.52.59:645][  0]LogBlueprint:Warning: [Compiler ThirdPersonCharacter] Warning Input Axis Event references unknown Axis 'LookUp' for  InputAxis LookUp
[2017.09.26-01.52.59:645][  0]LogBlueprint:Warning: [Compiler ThirdPersonCharacter] Warning Input Axis Event references unknown Axis 'Turn' for  InputAxis Turn
[2017.09.26-01.52.59:650][  0]LogBlueprint:Warning: [Compiler ThirdPersonCharacter] Warning [0165.57] Compile of ThirdPersonCharacter successful, but with 6 Warning(s) [in 53 ms] (/Game/ThirdPersonBP/Blueprints/ThirdPersonCharacter.ThirdPersonCharacter)
[2017.09.26-01.52.59:650][  0]LogBlueprint:Warning: [Compiler ThirdPersonCharacter] Warning [0165.57] Compile of ThirdPersonCharacter successful, but with 7 Warning(s) [in 0 ms] (/Game/ThirdPersonBP/Blueprints/ThirdPersonCharacter.ThirdPersonCharacter)
[2017.09.26-01.52.59:650][  0]LogBlueprint:Warning: [Compiler ThirdPersonCharacter] Warning [0165.57] Compile of ThirdPersonCharacter successful, but with 8 Warning(s) [in 0 ms] (/Game/ThirdPersonBP/Blueprints/ThirdPersonCharacter.ThirdPersonCharacter)
[2017.09.26-01.52.59:658][  0]LogBlueprint:Warning: [Compiler ThirdPersonCharacter] Warning InputAction Event references unknown Action 'ResetVR' for  InputAction ResetVR
[2017.09.26-01.52.59:658][  0]LogBlueprint:Warning: [Compiler ThirdPersonCharacter] Warning Input Axis Event references unknown Axis 'LookUpRate' for  InputAxis LookUpRate
[2017.09.26-01.52.59:658][  0]LogBlueprint:Warning: [Compiler ThirdPersonCharacter] Warning Input Axis Event references unknown Axis 'TurnRate' for  InputAxis TurnRate
[2017.09.26-01.52.59:658][  0]LogBlueprint:Warning: [Compiler ThirdPersonCharacter] Warning InputAction Event references unknown Action 'Jump' for  InputAction Jump
[2017.09.26-01.52.59:658][  0]LogBlueprint:Warning: [Compiler ThirdPersonCharacter] Warning Input Axis Event references unknown Axis 'LookUp' for  InputAxis LookUp
[2017.09.26-01.52.59:658][  0]LogBlueprint:Warning: [Compiler ThirdPersonCharacter] Warning Input Axis Event references unknown Axis 'Turn' for  InputAxis Turn
[2017.09.26-01.52.59:663][  0]LogBlueprint:Warning: [Compiler ThirdPersonCharacter] Warning [0165.58] Compile of ThirdPersonCharacter successful, but with 6 Warning(s) [in 10 ms] (/Game/ThirdPersonBP/Blueprints/ThirdPersonCharacter.ThirdPersonCharacter)
[2017.09.26-01.52.59:663][  0]LogBlueprint:Warning: [Compiler ThirdPersonCharacter] Warning [0165.58] Compile of ThirdPersonCharacter successful, but with 7 Warning(s) [in 0 ms] (/Game/ThirdPersonBP/Blueprints/ThirdPersonCharacter.ThirdPersonCharacter)
[2017.09.26-01.52.59:663][  0]LogBlueprint:Warning: [Compiler ThirdPersonCharacter] Warning [0165.58] Compile of ThirdPersonCharacter successful, but with 8 Warning(s) [in 0 ms] (/Game/ThirdPersonBP/Blueprints/ThirdPersonCharacter.ThirdPersonCharacter)
[2017.09.26-01.55.01:853][  0]LogAIModule: Creating AISystem for world MockUp_Map
[2017.09.26-01.55.03:335][  0]LogEditorServer: Finished looking for orphan Actors (0.000 secs)
[2017.09.26-01.55.03:396][  0]Cmd: MAP CHECKDEP NOCLEARLOG
[2017.09.26-01.55.18:562][  0]MapCheck: Info Map check complete: 0 Error(s), 0 Warning(s), took 15,143.461ms to complete.
[2017.09.26-01.55.18:562][  0]LogFileHelpers: Loading map 'MockUp_Map' took 168.396
[2017.09.26-01.55.24:470][  0]LogCollectionManager: Loaded 0 collections in 0.049235 seconds
[2017.09.26-01.55.33:532][  0]LogFileCache: Scanning file cache for directory 'C:/Users/Unpar/Documents/FYP_DumbTesting/Meeting/Saved/Collections/' took 0.03s
[2017.09.26-01.55.33:532][  0]LogFileCache: Scanning file cache for directory 'C:/Users/Unpar/Documents/FYP_DumbTesting/Meeting/Content/Developers/Sebastian/Collections/' took 0.01s
[2017.09.26-01.55.33:532][  0]LogFileCache: Scanning file cache for directory 'C:/Users/Unpar/Documents/FYP_DumbTesting/Meeting/Content/Collections/' took 0.01s
[2017.09.26-01.55.33:532][  0]LogCollectionManager: Rebuilt the GUID cache for 0 collections in 0.000002 seconds
[2017.09.26-01.55.34:028][  0]LogContentBrowser: Native class hierarchy populated in 0.4960 seconds. Added 2258 classes and 455 folders.
[2017.09.26-01.55.34:155][  0]LogContentBrowser: Native class hierarchy updated for 'WidgetCarousel' in 0.0020 seconds. Added 0 classes and 0 folders.
[2017.09.26-01.55.49:520][  0]LogContentBrowser: Native class hierarchy updated for 'AddContentDialog' in 0.0029 seconds. Added 0 classes and 0 folders.
[2017.09.26-01.55.49:846][  0]LogContentBrowser: Native class hierarchy updated for 'SceneOutliner' in 0.0024 seconds. Added 1 classes and 2 folders.
[2017.09.26-01.55.50:189][  0]LogCrashTracker: Crashtracker disabled due to settings.
[2017.09.26-01.55.50:258][  0]LogUObjectGlobals:Warning: Failed to find object 'Class None.'
[2017.09.26-01.55.50:460][  0]LogContentBrowser: Native class hierarchy updated for 'HierarchicalLODOutliner' in 0.0024 seconds. Added 1 classes and 2 folders.
[2017.09.26-01.55.50:460][  0]LogLoad: (Engine Initialization) Total time: 336.38 seconds
[2017.09.26-01.55.50:461][  0]LogLoad: (Engine Initialization) Total Blueprint compile time: 1.48 seconds
[2017.09.26-01.55.50:461][  0]LogExternalProfiler: Found external profiler: VSPerf
[2017.09.26-01.55.50:461][  0]LogExternalProfiler: Using external profiler: VSPerf
[2017.09.26-01.55.50:813][  0]LogOcInput: OculusInput pre-init called
[2017.09.26-01.55.51:160][  0]LogContentStreaming: Texture pool size now 1000 MB
[2017.09.26-01.55.51:728][  0]LogSlate: Took 0.384787 seconds to synchronously load lazily loaded font '../../../Engine/Content/Slate/Fonts/Roboto-Regular.ttf' (155K)
[2017.09.26-01.55.51:908][  0]LogSlate: Took 0.159018 seconds to synchronously load lazily loaded font '../../../Engine/Content/Slate/Fonts/Roboto-Bold.ttf' (160K)
[2017.09.26-01.55.52:253][  0]LogSlate: Took 0.283934 seconds to synchronously load lazily loaded font '../../../Engine/Content/Editor/Slate/Fonts/FontAwesome.ttf' (139K)
[2017.09.26-01.55.53:957][  0]LogRenderer: Reallocating scene render targets to support 1208x580 NumSamples 1 (Frame:2).
[2017.09.26-01.55.53:957][  0]LogSlate: Took 0.115191 seconds to synchronously load lazily loaded font '../../../Engine/Content/Slate/Fonts/Roboto-Light.ttf' (159K)
[2017.09.26-01.55.56:889][  2]LogSlate: Took 0.130116 seconds to synchronously load lazily loaded font '../../../Engine/Content/Slate/Fonts/Roboto-Light.ttf' (159K)
[2017.09.26-01.56.00:075][ 12]LogAssetRegistry: Asset discovery search completed in 305.8035 seconds
[2017.09.26-01.56.00:075][ 12]LogCollectionManager: Rebuilt the object cache for 0 collections in 0.000006 seconds (found 0 objects)
[2017.09.26-01.56.00:075][ 12]LogCollectionManager: Fixed up redirectors for 0 collections in 0.000019 seconds (updated 0 objects)
[2017.09.26-01.59.05:465][960]LogSlate: Took 0.000153 seconds to synchronously load lazily loaded font '../../../Engine/Content/Slate/Fonts/Roboto-Light.ttf' (159K)
[2017.09.26-01.59.06:225][960]LogSlate: Took 0.015594 seconds to synchronously load lazily loaded font '../../../Engine/Content/Slate/Fonts/Roboto-Regular.ttf' (155K)
[2017.09.26-01.59.08:412][960]LogContentBrowser: Native class hierarchy updated for 'BlueprintGraph' in 0.0489 seconds. Added 112 classes and 0 folders.
[2017.09.26-01.59.11:686][960]LogSlate: Took 0.237370 seconds to synchronously load lazily loaded font '../../../Engine/Content/Editor/Slate/Fonts/Roboto-BoldCondensed.ttf' (158K)
[2017.09.26-01.59.13:397][961]LogSlate: Took 0.044820 seconds to synchronously load lazily loaded font '../../../Engine/Content/Editor/Slate/Fonts/Roboto-Italic.ttf' (157K)
[2017.09.26-01.59.36:930][  6]LogRenderer: Reallocating scene render targets to support 1208x912 NumSamples 1 (Frame:671).
[2017.09.26-02.00.46:324][669]LogTemp: Repeting last play command: Selected Viewport
[2017.09.26-02.00.47:926][669]LogBlueprintUserMessages: Early PlayInEditor Detection: Level '/Game/ThirdPersonBP/Maps/MockUp_Map.MockUp_Map:PersistentLevel' has LevelScriptBlueprint '/Game/ThirdPersonBP/Maps/MockUp_Map.MockUp_Map:PersistentLevel.MockUp_Map' with GeneratedClass '/Game/ThirdPersonBP/Maps/MockUp_Map.MockUp_Map_C' with ClassGeneratedBy '/Game/ThirdPersonBP/Maps/MockUp_Map.MockUp_Map:PersistentLevel.MockUp_Map'
[2017.09.26-02.00.48:068][669]BlueprintLog: New page: Pre-Play auto-recompile
[2017.09.26-02.00.48:068][669]LogPlayLevel: [PlayLevel] Compiling Charater_BP before play...
[2017.09.26-02.01.00:875][669]LogPlayLevel: [PlayLevel]   Compiling CharaterAnimationControl_BP as a dependent...
[2017.09.26-02.01.12:339][669]LogPlayLevel: PlayLevel: Blueprint regeneration took 24311 ms (2 blueprints)
[2017.09.26-02.01.12:900][669]PIE: New page: PIE session: MockUp_Map (Sep 26, 2017, 6:01:12 PM)
[2017.09.26-02.01.13:032][669]LogPlayLevel: Creating play world package: /Game/ThirdPersonBP/Maps/UEDPIE_0_MockUp_Map
[2017.09.26-02.01.22:218][669]LogPlayLevel: PIE: StaticDuplicateObject took: (9.185897s)
[2017.09.26-02.01.22:242][669]LogAIModule: Creating AISystem for world MockUp_Map
[2017.09.26-02.01.22:266][669]LogPlayLevel: PIE: World Init took: (0.047476s)
[2017.09.26-02.01.22:323][669]LogPlayLevel: PIE: Created PIE world by copying editor world from /Game/ThirdPersonBP/Maps/MockUp_Map.MockUp_Map to /Game/ThirdPersonBP/Maps/UEDPIE_0_MockUp_Map.MockUp_Map (9.308760s)
[2017.09.26-02.01.23:241][669]LogInit: XAudio2 using 'Speakers (Realtek High Definition Audio)' : 6 channels at 44.1 kHz using 32 bits per sample (channel mask 0x60f)
[2017.09.26-02.01.23:518][669]LogInit: FAudioDevice initialized.
[2017.09.26-02.01.24:179][669]LogLoad: Game class is 'MeetingGameModeBase_BP_C'
[2017.09.26-02.01.24:606][669]LogWorld: Bringing World /Game/ThirdPersonBP/Maps/UEDPIE_0_MockUp_Map.MockUp_Map up for play (max tick rate 3) at 2017.09.26-10.01.24
[2017.09.26-02.01.24:793][669]LogWorld: Bringing up level for play took: 0.472299
[2017.09.26-02.01.26:354][669]LogContentBrowser: Native class hierarchy updated for 'MovieSceneCapture' in 0.0279 seconds. Added 11 classes and 0 folders.
[2017.09.26-02.01.26:709][669]PIE: Info Play in editor start time for /Game/ThirdPersonBP/Maps/UEDPIE_0_MockUp_Map 39.095
[2017.09.26-02.01.26:753][669]LogBlueprintUserMessages: Late PlayInEditor Detection: Level '/Game/ThirdPersonBP/Maps/MockUp_Map.MockUp_Map:PersistentLevel' has LevelScriptBlueprint '/Game/ThirdPersonBP/Maps/MockUp_Map.MockUp_Map:PersistentLevel.MockUp_Map' with GeneratedClass '/Game/ThirdPersonBP/Maps/MockUp_Map.MockUp_Map_C' with ClassGeneratedBy '/Game/ThirdPersonBP/Maps/MockUp_Map.MockUp_Map:PersistentLevel.MockUp_Map'
[2017.09.26-02.01.27:512][669]LogRenderer: Reallocating scene render targets to support 1292x912 NumSamples 1 (Frame:3948).
[2017.09.26-02.01.50:933][943]LogBlueprintUserMessages: Early EndPlayMap Detection: Level '/Game/ThirdPersonBP/Maps/MockUp_Map.MockUp_Map:PersistentLevel' has LevelScriptBlueprint '/Game/ThirdPersonBP/Maps/MockUp_Map.MockUp_Map:PersistentLevel.MockUp_Map' with GeneratedClass '/Game/ThirdPersonBP/Maps/MockUp_Map.MockUp_Map_C' with ClassGeneratedBy '/Game/ThirdPersonBP/Maps/MockUp_Map.MockUp_Map:PersistentLevel.MockUp_Map'
[2017.09.26-02.01.51:096][943]LogBlueprintUserMessages: Late EndPlayMap Detection: Level '/Game/ThirdPersonBP/Maps/MockUp_Map.MockUp_Map:PersistentLevel' has LevelScriptBlueprint '/Game/ThirdPersonBP/Maps/MockUp_Map.MockUp_Map:PersistentLevel.MockUp_Map' with GeneratedClass '/Game/ThirdPersonBP/Maps/MockUp_Map.MockUp_Map_C' with ClassGeneratedBy '/Game/ThirdPersonBP/Maps/MockUp_Map.MockUp_Map:PersistentLevel.MockUp_Map'
[2017.09.26-02.02.17:421][155]LogTemp: Repeting last play command: Selected Viewport
[2017.09.26-02.02.17:453][155]LogBlueprintUserMessages: Early PlayInEditor Detection: Level '/Game/ThirdPersonBP/Maps/MockUp_Map.MockUp_Map:PersistentLevel' has LevelScriptBlueprint '/Game/ThirdPersonBP/Maps/MockUp_Map.MockUp_Map:PersistentLevel.MockUp_Map' with GeneratedClass '/Game/ThirdPersonBP/Maps/MockUp_Map.MockUp_Map_C' with ClassGeneratedBy '/Game/ThirdPersonBP/Maps/MockUp_Map.MockUp_Map:PersistentLevel.MockUp_Map'
[2017.09.26-02.02.17:453][155]BlueprintLog: New page: Pre-Play auto-recompile
[2017.09.26-02.02.17:453][155]LogPlayLevel: [PlayLevel] Compiling Charater_BP before play...
[2017.09.26-02.02.17:732][155]LogPlayLevel: [PlayLevel]   Compiling CharaterAnimationControl_BP as a dependent...
[2017.09.26-02.02.18:820][155]LogPlayLevel: PlayLevel: Blueprint regeneration took 1367 ms (2 blueprints)
[2017.09.26-02.02.18:820][155]PIE: New page: PIE session: MockUp_Map (Sep 26, 2017, 6:02:18 PM)
[2017.09.26-02.02.18:857][155]LogPlayLevel: Creating play world package: /Game/ThirdPersonBP/Maps/UEDPIE_0_MockUp_Map
[2017.09.26-02.02.19:052][155]LogPlayLevel: PIE: StaticDuplicateObject took: (0.194612s)
[2017.09.26-02.02.19:053][155]LogAIModule: Creating AISystem for world MockUp_Map
[2017.09.26-02.02.19:053][155]LogPlayLevel: PIE: World Init took: (0.001122s)
[2017.09.26-02.02.19:054][155]LogPlayLevel: PIE: Created PIE world by copying editor world from /Game/ThirdPersonBP/Maps/MockUp_Map.MockUp_Map to /Game/ThirdPersonBP/Maps/UEDPIE_0_MockUp_Map.MockUp_Map (0.196771s)
[2017.09.26-02.02.19:078][155]LogInit: XAudio2 using 'Speakers (Realtek High Definition Audio)' : 6 channels at 44.1 kHz using 32 bits per sample (channel mask 0x60f)
[2017.09.26-02.02.19:085][155]LogInit: FAudioDevice initialized.
[2017.09.26-02.02.19:125][155]LogLoad: Game class is 'MeetingGameModeBase_BP_C'
[2017.09.26-02.02.19:210][155]LogWorld: Bringing World /Game/ThirdPersonBP/Maps/UEDPIE_0_MockUp_Map.MockUp_Map up for play (max tick rate 0) at 2017.09.26-10.02.19
[2017.09.26-02.02.19:235][155]LogWorld: Bringing up level for play took: 0.108988
[2017.09.26-02.02.19:246][155]PIE: Info Play in editor start time for /Game/ThirdPersonBP/Maps/UEDPIE_0_MockUp_Map 1.655
[2017.09.26-02.02.19:247][155]LogBlueprintUserMessages: Late PlayInEditor Detection: Level '/Game/ThirdPersonBP/Maps/MockUp_Map.MockUp_Map:PersistentLevel' has LevelScriptBlueprint '/Game/ThirdPersonBP/Maps/MockUp_Map.MockUp_Map:PersistentLevel.MockUp_Map' with GeneratedClass '/Game/ThirdPersonBP/Maps/MockUp_Map.MockUp_Map_C' with ClassGeneratedBy '/Game/ThirdPersonBP/Maps/MockUp_Map.MockUp_Map:PersistentLevel.MockUp_Map'
[2017.09.26-02.02.35:544][751]LogBlueprintUserMessages: Early EndPlayMap Detection: Level '/Game/ThirdPersonBP/Maps/MockUp_Map.MockUp_Map:PersistentLevel' has LevelScriptBlueprint '/Game/ThirdPersonBP/Maps/MockUp_Map.MockUp_Map:PersistentLevel.MockUp_Map' with GeneratedClass '/Game/ThirdPersonBP/Maps/MockUp_Map.MockUp_Map_C' with ClassGeneratedBy '/Game/ThirdPersonBP/Maps/MockUp_Map.MockUp_Map:PersistentLevel.MockUp_Map'
[2017.09.26-02.02.35:654][751]LogBlueprintUserMessages: Late EndPlayMap Detection: Level '/Game/ThirdPersonBP/Maps/MockUp_Map.MockUp_Map:PersistentLevel' has LevelScriptBlueprint '/Game/ThirdPersonBP/Maps/MockUp_Map.MockUp_Map:PersistentLevel.MockUp_Map' with GeneratedClass '/Game/ThirdPersonBP/Maps/MockUp_Map.MockUp_Map_C' with ClassGeneratedBy '/Game/ThirdPersonBP/Maps/MockUp_Map.MockUp_Map:PersistentLevel.MockUp_Map'
[2017.09.26-02.02.39:442][976]LogTemp: Repeting last play command: Selected Viewport
[2017.09.26-02.02.39:472][976]LogBlueprintUserMessages: Early PlayInEditor Detection: Level '/Game/ThirdPersonBP/Maps/MockUp_Map.MockUp_Map:PersistentLevel' has LevelScriptBlueprint '/Game/ThirdPersonBP/Maps/MockUp_Map.MockUp_Map:PersistentLevel.MockUp_Map' with GeneratedClass '/Game/ThirdPersonBP/Maps/MockUp_Map.MockUp_Map_C' with ClassGeneratedBy '/Game/ThirdPersonBP/Maps/MockUp_Map.MockUp_Map:PersistentLevel.MockUp_Map'
[2017.09.26-02.02.39:472][976]BlueprintLog: New page: Pre-Play auto-recompile
[2017.09.26-02.02.39:472][976]LogPlayLevel: [PlayLevel] Compiling Charater_BP before play...
[2017.09.26-02.02.39:759][976]LogPlayLevel: [PlayLevel]   Compiling CharaterAnimationControl_BP as a dependent...
[2017.09.26-02.02.40:900][976]LogPlayLevel: PlayLevel: Blueprint regeneration took 1427 ms (2 blueprints)
[2017.09.26-02.02.40:900][976]PIE: New page: PIE session: MockUp_Map (Sep 26, 2017, 6:02:40 PM)
[2017.09.26-02.02.40:900][976]LogPlayLevel: Creating play world package: /Game/ThirdPersonBP/Maps/UEDPIE_0_MockUp_Map
[2017.09.26-02.02.41:095][976]LogPlayLevel: PIE: StaticDuplicateObject took: (0.195177s)
[2017.09.26-02.02.41:096][976]LogAIModule: Creating AISystem for world MockUp_Map
[2017.09.26-02.02.41:097][976]LogPlayLevel: PIE: World Init took: (0.001148s)
[2017.09.26-02.02.41:098][976]LogPlayLevel: PIE: Created PIE world by copying editor world from /Game/ThirdPersonBP/Maps/MockUp_Map.MockUp_Map to /Game/ThirdPersonBP/Maps/UEDPIE_0_MockUp_Map.MockUp_Map (0.197651s)
[2017.09.26-02.02.41:124][976]LogInit: XAudio2 using 'Speakers (Realtek High Definition Audio)' : 6 channels at 44.1 kHz using 32 bits per sample (channel mask 0x60f)
[2017.09.26-02.02.41:131][976]LogInit: FAudioDevice initialized.
[2017.09.26-02.02.41:171][976]LogLoad: Game class is 'MeetingGameModeBase_BP_C'
[2017.09.26-02.02.41:255][976]LogWorld: Bringing World /Game/ThirdPersonBP/Maps/UEDPIE_0_MockUp_Map.MockUp_Map up for play (max tick rate 0) at 2017.09.26-10.02.41
[2017.09.26-02.02.41:280][976]LogWorld: Bringing up level for play took: 0.108836
[2017.09.26-02.02.41:291][976]PIE: Info Play in editor start time for /Game/ThirdPersonBP/Maps/UEDPIE_0_MockUp_Map 1.701
[2017.09.26-02.02.41:292][976]LogBlueprintUserMessages: Late PlayInEditor Detection: Level '/Game/ThirdPersonBP/Maps/MockUp_Map.MockUp_Map:PersistentLevel' has LevelScriptBlueprint '/Game/ThirdPersonBP/Maps/MockUp_Map.MockUp_Map:PersistentLevel.MockUp_Map' with GeneratedClass '/Game/ThirdPersonBP/Maps/MockUp_Map.MockUp_Map_C' with ClassGeneratedBy '/Game/ThirdPersonBP/Maps/MockUp_Map.MockUp_Map:PersistentLevel.MockUp_Map'
[2017.09.26-02.02.56:860][547]LogBlueprintUserMessages: Early EndPlayMap Detection: Level '/Game/ThirdPersonBP/Maps/MockUp_Map.MockUp_Map:PersistentLevel' has LevelScriptBlueprint '/Game/ThirdPersonBP/Maps/MockUp_Map.MockUp_Map:PersistentLevel.MockUp_Map' with GeneratedClass '/Game/ThirdPersonBP/Maps/MockUp_Map.MockUp_Map_C' with ClassGeneratedBy '/Game/ThirdPersonBP/Maps/MockUp_Map.MockUp_Map:PersistentLevel.MockUp_Map'
[2017.09.26-02.02.56:972][547]LogBlueprintUserMessages: Late EndPlayMap Detection: Level '/Game/ThirdPersonBP/Maps/MockUp_Map.MockUp_Map:PersistentLevel' has LevelScriptBlueprint '/Game/ThirdPersonBP/Maps/MockUp_Map.MockUp_Map:PersistentLevel.MockUp_Map' with GeneratedClass '/Game/ThirdPersonBP/Maps/MockUp_Map.MockUp_Map_C' with ClassGeneratedBy '/Game/ThirdPersonBP/Maps/MockUp_Map.MockUp_Map:PersistentLevel.MockUp_Map'
[2017.09.26-02.05.07:669][863]LogTemp: Repeting last play command: Selected Viewport
[2017.09.26-02.05.07:703][863]LogBlueprintUserMessages: Early PlayInEditor Detection: Level '/Game/ThirdPersonBP/Maps/MockUp_Map.MockUp_Map:PersistentLevel' has LevelScriptBlueprint '/Game/ThirdPersonBP/Maps/MockUp_Map.MockUp_Map:PersistentLevel.MockUp_Map' with GeneratedClass '/Game/ThirdPersonBP/Maps/MockUp_Map.MockUp_Map_C' with ClassGeneratedBy '/Game/ThirdPersonBP/Maps/MockUp_Map.MockUp_Map:PersistentLevel.MockUp_Map'
[2017.09.26-02.05.07:703][863]BlueprintLog: New page: Pre-Play auto-recompile
[2017.09.26-02.05.07:703][863]LogPlayLevel: [PlayLevel] Compiling Charater_BP before play...
[2017.09.26-02.05.07:983][863]LogPlayLevel: [PlayLevel]   Compiling CharaterAnimationControl_BP as a dependent...
[2017.09.26-02.05.09:321][863]LogPlayLevel: PlayLevel: Blueprint regeneration took 1617 ms (2 blueprints)
[2017.09.26-02.05.09:321][863]PIE: New page: PIE session: MockUp_Map (Sep 26, 2017, 6:05:09 PM)
[2017.09.26-02.05.09:321][863]LogPlayLevel: Creating play world package: /Game/ThirdPersonBP/Maps/UEDPIE_0_MockUp_Map
[2017.09.26-02.05.09:515][863]LogPlayLevel: PIE: StaticDuplicateObject took: (0.194271s)
[2017.09.26-02.05.09:516][863]LogAIModule: Creating AISystem for world MockUp_Map
[2017.09.26-02.05.09:516][863]LogPlayLevel: PIE: World Init took: (0.001168s)
[2017.09.26-02.05.09:517][863]LogPlayLevel: PIE: Created PIE world by copying editor world from /Game/ThirdPersonBP/Maps/MockUp_Map.MockUp_Map to /Game/ThirdPersonBP/Maps/UEDPIE_0_MockUp_Map.MockUp_Map (0.196477s)
[2017.09.26-02.05.09:544][863]LogInit: XAudio2 using 'Speakers (Realtek High Definition Audio)' : 6 channels at 44.1 kHz using 32 bits per sample (channel mask 0x60f)
[2017.09.26-02.05.09:640][863]LogInit: FAudioDevice initialized.
[2017.09.26-02.05.09:678][863]LogLoad: Game class is 'MeetingGameModeBase_BP_C'
[2017.09.26-02.05.09:763][863]LogWorld: Bringing World /Game/ThirdPersonBP/Maps/UEDPIE_0_MockUp_Map.MockUp_Map up for play (max tick rate 0) at 2017.09.26-10.05.09
[2017.09.26-02.05.09:788][863]LogWorld: Bringing up level for play took: 0.109184
[2017.09.26-02.05.09:799][863]PIE: Info Play in editor start time for /Game/ThirdPersonBP/Maps/UEDPIE_0_MockUp_Map 2.208
[2017.09.26-02.05.09:800][863]LogBlueprintUserMessages: Late PlayInEditor Detection: Level '/Game/ThirdPersonBP/Maps/MockUp_Map.MockUp_Map:PersistentLevel' has LevelScriptBlueprint '/Game/ThirdPersonBP/Maps/MockUp_Map.MockUp_Map:PersistentLevel.MockUp_Map' with GeneratedClass '/Game/ThirdPersonBP/Maps/MockUp_Map.MockUp_Map_C' with ClassGeneratedBy '/Game/ThirdPersonBP/Maps/MockUp_Map.MockUp_Map:PersistentLevel.MockUp_Map'
[2017.09.26-02.05.12:465][953]LogBlueprintUserMessages: Early EndPlayMap Detection: Level '/Game/ThirdPersonBP/Maps/MockUp_Map.MockUp_Map:PersistentLevel' has LevelScriptBlueprint '/Game/ThirdPersonBP/Maps/MockUp_Map.MockUp_Map:PersistentLevel.MockUp_Map' with GeneratedClass '/Game/ThirdPersonBP/Maps/MockUp_Map.MockUp_Map_C' with ClassGeneratedBy '/Game/ThirdPersonBP/Maps/MockUp_Map.MockUp_Map:PersistentLevel.MockUp_Map'
[2017.09.26-02.05.12:555][953]LogBlueprintUserMessages: Late EndPlayMap Detection: Level '/Game/ThirdPersonBP/Maps/MockUp_Map.MockUp_Map:PersistentLevel' has LevelScriptBlueprint '/Game/ThirdPersonBP/Maps/MockUp_Map.MockUp_Map:PersistentLevel.MockUp_Map' with GeneratedClass '/Game/ThirdPersonBP/Maps/MockUp_Map.MockUp_Map_C' with ClassGeneratedBy '/Game/ThirdPersonBP/Maps/MockUp_Map.MockUp_Map:PersistentLevel.MockUp_Map'
[2017.09.26-02.05.49:029][570]LogTemp: Repeting last play command: Selected Viewport
[2017.09.26-02.05.49:061][570]LogBlueprintUserMessages: Early PlayInEditor Detection: Level '/Game/ThirdPersonBP/Maps/MockUp_Map.MockUp_Map:PersistentLevel' has LevelScriptBlueprint '/Game/ThirdPersonBP/Maps/MockUp_Map.MockUp_Map:PersistentLevel.MockUp_Map' with GeneratedClass '/Game/ThirdPersonBP/Maps/MockUp_Map.MockUp_Map_C' with ClassGeneratedBy '/Game/ThirdPersonBP/Maps/MockUp_Map.MockUp_Map:PersistentLevel.MockUp_Map'
[2017.09.26-02.05.49:062][570]BlueprintLog: New page: Pre-Play auto-recompile
[2017.09.26-02.05.49:062][570]LogPlayLevel: [PlayLevel] Compiling Charater_BP before play...
[2017.09.26-02.05.49:341][570]LogPlayLevel: [PlayLevel]   Compiling CharaterAnimationControl_BP as a dependent...
[2017.09.26-02.05.50:754][570]LogPlayLevel: PlayLevel: Blueprint regeneration took 1692 ms (2 blueprints)
[2017.09.26-02.05.50:754][570]PIE: New page: PIE session: MockUp_Map (Sep 26, 2017, 6:05:50 PM)
[2017.09.26-02.05.50:754][570]LogPlayLevel: Creating play world package: /Game/ThirdPersonBP/Maps/UEDPIE_0_MockUp_Map
[2017.09.26-02.05.50:949][570]LogPlayLevel: PIE: StaticDuplicateObject took: (0.195088s)
[2017.09.26-02.05.50:950][570]LogAIModule: Creating AISystem for world MockUp_Map
[2017.09.26-02.05.50:950][570]LogPlayLevel: PIE: World Init took: (0.001174s)
[2017.09.26-02.05.50:951][570]LogPlayLevel: PIE: Created PIE world by copying editor world from /Game/ThirdPersonBP/Maps/MockUp_Map.MockUp_Map to /Game/ThirdPersonBP/Maps/UEDPIE_0_MockUp_Map.MockUp_Map (0.197210s)
[2017.09.26-02.05.50:977][570]LogInit: XAudio2 using 'Speakers (Realtek High Definition Audio)' : 6 channels at 44.1 kHz using 32 bits per sample (channel mask 0x60f)
[2017.09.26-02.05.50:984][570]LogInit: FAudioDevice initialized.
[2017.09.26-02.05.51:024][570]LogLoad: Game class is 'MeetingGameModeBase_BP_C'
[2017.09.26-02.05.51:108][570]LogWorld: Bringing World /Game/ThirdPersonBP/Maps/UEDPIE_0_MockUp_Map.MockUp_Map up for play (max tick rate 0) at 2017.09.26-10.05.51
[2017.09.26-02.05.51:133][570]LogWorld: Bringing up level for play took: 0.108602
[2017.09.26-02.05.51:144][570]PIE: Info Play in editor start time for /Game/ThirdPersonBP/Maps/UEDPIE_0_MockUp_Map 1.553
[2017.09.26-02.05.51:145][570]LogBlueprintUserMessages: Late PlayInEditor Detection: Level '/Game/ThirdPersonBP/Maps/MockUp_Map.MockUp_Map:PersistentLevel' has LevelScriptBlueprint '/Game/ThirdPersonBP/Maps/MockUp_Map.MockUp_Map:PersistentLevel.MockUp_Map' with GeneratedClass '/Game/ThirdPersonBP/Maps/MockUp_Map.MockUp_Map_C' with ClassGeneratedBy '/Game/ThirdPersonBP/Maps/MockUp_Map.MockUp_Map:PersistentLevel.MockUp_Map'
[2017.09.26-02.06.05:251][ 85]LogBlueprintUserMessages: Early EndPlayMap Detection: Level '/Game/ThirdPersonBP/Maps/MockUp_Map.MockUp_Map:PersistentLevel' has LevelScriptBlueprint '/Game/ThirdPersonBP/Maps/MockUp_Map.MockUp_Map:PersistentLevel.MockUp_Map' with GeneratedClass '/Game/ThirdPersonBP/Maps/MockUp_Map.MockUp_Map_C' with ClassGeneratedBy '/Game/ThirdPersonBP/Maps/MockUp_Map.MockUp_Map:PersistentLevel.MockUp_Map'
[2017.09.26-02.06.05:349][ 85]LogBlueprintUserMessages: Late EndPlayMap Detection: Level '/Game/ThirdPersonBP/Maps/MockUp_Map.MockUp_Map:PersistentLevel' has LevelScriptBlueprint '/Game/ThirdPersonBP/Maps/MockUp_Map.MockUp_Map:PersistentLevel.MockUp_Map' with GeneratedClass '/Game/ThirdPersonBP/Maps/MockUp_Map.MockUp_Map_C' with ClassGeneratedBy '/Game/ThirdPersonBP/Maps/MockUp_Map.MockUp_Map:PersistentLevel.MockUp_Map'
[2017.09.26-02.06.18:517][730]Cmd: OBJ SAVEPACKAGE PACKAGE="/Game/Blueprint/Charater_BP" FILE="../../../../../../Users/Unpar/Documents/FYP_DumbTesting/Meeting/Content/Blueprint/Charater_BP.uasset" SILENT=true
[2017.09.26-02.06.18:899][730]LogSavePackage: Save=336.34ms
[2017.09.26-02.06.18:899][730]LogSavePackage: Moving '../../../../../../Users/Unpar/Documents/FYP_DumbTesting/Meeting/Saved/Charater_BP447353FE4F8A7940B47AA4B5954DEE6A.tmp' to '../../../../../../Users/Unpar/Documents/FYP_DumbTesting/Meeting/Content/Blueprint/Charater_BP.uasset'
[2017.09.26-02.06.18:903][730]LogSavePackage:Display: Finished SavePackage ../../../../../../Users/Unpar/Documents/FYP_DumbTesting/Meeting/Content/Blueprint/Charater_BP.uasset
[2017.09.26-02.06.19:286][731]Cmd: QUIT_EDITOR
[2017.09.26-02.06.20:053][731]LogWindowsTextInputMethodSystem:Display: IME system now deactivated.
[2017.09.26-02.06.20:165][731]LogExit: Preparing to exit.
[2017.09.26-02.06.20:787][731]LogDirectoryWatcher: A directory notification for 'C:/Users/Unpar/Documents/FYP_DumbTesting/Meeting/Content/' was aborted.
[2017.09.26-02.06.21:816][731]LogExit: Editor shut down
[2017.09.26-02.06.21:821][731]LogExit: Transaction tracking system shut down
[2017.09.26-02.06.48:380][731]LogObj: Freed 0b from 0 cluster array pools.
[2017.09.26-02.06.48:380][731]LogExit: Object subsystem successfully closed.
[2017.09.26-02.06.49:059][731]LogD3D11RHI: Shutdown
[2017.09.26-02.06.49:059][731]LogD3D11RHI: CleanupD3DDevice
[2017.09.26-02.06.49:634][731]LogD3D11RHI: ~FD3D11DynamicRHI
[2017.09.26-02.06.51:194][731]LogModuleManager: Shutting down and abandoning module MovieSceneCapture (506)
[2017.09.26-02.06.51:194][731]LogModuleManager: Shutting down and abandoning module BlueprintGraph (504)
[2017.09.26-02.06.51:194][731]LogModuleManager: Shutting down and abandoning module BlueprintProfiler (502)
[2017.09.26-02.06.51:244][731]LogModuleManager: Shutting down and abandoning module HierarchicalLODOutliner (500)
[2017.09.26-02.06.51:250][731]LogModuleManager: Shutting down and abandoning module CrashTracker (498)
[2017.09.26-02.06.51:250][731]LogModuleManager: Shutting down and abandoning module SceneOutliner (496)
[2017.09.26-02.06.51:250][731]LogModuleManager: Shutting down and abandoning module AddContentDialog (494)
[2017.09.26-02.06.51:263][731]LogDirectoryWatcher: A directory notification for 'C:/Program Files/Epic Games/UE_4.15/FeaturePacks/' was aborted.
[2017.09.26-02.06.51:324][731]LogModuleManager: Shutting down and abandoning module WidgetCarousel (493)
[2017.09.26-02.06.51:324][731]LogModuleManager: Shutting down and abandoning module EditorWidgets (490)
[2017.09.26-02.06.51:324][731]LogModuleManager: Shutting down and abandoning module CollectionManager (488)
[2017.09.26-02.06.51:345][731]LogDirectoryWatcher: A directory notification for 'C:/Users/Unpar/Documents/FYP_DumbTesting/Meeting/Content/Collections/' was aborted.
[2017.09.26-02.06.51:345][731]LogDirectoryWatcher: A directory notification for 'C:/Users/Unpar/Documents/FYP_DumbTesting/Meeting/Content/Developers/Sebastian/Collections/' was aborted.
[2017.09.26-02.06.51:345][731]LogDirectoryWatcher: A directory notification for 'C:/Users/Unpar/Documents/FYP_DumbTesting/Meeting/Saved/Collections/' was aborted.
[2017.09.26-02.06.51:345][731]LogModuleManager: Shutting down and abandoning module StatsViewer (486)
[2017.09.26-02.06.51:366][731]LogModuleManager: Shutting down and abandoning module FoliageEdit (484)
[2017.09.26-02.06.51:366][731]LogModuleManager: Shutting down and abandoning module LandscapeEditor (482)
[2017.09.26-02.06.51:478][731]LogModuleManager: Shutting down and abandoning module SceneDepthPickerMode (480)
[2017.09.26-02.06.51:478][731]LogModuleManager: Shutting down and abandoning module ActorPickerMode (478)
[2017.09.26-02.06.51:478][731]LogModuleManager: Shutting down and abandoning module GeometryMode (476)
[2017.09.26-02.06.51:478][731]LogModuleManager: Shutting down and abandoning module TextureAlignMode (474)
[2017.09.26-02.06.51:478][731]LogModuleManager: Shutting down and abandoning module BspMode (472)
[2017.09.26-02.06.51:504][731]LogModuleManager: Shutting down and abandoning module HardwareSurvey (470)
[2017.09.26-02.06.51:512][731]LogModuleManager: Shutting down and abandoning module SequenceRecorderSections (468)
[2017.09.26-02.06.51:512][731]LogModuleManager: Shutting down and abandoning module AutomationWorker (466)
[2017.09.26-02.06.51:519][731]LogModuleManager: Shutting down and abandoning module MatineeToLevelSequence (464)
[2017.09.26-02.06.51:551][731]LogModuleManager: Shutting down and abandoning module LevelSequenceEditor (462)
[2017.09.26-02.06.51:582][731]LogModuleManager: Shutting down and abandoning module PlacementMode (461)
[2017.09.26-02.06.51:583][731]LogModuleManager: Shutting down and abandoning module WmfMediaFactory (458)
[2017.09.26-02.06.51:583][731]LogModuleManager: Shutting down and abandoning module WmfMediaEditor (456)
[2017.09.26-02.06.51:583][731]LogModuleManager: Shutting down and abandoning module MfMediaFactory (454)
[2017.09.26-02.06.51:585][731]LogModuleManager: Shutting down and abandoning module MfMediaEditor (452)
[2017.09.26-02.06.51:585][731]LogModuleManager: Shutting down and abandoning module AvfMediaFactory (450)
[2017.09.26-02.06.51:585][731]LogModuleManager: Shutting down and abandoning module AvfMediaEditor (448)
[2017.09.26-02.06.51:585][731]LogModuleManager: Shutting down and abandoning module AndroidMediaFactory (446)
[2017.09.26-02.06.51:588][731]LogModuleManager: Shutting down and abandoning module Media (445)
[2017.09.26-02.06.51:588][731]LogModuleManager: Shutting down and abandoning module AndroidMediaEditor (442)
[2017.09.26-02.06.51:588][731]LogModuleManager: Shutting down and abandoning module CharacterAI (440)
[2017.09.26-02.06.51:588][731]LogModuleManager: Shutting down and abandoning module AudioCapture (438)
[2017.09.26-02.06.51:599][731]LogModuleManager: Shutting down and abandoning module SequenceRecorder (437)
[2017.09.26-02.06.51:635][731]LogModuleManager: Shutting down and abandoning module SmartSnapping (434)
[2017.09.26-02.06.51:635][731]LogModuleManager: Shutting down and abandoning module SessionServices (432)
[2017.09.26-02.06.51:645][731]LogModuleManager: Shutting down and abandoning module ViewportSnapping (430)
[2017.09.26-02.06.51:645][731]LogModuleManager: Shutting down and abandoning module ViewportInteraction (428)
[2017.09.26-02.06.51:645][731]LogModuleManager: Shutting down and abandoning module LogVisualizer (426)
[2017.09.26-02.06.51:713][731]LogModuleManager: Shutting down and abandoning module IntroTutorials (424)
[2017.09.26-02.06.51:724][731]LogModuleManager: Shutting down and abandoning module GameProjectGeneration (423)
[2017.09.26-02.06.51:742][731]LogModuleManager: Shutting down and abandoning module EditorLiveStreaming (420)
[2017.09.26-02.06.51:745][731]LogModuleManager: Shutting down and abandoning module IOSPlatformEditor (418)
[2017.09.26-02.06.51:746][731]LogModuleManager: Shutting down and abandoning module HTML5PlatformEditor (416)
[2017.09.26-02.06.51:746][731]LogModuleManager: Shutting down and abandoning module AndroidPlatformEditor (414)
[2017.09.26-02.06.51:754][731]LogModuleManager: Shutting down and abandoning module AndroidDeviceDetection (413)
[2017.09.26-02.06.51:778][731]LogModuleManager: Shutting down and abandoning module IOSRuntimeSettings (410)
[2017.09.26-02.06.51:778][731]LogModuleManager: Shutting down and abandoning module AndroidRuntimeSettings (408)
[2017.09.26-02.06.51:778][731]LogModuleManager: Shutting down and abandoning module InputBindingEditor (406)
[2017.09.26-02.06.51:824][731]LogModuleManager: Shutting down and abandoning module NiagaraEditor (404)
[2017.09.26-02.06.51:838][731]LogModuleManager: Shutting down and abandoning module MergeActors (402)
[2017.09.26-02.06.51:847][731]LogModuleManager: Shutting down and abandoning module SizeMap (400)
[2017.09.26-02.06.51:851][731]LogModuleManager: Shutting down and abandoning module TreeMap (398)
[2017.09.26-02.06.51:889][731]LogModuleManager: Shutting down and abandoning module ReferenceViewer (396)
[2017.09.26-02.06.51:962][731]LogModuleManager: Shutting down and abandoning module LocalizationDashboard (394)
[2017.09.26-02.06.52:223][731]LogModuleManager: Shutting down and abandoning module LocalizationService (393)
[2017.09.26-02.06.52:298][731]LogModuleManager: Shutting down and abandoning module HardwareTargeting (390)
[2017.09.26-02.06.52:298][731]LogModuleManager: Shutting down and abandoning module DeviceProfileEditor (388)
[2017.09.26-02.06.52:360][731]LogModuleManager: Shutting down and abandoning module UndoHistory (386)
[2017.09.26-02.06.52:371][731]LogModuleManager: Shutting down and abandoning module UserFeedback (384)
[2017.09.26-02.06.52:371][731]LogModuleManager: Shutting down and abandoning module XmlParser (382)
[2017.09.26-02.06.52:383][731]LogModuleManager: Shutting down and abandoning module Blutility (380)
[2017.09.26-02.06.52:383][731]LogModuleManager: Shutting down and abandoning module ProjectSettingsViewer (378)
[2017.09.26-02.06.52:431][731]LogModuleManager: Shutting down and abandoning module ProjectTargetPlatformEditor (377)
[2017.09.26-02.06.52:479][731]LogModuleManager: Shutting down and abandoning module EditorSettingsViewer (374)
[2017.09.26-02.06.52:517][731]LogModuleManager: Shutting down and abandoning module SettingsEditor (372)
[2017.09.26-02.06.52:568][731]LogModuleManager: Shutting down and abandoning module ProjectLauncher (370)
[2017.09.26-02.06.52:578][731]LogModuleManager: Shutting down and abandoning module SessionFrontend (368)
[2017.09.26-02.06.52:580][731]LogModuleManager: Shutting down and abandoning module ProfilerClient (366)
[2017.09.26-02.06.52:583][731]LogModuleManager: Shutting down and abandoning module DeviceManager (364)
[2017.09.26-02.06.52:592][731]LogModuleManager: Shutting down and abandoning module TargetDeviceServices (363)
[2017.09.26-02.06.52:647][731]LogModuleManager: Shutting down and abandoning module AutomationController (360)
[2017.09.26-02.06.52:715][731]LogModuleManager: Shutting down and abandoning module AutomationWindow (358)
[2017.09.26-02.06.52:756][731]LogModuleManager: Shutting down and abandoning module Layers (356)
[2017.09.26-02.06.52:781][731]LogModuleManager: Shutting down and abandoning module ComponentVisualizers (354)
[2017.09.26-02.06.52:781][731]LogModuleManager: Shutting down and abandoning module DetailCustomizations (352)
[2017.09.26-02.06.52:806][731]LogModuleManager: Shutting down and abandoning module PackagesDialog (350)
[2017.09.26-02.06.52:806][731]LogModuleManager: Shutting down and abandoning module Persona (348)
[2017.09.26-02.06.52:911][731]LogModuleManager: Shutting down and abandoning module AnimGraph (347)
[2017.09.26-02.06.52:911][731]LogModuleManager: Shutting down and abandoning module Kismet (344)
[2017.09.26-02.06.52:925][731]LogModuleManager: Shutting down and abandoning module GraphEditor (342)
[2017.09.26-02.06.52:925][731]LogModuleManager: Shutting down and abandoning module ClassViewer (340)
[2017.09.26-02.06.52:936][731]LogModuleManager: Shutting down and abandoning module Toolbox (338)
[2017.09.26-02.06.52:944][731]LogModuleManager: Shutting down and abandoning module ModuleUI (336)
[2017.09.26-02.06.52:951][731]LogModuleManager: Shutting down and abandoning module MovieSceneTools (334)
[2017.09.26-02.06.52:981][731]LogModuleManager: Shutting down and abandoning module OutputLog (332)
[2017.09.26-02.06.52:993][731]LogModuleManager: Shutting down and abandoning module GammaUI (330)
[2017.09.26-02.06.52:995][731]LogModuleManager: Shutting down and abandoning module Documentation (328)
[2017.09.26-02.06.52:995][731]LogModuleManager: Shutting down and abandoning module Niagara (326)
[2017.09.26-02.06.52:995][731]LogModuleManager: Shutting down and abandoning module StreamingPauseRendering (324)
[2017.09.26-02.06.53:004][731]LogModuleManager: Shutting down and abandoning module AnalyticsET (322)
[2017.09.26-02.06.53:004][731]LogModuleManager: Shutting down and abandoning module PortalServices (320)
[2017.09.26-02.06.53:004][731]LogModuleManager: Shutting down and abandoning module PortalRpc (318)
[2017.09.26-02.06.53:004][731]LogModuleManager: Shutting down and abandoning module MessagingRpc (316)
[2017.09.26-02.06.53:004][731]LogModuleManager: Shutting down and abandoning module AIModule (314)
[2017.09.26-02.06.53:012][731]LogModuleManager: Shutting down and abandoning module GameplayDebugger (313)
[2017.09.26-02.06.53:012][731]LogModuleManager: Shutting down and abandoning module AITestSuite (311)
[2017.09.26-02.06.53:021][731]LogModuleManager: Shutting down and abandoning module ProfilerService (308)
[2017.09.26-02.06.53:183][731]LogModuleManager: Shutting down and abandoning module TaskGraph (306)
[2017.09.26-02.06.53:741][731]LogModuleManager: Shutting down and abandoning module SteamVRController (304)
[2017.09.26-02.06.53:741][731]LogModuleManager: Shutting down and abandoning module SteamVR (302)
[2017.09.26-02.06.53:741][731]LogModuleManager: Shutting down and abandoning module ProceduralMeshComponentEditor (300)
[2017.09.26-02.06.53:741][731]LogModuleManager: Shutting down and abandoning module ProceduralMeshComponent (298)
[2017.09.26-02.06.53:762][731]LogModuleManager: Shutting down and abandoning module OculusLibrary (296)
[2017.09.26-02.06.53:762][731]LogModuleManager: Shutting down and abandoning module OculusInput (294)
[2017.09.26-02.06.53:762][731]LogModuleManager: Shutting down and abandoning module MobilePatchingUtils (292)
[2017.09.26-02.06.53:762][731]LogModuleManager: Shutting down and abandoning module CustomMeshComponent (290)
[2017.09.26-02.06.53:762][731]LogModuleManager: Shutting down and abandoning module CableComponent (288)
[2017.09.26-02.06.53:780][731]LogModuleManager: Shutting down and abandoning module ArchVisCharacter (286)
[2017.09.26-02.06.53:780][731]LogModuleManager: Shutting down and abandoning module MediaPlayerEditor (282)
[2017.09.26-02.06.53:853][731]LogModuleManager: Shutting down and abandoning module HTML5Networking (280)
[2017.09.26-02.06.53:858][731]LogModuleManager: Shutting down and abandoning module AlembicImporter (278)
[2017.09.26-02.06.53:899][731]LogModuleManager: Shutting down and abandoning module AlembicLibrary (277)
[2017.09.26-02.06.53:999][731]LogModuleManager: Shutting down and abandoning module GeometryCache (276)
[2017.09.26-02.06.53:999][731]LogModuleManager: Shutting down and abandoning module GeometryCacheEd (275)
[2017.09.26-02.06.53:999][731]LogModuleManager: Shutting down and abandoning module SuperSearchEditor (270)
[2017.09.26-02.06.53:999][731]LogModuleManager: Shutting down and abandoning module SuperSearch (269)
[2017.09.26-02.06.53:999][731]LogModuleManager: Shutting down and abandoning module SpeedTreeImporter (266)
[2017.09.26-02.06.53:999][731]LogModuleManager: Shutting down and abandoning module PluginBrowser (264)
[2017.09.26-02.06.54:169][731]LogModuleManager: Shutting down and abandoning module MobileLauncherProfileWizard (262)
[2017.09.26-02.06.54:214][731]LogModuleManager: Shutting down and abandoning module EpicSurvey (260)
[2017.09.26-02.06.54:250][731]LogModuleManager: Shutting down and abandoning module VisualStudioSourceCodeAccess (258)
[2017.09.26-02.06.54:254][731]LogModuleManager: Shutting down and abandoning module DesktopPlatform (257)
[2017.09.26-02.06.54:258][731]LogModuleManager: Shutting down and abandoning module UObjectPlugin (254)
[2017.09.26-02.06.54:258][731]LogModuleManager: Shutting down and abandoning module SubversionSourceControl (252)
[2017.09.26-02.06.54:263][731]LogModuleManager: Shutting down and abandoning module PerforceSourceControl (250)
[2017.09.26-02.06.54:290][731]LogModuleManager: Shutting down and abandoning module GitSourceControl (248)
[2017.09.26-02.06.54:309][731]LogModuleManager: Shutting down and abandoning module SourceControl (247)
[2017.09.26-02.06.54:333][731]LogModuleManager: Shutting down and abandoning module LightPropagationVolumeEditor (244)
[2017.09.26-02.06.54:338][731]LogModuleManager: Shutting down and abandoning module PaperTiledImporter (242)
[2017.09.26-02.06.54:338][731]LogModuleManager: Shutting down and abandoning module PaperSpriteSheetImporter (240)
[2017.09.26-02.06.54:338][731]LogModuleManager: Shutting down and abandoning module Paper2DEditor (238)
[2017.09.26-02.06.54:356][731]LogModuleManager: Shutting down and abandoning module MeshPaint (237)
[2017.09.26-02.06.54:358][731]LogModuleManager: Shutting down and abandoning module LevelEditor (235)
[2017.09.26-02.06.54:378][731]LogModuleManager: Shutting down and abandoning module PixelInspectorModule (234)
[2017.09.26-02.06.54:387][731]LogModuleManager: Shutting down and abandoning module MainFrame (232)
[2017.09.26-02.06.54:387][731]LogModuleManager: Shutting down and abandoning module HotReload (231)
[2017.09.26-02.06.54:402][731]LogDirectoryWatcher: A directory notification for 'C:/Users/Unpar/Documents/FYP_DumbTesting/Meeting/Binaries/Win64' was aborted.
[2017.09.26-02.06.54:425][731]LogModuleManager: Shutting down and abandoning module ContentBrowser (227)
[2017.09.26-02.06.54:426][731]LogModuleManager: Shutting down and abandoning module Meeting (224)
[2017.09.26-02.06.54:426][731]LogModuleManager: Shutting down and abandoning module PhysXVehiclesEditor (222)
[2017.09.26-02.06.54:453][731]LogModuleManager: Shutting down and abandoning module PhysXVehicles (220)
[2017.09.26-02.06.54:453][731]LogModuleManager: Shutting down and abandoning module LocationServicesBPLibrary (218)
[2017.09.26-02.06.54:453][731]LogModuleManager: Shutting down and abandoning module UdpMessaging (216)
[2017.09.26-02.06.54:554][731]LogModuleManager: Shutting down and abandoning module TcpMessaging (214)
[2017.09.26-02.06.54:654][731]LogModuleManager: Shutting down and abandoning module GameplayTagsEditor (212)
[2017.09.26-02.06.54:679][731]LogModuleManager: Shutting down and abandoning module FacialAnimationEditor (210)
[2017.09.26-02.06.54:684][731]LogModuleManager: Shutting down and abandoning module FacialAnimation (208)
[2017.09.26-02.06.54:684][731]LogModuleManager: Shutting down and abandoning module LightPropagationVolumeRuntime (206)
[2017.09.26-02.06.54:684][731]LogModuleManager: Shutting down and abandoning module Paper2D (204)
[2017.09.26-02.06.54:690][731]LogModuleManager: Shutting down and abandoning module WindowsMoviePlayer (202)
[2017.09.26-02.06.54:722][731]LogModuleManager: Shutting down and abandoning module WmfMedia (200)
[2017.09.26-02.06.54:754][731]LogModuleManager: Shutting down and abandoning module MfMedia (198)
[2017.09.26-02.06.54:754][731]LogModuleManager: Shutting down and abandoning module MediaAssets (196)
[2017.09.26-02.06.54:754][731]LogModuleManager: Shutting down and abandoning module GameLiveStreaming (194)
[2017.09.26-02.06.54:771][731]LogModuleManager: Shutting down and abandoning module VREditor (192)
[2017.09.26-02.06.54:783][731]LogModuleManager: Shutting down and abandoning module GameplayTasksEditor (190)
[2017.09.26-02.06.54:783][731]LogModuleManager: Shutting down and abandoning module BehaviorTreeEditor (188)
[2017.09.26-02.06.54:823][731]LogModuleManager: Shutting down and abandoning module FunctionalTesting (186)
[2017.09.26-02.06.54:832][731]LogModuleManager: Shutting down and abandoning module CollisionAnalyzer (184)
[2017.09.26-02.06.54:860][731]LogModuleManager: Shutting down and abandoning module UMG (182)
[2017.09.26-02.06.54:860][731]LogModuleManager: Shutting down and abandoning module UMGEditor (181)
[2017.09.26-02.06.54:892][731]LogModuleManager: Shutting down and abandoning module Sequencer (180)
[2017.09.26-02.06.54:909][731]LogModuleManager: Shutting down and abandoning module AssetTools (178)
[2017.09.26-02.06.54:951][731]LogModuleManager: Shutting down and abandoning module MessageLog (177)
[2017.09.26-02.06.54:951][731]LogModuleManager: Shutting down and abandoning module WorkspaceMenuStructure (176)
[2017.09.26-02.06.54:971][731]LogModuleManager: Shutting down and abandoning module SlateReflector (170)
[2017.09.26-02.06.54:989][731]LogModuleManager: Shutting down and abandoning module Slate (168)
[2017.09.26-02.06.54:989][731]LogModuleManager: Shutting down and abandoning module EditorStyle (166)
[2017.09.26-02.06.55:079][731]LogModuleManager: Shutting down and abandoning module SourceCodeAccess (164)
[2017.09.26-02.06.55:112][731]LogModuleManager: Shutting down and abandoning module HeadMountedDisplay (162)
[2017.09.26-02.06.55:112][731]LogModuleManager: Shutting down and abandoning module XAudio2 (160)
[2017.09.26-02.06.55:112][731]LogModuleManager: Shutting down and abandoning module Networking (158)
[2017.09.26-02.06.55:112][731]LogModuleManager: Shutting down and abandoning module Core (154)
[2017.09.26-02.06.55:112][731]LogModuleManager: Shutting down and abandoning module AssetRegistry (152)
[2017.09.26-02.06.55:563][731]LogDirectoryWatcher: A directory notification for '../../../Engine/Content/' was aborted.
[2017.09.26-02.06.55:563][731]LogDirectoryWatcher: A directory notification for '../../../../../../Users/Unpar/Documents/FYP_DumbTesting/Meeting/Content/' was aborted.
[2017.09.26-02.06.55:563][731]LogDirectoryWatcher: A directory notification for '../../../Engine/Plugins/2D/Paper2D/Content/' was aborted.
[2017.09.26-02.06.55:583][731]LogModuleManager: Shutting down and abandoning module DirectoryWatcher (151)
[2017.09.26-02.06.55:588][731]LogModuleManager: Shutting down and abandoning module KismetCompiler (148)
[2017.09.26-02.06.55:588][731]LogModuleManager: Shutting down and abandoning module PhysXFormats (146)
[2017.09.26-02.06.55:598][731]LogModuleManager: Shutting down and abandoning module MeshUtilities (144)
[2017.09.26-02.06.55:611][731]LogModuleManager: Shutting down and abandoning module SimplygonSwarm (143)
[2017.09.26-02.06.55:615][731]LogModuleManager: Shutting down and abandoning module SimplygonMeshReduction (141)
[2017.09.26-02.06.55:618][731]LogModuleManager: Shutting down and abandoning module QuadricMeshReduction (139)
[2017.09.26-02.06.55:621][731]LogModuleManager: Shutting down and abandoning module PropertyEditor (137)
[2017.09.26-02.06.55:637][731]LogModuleManager: Shutting down and abandoning module DerivedDataCache (134)
[2017.09.26-02.06.55:638][731]LogDerivedDataCache: Shutdown
[2017.09.26-02.06.55:638][731]LogModuleManager: Shutting down and abandoning module TargetPlatform (132)
[2017.09.26-02.06.55:722][731]LogModuleManager: Shutting down and abandoning module VulkanShaderFormat (131)
[2017.09.26-02.06.55:764][731]LogModuleManager: Shutting down and abandoning module ShaderFormatOpenGL (129)
[2017.09.26-02.06.55:767][731]LogModuleManager: Shutting down and abandoning module ShaderFormatD3D (127)
[2017.09.26-02.06.55:775][731]LogModuleManager: Shutting down and abandoning module MetalShaderFormat (125)
[2017.09.26-02.06.55:779][731]LogModuleManager: Shutting down and abandoning module TextureFormatUncompressed (123)
[2017.09.26-02.06.55:784][731]LogModuleManager: Shutting down and abandoning module TextureFormatPVR (121)
[2017.09.26-02.06.55:784][731]LogModuleManager: Shutting down and abandoning module TextureFormatDXT (119)
[2017.09.26-02.06.55:788][731]LogModuleManager: Shutting down and abandoning module TextureFormatIntelISPCTexComp (117)
[2017.09.26-02.06.55:817][731]LogModuleManager: Shutting down and abandoning module TextureFormatASTC (115)
[2017.09.26-02.06.55:817][731]LogModuleManager: Shutting down and abandoning module ImageWrapper (114)
[2017.09.26-02.06.55:817][731]LogModuleManager: Shutting down and abandoning module TextureFormatAndroid (111)
[2017.09.26-02.06.55:822][731]LogModuleManager: Shutting down and abandoning module AudioFormatOpus (109)
[2017.09.26-02.06.55:828][731]LogModuleManager: Shutting down and abandoning module AudioFormatOgg (107)
[2017.09.26-02.06.55:834][731]LogModuleManager: Shutting down and abandoning module AudioFormatADPCM (105)
[2017.09.26-02.06.55:834][731]LogModuleManager: Shutting down and abandoning module LinuxTargetPlatform (103)
[2017.09.26-02.06.55:893][731]LogModuleManager: Shutting down and abandoning module LinuxServerTargetPlatform (101)
[2017.09.26-02.06.55:893][731]LogModuleManager: Shutting down and abandoning module LinuxNoEditorTargetPlatform (99)
[2017.09.26-02.06.55:893][731]LogModuleManager: Shutting down and abandoning module LinuxClientTargetPlatform (97)
[2017.09.26-02.06.55:893][731]LogModuleManager: Shutting down and abandoning module TVOSTargetPlatform (95)
[2017.09.26-02.06.55:893][731]LogModuleManager: Shutting down and abandoning module Messaging (93)
[2017.09.26-02.06.55:893][731]LogModuleManager: Shutting down and abandoning module IOSTargetPlatform (91)
[2017.09.26-02.06.55:893][731]LogModuleManager: Shutting down and abandoning module HTML5TargetPlatform (89)
[2017.09.26-02.06.55:940][731]LogModuleManager: Shutting down and abandoning module Android_PVRTCTargetPlatform (87)
[2017.09.26-02.06.55:945][731]LogModuleManager: Shutting down and abandoning module Android_MultiTargetPlatform (85)
[2017.09.26-02.06.55:945][731]LogModuleManager: Shutting down and abandoning module Android_ETC2TargetPlatform (83)
[2017.09.26-02.06.55:950][731]LogModuleManager: Shutting down and abandoning module Android_ETC1TargetPlatform (81)
[2017.09.26-02.06.55:956][731]LogModuleManager: Shutting down and abandoning module Android_DXTTargetPlatform (79)
[2017.09.26-02.06.55:978][731]LogModuleManager: Shutting down and abandoning module Android_ATCTargetPlatform (77)
[2017.09.26-02.06.56:005][731]LogModuleManager: Shutting down and abandoning module Android_ASTCTargetPlatform (75)
[2017.09.26-02.06.56:012][731]LogModuleManager: Shutting down and abandoning module AndroidTargetPlatform (73)
[2017.09.26-02.06.56:015][731]LogModuleManager: Shutting down and abandoning module WindowsTargetPlatform (71)
[2017.09.26-02.06.56:047][731]LogModuleManager: Shutting down and abandoning module WindowsServerTargetPlatform (69)
[2017.09.26-02.06.56:089][731]LogModuleManager: Shutting down and abandoning module WindowsNoEditorTargetPlatform (67)
[2017.09.26-02.06.56:094][731]LogModuleManager: Shutting down and abandoning module WindowsClientTargetPlatform (65)
[2017.09.26-02.06.56:126][731]LogModuleManager: Shutting down and abandoning module MacTargetPlatform (63)
[2017.09.26-02.06.56:126][731]LogModuleManager: Shutting down and abandoning module MacServerTargetPlatform (61)
[2017.09.26-02.06.56:155][731]LogModuleManager: Shutting down and abandoning module MacNoEditorTargetPlatform (59)
[2017.09.26-02.06.56:160][731]LogModuleManager: Shutting down and abandoning module MacClientTargetPlatform (57)
[2017.09.26-02.06.56:162][731]LogModuleManager: Shutting down and abandoning module AllDesktopTargetPlatform (55)
[2017.09.26-02.06.56:162][731]LogModuleManager: Shutting down and abandoning module InputCore (52)
[2017.09.26-02.06.56:162][731]LogModuleManager: Shutting down and abandoning module Settings (50)
[2017.09.26-02.06.56:162][731]LogModuleManager: Shutting down and abandoning module OculusRift (48)
[2017.09.26-02.06.56:171][731]LogModuleManager: Shutting down and abandoning module GearVR (46)
[2017.09.26-02.06.56:171][731]LogModuleManager: Shutting down and abandoning module ExampleDeviceProfileSelector (44)
[2017.09.26-02.06.56:171][731]LogModuleManager: Shutting down and abandoning module OnlineBlueprintSupport (42)
[2017.09.26-02.06.56:171][731]LogModuleManager: Shutting down and abandoning module OnlineSubsystem (38)
[2017.09.26-02.06.56:171][731]LogOnline:Display: Unloading online subsystem: NULL
[2017.09.26-02.06.56:193][731]LogModuleManager: Shutting down and abandoning module XMPP (37)
[2017.09.26-02.06.56:215][731]LogModuleManager: Shutting down and abandoning module HTTP (35)
[2017.09.26-02.06.56:217][731]LogHttp:Display: Http module shutting down, but needs to wait on 1 outstanding Http requests:
[2017.09.26-02.06.56:217][731]LogHttp:Display: 	verb=[POST] url=[https://datarouter.ol.epicgames.com/datarouter/api/v1/public/data?SessionID=%7BDDFA270B-44F7-FD43-8BF2-65B5A21B3A2B%7D&AppID=UEEditor.Rocket.Release&AppVersion=4.15.3-3450819%2B%2B%2BUE4%2BRelease-4.15&UserID=647c395c4aa97590083c65b7ff40c55e%7C6bc28bd91c4a439a9dcf88c18ba2150d%7Cc213d4bf-3947-49ee-974f-b4023c7d5fc5&AppEnvironment=datacollector-binary&UploadType=eteventstream] status=Processing
[2017.09.26-02.06.56:278][731]LogModuleManager: Shutting down and abandoning module SSL (34)
[2017.09.26-02.06.56:301][731]LogModuleManager: Shutting down and abandoning module AudioEditor (30)
[2017.09.26-02.06.56:312][731]LogModuleManager: Shutting down and abandoning module TextureCompressor (28)
[2017.09.26-02.06.56:339][731]LogModuleManager: Shutting down and abandoning module ShaderCore (26)
[2017.09.26-02.06.56:339][731]LogModuleManager: Shutting down and abandoning module Landscape (24)
[2017.09.26-02.06.56:339][731]LogModuleManager: Shutting down and abandoning module SlateRHIRenderer (22)
[2017.09.26-02.06.56:428][731]LogModuleManager: Shutting down and abandoning module OpenGLDrv (20)
[2017.09.26-02.06.56:433][731]LogModuleManager: Shutting down and abandoning module D3D11RHI (18)
[2017.09.26-02.06.56:433][731]LogModuleManager: Shutting down and abandoning module AnimGraphRuntime (16)
[2017.09.26-02.06.56:480][731]LogModuleManager: Shutting down and abandoning module Renderer (14)
[2017.09.26-02.06.56:480][731]LogModuleManager: Shutting down and abandoning module Engine (12)
[2017.09.26-02.06.56:480][731]LogModuleManager: Shutting down and abandoning module CoreUObject (10)
[2017.09.26-02.06.56:480][731]LogModuleManager: Shutting down and abandoning module NetworkFile (8)
[2017.09.26-02.06.56:490][731]LogModuleManager: Shutting down and abandoning module StreamingFile (6)
[2017.09.26-02.06.56:493][731]LogModuleManager: Shutting down and abandoning module SandboxFile (4)
[2017.09.26-02.06.56:503][731]LogModuleManager: Shutting down and abandoning module PakFile (2)
[2017.09.26-02.06.56:532][731]LogExit: Exiting.
[2017.09.26-02.06.56:653][731]Log file closed, 09/26/17 10:06:56
