Log file open, 07/21/17 22:27:24
LogInit:Display: Running engine for game: Meeting
LogPlatformFile: Not using cached read wrapper
LogInit:Display: RandInit(-1986306352) SRandInit(-1986306352).
LogTaskGraph: Started task graph with 5 named threads and 8 total threads with 1 sets of task threads.
LogStats: Stats thread started at 0.258783
LogInit:Warning: Incompatible or missing module: UE4Editor-Meeting.dll
Running C:/Program Files/Epic Games/UE_4.15/Engine/Binaries/DotNET/UnrealBuildTool.exe Meeting Development Win64 -project="C:/Users/chong/OneDrive/Documents/GitHub/FYP_DumbTesting/Meeting/Meeting.uproject" -editorrecompile -progress -NoHotReloadFromIDE
Creating makefile for Meeting (no existing makefile)
@progress push 5%
Parsing headers for MeetingEditor
  Running UnrealHeaderTool "C:\Users\chong\OneDrive\Documents\GitHub\FYP_DumbTesting\Meeting\Meeting.uproject" "C:\Users\chong\OneDrive\Documents\GitHub\FYP_DumbTesting\Meeting\Intermediate\Build\Win64\MeetingEditor\Development\MeetingEditor.uhtmanifest" -LogCmds="loginit warning, logexit warning, logdatabase error" -Unattended -WarningsAsErrors -installed
Reflection code generated for MeetingEditor in 12.2201556 seconds
@progress pop
Performing 14 actions (4 in parallel)
PCH.Meeting.cpp
EnemyAI.cpp
BTService_CheckForPlayer.cpp
BTTask_MoveToPlayer.cpp
AI_Movement.cpp
EnemyCharacter.cpp
MainPlayer.cpp
Meeting.cpp
MeetingGameModeBase.cpp
OpenDoor.cpp
PlayerShoot.cpp
C:\Users\chong\OneDrive\Documents\GitHub\FYP_DumbTesting\Meeting\Source\Meeting\PlayerShoot.cpp(55): warning C4996: 'UStaticMeshComponent::StaticMesh': Direct access to StaticMesh member is deprecated and will be made private soon. Please use SetStaticMesh and GetStaticMesh. Please update your code to the new API before upgrading to the next release, otherwise your project will no longer compile.
C:\Program Files\Epic Games\UE_4.15\Engine\Source\Runtime\Engine\Classes\Components/StaticMeshComponent.h(179): note: see declaration of 'UStaticMeshComponent::StaticMesh'
Meeting.generated.cpp
[13/14] Link UE4Editor-Meeting.dll
[14/14] Link UE4Editor-Meeting.lib
   Creating library C:\Users\chong\OneDrive\Documents\GitHub\FYP_DumbTesting\Meeting\Intermediate\Build\Win64\UE4Editor\Development\UE4Editor-Meeting.lib and object C:\Users\chong\OneDrive\Documents\GitHub\FYP_DumbTesting\Meeting\Intermediate\Build\Win64\UE4Editor\Development\UE4Editor-Meeting.exp
   Creating library C:\Users\chong\OneDrive\Documents\GitHub\FYP_DumbTesting\Meeting\Intermediate\Build\Win64\UE4Editor\Development\UE4Editor-Meeting.suppressed.lib and object C:\Users\chong\OneDrive\Documents\GitHub\FYP_DumbTesting\Meeting\Intermediate\Build\Win64\UE4Editor\Development\UE4Editor-Meeting.suppressed.exp
Total build time: 174.97 seconds (Local executor: 69.14 seconds)
LogInit: Using libcurl 7.47.1
LogInit:  - built for x86_64-pc-win32
LogInit:  - supports SSL with OpenSSL/1.0.2g
LogInit:  - supports HTTP deflate (compression) using libz 1.2.8
LogInit:  - other features:
LogInit:      CURL_VERSION_SSL
LogInit:      CURL_VERSION_LIBZ
LogInit:      CURL_VERSION_IPV6
LogInit:      CURL_VERSION_ASYNCHDNS
LogInit:      CURL_VERSION_LARGEFILE
LogInit:      CURL_VERSION_IDN
LogInit:  CurlRequestOptions (configurable via config and command line):
LogInit:  - bVerifyPeer = false  - Libcurl will NOT verify peer certificate
LogInit:  - bUseHttpProxy = false  - Libcurl will NOT use HTTP proxy
LogInit:  - bDontReuseConnections = false  - Libcurl will reuse connections
LogInit:  - CertBundlePath = nullptr  - Libcurl will use whatever was configured at build time.
LogInit: Build: ++UE4+Release-4.15-CL-3450819
LogInit: Engine Version: 4.15.3-3450819+++UE4+Release-4.15
LogInit: Compatible Engine Version: 4.15.0-3299760+++UE4+Release-4.15
LogInit: Net CL: 3299760
LogDevObjectVersion: Number of dev versions registered: 14
LogDevObjectVersion:   Dev-Blueprints (B0D832E4-1F89-4F0D-ACCF-7EB736FD4AA2): 8
LogDevObjectVersion:   Dev-Build (E1C64328-A22C-4D53-A36C-8E866417BD8C): 0
LogDevObjectVersion:   Dev-Core (375EC13C-06E4-48FB-B500-84F0262A717E): 2
LogDevObjectVersion:   Dev-Editor (E4B068ED-F494-42E9-A231-DA0B2E46BB41): 14
LogDevObjectVersion:   Dev-Framework (CFFC743F-43B0-4480-9391-14DF171D2073): 22
LogDevObjectVersion:   Dev-Mobile (B02B49B5-BB20-44E9-A304-32B752E40360): 0
LogDevObjectVersion:   Dev-Networking (A4E4105C-59A1-49B5-A7C5-40C4547EDFEE): 0
LogDevObjectVersion:   Dev-Online (39C831C9-5AE6-47DC-9A44-9C173E1C8E7C): 0
LogDevObjectVersion:   Dev-Physics (78F01B33-EBEA-4F98-B9B4-84EACCB95AA2): 0
LogDevObjectVersion:   Dev-Platform (6631380F-2D4D-43E0-8009-CF276956A95A): 0
LogDevObjectVersion:   Dev-Rendering (12F88B9F-8875-4AFC-A67C-D90C383ABD29): 12
LogDevObjectVersion:   Dev-Sequencer (7B5AE74C-D270-4C10-A958-57980B212A5A): 3
LogDevObjectVersion:   Dev-VR (D7296918-1DD6-4BDD-9DE2-64A83CC13884): 0
LogDevObjectVersion:   Dev-LoadTimes (C2A15278-BFE7-4AFE-6C17-90FF531DF755): 1
LogInit: Compiled (64-bit): May 21 2017 11:02:34
LogInit: Compiled with Visual C++: 19.00.23026.00
LogInit: Build Configuration: Development
LogInit: Branch Name: ++UE4+Release-4.15
LogInit: Command line:  
LogInit: Base directory: C:/Program Files/Epic Games/UE_4.15/Engine/Binaries/Win64/
LogInit: Installed Engine Build: 1
LogInit: Presizing for max 8388607 objects, including 0 objects not considered by GC, pre-allocating 0 bytes for permanent pool.
LogInit: Object subsystem initialized
[2017.07.21-14.30.26:569][  0]LogInit: Selected Device Profile: [Windows]
[2017.07.21-14.30.26:569][  0]LogInit: Applying CVar settings loaded from the selected device profile: [Windows]
[2017.07.21-14.30.26:725][  0]LogInit: Computer: MSI
[2017.07.21-14.30.26:725][  0]LogInit: User: chong
[2017.07.21-14.30.26:725][  0]LogInit: CPU Page size=65536, Cores=4
[2017.07.21-14.30.26:725][  0]LogInit: High frequency timer resolution =2.531250 MHz
[2017.07.21-14.30.26:745][  0]LogMemory: Memory total: Physical=11.9GB (12GB approx)
[2017.07.21-14.30.26:746][  0]LogMemory: Platform Memory Stats for Windows
[2017.07.21-14.30.26:746][  0]LogMemory: Process Physical Memory: 269.25 MB used, 269.25 MB peak
[2017.07.21-14.30.26:746][  0]LogMemory: Process Virtual Memory: 263.44 MB used, 263.44 MB peak
[2017.07.21-14.30.26:746][  0]LogMemory: Physical Memory: 6711.32 MB used,  5487.28 MB free, 12198.60 MB total
[2017.07.21-14.30.26:746][  0]LogMemory: Virtual Memory: 682.96 MB used,  5487.28 MB free, 134217728.00 MB total
[2017.07.21-14.30.29:038][  0]LogTextLocalizationManager: No specific translations for ('en-MY') exist, so ('en') translations will be used.
[2017.07.21-14.30.41:313][  0]LogD3D11RHI: D3D11 adapters:
[2017.07.21-14.30.42:475][  0]LogD3D11RHI:    0. 'NVIDIA GeForce GTX 960M' (Feature Level 11_0)
[2017.07.21-14.30.42:475][  0]LogD3D11RHI:       2019/0/6099 MB DedicatedVideo/DedicatedSystem/SharedSystem, Outputs:1, VendorId:0x10de
[2017.07.21-14.30.42:552][  0]LogD3D11RHI:    1. 'Intel(R) HD Graphics 530' (Feature Level 11_0)
[2017.07.21-14.30.42:552][  0]LogD3D11RHI:       128/0/6099 MB DedicatedVideo/DedicatedSystem/SharedSystem, Outputs:0, VendorId:0x8086
[2017.07.21-14.30.42:574][  0]LogD3D11RHI:    2. 'Microsoft Basic Render Driver' (Feature Level 11_0)
[2017.07.21-14.30.42:575][  0]LogD3D11RHI:       0/0/6099 MB DedicatedVideo/DedicatedSystem/SharedSystem, Outputs:0, VendorId:0x1414
[2017.07.21-14.30.42:575][  0]LogD3D11RHI: Chosen D3D11 Adapter: 0
[2017.07.21-14.30.42:611][  0]LogD3D11RHI: Creating new Direct3DDevice
[2017.07.21-14.30.42:611][  0]LogD3D11RHI:     GPU DeviceId: 0x139b (for the marketing name, search the web for "GPU Device Id")
[2017.07.21-14.30.42:611][  0]LogWindows: EnumDisplayDevices:
[2017.07.21-14.30.42:611][  0]LogWindows:    0. 'Intel(R) HD Graphics 530' (P:1 D:1)
[2017.07.21-14.30.42:611][  0]LogWindows:    1. 'Intel(R) HD Graphics 530' (P:0 D:0)
[2017.07.21-14.30.42:611][  0]LogWindows:    2. 'Intel(R) HD Graphics 530' (P:0 D:0)
[2017.07.21-14.30.42:611][  0]LogWindows: DebugString: PrimaryIsNotTheChoosenAdapter PrimaryIsNotTheChoosenAdapter PrimaryIsNotTheChoosenAdapter FoundDriverCount:0 
[2017.07.21-14.30.42:611][  0]LogD3D11RHI:     Adapter Name: NVIDIA GeForce GTX 960M
[2017.07.21-14.30.42:611][  0]LogD3D11RHI:   Driver Version: Unknown (internal:Unknown, unified:Unknown)
[2017.07.21-14.30.42:611][  0]LogD3D11RHI:      Driver Date: Unknown
[2017.07.21-14.30.42:611][  0]LogRHI: Texture pool is 1361 MB (70% of 1945 MB)
[2017.07.21-14.30.42:768][  0]LogD3D11RHI: Async texture creation enabled
[2017.07.21-14.30.43:174][  0]LogD3D11RHI: GPU Timing Frequency: 1000.000000 (Debug: 2 1)
[2017.07.21-14.30.43:327][  0]LogShaderCompilers: Guid format shader working directory is -32 characters bigger than the processId version (../../../../../../Users/chong/OneDrive/Documents/GitHub/FYP_DumbTesting/Meeting/Intermediate/Shaders/WorkingDirectory/892/).
[2017.07.21-14.30.43:327][  0]LogShaderCompilers: Cleaned the shader compiler working directory 'C:/Users/chong/AppData/Local/Temp/UnrealShaderWorkingDir/7C4EAC99464673777BDA80972BFEBF94/'.
[2017.07.21-14.30.43:338][  0]LogShaderCompilers:Display: Using Local Shader Compiler.
[2017.07.21-14.30.48:155][  0]LogTemp:Display: Loaded TP AllDesktopTargetPlatform
[2017.07.21-14.30.48:242][  0]LogTemp:Display: Loaded TP MacClientTargetPlatform
[2017.07.21-14.30.48:325][  0]LogTemp:Display: Loaded TP MacNoEditorTargetPlatform
[2017.07.21-14.30.48:421][  0]LogTemp:Display: Loaded TP MacServerTargetPlatform
[2017.07.21-14.30.48:534][  0]LogTemp:Display: Loaded TP MacTargetPlatform
[2017.07.21-14.30.48:616][  0]LogTemp:Display: Loaded TP WindowsClientTargetPlatform
[2017.07.21-14.30.48:697][  0]LogTemp:Display: Loaded TP WindowsNoEditorTargetPlatform
[2017.07.21-14.30.48:792][  0]LogTemp:Display: Loaded TP WindowsServerTargetPlatform
[2017.07.21-14.30.48:863][  0]LogTemp:Display: Loaded TP WindowsTargetPlatform
[2017.07.21-14.30.48:975][  0]LogTemp:Display: Loaded TP AndroidTargetPlatform
[2017.07.21-14.30.49:061][  0]LogTemp:Display: Loaded TP Android_ASTCTargetPlatform
[2017.07.21-14.30.49:139][  0]LogTemp:Display: Loaded TP Android_ATCTargetPlatform
[2017.07.21-14.30.49:221][  0]LogTemp:Display: Loaded TP Android_DXTTargetPlatform
[2017.07.21-14.30.49:293][  0]LogTemp:Display: Loaded TP Android_ETC1TargetPlatform
[2017.07.21-14.30.49:371][  0]LogTemp:Display: Loaded TP Android_ETC2TargetPlatform
[2017.07.21-14.30.49:554][  0]LogTemp:Display: Loaded TP Android_MultiTargetPlatform
[2017.07.21-14.30.49:554][  0]LogTemp:Display: Loaded TP Android_PVRTCTargetPlatform
[2017.07.21-14.30.49:637][  0]LogTemp:Display: Loaded TP HTML5TargetPlatform
[2017.07.21-14.30.49:895][  0]LogTemp:Display: Loaded TP IOSTargetPlatform
[2017.07.21-14.30.49:937][  0]LogTemp:Display: Loaded TP TVOSTargetPlatform
[2017.07.21-14.30.50:005][  0]LogTemp:Display: Loaded TP LinuxClientTargetPlatform
[2017.07.21-14.30.50:075][  0]LogTemp:Display: Loaded TP LinuxNoEditorTargetPlatform
[2017.07.21-14.30.50:145][  0]LogTemp:Display: Loaded TP LinuxServerTargetPlatform
[2017.07.21-14.30.50:236][  0]LogTemp:Display: Loaded TP LinuxTargetPlatform
[2017.07.21-14.30.50:237][  0]LogTargetPlatformManager:Display: Building Assets For Windows
[2017.07.21-14.30.51:749][  0]LogDerivedDataCache:Display: Max Cache Size: 512 MB
[2017.07.21-14.30.52:348][  0]LogDerivedDataCache: Loaded boot cache 0.57s 50MB C:/Users/chong/AppData/Local/UnrealEngine/4.15/DerivedDataCache/Boot.ddc.
[2017.07.21-14.30.52:348][  0]LogDerivedDataCache:Display: Loaded Boot cache: C:/Users/chong/AppData/Local/UnrealEngine/4.15/DerivedDataCache/Boot.ddc
[2017.07.21-14.30.52:348][  0]LogDerivedDataCache: FDerivedDataBackendGraph:  Pak pak cache file ../../../../../../Users/chong/OneDrive/Documents/GitHub/FYP_DumbTesting/Meeting/DerivedDataCache/DDC.ddp not found, will not use a pak cache.
[2017.07.21-14.30.52:348][  0]LogDerivedDataCache: Unable to find inner node Pak for hierarchical cache Hierarchy.
[2017.07.21-14.30.52:348][  0]LogDerivedDataCache: FDerivedDataBackendGraph:  CompressedPak pak cache file ../../../../../../Users/chong/OneDrive/Documents/GitHub/FYP_DumbTesting/Meeting/DerivedDataCache/Compressed.ddp not found, will not use a pak cache.
[2017.07.21-14.30.52:348][  0]LogDerivedDataCache: Unable to find inner node CompressedPak for hierarchical cache Hierarchy.
[2017.07.21-14.30.52:431][  0]LogDerivedDataCache:Display: Pak cache opened for reading ../../../Engine/DerivedDataCache/Compressed.ddp.
[2017.07.21-14.30.52:476][  0]LogDerivedDataCache: Using Local data cache path C:/Users/chong/AppData/Local/UnrealEngine/Common/DerivedDataCache: Writable
[2017.07.21-14.30.52:749][  0]LogSlate: Using Freetype 2.6.0
[2017.07.21-14.30.53:005][  0]LogSlate: SlateFontCache - WITH_FREETYPE: 1, WITH_HARFBUZZ: 1
[2017.07.21-14.30.53:005][  0]LogSlate: SlateFontCache - WITH_FREETYPE: 1, WITH_HARFBUZZ: 1
[2017.07.21-14.31.05:073][  0]LogInit: Selected Device Profile: [Windows]
[2017.07.21-14.31.05:168][  0]LogContentStreaming: Texture pool size is 0.00 MB
[2017.07.21-14.31.06:279][  0]LogMeshUtilities: Using QuadricMeshReduction for automatic static mesh reduction
[2017.07.21-14.31.06:354][  0]LogSimplygon: Simplygon DLL not present - disabling.
[2017.07.21-14.31.06:458][  0]LogMeshUtilities: Using SimplygonSwarm for distributed automatic mesh merging
[2017.07.21-14.31.06:458][  0]LogMeshUtilities: No automatic skeletal mesh reduction module available
[2017.07.21-14.31.06:458][  0]LogMeshUtilities: No automatic mesh merging module available
[2017.07.21-14.31.14:865][  0]LogNetVersion: GetLocalNetworkVersion: CL: 3299760, ProjectName: meeting, ProjectVersion: , EngineNetworkVersion: 2, GameNetworkVersion: 0, NetworkChecksum: 116300604
[2017.07.21-14.31.15:119][  0]LogAssetRegistry: FAssetRegistry took 0.0248 seconds to start up
[2017.07.21-14.31.15:383][  0]LogPackageLocalizationCache: Processed 3 localized package path(s) for 2 prioritized culture(s) in 0.133210 seconds
[2017.07.21-14.31.15:416][  0]LogUObjectArray: 32493 objects as part of root set at end of initial load.
[2017.07.21-14.31.15:416][  0]LogUObjectAllocator: 7077032 out of 0 bytes used by permanent object pool.
[2017.07.21-14.31.15:416][  0]LogUObjectArray: CloseDisregardForGC: 0/0 objects in disregard for GC pool
[2017.07.21-14.31.15:541][  0]LogInit: WinSock: version 1.1 (2.2), MaxSocks=32767, MaxUdp=65467
[2017.07.21-14.32.11:267][  0]LogTcpMessaging: Initializing TcpMessaging bridge
[2017.07.21-14.32.11:385][  0]LogUdpMessaging: Initializing bridge on interface 0.0.0.0:0 to multicast group 230.0.0.1:6666.
[2017.07.21-14.32.14:892][  0]LogMaterial: Uniform references updated for custom material expression Custom.
[2017.07.21-14.32.16:727][  0]SourceControl: Info Source control is disabled
[2017.07.21-14.32.16:761][  0]SourceControl: Info Source control is disabled
[2017.07.21-14.32.17:025][  0]SourceControl: Info Source control is disabled
[2017.07.21-14.32.17:207][  0]SourceControl: Info Source control is disabled
[2017.07.21-14.32.23:619][  0]LogEngine: Initializing Engine...
[2017.07.21-14.32.23:659][  0]LogHMD: Failed to initialize OpenVR with code 110
[2017.07.21-14.32.23:966][  0]LogStats: UGameplayTagsManager::ConstructGameplayTagTree: Construct from data asset -  0.000 s
[2017.07.21-14.32.23:968][  0]LogStats: UGameplayTagsManager::ConstructGameplayTagTree: GameplayTagTreeChangedEvent.Broadcast -  0.000 s
[2017.07.21-14.32.25:853][  0]LogAIModule: Creating AISystem for world Untitled
[2017.07.21-14.32.26:508][  0]LogInit: XAudio2 using 'Speakers (Realtek High Definition Audio)' : 8 channels at 48 kHz using 32 bits per sample (channel mask 0x63f)
[2017.07.21-14.32.26:636][  0]LogInit: FAudioDevice initialized.
[2017.07.21-14.32.26:672][  0]LogDerivedDataCache: Saved boot cache 0.04s 50MB C:/Users/chong/AppData/Local/UnrealEngine/4.15/DerivedDataCache/Boot.ddc.
[2017.07.21-14.32.26:680][  0]LogInit: Texture streaming: Enabled
[2017.07.21-14.32.27:141][  0]LogEngineSessionManager: EngineSessionManager initialized
[2017.07.21-14.32.29:344][  0]LogInit: Transaction tracking system initialized
[2017.07.21-14.32.32:932][  0]BlueprintLog: New page: Editor Load
[2017.07.21-14.32.38:578][  0]LocalizationService: Info Localization service is disabled
[2017.07.21-14.32.42:235][  0]LogConsoleResponse:Display: 
[2017.07.21-14.32.46:850][  0]LogFileCache: Scanning file cache for directory 'C:/Users/chong/OneDrive/Documents/GitHub/FYP_DumbTesting/Meeting/Content/' took 0.05s
[2017.07.21-14.32.46:850][  0]LogCook:Display: Max memory allowance for cook 16384mb min free memory 0mb
[2017.07.21-14.32.46:851][  0]LogCook:Display: Mobile HDR setting 1
[2017.07.21-14.32.53:716][  0]SourceControl: Info Source control is disabled
[2017.07.21-14.32.54:020][  0]Cmd: MAP LOAD FILE="../../../../../../Users/chong/OneDrive/Documents/GitHub/FYP_DumbTesting/Meeting/Content/ThirdPersonBP/Maps/MockUp_Map.umap" TEMPLATE=0 SHOWPROGRESS=1 FEATURELEVEL=3
[2017.07.21-14.32.54:537][  0]LightingResults: New page: Lighting Build
[2017.07.21-14.32.55:501][  0]MapCheck: New page: Map Check
[2017.07.21-14.32.55:502][  0]LightingResults: New page: Lighting Build
[2017.07.21-14.33.04:578][  0]LogBlueprint:Warning: [Compiler ThirdPersonCharacter] Warning InputAction Event references unknown Action 'ResetVR' for  InputAction ResetVR
[2017.07.21-14.33.04:578][  0]LogBlueprint:Warning: [Compiler ThirdPersonCharacter] Warning Input Axis Event references unknown Axis 'LookUpRate' for  InputAxis LookUpRate
[2017.07.21-14.33.04:579][  0]LogBlueprint:Warning: [Compiler ThirdPersonCharacter] Warning Input Axis Event references unknown Axis 'TurnRate' for  InputAxis TurnRate
[2017.07.21-14.33.04:579][  0]LogBlueprint:Warning: [Compiler ThirdPersonCharacter] Warning InputAction Event references unknown Action 'Jump' for  InputAction Jump
[2017.07.21-14.33.04:580][  0]LogBlueprint:Warning: [Compiler ThirdPersonCharacter] Warning Input Axis Event references unknown Axis 'LookUp' for  InputAxis LookUp
[2017.07.21-14.33.04:580][  0]LogBlueprint:Warning: [Compiler ThirdPersonCharacter] Warning Input Axis Event references unknown Axis 'Turn' for  InputAxis Turn
[2017.07.21-14.33.04:601][  0]LogBlueprint:Warning: [Compiler ThirdPersonCharacter] Warning [0346.34] Compile of ThirdPersonCharacter successful, but with 6 Warning(s) [in 29 ms] (/Game/ThirdPersonBP/Blueprints/ThirdPersonCharacter.ThirdPersonCharacter)
[2017.07.21-14.33.04:601][  0]LogBlueprint:Warning: [Compiler ThirdPersonCharacter] Warning [0346.35] Compile of ThirdPersonCharacter successful, but with 7 Warning(s) [in 0 ms] (/Game/ThirdPersonBP/Blueprints/ThirdPersonCharacter.ThirdPersonCharacter)
[2017.07.21-14.33.04:601][  0]LogBlueprint:Warning: [Compiler ThirdPersonCharacter] Warning [0346.35] Compile of ThirdPersonCharacter successful, but with 8 Warning(s) [in 0 ms] (/Game/ThirdPersonBP/Blueprints/ThirdPersonCharacter.ThirdPersonCharacter)
[2017.07.21-14.33.04:609][  0]LogBlueprint:Warning: [Compiler ThirdPersonCharacter] Warning InputAction Event references unknown Action 'ResetVR' for  InputAction ResetVR
[2017.07.21-14.33.04:609][  0]LogBlueprint:Warning: [Compiler ThirdPersonCharacter] Warning Input Axis Event references unknown Axis 'LookUpRate' for  InputAxis LookUpRate
[2017.07.21-14.33.04:609][  0]LogBlueprint:Warning: [Compiler ThirdPersonCharacter] Warning Input Axis Event references unknown Axis 'TurnRate' for  InputAxis TurnRate
[2017.07.21-14.33.04:609][  0]LogBlueprint:Warning: [Compiler ThirdPersonCharacter] Warning InputAction Event references unknown Action 'Jump' for  InputAction Jump
[2017.07.21-14.33.04:610][  0]LogBlueprint:Warning: [Compiler ThirdPersonCharacter] Warning Input Axis Event references unknown Axis 'LookUp' for  InputAxis LookUp
[2017.07.21-14.33.04:610][  0]LogBlueprint:Warning: [Compiler ThirdPersonCharacter] Warning Input Axis Event references unknown Axis 'Turn' for  InputAxis Turn
[2017.07.21-14.33.04:622][  0]LogBlueprint:Warning: [Compiler ThirdPersonCharacter] Warning [0346.37] Compile of ThirdPersonCharacter successful, but with 6 Warning(s) [in 17 ms] (/Game/ThirdPersonBP/Blueprints/ThirdPersonCharacter.ThirdPersonCharacter)
[2017.07.21-14.33.04:622][  0]LogBlueprint:Warning: [Compiler ThirdPersonCharacter] Warning [0346.37] Compile of ThirdPersonCharacter successful, but with 7 Warning(s) [in 0 ms] (/Game/ThirdPersonBP/Blueprints/ThirdPersonCharacter.ThirdPersonCharacter)
[2017.07.21-14.33.04:622][  0]LogBlueprint:Warning: [Compiler ThirdPersonCharacter] Warning [0346.37] Compile of ThirdPersonCharacter successful, but with 8 Warning(s) [in 0 ms] (/Game/ThirdPersonBP/Blueprints/ThirdPersonCharacter.ThirdPersonCharacter)
[2017.07.21-14.33.04:633][  0]LogLinker:Warning: Can't find file '/Game/ThirdPersonBP/Maps/MockUp_Map_BuiltData'
[2017.07.21-14.33.04:668][  0]LogLinker:Warning: Can't find file for asset '/Game/ThirdPersonBP/Maps/MockUp_Map_BuiltData' while loading ../../../../../../Users/chong/OneDrive/Documents/GitHub/FYP_DumbTesting/Meeting/Content/ThirdPersonBP/Maps/MockUp_Map.umap.
[2017.07.21-14.33.04:669][  0]LoadErrors:Error: Error /Game/ThirdPersonBP/Maps/MockUp_Map : Can't find file for asset. /Game/ThirdPersonBP/Maps/MockUp_Map_BuiltData
[2017.07.21-14.33.12:094][  0]LogLinker:Warning: Can't find file '/Game/Art/Environment/newdev/zzzzzz'
[2017.07.21-14.33.12:094][  0]LogLinker:Warning: Can't find file for asset '/Game/Art/Environment/newdev/zzzzzz' while loading ../../../../../../Users/chong/OneDrive/Documents/GitHub/FYP_DumbTesting/Meeting/Content/Art/Environment/Mesh/SM_Corridor_Frame.uasset.
[2017.07.21-14.33.12:094][  0]LoadErrors:Error: Error /Game/Art/Environment/Mesh/SM_Corridor_Frame : Can't find file for asset. /Game/Art/Environment/newdev/zzzzzz
[2017.07.21-14.33.12:095][  0]LogLinker:Warning: Can't find file '/Game/Art/Environment/newdev/zzzzzz'
[2017.07.21-14.33.12:095][  0]LogLinker:Warning: Can't find file for asset '/Game/Art/Environment/newdev/zzzzzz' while loading ../../../../../../Users/chong/OneDrive/Documents/GitHub/FYP_DumbTesting/Meeting/Content/Art/Environment/Mesh/SM_Corridor_Frame.uasset.
[2017.07.21-14.33.12:095][  0]LoadErrors:Error: Error /Game/Art/Environment/Mesh/SM_Corridor_Frame : Can't find file for asset. /Game/Art/Environment/newdev/zzzzzz
[2017.07.21-14.33.12:338][  0]LogLinker:Warning: Can't find file '/Game/Art/Environment/newdev/2'
[2017.07.21-14.33.12:338][  0]LogLinker:Warning: Can't find file for asset '/Game/Art/Environment/newdev/2' while loading ../../../../../../Users/chong/OneDrive/Documents/GitHub/FYP_DumbTesting/Meeting/Content/Art/Environment/Mesh/SM_Corridor_Wall.uasset.
[2017.07.21-14.33.12:339][  0]LoadErrors:Error: Error /Game/Art/Environment/Mesh/SM_Corridor_Wall : Can't find file for asset. /Game/Art/Environment/newdev/2
[2017.07.21-14.33.12:339][  0]LogLinker:Warning: Can't find file '/Game/Art/Environment/newdev/2'
[2017.07.21-14.33.12:339][  0]LogLinker:Warning: Can't find file for asset '/Game/Art/Environment/newdev/2' while loading ../../../../../../Users/chong/OneDrive/Documents/GitHub/FYP_DumbTesting/Meeting/Content/Art/Environment/Mesh/SM_Corridor_Wall.uasset.
[2017.07.21-14.33.12:339][  0]LoadErrors:Error: Error /Game/Art/Environment/Mesh/SM_Corridor_Wall : Can't find file for asset. /Game/Art/Environment/newdev/2
[2017.07.21-14.33.13:791][  0]LogLinker:Warning: Can't find file '/Game/ThirdPersonBP/Maps/MockUp_Map_BuiltData'
[2017.07.21-14.33.13:791][  0]LogLinker:Warning: Can't find file for asset '/Game/ThirdPersonBP/Maps/MockUp_Map_BuiltData' while loading ../../../../../../Users/chong/OneDrive/Documents/GitHub/FYP_DumbTesting/Meeting/Content/ThirdPersonBP/Maps/MockUp_Map.umap.
[2017.07.21-14.33.13:791][  0]LoadErrors:Error: Error /Game/ThirdPersonBP/Maps/MockUp_Map : Can't find file for asset. /Game/ThirdPersonBP/Maps/MockUp_Map_BuiltData
[2017.07.21-14.33.13:799][  0]LogLinker:Warning: Can't find file '/Game/ThirdPersonBP/Maps/MockUp_Map_BuiltData'
[2017.07.21-14.33.13:799][  0]LogLinker:Warning: Can't find file for asset '/Game/ThirdPersonBP/Maps/MockUp_Map_BuiltData' while loading NULL.
[2017.07.21-14.33.13:799][  0]LogLinker:Warning: Can't find file '/Game/ThirdPersonBP/Maps/MockUp_Map_BuiltData'
[2017.07.21-14.33.13:799][  0]LogLinker:Warning: Can't find file for asset '/Game/ThirdPersonBP/Maps/MockUp_Map_BuiltData' while loading NULL.
[2017.07.21-14.33.14:298][  0]LogLinker:Warning: Can't find file '/Game/ThirdPersonBP/Maps/MockUp_Map_BuiltData'
[2017.07.21-14.33.14:298][  0]LoadErrors: Info Failed to load /Game/ThirdPersonBP/Maps/MockUp_Map_BuiltData.MockUp_Map_BuiltData Referenced by PersistentLevel
[2017.07.21-14.33.14:299][  0]LogLinker:Warning: Can't find file for asset '/Game/ThirdPersonBP/Maps/MockUp_Map_BuiltData' while loading NULL.
[2017.07.21-14.33.14:299][  0]LoadErrors: Info Failed to load /Game/ThirdPersonBP/Maps/MockUp_Map_BuiltData.MockUp_Map_BuiltData Referenced by PersistentLevel
[2017.07.21-14.33.18:002][  0]LogLinker:Warning: Can't find file '/Game/Art/Environment/newdev/2'
[2017.07.21-14.33.18:002][  0]LoadErrors: Info Failed to load /Game/Art/Environment/newdev/2.2 Referenced by SM_Corridor_Wall
[2017.07.21-14.33.18:002][  0]LogLinker:Warning: Can't find file for asset '/Game/Art/Environment/newdev/2' while loading NULL.
[2017.07.21-14.33.18:002][  0]LoadErrors: Info Failed to load /Game/Art/Environment/newdev/2.2 Referenced by SM_Corridor_Wall
[2017.07.21-14.33.18:005][  0]LogLinker:Warning: Can't find file '/Game/Art/Environment/newdev/zzzzzz'
[2017.07.21-14.33.18:005][  0]LoadErrors: Info Failed to load /Game/Art/Environment/newdev/zzzzzz.zzzzzz Referenced by SM_Corridor_Frame
[2017.07.21-14.33.18:005][  0]LogLinker:Warning: Can't find file for asset '/Game/Art/Environment/newdev/zzzzzz' while loading NULL.
[2017.07.21-14.33.18:005][  0]LoadErrors: Info Failed to load /Game/Art/Environment/newdev/zzzzzz.zzzzzz Referenced by SM_Corridor_Frame
[2017.07.21-14.34.31:686][  0]LogTexture:Display: Building textures: floorlp_1001_OcclusionRoughnessMetallic (AutoDXT, 2048X2048) - 48 MB total VRAM
[2017.07.21-14.34.34:823][  0]LogTexture:Display: Building textures: floorlp_1001_Normal (BC5, 2048X2048) - 48 MB total VRAM
[2017.07.21-14.34.35:265][  0]LogTexture:Display: Building textures: floorlp_1001_Emissive (AutoDXT, 2048X2048) - 48 MB total VRAM
[2017.07.21-14.34.36:793][  0]LogTexture:Display: Building textures: floorlp_1001_BaseColor (AutoDXT, 2048X2048) - 48 MB total VRAM
[2017.07.21-14.34.41:093][  0]LogTexture:Display: Building textures: Nebula (BGRA8, 2048X2048) - 119 MB total VRAM
[2017.07.21-14.34.42:881][  0]LogMaterial: Missing cached shader map for material M_SkyBox, compiling. 
[2017.07.21-14.34.43:133][  0]LogTemp:Display: Added material ShaderMap 0x0000020C8C258100 with Material 0x0000020CCB7FEC80 to ShaderMapsBeingCompiled
[2017.07.21-14.34.43:337][  0]LogTemp:Display: Kicking off shader compilation for M_SkyBox, GameThreadShaderMap 0x0000020C8C258100
[2017.07.21-14.34.46:987][  0]LogTexture:Display: Building textures: NEW_UT (AutoDXT, 256X16) - 216 MB total VRAM
[2017.07.21-14.34.47:542][  0]LogMaterial: Missing cached shader map for material M_Metal_Steel, compiling. 
[2017.07.21-14.34.47:543][  0]LogTemp:Display: Added material ShaderMap 0x0000020CF65F2400 with Material 0x0000020CCB3EAB00 to ShaderMapsBeingCompiled
[2017.07.21-14.34.47:623][  0]LogTemp:Display: Kicking off shader compilation for M_Metal_Steel, GameThreadShaderMap 0x0000020CF65F2400
[2017.07.21-14.34.51:419][  0]LogAIModule: Creating AISystem for world MockUp_Map
[2017.07.21-14.34.51:595][  0]LogTemp:Display: Finished compile of shader map 0x0000020C8C258100
[2017.07.21-14.34.51:595][  0]LogTemp:Display: Shader map M_SkyBox complete, GameThreadShaderMap 0x0000020C8C258100, marking material M_SkyBox as finished
[2017.07.21-14.34.51:595][  0]LogTemp:Display: Marking material as finished 0x0000020CCB7FEC80
[2017.07.21-14.34.51:628][  0]LogTemp:Display: Finished compile of shader map 0x0000020CF65F2400
[2017.07.21-14.34.51:628][  0]LogTemp:Display: Shader map M_Metal_Steel complete, GameThreadShaderMap 0x0000020CF65F2400, marking material M_Metal_Steel as finished
[2017.07.21-14.34.51:628][  0]LogTemp:Display: Marking material as finished 0x0000020CCB3EAB00
[2017.07.21-14.34.53:234][  0]LogEditorServer: Finished looking for orphan Actors (0.000 secs)
[2017.07.21-14.34.53:584][  0]Cmd: MAP CHECKDEP NOCLEARLOG
[2017.07.21-14.34.53:719][  0]MapCheck: Info Map check complete: 0 Error(s), 0 Warning(s), took 134.743ms to complete.
[2017.07.21-14.34.53:733][  0]LogFileHelpers: Loading map 'MockUp_Map' took 119.897
[2017.07.21-14.35.00:790][  0]LogCollectionManager: Loaded 0 collections in 0.001654 seconds
[2017.07.21-14.35.01:923][  0]LogFileCache: Scanning file cache for directory 'C:/Users/chong/OneDrive/Documents/GitHub/FYP_DumbTesting/Meeting/Saved/Collections/' took 0.01s
[2017.07.21-14.35.01:923][  0]LogFileCache: Scanning file cache for directory 'C:/Users/chong/OneDrive/Documents/GitHub/FYP_DumbTesting/Meeting/Content/Developers/chong/Collections/' took 0.01s
[2017.07.21-14.35.01:923][  0]LogFileCache: Scanning file cache for directory 'C:/Users/chong/OneDrive/Documents/GitHub/FYP_DumbTesting/Meeting/Content/Collections/' took 0.01s
[2017.07.21-14.35.01:923][  0]LogCollectionManager: Rebuilt the GUID cache for 0 collections in 0.000003 seconds
[2017.07.21-14.35.02:691][  0]LogContentBrowser: Native class hierarchy populated in 0.2489 seconds. Added 2254 classes and 455 folders.
[2017.07.21-14.35.03:379][  0]LogContentBrowser: Native class hierarchy updated for 'WidgetCarousel' in 0.0024 seconds. Added 0 classes and 0 folders.
[2017.07.21-14.35.08:892][  0]LogContentBrowser: Native class hierarchy updated for 'AddContentDialog' in 0.0069 seconds. Added 0 classes and 0 folders.
[2017.07.21-14.35.09:319][  0]LogContentBrowser: Native class hierarchy updated for 'SceneOutliner' in 0.0037 seconds. Added 1 classes and 2 folders.
[2017.07.21-14.35.11:123][  0]LogCrashTracker: Crashtracker disabled due to settings.
[2017.07.21-14.35.12:038][  0]LogUObjectGlobals:Warning: Failed to find object 'Class None.'
[2017.07.21-14.35.12:417][  0]LogContentBrowser: Native class hierarchy updated for 'HierarchicalLODOutliner' in 0.0042 seconds. Added 1 classes and 2 folders.
[2017.07.21-14.35.12:417][  0]LogLoad: (Engine Initialization) Total time: 474.17 seconds
[2017.07.21-14.35.12:417][  0]LogLoad: (Engine Initialization) Total Blueprint compile time: 3.45 seconds
[2017.07.21-14.35.12:417][  0]LogExternalProfiler: Found external profiler: VSPerf
[2017.07.21-14.35.12:417][  0]LogExternalProfiler: Using external profiler: VSPerf
[2017.07.21-14.35.12:740][  0]LogOcInput: OculusInput pre-init called
[2017.07.21-14.35.14:215][  0]LogContentStreaming: Texture pool size now 400 MB
[2017.07.21-14.35.14:913][  0]LogSlate: Took 0.062058 seconds to synchronously load lazily loaded font '../../../Engine/Content/Slate/Fonts/Roboto-Regular.ttf' (155K)
[2017.07.21-14.35.14:991][  0]LogSlate: Took 0.036797 seconds to synchronously load lazily loaded font '../../../Engine/Content/Slate/Fonts/Roboto-Bold.ttf' (160K)
[2017.07.21-14.35.15:206][  0]LogSlate: Took 0.075468 seconds to synchronously load lazily loaded font '../../../Engine/Content/Editor/Slate/Fonts/FontAwesome.ttf' (139K)
[2017.07.21-14.35.17:942][  0]LogRenderer: Reallocating scene render targets to support 972x484 NumSamples 1 (Frame:2).
[2017.07.21-14.35.23:135][  1]LogSlate: Took 0.209432 seconds to synchronously load lazily loaded font '../../../Engine/Content/Slate/Fonts/Roboto-Light.ttf' (159K)
[2017.07.21-14.35.24:129][  5]LogAssetRegistry: Asset discovery search completed in 249.0318 seconds
[2017.07.21-14.35.24:129][  5]LogCollectionManager: Rebuilt the object cache for 0 collections in 0.000032 seconds (found 0 objects)
[2017.07.21-14.35.24:129][  5]LogCollectionManager: Fixed up redirectors for 0 collections in 0.000163 seconds (updated 0 objects)
[2017.07.21-14.35.43:944][654]LogRenderer: Reallocating scene render targets to support 972x484 NumSamples 1 (Frame:587).
[2017.07.21-14.35.44:685][658]LogContentStreaming: Texture pool size now 1000 MB
[2017.07.21-14.35.45:744][666]LogRenderer: Reallocating scene render targets to support 972x484 NumSamples 1 (Frame:589).
[2017.07.21-14.37.25:084][131]LogTemp: Repeting last play command: Selected Viewport
[2017.07.21-14.37.25:123][131]LogBlueprintUserMessages: Early PlayInEditor Detection: Level '/Game/ThirdPersonBP/Maps/MockUp_Map.MockUp_Map:PersistentLevel' has LevelScriptBlueprint '/Game/ThirdPersonBP/Maps/MockUp_Map.MockUp_Map:PersistentLevel.MockUp_Map' with GeneratedClass '/Game/ThirdPersonBP/Maps/MockUp_Map.MockUp_Map_C' with ClassGeneratedBy '/Game/ThirdPersonBP/Maps/MockUp_Map.MockUp_Map:PersistentLevel.MockUp_Map'
[2017.07.21-14.37.25:157][131]LogPlayLevel: PlayLevel: No blueprints needed recompiling
[2017.07.21-14.37.25:234][131]PIE: New page: PIE session: MockUp_Map (Jul 22, 2017, 6:37:25 AM)
[2017.07.21-14.37.25:262][131]LogPlayLevel: Creating play world package: /Game/ThirdPersonBP/Maps/UEDPIE_0_MockUp_Map
[2017.07.21-14.37.25:511][131]LogPlayLevel: PIE: StaticDuplicateObject took: (0.249299s)
[2017.07.21-14.37.25:513][131]LogAIModule: Creating AISystem for world MockUp_Map
[2017.07.21-14.37.25:513][131]LogPlayLevel: PIE: World Init took: (0.002144s)
[2017.07.21-14.37.25:533][131]LogPlayLevel: PIE: Created PIE world by copying editor world from /Game/ThirdPersonBP/Maps/MockUp_Map.MockUp_Map to /Game/ThirdPersonBP/Maps/UEDPIE_0_MockUp_Map.MockUp_Map (0.275756s)
[2017.07.21-14.37.25:730][131]LogInit: XAudio2 using 'Speakers (Realtek High Definition Audio)' : 8 channels at 48 kHz using 32 bits per sample (channel mask 0x63f)
[2017.07.21-14.37.25:773][131]LogInit: FAudioDevice initialized.
[2017.07.21-14.37.26:003][131]LogLoad: Game class is 'MeetingGameModeBase_BP_C'
[2017.07.21-14.37.26:148][131]LogWorld: Bringing World /Game/ThirdPersonBP/Maps/UEDPIE_0_MockUp_Map.MockUp_Map up for play (max tick rate 60) at 2017.07.21-22.37.26
[2017.07.21-14.37.26:253][131]LogWorld: Bringing up level for play took: 0.156552
[2017.07.21-14.37.26:440][131]LogContentBrowser: Native class hierarchy updated for 'MovieSceneCapture' in 0.0025 seconds. Added 11 classes and 0 folders.
[2017.07.21-14.37.26:819][131]PIE: Info Play in editor start time for /Game/ThirdPersonBP/Maps/UEDPIE_0_MockUp_Map 1.911
[2017.07.21-14.37.26:821][131]LogBlueprintUserMessages: Late PlayInEditor Detection: Level '/Game/ThirdPersonBP/Maps/MockUp_Map.MockUp_Map:PersistentLevel' has LevelScriptBlueprint '/Game/ThirdPersonBP/Maps/MockUp_Map.MockUp_Map:PersistentLevel.MockUp_Map' with GeneratedClass '/Game/ThirdPersonBP/Maps/MockUp_Map.MockUp_Map_C' with ClassGeneratedBy '/Game/ThirdPersonBP/Maps/MockUp_Map.MockUp_Map:PersistentLevel.MockUp_Map'
[2017.07.21-14.37.47:885][708]LogBlueprintUserMessages: Early EndPlayMap Detection: Level '/Game/ThirdPersonBP/Maps/MockUp_Map.MockUp_Map:PersistentLevel' has LevelScriptBlueprint '/Game/ThirdPersonBP/Maps/MockUp_Map.MockUp_Map:PersistentLevel.MockUp_Map' with GeneratedClass '/Game/ThirdPersonBP/Maps/MockUp_Map.MockUp_Map_C' with ClassGeneratedBy '/Game/ThirdPersonBP/Maps/MockUp_Map.MockUp_Map:PersistentLevel.MockUp_Map'
[2017.07.21-14.37.48:099][708]LogBlueprintUserMessages: Late EndPlayMap Detection: Level '/Game/ThirdPersonBP/Maps/MockUp_Map.MockUp_Map:PersistentLevel' has LevelScriptBlueprint '/Game/ThirdPersonBP/Maps/MockUp_Map.MockUp_Map:PersistentLevel.MockUp_Map' with GeneratedClass '/Game/ThirdPersonBP/Maps/MockUp_Map.MockUp_Map_C' with ClassGeneratedBy '/Game/ThirdPersonBP/Maps/MockUp_Map.MockUp_Map:PersistentLevel.MockUp_Map'
[2017.07.21-14.38.13:843][238]LogSlate: Took 0.017145 seconds to synchronously load lazily loaded font '../../../Engine/Content/Editor/Slate/Fonts/Roboto-Italic.ttf' (157K)
[2017.07.21-14.38.48:558][874]LogSlate: Took 0.000573 seconds to synchronously load lazily loaded font '../../../Engine/Content/Slate/Fonts/Roboto-Light.ttf' (159K)
[2017.07.21-14.38.49:281][874]LogSlate: Took 0.000218 seconds to synchronously load lazily loaded font '../../../Engine/Content/Slate/Fonts/Roboto-Regular.ttf' (155K)
[2017.07.21-14.38.49:818][874]LogContentBrowser: Native class hierarchy updated for 'BlueprintGraph' in 0.0021 seconds. Added 112 classes and 0 folders.
[2017.07.21-14.38.58:047][996]LogSlate: Took 0.020433 seconds to synchronously load lazily loaded font '../../../Engine/Content/Editor/Slate/Fonts/Roboto-BoldCondensed.ttf' (158K)
[2017.07.21-14.39.06:747][149]LogSavePackage: Save=1369.10ms
[2017.07.21-14.39.06:747][149]LogSavePackage: Moving '../../../../../../Users/chong/OneDrive/Documents/GitHub/FYP_DumbTesting/Meeting/Saved/MockUp_MapE81A6213492001AB2F67BF990BADE386.tmp' to '../../../../../../Users/chong/OneDrive/Documents/GitHub/FYP_DumbTesting/Meeting/Content/ThirdPersonBP/Maps/MockUp_Map.umap'
[2017.07.21-14.39.06:777][149]LogSavePackage:Display: Finished SavePackage ../../../../../../Users/chong/OneDrive/Documents/GitHub/FYP_DumbTesting/Meeting/Content/ThirdPersonBP/Maps/MockUp_Map.umap
[2017.07.21-14.39.13:382][297]LogTemp: Repeting last play command: Selected Viewport
[2017.07.21-14.39.13:428][297]LogBlueprintUserMessages: Early PlayInEditor Detection: Level '/Game/ThirdPersonBP/Maps/MockUp_Map.MockUp_Map:PersistentLevel' has LevelScriptBlueprint '/Game/ThirdPersonBP/Maps/MockUp_Map.MockUp_Map:PersistentLevel.MockUp_Map' with GeneratedClass '/Game/ThirdPersonBP/Maps/MockUp_Map.MockUp_Map_C' with ClassGeneratedBy '/Game/ThirdPersonBP/Maps/MockUp_Map.MockUp_Map:PersistentLevel.MockUp_Map'
[2017.07.21-14.39.13:428][297]LogPlayLevel: PlayLevel: No blueprints needed recompiling
[2017.07.21-14.39.13:428][297]PIE: New page: PIE session: MockUp_Map (Jul 22, 2017, 6:39:13 AM)
[2017.07.21-14.39.13:428][297]LogPlayLevel: Creating play world package: /Game/ThirdPersonBP/Maps/UEDPIE_0_MockUp_Map
[2017.07.21-14.39.13:530][297]LogPlayLevel: PIE: StaticDuplicateObject took: (0.101486s)
[2017.07.21-14.39.13:531][297]LogAIModule: Creating AISystem for world MockUp_Map
[2017.07.21-14.39.13:531][297]LogPlayLevel: PIE: World Init took: (0.000859s)
[2017.07.21-14.39.13:532][297]LogPlayLevel: PIE: Created PIE world by copying editor world from /Game/ThirdPersonBP/Maps/MockUp_Map.MockUp_Map to /Game/ThirdPersonBP/Maps/UEDPIE_0_MockUp_Map.MockUp_Map (0.103090s)
[2017.07.21-14.39.13:556][297]LogInit: XAudio2 using 'Speakers (Realtek High Definition Audio)' : 8 channels at 48 kHz using 32 bits per sample (channel mask 0x63f)
[2017.07.21-14.39.13:609][297]LogInit: FAudioDevice initialized.
[2017.07.21-14.39.13:646][297]LogLoad: Game class is 'MeetingGameModeBase_BP_C'
[2017.07.21-14.39.13:688][297]LogWorld: Bringing World /Game/ThirdPersonBP/Maps/UEDPIE_0_MockUp_Map.MockUp_Map up for play (max tick rate 60) at 2017.07.21-22.39.13
[2017.07.21-14.39.13:739][297]LogWorld: Bringing up level for play took: 0.088893
[2017.07.21-14.39.13:750][297]PIE: Info Play in editor start time for /Game/ThirdPersonBP/Maps/UEDPIE_0_MockUp_Map 0.842
[2017.07.21-14.39.13:751][297]LogBlueprintUserMessages: Late PlayInEditor Detection: Level '/Game/ThirdPersonBP/Maps/MockUp_Map.MockUp_Map:PersistentLevel' has LevelScriptBlueprint '/Game/ThirdPersonBP/Maps/MockUp_Map.MockUp_Map:PersistentLevel.MockUp_Map' with GeneratedClass '/Game/ThirdPersonBP/Maps/MockUp_Map.MockUp_Map_C' with ClassGeneratedBy '/Game/ThirdPersonBP/Maps/MockUp_Map.MockUp_Map:PersistentLevel.MockUp_Map'
[2017.07.21-14.39.31:541][765]LogBlueprintUserMessages: Early EndPlayMap Detection: Level '/Game/ThirdPersonBP/Maps/MockUp_Map.MockUp_Map:PersistentLevel' has LevelScriptBlueprint '/Game/ThirdPersonBP/Maps/MockUp_Map.MockUp_Map:PersistentLevel.MockUp_Map' with GeneratedClass '/Game/ThirdPersonBP/Maps/MockUp_Map.MockUp_Map_C' with ClassGeneratedBy '/Game/ThirdPersonBP/Maps/MockUp_Map.MockUp_Map:PersistentLevel.MockUp_Map'
[2017.07.21-14.39.31:748][765]LogBlueprintUserMessages: Late EndPlayMap Detection: Level '/Game/ThirdPersonBP/Maps/MockUp_Map.MockUp_Map:PersistentLevel' has LevelScriptBlueprint '/Game/ThirdPersonBP/Maps/MockUp_Map.MockUp_Map:PersistentLevel.MockUp_Map' with GeneratedClass '/Game/ThirdPersonBP/Maps/MockUp_Map.MockUp_Map_C' with ClassGeneratedBy '/Game/ThirdPersonBP/Maps/MockUp_Map.MockUp_Map:PersistentLevel.MockUp_Map'
[2017.07.21-14.39.35:901][856]LogWindowsTextInputMethodSystem:Display: IME system now deactivated.
[2017.07.21-14.39.36:357][857]Cmd: QUIT_EDITOR
[2017.07.21-14.39.36:890][857]LogExit: Preparing to exit.
[2017.07.21-14.39.37:825][857]LogDirectoryWatcher: A directory notification for 'C:/Users/chong/OneDrive/Documents/GitHub/FYP_DumbTesting/Meeting/Content/' was aborted.
[2017.07.21-14.39.37:928][857]LogExit: Editor shut down
[2017.07.21-14.39.37:928][857]LogExit: Transaction tracking system shut down
[2017.07.21-14.39.39:306][857]LogObj: Freed 0b from 0 cluster array pools.
[2017.07.21-14.39.39:306][857]LogExit: Object subsystem successfully closed.
[2017.07.21-14.39.39:438][857]LogD3D11RHI: Shutdown
[2017.07.21-14.39.39:438][857]LogD3D11RHI: CleanupD3DDevice
[2017.07.21-14.39.39:704][857]LogD3D11RHI: ~FD3D11DynamicRHI
[2017.07.21-14.39.40:850][857]LogModuleManager: Shutting down and abandoning module BlueprintGraph (506)
[2017.07.21-14.39.40:850][857]LogModuleManager: Shutting down and abandoning module BlueprintProfiler (504)
[2017.07.21-14.39.40:862][857]LogModuleManager: Shutting down and abandoning module MovieSceneCapture (502)
[2017.07.21-14.39.40:862][857]LogModuleManager: Shutting down and abandoning module HierarchicalLODOutliner (500)
[2017.07.21-14.39.40:862][857]LogModuleManager: Shutting down and abandoning module CrashTracker (498)
[2017.07.21-14.39.40:862][857]LogModuleManager: Shutting down and abandoning module SceneOutliner (496)
[2017.07.21-14.39.40:862][857]LogModuleManager: Shutting down and abandoning module AddContentDialog (494)
[2017.07.21-14.39.40:862][857]LogDirectoryWatcher: A directory notification for 'C:/Program Files/Epic Games/UE_4.15/FeaturePacks/' was aborted.
[2017.07.21-14.39.40:863][857]LogModuleManager: Shutting down and abandoning module WidgetCarousel (493)
[2017.07.21-14.39.40:863][857]LogModuleManager: Shutting down and abandoning module EditorWidgets (490)
[2017.07.21-14.39.40:863][857]LogModuleManager: Shutting down and abandoning module CollectionManager (488)
[2017.07.21-14.39.40:864][857]LogDirectoryWatcher: A directory notification for 'C:/Users/chong/OneDrive/Documents/GitHub/FYP_DumbTesting/Meeting/Content/Collections/' was aborted.
[2017.07.21-14.39.40:864][857]LogDirectoryWatcher: A directory notification for 'C:/Users/chong/OneDrive/Documents/GitHub/FYP_DumbTesting/Meeting/Content/Developers/chong/Collections/' was aborted.
[2017.07.21-14.39.40:864][857]LogDirectoryWatcher: A directory notification for 'C:/Users/chong/OneDrive/Documents/GitHub/FYP_DumbTesting/Meeting/Saved/Collections/' was aborted.
[2017.07.21-14.39.40:864][857]LogModuleManager: Shutting down and abandoning module StatsViewer (486)
[2017.07.21-14.39.40:876][857]LogModuleManager: Shutting down and abandoning module FoliageEdit (484)
[2017.07.21-14.39.40:876][857]LogModuleManager: Shutting down and abandoning module LandscapeEditor (482)
[2017.07.21-14.39.40:891][857]LogModuleManager: Shutting down and abandoning module SceneDepthPickerMode (480)
[2017.07.21-14.39.40:891][857]LogModuleManager: Shutting down and abandoning module ActorPickerMode (478)
[2017.07.21-14.39.40:891][857]LogModuleManager: Shutting down and abandoning module GeometryMode (476)
[2017.07.21-14.39.40:891][857]LogModuleManager: Shutting down and abandoning module TextureAlignMode (474)
[2017.07.21-14.39.40:891][857]LogModuleManager: Shutting down and abandoning module BspMode (472)
[2017.07.21-14.39.40:903][857]LogModuleManager: Shutting down and abandoning module HardwareSurvey (470)
[2017.07.21-14.39.40:911][857]LogModuleManager: Shutting down and abandoning module SequenceRecorderSections (468)
[2017.07.21-14.39.40:927][857]LogModuleManager: Shutting down and abandoning module AutomationWorker (466)
[2017.07.21-14.39.40:942][857]LogModuleManager: Shutting down and abandoning module MatineeToLevelSequence (464)
[2017.07.21-14.39.40:980][857]LogModuleManager: Shutting down and abandoning module LevelSequenceEditor (462)
[2017.07.21-14.39.41:036][857]LogModuleManager: Shutting down and abandoning module PlacementMode (461)
[2017.07.21-14.39.41:036][857]LogModuleManager: Shutting down and abandoning module WmfMediaFactory (458)
[2017.07.21-14.39.41:036][857]LogModuleManager: Shutting down and abandoning module WmfMediaEditor (456)
[2017.07.21-14.39.41:036][857]LogModuleManager: Shutting down and abandoning module MfMediaFactory (454)
[2017.07.21-14.39.41:036][857]LogModuleManager: Shutting down and abandoning module MfMediaEditor (452)
[2017.07.21-14.39.41:036][857]LogModuleManager: Shutting down and abandoning module AvfMediaFactory (450)
[2017.07.21-14.39.41:036][857]LogModuleManager: Shutting down and abandoning module AvfMediaEditor (448)
[2017.07.21-14.39.41:036][857]LogModuleManager: Shutting down and abandoning module AndroidMediaFactory (446)
[2017.07.21-14.39.41:036][857]LogModuleManager: Shutting down and abandoning module Media (445)
[2017.07.21-14.39.41:036][857]LogModuleManager: Shutting down and abandoning module AndroidMediaEditor (442)
[2017.07.21-14.39.41:036][857]LogModuleManager: Shutting down and abandoning module CharacterAI (440)
[2017.07.21-14.39.41:036][857]LogModuleManager: Shutting down and abandoning module AudioCapture (438)
[2017.07.21-14.39.41:049][857]LogModuleManager: Shutting down and abandoning module SequenceRecorder (437)
[2017.07.21-14.39.41:063][857]LogModuleManager: Shutting down and abandoning module SmartSnapping (434)
[2017.07.21-14.39.41:064][857]LogModuleManager: Shutting down and abandoning module SessionServices (432)
[2017.07.21-14.39.41:064][857]LogModuleManager: Shutting down and abandoning module ViewportSnapping (430)
[2017.07.21-14.39.41:064][857]LogModuleManager: Shutting down and abandoning module ViewportInteraction (428)
[2017.07.21-14.39.41:064][857]LogModuleManager: Shutting down and abandoning module LogVisualizer (426)
[2017.07.21-14.39.41:096][857]LogModuleManager: Shutting down and abandoning module IntroTutorials (424)
[2017.07.21-14.39.41:096][857]LogModuleManager: Shutting down and abandoning module GameProjectGeneration (423)
[2017.07.21-14.39.41:106][857]LogModuleManager: Shutting down and abandoning module EditorLiveStreaming (420)
[2017.07.21-14.39.41:106][857]LogModuleManager: Shutting down and abandoning module IOSPlatformEditor (418)
[2017.07.21-14.39.41:107][857]LogModuleManager: Shutting down and abandoning module HTML5PlatformEditor (416)
[2017.07.21-14.39.41:107][857]LogModuleManager: Shutting down and abandoning module AndroidPlatformEditor (414)
[2017.07.21-14.39.41:115][857]LogModuleManager: Shutting down and abandoning module AndroidDeviceDetection (413)
[2017.07.21-14.39.41:473][857]LogModuleManager: Shutting down and abandoning module IOSRuntimeSettings (410)
[2017.07.21-14.39.41:473][857]LogModuleManager: Shutting down and abandoning module AndroidRuntimeSettings (408)
[2017.07.21-14.39.41:473][857]LogModuleManager: Shutting down and abandoning module InputBindingEditor (406)
[2017.07.21-14.39.41:490][857]LogModuleManager: Shutting down and abandoning module NiagaraEditor (404)
[2017.07.21-14.39.41:546][857]LogModuleManager: Shutting down and abandoning module MergeActors (402)
[2017.07.21-14.39.41:560][857]LogModuleManager: Shutting down and abandoning module SizeMap (400)
[2017.07.21-14.39.41:571][857]LogModuleManager: Shutting down and abandoning module TreeMap (398)
[2017.07.21-14.39.41:571][857]LogModuleManager: Shutting down and abandoning module ReferenceViewer (396)
[2017.07.21-14.39.41:571][857]LogModuleManager: Shutting down and abandoning module LocalizationDashboard (394)
[2017.07.21-14.39.41:584][857]LogModuleManager: Shutting down and abandoning module LocalizationService (393)
[2017.07.21-14.39.41:599][857]LogModuleManager: Shutting down and abandoning module HardwareTargeting (390)
[2017.07.21-14.39.41:603][857]LogModuleManager: Shutting down and abandoning module DeviceProfileEditor (388)
[2017.07.21-14.39.41:616][857]LogModuleManager: Shutting down and abandoning module UndoHistory (386)
[2017.07.21-14.39.41:631][857]LogModuleManager: Shutting down and abandoning module UserFeedback (384)
[2017.07.21-14.39.41:631][857]LogModuleManager: Shutting down and abandoning module XmlParser (382)
[2017.07.21-14.39.41:638][857]LogModuleManager: Shutting down and abandoning module Blutility (380)
[2017.07.21-14.39.41:648][857]LogModuleManager: Shutting down and abandoning module ProjectSettingsViewer (378)
[2017.07.21-14.39.41:648][857]LogModuleManager: Shutting down and abandoning module ProjectTargetPlatformEditor (377)
[2017.07.21-14.39.41:649][857]LogModuleManager: Shutting down and abandoning module EditorSettingsViewer (374)
[2017.07.21-14.39.41:649][857]LogModuleManager: Shutting down and abandoning module SettingsEditor (372)
[2017.07.21-14.39.41:672][857]LogModuleManager: Shutting down and abandoning module ProjectLauncher (370)
[2017.07.21-14.39.41:688][857]LogModuleManager: Shutting down and abandoning module SessionFrontend (368)
[2017.07.21-14.39.41:710][857]LogModuleManager: Shutting down and abandoning module ProfilerClient (366)
[2017.07.21-14.39.41:731][857]LogModuleManager: Shutting down and abandoning module DeviceManager (364)
[2017.07.21-14.39.41:751][857]LogModuleManager: Shutting down and abandoning module TargetDeviceServices (363)
[2017.07.21-14.39.41:806][857]LogModuleManager: Shutting down and abandoning module AutomationController (360)
[2017.07.21-14.39.41:847][857]LogModuleManager: Shutting down and abandoning module AutomationWindow (358)
[2017.07.21-14.39.41:946][857]LogModuleManager: Shutting down and abandoning module Layers (356)
[2017.07.21-14.39.42:012][857]LogModuleManager: Shutting down and abandoning module ComponentVisualizers (354)
[2017.07.21-14.39.42:012][857]LogModuleManager: Shutting down and abandoning module DetailCustomizations (352)
[2017.07.21-14.39.42:050][857]LogModuleManager: Shutting down and abandoning module PackagesDialog (350)
[2017.07.21-14.39.42:050][857]LogModuleManager: Shutting down and abandoning module Persona (348)
[2017.07.21-14.39.42:129][857]LogModuleManager: Shutting down and abandoning module AnimGraph (347)
[2017.07.21-14.39.42:129][857]LogModuleManager: Shutting down and abandoning module Kismet (344)
[2017.07.21-14.39.42:191][857]LogModuleManager: Shutting down and abandoning module GraphEditor (342)
[2017.07.21-14.39.42:191][857]LogModuleManager: Shutting down and abandoning module ClassViewer (340)
[2017.07.21-14.39.42:191][857]LogModuleManager: Shutting down and abandoning module Toolbox (338)
[2017.07.21-14.39.42:191][857]LogModuleManager: Shutting down and abandoning module ModuleUI (336)
[2017.07.21-14.39.42:232][857]LogModuleManager: Shutting down and abandoning module MovieSceneTools (334)
[2017.07.21-14.39.42:278][857]LogModuleManager: Shutting down and abandoning module OutputLog (332)
[2017.07.21-14.39.42:278][857]LogModuleManager: Shutting down and abandoning module GammaUI (330)
[2017.07.21-14.39.42:289][857]LogModuleManager: Shutting down and abandoning module Documentation (328)
[2017.07.21-14.39.42:289][857]LogModuleManager: Shutting down and abandoning module Niagara (326)
[2017.07.21-14.39.42:289][857]LogModuleManager: Shutting down and abandoning module StreamingPauseRendering (324)
[2017.07.21-14.39.42:289][857]LogModuleManager: Shutting down and abandoning module AnalyticsET (322)
[2017.07.21-14.39.42:289][857]LogModuleManager: Shutting down and abandoning module PortalServices (320)
[2017.07.21-14.39.42:289][857]LogModuleManager: Shutting down and abandoning module PortalRpc (318)
[2017.07.21-14.39.42:289][857]LogModuleManager: Shutting down and abandoning module MessagingRpc (316)
[2017.07.21-14.39.42:289][857]LogModuleManager: Shutting down and abandoning module AIModule (314)
[2017.07.21-14.39.42:289][857]LogModuleManager: Shutting down and abandoning module GameplayDebugger (313)
[2017.07.21-14.39.42:289][857]LogModuleManager: Shutting down and abandoning module AITestSuite (311)
[2017.07.21-14.39.42:289][857]LogModuleManager: Shutting down and abandoning module ProfilerService (308)
[2017.07.21-14.39.42:301][857]LogModuleManager: Shutting down and abandoning module TaskGraph (306)
[2017.07.21-14.39.42:316][857]LogModuleManager: Shutting down and abandoning module SteamVRController (304)
[2017.07.21-14.39.42:316][857]LogModuleManager: Shutting down and abandoning module SteamVR (302)
[2017.07.21-14.39.42:316][857]LogModuleManager: Shutting down and abandoning module ProceduralMeshComponentEditor (300)
[2017.07.21-14.39.42:316][857]LogModuleManager: Shutting down and abandoning module ProceduralMeshComponent (298)
[2017.07.21-14.39.42:327][857]LogModuleManager: Shutting down and abandoning module OculusLibrary (296)
[2017.07.21-14.39.42:327][857]LogModuleManager: Shutting down and abandoning module OculusInput (294)
[2017.07.21-14.39.42:327][857]LogModuleManager: Shutting down and abandoning module MobilePatchingUtils (292)
[2017.07.21-14.39.42:327][857]LogModuleManager: Shutting down and abandoning module CustomMeshComponent (290)
[2017.07.21-14.39.42:327][857]LogModuleManager: Shutting down and abandoning module CableComponent (288)
[2017.07.21-14.39.42:332][857]LogModuleManager: Shutting down and abandoning module ArchVisCharacter (286)
[2017.07.21-14.39.42:332][857]LogModuleManager: Shutting down and abandoning module MediaPlayerEditor (282)
[2017.07.21-14.39.42:356][857]LogModuleManager: Shutting down and abandoning module HTML5Networking (280)
[2017.07.21-14.39.42:356][857]LogModuleManager: Shutting down and abandoning module AlembicImporter (278)
[2017.07.21-14.39.42:366][857]LogModuleManager: Shutting down and abandoning module AlembicLibrary (277)
[2017.07.21-14.39.42:366][857]LogModuleManager: Shutting down and abandoning module GeometryCache (276)
[2017.07.21-14.39.42:366][857]LogModuleManager: Shutting down and abandoning module GeometryCacheEd (275)
[2017.07.21-14.39.42:366][857]LogModuleManager: Shutting down and abandoning module SuperSearchEditor (270)
[2017.07.21-14.39.42:366][857]LogModuleManager: Shutting down and abandoning module SuperSearch (269)
[2017.07.21-14.39.42:366][857]LogModuleManager: Shutting down and abandoning module SpeedTreeImporter (266)
[2017.07.21-14.39.42:366][857]LogModuleManager: Shutting down and abandoning module PluginBrowser (264)
[2017.07.21-14.39.42:391][857]LogModuleManager: Shutting down and abandoning module MobileLauncherProfileWizard (262)
[2017.07.21-14.39.42:402][857]LogModuleManager: Shutting down and abandoning module EpicSurvey (260)
[2017.07.21-14.39.42:402][857]LogModuleManager: Shutting down and abandoning module VisualStudioSourceCodeAccess (258)
[2017.07.21-14.39.42:402][857]LogModuleManager: Shutting down and abandoning module UObjectPlugin (256)
[2017.07.21-14.39.42:402][857]LogModuleManager: Shutting down and abandoning module SubversionSourceControl (254)
[2017.07.21-14.39.42:417][857]LogModuleManager: Shutting down and abandoning module PerforceSourceControl (252)
[2017.07.21-14.39.42:433][857]LogModuleManager: Shutting down and abandoning module GitSourceControl (250)
[2017.07.21-14.39.42:456][857]LogModuleManager: Shutting down and abandoning module SourceControl (249)
[2017.07.21-14.39.42:464][857]LogModuleManager: Shutting down and abandoning module LightPropagationVolumeEditor (246)
[2017.07.21-14.39.42:464][857]LogModuleManager: Shutting down and abandoning module PaperTiledImporter (244)
[2017.07.21-14.39.42:464][857]LogModuleManager: Shutting down and abandoning module PaperSpriteSheetImporter (242)
[2017.07.21-14.39.42:464][857]LogModuleManager: Shutting down and abandoning module Paper2DEditor (240)
[2017.07.21-14.39.42:488][857]LogModuleManager: Shutting down and abandoning module MeshPaint (239)
[2017.07.21-14.39.42:496][857]LogModuleManager: Shutting down and abandoning module LevelEditor (237)
[2017.07.21-14.39.42:508][857]LogModuleManager: Shutting down and abandoning module PixelInspectorModule (236)
[2017.07.21-14.39.42:525][857]LogModuleManager: Shutting down and abandoning module MainFrame (234)
[2017.07.21-14.39.42:526][857]LogModuleManager: Shutting down and abandoning module HotReload (233)
[2017.07.21-14.39.42:540][857]LogDirectoryWatcher: A directory notification for 'C:/Users/chong/OneDrive/Documents/GitHub/FYP_DumbTesting/Meeting/Binaries/Win64' was aborted.
[2017.07.21-14.39.42:541][857]LogModuleManager: Shutting down and abandoning module ContentBrowser (229)
[2017.07.21-14.39.42:542][857]LogModuleManager: Shutting down and abandoning module Meeting (226)
[2017.07.21-14.39.42:542][857]LogModuleManager: Shutting down and abandoning module PhysXVehiclesEditor (224)
[2017.07.21-14.39.42:551][857]LogModuleManager: Shutting down and abandoning module PhysXVehicles (222)
[2017.07.21-14.39.42:551][857]LogModuleManager: Shutting down and abandoning module LocationServicesBPLibrary (220)
[2017.07.21-14.39.42:551][857]LogModuleManager: Shutting down and abandoning module UdpMessaging (218)
[2017.07.21-14.39.42:652][857]LogModuleManager: Shutting down and abandoning module TcpMessaging (216)
[2017.07.21-14.39.42:764][857]LogModuleManager: Shutting down and abandoning module GameplayTagsEditor (214)
[2017.07.21-14.39.42:779][857]LogModuleManager: Shutting down and abandoning module FacialAnimationEditor (212)
[2017.07.21-14.39.42:804][857]LogModuleManager: Shutting down and abandoning module FacialAnimation (210)
[2017.07.21-14.39.42:804][857]LogModuleManager: Shutting down and abandoning module LightPropagationVolumeRuntime (208)
[2017.07.21-14.39.42:804][857]LogModuleManager: Shutting down and abandoning module Paper2D (206)
[2017.07.21-14.39.42:821][857]LogModuleManager: Shutting down and abandoning module WindowsMoviePlayer (204)
[2017.07.21-14.39.42:837][857]LogModuleManager: Shutting down and abandoning module WmfMedia (202)
[2017.07.21-14.39.42:844][857]LogModuleManager: Shutting down and abandoning module MfMedia (200)
[2017.07.21-14.39.42:844][857]LogModuleManager: Shutting down and abandoning module MediaAssets (198)
[2017.07.21-14.39.42:844][857]LogModuleManager: Shutting down and abandoning module GameLiveStreaming (196)
[2017.07.21-14.39.42:844][857]LogModuleManager: Shutting down and abandoning module VREditor (194)
[2017.07.21-14.39.42:844][857]LogModuleManager: Shutting down and abandoning module GameplayTasksEditor (192)
[2017.07.21-14.39.42:845][857]LogModuleManager: Shutting down and abandoning module BehaviorTreeEditor (190)
[2017.07.21-14.39.42:864][857]LogModuleManager: Shutting down and abandoning module FunctionalTesting (188)
[2017.07.21-14.39.42:864][857]LogModuleManager: Shutting down and abandoning module CollisionAnalyzer (186)
[2017.07.21-14.39.42:877][857]LogModuleManager: Shutting down and abandoning module UMG (184)
[2017.07.21-14.39.42:888][857]LogModuleManager: Shutting down and abandoning module UMGEditor (183)
[2017.07.21-14.39.42:917][857]LogModuleManager: Shutting down and abandoning module Sequencer (182)
[2017.07.21-14.39.42:939][857]LogModuleManager: Shutting down and abandoning module AssetTools (180)
[2017.07.21-14.39.42:964][857]LogModuleManager: Shutting down and abandoning module MessageLog (179)
[2017.07.21-14.39.42:964][857]LogModuleManager: Shutting down and abandoning module WorkspaceMenuStructure (178)
[2017.07.21-14.39.42:964][857]LogModuleManager: Shutting down and abandoning module SlateReflector (172)
[2017.07.21-14.39.42:987][857]LogModuleManager: Shutting down and abandoning module Slate (170)
[2017.07.21-14.39.42:987][857]LogModuleManager: Shutting down and abandoning module EditorStyle (168)
[2017.07.21-14.39.42:992][857]LogModuleManager: Shutting down and abandoning module SourceCodeAccess (166)
[2017.07.21-14.39.43:000][857]LogModuleManager: Shutting down and abandoning module HeadMountedDisplay (164)
[2017.07.21-14.39.43:000][857]LogModuleManager: Shutting down and abandoning module XAudio2 (162)
[2017.07.21-14.39.43:000][857]LogModuleManager: Shutting down and abandoning module Networking (160)
[2017.07.21-14.39.43:000][857]LogModuleManager: Shutting down and abandoning module Core (156)
[2017.07.21-14.39.43:000][857]LogModuleManager: Shutting down and abandoning module AssetRegistry (154)
[2017.07.21-14.39.43:131][857]LogDirectoryWatcher: A directory notification for '../../../Engine/Content/' was aborted.
[2017.07.21-14.39.43:131][857]LogDirectoryWatcher: A directory notification for '../../../../../../Users/chong/OneDrive/Documents/GitHub/FYP_DumbTesting/Meeting/Content/' was aborted.
[2017.07.21-14.39.43:131][857]LogDirectoryWatcher: A directory notification for '../../../Engine/Plugins/2D/Paper2D/Content/' was aborted.
[2017.07.21-14.39.43:140][857]LogModuleManager: Shutting down and abandoning module DirectoryWatcher (153)
[2017.07.21-14.39.43:141][857]LogModuleManager: Shutting down and abandoning module KismetCompiler (150)
[2017.07.21-14.39.43:141][857]LogModuleManager: Shutting down and abandoning module PhysXFormats (148)
[2017.07.21-14.39.43:141][857]LogModuleManager: Shutting down and abandoning module MeshUtilities (146)
[2017.07.21-14.39.43:163][857]LogModuleManager: Shutting down and abandoning module SimplygonSwarm (145)
[2017.07.21-14.39.43:175][857]LogModuleManager: Shutting down and abandoning module SimplygonMeshReduction (143)
[2017.07.21-14.39.43:175][857]LogModuleManager: Shutting down and abandoning module QuadricMeshReduction (141)
[2017.07.21-14.39.43:175][857]LogModuleManager: Shutting down and abandoning module PropertyEditor (139)
[2017.07.21-14.39.43:175][857]LogModuleManager: Shutting down and abandoning module DerivedDataCache (136)
[2017.07.21-14.39.43:184][857]LogDerivedDataCache: Shutdown
[2017.07.21-14.39.43:184][857]LogModuleManager: Shutting down and abandoning module TargetPlatform (134)
[2017.07.21-14.39.43:184][857]LogModuleManager: Shutting down and abandoning module VulkanShaderFormat (133)
[2017.07.21-14.39.43:196][857]LogModuleManager: Shutting down and abandoning module ShaderFormatOpenGL (131)
[2017.07.21-14.39.43:210][857]LogModuleManager: Shutting down and abandoning module ShaderFormatD3D (129)
[2017.07.21-14.39.43:210][857]LogModuleManager: Shutting down and abandoning module MetalShaderFormat (127)
[2017.07.21-14.39.43:221][857]LogModuleManager: Shutting down and abandoning module TextureFormatUncompressed (125)
[2017.07.21-14.39.43:221][857]LogModuleManager: Shutting down and abandoning module TextureFormatPVR (123)
[2017.07.21-14.39.43:221][857]LogModuleManager: Shutting down and abandoning module TextureFormatDXT (121)
[2017.07.21-14.39.43:221][857]LogModuleManager: Shutting down and abandoning module TextureFormatIntelISPCTexComp (119)
[2017.07.21-14.39.43:228][857]LogModuleManager: Shutting down and abandoning module TextureFormatASTC (117)
[2017.07.21-14.39.43:228][857]LogModuleManager: Shutting down and abandoning module ImageWrapper (116)
[2017.07.21-14.39.43:228][857]LogModuleManager: Shutting down and abandoning module TextureFormatAndroid (113)
[2017.07.21-14.39.43:228][857]LogModuleManager: Shutting down and abandoning module AudioFormatOpus (111)
[2017.07.21-14.39.43:239][857]LogModuleManager: Shutting down and abandoning module AudioFormatOgg (109)
[2017.07.21-14.39.43:239][857]LogModuleManager: Shutting down and abandoning module AudioFormatADPCM (107)
[2017.07.21-14.39.43:239][857]LogModuleManager: Shutting down and abandoning module LinuxTargetPlatform (105)
[2017.07.21-14.39.43:239][857]LogModuleManager: Shutting down and abandoning module LinuxServerTargetPlatform (103)
[2017.07.21-14.39.43:239][857]LogModuleManager: Shutting down and abandoning module LinuxNoEditorTargetPlatform (101)
[2017.07.21-14.39.43:239][857]LogModuleManager: Shutting down and abandoning module LinuxClientTargetPlatform (99)
[2017.07.21-14.39.43:239][857]LogModuleManager: Shutting down and abandoning module TVOSTargetPlatform (97)
[2017.07.21-14.39.43:239][857]LogModuleManager: Shutting down and abandoning module Messaging (95)
[2017.07.21-14.39.43:239][857]LogModuleManager: Shutting down and abandoning module IOSTargetPlatform (93)
[2017.07.21-14.39.43:239][857]LogModuleManager: Shutting down and abandoning module HTML5TargetPlatform (91)
[2017.07.21-14.39.43:239][857]LogModuleManager: Shutting down and abandoning module Android_PVRTCTargetPlatform (89)
[2017.07.21-14.39.43:239][857]LogModuleManager: Shutting down and abandoning module Android_MultiTargetPlatform (87)
[2017.07.21-14.39.43:239][857]LogModuleManager: Shutting down and abandoning module Android_ETC2TargetPlatform (85)
[2017.07.21-14.39.43:239][857]LogModuleManager: Shutting down and abandoning module Android_ETC1TargetPlatform (83)
[2017.07.21-14.39.43:239][857]LogModuleManager: Shutting down and abandoning module Android_DXTTargetPlatform (81)
[2017.07.21-14.39.43:239][857]LogModuleManager: Shutting down and abandoning module Android_ATCTargetPlatform (79)
[2017.07.21-14.39.43:239][857]LogModuleManager: Shutting down and abandoning module Android_ASTCTargetPlatform (77)
[2017.07.21-14.39.43:239][857]LogModuleManager: Shutting down and abandoning module AndroidTargetPlatform (75)
[2017.07.21-14.39.43:239][857]LogModuleManager: Shutting down and abandoning module WindowsTargetPlatform (73)
[2017.07.21-14.39.43:239][857]LogModuleManager: Shutting down and abandoning module WindowsServerTargetPlatform (71)
[2017.07.21-14.39.43:239][857]LogModuleManager: Shutting down and abandoning module WindowsNoEditorTargetPlatform (69)
[2017.07.21-14.39.43:239][857]LogModuleManager: Shutting down and abandoning module WindowsClientTargetPlatform (67)
[2017.07.21-14.39.43:239][857]LogModuleManager: Shutting down and abandoning module MacTargetPlatform (65)
[2017.07.21-14.39.43:239][857]LogModuleManager: Shutting down and abandoning module MacServerTargetPlatform (63)
[2017.07.21-14.39.43:239][857]LogModuleManager: Shutting down and abandoning module MacNoEditorTargetPlatform (61)
[2017.07.21-14.39.43:239][857]LogModuleManager: Shutting down and abandoning module MacClientTargetPlatform (59)
[2017.07.21-14.39.43:240][857]LogModuleManager: Shutting down and abandoning module AllDesktopTargetPlatform (57)
[2017.07.21-14.39.43:240][857]LogModuleManager: Shutting down and abandoning module InputCore (54)
[2017.07.21-14.39.43:240][857]LogModuleManager: Shutting down and abandoning module Settings (52)
[2017.07.21-14.39.43:240][857]LogModuleManager: Shutting down and abandoning module OculusRift (50)
[2017.07.21-14.39.43:255][857]LogModuleManager: Shutting down and abandoning module GearVR (48)
[2017.07.21-14.39.43:255][857]LogModuleManager: Shutting down and abandoning module ExampleDeviceProfileSelector (46)
[2017.07.21-14.39.43:255][857]LogModuleManager: Shutting down and abandoning module OnlineBlueprintSupport (44)
[2017.07.21-14.39.43:255][857]LogModuleManager: Shutting down and abandoning module OnlineSubsystem (40)
[2017.07.21-14.39.43:255][857]LogOnline:Display: Unloading online subsystem: NULL
[2017.07.21-14.39.43:268][857]LogModuleManager: Shutting down and abandoning module XMPP (39)
[2017.07.21-14.39.43:281][857]LogModuleManager: Shutting down and abandoning module HTTP (37)
[2017.07.21-14.39.43:281][857]LogHttp:Display: Http module shutting down, but needs to wait on 1 outstanding Http requests:
[2017.07.21-14.39.43:281][857]LogHttp:Display: 	verb=[POST] url=[https://datarouter.ol.epicgames.com/datarouter/api/v1/public/data?SessionID=%7B915BD0C7-4BCE-EF62-89D2-379DF2C31EAA%7D&AppID=UEEditor.Rocket.Release&AppVersion=4.15.3-3450819%2B%2B%2BUE4%2BRelease-4.15&UserID=b99de09e4fd31c4d8810b7b27378685f%7Cd854f23f85534a6a958aa5db07b32c86%7Cc8e0bc57-2edb-4c06-a7cf-4ae6b98e3978&AppEnvironment=datacollector-binary&UploadType=eteventstream] status=Processing
[2017.07.21-14.39.43:303][857]LogModuleManager: Shutting down and abandoning module SSL (36)
[2017.07.21-14.39.43:306][857]LogModuleManager: Shutting down and abandoning module DesktopPlatform (32)
[2017.07.21-14.39.43:316][857]LogModuleManager: Shutting down and abandoning module AudioEditor (30)
[2017.07.21-14.39.43:330][857]LogModuleManager: Shutting down and abandoning module TextureCompressor (28)
[2017.07.21-14.39.43:330][857]LogModuleManager: Shutting down and abandoning module ShaderCore (26)
[2017.07.21-14.39.43:330][857]LogModuleManager: Shutting down and abandoning module Landscape (24)
[2017.07.21-14.39.43:330][857]LogModuleManager: Shutting down and abandoning module SlateRHIRenderer (22)
[2017.07.21-14.39.43:355][857]LogModuleManager: Shutting down and abandoning module OpenGLDrv (20)
[2017.07.21-14.39.43:379][857]LogModuleManager: Shutting down and abandoning module D3D11RHI (18)
[2017.07.21-14.39.43:379][857]LogModuleManager: Shutting down and abandoning module AnimGraphRuntime (16)
[2017.07.21-14.39.43:379][857]LogModuleManager: Shutting down and abandoning module Renderer (14)
[2017.07.21-14.39.43:379][857]LogModuleManager: Shutting down and abandoning module Engine (12)
[2017.07.21-14.39.43:379][857]LogModuleManager: Shutting down and abandoning module CoreUObject (10)
[2017.07.21-14.39.43:379][857]LogModuleManager: Shutting down and abandoning module NetworkFile (8)
[2017.07.21-14.39.43:395][857]LogModuleManager: Shutting down and abandoning module StreamingFile (6)
[2017.07.21-14.39.43:400][857]LogModuleManager: Shutting down and abandoning module SandboxFile (4)
[2017.07.21-14.39.43:400][857]LogModuleManager: Shutting down and abandoning module PakFile (2)
[2017.07.21-14.39.43:422][857]LogExit: Exiting.
[2017.07.21-14.39.43:462][857]Log file closed, 07/21/17 22:39:43
