Log file open, 12/04/17 02:55:07
LogInit:Display: Running engine for game: Meeting
LogPlatformFile: Not using cached read wrapper
LogInit:Display: RandInit(700884347) SRandInit(700884348).
LogTaskGraph: Started task graph with 5 named threads and 8 total threads with 1 sets of task threads.
LogStats: Stats thread started at 0.063180
LogInit: Using libcurl 7.47.1
LogInit:  - built for x86_64-pc-win32
LogInit:  - supports SSL with OpenSSL/1.0.2g
LogInit:  - supports HTTP deflate (compression) using libz 1.2.8
LogInit:  - other features:
LogInit:      CURL_VERSION_SSL
LogInit:      CURL_VERSION_LIBZ
LogInit:      CURL_VERSION_IPV6
LogInit:      CURL_VERSION_ASYNCHDNS
LogInit:      CURL_VERSION_LARGEFILE
LogInit:      CURL_VERSION_IDN
LogInit:  CurlRequestOptions (configurable via config and command line):
LogInit:  - bVerifyPeer = false  - Libcurl will NOT verify peer certificate
LogInit:  - bUseHttpProxy = false  - Libcurl will NOT use HTTP proxy
LogInit:  - bDontReuseConnections = false  - Libcurl will reuse connections
LogInit:  - CertBundlePath = nullptr  - Libcurl will use whatever was configured at build time.
LogInit: Build: ++UE4+Release-4.15-CL-3450819
LogInit: Engine Version: 4.15.3-3450819+++UE4+Release-4.15
LogInit: Compatible Engine Version: 4.15.0-3299760+++UE4+Release-4.15
LogInit: Net CL: 3299760
LogDevObjectVersion: Number of dev versions registered: 14
LogDevObjectVersion:   Dev-Blueprints (B0D832E4-1F89-4F0D-ACCF-7EB736FD4AA2): 8
LogDevObjectVersion:   Dev-Build (E1C64328-A22C-4D53-A36C-8E866417BD8C): 0
LogDevObjectVersion:   Dev-Core (375EC13C-06E4-48FB-B500-84F0262A717E): 2
LogDevObjectVersion:   Dev-Editor (E4B068ED-F494-42E9-A231-DA0B2E46BB41): 14
LogDevObjectVersion:   Dev-Framework (CFFC743F-43B0-4480-9391-14DF171D2073): 22
LogDevObjectVersion:   Dev-Mobile (B02B49B5-BB20-44E9-A304-32B752E40360): 0
LogDevObjectVersion:   Dev-Networking (A4E4105C-59A1-49B5-A7C5-40C4547EDFEE): 0
LogDevObjectVersion:   Dev-Online (39C831C9-5AE6-47DC-9A44-9C173E1C8E7C): 0
LogDevObjectVersion:   Dev-Physics (78F01B33-EBEA-4F98-B9B4-84EACCB95AA2): 0
LogDevObjectVersion:   Dev-Platform (6631380F-2D4D-43E0-8009-CF276956A95A): 0
LogDevObjectVersion:   Dev-Rendering (12F88B9F-8875-4AFC-A67C-D90C383ABD29): 12
LogDevObjectVersion:   Dev-Sequencer (7B5AE74C-D270-4C10-A958-57980B212A5A): 3
LogDevObjectVersion:   Dev-VR (D7296918-1DD6-4BDD-9DE2-64A83CC13884): 0
LogDevObjectVersion:   Dev-LoadTimes (C2A15278-BFE7-4AFE-6C17-90FF531DF755): 1
LogInit: Compiled (64-bit): May 21 2017 11:02:34
LogInit: Compiled with Visual C++: 19.00.23026.00
LogInit: Build Configuration: Development
LogInit: Branch Name: ++UE4+Release-4.15
LogInit: Command line:  
LogInit: Base directory: C:/Program Files/Epic Games/UE_4.15/Engine/Binaries/Win64/
LogInit: Installed Engine Build: 1
LogInit: Presizing for max 8388607 objects, including 0 objects not considered by GC, pre-allocating 0 bytes for permanent pool.
LogInit: Object subsystem initialized
[2017.12.03-18.55.09:877][  0]LogInit: Selected Device Profile: [Windows]
[2017.12.03-18.55.09:877][  0]LogInit: Applying CVar settings loaded from the selected device profile: [Windows]
[2017.12.03-18.55.09:963][  0]LogInit: Computer: Z68A-GD65-G3
[2017.12.03-18.55.09:963][  0]LogInit: User: SebastianKhoo
[2017.12.03-18.55.09:963][  0]LogInit: CPU Page size=65536, Cores=4
[2017.12.03-18.55.09:963][  0]LogInit: High frequency timer resolution =3.215380 MHz
[2017.12.03-18.55.09:971][  0]LogMemory: Memory total: Physical=4.0GB (4GB approx)
[2017.12.03-18.55.09:976][  0]LogMemory: Platform Memory Stats for Windows
[2017.12.03-18.55.09:976][  0]LogMemory: Process Physical Memory: 270.66 MB used, 270.66 MB peak
[2017.12.03-18.55.09:976][  0]LogMemory: Process Virtual Memory: 283.48 MB used, 283.48 MB peak
[2017.12.03-18.55.09:976][  0]LogMemory: Physical Memory: 1138.95 MB used,  2929.91 MB free, 4068.86 MB total
[2017.12.03-18.55.09:976][  0]LogMemory: Virtual Memory: 645.90 MB used,  2929.91 MB free, 8388608.00 MB total
[2017.12.03-18.55.12:612][  0]LogTextLocalizationManager: No specific translations for ('en-MY') exist, so ('en') translations will be used.
[2017.12.03-18.55.16:233][  0]LogD3D11RHI: D3D11 adapters:
[2017.12.03-18.55.16:266][  0]LogD3D11RHI:    0. 'AMD Radeon (TM) R9 390 Series' (Feature Level 11_0)
[2017.12.03-18.55.16:266][  0]LogD3D11RHI:       8172/0/1778 MB DedicatedVideo/DedicatedSystem/SharedSystem, Outputs:1, VendorId:0x1002
[2017.12.03-18.55.16:266][  0]LogD3D11RHI: Chosen D3D11 Adapter: 0
[2017.12.03-18.55.16:280][  0]LogD3D11RHI: Creating new Direct3DDevice
[2017.12.03-18.55.16:280][  0]LogD3D11RHI:     GPU DeviceId: 0x67b1 (for the marketing name, search the web for "GPU Device Id")
[2017.12.03-18.55.16:280][  0]LogWindows: EnumDisplayDevices:
[2017.12.03-18.55.16:299][  0]LogWindows:    0. 'AMD Radeon (TM) R9 390 Series' (P:1 D:1)
[2017.12.03-18.55.16:304][  0]LogWindows:    1. 'AMD Radeon (TM) R9 390 Series' (P:0 D:0)
[2017.12.03-18.55.16:304][  0]LogWindows:    2. 'AMD Radeon (TM) R9 390 Series' (P:0 D:0)
[2017.12.03-18.55.16:304][  0]LogWindows:    3. 'AMD Radeon (TM) R9 390 Series' (P:0 D:0)
[2017.12.03-18.55.16:305][  0]LogWindows:    4. 'AMD Radeon (TM) R9 390 Series' (P:0 D:0)
[2017.12.03-18.55.16:305][  0]LogWindows:    5. 'AMD Radeon (TM) R9 390 Series' (P:0 D:0)
[2017.12.03-18.55.16:305][  0]LogWindows:    6. 'RDPDD Chained DD' (P:0 D:0)
[2017.12.03-18.55.16:305][  0]LogWindows:    7. 'RDP Encoder Mirror Driver' (P:0 D:0)
[2017.12.03-18.55.16:305][  0]LogWindows:    8. 'RDP Reflector Display Driver' (P:0 D:0)
[2017.12.03-18.55.16:305][  0]LogWindows: DebugString: GetVideoDriverDetailsInvalid PrimaryIsNotTheChoosenAdapter GetVideoDriverDetailsInvalid PrimaryIsNotTheChoosenAdapter GetVideoDriverDetailsInvalid PrimaryIsNotTheChoosenAdapter FoundDriverCount:6 
[2017.12.03-18.55.16:305][  0]LogD3D11RHI:     Adapter Name: AMD Radeon (TM) R9 390 Series
[2017.12.03-18.55.16:305][  0]LogD3D11RHI:   Driver Version: Crimson ReLive 17.7.1 (internal:22.19.171.1024, unified:22.19.171.1024)
[2017.12.03-18.55.16:305][  0]LogD3D11RHI:      Driver Date: 7-4-2017
[2017.12.03-18.55.16:305][  0]LogRHI: Texture pool is 1361 MB (70% of 1945 MB)
[2017.12.03-18.55.17:364][  0]LogD3D11RHI: Async texture creation enabled
[2017.12.03-18.55.17:553][  0]LogD3D11RHI: GPU Timing Frequency: 27.000000 (Debug: 2 1)
[2017.12.03-18.55.17:591][  0]LogShaderCompilers: Guid format shader working directory is -24 characters bigger than the processId version (../../../../../../Users/Sebastian Khoo/Documents/GitHub/FYP_DumbTesting/Meeting/Intermediate/Shaders/WorkingDirectory/3864/).
[2017.12.03-18.55.17:591][  0]LogShaderCompilers: Cleaned the shader compiler working directory 'C:/Users/Sebastian Khoo/AppData/Local/Temp/UnrealShaderWorkingDir/C18C30864DCB2DF312E113891E321672/'.
[2017.12.03-18.55.17:591][  0]LogShaderCompilers:Display: Using Local Shader Compiler.
[2017.12.03-18.55.26:509][  0]LogTemp:Display: Loaded TP AllDesktopTargetPlatform
[2017.12.03-18.55.26:561][  0]LogTemp:Display: Loaded TP MacClientTargetPlatform
[2017.12.03-18.55.26:607][  0]LogTemp:Display: Loaded TP MacNoEditorTargetPlatform
[2017.12.03-18.55.26:656][  0]LogTemp:Display: Loaded TP MacServerTargetPlatform
[2017.12.03-18.55.26:723][  0]LogTemp:Display: Loaded TP MacTargetPlatform
[2017.12.03-18.55.26:775][  0]LogTemp:Display: Loaded TP WindowsClientTargetPlatform
[2017.12.03-18.55.26:819][  0]LogTemp:Display: Loaded TP WindowsNoEditorTargetPlatform
[2017.12.03-18.55.26:881][  0]LogTemp:Display: Loaded TP WindowsServerTargetPlatform
[2017.12.03-18.55.26:931][  0]LogTemp:Display: Loaded TP WindowsTargetPlatform
[2017.12.03-18.55.26:990][  0]LogTemp:Display: Loaded TP AndroidTargetPlatform
[2017.12.03-18.55.27:039][  0]LogTemp:Display: Loaded TP Android_ASTCTargetPlatform
[2017.12.03-18.55.27:085][  0]LogTemp:Display: Loaded TP Android_ATCTargetPlatform
[2017.12.03-18.55.27:133][  0]LogTemp:Display: Loaded TP Android_DXTTargetPlatform
[2017.12.03-18.55.27:191][  0]LogTemp:Display: Loaded TP Android_ETC1TargetPlatform
[2017.12.03-18.55.27:249][  0]LogTemp:Display: Loaded TP Android_ETC2TargetPlatform
[2017.12.03-18.55.27:366][  0]LogTemp:Display: Loaded TP Android_MultiTargetPlatform
[2017.12.03-18.55.27:366][  0]LogTemp:Display: Loaded TP Android_PVRTCTargetPlatform
[2017.12.03-18.55.27:466][  0]LogTemp:Display: Loaded TP HTML5TargetPlatform
[2017.12.03-18.55.27:603][  0]LogTemp:Display: Loaded TP IOSTargetPlatform
[2017.12.03-18.55.27:631][  0]LogTemp:Display: Loaded TP TVOSTargetPlatform
[2017.12.03-18.55.27:707][  0]LogTemp:Display: Loaded TP LinuxClientTargetPlatform
[2017.12.03-18.55.27:749][  0]LogTemp:Display: Loaded TP LinuxNoEditorTargetPlatform
[2017.12.03-18.55.27:816][  0]LogTemp:Display: Loaded TP LinuxServerTargetPlatform
[2017.12.03-18.55.27:879][  0]LogTemp:Display: Loaded TP LinuxTargetPlatform
[2017.12.03-18.55.27:879][  0]LogTargetPlatformManager:Display: Building Assets For Windows
[2017.12.03-18.55.29:043][  0]LogDerivedDataCache:Display: Max Cache Size: 512 MB
[2017.12.03-18.55.30:798][  0]LogDerivedDataCache: Loaded boot cache 1.73s 50MB C:/Users/Sebastian Khoo/AppData/Local/UnrealEngine/4.15/DerivedDataCache/Boot.ddc.
[2017.12.03-18.55.30:798][  0]LogDerivedDataCache:Display: Loaded Boot cache: C:/Users/Sebastian Khoo/AppData/Local/UnrealEngine/4.15/DerivedDataCache/Boot.ddc
[2017.12.03-18.55.30:798][  0]LogDerivedDataCache: FDerivedDataBackendGraph:  Pak pak cache file ../../../../../../Users/Sebastian Khoo/Documents/GitHub/FYP_DumbTesting/Meeting/DerivedDataCache/DDC.ddp not found, will not use a pak cache.
[2017.12.03-18.55.30:798][  0]LogDerivedDataCache: Unable to find inner node Pak for hierarchical cache Hierarchy.
[2017.12.03-18.55.30:798][  0]LogDerivedDataCache: FDerivedDataBackendGraph:  CompressedPak pak cache file ../../../../../../Users/Sebastian Khoo/Documents/GitHub/FYP_DumbTesting/Meeting/DerivedDataCache/Compressed.ddp not found, will not use a pak cache.
[2017.12.03-18.55.30:798][  0]LogDerivedDataCache: Unable to find inner node CompressedPak for hierarchical cache Hierarchy.
[2017.12.03-18.55.30:901][  0]LogDerivedDataCache:Display: Pak cache opened for reading ../../../Engine/DerivedDataCache/Compressed.ddp.
[2017.12.03-18.55.30:911][  0]LogDerivedDataCache: Using Local data cache path C:/Users/Sebastian Khoo/AppData/Local/UnrealEngine/Common/DerivedDataCache: Writable
[2017.12.03-18.55.31:168][  0]LogSlate: Using Freetype 2.6.0
[2017.12.03-18.55.31:214][  0]LogSlate: SlateFontCache - WITH_FREETYPE: 1, WITH_HARFBUZZ: 1
[2017.12.03-18.55.31:214][  0]LogSlate: SlateFontCache - WITH_FREETYPE: 1, WITH_HARFBUZZ: 1
[2017.12.03-18.55.41:973][  0]LogInit: Selected Device Profile: [Windows]
[2017.12.03-18.55.42:031][  0]LogContentStreaming: Texture pool size is 0.00 MB
[2017.12.03-18.55.42:850][  0]LogMeshUtilities: Using QuadricMeshReduction for automatic static mesh reduction
[2017.12.03-18.55.42:910][  0]LogSimplygon: Simplygon DLL not present - disabling.
[2017.12.03-18.55.42:976][  0]LogMeshUtilities: Using SimplygonSwarm for distributed automatic mesh merging
[2017.12.03-18.55.42:976][  0]LogMeshUtilities: No automatic skeletal mesh reduction module available
[2017.12.03-18.55.42:976][  0]LogMeshUtilities: No automatic mesh merging module available
[2017.12.03-18.55.49:424][  0]LogNetVersion: GetLocalNetworkVersion: CL: 3299760, ProjectName: meeting, ProjectVersion: , EngineNetworkVersion: 2, GameNetworkVersion: 0, NetworkChecksum: 116300604
[2017.12.03-18.55.49:935][  0]LogAssetRegistry: FAssetRegistry took 0.0201 seconds to start up
[2017.12.03-18.55.50:191][  0]LogPackageLocalizationCache: Processed 3 localized package path(s) for 2 prioritized culture(s) in 0.049635 seconds
[2017.12.03-18.55.50:249][  0]LogUObjectArray: 32493 objects as part of root set at end of initial load.
[2017.12.03-18.55.50:249][  0]LogUObjectAllocator: 7077032 out of 0 bytes used by permanent object pool.
[2017.12.03-18.55.50:249][  0]LogUObjectArray: CloseDisregardForGC: 0/0 objects in disregard for GC pool
[2017.12.03-18.55.50:468][  0]LogInit: WinSock: version 1.1 (2.2), MaxSocks=32767, MaxUdp=65467
[2017.12.03-18.56.19:453][  0]LogTcpMessaging: Initializing TcpMessaging bridge
[2017.12.03-18.56.19:497][  0]LogUdpMessaging: Initializing bridge on interface 0.0.0.0:0 to multicast group 230.0.0.1:6666.
[2017.12.03-18.56.20:925][  0]LogMaterial: Uniform references updated for custom material expression Custom.
[2017.12.03-18.56.21:686][  0]SourceControl: Info Source control is disabled
[2017.12.03-18.56.21:700][  0]SourceControl: Info Source control is disabled
[2017.12.03-18.56.21:934][  0]SourceControl: Info Source control is disabled
[2017.12.03-18.56.22:037][  0]SourceControl: Info Source control is disabled
[2017.12.03-18.56.24:666][  0]LogEngine: Initializing Engine...
[2017.12.03-18.56.24:667][  0]LogHMD: Failed to initialize OpenVR with code 110
[2017.12.03-18.56.25:163][  0]LogStats: UGameplayTagsManager::ConstructGameplayTagTree: Construct from data asset -  0.000 s
[2017.12.03-18.56.25:169][  0]LogStats: UGameplayTagsManager::ConstructGameplayTagTree: GameplayTagTreeChangedEvent.Broadcast -  0.000 s
[2017.12.03-18.56.25:442][  0]LogAIModule: Creating AISystem for world Untitled
[2017.12.03-18.56.25:775][  0]LogInit: XAudio2 using 'Speakers (Realtek High Definition Audio)' : 6 channels at 48 kHz using 32 bits per sample (channel mask 0x3f)
[2017.12.03-18.56.26:594][  0]LogInit: FAudioDevice initialized.
[2017.12.03-18.56.26:700][  0]LogDerivedDataCache: Saved boot cache 0.10s 50MB C:/Users/Sebastian Khoo/AppData/Local/UnrealEngine/4.15/DerivedDataCache/Boot.ddc.
[2017.12.03-18.56.26:760][  0]LogInit: Texture streaming: Enabled
[2017.12.03-18.56.27:072][  0]LogEngineSessionManager: EngineSessionManager initialized
[2017.12.03-18.56.27:072][  0]LogEngineSessionManager: EngineSessionManager sent abnormal shutdown report. Type=Crashed, SessionId={41E73D1B-4613-1B21-A433-9EB7C19B5E64}
[2017.12.03-18.56.27:459][  0]LogInit: Transaction tracking system initialized
[2017.12.03-18.56.28:020][  0]BlueprintLog: New page: Editor Load
[2017.12.03-18.56.30:087][  0]LocalizationService: Info Localization service is disabled
[2017.12.03-18.56.31:894][  0]LogConsoleResponse:Display: 
[2017.12.03-18.56.35:672][  0]LogFileCache: Scanning file cache for directory 'C:/Users/Sebastian Khoo/Documents/GitHub/FYP_DumbTesting/Meeting/Content/' took 0.02s
[2017.12.03-18.56.35:672][  0]LogCook:Display: Max memory allowance for cook 16384mb min free memory 0mb
[2017.12.03-18.56.35:672][  0]LogCook:Display: Mobile HDR setting 1
[2017.12.03-18.56.41:520][  0]SourceControl: Info Source control is disabled
[2017.12.03-18.56.41:559][  0]Cmd: MAP LOAD FILE="../../../../../../Users/Sebastian Khoo/Documents/GitHub/FYP_DumbTesting/Meeting/Content/ThirdPersonBP/Maps/MockUp_Map.umap" TEMPLATE=0 SHOWPROGRESS=1 FEATURELEVEL=3
[2017.12.03-18.56.41:571][  0]LightingResults: New page: Lighting Build
[2017.12.03-18.56.41:699][  0]MapCheck: New page: Map Check
[2017.12.03-18.56.41:699][  0]LightingResults: New page: Lighting Build
[2017.12.03-18.56.56:288][  0]LogBlueprint:Warning: [Compiler ThirdPersonCharacter] Warning InputAction Event references unknown Action 'ResetVR' for  InputAction ResetVR
[2017.12.03-18.56.56:288][  0]LogBlueprint:Warning: [Compiler ThirdPersonCharacter] Warning Input Axis Event references unknown Axis 'LookUpRate' for  InputAxis LookUpRate
[2017.12.03-18.56.56:288][  0]LogBlueprint:Warning: [Compiler ThirdPersonCharacter] Warning Input Axis Event references unknown Axis 'TurnRate' for  InputAxis TurnRate
[2017.12.03-18.56.56:289][  0]LogBlueprint:Warning: [Compiler ThirdPersonCharacter] Warning InputAction Event references unknown Action 'Jump' for  InputAction Jump
[2017.12.03-18.56.56:289][  0]LogBlueprint:Warning: [Compiler ThirdPersonCharacter] Warning Input Axis Event references unknown Axis 'LookUp' for  InputAxis LookUp
[2017.12.03-18.56.56:289][  0]LogBlueprint:Warning: [Compiler ThirdPersonCharacter] Warning Input Axis Event references unknown Axis 'Turn' for  InputAxis Turn
[2017.12.03-18.56.56:298][  0]LogBlueprint:Warning: [Compiler ThirdPersonCharacter] Warning [0114.27] Compile of ThirdPersonCharacter successful, but with 6 Warning(s) [in 19 ms] (/Game/ThirdPersonBP/Blueprints/ThirdPersonCharacter.ThirdPersonCharacter)
[2017.12.03-18.56.56:298][  0]LogBlueprint:Warning: [Compiler ThirdPersonCharacter] Warning [0114.27] Compile of ThirdPersonCharacter successful, but with 7 Warning(s) [in 0 ms] (/Game/ThirdPersonBP/Blueprints/ThirdPersonCharacter.ThirdPersonCharacter)
[2017.12.03-18.56.56:298][  0]LogBlueprint:Warning: [Compiler ThirdPersonCharacter] Warning [0114.27] Compile of ThirdPersonCharacter successful, but with 8 Warning(s) [in 0 ms] (/Game/ThirdPersonBP/Blueprints/ThirdPersonCharacter.ThirdPersonCharacter)
[2017.12.03-18.56.56:303][  0]LogBlueprint:Warning: [Compiler ThirdPersonCharacter] Warning InputAction Event references unknown Action 'ResetVR' for  InputAction ResetVR
[2017.12.03-18.56.56:303][  0]LogBlueprint:Warning: [Compiler ThirdPersonCharacter] Warning Input Axis Event references unknown Axis 'LookUpRate' for  InputAxis LookUpRate
[2017.12.03-18.56.56:303][  0]LogBlueprint:Warning: [Compiler ThirdPersonCharacter] Warning Input Axis Event references unknown Axis 'TurnRate' for  InputAxis TurnRate
[2017.12.03-18.56.56:303][  0]LogBlueprint:Warning: [Compiler ThirdPersonCharacter] Warning InputAction Event references unknown Action 'Jump' for  InputAction Jump
[2017.12.03-18.56.56:303][  0]LogBlueprint:Warning: [Compiler ThirdPersonCharacter] Warning Input Axis Event references unknown Axis 'LookUp' for  InputAxis LookUp
[2017.12.03-18.56.56:303][  0]LogBlueprint:Warning: [Compiler ThirdPersonCharacter] Warning Input Axis Event references unknown Axis 'Turn' for  InputAxis Turn
[2017.12.03-18.56.56:307][  0]LogBlueprint:Warning: [Compiler ThirdPersonCharacter] Warning [0114.28] Compile of ThirdPersonCharacter successful, but with 6 Warning(s) [in 7 ms] (/Game/ThirdPersonBP/Blueprints/ThirdPersonCharacter.ThirdPersonCharacter)
[2017.12.03-18.56.56:307][  0]LogBlueprint:Warning: [Compiler ThirdPersonCharacter] Warning [0114.28] Compile of ThirdPersonCharacter successful, but with 7 Warning(s) [in 0 ms] (/Game/ThirdPersonBP/Blueprints/ThirdPersonCharacter.ThirdPersonCharacter)
[2017.12.03-18.56.56:307][  0]LogBlueprint:Warning: [Compiler ThirdPersonCharacter] Warning [0114.28] Compile of ThirdPersonCharacter successful, but with 8 Warning(s) [in 0 ms] (/Game/ThirdPersonBP/Blueprints/ThirdPersonCharacter.ThirdPersonCharacter)
[2017.12.03-19.00.06:649][  0]LogMaterial: Missing cached shader map for material M_Metal_Steel, compiling. 
[2017.12.03-19.00.06:792][  0]LogMaterial:Warning: Failed to compile Material /Game/StarterContent/Materials/M_Metal_Steel.M_Metal_Steel for platform PCD3D_SM5, Default Material will be used in game.
[2017.12.03-19.00.06:793][  0]LogMaterial:Warning: 	(Node TextureSample) TextureSample> Missing input texture
[2017.12.03-19.00.10:499][  0]LogAIModule: Creating AISystem for world MockUp_Map
[2017.12.03-19.00.17:929][  0]LogEditorServer: Finished looking for orphan Actors (0.000 secs)
[2017.12.03-19.00.18:366][  0]Cmd: MAP CHECKDEP NOCLEARLOG
[2017.12.03-19.00.25:674][  0]MapCheck: Info Map check complete: 0 Error(s), 0 Warning(s), took 7,297.881ms to complete.
[2017.12.03-19.00.25:684][  0]LogFileHelpers: Loading map 'MockUp_Map' took 224.136
[2017.12.03-19.00.30:610][  0]LogCollectionManager: Loaded 0 collections in 0.000900 seconds
[2017.12.03-19.00.33:064][  0]LogFileCache: Scanning file cache for directory 'C:/Users/Sebastian Khoo/Documents/GitHub/FYP_DumbTesting/Meeting/Saved/Collections/' took 0.04s
[2017.12.03-19.00.33:064][  0]LogFileCache: Scanning file cache for directory 'C:/Users/Sebastian Khoo/Documents/GitHub/FYP_DumbTesting/Meeting/Content/Developers/SebastianKhoo/Collections/' took 0.01s
[2017.12.03-19.00.33:064][  0]LogFileCache: Scanning file cache for directory 'C:/Users/Sebastian Khoo/Documents/GitHub/FYP_DumbTesting/Meeting/Content/Collections/' took 0.01s
[2017.12.03-19.00.33:064][  0]LogCollectionManager: Rebuilt the GUID cache for 0 collections in 0.000002 seconds
[2017.12.03-19.00.33:558][  0]LogContentBrowser: Native class hierarchy populated in 0.2791 seconds. Added 2259 classes and 455 folders.
[2017.12.03-19.00.34:517][  0]LogContentBrowser: Native class hierarchy updated for 'WidgetCarousel' in 0.0015 seconds. Added 0 classes and 0 folders.
[2017.12.03-19.00.36:861][  0]LogContentBrowser: Native class hierarchy updated for 'AddContentDialog' in 0.0015 seconds. Added 0 classes and 0 folders.
[2017.12.03-19.00.37:324][  0]LogContentBrowser: Native class hierarchy updated for 'SceneOutliner' in 0.0016 seconds. Added 1 classes and 2 folders.
[2017.12.03-19.00.38:289][  0]LogCrashTracker: Crashtracker disabled due to settings.
[2017.12.03-19.00.38:925][  0]LogUObjectGlobals:Warning: Failed to find object 'Class None.'
[2017.12.03-19.00.39:412][  0]LogContentBrowser: Native class hierarchy updated for 'HierarchicalLODOutliner' in 0.0015 seconds. Added 1 classes and 2 folders.
[2017.12.03-19.00.39:425][  0]LogLoad: (Engine Initialization) Total time: 337.40 seconds
[2017.12.03-19.00.39:425][  0]LogLoad: (Engine Initialization) Total Blueprint compile time: 2.28 seconds
[2017.12.03-19.00.39:432][  0]LogExternalProfiler: No external profilers were discovered.  External profiling features will not be available.
[2017.12.03-19.00.39:984][  0]LogOcInput: OculusInput pre-init called
[2017.12.03-19.00.40:609][  0]LogContentStreaming: Texture pool size now 3000 MB
[2017.12.03-19.00.40:799][  0]LogSlate: Took 0.012003 seconds to synchronously load lazily loaded font '../../../Engine/Content/Slate/Fonts/Roboto-Regular.ttf' (155K)
[2017.12.03-19.00.40:820][  0]LogSlate: Took 0.014409 seconds to synchronously load lazily loaded font '../../../Engine/Content/Slate/Fonts/Roboto-Bold.ttf' (160K)
[2017.12.03-19.00.41:009][  0]LogSlate: Took 0.091489 seconds to synchronously load lazily loaded font '../../../Engine/Content/Editor/Slate/Fonts/FontAwesome.ttf' (139K)
[2017.12.03-19.00.43:085][  0]LogRenderer: Reallocating scene render targets to support 1208x580 NumSamples 1 (Frame:2).
[2017.12.03-19.00.44:353][  2]LogSlate: Took 0.038050 seconds to synchronously load lazily loaded font '../../../Engine/Content/Slate/Fonts/Roboto-Light.ttf' (159K)
[2017.12.03-19.00.44:474][  4]LogAssetRegistry: Asset discovery search completed in 294.5567 seconds
[2017.12.03-19.00.44:474][  4]LogCollectionManager: Rebuilt the object cache for 0 collections in 0.000004 seconds (found 0 objects)
[2017.12.03-19.00.44:474][  4]LogCollectionManager: Fixed up redirectors for 0 collections in 0.000017 seconds (updated 0 objects)
[2017.12.03-19.01.05:883][600]LogEditorViewport: Clicking on Actor (context menu): StaticMeshActor (Door_Left_39)
[2017.12.03-19.01.12:661][681]LogEditorViewport: Clicking on Actor (LMB): StaticMeshActor (newtest)
[2017.12.03-19.01.26:781][925]LogEditorViewport: Clicking on Actor (LMB): Base_HalfBattery_C (BP_Battery15)
[2017.12.03-19.01.33:743][178]LogSlate: Took 0.169248 seconds to synchronously load lazily loaded font '../../../Engine/Content/Slate/Fonts/Roboto-Light.ttf' (159K)
[2017.12.03-19.01.36:083][178]LogSlate: Took 0.012038 seconds to synchronously load lazily loaded font '../../../Engine/Content/Slate/Fonts/Roboto-Regular.ttf' (155K)
[2017.12.03-19.01.38:835][178]LogContentBrowser: Native class hierarchy updated for 'BlueprintGraph' in 0.0334 seconds. Added 112 classes and 0 folders.
[2017.12.03-19.01.45:506][178]LogSlate: Took 0.045796 seconds to synchronously load lazily loaded font '../../../Engine/Content/Editor/Slate/Fonts/Roboto-BoldCondensed.ttf' (158K)
[2017.12.03-19.01.46:719][179]LogSlate: Took 0.070373 seconds to synchronously load lazily loaded font '../../../Engine/Content/Editor/Slate/Fonts/Roboto-Italic.ttf' (157K)
[2017.12.03-19.02.00:763][240]LogRenderer: Reallocating scene render targets to support 1208x912 NumSamples 1 (Frame:831).
[2017.12.03-19.02.12:394][587]LogSlate: Took 0.050212 seconds to synchronously load lazily loaded font '../../../Engine/Content/Slate/Fonts/Roboto-Light.ttf' (159K)
[2017.12.03-19.05.05:514][424]Cmd: TRANSACTION UNDO
[2017.12.03-19.05.05:514][424]LogEditorTransaction: Undo Move Actors
[2017.12.03-19.05.52:536][748]LogEditorViewport: Clicking on Actor (context menu): StaticMeshActor (SM_Corridor_Wall_Samantha_85)
[2017.12.03-19.05.53:410][837]LogEditorViewport: Clicking on Actor (LMB): StaticMeshActor (Hacking_Terminal_UI14)
[2017.12.03-19.06.00:065][265]LogEditorViewport: Clicking on Actor (LMB): Camera_SteamPanel_C (Camera_SteamPanel)
[2017.12.03-19.06.11:428][862]Cmd: TRANSACTION UNDO
[2017.12.03-19.06.11:428][862]LogEditorTransaction: Undo Clicking on Actors
[2017.12.03-19.06.11:931][885]Cmd: TRANSACTION UNDO
[2017.12.03-19.06.11:931][885]LogEditorTransaction: Undo Unlock Groups
[2017.12.03-19.06.11:943][885]LogActorComponent: ~FComponentReregisterContext: (/Game/ThirdPersonBP/Maps/MockUp_Map.MockUp_Map:PersistentLevel.Hacking_Terminal_UI11.StaticMeshComponent0) Component already registered.
[2017.12.03-19.06.11:943][885]LogActorComponent: ~FComponentReregisterContext: (/Game/ThirdPersonBP/Maps/MockUp_Map.MockUp_Map:PersistentLevel.Hacking_Terminal_UI12.StaticMeshComponent0) Component already registered.
[2017.12.03-19.06.12:331][909]Cmd: TRANSACTION UNDO
[2017.12.03-19.06.12:331][909]LogEditorTransaction: Undo Clicking on Actors
[2017.12.03-19.06.12:703][917]Cmd: TRANSACTION UNDO
[2017.12.03-19.06.12:703][917]LogEditorTransaction: Undo Clicking on Actors
[2017.12.03-19.06.13:229][944]Cmd: TRANSACTION UNDO
[2017.12.03-19.06.13:229][944]LogEditorTransaction: Undo Clicking on Actors
[2017.12.03-19.06.14:287][ 13]Cmd: TRANSACTION UNDO
[2017.12.03-19.06.14:300][ 13]LogEditorTransaction: Undo Clicking on Actors (context menu)
[2017.12.03-19.06.14:756][ 37]Cmd: TRANSACTION UNDO
[2017.12.03-19.06.14:757][ 37]LogEditorTransaction: Undo Lock Groups
[2017.12.03-19.06.14:759][ 37]LogActorComponent: ~FComponentReregisterContext: (/Game/ThirdPersonBP/Maps/MockUp_Map.MockUp_Map:PersistentLevel.Hacking_Terminal_UI16.StaticMeshComponent0) Component already registered.
[2017.12.03-19.06.15:302][ 69]Cmd: TRANSACTION UNDO
[2017.12.03-19.06.15:302][ 69]LogEditorTransaction: Undo Clicking on Actors
[2017.12.03-19.06.15:748][ 95]Cmd: TRANSACTION UNDO
[2017.12.03-19.06.15:748][ 95]LogEditorTransaction: Undo Move Actors
[2017.12.03-19.06.16:122][119]Cmd: TRANSACTION UNDO
[2017.12.03-19.06.16:122][119]LogEditorTransaction: Undo Move Actors
[2017.12.03-19.06.16:482][142]Cmd: TRANSACTION UNDO
[2017.12.03-19.06.16:482][142]LogEditorTransaction: Undo Move Actors
[2017.12.03-19.06.17:251][194]Cmd: TRANSACTION UNDO
[2017.12.03-19.06.17:251][194]LogEditorTransaction: Undo Clicking on Actors
[2017.12.03-19.06.17:604][213]Cmd: TRANSACTION UNDO
[2017.12.03-19.06.17:604][213]LogEditorTransaction: Undo Set Actor Visibility
[2017.12.03-19.06.18:216][253]Cmd: TRANSACTION UNDO
[2017.12.03-19.06.18:216][253]LogEditorTransaction: Undo Set Actor Visibility
[2017.12.03-19.06.18:797][292]Cmd: TRANSACTION UNDO
[2017.12.03-19.06.18:797][292]LogEditorTransaction: Undo Set Actor Visibility
[2017.12.03-19.06.19:161][316]Cmd: TRANSACTION UNDO
[2017.12.03-19.06.19:161][316]LogEditorTransaction: Undo Set Actor Visibility
[2017.12.03-19.06.19:466][336]Cmd: TRANSACTION UNDO
[2017.12.03-19.06.19:466][336]LogEditorTransaction: Undo Move Actors
[2017.12.03-19.06.19:697][350]Cmd: TRANSACTION UNDO
[2017.12.03-19.06.19:697][350]LogEditorTransaction: Undo Move Actors
[2017.12.03-19.06.19:918][364]Cmd: TRANSACTION UNDO
[2017.12.03-19.06.19:918][364]LogEditorTransaction: Undo Clicking on Actors
[2017.12.03-19.06.20:387][391]Cmd: TRANSACTION UNDO
[2017.12.03-19.06.20:387][391]LogEditorTransaction: Undo Move Actors
[2017.12.03-19.06.20:847][421]Cmd: TRANSACTION UNDO
[2017.12.03-19.06.20:847][421]LogEditorTransaction: Undo Clicking on Actors
[2017.12.03-19.06.21:323][449]Cmd: TRANSACTION UNDO
[2017.12.03-19.06.21:323][449]LogEditorTransaction: Undo Set Actor Visibility
[2017.12.03-19.06.21:812][480]Cmd: TRANSACTION UNDO
[2017.12.03-19.06.21:812][480]LogEditorTransaction: Undo Set Actor Visibility
[2017.12.03-19.06.22:420][521]Cmd: TRANSACTION UNDO
[2017.12.03-19.06.22:420][521]LogEditorTransaction: Undo Set Actor Visibility
[2017.12.03-19.06.22:727][541]Cmd: TRANSACTION UNDO
[2017.12.03-19.06.22:727][541]LogEditorTransaction: Undo Set Actor Visibility
[2017.12.03-19.06.23:033][561]Cmd: TRANSACTION UNDO
[2017.12.03-19.06.23:033][561]LogEditorTransaction: Undo Set Actor Visibility
[2017.12.03-19.06.23:381][584]Cmd: TRANSACTION UNDO
[2017.12.03-19.06.23:381][584]LogEditorTransaction: Undo Set Actor Visibility
[2017.12.03-19.06.23:819][613]Cmd: TRANSACTION UNDO
[2017.12.03-19.06.23:819][613]LogEditorTransaction: Undo Set Actor Visibility
[2017.12.03-19.06.24:168][636]Cmd: TRANSACTION UNDO
[2017.12.03-19.06.24:168][636]LogEditorTransaction: Undo Set Actor Visibility
[2017.12.03-19.06.24:747][675]Cmd: TRANSACTION UNDO
[2017.12.03-19.06.24:747][675]LogEditorTransaction: Undo Set Actor Visibility
[2017.12.03-19.06.25:097][698]Cmd: TRANSACTION UNDO
[2017.12.03-19.06.25:097][698]LogEditorTransaction: Undo Set Actor Visibility
[2017.12.03-19.06.25:373][716]Cmd: TRANSACTION UNDO
[2017.12.03-19.06.25:373][716]LogEditorTransaction: Undo Clicking on Actors
[2017.12.03-19.06.26:616][795]Cmd: TRANSACTION UNDO
[2017.12.03-19.06.26:616][795]LogEditorTransaction: Undo Move Actors
[2017.12.03-19.06.27:532][856]Cmd: TRANSACTION UNDO
[2017.12.03-19.06.27:532][856]LogEditorTransaction: Undo Clicking on Actors
[2017.12.03-19.06.28:072][888]Cmd: TRANSACTION UNDO
[2017.12.03-19.06.28:072][888]LogEditorTransaction: Undo Clicking on Actors
[2017.12.03-19.06.29:071][953]Cmd: TRANSACTION UNDO
[2017.12.03-19.06.29:071][953]LogEditorTransaction: Undo Set Actor Visibility
[2017.12.03-19.06.30:497][ 50]Cmd: TRANSACTION UNDO
[2017.12.03-19.06.30:498][ 50]LogEditorTransaction: Undo Set Actor Visibility
[2017.12.03-19.06.31:307][105]Cmd: TRANSACTION UNDO
[2017.12.03-19.06.31:307][105]LogEditorTransaction: Undo Set Actor Visibility
[2017.12.03-19.06.31:767][135]Cmd: TRANSACTION UNDO
[2017.12.03-19.06.31:767][135]LogEditorTransaction: Undo Set Actor Visibility
[2017.12.03-19.06.32:593][191]Cmd: TRANSACTION UNDO
[2017.12.03-19.06.32:593][191]LogEditorTransaction: Undo Set Actor Visibility
[2017.12.03-19.07.50:845][198]BlueprintLog: New page: Compile ControlScheme_Widget
[2017.12.03-19.08.21:093][442]LogEditorViewport: Clicking on Actor (LMB): Base_Fruit_Apple_C (BP_Fruit)
[2017.12.03-19.08.52:346][863]LogActorComponent: UnregisterComponent: (/Engine/Transient.EditorFloorComp) Not registered. Aborting.
[2017.12.03-19.09.01:492][452]LogEditorViewport: Clicking on Actor (LMB): Base_HalfBattery_C (BP_Battery10)
[2017.12.03-19.09.08:181][849]LogEditorViewport: Clicking on Actor (LMB): Base_HalfBattery_C (BP_Battery20)
[2017.12.03-19.09.08:299][850]LogEditorViewport: Clicking on Component (LMB): ParticleSystemComponent (ParticleSystem)
[2017.12.03-19.09.15:167][273]LogEditorViewport: Clicking on Actor (LMB): Emitter (P_BackSteam_Tunnel)
[2017.12.03-19.09.16:837][364]LogEditorViewport: Clicking on Actor (LMB): Emitter (P_BackSteam_Tunnel3)
[2017.12.03-19.09.18:794][468]LogEditorViewport: Clicking on Actor (LMB): Emitter (P_BackSteam_Tunnel)
[2017.12.03-19.09.21:030][610]LogEditorViewport: Clicking on Actor (LMB): Emitter (P_BackSteam_Tunnel)
[2017.12.03-19.09.24:129][806]LogEditorViewport: Clicking on Actor (LMB): Emitter (P_BackSteam_Tunnel)
[2017.12.03-19.09.33:258][407]LogEditorViewport: Clicking on Actor (LMB): SkeletalMeshActor (Door4_GUI_Layer3)
[2017.12.03-19.09.37:582][649]LogEditorViewport: Clicking on Actor (LMB): StaticMeshActor (Door_LeftRight_12)
[2017.12.03-19.09.42:875][977]LogEditorViewport: Clicking on Actor (LMB): StaticMeshActor (Door_LeftRight_12)
[2017.12.03-19.09.51:183][497]LogEditorViewport: Clicking on Actor (LMB): SkeletalMeshActor (Door4_GUI_Layer3)
[2017.12.03-19.10.02:261][292]LogEditorViewport: Clicking on Actor (CTRL LMB): CameraActor_BP_C (CameraActor_BP)
[2017.12.03-19.10.15:893][742]LogEditorViewport: Clicking on Actor (LMB): Emitter (P_BackSteam_Tunnel3)
[2017.12.03-19.10.21:980][133]LogEditorViewport: Clicking on Actor (LMB): Emitter (P_SubtleSteam_Rise_Slow)
[2017.12.03-19.10.25:269][335]LogEditorViewport: Clicking on Actor (LMB): SkeletalMeshActor (Door4_GUI_Layer3)
[2017.12.03-19.10.50:751][201]LogEditorViewport: Clicking on Actor (LMB): StaticMeshActor (Door_LeftRight_12)
[2017.12.03-19.11.13:309][647]LogEditorViewport: Clicking on Actor (LMB): Base_Fruit_Apple_C (BP_Fruit6)
[2017.12.03-19.11.16:464][846]LogEditorViewport: Clicking on Actor (LMB): Emitter (P_BackSteam_Tunnel4)
[2017.12.03-19.11.17:116][885]LogEditorViewport: Clicking on Actor (LMB): Emitter (P_BackSteam_Tunnel4)
[2017.12.03-19.11.17:568][914]LogEditorViewport: Clicking on Actor (LMB): Emitter (P_BackSteam_Tunnel4)
[2017.12.03-19.11.18:076][947]LogEditorViewport: Clicking on Actor (LMB): Emitter (P_BackSteam_Tunnel4)
[2017.12.03-19.11.19:682][ 37]LogEditorViewport: Clicking on Actor (LMB): Base_HalfBattery_C (BP_Battery19)
[2017.12.03-19.11.25:463][400]LogEditorViewport: Clicking on Actor (LMB): StaticMeshActor (Cone6)
[2017.12.03-19.11.27:209][490]LogEditorViewport: Clicking on Actor (LMB): Emitter (P_LowSteam_Tunnel10)
[2017.12.03-19.11.27:741][521]LogEditorViewport: Clicking on Actor (LMB): Emitter (P_LowSteam_Tunnel10)
[2017.12.03-19.11.29:358][613]LogEditorViewport: Clicking on Actor (LMB): Emitter (P_LowSteam_Tunnel10)
[2017.12.03-19.11.34:389][913]LogEditorViewport: Clicking on Actor (LMB): Emitter (P_LowSteam_Tunnel10)
[2017.12.03-19.11.36:772][ 63]LogEditorViewport: Clicking on Actor (LMB): EnemyChracter_BP_C (EnemyChracter_BP9)
[2017.12.03-19.12.13:362][394]LogBlueprintUserMessages: Early PlayInEditor Detection: Level '/Game/ThirdPersonBP/Maps/MockUp_Map.MockUp_Map:PersistentLevel' has LevelScriptBlueprint '/Game/ThirdPersonBP/Maps/MockUp_Map.MockUp_Map:PersistentLevel.MockUp_Map' with GeneratedClass '/Game/ThirdPersonBP/Maps/MockUp_Map.MockUp_Map_C' with ClassGeneratedBy '/Game/ThirdPersonBP/Maps/MockUp_Map.MockUp_Map:PersistentLevel.MockUp_Map'
[2017.12.03-19.12.13:398][394]LogPlayLevel: PlayLevel: No blueprints needed recompiling
[2017.12.03-19.12.13:598][394]PIE: New page: PIE session: MockUp_Map (Dec 4, 2017, 11:12:13 AM)
[2017.12.03-19.12.13:626][394]LogPlayLevel: Creating play world package: /Game/ThirdPersonBP/Maps/UEDPIE_0_MockUp_Map
[2017.12.03-19.12.15:176][394]LogPlayLevel: PIE: StaticDuplicateObject took: (1.550165s)
[2017.12.03-19.12.15:177][394]LogAIModule: Creating AISystem for world MockUp_Map
[2017.12.03-19.12.15:220][394]LogPlayLevel: PIE: World Init took: (0.044102s)
[2017.12.03-19.12.15:230][394]LogPlayLevel: PIE: Created PIE world by copying editor world from /Game/ThirdPersonBP/Maps/MockUp_Map.MockUp_Map to /Game/ThirdPersonBP/Maps/UEDPIE_0_MockUp_Map.MockUp_Map (1.609048s)
[2017.12.03-19.12.15:936][394]LogInit: XAudio2 using 'Speakers (Realtek High Definition Audio)' : 6 channels at 48 kHz using 32 bits per sample (channel mask 0x3f)
[2017.12.03-19.12.17:019][394]LogInit: FAudioDevice initialized.
[2017.12.03-19.12.17:489][394]LogLoad: Game class is 'MeetingGameModeBase_BP_C'
[2017.12.03-19.12.17:665][394]LogWorld: Bringing World /Game/ThirdPersonBP/Maps/UEDPIE_0_MockUp_Map.MockUp_Map up for play (max tick rate 0) at 2017.12.04-03.12.17
[2017.12.03-19.12.18:198][394]LogWorld: Bringing up level for play took: 0.698254
[2017.12.03-19.12.19:958][394]LogContentBrowser: Native class hierarchy updated for 'MovieSceneCapture' in 0.0016 seconds. Added 11 classes and 0 folders.
[2017.12.03-19.12.20:381][394]Cmd: r.Streaming.PoolSize 0
[2017.12.03-19.12.20:659][394]r.Streaming.PoolSize = "0"
[2017.12.03-19.12.21:156][394]PIE: Info Play in editor start time for /Game/ThirdPersonBP/Maps/UEDPIE_0_MockUp_Map 7.623
[2017.12.03-19.12.21:157][394]LogBlueprintUserMessages: Late PlayInEditor Detection: Level '/Game/ThirdPersonBP/Maps/MockUp_Map.MockUp_Map:PersistentLevel' has LevelScriptBlueprint '/Game/ThirdPersonBP/Maps/MockUp_Map.MockUp_Map:PersistentLevel.MockUp_Map' with GeneratedClass '/Game/ThirdPersonBP/Maps/MockUp_Map.MockUp_Map_C' with ClassGeneratedBy '/Game/ThirdPersonBP/Maps/MockUp_Map.MockUp_Map:PersistentLevel.MockUp_Map'
[2017.12.03-19.12.21:840][394]LogContentStreaming: Texture pool size now 0 MB
[2017.12.03-19.12.22:485][395]LogTemp:Warning: Auto Correct Lose Sight
[2017.12.03-19.12.22:485][395]LogTemp:Warning: Auto Correct Lose Sight
[2017.12.03-19.12.22:485][395]LogTemp:Warning: Auto Correct Lose Sight
[2017.12.03-19.12.22:485][395]LogTemp:Warning: Auto Correct Lose Sight
[2017.12.03-19.12.22:485][395]LogTemp:Warning: Auto Correct Lose Sight
[2017.12.03-19.12.22:485][395]LogTemp:Warning: Auto Correct Lose Sight
[2017.12.03-19.12.22:485][395]LogTemp:Warning: Auto Correct Lose Sight
[2017.12.03-19.12.22:485][395]LogTemp:Warning: Auto Correct Lose Sight
[2017.12.03-19.12.22:485][395]LogTemp:Warning: Auto Correct Lose Sight
[2017.12.03-19.12.22:485][395]LogTemp:Warning: Auto Correct Lose Sight
[2017.12.03-19.12.22:485][395]LogTemp:Warning: Auto Correct Lose Sight
[2017.12.03-19.12.22:485][395]LogTemp:Warning: Auto Correct Lose Sight
[2017.12.03-19.12.22:485][395]LogTemp:Warning: Auto Correct Lose Sight
[2017.12.03-19.12.22:485][395]LogTemp:Warning: Auto Correct Lose Sight
[2017.12.03-19.12.22:485][395]LogTemp:Warning: Auto Correct Lose Sight
[2017.12.03-19.12.29:762][406]LogDerivedDataCache:Warning: C:/Users/Sebastian Khoo/AppData/Local/UnrealEngine/Common/DerivedDataCache is very slow (0.00MB/s) when accessing C:/Users/Sebastian Khoo/AppData/Local/UnrealEngine/Common/DerivedDataCache/1/2/9/TEXTURE_814DCC3DC72143F49509781513CB9855_AUTODXT_0BC1B316409C51C79E367B88BA787__E2989D0180C1EFC9EC0F0849247D61AD4CED256B.udd, consider disabling it.
[2017.12.03-19.12.30:444][406]LogDerivedDataCache:Warning: C:/Users/Sebastian Khoo/AppData/Local/UnrealEngine/Common/DerivedDataCache is very slow (0.02MB/s) when accessing C:/Users/Sebastian Khoo/AppData/Local/UnrealEngine/Common/DerivedDataCache/1/8/5/TEXTURE_814DCC3DC72143F49509781513CB9855_AUTODXT_4B802286449B8E0097CBA990CCBD2__300E16E75A2F97790EF8A50CCA5BF3CE58FA29EB.udd, consider disabling it.
[2017.12.03-19.12.30:444][406]LogDerivedDataCache:Warning: C:/Users/Sebastian Khoo/AppData/Local/UnrealEngine/Common/DerivedDataCache is very slow (0.08MB/s) when accessing C:/Users/Sebastian Khoo/AppData/Local/UnrealEngine/Common/DerivedDataCache/6/1/9/TEXTURE_814DCC3DC72143F49509781513CB9855_AUTODXT_3F334FCF4501CE6D4AC344B77CBD6__A3777776EFA7D682503C28084E10A5A1AA1809A6.udd, consider disabling it.
[2017.12.03-19.12.31:729][437]LogScriptCore:Warning: Script Msg: Attempted to access index 2 from array patrolPoint of length 2!
[2017.12.03-19.12.31:729][437]LogScriptCore:Warning: Script Msg: Attempted to access index 2 from array patrolPoint of length 2!
[2017.12.03-19.12.33:550][457]LogScriptCore:Warning: Script Msg: Attempted to access index 2 from array patrolPoint of length 2!
[2017.12.03-19.12.33:931][473]LogScriptCore:Warning: Script Msg: Attempted to access index 2 from array patrolPoint of length 2!
[2017.12.03-19.12.34:934][508]LogWmfMedia:Warning: Possible loss of audio quality in stream 0 due to sample rate != 44100 Hz
[2017.12.03-19.12.35:082][514]LogScriptCore:Warning: Script Msg: Attempted to access index 2 from array patrolPoint of length 2!
[2017.12.03-19.12.37:442][569]LogWmfMedia:Warning: Possible loss of audio quality in stream 0 due to sample rate != 44100 Hz
[2017.12.03-19.12.37:443][569]LogWmfMedia:Warning: Possible loss of audio quality in stream 0 due to sample rate != 44100 Hz
[2017.12.03-19.12.37:562][572]LogScriptCore:Warning: Script Msg: Attempted to access index 3 from array patrolPoint of length 3!
[2017.12.03-19.12.38:661][588]LogScriptCore:Warning: Script Msg: Attempted to access index 3 from array patrolPoint of length 3!
[2017.12.03-19.12.39:486][618]LogWmfMedia:Warning: Possible loss of audio quality in stream 0 due to sample rate != 44100 Hz
[2017.12.03-19.12.41:327][685]LogScriptCore:Warning: Script Msg: Attempted to access index 2 from array patrolPoint of length 2!
[2017.12.03-19.12.42:832][740]LogScriptCore:Warning: Script Msg: Attempted to access index 2 from array patrolPoint of length 2!
[2017.12.03-19.12.46:002][853]LogScriptCore:Warning: Script Msg: Attempted to access index 2 from array patrolPoint of length 2!
[2017.12.03-19.12.48:580][918]LogScriptCore:Warning: Script Msg: Attempted to access index 2 from array patrolPoint of length 2!
[2017.12.03-19.12.48:685][921]LogScriptCore:Warning: Script Msg: Attempted to access index 2 from array patrolPoint of length 2!
[2017.12.03-19.12.51:397][  6]LogScriptCore:Warning: Script Msg: Attempted to access index 2 from array patrolPoint of length 2!
[2017.12.03-19.12.53:600][ 43]LogScriptCore:Warning: Script Msg: Attempted to access index 2 from array patrolPoint of length 2!
[2017.12.03-19.12.55:960][ 98]LogWindows: Windows GetLastError: The operation completed successfully. (0)
[2017.12.03-19.12.57:101][134]LogScriptCore:Warning: Script Msg: Attempted to access index 2 from array patrolPoint of length 2!
