Log file open, 06/19/17 20:42:45
LogInit:Display: Running engine for game: Meeting
LogPlatformFile: Not using cached read wrapper
LogInit:Display: RandInit(2000841935) SRandInit(2000841935).
LogTaskGraph: Started task graph with 5 named threads and 7 total threads with 1 sets of task threads.
LogStats: Stats thread started at 0.097495
LogInit: Using libcurl 7.47.1
LogInit:  - built for x86_64-pc-win32
LogInit:  - supports SSL with OpenSSL/1.0.2g
LogInit:  - supports HTTP deflate (compression) using libz 1.2.8
LogInit:  - other features:
LogInit:      CURL_VERSION_SSL
LogInit:      CURL_VERSION_LIBZ
LogInit:      CURL_VERSION_IPV6
LogInit:      CURL_VERSION_ASYNCHDNS
LogInit:      CURL_VERSION_LARGEFILE
LogInit:      CURL_VERSION_IDN
LogInit:  CurlRequestOptions (configurable via config and command line):
LogInit:  - bVerifyPeer = false  - Libcurl will NOT verify peer certificate
LogInit:  - bUseHttpProxy = false  - Libcurl will NOT use HTTP proxy
LogInit:  - bDontReuseConnections = false  - Libcurl will reuse connections
LogInit:  - CertBundlePath = nullptr  - Libcurl will use whatever was configured at build time.
LogInit: Build: ++UE4+Release-4.15-CL-3450819
LogInit: Engine Version: 4.15.3-3450819+++UE4+Release-4.15
LogInit: Compatible Engine Version: 4.15.0-3299760+++UE4+Release-4.15
LogInit: Net CL: 3299760
LogDevObjectVersion: Number of dev versions registered: 14
LogDevObjectVersion:   Dev-Blueprints (B0D832E4-1F89-4F0D-ACCF-7EB736FD4AA2): 8
LogDevObjectVersion:   Dev-Build (E1C64328-A22C-4D53-A36C-8E866417BD8C): 0
LogDevObjectVersion:   Dev-Core (375EC13C-06E4-48FB-B500-84F0262A717E): 2
LogDevObjectVersion:   Dev-Editor (E4B068ED-F494-42E9-A231-DA0B2E46BB41): 14
LogDevObjectVersion:   Dev-Framework (CFFC743F-43B0-4480-9391-14DF171D2073): 22
LogDevObjectVersion:   Dev-Mobile (B02B49B5-BB20-44E9-A304-32B752E40360): 0
LogDevObjectVersion:   Dev-Networking (A4E4105C-59A1-49B5-A7C5-40C4547EDFEE): 0
LogDevObjectVersion:   Dev-Online (39C831C9-5AE6-47DC-9A44-9C173E1C8E7C): 0
LogDevObjectVersion:   Dev-Physics (78F01B33-EBEA-4F98-B9B4-84EACCB95AA2): 0
LogDevObjectVersion:   Dev-Platform (6631380F-2D4D-43E0-8009-CF276956A95A): 0
LogDevObjectVersion:   Dev-Rendering (12F88B9F-8875-4AFC-A67C-D90C383ABD29): 12
LogDevObjectVersion:   Dev-Sequencer (7B5AE74C-D270-4C10-A958-57980B212A5A): 3
LogDevObjectVersion:   Dev-VR (D7296918-1DD6-4BDD-9DE2-64A83CC13884): 0
LogDevObjectVersion:   Dev-LoadTimes (C2A15278-BFE7-4AFE-6C17-90FF531DF755): 1
LogInit: Compiled (64-bit): May 21 2017 11:02:34
LogInit: Compiled with Visual C++: 19.00.23026.00
LogInit: Build Configuration: Development
LogInit: Branch Name: ++UE4+Release-4.15
LogInit: Command line:  
LogInit: Base directory: D:/UnrealEngine/UE_4.15/Engine/Binaries/Win64/
LogInit: Installed Engine Build: 1
LogInit: Presizing for max 8388607 objects, including 0 objects not considered by GC, pre-allocating 0 bytes for permanent pool.
LogInit: Object subsystem initialized
[2017.06.19-12.42.47:044][  0]LogInit: Selected Device Profile: [Windows]
[2017.06.19-12.42.47:044][  0]LogInit: Applying CVar settings loaded from the selected device profile: [Windows]
[2017.06.19-12.42.47:057][  0]LogInit: Computer: WINCTRL-E5MM7PO
[2017.06.19-12.42.47:057][  0]LogInit: User: HELLOBYE
[2017.06.19-12.42.47:057][  0]LogInit: CPU Page size=65536, Cores=3
[2017.06.19-12.42.47:057][  0]LogInit: High frequency timer resolution =3.825777 MHz
[2017.06.19-12.42.47:057][  0]LogMemory: Memory total: Physical=8.0GB (8GB approx)
[2017.06.19-12.42.47:057][  0]LogMemory: Platform Memory Stats for Windows
[2017.06.19-12.42.47:057][  0]LogMemory: Process Physical Memory: 262.51 MB used, 262.51 MB peak
[2017.06.19-12.42.47:057][  0]LogMemory: Process Virtual Memory: 262.38 MB used, 262.38 MB peak
[2017.06.19-12.42.47:057][  0]LogMemory: Physical Memory: 2426.88 MB used,  5747.23 MB free, 8174.11 MB total
[2017.06.19-12.42.47:057][  0]LogMemory: Virtual Memory: 644.47 MB used,  5747.23 MB free, 134217728.00 MB total
[2017.06.19-12.42.47:151][  0]LogTextLocalizationManager: No specific translations for ('en-MY') exist, so ('en') translations will be used.
[2017.06.19-12.42.47:906][  0]LogD3D11RHI: D3D11 adapters:
[2017.06.19-12.42.48:180][  0]LogD3D11RHI:    0. 'NVIDIA GeForce GTX 650' (Feature Level 11_0)
[2017.06.19-12.42.48:180][  0]LogD3D11RHI:       995/0/4087 MB DedicatedVideo/DedicatedSystem/SharedSystem, Outputs:1, VendorId:0x10de
[2017.06.19-12.42.48:183][  0]LogD3D11RHI:    1. 'Microsoft Basic Render Driver' (Feature Level 11_0)
[2017.06.19-12.42.48:183][  0]LogD3D11RHI:       0/0/4087 MB DedicatedVideo/DedicatedSystem/SharedSystem, Outputs:0, VendorId:0x1414
[2017.06.19-12.42.48:183][  0]LogD3D11RHI: Chosen D3D11 Adapter: 0
[2017.06.19-12.42.48:191][  0]LogD3D11RHI: Creating new Direct3DDevice
[2017.06.19-12.42.48:191][  0]LogD3D11RHI:     GPU DeviceId: 0xfc6 (for the marketing name, search the web for "GPU Device Id")
[2017.06.19-12.42.48:191][  0]LogWindows: EnumDisplayDevices:
[2017.06.19-12.42.48:192][  0]LogWindows:    0. 'NVIDIA GeForce GTX 650' (P:1 D:1)
[2017.06.19-12.42.48:192][  0]LogWindows:    1. 'NVIDIA GeForce GTX 650' (P:0 D:0)
[2017.06.19-12.42.48:193][  0]LogWindows:    2. 'NVIDIA GeForce GTX 650' (P:0 D:0)
[2017.06.19-12.42.48:194][  0]LogWindows:    3. 'NVIDIA GeForce GTX 650' (P:0 D:0)
[2017.06.19-12.42.48:194][  0]LogWindows: DebugString: FoundDriverCount:4 
[2017.06.19-12.42.48:194][  0]LogD3D11RHI:     Adapter Name: NVIDIA GeForce GTX 650
[2017.06.19-12.42.48:194][  0]LogD3D11RHI:   Driver Version: 382.05 (internal:22.21.13.8205, unified:382.05)
[2017.06.19-12.42.48:194][  0]LogD3D11RHI:      Driver Date: 5-1-2017
[2017.06.19-12.42.48:194][  0]LogRHI: Texture pool is 696 MB (70% of 995 MB)
[2017.06.19-12.42.48:430][  0]LogD3D11RHI:Warning: Timestamp queries are currently disabled on this hardware due to instability. Realtime GPU stats will not be available. You can override this behaviour by setting r.NVIDIATimestampWorkaround to 0
[2017.06.19-12.42.48:431][  0]LogD3D11RHI: Async texture creation enabled
[2017.06.19-12.42.48:590][  0]LogD3D11RHI: GPU Timing Frequency: 1000.000000 (Debug: 2 2)
[2017.06.19-12.42.48:640][  0]LogShaderCompilers: Guid format shader working directory is 6 characters bigger than the processId version (../../../../../GitHub/FYP_DumbTesting/Meeting/Intermediate/Shaders/WorkingDirectory/8352/).
[2017.06.19-12.42.48:640][  0]LogShaderCompilers: Cleaned the shader compiler working directory 'C:/Users/HELLO_BYE`/AppData/Local/Temp/UnrealShaderWorkingDir/CBDFF7304F5EBE0CF60B4B80FC0A8629/'.
[2017.06.19-12.42.48:640][  0]LogShaderCompilers:Display: Using Local Shader Compiler.
[2017.06.19-12.42.50:108][  0]LogTemp:Display: Loaded TP AllDesktopTargetPlatform
[2017.06.19-12.42.50:175][  0]LogTemp:Display: Loaded TP MacClientTargetPlatform
[2017.06.19-12.42.50:237][  0]LogTemp:Display: Loaded TP MacNoEditorTargetPlatform
[2017.06.19-12.42.50:302][  0]LogTemp:Display: Loaded TP MacServerTargetPlatform
[2017.06.19-12.42.50:370][  0]LogTemp:Display: Loaded TP MacTargetPlatform
[2017.06.19-12.42.50:440][  0]LogTemp:Display: Loaded TP WindowsClientTargetPlatform
[2017.06.19-12.42.50:511][  0]LogTemp:Display: Loaded TP WindowsNoEditorTargetPlatform
[2017.06.19-12.42.50:577][  0]LogTemp:Display: Loaded TP WindowsServerTargetPlatform
[2017.06.19-12.42.50:631][  0]LogTemp:Display: Loaded TP WindowsTargetPlatform
[2017.06.19-12.42.50:696][  0]LogTemp:Display: Loaded TP AndroidTargetPlatform
[2017.06.19-12.42.50:762][  0]LogTemp:Display: Loaded TP Android_ASTCTargetPlatform
[2017.06.19-12.42.50:828][  0]LogTemp:Display: Loaded TP Android_ATCTargetPlatform
[2017.06.19-12.42.50:894][  0]LogTemp:Display: Loaded TP Android_DXTTargetPlatform
[2017.06.19-12.42.50:959][  0]LogTemp:Display: Loaded TP Android_ETC1TargetPlatform
[2017.06.19-12.42.51:021][  0]LogTemp:Display: Loaded TP Android_ETC2TargetPlatform
[2017.06.19-12.42.51:145][  0]LogTemp:Display: Loaded TP Android_MultiTargetPlatform
[2017.06.19-12.42.51:145][  0]LogTemp:Display: Loaded TP Android_PVRTCTargetPlatform
[2017.06.19-12.42.51:188][  0]LogTemp:Display: Loaded TP HTML5TargetPlatform
[2017.06.19-12.42.51:318][  0]LogTemp:Display: Loaded TP IOSTargetPlatform
[2017.06.19-12.42.51:369][  0]LogTemp:Display: Loaded TP TVOSTargetPlatform
[2017.06.19-12.42.51:435][  0]LogTemp:Display: Loaded TP LinuxClientTargetPlatform
[2017.06.19-12.42.51:505][  0]LogTemp:Display: Loaded TP LinuxNoEditorTargetPlatform
[2017.06.19-12.42.51:575][  0]LogTemp:Display: Loaded TP LinuxServerTargetPlatform
[2017.06.19-12.42.51:644][  0]LogTemp:Display: Loaded TP LinuxTargetPlatform
[2017.06.19-12.42.51:644][  0]LogTargetPlatformManager:Display: Building Assets For Windows
[2017.06.19-12.42.52:147][  0]LogDerivedDataCache:Display: Max Cache Size: 512 MB
[2017.06.19-12.42.52:235][  0]LogDerivedDataCache: Loaded boot cache 0.09s 50MB C:/Users/HELLO_BYE`/AppData/Local/UnrealEngine/4.15/DerivedDataCache/Boot.ddc.
[2017.06.19-12.42.52:235][  0]LogDerivedDataCache:Display: Loaded Boot cache: C:/Users/HELLO_BYE`/AppData/Local/UnrealEngine/4.15/DerivedDataCache/Boot.ddc
[2017.06.19-12.42.52:235][  0]LogDerivedDataCache: FDerivedDataBackendGraph:  Pak pak cache file ../../../../../GitHub/FYP_DumbTesting/Meeting/DerivedDataCache/DDC.ddp not found, will not use a pak cache.
[2017.06.19-12.42.52:235][  0]LogDerivedDataCache: Unable to find inner node Pak for hierarchical cache Hierarchy.
[2017.06.19-12.42.52:235][  0]LogDerivedDataCache: FDerivedDataBackendGraph:  CompressedPak pak cache file ../../../../../GitHub/FYP_DumbTesting/Meeting/DerivedDataCache/Compressed.ddp not found, will not use a pak cache.
[2017.06.19-12.42.52:235][  0]LogDerivedDataCache: Unable to find inner node CompressedPak for hierarchical cache Hierarchy.
[2017.06.19-12.42.52:256][  0]LogDerivedDataCache:Display: Pak cache opened for reading ../../../Engine/DerivedDataCache/Compressed.ddp.
[2017.06.19-12.42.52:269][  0]LogDerivedDataCache: Using Local data cache path C:/Users/HELLO_BYE`/AppData/Local/UnrealEngine/Common/DerivedDataCache: Writable
[2017.06.19-12.42.52:282][  0]LogSlate: Using Freetype 2.6.0
[2017.06.19-12.42.52:283][  0]LogSlate: SlateFontCache - WITH_FREETYPE: 1, WITH_HARFBUZZ: 1
[2017.06.19-12.42.52:283][  0]LogSlate: SlateFontCache - WITH_FREETYPE: 1, WITH_HARFBUZZ: 1
[2017.06.19-12.42.52:634][  0]LogInit: Selected Device Profile: [Windows]
[2017.06.19-12.42.52:638][  0]LogContentStreaming: Texture pool size is 0.00 MB
[2017.06.19-12.42.52:918][  0]LogMeshUtilities: Using QuadricMeshReduction for automatic static mesh reduction
[2017.06.19-12.42.52:970][  0]LogSimplygon: Simplygon DLL not present - disabling.
[2017.06.19-12.42.53:024][  0]LogMeshUtilities: Using SimplygonSwarm for distributed automatic mesh merging
[2017.06.19-12.42.53:024][  0]LogMeshUtilities: No automatic skeletal mesh reduction module available
[2017.06.19-12.42.53:024][  0]LogMeshUtilities: No automatic mesh merging module available
[2017.06.19-12.42.53:675][  0]LogNetVersion: GetLocalNetworkVersion: CL: 3299760, ProjectName: meeting, ProjectVersion: , EngineNetworkVersion: 2, GameNetworkVersion: 0, NetworkChecksum: 116300604
[2017.06.19-12.42.53:730][  0]LogAssetRegistry: FAssetRegistry took 0.0221 seconds to start up
[2017.06.19-12.42.53:780][  0]LogPackageLocalizationCache: Processed 3 localized package path(s) for 2 prioritized culture(s) in 0.022628 seconds
[2017.06.19-12.42.53:785][  0]LogUObjectArray: 32493 objects as part of root set at end of initial load.
[2017.06.19-12.42.53:785][  0]LogUObjectAllocator: 7077032 out of 0 bytes used by permanent object pool.
[2017.06.19-12.42.53:785][  0]LogUObjectArray: CloseDisregardForGC: 0/0 objects in disregard for GC pool
[2017.06.19-12.42.53:855][  0]LogInit: WinSock: version 1.1 (2.2), MaxSocks=32767, MaxUdp=65467
[2017.06.19-12.42.55:978][  0]LogTcpMessaging: Initializing TcpMessaging bridge
[2017.06.19-12.42.56:023][  0]LogUdpMessaging: Initializing bridge on interface 0.0.0.0:0 to multicast group 230.0.0.1:6666.
[2017.06.19-12.42.56:583][  0]LogMaterial: Uniform references updated for custom material expression Custom.
[2017.06.19-12.42.56:989][  0]SourceControl: Info Source control is disabled
[2017.06.19-12.42.56:990][  0]SourceControl: Info Source control is disabled
[2017.06.19-12.42.57:040][  0]SourceControl: Info Source control is disabled
[2017.06.19-12.42.57:096][  0]SourceControl: Info Source control is disabled
[2017.06.19-12.42.58:552][  0]LogEngine: Initializing Engine...
[2017.06.19-12.42.58:553][  0]LogHMD: Failed to initialize OpenVR with code 100
[2017.06.19-12.42.58:677][  0]LogStats: UGameplayTagsManager::ConstructGameplayTagTree: Construct from data asset -  0.000 s
[2017.06.19-12.42.58:677][  0]LogStats: UGameplayTagsManager::ConstructGameplayTagTree: GameplayTagTreeChangedEvent.Broadcast -  0.000 s
[2017.06.19-12.42.58:811][  0]LogAIModule: Creating AISystem for world Untitled
[2017.06.19-12.42.58:826][  0]LogInit: XAudio2 using 'VX2363 Series-4 (NVIDIA High Definition Audio)' : 2 channels at 48 kHz using 16 bits per sample (channel mask 0x3)
[2017.06.19-12.42.58:851][  0]LogInit: FAudioDevice initialized.
[2017.06.19-12.42.58:901][  0]LogDerivedDataCache: Saved boot cache 0.05s 50MB C:/Users/HELLO_BYE`/AppData/Local/UnrealEngine/4.15/DerivedDataCache/Boot.ddc.
[2017.06.19-12.42.58:916][  0]LogInit: Texture streaming: Enabled
[2017.06.19-12.42.59:034][  0]LogEngineSessionManager: EngineSessionManager initialized
[2017.06.19-12.42.59:169][  0]LogInit: Transaction tracking system initialized
[2017.06.19-12.42.59:571][  0]BlueprintLog: New page: Editor Load
[2017.06.19-12.43.00:694][  0]LocalizationService: Info Localization service is disabled
[2017.06.19-12.43.01:511][  0]LogConsoleResponse:Display: 
[2017.06.19-12.43.01:670][  0]LogCook:Display: Max memory allowance for cook 16384mb min free memory 0mb
[2017.06.19-12.43.01:671][  0]LogCook:Display: Mobile HDR setting 1
[2017.06.19-12.43.02:835][  0]LogFileCache: Scanning file cache for directory 'D:/GitHub/FYP_DumbTesting/Meeting/Content/' took 0.01s
[2017.06.19-12.43.02:894][  0]SourceControl: Info Source control is disabled
[2017.06.19-12.43.02:894][  0]Cmd: MAP LOAD FILE="../../../../../GitHub/FYP_DumbTesting/Meeting/Content/ThirdPersonBP/Maps/ThirdPersonExampleMap.umap" TEMPLATE=0 SHOWPROGRESS=1 FEATURELEVEL=3
[2017.06.19-12.43.02:894][  0]LightingResults: New page: Lighting Build
[2017.06.19-12.43.02:947][  0]MapCheck: New page: Map Check
[2017.06.19-12.43.02:947][  0]LightingResults: New page: Lighting Build
[2017.06.19-12.43.03:138][  0]LogBlueprint:Warning: [Compiler ThirdPersonCharacter] Warning InputAction Event references unknown Action 'ResetVR' for  InputAction ResetVR
[2017.06.19-12.43.03:138][  0]LogBlueprint:Warning: [Compiler ThirdPersonCharacter] Warning Input Axis Event references unknown Axis 'LookUpRate' for  InputAxis LookUpRate
[2017.06.19-12.43.03:138][  0]LogBlueprint:Warning: [Compiler ThirdPersonCharacter] Warning Input Axis Event references unknown Axis 'TurnRate' for  InputAxis TurnRate
[2017.06.19-12.43.03:138][  0]LogBlueprint:Warning: [Compiler ThirdPersonCharacter] Warning InputAction Event references unknown Action 'Jump' for  InputAction Jump
[2017.06.19-12.43.03:138][  0]LogBlueprint:Warning: [Compiler ThirdPersonCharacter] Warning Input Axis Event references unknown Axis 'LookUp' for  InputAxis LookUp
[2017.06.19-12.43.03:139][  0]LogBlueprint:Warning: [Compiler ThirdPersonCharacter] Warning Input Axis Event references unknown Axis 'Turn' for  InputAxis Turn
[2017.06.19-12.43.03:139][  0]LogBlueprint:Warning: [Compiler ThirdPersonCharacter] Warning Input Axis Event references unknown Axis 'MoveForward' for  InputAxis MoveForward
[2017.06.19-12.43.03:143][  0]LogBlueprint:Warning: [Compiler ThirdPersonCharacter] Warning [0018.81] Compile of ThirdPersonCharacter successful, but with 7 Warning(s) [in 11 ms] (/Game/ThirdPersonBP/Blueprints/ThirdPersonCharacter.ThirdPersonCharacter)
[2017.06.19-12.43.03:143][  0]LogBlueprint:Warning: [Compiler ThirdPersonCharacter] Warning [0018.81] Compile of ThirdPersonCharacter successful, but with 8 Warning(s) [in 0 ms] (/Game/ThirdPersonBP/Blueprints/ThirdPersonCharacter.ThirdPersonCharacter)
[2017.06.19-12.43.03:143][  0]LogBlueprint:Warning: [Compiler ThirdPersonCharacter] Warning [0018.81] Compile of ThirdPersonCharacter successful, but with 9 Warning(s) [in 0 ms] (/Game/ThirdPersonBP/Blueprints/ThirdPersonCharacter.ThirdPersonCharacter)
[2017.06.19-12.43.03:152][  0]LogBlueprint:Warning: [Compiler ThirdPersonCharacter] Warning InputAction Event references unknown Action 'ResetVR' for  InputAction ResetVR
[2017.06.19-12.43.03:152][  0]LogBlueprint:Warning: [Compiler ThirdPersonCharacter] Warning Input Axis Event references unknown Axis 'LookUpRate' for  InputAxis LookUpRate
[2017.06.19-12.43.03:152][  0]LogBlueprint:Warning: [Compiler ThirdPersonCharacter] Warning Input Axis Event references unknown Axis 'TurnRate' for  InputAxis TurnRate
[2017.06.19-12.43.03:152][  0]LogBlueprint:Warning: [Compiler ThirdPersonCharacter] Warning InputAction Event references unknown Action 'Jump' for  InputAction Jump
[2017.06.19-12.43.03:152][  0]LogBlueprint:Warning: [Compiler ThirdPersonCharacter] Warning Input Axis Event references unknown Axis 'LookUp' for  InputAxis LookUp
[2017.06.19-12.43.03:153][  0]LogBlueprint:Warning: [Compiler ThirdPersonCharacter] Warning Input Axis Event references unknown Axis 'Turn' for  InputAxis Turn
[2017.06.19-12.43.03:153][  0]LogBlueprint:Warning: [Compiler ThirdPersonCharacter] Warning Input Axis Event references unknown Axis 'MoveForward' for  InputAxis MoveForward
[2017.06.19-12.43.03:158][  0]LogBlueprint:Warning: [Compiler ThirdPersonCharacter] Warning [0018.83] Compile of ThirdPersonCharacter successful, but with 7 Warning(s) [in 11 ms] (/Game/ThirdPersonBP/Blueprints/ThirdPersonCharacter.ThirdPersonCharacter)
[2017.06.19-12.43.03:158][  0]LogBlueprint:Warning: [Compiler ThirdPersonCharacter] Warning [0018.83] Compile of ThirdPersonCharacter successful, but with 8 Warning(s) [in 0 ms] (/Game/ThirdPersonBP/Blueprints/ThirdPersonCharacter.ThirdPersonCharacter)
[2017.06.19-12.43.03:158][  0]LogBlueprint:Warning: [Compiler ThirdPersonCharacter] Warning [0018.83] Compile of ThirdPersonCharacter successful, but with 9 Warning(s) [in 0 ms] (/Game/ThirdPersonBP/Blueprints/ThirdPersonCharacter.ThirdPersonCharacter)
[2017.06.19-12.43.03:673][  0]LogAIModule: Creating AISystem for world ThirdPersonExampleMap
[2017.06.19-12.43.03:752][  0]LogEditorServer: Finished looking for orphan Actors (0.000 secs)
[2017.06.19-12.43.03:753][  0]Cmd: MAP CHECKDEP NOCLEARLOG
[2017.06.19-12.43.03:807][  0]MapCheck: Info Map check complete: 0 Error(s), 0 Warning(s), took 53.916ms to complete.
[2017.06.19-12.43.03:807][  0]LogFileHelpers: Loading map 'ThirdPersonExampleMap' took 0.914
[2017.06.19-12.43.04:035][  0]LogCollectionManager: Loaded 0 collections in 0.001618 seconds
[2017.06.19-12.43.04:118][  0]LogFileCache: Scanning file cache for directory 'D:/GitHub/FYP_DumbTesting/Meeting/Saved/Collections/' took 0.01s
[2017.06.19-12.43.04:118][  0]LogFileCache: Scanning file cache for directory 'D:/GitHub/FYP_DumbTesting/Meeting/Content/Developers/HELLOBYE/Collections/' took 0.01s
[2017.06.19-12.43.04:118][  0]LogFileCache: Scanning file cache for directory 'D:/GitHub/FYP_DumbTesting/Meeting/Content/Collections/' took 0.01s
[2017.06.19-12.43.04:118][  0]LogCollectionManager: Rebuilt the GUID cache for 0 collections in 0.000002 seconds
[2017.06.19-12.43.04:133][  0]LogContentBrowser: Native class hierarchy populated in 0.0142 seconds. Added 2249 classes and 455 folders.
[2017.06.19-12.43.04:204][  0]LogContentBrowser: Native class hierarchy updated for 'WidgetCarousel' in 0.0015 seconds. Added 0 classes and 0 folders.
[2017.06.19-12.43.04:270][  0]LogContentBrowser: Native class hierarchy updated for 'AddContentDialog' in 0.0018 seconds. Added 0 classes and 0 folders.
[2017.06.19-12.43.04:320][  0]LogContentBrowser: Native class hierarchy updated for 'SceneOutliner' in 0.0019 seconds. Added 1 classes and 2 folders.
[2017.06.19-12.43.04:398][  0]LogCrashTracker: Crashtracker disabled due to settings.
[2017.06.19-12.43.04:408][  0]LogUObjectGlobals:Warning: Failed to find object 'Class None.'
[2017.06.19-12.43.04:490][  0]LogContentBrowser: Native class hierarchy updated for 'HierarchicalLODOutliner' in 0.0019 seconds. Added 1 classes and 2 folders.
[2017.06.19-12.43.04:490][  0]LogLoad: (Engine Initialization) Total time: 20.16 seconds
[2017.06.19-12.43.04:490][  0]LogLoad: (Engine Initialization) Total Blueprint compile time: 0.14 seconds
[2017.06.19-12.43.04:490][  0]LogExternalProfiler: Found external profiler: VSPerf
[2017.06.19-12.43.04:490][  0]LogExternalProfiler: Using external profiler: VSPerf
[2017.06.19-12.43.04:836][  0]LogOcInput: OculusInput pre-init called
[2017.06.19-12.43.04:875][  0]LogContentStreaming: Texture pool size now 1000 MB
[2017.06.19-12.43.04:878][  0]LogSlate: Took 0.000650 seconds to synchronously load lazily loaded font '../../../Engine/Content/Slate/Fonts/Roboto-Regular.ttf' (155K)
[2017.06.19-12.43.04:886][  0]LogSlate: Took 0.000806 seconds to synchronously load lazily loaded font '../../../Engine/Content/Slate/Fonts/Roboto-Bold.ttf' (160K)
[2017.06.19-12.43.04:898][  0]LogSlate: Took 0.000842 seconds to synchronously load lazily loaded font '../../../Engine/Content/Editor/Slate/Fonts/FontAwesome.ttf' (139K)
[2017.06.19-12.43.05:074][  0]LogSlate: Took 0.000634 seconds to synchronously load lazily loaded font '../../../Engine/Content/Slate/Fonts/Roboto-Light.ttf' (159K)
[2017.06.19-12.43.05:136][  0]LogRenderer: Reallocating scene render targets to support 1208x600 NumSamples 1 (Frame:2).
[2017.06.19-12.43.05:693][  2]LogAssetRegistry: Asset discovery search completed in 11.9846 seconds
[2017.06.19-12.43.05:693][  2]LogCollectionManager: Rebuilt the object cache for 0 collections in 0.000006 seconds (found 0 objects)
[2017.06.19-12.43.05:693][  2]LogCollectionManager: Fixed up redirectors for 0 collections in 0.000028 seconds (updated 0 objects)
[2017.06.19-12.43.08:654][ 73]LogSlate: Took 0.000221 seconds to synchronously load lazily loaded font '../../../Engine/Content/Slate/Fonts/Roboto-Light.ttf' (159K)
[2017.06.19-12.43.23:161][157]LogVSAccessor:Warning: Couldn't goto line number '0' in 'D:/GitHub/FYP_DumbTesting/Meeting/Source/Meeting/OpenDoor.h'
[2017.06.19-12.43.23:318][157]LogVSAccessor:Warning: Couldn't goto line number '0' in 'D:/GitHub/FYP_DumbTesting/Meeting/Source/Meeting/OpenDoor.cpp'
[2017.06.19-12.43.35:098][235]LogVSAccessor:Warning: Couldn't goto line number '0' in 'D:/GitHub/FYP_DumbTesting/Meeting/Source/Meeting/MainPlayer.h'
[2017.06.19-12.43.35:189][235]LogVSAccessor:Warning: Couldn't goto line number '0' in 'D:/GitHub/FYP_DumbTesting/Meeting/Source/Meeting/MainPlayer.cpp'
[2017.06.19-12.44.14:219][486]LogVSAccessor:Warning: Couldn't goto line number '0' in 'D:/GitHub/FYP_DumbTesting/Meeting/Source/Meeting/PlayerShoot.h'
[2017.06.19-12.44.14:324][486]LogVSAccessor:Warning: Couldn't goto line number '0' in 'D:/GitHub/FYP_DumbTesting/Meeting/Source/Meeting/PlayerShoot.cpp'
[2017.06.19-12.46.08:980][869]LogHotReload: New module detected: UE4Editor-Meeting-8497.dll
[2017.06.19-12.46.10:328][874]LogHotReload: Starting Hot-Reload from IDE
[2017.06.19-12.46.10:455][874]LogContentBrowser: Native class hierarchy updated for 'Meeting' in 0.0025 seconds. Added 4 classes and 2 folders.
[2017.06.19-12.46.10:458][874]Display: HotReload successful (0 functions remapped  0 scriptstructs remapped)
[2017.06.19-12.46.10:576][874]LogContentBrowser: Native class hierarchy populated in 0.0157 seconds. Added 2251 classes and 459 folders.
[2017.06.19-12.46.10:585][874]Display: HotReload took  0.3s.
[2017.06.19-12.50.42:678][985]LogVSAccessor:Warning: Visual Studio is open but could not be queried - it may be blocked by a modal operation
[2017.06.19-12.50.43:172][986]LogVSAccessor:Warning: Visual Studio is open but could not be queried - it may be blocked by a modal operation
[2017.06.19-12.50.43:191][987]LogVSAccessor:Warning: Visual Studio is open but could not be queried - it may be blocked by a modal operation
[2017.06.19-12.50.44:917][988]LogVSAccessor:Warning: Couldn't goto line number '0' in 'D:/GitHub/FYP_DumbTesting/Meeting/Source/Meeting/PlayerShoot.h'
[2017.06.19-12.50.44:930][988]LogVSAccessor:Warning: Couldn't goto line number '0' in 'D:/GitHub/FYP_DumbTesting/Meeting/Source/Meeting/PlayerShoot.cpp'
[2017.06.19-12.51.04:950][ 71]LogSavePackage: Save=1058.38ms
[2017.06.19-12.51.04:950][ 71]LogSavePackage: Moving '../../../../../GitHub/FYP_DumbTesting/Meeting/Saved/ThirdPersonExampleMap26B396BC47B81877EADAA5A74E37268D.tmp' to '../../../../../GitHub/FYP_DumbTesting/Meeting/Content/ThirdPersonBP/Maps/ThirdPersonExampleMap.umap'
[2017.06.19-12.51.04:954][ 71]LogSavePackage:Display: Finished SavePackage ../../../../../GitHub/FYP_DumbTesting/Meeting/Content/ThirdPersonBP/Maps/ThirdPersonExampleMap.umap
[2017.06.19-12.51.04:996][ 71]LogSlate: Took 0.000456 seconds to synchronously load lazily loaded font '../../../Engine/Content/Slate/Fonts/Roboto-Regular.ttf' (155K)
[2017.06.19-12.51.06:393][126]LogWindowsTextInputMethodSystem:Display: IME system now deactivated.
[2017.06.19-12.51.06:610][127]Cmd: QUIT_EDITOR
[2017.06.19-12.51.06:684][127]LogExit: Preparing to exit.
[2017.06.19-12.51.07:287][127]LogDirectoryWatcher: A directory notification for 'D:/GitHub/FYP_DumbTesting/Meeting/Content/' was aborted.
[2017.06.19-12.51.07:331][127]LogExit: Editor shut down
[2017.06.19-12.51.07:332][127]LogExit: Transaction tracking system shut down
[2017.06.19-12.51.07:406][127]LogObj: Freed 0b from 0 cluster array pools.
[2017.06.19-12.51.07:406][127]LogExit: Object subsystem successfully closed.
[2017.06.19-12.51.07:428][127]LogD3D11RHI: Shutdown
[2017.06.19-12.51.07:428][127]LogD3D11RHI: CleanupD3DDevice
[2017.06.19-12.51.07:521][127]LogD3D11RHI: ~FD3D11DynamicRHI
[2017.06.19-12.51.07:534][127]LogModuleManager: Shutting down and abandoning module Meeting (501)
[2017.06.19-12.51.07:534][127]LogModuleManager: Shutting down and abandoning module HierarchicalLODOutliner (500)
[2017.06.19-12.51.07:534][127]LogModuleManager: Shutting down and abandoning module CrashTracker (498)
[2017.06.19-12.51.07:534][127]LogModuleManager: Shutting down and abandoning module SceneOutliner (496)
[2017.06.19-12.51.07:534][127]LogModuleManager: Shutting down and abandoning module AddContentDialog (494)
[2017.06.19-12.51.07:534][127]LogDirectoryWatcher: A directory notification for 'D:/UnrealEngine/UE_4.15/FeaturePacks/' was aborted.
[2017.06.19-12.51.07:536][127]LogModuleManager: Shutting down and abandoning module WidgetCarousel (493)
[2017.06.19-12.51.07:536][127]LogModuleManager: Shutting down and abandoning module EditorWidgets (490)
[2017.06.19-12.51.07:536][127]LogModuleManager: Shutting down and abandoning module CollectionManager (488)
[2017.06.19-12.51.07:536][127]LogDirectoryWatcher: A directory notification for 'D:/GitHub/FYP_DumbTesting/Meeting/Content/Collections/' was aborted.
[2017.06.19-12.51.07:536][127]LogDirectoryWatcher: A directory notification for 'D:/GitHub/FYP_DumbTesting/Meeting/Content/Developers/HELLOBYE/Collections/' was aborted.
[2017.06.19-12.51.07:536][127]LogDirectoryWatcher: A directory notification for 'D:/GitHub/FYP_DumbTesting/Meeting/Saved/Collections/' was aborted.
[2017.06.19-12.51.07:536][127]LogModuleManager: Shutting down and abandoning module StatsViewer (486)
[2017.06.19-12.51.07:536][127]LogModuleManager: Shutting down and abandoning module FoliageEdit (484)
[2017.06.19-12.51.07:536][127]LogModuleManager: Shutting down and abandoning module LandscapeEditor (482)
[2017.06.19-12.51.07:536][127]LogModuleManager: Shutting down and abandoning module SceneDepthPickerMode (480)
[2017.06.19-12.51.07:536][127]LogModuleManager: Shutting down and abandoning module ActorPickerMode (478)
[2017.06.19-12.51.07:536][127]LogModuleManager: Shutting down and abandoning module GeometryMode (476)
[2017.06.19-12.51.07:536][127]LogModuleManager: Shutting down and abandoning module TextureAlignMode (474)
[2017.06.19-12.51.07:536][127]LogModuleManager: Shutting down and abandoning module BspMode (472)
[2017.06.19-12.51.07:536][127]LogModuleManager: Shutting down and abandoning module HardwareSurvey (470)
[2017.06.19-12.51.07:536][127]LogModuleManager: Shutting down and abandoning module SequenceRecorderSections (468)
[2017.06.19-12.51.07:536][127]LogModuleManager: Shutting down and abandoning module AutomationWorker (466)
[2017.06.19-12.51.07:536][127]LogModuleManager: Shutting down and abandoning module MatineeToLevelSequence (464)
[2017.06.19-12.51.07:536][127]LogModuleManager: Shutting down and abandoning module LevelSequenceEditor (462)
[2017.06.19-12.51.07:536][127]LogModuleManager: Shutting down and abandoning module PlacementMode (461)
[2017.06.19-12.51.07:536][127]LogModuleManager: Shutting down and abandoning module WmfMediaFactory (458)
[2017.06.19-12.51.07:536][127]LogModuleManager: Shutting down and abandoning module WmfMediaEditor (456)
[2017.06.19-12.51.07:536][127]LogModuleManager: Shutting down and abandoning module MfMediaFactory (454)
[2017.06.19-12.51.07:536][127]LogModuleManager: Shutting down and abandoning module MfMediaEditor (452)
[2017.06.19-12.51.07:536][127]LogModuleManager: Shutting down and abandoning module AvfMediaFactory (450)
[2017.06.19-12.51.07:536][127]LogModuleManager: Shutting down and abandoning module AvfMediaEditor (448)
[2017.06.19-12.51.07:536][127]LogModuleManager: Shutting down and abandoning module AndroidMediaFactory (446)
[2017.06.19-12.51.07:536][127]LogModuleManager: Shutting down and abandoning module Media (445)
[2017.06.19-12.51.07:536][127]LogModuleManager: Shutting down and abandoning module AndroidMediaEditor (442)
[2017.06.19-12.51.07:536][127]LogModuleManager: Shutting down and abandoning module CharacterAI (440)
[2017.06.19-12.51.07:536][127]LogModuleManager: Shutting down and abandoning module AudioCapture (438)
[2017.06.19-12.51.07:536][127]LogModuleManager: Shutting down and abandoning module SequenceRecorder (437)
[2017.06.19-12.51.07:536][127]LogModuleManager: Shutting down and abandoning module SmartSnapping (434)
[2017.06.19-12.51.07:537][127]LogModuleManager: Shutting down and abandoning module SessionServices (432)
[2017.06.19-12.51.07:537][127]LogModuleManager: Shutting down and abandoning module ViewportSnapping (430)
[2017.06.19-12.51.07:537][127]LogModuleManager: Shutting down and abandoning module ViewportInteraction (428)
[2017.06.19-12.51.07:537][127]LogModuleManager: Shutting down and abandoning module LogVisualizer (426)
[2017.06.19-12.51.07:537][127]LogModuleManager: Shutting down and abandoning module IntroTutorials (424)
[2017.06.19-12.51.07:537][127]LogModuleManager: Shutting down and abandoning module GameProjectGeneration (423)
[2017.06.19-12.51.07:537][127]LogModuleManager: Shutting down and abandoning module EditorLiveStreaming (420)
[2017.06.19-12.51.07:537][127]LogModuleManager: Shutting down and abandoning module IOSPlatformEditor (418)
[2017.06.19-12.51.07:537][127]LogModuleManager: Shutting down and abandoning module HTML5PlatformEditor (416)
[2017.06.19-12.51.07:537][127]LogModuleManager: Shutting down and abandoning module AndroidPlatformEditor (414)
[2017.06.19-12.51.07:537][127]LogModuleManager: Shutting down and abandoning module AndroidDeviceDetection (413)
[2017.06.19-12.51.08:276][127]LogModuleManager: Shutting down and abandoning module IOSRuntimeSettings (410)
[2017.06.19-12.51.08:276][127]LogModuleManager: Shutting down and abandoning module AndroidRuntimeSettings (408)
[2017.06.19-12.51.08:276][127]LogModuleManager: Shutting down and abandoning module InputBindingEditor (406)
[2017.06.19-12.51.08:276][127]LogModuleManager: Shutting down and abandoning module NiagaraEditor (404)
[2017.06.19-12.51.08:276][127]LogModuleManager: Shutting down and abandoning module MergeActors (402)
[2017.06.19-12.51.08:276][127]LogModuleManager: Shutting down and abandoning module SizeMap (400)
[2017.06.19-12.51.08:276][127]LogModuleManager: Shutting down and abandoning module TreeMap (398)
[2017.06.19-12.51.08:276][127]LogModuleManager: Shutting down and abandoning module ReferenceViewer (396)
[2017.06.19-12.51.08:276][127]LogModuleManager: Shutting down and abandoning module LocalizationDashboard (394)
[2017.06.19-12.51.08:276][127]LogModuleManager: Shutting down and abandoning module LocalizationService (393)
[2017.06.19-12.51.08:276][127]LogModuleManager: Shutting down and abandoning module HardwareTargeting (390)
[2017.06.19-12.51.08:276][127]LogModuleManager: Shutting down and abandoning module DeviceProfileEditor (388)
[2017.06.19-12.51.08:276][127]LogModuleManager: Shutting down and abandoning module UndoHistory (386)
[2017.06.19-12.51.08:276][127]LogModuleManager: Shutting down and abandoning module UserFeedback (384)
[2017.06.19-12.51.08:276][127]LogModuleManager: Shutting down and abandoning module XmlParser (382)
[2017.06.19-12.51.08:276][127]LogModuleManager: Shutting down and abandoning module Blutility (380)
[2017.06.19-12.51.08:276][127]LogModuleManager: Shutting down and abandoning module ProjectSettingsViewer (378)
[2017.06.19-12.51.08:277][127]LogModuleManager: Shutting down and abandoning module ProjectTargetPlatformEditor (377)
[2017.06.19-12.51.08:277][127]LogModuleManager: Shutting down and abandoning module EditorSettingsViewer (374)
[2017.06.19-12.51.08:277][127]LogModuleManager: Shutting down and abandoning module SettingsEditor (372)
[2017.06.19-12.51.08:277][127]LogModuleManager: Shutting down and abandoning module ProjectLauncher (370)
[2017.06.19-12.51.08:277][127]LogModuleManager: Shutting down and abandoning module SessionFrontend (368)
[2017.06.19-12.51.08:277][127]LogModuleManager: Shutting down and abandoning module ProfilerClient (366)
[2017.06.19-12.51.08:277][127]LogModuleManager: Shutting down and abandoning module DeviceManager (364)
[2017.06.19-12.51.08:277][127]LogModuleManager: Shutting down and abandoning module TargetDeviceServices (363)
[2017.06.19-12.51.08:321][127]LogModuleManager: Shutting down and abandoning module AutomationController (360)
[2017.06.19-12.51.08:321][127]LogModuleManager: Shutting down and abandoning module AutomationWindow (358)
[2017.06.19-12.51.08:321][127]LogModuleManager: Shutting down and abandoning module Layers (356)
[2017.06.19-12.51.08:321][127]LogModuleManager: Shutting down and abandoning module ComponentVisualizers (354)
[2017.06.19-12.51.08:321][127]LogModuleManager: Shutting down and abandoning module DetailCustomizations (352)
[2017.06.19-12.51.08:321][127]LogModuleManager: Shutting down and abandoning module PackagesDialog (350)
[2017.06.19-12.51.08:321][127]LogModuleManager: Shutting down and abandoning module Persona (348)
[2017.06.19-12.51.08:321][127]LogModuleManager: Shutting down and abandoning module AnimGraph (347)
[2017.06.19-12.51.08:321][127]LogModuleManager: Shutting down and abandoning module Kismet (344)
[2017.06.19-12.51.08:322][127]LogModuleManager: Shutting down and abandoning module GraphEditor (342)
[2017.06.19-12.51.08:322][127]LogModuleManager: Shutting down and abandoning module ClassViewer (340)
[2017.06.19-12.51.08:322][127]LogModuleManager: Shutting down and abandoning module Toolbox (338)
[2017.06.19-12.51.08:322][127]LogModuleManager: Shutting down and abandoning module ModuleUI (336)
[2017.06.19-12.51.08:322][127]LogModuleManager: Shutting down and abandoning module MovieSceneTools (334)
[2017.06.19-12.51.08:322][127]LogModuleManager: Shutting down and abandoning module OutputLog (332)
[2017.06.19-12.51.08:322][127]LogModuleManager: Shutting down and abandoning module GammaUI (330)
[2017.06.19-12.51.08:322][127]LogModuleManager: Shutting down and abandoning module Documentation (328)
[2017.06.19-12.51.08:322][127]LogModuleManager: Shutting down and abandoning module Niagara (326)
[2017.06.19-12.51.08:322][127]LogModuleManager: Shutting down and abandoning module StreamingPauseRendering (324)
[2017.06.19-12.51.08:322][127]LogModuleManager: Shutting down and abandoning module AnalyticsET (322)
[2017.06.19-12.51.08:322][127]LogModuleManager: Shutting down and abandoning module PortalServices (320)
[2017.06.19-12.51.08:322][127]LogModuleManager: Shutting down and abandoning module PortalRpc (318)
[2017.06.19-12.51.08:322][127]LogModuleManager: Shutting down and abandoning module MessagingRpc (316)
[2017.06.19-12.51.08:322][127]LogModuleManager: Shutting down and abandoning module AIModule (314)
[2017.06.19-12.51.08:322][127]LogModuleManager: Shutting down and abandoning module GameplayDebugger (313)
[2017.06.19-12.51.08:322][127]LogModuleManager: Shutting down and abandoning module AITestSuite (311)
[2017.06.19-12.51.08:322][127]LogModuleManager: Shutting down and abandoning module ProfilerService (308)
[2017.06.19-12.51.08:472][127]LogModuleManager: Shutting down and abandoning module TaskGraph (306)
[2017.06.19-12.51.08:472][127]LogModuleManager: Shutting down and abandoning module SteamVRController (304)
[2017.06.19-12.51.08:472][127]LogModuleManager: Shutting down and abandoning module SteamVR (302)
[2017.06.19-12.51.08:472][127]LogModuleManager: Shutting down and abandoning module ProceduralMeshComponentEditor (300)
[2017.06.19-12.51.08:472][127]LogModuleManager: Shutting down and abandoning module ProceduralMeshComponent (298)
[2017.06.19-12.51.08:472][127]LogModuleManager: Shutting down and abandoning module OculusLibrary (296)
[2017.06.19-12.51.08:472][127]LogModuleManager: Shutting down and abandoning module OculusInput (294)
[2017.06.19-12.51.08:472][127]LogModuleManager: Shutting down and abandoning module MobilePatchingUtils (292)
[2017.06.19-12.51.08:472][127]LogModuleManager: Shutting down and abandoning module CustomMeshComponent (290)
[2017.06.19-12.51.08:472][127]LogModuleManager: Shutting down and abandoning module CableComponent (288)
[2017.06.19-12.51.08:472][127]LogModuleManager: Shutting down and abandoning module ArchVisCharacter (286)
[2017.06.19-12.51.08:472][127]LogModuleManager: Shutting down and abandoning module MediaPlayerEditor (282)
[2017.06.19-12.51.08:473][127]LogModuleManager: Shutting down and abandoning module HTML5Networking (280)
[2017.06.19-12.51.08:473][127]LogModuleManager: Shutting down and abandoning module AlembicImporter (278)
[2017.06.19-12.51.08:473][127]LogModuleManager: Shutting down and abandoning module AlembicLibrary (277)
[2017.06.19-12.51.08:473][127]LogModuleManager: Shutting down and abandoning module GeometryCache (276)
[2017.06.19-12.51.08:473][127]LogModuleManager: Shutting down and abandoning module GeometryCacheEd (275)
[2017.06.19-12.51.08:473][127]LogModuleManager: Shutting down and abandoning module SuperSearchEditor (270)
[2017.06.19-12.51.08:473][127]LogModuleManager: Shutting down and abandoning module SuperSearch (269)
[2017.06.19-12.51.08:473][127]LogModuleManager: Shutting down and abandoning module SpeedTreeImporter (266)
[2017.06.19-12.51.08:473][127]LogModuleManager: Shutting down and abandoning module PluginBrowser (264)
[2017.06.19-12.51.08:473][127]LogModuleManager: Shutting down and abandoning module MobileLauncherProfileWizard (262)
[2017.06.19-12.51.08:473][127]LogModuleManager: Shutting down and abandoning module EpicSurvey (260)
[2017.06.19-12.51.08:473][127]LogModuleManager: Shutting down and abandoning module VisualStudioSourceCodeAccess (258)
[2017.06.19-12.51.08:473][127]LogModuleManager: Shutting down and abandoning module DesktopPlatform (257)
[2017.06.19-12.51.08:473][127]LogModuleManager: Shutting down and abandoning module UObjectPlugin (254)
[2017.06.19-12.51.08:473][127]LogModuleManager: Shutting down and abandoning module SubversionSourceControl (252)
[2017.06.19-12.51.08:473][127]LogModuleManager: Shutting down and abandoning module PerforceSourceControl (250)
[2017.06.19-12.51.08:473][127]LogModuleManager: Shutting down and abandoning module GitSourceControl (248)
[2017.06.19-12.51.08:473][127]LogModuleManager: Shutting down and abandoning module SourceControl (247)
[2017.06.19-12.51.08:473][127]LogModuleManager: Shutting down and abandoning module LightPropagationVolumeEditor (244)
[2017.06.19-12.51.08:473][127]LogModuleManager: Shutting down and abandoning module PaperTiledImporter (242)
[2017.06.19-12.51.08:473][127]LogModuleManager: Shutting down and abandoning module PaperSpriteSheetImporter (240)
[2017.06.19-12.51.08:473][127]LogModuleManager: Shutting down and abandoning module Paper2DEditor (238)
[2017.06.19-12.51.08:473][127]LogModuleManager: Shutting down and abandoning module MeshPaint (237)
[2017.06.19-12.51.08:473][127]LogModuleManager: Shutting down and abandoning module LevelEditor (235)
[2017.06.19-12.51.08:474][127]LogModuleManager: Shutting down and abandoning module PixelInspectorModule (234)
[2017.06.19-12.51.08:474][127]LogModuleManager: Shutting down and abandoning module MainFrame (232)
[2017.06.19-12.51.08:474][127]LogModuleManager: Shutting down and abandoning module HotReload (231)
[2017.06.19-12.51.08:474][127]LogDirectoryWatcher: A directory notification for 'D:/GitHub/FYP_DumbTesting/Meeting/Binaries/Win64' was aborted.
[2017.06.19-12.51.08:475][127]LogModuleManager: Shutting down and abandoning module ContentBrowser (227)
[2017.06.19-12.51.08:476][127]LogModuleManager: Shutting down and abandoning module PhysXVehiclesEditor (222)
[2017.06.19-12.51.08:476][127]LogModuleManager: Shutting down and abandoning module PhysXVehicles (220)
[2017.06.19-12.51.08:476][127]LogModuleManager: Shutting down and abandoning module LocationServicesBPLibrary (218)
[2017.06.19-12.51.08:476][127]LogModuleManager: Shutting down and abandoning module UdpMessaging (216)
[2017.06.19-12.51.08:577][127]LogModuleManager: Shutting down and abandoning module TcpMessaging (214)
[2017.06.19-12.51.08:678][127]LogModuleManager: Shutting down and abandoning module GameplayTagsEditor (212)
[2017.06.19-12.51.08:678][127]LogModuleManager: Shutting down and abandoning module FacialAnimationEditor (210)
[2017.06.19-12.51.08:678][127]LogModuleManager: Shutting down and abandoning module FacialAnimation (208)
[2017.06.19-12.51.08:678][127]LogModuleManager: Shutting down and abandoning module LightPropagationVolumeRuntime (206)
[2017.06.19-12.51.08:678][127]LogModuleManager: Shutting down and abandoning module Paper2D (204)
[2017.06.19-12.51.08:678][127]LogModuleManager: Shutting down and abandoning module WindowsMoviePlayer (202)
[2017.06.19-12.51.08:678][127]LogModuleManager: Shutting down and abandoning module WmfMedia (200)
[2017.06.19-12.51.08:678][127]LogModuleManager: Shutting down and abandoning module MfMedia (198)
[2017.06.19-12.51.08:678][127]LogModuleManager: Shutting down and abandoning module MediaAssets (196)
[2017.06.19-12.51.08:678][127]LogModuleManager: Shutting down and abandoning module GameLiveStreaming (194)
[2017.06.19-12.51.08:678][127]LogModuleManager: Shutting down and abandoning module VREditor (192)
[2017.06.19-12.51.08:678][127]LogModuleManager: Shutting down and abandoning module GameplayTasksEditor (190)
[2017.06.19-12.51.08:678][127]LogModuleManager: Shutting down and abandoning module BehaviorTreeEditor (188)
[2017.06.19-12.51.08:678][127]LogModuleManager: Shutting down and abandoning module FunctionalTesting (186)
[2017.06.19-12.51.08:678][127]LogModuleManager: Shutting down and abandoning module CollisionAnalyzer (184)
[2017.06.19-12.51.08:678][127]LogModuleManager: Shutting down and abandoning module UMG (182)
[2017.06.19-12.51.08:678][127]LogModuleManager: Shutting down and abandoning module UMGEditor (181)
[2017.06.19-12.51.08:678][127]LogModuleManager: Shutting down and abandoning module Sequencer (180)
[2017.06.19-12.51.08:678][127]LogModuleManager: Shutting down and abandoning module AssetTools (178)
[2017.06.19-12.51.08:678][127]LogModuleManager: Shutting down and abandoning module MessageLog (177)
[2017.06.19-12.51.08:678][127]LogModuleManager: Shutting down and abandoning module WorkspaceMenuStructure (176)
[2017.06.19-12.51.08:678][127]LogModuleManager: Shutting down and abandoning module SlateReflector (170)
[2017.06.19-12.51.08:678][127]LogModuleManager: Shutting down and abandoning module Slate (168)
[2017.06.19-12.51.08:678][127]LogModuleManager: Shutting down and abandoning module EditorStyle (166)
[2017.06.19-12.51.08:681][127]LogModuleManager: Shutting down and abandoning module SourceCodeAccess (164)
[2017.06.19-12.51.08:681][127]LogModuleManager: Shutting down and abandoning module HeadMountedDisplay (162)
[2017.06.19-12.51.08:681][127]LogModuleManager: Shutting down and abandoning module XAudio2 (160)
[2017.06.19-12.51.08:681][127]LogModuleManager: Shutting down and abandoning module Networking (158)
[2017.06.19-12.51.08:681][127]LogModuleManager: Shutting down and abandoning module Core (154)
[2017.06.19-12.51.08:681][127]LogModuleManager: Shutting down and abandoning module AssetRegistry (152)
[2017.06.19-12.51.08:834][127]LogDirectoryWatcher: A directory notification for '../../../Engine/Content/' was aborted.
[2017.06.19-12.51.08:834][127]LogDirectoryWatcher: A directory notification for '../../../../../GitHub/FYP_DumbTesting/Meeting/Content/' was aborted.
[2017.06.19-12.51.08:834][127]LogDirectoryWatcher: A directory notification for '../../../Engine/Plugins/2D/Paper2D/Content/' was aborted.
[2017.06.19-12.51.08:834][127]LogModuleManager: Shutting down and abandoning module DirectoryWatcher (151)
[2017.06.19-12.51.08:835][127]LogModuleManager: Shutting down and abandoning module KismetCompiler (148)
[2017.06.19-12.51.08:835][127]LogModuleManager: Shutting down and abandoning module PhysXFormats (146)
[2017.06.19-12.51.08:835][127]LogModuleManager: Shutting down and abandoning module MeshUtilities (144)
[2017.06.19-12.51.08:835][127]LogModuleManager: Shutting down and abandoning module SimplygonSwarm (143)
[2017.06.19-12.51.08:835][127]LogModuleManager: Shutting down and abandoning module SimplygonMeshReduction (141)
[2017.06.19-12.51.08:835][127]LogModuleManager: Shutting down and abandoning module QuadricMeshReduction (139)
[2017.06.19-12.51.08:835][127]LogModuleManager: Shutting down and abandoning module PropertyEditor (137)
[2017.06.19-12.51.08:835][127]LogModuleManager: Shutting down and abandoning module DerivedDataCache (134)
[2017.06.19-12.51.08:848][127]LogDerivedDataCache: Shutdown
[2017.06.19-12.51.08:848][127]LogModuleManager: Shutting down and abandoning module TargetPlatform (132)
[2017.06.19-12.51.08:849][127]LogModuleManager: Shutting down and abandoning module VulkanShaderFormat (131)
[2017.06.19-12.51.08:849][127]LogModuleManager: Shutting down and abandoning module ShaderFormatOpenGL (129)
[2017.06.19-12.51.08:849][127]LogModuleManager: Shutting down and abandoning module ShaderFormatD3D (127)
[2017.06.19-12.51.08:849][127]LogModuleManager: Shutting down and abandoning module MetalShaderFormat (125)
[2017.06.19-12.51.08:849][127]LogModuleManager: Shutting down and abandoning module TextureFormatUncompressed (123)
[2017.06.19-12.51.08:849][127]LogModuleManager: Shutting down and abandoning module TextureFormatPVR (121)
[2017.06.19-12.51.08:849][127]LogModuleManager: Shutting down and abandoning module TextureFormatDXT (119)
[2017.06.19-12.51.08:849][127]LogModuleManager: Shutting down and abandoning module TextureFormatIntelISPCTexComp (117)
[2017.06.19-12.51.08:849][127]LogModuleManager: Shutting down and abandoning module TextureFormatASTC (115)
[2017.06.19-12.51.08:849][127]LogModuleManager: Shutting down and abandoning module ImageWrapper (114)
[2017.06.19-12.51.08:849][127]LogModuleManager: Shutting down and abandoning module TextureFormatAndroid (111)
[2017.06.19-12.51.08:849][127]LogModuleManager: Shutting down and abandoning module AudioFormatOpus (109)
[2017.06.19-12.51.08:849][127]LogModuleManager: Shutting down and abandoning module AudioFormatOgg (107)
[2017.06.19-12.51.08:849][127]LogModuleManager: Shutting down and abandoning module AudioFormatADPCM (105)
[2017.06.19-12.51.08:849][127]LogModuleManager: Shutting down and abandoning module LinuxTargetPlatform (103)
[2017.06.19-12.51.08:849][127]LogModuleManager: Shutting down and abandoning module LinuxServerTargetPlatform (101)
[2017.06.19-12.51.08:849][127]LogModuleManager: Shutting down and abandoning module LinuxNoEditorTargetPlatform (99)
[2017.06.19-12.51.08:849][127]LogModuleManager: Shutting down and abandoning module LinuxClientTargetPlatform (97)
[2017.06.19-12.51.08:849][127]LogModuleManager: Shutting down and abandoning module TVOSTargetPlatform (95)
[2017.06.19-12.51.08:849][127]LogModuleManager: Shutting down and abandoning module Messaging (93)
[2017.06.19-12.51.08:849][127]LogModuleManager: Shutting down and abandoning module IOSTargetPlatform (91)
[2017.06.19-12.51.08:849][127]LogModuleManager: Shutting down and abandoning module HTML5TargetPlatform (89)
[2017.06.19-12.51.08:849][127]LogModuleManager: Shutting down and abandoning module Android_PVRTCTargetPlatform (87)
[2017.06.19-12.51.08:849][127]LogModuleManager: Shutting down and abandoning module Android_MultiTargetPlatform (85)
[2017.06.19-12.51.08:849][127]LogModuleManager: Shutting down and abandoning module Android_ETC2TargetPlatform (83)
[2017.06.19-12.51.08:849][127]LogModuleManager: Shutting down and abandoning module Android_ETC1TargetPlatform (81)
[2017.06.19-12.51.08:849][127]LogModuleManager: Shutting down and abandoning module Android_DXTTargetPlatform (79)
[2017.06.19-12.51.08:849][127]LogModuleManager: Shutting down and abandoning module Android_ATCTargetPlatform (77)
[2017.06.19-12.51.08:849][127]LogModuleManager: Shutting down and abandoning module Android_ASTCTargetPlatform (75)
[2017.06.19-12.51.08:849][127]LogModuleManager: Shutting down and abandoning module AndroidTargetPlatform (73)
[2017.06.19-12.51.08:849][127]LogModuleManager: Shutting down and abandoning module WindowsTargetPlatform (71)
[2017.06.19-12.51.08:850][127]LogModuleManager: Shutting down and abandoning module WindowsServerTargetPlatform (69)
[2017.06.19-12.51.08:850][127]LogModuleManager: Shutting down and abandoning module WindowsNoEditorTargetPlatform (67)
[2017.06.19-12.51.08:850][127]LogModuleManager: Shutting down and abandoning module WindowsClientTargetPlatform (65)
[2017.06.19-12.51.08:850][127]LogModuleManager: Shutting down and abandoning module MacTargetPlatform (63)
[2017.06.19-12.51.08:850][127]LogModuleManager: Shutting down and abandoning module MacServerTargetPlatform (61)
[2017.06.19-12.51.08:850][127]LogModuleManager: Shutting down and abandoning module MacNoEditorTargetPlatform (59)
[2017.06.19-12.51.08:850][127]LogModuleManager: Shutting down and abandoning module MacClientTargetPlatform (57)
[2017.06.19-12.51.08:850][127]LogModuleManager: Shutting down and abandoning module AllDesktopTargetPlatform (55)
[2017.06.19-12.51.08:850][127]LogModuleManager: Shutting down and abandoning module InputCore (52)
[2017.06.19-12.51.08:850][127]LogModuleManager: Shutting down and abandoning module Settings (50)
[2017.06.19-12.51.08:850][127]LogModuleManager: Shutting down and abandoning module OculusRift (48)
[2017.06.19-12.51.08:850][127]LogModuleManager: Shutting down and abandoning module GearVR (46)
[2017.06.19-12.51.08:850][127]LogModuleManager: Shutting down and abandoning module ExampleDeviceProfileSelector (44)
[2017.06.19-12.51.08:850][127]LogModuleManager: Shutting down and abandoning module OnlineBlueprintSupport (42)
[2017.06.19-12.51.08:850][127]LogModuleManager: Shutting down and abandoning module OnlineSubsystem (38)
[2017.06.19-12.51.08:850][127]LogOnline:Display: Unloading online subsystem: NULL
[2017.06.19-12.51.08:850][127]LogModuleManager: Shutting down and abandoning module XMPP (37)
[2017.06.19-12.51.08:850][127]LogModuleManager: Shutting down and abandoning module HTTP (35)
[2017.06.19-12.51.08:850][127]LogHttp:Display: Http module shutting down, but needs to wait on 1 outstanding Http requests:
[2017.06.19-12.51.08:850][127]LogHttp:Display: 	verb=[POST] url=[https://datarouter.ol.epicgames.com/datarouter/api/v1/public/data?SessionID=%7B81892B3C-42AF-FF3B-6C19-9A88B4B3406C%7D&AppID=UEEditor.Rocket.Release&AppVersion=4.15.3-3450819%2B%2B%2BUE4%2BRelease-4.15&UserID=dd7208074aeeffd34e3340b0d5d8b2c0%7C50c3a4537b7f4de4a3d0dadca77c683d%7C7560d674-451b-4b79-847e-ce1bd6db5235&AppEnvironment=datacollector-binary&UploadType=eteventstream] status=Processing
[2017.06.19-12.51.08:876][127]LogModuleManager: Shutting down and abandoning module SSL (34)
[2017.06.19-12.51.08:878][127]LogModuleManager: Shutting down and abandoning module AudioEditor (30)
[2017.06.19-12.51.08:878][127]LogModuleManager: Shutting down and abandoning module TextureCompressor (28)
[2017.06.19-12.51.08:878][127]LogModuleManager: Shutting down and abandoning module ShaderCore (26)
[2017.06.19-12.51.08:878][127]LogModuleManager: Shutting down and abandoning module Landscape (24)
[2017.06.19-12.51.08:878][127]LogModuleManager: Shutting down and abandoning module SlateRHIRenderer (22)
[2017.06.19-12.51.08:880][127]LogModuleManager: Shutting down and abandoning module OpenGLDrv (20)
[2017.06.19-12.51.08:880][127]LogModuleManager: Shutting down and abandoning module D3D11RHI (18)
[2017.06.19-12.51.08:880][127]LogModuleManager: Shutting down and abandoning module AnimGraphRuntime (16)
[2017.06.19-12.51.08:880][127]LogModuleManager: Shutting down and abandoning module Renderer (14)
[2017.06.19-12.51.08:880][127]LogModuleManager: Shutting down and abandoning module Engine (12)
[2017.06.19-12.51.08:880][127]LogModuleManager: Shutting down and abandoning module CoreUObject (10)
[2017.06.19-12.51.08:880][127]LogModuleManager: Shutting down and abandoning module NetworkFile (8)
[2017.06.19-12.51.08:880][127]LogModuleManager: Shutting down and abandoning module StreamingFile (6)
[2017.06.19-12.51.08:880][127]LogModuleManager: Shutting down and abandoning module SandboxFile (4)
[2017.06.19-12.51.08:880][127]LogModuleManager: Shutting down and abandoning module PakFile (2)
[2017.06.19-12.51.08:882][127]LogExit: Exiting.
[2017.06.19-12.51.08:887][127]Log file closed, 06/19/17 20:51:08
