Log file open, 10/24/17 02:35:48
LogInit:Display: Running engine for game: Meeting
LogPlatformFile: Not using cached read wrapper
LogInit:Display: RandInit(-1435572907) SRandInit(-1435572907).
LogTaskGraph: Started task graph with 5 named threads and 8 total threads with 1 sets of task threads.
LogStats: Stats thread started at 0.071779
LogInit: Using libcurl 7.47.1
LogInit:  - built for x86_64-pc-win32
LogInit:  - supports SSL with OpenSSL/1.0.2g
LogInit:  - supports HTTP deflate (compression) using libz 1.2.8
LogInit:  - other features:
LogInit:      CURL_VERSION_SSL
LogInit:      CURL_VERSION_LIBZ
LogInit:      CURL_VERSION_IPV6
LogInit:      CURL_VERSION_ASYNCHDNS
LogInit:      CURL_VERSION_LARGEFILE
LogInit:      CURL_VERSION_IDN
LogInit:  CurlRequestOptions (configurable via config and command line):
LogInit:  - bVerifyPeer = false  - Libcurl will NOT verify peer certificate
LogInit:  - bUseHttpProxy = false  - Libcurl will NOT use HTTP proxy
LogInit:  - bDontReuseConnections = false  - Libcurl will reuse connections
LogInit:  - CertBundlePath = nullptr  - Libcurl will use whatever was configured at build time.
LogInit: Build: ++UE4+Release-4.15-CL-3450819
LogInit: Engine Version: 4.15.3-3450819+++UE4+Release-4.15
LogInit: Compatible Engine Version: 4.15.0-3299760+++UE4+Release-4.15
LogInit: Net CL: 3299760
LogDevObjectVersion: Number of dev versions registered: 14
LogDevObjectVersion:   Dev-Blueprints (B0D832E4-1F89-4F0D-ACCF-7EB736FD4AA2): 8
LogDevObjectVersion:   Dev-Build (E1C64328-A22C-4D53-A36C-8E866417BD8C): 0
LogDevObjectVersion:   Dev-Core (375EC13C-06E4-48FB-B500-84F0262A717E): 2
LogDevObjectVersion:   Dev-Editor (E4B068ED-F494-42E9-A231-DA0B2E46BB41): 14
LogDevObjectVersion:   Dev-Framework (CFFC743F-43B0-4480-9391-14DF171D2073): 22
LogDevObjectVersion:   Dev-Mobile (B02B49B5-BB20-44E9-A304-32B752E40360): 0
LogDevObjectVersion:   Dev-Networking (A4E4105C-59A1-49B5-A7C5-40C4547EDFEE): 0
LogDevObjectVersion:   Dev-Online (39C831C9-5AE6-47DC-9A44-9C173E1C8E7C): 0
LogDevObjectVersion:   Dev-Physics (78F01B33-EBEA-4F98-B9B4-84EACCB95AA2): 0
LogDevObjectVersion:   Dev-Platform (6631380F-2D4D-43E0-8009-CF276956A95A): 0
LogDevObjectVersion:   Dev-Rendering (12F88B9F-8875-4AFC-A67C-D90C383ABD29): 12
LogDevObjectVersion:   Dev-Sequencer (7B5AE74C-D270-4C10-A958-57980B212A5A): 3
LogDevObjectVersion:   Dev-VR (D7296918-1DD6-4BDD-9DE2-64A83CC13884): 0
LogDevObjectVersion:   Dev-LoadTimes (C2A15278-BFE7-4AFE-6C17-90FF531DF755): 1
LogInit: Compiled (64-bit): May 21 2017 11:02:34
LogInit: Compiled with Visual C++: 19.00.23026.00
LogInit: Build Configuration: Development
LogInit: Branch Name: ++UE4+Release-4.15
LogInit: Command line:  
LogInit: Base directory: C:/Program Files/Epic Games/UE_4.15/Engine/Binaries/Win64/
LogInit: Installed Engine Build: 1
LogInit: Presizing for max 8388607 objects, including 0 objects not considered by GC, pre-allocating 0 bytes for permanent pool.
LogInit: Object subsystem initialized
[2017.10.23-18.35.49:892][  0]LogInit: Selected Device Profile: [Windows]
[2017.10.23-18.35.49:892][  0]LogInit: Applying CVar settings loaded from the selected device profile: [Windows]
[2017.10.23-18.35.49:991][  0]LogInit: Computer: USER
[2017.10.23-18.35.49:991][  0]LogInit: User: Uses
[2017.10.23-18.35.49:991][  0]LogInit: CPU Page size=65536, Cores=4
[2017.10.23-18.35.49:991][  0]LogInit: High frequency timer resolution =3.320309 MHz
[2017.10.23-18.35.49:991][  0]LogMemory: Memory total: Physical=15.9GB (16GB approx)
[2017.10.23-18.35.49:991][  0]LogMemory: Platform Memory Stats for Windows
[2017.10.23-18.35.49:991][  0]LogMemory: Process Physical Memory: 272.45 MB used, 272.45 MB peak
[2017.10.23-18.35.49:991][  0]LogMemory: Process Virtual Memory: 266.64 MB used, 266.64 MB peak
[2017.10.23-18.35.49:991][  0]LogMemory: Physical Memory: 7741.12 MB used,  8570.36 MB free, 16311.48 MB total
[2017.10.23-18.35.49:991][  0]LogMemory: Virtual Memory: 649.23 MB used,  8570.36 MB free, 134217728.00 MB total
[2017.10.23-18.35.53:724][  0]LogTextLocalizationManager: No specific translations for ('en-US') exist, so ('en') translations will be used.
[2017.10.23-18.36.03:058][  0]LogD3D11RHI: D3D11 adapters:
[2017.10.23-18.36.03:773][  0]LogD3D11RHI:    0. 'NVIDIA GeForce GTX 960' (Feature Level 11_0)
[2017.10.23-18.36.03:773][  0]LogD3D11RHI:       2016/0/8155 MB DedicatedVideo/DedicatedSystem/SharedSystem, Outputs:1, VendorId:0x10de
[2017.10.23-18.36.03:775][  0]LogD3D11RHI:    1. 'Microsoft Basic Render Driver' (Feature Level 11_0)
[2017.10.23-18.36.03:775][  0]LogD3D11RHI:       0/0/8155 MB DedicatedVideo/DedicatedSystem/SharedSystem, Outputs:0, VendorId:0x1414
[2017.10.23-18.36.03:775][  0]LogD3D11RHI: Chosen D3D11 Adapter: 0
[2017.10.23-18.36.03:821][  0]LogD3D11RHI: Creating new Direct3DDevice
[2017.10.23-18.36.03:821][  0]LogD3D11RHI:     GPU DeviceId: 0x1401 (for the marketing name, search the web for "GPU Device Id")
[2017.10.23-18.36.03:821][  0]LogWindows: EnumDisplayDevices:
[2017.10.23-18.36.03:821][  0]LogWindows:    0. 'NVIDIA GeForce GTX 960' (P:1 D:1)
[2017.10.23-18.36.03:822][  0]LogWindows:    1. 'NVIDIA GeForce GTX 960' (P:0 D:0)
[2017.10.23-18.36.03:822][  0]LogWindows:    2. 'NVIDIA GeForce GTX 960' (P:0 D:0)
[2017.10.23-18.36.03:822][  0]LogWindows:    3. 'NVIDIA GeForce GTX 960' (P:0 D:0)
[2017.10.23-18.36.03:822][  0]LogWindows: DebugString: FoundDriverCount:4 
[2017.10.23-18.36.03:822][  0]LogD3D11RHI:     Adapter Name: NVIDIA GeForce GTX 960
[2017.10.23-18.36.03:830][  0]LogD3D11RHI:   Driver Version: 385.41 (internal:22.21.13.8541, unified:385.41)
[2017.10.23-18.36.03:830][  0]LogD3D11RHI:      Driver Date: 8-21-2017
[2017.10.23-18.36.03:830][  0]LogRHI: Texture pool is 1361 MB (70% of 1945 MB)
[2017.10.23-18.36.04:381][  0]LogD3D11RHI: Async texture creation enabled
[2017.10.23-18.36.04:681][  0]LogD3D11RHI: GPU Timing Frequency: 1000.000000 (Debug: 2 1)
[2017.10.23-18.36.04:730][  0]LogShaderCompilers: Guid format shader working directory is -20 characters bigger than the processId version (../../../../../../Users/Uses/Desktop/FYP/FYP_DumbTesting/Meeting/Intermediate/Shaders/WorkingDirectory/96268/).
[2017.10.23-18.36.04:730][  0]LogShaderCompilers: Cleaned the shader compiler working directory 'C:/Users/Uses/AppData/Local/Temp/UnrealShaderWorkingDir/D1CD82A741311D27FEC4C99631B8D680/'.
[2017.10.23-18.36.04:730][  0]LogShaderCompilers:Display: Using Local Shader Compiler.
[2017.10.23-18.36.13:187][  0]LogTemp:Display: Loaded TP AllDesktopTargetPlatform
[2017.10.23-18.36.13:245][  0]LogTemp:Display: Loaded TP MacClientTargetPlatform
[2017.10.23-18.36.13:318][  0]LogTemp:Display: Loaded TP MacNoEditorTargetPlatform
[2017.10.23-18.36.13:374][  0]LogTemp:Display: Loaded TP MacServerTargetPlatform
[2017.10.23-18.36.13:448][  0]LogTemp:Display: Loaded TP MacTargetPlatform
[2017.10.23-18.36.13:515][  0]LogTemp:Display: Loaded TP WindowsClientTargetPlatform
[2017.10.23-18.36.13:571][  0]LogTemp:Display: Loaded TP WindowsNoEditorTargetPlatform
[2017.10.23-18.36.13:639][  0]LogTemp:Display: Loaded TP WindowsServerTargetPlatform
[2017.10.23-18.36.13:699][  0]LogTemp:Display: Loaded TP WindowsTargetPlatform
[2017.10.23-18.36.13:855][  0]LogTemp:Display: Loaded TP AndroidTargetPlatform
[2017.10.23-18.36.13:928][  0]LogTemp:Display: Loaded TP Android_ASTCTargetPlatform
[2017.10.23-18.36.13:988][  0]LogTemp:Display: Loaded TP Android_ATCTargetPlatform
[2017.10.23-18.36.14:046][  0]LogTemp:Display: Loaded TP Android_DXTTargetPlatform
[2017.10.23-18.36.14:112][  0]LogTemp:Display: Loaded TP Android_ETC1TargetPlatform
[2017.10.23-18.36.14:165][  0]LogTemp:Display: Loaded TP Android_ETC2TargetPlatform
[2017.10.23-18.36.14:296][  0]LogTemp:Display: Loaded TP Android_MultiTargetPlatform
[2017.10.23-18.36.14:296][  0]LogTemp:Display: Loaded TP Android_PVRTCTargetPlatform
[2017.10.23-18.36.14:345][  0]LogTemp:Display: Loaded TP HTML5TargetPlatform
[2017.10.23-18.36.14:531][  0]LogTemp:Display: Loaded TP IOSTargetPlatform
[2017.10.23-18.36.14:579][  0]LogTemp:Display: Loaded TP TVOSTargetPlatform
[2017.10.23-18.36.14:646][  0]LogTemp:Display: Loaded TP LinuxClientTargetPlatform
[2017.10.23-18.36.14:700][  0]LogTemp:Display: Loaded TP LinuxNoEditorTargetPlatform
[2017.10.23-18.36.14:764][  0]LogTemp:Display: Loaded TP LinuxServerTargetPlatform
[2017.10.23-18.36.14:876][  0]LogTemp:Display: Loaded TP LinuxTargetPlatform
[2017.10.23-18.36.14:876][  0]LogTargetPlatformManager:Display: Building Assets For Windows
[2017.10.23-18.36.16:265][  0]LogDerivedDataCache:Display: Max Cache Size: 512 MB
[2017.10.23-18.36.17:067][  0]LogDerivedDataCache: Loaded boot cache 0.73s 50MB C:/Users/Uses/AppData/Local/UnrealEngine/4.15/DerivedDataCache/Boot.ddc.
[2017.10.23-18.36.17:067][  0]LogDerivedDataCache:Display: Loaded Boot cache: C:/Users/Uses/AppData/Local/UnrealEngine/4.15/DerivedDataCache/Boot.ddc
[2017.10.23-18.36.17:068][  0]LogDerivedDataCache: FDerivedDataBackendGraph:  Pak pak cache file ../../../../../../Users/Uses/Desktop/FYP/FYP_DumbTesting/Meeting/DerivedDataCache/DDC.ddp not found, will not use a pak cache.
[2017.10.23-18.36.17:068][  0]LogDerivedDataCache: Unable to find inner node Pak for hierarchical cache Hierarchy.
[2017.10.23-18.36.17:068][  0]LogDerivedDataCache: FDerivedDataBackendGraph:  CompressedPak pak cache file ../../../../../../Users/Uses/Desktop/FYP/FYP_DumbTesting/Meeting/DerivedDataCache/Compressed.ddp not found, will not use a pak cache.
[2017.10.23-18.36.17:068][  0]LogDerivedDataCache: Unable to find inner node CompressedPak for hierarchical cache Hierarchy.
[2017.10.23-18.36.17:227][  0]LogDerivedDataCache:Display: Pak cache opened for reading ../../../Engine/DerivedDataCache/Compressed.ddp.
[2017.10.23-18.36.17:240][  0]LogDerivedDataCache: Using Local data cache path C:/Users/Uses/AppData/Local/UnrealEngine/Common/DerivedDataCache: Writable
[2017.10.23-18.36.17:413][  0]LogSlate: Using Freetype 2.6.0
[2017.10.23-18.36.17:795][  0]LogSlate: SlateFontCache - WITH_FREETYPE: 1, WITH_HARFBUZZ: 1
[2017.10.23-18.36.17:795][  0]LogSlate: SlateFontCache - WITH_FREETYPE: 1, WITH_HARFBUZZ: 1
[2017.10.23-18.36.29:084][  0]LogInit: Selected Device Profile: [Windows]
[2017.10.23-18.36.29:154][  0]LogContentStreaming: Texture pool size is 0.00 MB
[2017.10.23-18.36.30:275][  0]LogMeshUtilities: Using QuadricMeshReduction for automatic static mesh reduction
[2017.10.23-18.36.30:383][  0]LogSimplygon: Simplygon DLL not present - disabling.
[2017.10.23-18.36.30:536][  0]LogMeshUtilities: Using SimplygonSwarm for distributed automatic mesh merging
[2017.10.23-18.36.30:536][  0]LogMeshUtilities: No automatic skeletal mesh reduction module available
[2017.10.23-18.36.30:536][  0]LogMeshUtilities: No automatic mesh merging module available
[2017.10.23-18.36.42:781][  0]LogNetVersion: GetLocalNetworkVersion: CL: 3299760, ProjectName: meeting, ProjectVersion: , EngineNetworkVersion: 2, GameNetworkVersion: 0, NetworkChecksum: 116300604
[2017.10.23-18.36.42:967][  0]LogAssetRegistry: FAssetRegistry took 0.0242 seconds to start up
[2017.10.23-18.36.44:568][  0]LogPackageLocalizationCache: Processed 3 localized package path(s) for 2 prioritized culture(s) in 1.494170 seconds
[2017.10.23-18.36.44:616][  0]LogUObjectArray: 32493 objects as part of root set at end of initial load.
[2017.10.23-18.36.44:616][  0]LogUObjectAllocator: 7077024 out of 0 bytes used by permanent object pool.
[2017.10.23-18.36.44:616][  0]LogUObjectArray: CloseDisregardForGC: 0/0 objects in disregard for GC pool
[2017.10.23-18.36.44:729][  0]LogInit: WinSock: version 1.1 (2.2), MaxSocks=32767, MaxUdp=65467
[2017.10.23-18.37.27:288][  0]LogTcpMessaging: Initializing TcpMessaging bridge
[2017.10.23-18.37.27:395][  0]LogUdpMessaging: Initializing bridge on interface 0.0.0.0:0 to multicast group 230.0.0.1:6666.
[2017.10.23-18.37.30:001][  0]LogMaterial: Uniform references updated for custom material expression Custom.
[2017.10.23-18.37.31:206][  0]SourceControl: Info Source control is disabled
[2017.10.23-18.37.32:356][  0]SourceControl: Info Source control is disabled
[2017.10.23-18.37.32:510][  0]SourceControl: Info Source control is disabled
[2017.10.23-18.37.32:700][  0]SourceControl: Info Source control is disabled
[2017.10.23-18.37.36:411][  0]LogEngine: Initializing Engine...
[2017.10.23-18.37.36:425][  0]LogHMD: Failed to initialize OpenVR with code 110
[2017.10.23-18.37.37:371][  0]LogStats: UGameplayTagsManager::ConstructGameplayTagTree: Construct from data asset -  0.000 s
[2017.10.23-18.37.37:373][  0]LogStats: UGameplayTagsManager::ConstructGameplayTagTree: GameplayTagTreeChangedEvent.Broadcast -  0.000 s
[2017.10.23-18.37.37:838][  0]LogAIModule: Creating AISystem for world Untitled
[2017.10.23-18.37.37:945][  0]LogInit: XAudio2 using 'Speakers (Realtek High Definition Audio)' : 2 channels at 48 kHz using 32 bits per sample (channel mask 0x3)
[2017.10.23-18.37.38:037][  0]LogInit: FAudioDevice initialized.
[2017.10.23-18.37.38:065][  0]LogDerivedDataCache: Saved boot cache 0.03s 50MB C:/Users/Uses/AppData/Local/UnrealEngine/4.15/DerivedDataCache/Boot.ddc.
[2017.10.23-18.37.38:073][  0]LogInit: Texture streaming: Enabled
[2017.10.23-18.37.38:630][  0]LogEngineSessionManager: EngineSessionManager initialized
[2017.10.23-18.37.39:036][  0]LogInit: Transaction tracking system initialized
[2017.10.23-18.37.40:324][  0]BlueprintLog: New page: Editor Load
[2017.10.23-18.37.43:798][  0]LocalizationService: Info Localization service is disabled
[2017.10.23-18.37.45:393][  0]LogConsoleResponse:Display: 
[2017.10.23-18.37.49:457][  0]LogFileCache: Scanning file cache for directory 'C:/Users/Uses/Desktop/FYP/FYP_DumbTesting/Meeting/Content/' took 0.24s
[2017.10.23-18.37.49:457][  0]LogCook:Display: Max memory allowance for cook 16384mb min free memory 0mb
[2017.10.23-18.37.49:457][  0]LogCook:Display: Mobile HDR setting 1
[2017.10.23-18.37.54:351][  0]SourceControl: Info Source control is disabled
[2017.10.23-18.37.54:389][  0]Cmd: MAP LOAD FILE="../../../../../../Users/Uses/Desktop/FYP/FYP_DumbTesting/Meeting/Content/ThirdPersonBP/Maps/MockUp_Map.umap" TEMPLATE=0 SHOWPROGRESS=1 FEATURELEVEL=3
[2017.10.23-18.37.54:561][  0]LightingResults: New page: Lighting Build
[2017.10.23-18.37.54:691][  0]MapCheck: New page: Map Check
[2017.10.23-18.37.54:691][  0]LightingResults: New page: Lighting Build
[2017.10.23-18.38.07:024][  0]LogBlueprint:Warning: [SteamPanelActor] 'SteamEvent' variable not found. Base class was probably changed.
[2017.10.23-18.38.07:024][  0]LogBlueprint:Warning: [SteamPanelActor] 'isTimerStart' variable not found. Base class was probably changed.
[2017.10.23-18.38.07:024][  0]LogBlueprint:Warning: [SteamPanelActor] 'isTimerStart' variable not found. Base class was probably changed.
[2017.10.23-18.38.07:024][  0]LogBlueprint:Warning: [SteamPanelActor] 'isSteam?' variable not found. Base class was probably changed.
[2017.10.23-18.38.07:024][  0]LogBlueprint:Warning: [SteamPanelActor] 'isSteam?' variable not found. Base class was probably changed.
[2017.10.23-18.38.07:024][  0]LogBlueprint:Warning: [SteamPanelActor] 'isSteam?' variable not found. Base class was probably changed.
[2017.10.23-18.38.07:024][  0]LogBlueprint:Warning: [SteamPanelActor] 'isTimerStart' variable not found. Base class was probably changed.
[2017.10.23-18.38.07:025][  0]LogBlueprint:Warning: [SteamPanelActor] 'isTimerStart' variable not found. Base class was probably changed.
[2017.10.23-18.38.07:025][  0]LogBlueprint:Warning: [SteamPanelActor] 'isTimerStart' variable not found. Base class was probably changed.
[2017.10.23-18.38.14:039][  0]LogBlueprint:Warning: [Compiler ThirdPersonCharacter] Warning InputAction Event references unknown Action 'ResetVR' for  InputAction ResetVR
[2017.10.23-18.38.14:039][  0]LogBlueprint:Warning: [Compiler ThirdPersonCharacter] Warning Input Axis Event references unknown Axis 'LookUpRate' for  InputAxis LookUpRate
[2017.10.23-18.38.14:039][  0]LogBlueprint:Warning: [Compiler ThirdPersonCharacter] Warning Input Axis Event references unknown Axis 'TurnRate' for  InputAxis TurnRate
[2017.10.23-18.38.14:039][  0]LogBlueprint:Warning: [Compiler ThirdPersonCharacter] Warning InputAction Event references unknown Action 'Jump' for  InputAction Jump
[2017.10.23-18.38.14:040][  0]LogBlueprint:Warning: [Compiler ThirdPersonCharacter] Warning Input Axis Event references unknown Axis 'LookUp' for  InputAxis LookUp
[2017.10.23-18.38.14:040][  0]LogBlueprint:Warning: [Compiler ThirdPersonCharacter] Warning Input Axis Event references unknown Axis 'Turn' for  InputAxis Turn
[2017.10.23-18.38.14:043][  0]LogBlueprint:Warning: [Compiler ThirdPersonCharacter] Warning [0150.15] Compile of ThirdPersonCharacter successful, but with 6 Warning(s) [in 8 ms] (/Game/ThirdPersonBP/Blueprints/ThirdPersonCharacter.ThirdPersonCharacter)
[2017.10.23-18.38.14:043][  0]LogBlueprint:Warning: [Compiler ThirdPersonCharacter] Warning [0150.15] Compile of ThirdPersonCharacter successful, but with 7 Warning(s) [in 0 ms] (/Game/ThirdPersonBP/Blueprints/ThirdPersonCharacter.ThirdPersonCharacter)
[2017.10.23-18.38.14:043][  0]LogBlueprint:Warning: [Compiler ThirdPersonCharacter] Warning [0150.15] Compile of ThirdPersonCharacter successful, but with 8 Warning(s) [in 0 ms] (/Game/ThirdPersonBP/Blueprints/ThirdPersonCharacter.ThirdPersonCharacter)
[2017.10.23-18.38.14:049][  0]LogBlueprint:Warning: [Compiler ThirdPersonCharacter] Warning InputAction Event references unknown Action 'ResetVR' for  InputAction ResetVR
[2017.10.23-18.38.14:049][  0]LogBlueprint:Warning: [Compiler ThirdPersonCharacter] Warning Input Axis Event references unknown Axis 'LookUpRate' for  InputAxis LookUpRate
[2017.10.23-18.38.14:049][  0]LogBlueprint:Warning: [Compiler ThirdPersonCharacter] Warning Input Axis Event references unknown Axis 'TurnRate' for  InputAxis TurnRate
[2017.10.23-18.38.14:049][  0]LogBlueprint:Warning: [Compiler ThirdPersonCharacter] Warning InputAction Event references unknown Action 'Jump' for  InputAction Jump
[2017.10.23-18.38.14:049][  0]LogBlueprint:Warning: [Compiler ThirdPersonCharacter] Warning Input Axis Event references unknown Axis 'LookUp' for  InputAxis LookUp
[2017.10.23-18.38.14:049][  0]LogBlueprint:Warning: [Compiler ThirdPersonCharacter] Warning Input Axis Event references unknown Axis 'Turn' for  InputAxis Turn
[2017.10.23-18.38.14:053][  0]LogBlueprint:Warning: [Compiler ThirdPersonCharacter] Warning [0150.16] Compile of ThirdPersonCharacter successful, but with 6 Warning(s) [in 7 ms] (/Game/ThirdPersonBP/Blueprints/ThirdPersonCharacter.ThirdPersonCharacter)
[2017.10.23-18.38.14:053][  0]LogBlueprint:Warning: [Compiler ThirdPersonCharacter] Warning [0150.16] Compile of ThirdPersonCharacter successful, but with 7 Warning(s) [in 0 ms] (/Game/ThirdPersonBP/Blueprints/ThirdPersonCharacter.ThirdPersonCharacter)
[2017.10.23-18.38.14:053][  0]LogBlueprint:Warning: [Compiler ThirdPersonCharacter] Warning [0150.16] Compile of ThirdPersonCharacter successful, but with 8 Warning(s) [in 0 ms] (/Game/ThirdPersonBP/Blueprints/ThirdPersonCharacter.ThirdPersonCharacter)
[2017.10.23-18.40.55:184][  0]LogAIModule: Creating AISystem for world MockUp_Map
[2017.10.23-18.40.57:323][  0]LogEditorServer: Finished looking for orphan Actors (0.000 secs)
[2017.10.23-18.40.57:444][  0]Cmd: MAP CHECKDEP NOCLEARLOG
[2017.10.23-18.40.57:633][  0]MapCheck: Info Map check complete: 0 Error(s), 0 Warning(s), took 188.583ms to complete.
[2017.10.23-18.40.57:633][  0]LogFileHelpers: Loading map 'MockUp_Map' took 183.250
[2017.10.23-18.40.59:741][  0]LogCollectionManager: Loaded 0 collections in 0.001588 seconds
[2017.10.23-18.40.59:989][  0]LogFileCache: Scanning file cache for directory 'C:/Users/Uses/Desktop/FYP/FYP_DumbTesting/Meeting/Saved/Collections/' took 0.01s
[2017.10.23-18.40.59:989][  0]LogFileCache: Scanning file cache for directory 'C:/Users/Uses/Desktop/FYP/FYP_DumbTesting/Meeting/Content/Developers/Uses/Collections/' took 0.01s
[2017.10.23-18.40.59:989][  0]LogFileCache: Scanning file cache for directory 'C:/Users/Uses/Desktop/FYP/FYP_DumbTesting/Meeting/Content/Collections/' took 0.01s
[2017.10.23-18.40.59:989][  0]LogCollectionManager: Rebuilt the GUID cache for 0 collections in 0.000002 seconds
[2017.10.23-18.41.00:022][  0]LogContentBrowser: Native class hierarchy populated in 0.0320 seconds. Added 2259 classes and 455 folders.
[2017.10.23-18.41.00:159][  0]LogContentBrowser: Native class hierarchy updated for 'WidgetCarousel' in 0.0023 seconds. Added 0 classes and 0 folders.
[2017.10.23-18.41.02:998][  0]LogContentBrowser: Native class hierarchy updated for 'AddContentDialog' in 0.0027 seconds. Added 0 classes and 0 folders.
[2017.10.23-18.41.03:093][  0]LogContentBrowser: Native class hierarchy updated for 'SceneOutliner' in 0.0022 seconds. Added 1 classes and 2 folders.
[2017.10.23-18.41.04:726][  0]LogCrashTracker: Crashtracker disabled due to settings.
[2017.10.23-18.41.04:929][  0]LogUObjectGlobals:Warning: Failed to find object 'Class None.'
[2017.10.23-18.41.05:153][  0]LogContentBrowser: Native class hierarchy updated for 'HierarchicalLODOutliner' in 0.0019 seconds. Added 1 classes and 2 folders.
[2017.10.23-18.41.05:153][  0]LogLoad: (Engine Initialization) Total time: 321.26 seconds
[2017.10.23-18.41.05:153][  0]LogLoad: (Engine Initialization) Total Blueprint compile time: 2.66 seconds
[2017.10.23-18.41.05:153][  0]LogExternalProfiler: Found external profiler: VSPerf
[2017.10.23-18.41.05:153][  0]LogExternalProfiler: Using external profiler: VSPerf
[2017.10.23-18.41.05:589][  0]LogOcInput: OculusInput pre-init called
[2017.10.23-18.41.05:884][  0]LogContentStreaming: Texture pool size now 3000 MB
[2017.10.23-18.41.06:088][  0]LogSlate: Took 0.169912 seconds to synchronously load lazily loaded font '../../../Engine/Content/Slate/Fonts/Roboto-Regular.ttf' (155K)
[2017.10.23-18.41.06:147][  0]LogSlate: Took 0.054565 seconds to synchronously load lazily loaded font '../../../Engine/Content/Slate/Fonts/Roboto-Bold.ttf' (160K)
[2017.10.23-18.41.06:233][  0]LogSlate: Took 0.029631 seconds to synchronously load lazily loaded font '../../../Engine/Content/Editor/Slate/Fonts/FontAwesome.ttf' (139K)
[2017.10.23-18.41.07:495][  0]LogRenderer: Reallocating scene render targets to support 1012x648 NumSamples 1 (Frame:2).
[2017.10.23-18.41.07:495][  0]LogSlate: Took 0.050346 seconds to synchronously load lazily loaded font '../../../Engine/Content/Slate/Fonts/Roboto-Light.ttf' (159K)
[2017.10.23-18.41.08:073][  1]LogCollectionManager: Rebuilt the object cache for 0 collections in 0.000013 seconds (found 0 objects)
[2017.10.23-18.41.09:006][  4]LogAssetRegistry: Asset discovery search completed in 266.0617 seconds
[2017.10.23-18.41.09:014][  4]LogCollectionManager: Fixed up redirectors for 0 collections in 0.000001 seconds (updated 0 objects)
[2017.10.23-18.41.39:878][ 38]LogEditorViewport: Clicking on Actor (LMB): StaticMeshActor (SM_Corridor_Ceiling_60)
[2017.10.23-18.41.45:282][ 89]LogSlate: Took 0.000145 seconds to synchronously load lazily loaded font '../../../Engine/Content/Slate/Fonts/Roboto-Light.ttf' (159K)
[2017.10.23-18.41.45:725][ 89]LogMaterial: Missing cached shader map for material ceiling, compiling. 
[2017.10.23-18.41.45:874][ 89]LogTemp:Display: Added material ShaderMap 0x0000027242F07900 with Material 0x0000027218478180 to ShaderMapsBeingCompiled
[2017.10.23-18.41.46:134][ 89]LogTemp:Display: Kicking off shader compilation for ceiling, GameThreadShaderMap 0x0000027242F07900
[2017.10.23-18.41.47:020][ 89]LogMaterial: Missing cached shader map for material ceiling, compiling. 
[2017.10.23-18.41.47:021][ 89]LogTemp:Display: Added material ShaderMap 0x00000272BCEB9980 with Material 0x0000027218478180 to ShaderMapsBeingCompiled
[2017.10.23-18.41.47:032][ 89]LogTemp:Display: Kicking off shader compilation for ceiling, GameThreadShaderMap 0x00000272BCEB9980
[2017.10.23-18.41.47:032][ 89]LogMaterial: 0.00 seconds spent updating 1 materials, 1 interfaces, 0 instances, 0 with static permutations.
[2017.10.23-18.41.47:522][ 89]LogMaterial: Missing cached shader map for material FMatExpressionPreview MaterialExpressionTextureSample_7, compiling. 
[2017.10.23-18.41.47:523][ 89]LogTemp:Display: Added material ShaderMap 0x00000272BCF09600 with Material 0x00000272B915BA00 to ShaderMapsBeingCompiled
[2017.10.23-18.41.47:526][ 89]LogTemp:Display: Kicking off shader compilation for FMatExpressionPreview MaterialExpressionTextureSample_7, GameThreadShaderMap 0x00000272BCF09600
[2017.10.23-18.41.47:572][ 89]LogMaterial: Missing cached shader map for material FMatExpressionPreview MaterialExpressionTextureSample_9, compiling. 
[2017.10.23-18.41.47:573][ 89]LogTemp:Display: Added material ShaderMap 0x00000271F2FF0800 with Material 0x00000272B9159600 to ShaderMapsBeingCompiled
[2017.10.23-18.41.47:577][ 89]LogTemp:Display: Kicking off shader compilation for FMatExpressionPreview MaterialExpressionTextureSample_9, GameThreadShaderMap 0x00000271F2FF0800
[2017.10.23-18.41.47:628][ 89]LogMaterial: Missing cached shader map for material FMatExpressionPreview MaterialExpressionTextureSample_8, compiling. 
[2017.10.23-18.41.47:629][ 89]LogTemp:Display: Added material ShaderMap 0x00000272BD096E80 with Material 0x00000272B9159300 to ShaderMapsBeingCompiled
[2017.10.23-18.41.47:632][ 89]LogTemp:Display: Kicking off shader compilation for FMatExpressionPreview MaterialExpressionTextureSample_8, GameThreadShaderMap 0x00000272BD096E80
[2017.10.23-18.41.47:909][ 89]LogSlate: Took 0.116792 seconds to synchronously load lazily loaded font '../../../Engine/Content/Editor/Slate/Fonts/Roboto-BoldCondensed.ttf' (158K)
[2017.10.23-18.41.50:054][ 91]LogTemp:Display: Finished compile of shader map 0x00000272BCEB9980
[2017.10.23-18.41.50:054][ 91]LogTemp:Display: Shader map ceiling complete, GameThreadShaderMap 0x00000272BCEB9980, marking material ceiling as finished
[2017.10.23-18.41.50:054][ 91]LogTemp:Display: Marking material as finished 0x0000027218478180
[2017.10.23-18.41.50:060][ 91]LogTemp:Display: Finished compile of shader map 0x00000272BCF09600
[2017.10.23-18.41.50:060][ 91]LogTemp:Display: Shader map FMatExpressionPreview MaterialExpressionTextureSample_7 complete, GameThreadShaderMap 0x00000272BCF09600, marking material FMatExpressionPreview MaterialExpressionTextureSample_7 as finished
[2017.10.23-18.41.50:060][ 91]LogTemp:Display: Marking material as finished 0x00000272B915BA00
[2017.10.23-18.41.50:062][ 91]LogTemp:Display: Finished compile of shader map 0x00000271F2FF0800
[2017.10.23-18.41.50:062][ 91]LogTemp:Display: Shader map FMatExpressionPreview MaterialExpressionTextureSample_9 complete, GameThreadShaderMap 0x00000271F2FF0800, marking material FMatExpressionPreview MaterialExpressionTextureSample_9 as finished
[2017.10.23-18.41.50:062][ 91]LogTemp:Display: Marking material as finished 0x00000272B9159600
[2017.10.23-18.41.50:063][ 91]LogTemp:Display: Finished compile of shader map 0x00000272BD096E80
[2017.10.23-18.41.50:063][ 91]LogTemp:Display: Shader map FMatExpressionPreview MaterialExpressionTextureSample_8 complete, GameThreadShaderMap 0x00000272BD096E80, marking material FMatExpressionPreview MaterialExpressionTextureSample_8 as finished
[2017.10.23-18.41.50:063][ 91]LogTemp:Display: Marking material as finished 0x00000272B9159300
[2017.10.23-18.41.50:145][ 92]MaterialEditorStats: Info Base pass shader with static lighting: 122 instructions
[2017.10.23-18.41.50:145][ 92]MaterialEditorStats: Info Base pass shader with only dynamic lighting: 94 instructions
[2017.10.23-18.41.50:145][ 92]MaterialEditorStats: Info Vertex shader: 31 instructions
[2017.10.23-18.41.50:145][ 92]MaterialEditorStats: Info Texture samplers: 6/16
[2017.10.23-18.41.55:606][434]LogMaterial: Missing cached shader map for material ceiling, compiling. 
[2017.10.23-18.41.55:607][434]LogTemp:Display: Added material ShaderMap 0x00000272B831D980 with Material 0x0000027218478180 to ShaderMapsBeingCompiled
[2017.10.23-18.41.55:617][434]LogTemp:Display: Kicking off shader compilation for ceiling, GameThreadShaderMap 0x00000272B831D980
[2017.10.23-18.41.55:617][434]LogMaterial: 0.00 seconds spent updating 1 materials, 1 interfaces, 0 instances, 0 with static permutations.
[2017.10.23-18.41.55:918][434]LogMaterial: Missing cached shader map for material FMatExpressionPreview MaterialExpressionTextureSample_7, compiling. 
[2017.10.23-18.41.55:919][434]LogTemp:Display: Added material ShaderMap 0x00000272B840E780 with Material 0x00000272B8175300 to ShaderMapsBeingCompiled
[2017.10.23-18.41.55:922][434]LogTemp:Display: Kicking off shader compilation for FMatExpressionPreview MaterialExpressionTextureSample_7, GameThreadShaderMap 0x00000272B840E780
[2017.10.23-18.41.55:981][434]LogMaterial: Missing cached shader map for material FMatExpressionPreview MaterialExpressionTextureSample_9, compiling. 
[2017.10.23-18.41.55:982][434]LogTemp:Display: Added material ShaderMap 0x00000272B840E400 with Material 0x00000272B8175600 to ShaderMapsBeingCompiled
[2017.10.23-18.41.55:985][434]LogTemp:Display: Kicking off shader compilation for FMatExpressionPreview MaterialExpressionTextureSample_9, GameThreadShaderMap 0x00000272B840E400
[2017.10.23-18.41.56:044][434]LogMaterial: Missing cached shader map for material FMatExpressionPreview MaterialExpressionTextureSample_8, compiling. 
[2017.10.23-18.41.56:045][434]LogTemp:Display: Added material ShaderMap 0x00000272B817F200 with Material 0x00000272B8177A00 to ShaderMapsBeingCompiled
[2017.10.23-18.41.56:049][434]LogTemp:Display: Kicking off shader compilation for FMatExpressionPreview MaterialExpressionTextureSample_8, GameThreadShaderMap 0x00000272B817F200
[2017.10.23-18.41.56:788][463]LogTemp:Display: Finished compile of shader map 0x00000272B831D980
[2017.10.23-18.41.56:788][463]LogTemp:Display: Shader map ceiling complete, GameThreadShaderMap 0x00000272B831D980, marking material ceiling as finished
[2017.10.23-18.41.56:788][463]LogTemp:Display: Marking material as finished 0x0000027218478180
[2017.10.23-18.41.56:809][464]MaterialEditorStats: Info Base pass shader with static lighting: 122 instructions
[2017.10.23-18.41.56:809][464]MaterialEditorStats: Info Base pass shader with only dynamic lighting: 94 instructions
[2017.10.23-18.41.56:809][464]MaterialEditorStats: Info Vertex shader: 31 instructions
[2017.10.23-18.41.56:809][464]MaterialEditorStats: Info Texture samplers: 4/16
[2017.10.23-18.41.56:852][466]LogTemp:Display: Finished compile of shader map 0x00000272B840E780
[2017.10.23-18.41.56:852][466]LogTemp:Display: Shader map FMatExpressionPreview MaterialExpressionTextureSample_7 complete, GameThreadShaderMap 0x00000272B840E780, marking material FMatExpressionPreview MaterialExpressionTextureSample_7 as finished
[2017.10.23-18.41.56:852][466]LogTemp:Display: Marking material as finished 0x00000272B8175300
[2017.10.23-18.41.57:006][473]LogTemp:Display: Finished compile of shader map 0x00000272B840E400
[2017.10.23-18.41.57:007][473]LogTemp:Display: Shader map FMatExpressionPreview MaterialExpressionTextureSample_9 complete, GameThreadShaderMap 0x00000272B840E400, marking material FMatExpressionPreview MaterialExpressionTextureSample_9 as finished
[2017.10.23-18.41.57:007][473]LogTemp:Display: Marking material as finished 0x00000272B8175600
[2017.10.23-18.41.57:067][477]LogTemp:Display: Finished compile of shader map 0x00000272B817F200
[2017.10.23-18.41.57:067][477]LogTemp:Display: Shader map FMatExpressionPreview MaterialExpressionTextureSample_8 complete, GameThreadShaderMap 0x00000272B817F200, marking material FMatExpressionPreview MaterialExpressionTextureSample_8 as finished
[2017.10.23-18.41.57:067][477]LogTemp:Display: Marking material as finished 0x00000272B8177A00
[2017.10.23-18.41.58:134][543]LogMaterialEditor: Applying material ceiling
[2017.10.23-18.42.01:991][543]LogMaterial: Missing cached shader map for material ceiling, compiling. 
[2017.10.23-18.42.01:992][543]LogTemp:Display: Added material ShaderMap 0x00000272B817C100 with Material 0x0000027218478180 to ShaderMapsBeingCompiled
[2017.10.23-18.42.02:012][543]LogTemp:Display: Kicking off shader compilation for ceiling, GameThreadShaderMap 0x00000272B817C100
[2017.10.23-18.42.02:012][543]LogMaterial: 0.00 seconds spent updating 1 materials, 1 interfaces, 0 instances, 0 with static permutations.
[2017.10.23-18.42.02:052][543]LogMaterial: Missing cached shader map for material ceiling, compiling. 
[2017.10.23-18.42.02:053][543]LogTemp:Display: Added material ShaderMap 0x0000027214999D00 with Material 0x000002718FB09300 to ShaderMapsBeingCompiled
[2017.10.23-18.42.02:091][543]LogTemp:Display: Kicking off shader compilation for ceiling, GameThreadShaderMap 0x0000027214999D00
[2017.10.23-18.42.02:106][543]LogMaterial: Missing cached shader map for material ceiling, compiling. 
[2017.10.23-18.42.02:107][543]LogTemp:Display: Added material ShaderMap 0x00000272418A4F00 with Material 0x000002718FB09300 to ShaderMapsBeingCompiled
[2017.10.23-18.42.02:135][543]LogTemp:Display: Kicking off shader compilation for ceiling, GameThreadShaderMap 0x00000272418A4F00
[2017.10.23-18.42.02:178][543]LogMaterial: 0.04 seconds spent updating 1 materials, 1 interfaces, 0 instances, 0 with static permutations.
[2017.10.23-18.42.02:441][543]LogMaterial: Missing cached shader map for material FDebugViewModeMaterialProxy ceiling, compiling. 
[2017.10.23-18.42.02:475][543]LogTemp:Display: Added material ShaderMap 0x00000271FE4E8B80 with Material 0x00000272C3E87D00 to ShaderMapsBeingCompiled
[2017.10.23-18.42.03:134][543]LogTemp:Display: Finished compile of shader map 0x00000271FE4E8B80
[2017.10.23-18.42.03:134][543]LogTemp:Display: Shader map FDebugViewModeMaterialProxy ceiling complete, GameThreadShaderMap 0x00000271FE4E8B80, marking material FDebugViewModeMaterialProxy ceiling as finished
[2017.10.23-18.42.03:134][543]LogTemp:Display: Marking material as finished 0x00000272C3E87D00
[2017.10.23-18.42.03:141][543]TextureStreamingBuild:Display: Compiling optional shaders took 0.729 seconds.
[2017.10.23-18.42.03:224][543]LogTemp:Display: Finished compile of shader map 0x00000272B817C100
[2017.10.23-18.42.03:225][543]LogTemp:Display: Shader map ceiling complete, GameThreadShaderMap 0x00000272B817C100, marking material ceiling as finished
[2017.10.23-18.42.03:225][543]LogTemp:Display: Marking material as finished 0x0000027218478180
[2017.10.23-18.42.05:601][551]LogTemp:Display: Finished compile of shader map 0x00000272418A4F00
[2017.10.23-18.42.05:601][551]LogTemp:Display: Shader map ceiling complete, GameThreadShaderMap 0x00000272418A4F00, marking material ceiling as finished
[2017.10.23-18.42.05:601][551]LogTemp:Display: Marking material as finished 0x000002718FB09300
[2017.10.23-18.42.05:929][552]MaterialEditorStats: Info Base pass shader with static lighting: 122 instructions
[2017.10.23-18.42.05:929][552]MaterialEditorStats: Info Base pass shader with only dynamic lighting: 94 instructions
[2017.10.23-18.42.05:929][552]MaterialEditorStats: Info Vertex shader: 31 instructions
[2017.10.23-18.42.05:929][552]MaterialEditorStats: Info Texture samplers: 4/16
[2017.10.23-18.42.10:183][701]Cmd: OBJ SAVEPACKAGE PACKAGE="/Game/Art/Environment/Material/ceiling" FILE="../../../../../../Users/Uses/Desktop/FYP/FYP_DumbTesting/Meeting/Content/Art/Environment/Material/ceiling.uasset" SILENT=true
[2017.10.23-18.42.10:600][701]LogSavePackage: Save=88.66ms
[2017.10.23-18.42.10:600][701]LogSavePackage: Moving '../../../../../../Users/Uses/Desktop/FYP/FYP_DumbTesting/Meeting/Saved/ceiling5318E5A54FE4D1182C02F2AEF190625A.tmp' to '../../../../../../Users/Uses/Desktop/FYP/FYP_DumbTesting/Meeting/Content/Art/Environment/Material/ceiling.uasset'
[2017.10.23-18.42.10:617][701]LogSavePackage:Display: Finished SavePackage ../../../../../../Users/Uses/Desktop/FYP/FYP_DumbTesting/Meeting/Content/Art/Environment/Material/ceiling.uasset
[2017.10.23-18.42.10:832][701]LogWindowsTextInputMethodSystem:Display: IME system now deactivated.
[2017.10.23-18.42.11:188][702]Cmd: QUIT_EDITOR
[2017.10.23-18.42.11:516][702]LogExit: Preparing to exit.
[2017.10.23-18.42.12:868][702]LogDirectoryWatcher: A directory notification for 'C:/Users/Uses/Desktop/FYP/FYP_DumbTesting/Meeting/Content/' was aborted.
[2017.10.23-18.42.12:976][702]LogExit: Editor shut down
[2017.10.23-18.42.12:976][702]LogExit: Transaction tracking system shut down
[2017.10.23-18.42.13:057][702]LogTemp:Display: Removed shader map 0x0000027214999D00 from material 0x000002718FB09300
[2017.10.23-18.42.13:222][702]LogTemp:Display: Removed shader map 0x0000027242F07900 from material 0x0000027218478180
[2017.10.23-18.42.13:758][702]LogObj: Freed 0b from 0 cluster array pools.
[2017.10.23-18.42.13:758][702]LogExit: Object subsystem successfully closed.
[2017.10.23-18.42.13:933][702]LogD3D11RHI: Shutdown
[2017.10.23-18.42.13:933][702]LogD3D11RHI: CleanupD3DDevice
[2017.10.23-18.42.14:228][702]LogD3D11RHI: ~FD3D11DynamicRHI
[2017.10.23-18.42.14:428][702]LogModuleManager: Shutting down and abandoning module MaterialEditor (502)
[2017.10.23-18.42.14:429][702]LogModuleManager: Shutting down and abandoning module HierarchicalLODOutliner (500)
[2017.10.23-18.42.14:429][702]LogModuleManager: Shutting down and abandoning module CrashTracker (498)
[2017.10.23-18.42.14:429][702]LogModuleManager: Shutting down and abandoning module SceneOutliner (496)
[2017.10.23-18.42.14:429][702]LogModuleManager: Shutting down and abandoning module AddContentDialog (494)
[2017.10.23-18.42.14:429][702]LogDirectoryWatcher: A directory notification for 'C:/Program Files/Epic Games/UE_4.15/FeaturePacks/' was aborted.
[2017.10.23-18.42.14:430][702]LogModuleManager: Shutting down and abandoning module WidgetCarousel (493)
[2017.10.23-18.42.14:430][702]LogModuleManager: Shutting down and abandoning module EditorWidgets (490)
[2017.10.23-18.42.14:430][702]LogModuleManager: Shutting down and abandoning module CollectionManager (488)
[2017.10.23-18.42.14:434][702]LogDirectoryWatcher: A directory notification for 'C:/Users/Uses/Desktop/FYP/FYP_DumbTesting/Meeting/Content/Collections/' was aborted.
[2017.10.23-18.42.14:434][702]LogDirectoryWatcher: A directory notification for 'C:/Users/Uses/Desktop/FYP/FYP_DumbTesting/Meeting/Content/Developers/Uses/Collections/' was aborted.
[2017.10.23-18.42.14:434][702]LogDirectoryWatcher: A directory notification for 'C:/Users/Uses/Desktop/FYP/FYP_DumbTesting/Meeting/Saved/Collections/' was aborted.
[2017.10.23-18.42.14:434][702]LogModuleManager: Shutting down and abandoning module StatsViewer (486)
[2017.10.23-18.42.14:434][702]LogModuleManager: Shutting down and abandoning module FoliageEdit (484)
[2017.10.23-18.42.14:434][702]LogModuleManager: Shutting down and abandoning module LandscapeEditor (482)
[2017.10.23-18.42.14:445][702]LogModuleManager: Shutting down and abandoning module SceneDepthPickerMode (480)
[2017.10.23-18.42.14:445][702]LogModuleManager: Shutting down and abandoning module ActorPickerMode (478)
[2017.10.23-18.42.14:445][702]LogModuleManager: Shutting down and abandoning module GeometryMode (476)
[2017.10.23-18.42.14:445][702]LogModuleManager: Shutting down and abandoning module TextureAlignMode (474)
[2017.10.23-18.42.14:445][702]LogModuleManager: Shutting down and abandoning module BspMode (472)
[2017.10.23-18.42.14:445][702]LogModuleManager: Shutting down and abandoning module HardwareSurvey (470)
[2017.10.23-18.42.14:445][702]LogModuleManager: Shutting down and abandoning module SequenceRecorderSections (468)
[2017.10.23-18.42.14:445][702]LogModuleManager: Shutting down and abandoning module AutomationWorker (466)
[2017.10.23-18.42.14:445][702]LogModuleManager: Shutting down and abandoning module MatineeToLevelSequence (464)
[2017.10.23-18.42.14:445][702]LogModuleManager: Shutting down and abandoning module LevelSequenceEditor (462)
[2017.10.23-18.42.14:449][702]LogModuleManager: Shutting down and abandoning module PlacementMode (461)
[2017.10.23-18.42.14:449][702]LogModuleManager: Shutting down and abandoning module WmfMediaFactory (458)
[2017.10.23-18.42.14:449][702]LogModuleManager: Shutting down and abandoning module WmfMediaEditor (456)
[2017.10.23-18.42.14:449][702]LogModuleManager: Shutting down and abandoning module MfMediaFactory (454)
[2017.10.23-18.42.14:449][702]LogModuleManager: Shutting down and abandoning module MfMediaEditor (452)
[2017.10.23-18.42.14:449][702]LogModuleManager: Shutting down and abandoning module AvfMediaFactory (450)
[2017.10.23-18.42.14:449][702]LogModuleManager: Shutting down and abandoning module AvfMediaEditor (448)
[2017.10.23-18.42.14:449][702]LogModuleManager: Shutting down and abandoning module AndroidMediaFactory (446)
[2017.10.23-18.42.14:449][702]LogModuleManager: Shutting down and abandoning module Media (445)
[2017.10.23-18.42.14:449][702]LogModuleManager: Shutting down and abandoning module AndroidMediaEditor (442)
[2017.10.23-18.42.14:449][702]LogModuleManager: Shutting down and abandoning module CharacterAI (440)
[2017.10.23-18.42.14:449][702]LogModuleManager: Shutting down and abandoning module AudioCapture (438)
[2017.10.23-18.42.14:449][702]LogModuleManager: Shutting down and abandoning module SequenceRecorder (437)
[2017.10.23-18.42.14:449][702]LogModuleManager: Shutting down and abandoning module SmartSnapping (434)
[2017.10.23-18.42.14:449][702]LogModuleManager: Shutting down and abandoning module SessionServices (432)
[2017.10.23-18.42.14:449][702]LogModuleManager: Shutting down and abandoning module ViewportSnapping (430)
[2017.10.23-18.42.14:449][702]LogModuleManager: Shutting down and abandoning module ViewportInteraction (428)
[2017.10.23-18.42.14:449][702]LogModuleManager: Shutting down and abandoning module LogVisualizer (426)
[2017.10.23-18.42.14:458][702]LogModuleManager: Shutting down and abandoning module IntroTutorials (424)
[2017.10.23-18.42.14:465][702]LogModuleManager: Shutting down and abandoning module GameProjectGeneration (423)
[2017.10.23-18.42.14:467][702]LogModuleManager: Shutting down and abandoning module EditorLiveStreaming (420)
[2017.10.23-18.42.14:467][702]LogModuleManager: Shutting down and abandoning module IOSPlatformEditor (418)
[2017.10.23-18.42.14:467][702]LogModuleManager: Shutting down and abandoning module HTML5PlatformEditor (416)
[2017.10.23-18.42.14:467][702]LogModuleManager: Shutting down and abandoning module AndroidPlatformEditor (414)
[2017.10.23-18.42.14:467][702]LogModuleManager: Shutting down and abandoning module AndroidDeviceDetection (413)
[2017.10.23-18.42.14:707][702]LogModuleManager: Shutting down and abandoning module IOSRuntimeSettings (410)
[2017.10.23-18.42.14:707][702]LogModuleManager: Shutting down and abandoning module AndroidRuntimeSettings (408)
[2017.10.23-18.42.14:707][702]LogModuleManager: Shutting down and abandoning module InputBindingEditor (406)
[2017.10.23-18.42.14:707][702]LogModuleManager: Shutting down and abandoning module NiagaraEditor (404)
[2017.10.23-18.42.14:722][702]LogModuleManager: Shutting down and abandoning module MergeActors (402)
[2017.10.23-18.42.14:726][702]LogModuleManager: Shutting down and abandoning module SizeMap (400)
[2017.10.23-18.42.14:726][702]LogModuleManager: Shutting down and abandoning module TreeMap (398)
[2017.10.23-18.42.14:726][702]LogModuleManager: Shutting down and abandoning module ReferenceViewer (396)
[2017.10.23-18.42.14:726][702]LogModuleManager: Shutting down and abandoning module LocalizationDashboard (394)
[2017.10.23-18.42.14:732][702]LogModuleManager: Shutting down and abandoning module LocalizationService (393)
[2017.10.23-18.42.14:739][702]LogModuleManager: Shutting down and abandoning module HardwareTargeting (390)
[2017.10.23-18.42.14:739][702]LogModuleManager: Shutting down and abandoning module DeviceProfileEditor (388)
[2017.10.23-18.42.14:742][702]LogModuleManager: Shutting down and abandoning module UndoHistory (386)
[2017.10.23-18.42.14:742][702]LogModuleManager: Shutting down and abandoning module UserFeedback (384)
[2017.10.23-18.42.14:742][702]LogModuleManager: Shutting down and abandoning module XmlParser (382)
[2017.10.23-18.42.14:742][702]LogModuleManager: Shutting down and abandoning module Blutility (380)
[2017.10.23-18.42.14:742][702]LogModuleManager: Shutting down and abandoning module ProjectSettingsViewer (378)
[2017.10.23-18.42.14:742][702]LogModuleManager: Shutting down and abandoning module ProjectTargetPlatformEditor (377)
[2017.10.23-18.42.14:742][702]LogModuleManager: Shutting down and abandoning module EditorSettingsViewer (374)
[2017.10.23-18.42.14:743][702]LogModuleManager: Shutting down and abandoning module SettingsEditor (372)
[2017.10.23-18.42.14:743][702]LogModuleManager: Shutting down and abandoning module ProjectLauncher (370)
[2017.10.23-18.42.14:749][702]LogModuleManager: Shutting down and abandoning module SessionFrontend (368)
[2017.10.23-18.42.14:756][702]LogModuleManager: Shutting down and abandoning module ProfilerClient (366)
[2017.10.23-18.42.14:779][702]LogModuleManager: Shutting down and abandoning module DeviceManager (364)
[2017.10.23-18.42.14:787][702]LogModuleManager: Shutting down and abandoning module TargetDeviceServices (363)
[2017.10.23-18.42.14:850][702]LogModuleManager: Shutting down and abandoning module AutomationController (360)
[2017.10.23-18.42.14:850][702]LogModuleManager: Shutting down and abandoning module AutomationWindow (358)
[2017.10.23-18.42.14:867][702]LogModuleManager: Shutting down and abandoning module Layers (356)
[2017.10.23-18.42.14:882][702]LogModuleManager: Shutting down and abandoning module ComponentVisualizers (354)
[2017.10.23-18.42.14:882][702]LogModuleManager: Shutting down and abandoning module DetailCustomizations (352)
[2017.10.23-18.42.14:882][702]LogModuleManager: Shutting down and abandoning module PackagesDialog (350)
[2017.10.23-18.42.14:882][702]LogModuleManager: Shutting down and abandoning module Persona (348)
[2017.10.23-18.42.14:892][702]LogModuleManager: Shutting down and abandoning module AnimGraph (347)
[2017.10.23-18.42.14:892][702]LogModuleManager: Shutting down and abandoning module Kismet (344)
[2017.10.23-18.42.14:896][702]LogModuleManager: Shutting down and abandoning module GraphEditor (342)
[2017.10.23-18.42.14:896][702]LogModuleManager: Shutting down and abandoning module ClassViewer (340)
[2017.10.23-18.42.14:896][702]LogModuleManager: Shutting down and abandoning module Toolbox (338)
[2017.10.23-18.42.14:896][702]LogModuleManager: Shutting down and abandoning module ModuleUI (336)
[2017.10.23-18.42.14:902][702]LogModuleManager: Shutting down and abandoning module MovieSceneTools (334)
[2017.10.23-18.42.14:916][702]LogModuleManager: Shutting down and abandoning module OutputLog (332)
[2017.10.23-18.42.14:916][702]LogModuleManager: Shutting down and abandoning module GammaUI (330)
[2017.10.23-18.42.14:916][702]LogModuleManager: Shutting down and abandoning module Documentation (328)
[2017.10.23-18.42.14:916][702]LogModuleManager: Shutting down and abandoning module Niagara (326)
[2017.10.23-18.42.14:916][702]LogModuleManager: Shutting down and abandoning module StreamingPauseRendering (324)
[2017.10.23-18.42.14:916][702]LogModuleManager: Shutting down and abandoning module AnalyticsET (322)
[2017.10.23-18.42.14:916][702]LogModuleManager: Shutting down and abandoning module PortalServices (320)
[2017.10.23-18.42.14:916][702]LogModuleManager: Shutting down and abandoning module PortalRpc (318)
[2017.10.23-18.42.14:916][702]LogModuleManager: Shutting down and abandoning module MessagingRpc (316)
[2017.10.23-18.42.14:916][702]LogModuleManager: Shutting down and abandoning module AIModule (314)
[2017.10.23-18.42.14:916][702]LogModuleManager: Shutting down and abandoning module GameplayDebugger (313)
[2017.10.23-18.42.14:916][702]LogModuleManager: Shutting down and abandoning module AITestSuite (311)
[2017.10.23-18.42.14:916][702]LogModuleManager: Shutting down and abandoning module ProfilerService (308)
[2017.10.23-18.42.15:058][702]LogModuleManager: Shutting down and abandoning module TaskGraph (306)
[2017.10.23-18.42.15:112][702]LogModuleManager: Shutting down and abandoning module SteamVRController (304)
[2017.10.23-18.42.15:112][702]LogModuleManager: Shutting down and abandoning module SteamVR (302)
[2017.10.23-18.42.15:113][702]LogModuleManager: Shutting down and abandoning module ProceduralMeshComponentEditor (300)
[2017.10.23-18.42.15:113][702]LogModuleManager: Shutting down and abandoning module ProceduralMeshComponent (298)
[2017.10.23-18.42.15:113][702]LogModuleManager: Shutting down and abandoning module OculusLibrary (296)
[2017.10.23-18.42.15:113][702]LogModuleManager: Shutting down and abandoning module OculusInput (294)
[2017.10.23-18.42.15:113][702]LogModuleManager: Shutting down and abandoning module MobilePatchingUtils (292)
[2017.10.23-18.42.15:113][702]LogModuleManager: Shutting down and abandoning module CustomMeshComponent (290)
[2017.10.23-18.42.15:113][702]LogModuleManager: Shutting down and abandoning module CableComponent (288)
[2017.10.23-18.42.15:113][702]LogModuleManager: Shutting down and abandoning module ArchVisCharacter (286)
[2017.10.23-18.42.15:113][702]LogModuleManager: Shutting down and abandoning module MediaPlayerEditor (282)
[2017.10.23-18.42.15:131][702]LogModuleManager: Shutting down and abandoning module HTML5Networking (280)
[2017.10.23-18.42.15:131][702]LogModuleManager: Shutting down and abandoning module AlembicImporter (278)
[2017.10.23-18.42.15:154][702]LogModuleManager: Shutting down and abandoning module AlembicLibrary (277)
[2017.10.23-18.42.15:154][702]LogModuleManager: Shutting down and abandoning module GeometryCache (276)
[2017.10.23-18.42.15:154][702]LogModuleManager: Shutting down and abandoning module GeometryCacheEd (275)
[2017.10.23-18.42.15:154][702]LogModuleManager: Shutting down and abandoning module SuperSearchEditor (270)
[2017.10.23-18.42.15:154][702]LogModuleManager: Shutting down and abandoning module SuperSearch (269)
[2017.10.23-18.42.15:154][702]LogModuleManager: Shutting down and abandoning module SpeedTreeImporter (266)
[2017.10.23-18.42.15:154][702]LogModuleManager: Shutting down and abandoning module PluginBrowser (264)
[2017.10.23-18.42.15:154][702]LogModuleManager: Shutting down and abandoning module MobileLauncherProfileWizard (262)
[2017.10.23-18.42.15:217][702]LogModuleManager: Shutting down and abandoning module EpicSurvey (260)
[2017.10.23-18.42.15:217][702]LogModuleManager: Shutting down and abandoning module VisualStudioSourceCodeAccess (258)
[2017.10.23-18.42.15:217][702]LogModuleManager: Shutting down and abandoning module DesktopPlatform (257)
[2017.10.23-18.42.15:237][702]LogModuleManager: Shutting down and abandoning module UObjectPlugin (254)
[2017.10.23-18.42.15:237][702]LogModuleManager: Shutting down and abandoning module SubversionSourceControl (252)
[2017.10.23-18.42.15:237][702]LogModuleManager: Shutting down and abandoning module PerforceSourceControl (250)
[2017.10.23-18.42.15:295][702]LogModuleManager: Shutting down and abandoning module GitSourceControl (248)
[2017.10.23-18.42.15:295][702]LogModuleManager: Shutting down and abandoning module SourceControl (247)
[2017.10.23-18.42.15:354][702]LogModuleManager: Shutting down and abandoning module LightPropagationVolumeEditor (244)
[2017.10.23-18.42.15:354][702]LogModuleManager: Shutting down and abandoning module PaperTiledImporter (242)
[2017.10.23-18.42.15:354][702]LogModuleManager: Shutting down and abandoning module PaperSpriteSheetImporter (240)
[2017.10.23-18.42.15:354][702]LogModuleManager: Shutting down and abandoning module Paper2DEditor (238)
[2017.10.23-18.42.15:360][702]LogModuleManager: Shutting down and abandoning module MeshPaint (237)
[2017.10.23-18.42.15:360][702]LogModuleManager: Shutting down and abandoning module LevelEditor (235)
[2017.10.23-18.42.15:381][702]LogModuleManager: Shutting down and abandoning module PixelInspectorModule (234)
[2017.10.23-18.42.15:381][702]LogModuleManager: Shutting down and abandoning module MainFrame (232)
[2017.10.23-18.42.15:381][702]LogModuleManager: Shutting down and abandoning module HotReload (231)
[2017.10.23-18.42.15:381][702]LogDirectoryWatcher: A directory notification for 'C:/Users/Uses/Desktop/FYP/FYP_DumbTesting/Meeting/Binaries/Win64' was aborted.
[2017.10.23-18.42.15:382][702]LogModuleManager: Shutting down and abandoning module ContentBrowser (227)
[2017.10.23-18.42.15:383][702]LogModuleManager: Shutting down and abandoning module Meeting (224)
[2017.10.23-18.42.15:383][702]LogModuleManager: Shutting down and abandoning module PhysXVehiclesEditor (222)
[2017.10.23-18.42.15:383][702]LogModuleManager: Shutting down and abandoning module PhysXVehicles (220)
[2017.10.23-18.42.15:383][702]LogModuleManager: Shutting down and abandoning module LocationServicesBPLibrary (218)
[2017.10.23-18.42.15:383][702]LogModuleManager: Shutting down and abandoning module UdpMessaging (216)
[2017.10.23-18.42.15:483][702]LogModuleManager: Shutting down and abandoning module TcpMessaging (214)
[2017.10.23-18.42.15:584][702]LogModuleManager: Shutting down and abandoning module GameplayTagsEditor (212)
[2017.10.23-18.42.15:612][702]LogModuleManager: Shutting down and abandoning module FacialAnimationEditor (210)
[2017.10.23-18.42.15:696][702]LogModuleManager: Shutting down and abandoning module FacialAnimation (208)
[2017.10.23-18.42.15:696][702]LogModuleManager: Shutting down and abandoning module LightPropagationVolumeRuntime (206)
[2017.10.23-18.42.15:696][702]LogModuleManager: Shutting down and abandoning module Paper2D (204)
[2017.10.23-18.42.15:701][702]LogModuleManager: Shutting down and abandoning module WindowsMoviePlayer (202)
[2017.10.23-18.42.15:701][702]LogModuleManager: Shutting down and abandoning module WmfMedia (200)
[2017.10.23-18.42.15:701][702]LogModuleManager: Shutting down and abandoning module MfMedia (198)
[2017.10.23-18.42.15:701][702]LogModuleManager: Shutting down and abandoning module MediaAssets (196)
[2017.10.23-18.42.15:701][702]LogModuleManager: Shutting down and abandoning module GameLiveStreaming (194)
[2017.10.23-18.42.15:701][702]LogModuleManager: Shutting down and abandoning module VREditor (192)
[2017.10.23-18.42.15:702][702]LogModuleManager: Shutting down and abandoning module GameplayTasksEditor (190)
[2017.10.23-18.42.15:702][702]LogModuleManager: Shutting down and abandoning module BehaviorTreeEditor (188)
[2017.10.23-18.42.15:774][702]LogModuleManager: Shutting down and abandoning module FunctionalTesting (186)
[2017.10.23-18.42.15:774][702]LogModuleManager: Shutting down and abandoning module CollisionAnalyzer (184)
[2017.10.23-18.42.15:780][702]LogModuleManager: Shutting down and abandoning module UMG (182)
[2017.10.23-18.42.15:780][702]LogModuleManager: Shutting down and abandoning module UMGEditor (181)
[2017.10.23-18.42.15:846][702]LogModuleManager: Shutting down and abandoning module Sequencer (180)
[2017.10.23-18.42.15:953][702]LogModuleManager: Shutting down and abandoning module AssetTools (178)
[2017.10.23-18.42.16:031][702]LogModuleManager: Shutting down and abandoning module MessageLog (177)
[2017.10.23-18.42.16:031][702]LogModuleManager: Shutting down and abandoning module WorkspaceMenuStructure (176)
[2017.10.23-18.42.16:031][702]LogModuleManager: Shutting down and abandoning module SlateReflector (170)
[2017.10.23-18.42.16:056][702]LogModuleManager: Shutting down and abandoning module Slate (168)
[2017.10.23-18.42.16:056][702]LogModuleManager: Shutting down and abandoning module EditorStyle (166)
[2017.10.23-18.42.16:058][702]LogModuleManager: Shutting down and abandoning module SourceCodeAccess (164)
[2017.10.23-18.42.16:058][702]LogModuleManager: Shutting down and abandoning module HeadMountedDisplay (162)
[2017.10.23-18.42.16:058][702]LogModuleManager: Shutting down and abandoning module XAudio2 (160)
[2017.10.23-18.42.16:058][702]LogModuleManager: Shutting down and abandoning module Networking (158)
[2017.10.23-18.42.16:058][702]LogModuleManager: Shutting down and abandoning module Core (154)
[2017.10.23-18.42.16:058][702]LogModuleManager: Shutting down and abandoning module AssetRegistry (152)
[2017.10.23-18.42.16:216][702]LogDirectoryWatcher: A directory notification for '../../../Engine/Content/' was aborted.
[2017.10.23-18.42.16:216][702]LogDirectoryWatcher: A directory notification for '../../../../../../Users/Uses/Desktop/FYP/FYP_DumbTesting/Meeting/Content/' was aborted.
[2017.10.23-18.42.16:216][702]LogDirectoryWatcher: A directory notification for '../../../Engine/Plugins/2D/Paper2D/Content/' was aborted.
[2017.10.23-18.42.16:216][702]LogModuleManager: Shutting down and abandoning module DirectoryWatcher (151)
[2017.10.23-18.42.16:216][702]LogModuleManager: Shutting down and abandoning module KismetCompiler (148)
[2017.10.23-18.42.16:216][702]LogModuleManager: Shutting down and abandoning module PhysXFormats (146)
[2017.10.23-18.42.16:216][702]LogModuleManager: Shutting down and abandoning module MeshUtilities (144)
[2017.10.23-18.42.16:216][702]LogModuleManager: Shutting down and abandoning module SimplygonSwarm (143)
[2017.10.23-18.42.16:216][702]LogModuleManager: Shutting down and abandoning module SimplygonMeshReduction (141)
[2017.10.23-18.42.16:216][702]LogModuleManager: Shutting down and abandoning module QuadricMeshReduction (139)
[2017.10.23-18.42.16:216][702]LogModuleManager: Shutting down and abandoning module PropertyEditor (137)
[2017.10.23-18.42.16:216][702]LogModuleManager: Shutting down and abandoning module DerivedDataCache (134)
[2017.10.23-18.42.16:279][702]LogDerivedDataCache: Shutdown
[2017.10.23-18.42.16:279][702]LogModuleManager: Shutting down and abandoning module TargetPlatform (132)
[2017.10.23-18.42.16:279][702]LogModuleManager: Shutting down and abandoning module VulkanShaderFormat (131)
[2017.10.23-18.42.16:279][702]LogModuleManager: Shutting down and abandoning module ShaderFormatOpenGL (129)
[2017.10.23-18.42.16:329][702]LogModuleManager: Shutting down and abandoning module ShaderFormatD3D (127)
[2017.10.23-18.42.16:329][702]LogModuleManager: Shutting down and abandoning module MetalShaderFormat (125)
[2017.10.23-18.42.16:416][702]LogModuleManager: Shutting down and abandoning module TextureFormatUncompressed (123)
[2017.10.23-18.42.16:416][702]LogModuleManager: Shutting down and abandoning module TextureFormatPVR (121)
[2017.10.23-18.42.16:416][702]LogModuleManager: Shutting down and abandoning module TextureFormatDXT (119)
[2017.10.23-18.42.16:416][702]LogModuleManager: Shutting down and abandoning module TextureFormatIntelISPCTexComp (117)
[2017.10.23-18.42.16:416][702]LogModuleManager: Shutting down and abandoning module TextureFormatASTC (115)
[2017.10.23-18.42.16:416][702]LogModuleManager: Shutting down and abandoning module ImageWrapper (114)
[2017.10.23-18.42.16:416][702]LogModuleManager: Shutting down and abandoning module TextureFormatAndroid (111)
[2017.10.23-18.42.16:416][702]LogModuleManager: Shutting down and abandoning module AudioFormatOpus (109)
[2017.10.23-18.42.16:416][702]LogModuleManager: Shutting down and abandoning module AudioFormatOgg (107)
[2017.10.23-18.42.16:416][702]LogModuleManager: Shutting down and abandoning module AudioFormatADPCM (105)
[2017.10.23-18.42.16:416][702]LogModuleManager: Shutting down and abandoning module LinuxTargetPlatform (103)
[2017.10.23-18.42.16:416][702]LogModuleManager: Shutting down and abandoning module LinuxServerTargetPlatform (101)
[2017.10.23-18.42.16:416][702]LogModuleManager: Shutting down and abandoning module LinuxNoEditorTargetPlatform (99)
[2017.10.23-18.42.16:416][702]LogModuleManager: Shutting down and abandoning module LinuxClientTargetPlatform (97)
[2017.10.23-18.42.16:416][702]LogModuleManager: Shutting down and abandoning module TVOSTargetPlatform (95)
[2017.10.23-18.42.16:416][702]LogModuleManager: Shutting down and abandoning module Messaging (93)
[2017.10.23-18.42.16:416][702]LogModuleManager: Shutting down and abandoning module IOSTargetPlatform (91)
[2017.10.23-18.42.16:416][702]LogModuleManager: Shutting down and abandoning module HTML5TargetPlatform (89)
[2017.10.23-18.42.16:416][702]LogModuleManager: Shutting down and abandoning module Android_PVRTCTargetPlatform (87)
[2017.10.23-18.42.16:416][702]LogModuleManager: Shutting down and abandoning module Android_MultiTargetPlatform (85)
[2017.10.23-18.42.16:416][702]LogModuleManager: Shutting down and abandoning module Android_ETC2TargetPlatform (83)
[2017.10.23-18.42.16:416][702]LogModuleManager: Shutting down and abandoning module Android_ETC1TargetPlatform (81)
[2017.10.23-18.42.16:416][702]LogModuleManager: Shutting down and abandoning module Android_DXTTargetPlatform (79)
[2017.10.23-18.42.16:416][702]LogModuleManager: Shutting down and abandoning module Android_ATCTargetPlatform (77)
[2017.10.23-18.42.16:416][702]LogModuleManager: Shutting down and abandoning module Android_ASTCTargetPlatform (75)
[2017.10.23-18.42.16:416][702]LogModuleManager: Shutting down and abandoning module AndroidTargetPlatform (73)
[2017.10.23-18.42.16:416][702]LogModuleManager: Shutting down and abandoning module WindowsTargetPlatform (71)
[2017.10.23-18.42.16:416][702]LogModuleManager: Shutting down and abandoning module WindowsServerTargetPlatform (69)
[2017.10.23-18.42.16:416][702]LogModuleManager: Shutting down and abandoning module WindowsNoEditorTargetPlatform (67)
[2017.10.23-18.42.16:416][702]LogModuleManager: Shutting down and abandoning module WindowsClientTargetPlatform (65)
[2017.10.23-18.42.16:416][702]LogModuleManager: Shutting down and abandoning module MacTargetPlatform (63)
[2017.10.23-18.42.16:416][702]LogModuleManager: Shutting down and abandoning module MacServerTargetPlatform (61)
[2017.10.23-18.42.16:416][702]LogModuleManager: Shutting down and abandoning module MacNoEditorTargetPlatform (59)
[2017.10.23-18.42.16:416][702]LogModuleManager: Shutting down and abandoning module MacClientTargetPlatform (57)
[2017.10.23-18.42.16:416][702]LogModuleManager: Shutting down and abandoning module AllDesktopTargetPlatform (55)
[2017.10.23-18.42.16:416][702]LogModuleManager: Shutting down and abandoning module InputCore (52)
[2017.10.23-18.42.16:416][702]LogModuleManager: Shutting down and abandoning module Settings (50)
[2017.10.23-18.42.16:416][702]LogModuleManager: Shutting down and abandoning module OculusRift (48)
[2017.10.23-18.42.16:475][702]LogModuleManager: Shutting down and abandoning module GearVR (46)
[2017.10.23-18.42.16:475][702]LogModuleManager: Shutting down and abandoning module ExampleDeviceProfileSelector (44)
[2017.10.23-18.42.16:475][702]LogModuleManager: Shutting down and abandoning module OnlineBlueprintSupport (42)
[2017.10.23-18.42.16:475][702]LogModuleManager: Shutting down and abandoning module OnlineSubsystem (38)
[2017.10.23-18.42.16:475][702]LogOnline:Display: Unloading online subsystem: NULL
[2017.10.23-18.42.16:514][702]LogModuleManager: Shutting down and abandoning module XMPP (37)
[2017.10.23-18.42.16:594][702]LogModuleManager: Shutting down and abandoning module HTTP (35)
[2017.10.23-18.42.16:611][702]LogHttp:Display: Http module shutting down, but needs to wait on 1 outstanding Http requests:
[2017.10.23-18.42.16:611][702]LogHttp:Display: 	verb=[POST] url=[https://datarouter.ol.epicgames.com/datarouter/api/v1/public/data?SessionID=%7B62454626-4CD7-5BED-FB93-CAB303AC34C5%7D&AppID=UEEditor.Rocket.Release&AppVersion=4.15.3-3450819%2B%2B%2BUE4%2BRelease-4.15&UserID=ff5c9ed64219dcba232116aaa96ada53%7C658f3e819b6947628c70988c832621f1%7Cf581c966-c11e-46b0-983f-6267ea7ead98&AppEnvironment=datacollector-binary&UploadType=eteventstream] status=Processing
[2017.10.23-18.42.16:643][702]LogModuleManager: Shutting down and abandoning module SSL (34)
[2017.10.23-18.42.16:644][702]LogModuleManager: Shutting down and abandoning module AudioEditor (30)
[2017.10.23-18.42.16:745][702]LogModuleManager: Shutting down and abandoning module TextureCompressor (28)
[2017.10.23-18.42.16:803][702]LogModuleManager: Shutting down and abandoning module ShaderCore (26)
[2017.10.23-18.42.16:803][702]LogModuleManager: Shutting down and abandoning module Landscape (24)
[2017.10.23-18.42.16:803][702]LogModuleManager: Shutting down and abandoning module SlateRHIRenderer (22)
[2017.10.23-18.42.16:931][702]LogModuleManager: Shutting down and abandoning module OpenGLDrv (20)
[2017.10.23-18.42.16:950][702]LogModuleManager: Shutting down and abandoning module D3D11RHI (18)
[2017.10.23-18.42.16:950][702]LogModuleManager: Shutting down and abandoning module AnimGraphRuntime (16)
[2017.10.23-18.42.16:950][702]LogModuleManager: Shutting down and abandoning module Renderer (14)
[2017.10.23-18.42.16:950][702]LogModuleManager: Shutting down and abandoning module Engine (12)
[2017.10.23-18.42.16:950][702]LogModuleManager: Shutting down and abandoning module CoreUObject (10)
[2017.10.23-18.42.16:950][702]LogModuleManager: Shutting down and abandoning module NetworkFile (8)
[2017.10.23-18.42.17:022][702]LogModuleManager: Shutting down and abandoning module StreamingFile (6)
[2017.10.23-18.42.17:076][702]LogModuleManager: Shutting down and abandoning module SandboxFile (4)
[2017.10.23-18.42.17:076][702]LogModuleManager: Shutting down and abandoning module PakFile (2)
[2017.10.23-18.42.17:092][702]LogExit: Exiting.
[2017.10.23-18.42.17:095][702]Log file closed, 10/24/17 02:42:17
