Log file open, 12/01/17 03:02:32
LogInit:Display: Running engine for game: Meeting
LogPlatformFile: Not using cached read wrapper
LogInit:Display: RandInit(-959563820) SRandInit(-959563820).
LogTaskGraph: Started task graph with 5 named threads and 7 total threads with 1 sets of task threads.
LogStats: Stats thread started at 0.076600
LogInit: Using libcurl 7.47.1
LogInit:  - built for x86_64-pc-win32
LogInit:  - supports SSL with OpenSSL/1.0.2g
LogInit:  - supports HTTP deflate (compression) using libz 1.2.8
LogInit:  - other features:
LogInit:      CURL_VERSION_SSL
LogInit:      CURL_VERSION_LIBZ
LogInit:      CURL_VERSION_IPV6
LogInit:      CURL_VERSION_ASYNCHDNS
LogInit:      CURL_VERSION_LARGEFILE
LogInit:      CURL_VERSION_IDN
LogInit:  CurlRequestOptions (configurable via config and command line):
LogInit:  - bVerifyPeer = false  - Libcurl will NOT verify peer certificate
LogInit:  - bUseHttpProxy = false  - Libcurl will NOT use HTTP proxy
LogInit:  - bDontReuseConnections = false  - Libcurl will reuse connections
LogInit:  - CertBundlePath = nullptr  - Libcurl will use whatever was configured at build time.
LogInit: Build: ++UE4+Release-4.15-CL-3450819
LogInit: Engine Version: 4.15.3-3450819+++UE4+Release-4.15
LogInit: Compatible Engine Version: 4.15.0-3299760+++UE4+Release-4.15
LogInit: Net CL: 3299760
LogDevObjectVersion: Number of dev versions registered: 14
LogDevObjectVersion:   Dev-Blueprints (B0D832E4-1F89-4F0D-ACCF-7EB736FD4AA2): 8
LogDevObjectVersion:   Dev-Build (E1C64328-A22C-4D53-A36C-8E866417BD8C): 0
LogDevObjectVersion:   Dev-Core (375EC13C-06E4-48FB-B500-84F0262A717E): 2
LogDevObjectVersion:   Dev-Editor (E4B068ED-F494-42E9-A231-DA0B2E46BB41): 14
LogDevObjectVersion:   Dev-Framework (CFFC743F-43B0-4480-9391-14DF171D2073): 22
LogDevObjectVersion:   Dev-Mobile (B02B49B5-BB20-44E9-A304-32B752E40360): 0
LogDevObjectVersion:   Dev-Networking (A4E4105C-59A1-49B5-A7C5-40C4547EDFEE): 0
LogDevObjectVersion:   Dev-Online (39C831C9-5AE6-47DC-9A44-9C173E1C8E7C): 0
LogDevObjectVersion:   Dev-Physics (78F01B33-EBEA-4F98-B9B4-84EACCB95AA2): 0
LogDevObjectVersion:   Dev-Platform (6631380F-2D4D-43E0-8009-CF276956A95A): 0
LogDevObjectVersion:   Dev-Rendering (12F88B9F-8875-4AFC-A67C-D90C383ABD29): 12
LogDevObjectVersion:   Dev-Sequencer (7B5AE74C-D270-4C10-A958-57980B212A5A): 3
LogDevObjectVersion:   Dev-VR (D7296918-1DD6-4BDD-9DE2-64A83CC13884): 0
LogDevObjectVersion:   Dev-LoadTimes (C2A15278-BFE7-4AFE-6C17-90FF531DF755): 1
LogInit: Compiled (64-bit): May 21 2017 11:02:34
LogInit: Compiled with Visual C++: 19.00.23026.00
LogInit: Build Configuration: Development
LogInit: Branch Name: ++UE4+Release-4.15
LogInit: Command line: 
LogInit: Base directory: D:/UnrealEngine/UE_4.15/Engine/Binaries/Win64/
LogInit: Installed Engine Build: 1
LogInit: Presizing for max 8388607 objects, including 0 objects not considered by GC, pre-allocating 0 bytes for permanent pool.
LogInit: Object subsystem initialized
[2017.11.30-19.02.37:231][  0]LogInit: Selected Device Profile: [Windows]
[2017.11.30-19.02.37:231][  0]LogInit: Applying CVar settings loaded from the selected device profile: [Windows]
[2017.11.30-19.02.37:484][  0]LogInit: Computer: WINCTRL-E5MM7PO
[2017.11.30-19.02.37:484][  0]LogInit: User: HELLOBYE
[2017.11.30-19.02.37:484][  0]LogInit: CPU Page size=65536, Cores=3
[2017.11.30-19.02.37:484][  0]LogInit: High frequency timer resolution =3.825771 MHz
[2017.11.30-19.02.37:541][  0]LogMemory: Memory total: Physical=8.0GB (8GB approx)
[2017.11.30-19.02.37:565][  0]LogMemory: Platform Memory Stats for Windows
[2017.11.30-19.02.37:565][  0]LogMemory: Process Physical Memory: 271.19 MB used, 271.19 MB peak
[2017.11.30-19.02.37:565][  0]LogMemory: Process Virtual Memory: 281.39 MB used, 281.39 MB peak
[2017.11.30-19.02.37:565][  0]LogMemory: Physical Memory: 6701.86 MB used,  1472.26 MB free, 8174.11 MB total
[2017.11.30-19.02.37:565][  0]LogMemory: Virtual Memory: 663.47 MB used,  1472.26 MB free, 134217728.00 MB total
[2017.11.30-19.02.42:367][  0]LogTextLocalizationManager: No specific translations for ('en-MY') exist, so ('en') translations will be used.
[2017.11.30-19.03.13:272][  0]LogD3D11RHI: D3D11 adapters:
[2017.11.30-19.03.14:053][  0]LogD3D11RHI:    0. 'NVIDIA GeForce GTX 650' (Feature Level 11_0)
[2017.11.30-19.03.14:053][  0]LogD3D11RHI:       995/0/4087 MB DedicatedVideo/DedicatedSystem/SharedSystem, Outputs:1, VendorId:0x10de
[2017.11.30-19.03.14:103][  0]LogD3D11RHI:    1. 'Microsoft Basic Render Driver' (Feature Level 11_0)
[2017.11.30-19.03.14:103][  0]LogD3D11RHI:       0/0/4087 MB DedicatedVideo/DedicatedSystem/SharedSystem, Outputs:0, VendorId:0x1414
[2017.11.30-19.03.14:103][  0]LogD3D11RHI: Chosen D3D11 Adapter: 0
[2017.11.30-19.03.14:348][  0]LogD3D11RHI: Creating new Direct3DDevice
[2017.11.30-19.03.14:348][  0]LogD3D11RHI:     GPU DeviceId: 0xfc6 (for the marketing name, search the web for "GPU Device Id")
[2017.11.30-19.03.14:348][  0]LogWindows: EnumDisplayDevices:
[2017.11.30-19.03.14:348][  0]LogWindows:    0. 'NVIDIA GeForce GTX 650' (P:1 D:1)
[2017.11.30-19.03.14:348][  0]LogWindows:    1. 'NVIDIA GeForce GTX 650' (P:0 D:0)
[2017.11.30-19.03.14:348][  0]LogWindows:    2. 'NVIDIA GeForce GTX 650' (P:0 D:0)
[2017.11.30-19.03.14:348][  0]LogWindows:    3. 'NVIDIA GeForce GTX 650' (P:0 D:0)
[2017.11.30-19.03.14:349][  0]LogWindows: DebugString: FoundDriverCount:4 
[2017.11.30-19.03.14:349][  0]LogD3D11RHI:     Adapter Name: NVIDIA GeForce GTX 650
[2017.11.30-19.03.14:349][  0]LogD3D11RHI:   Driver Version: 388.13 (internal:23.21.13.8813, unified:388.13)
[2017.11.30-19.03.14:349][  0]LogD3D11RHI:      Driver Date: 10-27-2017
[2017.11.30-19.03.14:349][  0]LogRHI: Texture pool is 696 MB (70% of 995 MB)
[2017.11.30-19.03.14:449][  0]LogD3D11RHI:Warning: Timestamp queries are currently disabled on this hardware due to instability. Realtime GPU stats will not be available. You can override this behaviour by setting r.NVIDIATimestampWorkaround to 0
[2017.11.30-19.03.14:795][  0]LogD3D11RHI: Async texture creation enabled
[2017.11.30-19.03.21:128][  0]LogD3D11RHI: GPU Timing Frequency: 1000.000000 (Debug: 2 7)
[2017.11.30-19.03.21:366][  0]LogShaderCompilers: Guid format shader working directory is 6 characters bigger than the processId version (../../../../../GitHub/FYP_DumbTesting/Meeting/Intermediate/Shaders/WorkingDirectory/5652/).
[2017.11.30-19.03.21:392][  0]LogShaderCompilers: Cleaned the shader compiler working directory 'C:/Users/HELLO_BYE`/AppData/Local/Temp/UnrealShaderWorkingDir/A574DCAF4086355D79643BB960B91C67/'.
[2017.11.30-19.03.21:392][  0]LogShaderCompilers:Display: Using Local Shader Compiler.
[2017.11.30-19.03.40:846][  0]LogTemp:Display: Loaded TP AllDesktopTargetPlatform
[2017.11.30-19.03.40:928][  0]LogTemp:Display: Loaded TP MacClientTargetPlatform
[2017.11.30-19.03.41:014][  0]LogTemp:Display: Loaded TP MacNoEditorTargetPlatform
[2017.11.30-19.03.41:097][  0]LogTemp:Display: Loaded TP MacServerTargetPlatform
[2017.11.30-19.03.41:204][  0]LogTemp:Display: Loaded TP MacTargetPlatform
[2017.11.30-19.03.41:286][  0]LogTemp:Display: Loaded TP WindowsClientTargetPlatform
[2017.11.30-19.03.41:368][  0]LogTemp:Display: Loaded TP WindowsNoEditorTargetPlatform
[2017.11.30-19.03.41:454][  0]LogTemp:Display: Loaded TP WindowsServerTargetPlatform
[2017.11.30-19.03.41:515][  0]LogTemp:Display: Loaded TP WindowsTargetPlatform
[2017.11.30-19.03.41:607][  0]LogTemp:Display: Loaded TP AndroidTargetPlatform
[2017.11.30-19.03.41:689][  0]LogTemp:Display: Loaded TP Android_ASTCTargetPlatform
[2017.11.30-19.03.41:767][  0]LogTemp:Display: Loaded TP Android_ATCTargetPlatform
[2017.11.30-19.03.41:855][  0]LogTemp:Display: Loaded TP Android_DXTTargetPlatform
[2017.11.30-19.03.41:937][  0]LogTemp:Display: Loaded TP Android_ETC1TargetPlatform
[2017.11.30-19.03.42:022][  0]LogTemp:Display: Loaded TP Android_ETC2TargetPlatform
[2017.11.30-19.03.42:208][  0]LogTemp:Display: Loaded TP Android_MultiTargetPlatform
[2017.11.30-19.03.42:208][  0]LogTemp:Display: Loaded TP Android_PVRTCTargetPlatform
[2017.11.30-19.03.42:308][  0]LogTemp:Display: Loaded TP HTML5TargetPlatform
[2017.11.30-19.03.42:522][  0]LogTemp:Display: Loaded TP IOSTargetPlatform
[2017.11.30-19.03.42:579][  0]LogTemp:Display: Loaded TP TVOSTargetPlatform
[2017.11.30-19.03.42:682][  0]LogTemp:Display: Loaded TP LinuxClientTargetPlatform
[2017.11.30-19.03.42:775][  0]LogTemp:Display: Loaded TP LinuxNoEditorTargetPlatform
[2017.11.30-19.03.42:865][  0]LogTemp:Display: Loaded TP LinuxServerTargetPlatform
[2017.11.30-19.03.42:987][  0]LogTemp:Display: Loaded TP LinuxTargetPlatform
[2017.11.30-19.03.42:987][  0]LogTargetPlatformManager:Display: Building Assets For Windows
[2017.11.30-19.03.45:017][  0]LogDerivedDataCache:Display: Max Cache Size: 512 MB
[2017.11.30-19.03.46:731][  0]LogDerivedDataCache: Loaded boot cache 1.66s 50MB C:/Users/HELLO_BYE`/AppData/Local/UnrealEngine/4.15/DerivedDataCache/Boot.ddc.
[2017.11.30-19.03.46:731][  0]LogDerivedDataCache:Display: Loaded Boot cache: C:/Users/HELLO_BYE`/AppData/Local/UnrealEngine/4.15/DerivedDataCache/Boot.ddc
[2017.11.30-19.03.46:731][  0]LogDerivedDataCache: FDerivedDataBackendGraph:  Pak pak cache file ../../../../../GitHub/FYP_DumbTesting/Meeting/DerivedDataCache/DDC.ddp not found, will not use a pak cache.
[2017.11.30-19.03.46:731][  0]LogDerivedDataCache: Unable to find inner node Pak for hierarchical cache Hierarchy.
[2017.11.30-19.03.46:731][  0]LogDerivedDataCache: FDerivedDataBackendGraph:  CompressedPak pak cache file ../../../../../GitHub/FYP_DumbTesting/Meeting/DerivedDataCache/Compressed.ddp not found, will not use a pak cache.
[2017.11.30-19.03.46:731][  0]LogDerivedDataCache: Unable to find inner node CompressedPak for hierarchical cache Hierarchy.
[2017.11.30-19.03.46:791][  0]LogDerivedDataCache:Display: Pak cache opened for reading ../../../Engine/DerivedDataCache/Compressed.ddp.
[2017.11.30-19.03.46:841][  0]LogDerivedDataCache: Using Local data cache path C:/Users/HELLO_BYE`/AppData/Local/UnrealEngine/Common/DerivedDataCache: Writable
[2017.11.30-19.03.47:017][  0]LogSlate: Using Freetype 2.6.0
[2017.11.30-19.03.47:153][  0]LogSlate: SlateFontCache - WITH_FREETYPE: 1, WITH_HARFBUZZ: 1
[2017.11.30-19.03.47:153][  0]LogSlate: SlateFontCache - WITH_FREETYPE: 1, WITH_HARFBUZZ: 1
[2017.11.30-19.04.09:747][  0]LogInit: Selected Device Profile: [Windows]
[2017.11.30-19.04.09:795][  0]LogContentStreaming: Texture pool size is 0.00 MB
[2017.11.30-19.04.10:620][  0]LogMeshUtilities: Using QuadricMeshReduction for automatic static mesh reduction
[2017.11.30-19.04.10:770][  0]LogSimplygon: Simplygon DLL not present - disabling.
[2017.11.30-19.04.11:258][  0]LogMeshUtilities: Using SimplygonSwarm for distributed automatic mesh merging
[2017.11.30-19.04.11:258][  0]LogMeshUtilities: No automatic skeletal mesh reduction module available
[2017.11.30-19.04.11:258][  0]LogMeshUtilities: No automatic mesh merging module available
[2017.11.30-19.04.25:275][  0]LogNetVersion: GetLocalNetworkVersion: CL: 3299760, ProjectName: meeting, ProjectVersion: , EngineNetworkVersion: 2, GameNetworkVersion: 0, NetworkChecksum: 116300604
[2017.11.30-19.04.25:716][  0]LogAssetRegistry: FAssetRegistry took 0.0219 seconds to start up
[2017.11.30-19.04.26:073][  0]LogPackageLocalizationCache: Processed 3 localized package path(s) for 2 prioritized culture(s) in 0.144553 seconds
[2017.11.30-19.04.26:113][  0]LogUObjectArray: 32493 objects as part of root set at end of initial load.
[2017.11.30-19.04.26:113][  0]LogUObjectAllocator: 7077032 out of 0 bytes used by permanent object pool.
[2017.11.30-19.04.26:113][  0]LogUObjectArray: CloseDisregardForGC: 0/0 objects in disregard for GC pool
[2017.11.30-19.04.26:299][  0]LogInit: WinSock: version 1.1 (2.2), MaxSocks=32767, MaxUdp=65467
[2017.11.30-19.04.54:573][  0]LogTcpMessaging: Initializing TcpMessaging bridge
[2017.11.30-19.04.54:734][  0]LogUdpMessaging: Initializing bridge on interface 0.0.0.0:0 to multicast group 230.0.0.1:6666.
[2017.11.30-19.04.56:614][  0]LogMaterial: Uniform references updated for custom material expression Custom.
[2017.11.30-19.04.57:542][  0]SourceControl: Info Source control is disabled
[2017.11.30-19.04.58:519][  0]SourceControl: Info Source control is disabled
[2017.11.30-19.04.58:666][  0]SourceControl: Info Source control is disabled
[2017.11.30-19.04.58:768][  0]SourceControl: Info Source control is disabled
[2017.11.30-19.05.02:387][  0]LogEngine: Initializing Engine...
[2017.11.30-19.05.02:483][  0]LogHMD: Failed to initialize OpenVR with code 100
[2017.11.30-19.05.03:072][  0]LogStats: UGameplayTagsManager::ConstructGameplayTagTree: Construct from data asset -  0.000 s
[2017.11.30-19.05.03:074][  0]LogStats: UGameplayTagsManager::ConstructGameplayTagTree: GameplayTagTreeChangedEvent.Broadcast -  0.000 s
[2017.11.30-19.05.03:430][  0]LogAIModule: Creating AISystem for world Untitled
[2017.11.30-19.05.03:495][  0]LogInit: XAudio2 using 'VX2363 Series-4 (NVIDIA High Definition Audio)' : 2 channels at 48 kHz using 16 bits per sample (channel mask 0x3)
[2017.11.30-19.05.03:532][  0]LogInit: FAudioDevice initialized.
[2017.11.30-19.05.03:623][  0]LogDerivedDataCache: Saved boot cache 0.08s 50MB C:/Users/HELLO_BYE`/AppData/Local/UnrealEngine/4.15/DerivedDataCache/Boot.ddc.
[2017.11.30-19.05.03:641][  0]LogInit: Texture streaming: Enabled
[2017.11.30-19.05.03:916][  0]LogEngineSessionManager: EngineSessionManager initialized
[2017.11.30-19.05.03:916][  0]LogEngineSessionManager: EngineSessionManager sent abnormal shutdown report. Type=Crashed, SessionId={C1D8CCF9-4AFC-C3FE-F3EE-698E851C7E2C}
[2017.11.30-19.05.04:141][  0]LogInit: Transaction tracking system initialized
[2017.11.30-19.05.05:073][  0]BlueprintLog: New page: Editor Load
[2017.11.30-19.05.07:544][  0]LocalizationService: Info Localization service is disabled
[2017.11.30-19.05.09:161][  0]LogConsoleResponse:Display: 
[2017.11.30-19.05.10:992][  0]LogCook:Display: Max memory allowance for cook 16384mb min free memory 0mb
[2017.11.30-19.05.10:992][  0]LogCook:Display: Mobile HDR setting 1
[2017.11.30-19.05.11:013][  0]LogFileCache: Scanning file cache for directory 'D:/GitHub/FYP_DumbTesting/Meeting/Content/' took 0.04s
[2017.11.30-19.05.13:374][  0]SourceControl: Info Source control is disabled
[2017.11.30-19.05.13:408][  0]Cmd: MAP LOAD FILE="../../../../../GitHub/FYP_DumbTesting/Meeting/Content/ThirdPersonBP/Maps/MockUp_Map.umap" TEMPLATE=0 SHOWPROGRESS=1 FEATURELEVEL=3
[2017.11.30-19.05.13:434][  0]LightingResults: New page: Lighting Build
[2017.11.30-19.05.13:531][  0]MapCheck: New page: Map Check
[2017.11.30-19.05.13:531][  0]LightingResults: New page: Lighting Build
[2017.11.30-19.05.16:510][  0]LogLinker:Warning: Can't find file '/Game/Art/Assets/Tricep/Kilroy_Tricep_UI_BaseColourTransparency'
[2017.11.30-19.05.16:510][  0]LoadErrors: Info Failed to load /Game/Art/Assets/Tricep/Tricep.Tricep Referenced by Tricep_GEN_VARIABLE
[2017.11.30-19.05.16:510][  0]LogLinker:Warning: Can't find file for asset '/Game/Art/Assets/Tricep/Kilroy_Tricep_UI_BaseColourTransparency' while loading ../../../../../GitHub/FYP_DumbTesting/Meeting/Content/Art/Assets/Tricep/Mat_Tricep.uasset.
[2017.11.30-19.05.16:510][  0]LoadErrors: Info Failed to load /Game/Art/Assets/Tricep/Tricep.Tricep Referenced by Tricep_GEN_VARIABLE
[2017.11.30-19.05.16:510][  0]LoadErrors:Error: Error /Game/Art/Assets/Tricep/Mat_Tricep : Can't find file for asset. /Game/Art/Assets/Tricep/Kilroy_Tricep_UI_BaseColourTransparency
[2017.11.30-19.05.16:511][  0]LogLinker:Warning: Can't find file '/Game/Art/Assets/Tricep/Kilroy_Tricep_UI_BaseColourTransparency'
[2017.11.30-19.05.16:511][  0]LoadErrors: Info Failed to load /Game/Art/Assets/Tricep/Tricep.Tricep Referenced by Tricep_GEN_VARIABLE
[2017.11.30-19.05.16:511][  0]LogLinker:Warning: Can't find file for asset '/Game/Art/Assets/Tricep/Kilroy_Tricep_UI_BaseColourTransparency' while loading ../../../../../GitHub/FYP_DumbTesting/Meeting/Content/Art/Assets/Tricep/Mat_Tricep.uasset.
[2017.11.30-19.05.16:511][  0]LoadErrors: Info Failed to load /Game/Art/Assets/Tricep/Tricep.Tricep Referenced by Tricep_GEN_VARIABLE
[2017.11.30-19.05.16:511][  0]LoadErrors:Error: Error /Game/Art/Assets/Tricep/Mat_Tricep : Can't find file for asset. /Game/Art/Assets/Tricep/Kilroy_Tricep_UI_BaseColourTransparency
[2017.11.30-19.05.18:582][  0]LogLinker:Warning: Can't find file '/Game/Tech/PauseMenu/Back_-_Clicked'
[2017.11.30-19.05.18:582][  0]LoadErrors: Info Failed to load /Game/Tech/PauseMenu/PauseMenu_Widget.PauseMenu_Widget_C Referenced by CharacterMesh0
[2017.11.30-19.05.18:582][  0]LogLinker:Warning: Can't find file for asset '/Game/Tech/PauseMenu/Back_-_Clicked' while loading ../../../../../GitHub/FYP_DumbTesting/Meeting/Content/Tech/PauseMenu/PauseMenu_Widget.uasset.
[2017.11.30-19.05.18:582][  0]LoadErrors: Info Failed to load /Game/Tech/PauseMenu/PauseMenu_Widget.PauseMenu_Widget_C Referenced by CharacterMesh0
[2017.11.30-19.05.18:582][  0]LoadErrors:Error: Error /Game/Tech/PauseMenu/PauseMenu_Widget : Can't find file for asset. /Game/Tech/PauseMenu/Back_-_Clicked
[2017.11.30-19.05.18:582][  0]LogLinker:Warning: Can't find file '/Game/Tech/PauseMenu/Back_-_Hover'
[2017.11.30-19.05.18:582][  0]LoadErrors: Info Failed to load /Game/Tech/PauseMenu/PauseMenu_Widget.PauseMenu_Widget_C Referenced by CharacterMesh0
[2017.11.30-19.05.18:582][  0]LogLinker:Warning: Can't find file for asset '/Game/Tech/PauseMenu/Back_-_Hover' while loading ../../../../../GitHub/FYP_DumbTesting/Meeting/Content/Tech/PauseMenu/PauseMenu_Widget.uasset.
[2017.11.30-19.05.18:582][  0]LoadErrors: Info Failed to load /Game/Tech/PauseMenu/PauseMenu_Widget.PauseMenu_Widget_C Referenced by CharacterMesh0
[2017.11.30-19.05.18:582][  0]LoadErrors:Error: Error /Game/Tech/PauseMenu/PauseMenu_Widget : Can't find file for asset. /Game/Tech/PauseMenu/Back_-_Hover
[2017.11.30-19.05.18:582][  0]LogLinker:Warning: Can't find file '/Game/Tech/PauseMenu/Back_-_Idle'
[2017.11.30-19.05.18:582][  0]LoadErrors: Info Failed to load /Game/Tech/PauseMenu/PauseMenu_Widget.PauseMenu_Widget_C Referenced by CharacterMesh0
[2017.11.30-19.05.18:582][  0]LogLinker:Warning: Can't find file for asset '/Game/Tech/PauseMenu/Back_-_Idle' while loading ../../../../../GitHub/FYP_DumbTesting/Meeting/Content/Tech/PauseMenu/PauseMenu_Widget.uasset.
[2017.11.30-19.05.18:582][  0]LoadErrors: Info Failed to load /Game/Tech/PauseMenu/PauseMenu_Widget.PauseMenu_Widget_C Referenced by CharacterMesh0
[2017.11.30-19.05.18:582][  0]LoadErrors:Error: Error /Game/Tech/PauseMenu/PauseMenu_Widget : Can't find file for asset. /Game/Tech/PauseMenu/Back_-_Idle
[2017.11.30-19.05.18:583][  0]LogLinker:Warning: Can't find file '/Game/Tech/PauseMenu/Resume_-_Click'
[2017.11.30-19.05.18:583][  0]LoadErrors: Info Failed to load /Game/Tech/PauseMenu/PauseMenu_Widget.PauseMenu_Widget_C Referenced by CharacterMesh0
[2017.11.30-19.05.18:583][  0]LogLinker:Warning: Can't find file for asset '/Game/Tech/PauseMenu/Resume_-_Click' while loading ../../../../../GitHub/FYP_DumbTesting/Meeting/Content/Tech/PauseMenu/PauseMenu_Widget.uasset.
[2017.11.30-19.05.18:583][  0]LoadErrors: Info Failed to load /Game/Tech/PauseMenu/PauseMenu_Widget.PauseMenu_Widget_C Referenced by CharacterMesh0
[2017.11.30-19.05.18:583][  0]LoadErrors:Error: Error /Game/Tech/PauseMenu/PauseMenu_Widget : Can't find file for asset. /Game/Tech/PauseMenu/Resume_-_Click
[2017.11.30-19.05.18:583][  0]LogLinker:Warning: Can't find file '/Game/Tech/PauseMenu/Resume_-_Hover'
[2017.11.30-19.05.18:583][  0]LoadErrors: Info Failed to load /Game/Tech/PauseMenu/PauseMenu_Widget.PauseMenu_Widget_C Referenced by CharacterMesh0
[2017.11.30-19.05.18:583][  0]LogLinker:Warning: Can't find file for asset '/Game/Tech/PauseMenu/Resume_-_Hover' while loading ../../../../../GitHub/FYP_DumbTesting/Meeting/Content/Tech/PauseMenu/PauseMenu_Widget.uasset.
[2017.11.30-19.05.18:583][  0]LoadErrors: Info Failed to load /Game/Tech/PauseMenu/PauseMenu_Widget.PauseMenu_Widget_C Referenced by CharacterMesh0
[2017.11.30-19.05.18:583][  0]LoadErrors:Error: Error /Game/Tech/PauseMenu/PauseMenu_Widget : Can't find file for asset. /Game/Tech/PauseMenu/Resume_-_Hover
[2017.11.30-19.05.18:583][  0]LogLinker:Warning: Can't find file '/Game/Tech/PauseMenu/Resume_-_Idle'
[2017.11.30-19.05.18:583][  0]LoadErrors: Info Failed to load /Game/Tech/PauseMenu/PauseMenu_Widget.PauseMenu_Widget_C Referenced by CharacterMesh0
[2017.11.30-19.05.18:583][  0]LogLinker:Warning: Can't find file for asset '/Game/Tech/PauseMenu/Resume_-_Idle' while loading ../../../../../GitHub/FYP_DumbTesting/Meeting/Content/Tech/PauseMenu/PauseMenu_Widget.uasset.
[2017.11.30-19.05.18:583][  0]LoadErrors: Info Failed to load /Game/Tech/PauseMenu/PauseMenu_Widget.PauseMenu_Widget_C Referenced by CharacterMesh0
[2017.11.30-19.05.18:583][  0]LoadErrors:Error: Error /Game/Tech/PauseMenu/PauseMenu_Widget : Can't find file for asset. /Game/Tech/PauseMenu/Resume_-_Idle
[2017.11.30-19.05.18:584][  0]LogLinker:Warning: Can't find file '/Game/Tech/PauseMenu/Back_-_Clicked'
[2017.11.30-19.05.18:584][  0]LoadErrors: Info Failed to load /Game/Tech/PauseMenu/PauseMenu_Widget.PauseMenu_Widget_C Referenced by CharacterMesh0
[2017.11.30-19.05.18:584][  0]LogLinker:Warning: Can't find file for asset '/Game/Tech/PauseMenu/Back_-_Clicked' while loading ../../../../../GitHub/FYP_DumbTesting/Meeting/Content/Tech/PauseMenu/PauseMenu_Widget.uasset.
[2017.11.30-19.05.18:584][  0]LoadErrors: Info Failed to load /Game/Tech/PauseMenu/PauseMenu_Widget.PauseMenu_Widget_C Referenced by CharacterMesh0
[2017.11.30-19.05.18:584][  0]LoadErrors:Error: Error /Game/Tech/PauseMenu/PauseMenu_Widget : Can't find file for asset. /Game/Tech/PauseMenu/Back_-_Clicked
[2017.11.30-19.05.18:584][  0]LogLinker:Warning: Can't find file '/Game/Tech/PauseMenu/Back_-_Hover'
[2017.11.30-19.05.18:584][  0]LoadErrors: Info Failed to load /Game/Tech/PauseMenu/PauseMenu_Widget.PauseMenu_Widget_C Referenced by CharacterMesh0
[2017.11.30-19.05.18:584][  0]LogLinker:Warning: Can't find file for asset '/Game/Tech/PauseMenu/Back_-_Hover' while loading ../../../../../GitHub/FYP_DumbTesting/Meeting/Content/Tech/PauseMenu/PauseMenu_Widget.uasset.
[2017.11.30-19.05.18:584][  0]LoadErrors: Info Failed to load /Game/Tech/PauseMenu/PauseMenu_Widget.PauseMenu_Widget_C Referenced by CharacterMesh0
[2017.11.30-19.05.18:584][  0]LoadErrors:Error: Error /Game/Tech/PauseMenu/PauseMenu_Widget : Can't find file for asset. /Game/Tech/PauseMenu/Back_-_Hover
[2017.11.30-19.05.18:584][  0]LogLinker:Warning: Can't find file '/Game/Tech/PauseMenu/Back_-_Idle'
[2017.11.30-19.05.18:584][  0]LoadErrors: Info Failed to load /Game/Tech/PauseMenu/PauseMenu_Widget.PauseMenu_Widget_C Referenced by CharacterMesh0
[2017.11.30-19.05.18:584][  0]LogLinker:Warning: Can't find file for asset '/Game/Tech/PauseMenu/Back_-_Idle' while loading ../../../../../GitHub/FYP_DumbTesting/Meeting/Content/Tech/PauseMenu/PauseMenu_Widget.uasset.
[2017.11.30-19.05.18:584][  0]LoadErrors: Info Failed to load /Game/Tech/PauseMenu/PauseMenu_Widget.PauseMenu_Widget_C Referenced by CharacterMesh0
[2017.11.30-19.05.18:584][  0]LoadErrors:Error: Error /Game/Tech/PauseMenu/PauseMenu_Widget : Can't find file for asset. /Game/Tech/PauseMenu/Back_-_Idle
[2017.11.30-19.05.18:584][  0]LogLinker:Warning: Can't find file '/Game/Tech/PauseMenu/Resume_-_Click'
[2017.11.30-19.05.18:584][  0]LoadErrors: Info Failed to load /Game/Tech/PauseMenu/PauseMenu_Widget.PauseMenu_Widget_C Referenced by CharacterMesh0
[2017.11.30-19.05.18:585][  0]LogLinker:Warning: Can't find file for asset '/Game/Tech/PauseMenu/Resume_-_Click' while loading ../../../../../GitHub/FYP_DumbTesting/Meeting/Content/Tech/PauseMenu/PauseMenu_Widget.uasset.
[2017.11.30-19.05.18:585][  0]LoadErrors: Info Failed to load /Game/Tech/PauseMenu/PauseMenu_Widget.PauseMenu_Widget_C Referenced by CharacterMesh0
[2017.11.30-19.05.18:585][  0]LoadErrors:Error: Error /Game/Tech/PauseMenu/PauseMenu_Widget : Can't find file for asset. /Game/Tech/PauseMenu/Resume_-_Click
[2017.11.30-19.05.18:585][  0]LogLinker:Warning: Can't find file '/Game/Tech/PauseMenu/Resume_-_Hover'
[2017.11.30-19.05.18:585][  0]LoadErrors: Info Failed to load /Game/Tech/PauseMenu/PauseMenu_Widget.PauseMenu_Widget_C Referenced by CharacterMesh0
[2017.11.30-19.05.18:585][  0]LogLinker:Warning: Can't find file for asset '/Game/Tech/PauseMenu/Resume_-_Hover' while loading ../../../../../GitHub/FYP_DumbTesting/Meeting/Content/Tech/PauseMenu/PauseMenu_Widget.uasset.
[2017.11.30-19.05.18:585][  0]LoadErrors: Info Failed to load /Game/Tech/PauseMenu/PauseMenu_Widget.PauseMenu_Widget_C Referenced by CharacterMesh0
[2017.11.30-19.05.18:585][  0]LoadErrors:Error: Error /Game/Tech/PauseMenu/PauseMenu_Widget : Can't find file for asset. /Game/Tech/PauseMenu/Resume_-_Hover
[2017.11.30-19.05.18:585][  0]LogLinker:Warning: Can't find file '/Game/Tech/PauseMenu/Resume_-_Idle'
[2017.11.30-19.05.18:585][  0]LoadErrors: Info Failed to load /Game/Tech/PauseMenu/PauseMenu_Widget.PauseMenu_Widget_C Referenced by CharacterMesh0
[2017.11.30-19.05.18:585][  0]LogLinker:Warning: Can't find file for asset '/Game/Tech/PauseMenu/Resume_-_Idle' while loading ../../../../../GitHub/FYP_DumbTesting/Meeting/Content/Tech/PauseMenu/PauseMenu_Widget.uasset.
[2017.11.30-19.05.18:585][  0]LoadErrors: Info Failed to load /Game/Tech/PauseMenu/PauseMenu_Widget.PauseMenu_Widget_C Referenced by CharacterMesh0
[2017.11.30-19.05.18:585][  0]LoadErrors:Error: Error /Game/Tech/PauseMenu/PauseMenu_Widget : Can't find file for asset. /Game/Tech/PauseMenu/Resume_-_Idle
[2017.11.30-19.05.18:586][  0]LogLinker:Warning: Can't find file '/Game/Tech/PauseMenu/Back_-_Clicked'
[2017.11.30-19.05.18:586][  0]LoadErrors: Info Failed to load /Game/Tech/PauseMenu/Back_-_Clicked Referenced by CharacterMesh0
[2017.11.30-19.05.18:586][  0]LogLinker:Warning: Can't find file for asset '/Game/Tech/PauseMenu/Back_-_Clicked' while loading ../../../../../GitHub/FYP_DumbTesting/Meeting/Content/Tech/InteractionSystem/Inventory/UI_InventoryItem.uasset.
[2017.11.30-19.05.18:586][  0]LoadErrors: Info Failed to load /Game/Tech/PauseMenu/Back_-_Clicked Referenced by CharacterMesh0
[2017.11.30-19.05.18:586][  0]LoadErrors:Error: Error /Game/Tech/InteractionSystem/Inventory/UI_InventoryItem : Can't find file for asset. /Game/Tech/PauseMenu/Back_-_Clicked
[2017.11.30-19.05.18:586][  0]LogLinker:Warning: Can't find file '/Game/Tech/PauseMenu/Back_-_Hover'
[2017.11.30-19.05.18:586][  0]LoadErrors: Info Failed to load /Game/Tech/PauseMenu/Back_-_Hover Referenced by CharacterMesh0
[2017.11.30-19.05.18:586][  0]LogLinker:Warning: Can't find file for asset '/Game/Tech/PauseMenu/Back_-_Hover' while loading ../../../../../GitHub/FYP_DumbTesting/Meeting/Content/Tech/InteractionSystem/Inventory/UI_InventoryItem.uasset.
[2017.11.30-19.05.18:586][  0]LoadErrors: Info Failed to load /Game/Tech/PauseMenu/Back_-_Hover Referenced by CharacterMesh0
[2017.11.30-19.05.18:587][  0]LoadErrors:Error: Error /Game/Tech/InteractionSystem/Inventory/UI_InventoryItem : Can't find file for asset. /Game/Tech/PauseMenu/Back_-_Hover
[2017.11.30-19.05.18:587][  0]LogLinker:Warning: Can't find file '/Game/Tech/PauseMenu/Back_-_Idle'
[2017.11.30-19.05.18:587][  0]LoadErrors: Info Failed to load /Game/Tech/PauseMenu/Back_-_Idle Referenced by CharacterMesh0
[2017.11.30-19.05.18:587][  0]LogLinker:Warning: Can't find file for asset '/Game/Tech/PauseMenu/Back_-_Idle' while loading ../../../../../GitHub/FYP_DumbTesting/Meeting/Content/Tech/InteractionSystem/Inventory/UI_InventoryItem.uasset.
[2017.11.30-19.05.18:587][  0]LoadErrors: Info Failed to load /Game/Tech/PauseMenu/Back_-_Idle Referenced by CharacterMesh0
[2017.11.30-19.05.18:587][  0]LoadErrors:Error: Error /Game/Tech/InteractionSystem/Inventory/UI_InventoryItem : Can't find file for asset. /Game/Tech/PauseMenu/Back_-_Idle
[2017.11.30-19.05.18:587][  0]LogLinker:Warning: Can't find file '/Game/Tech/PauseMenu/Resume_-_Click'
[2017.11.30-19.05.18:587][  0]LoadErrors: Info Failed to load /Game/Tech/PauseMenu/Resume_-_Click Referenced by CharacterMesh0
[2017.11.30-19.05.18:587][  0]LogLinker:Warning: Can't find file for asset '/Game/Tech/PauseMenu/Resume_-_Click' while loading ../../../../../GitHub/FYP_DumbTesting/Meeting/Content/Tech/InteractionSystem/Inventory/UI_InventoryItem.uasset.
[2017.11.30-19.05.18:587][  0]LoadErrors: Info Failed to load /Game/Tech/PauseMenu/Resume_-_Click Referenced by CharacterMesh0
[2017.11.30-19.05.18:587][  0]LoadErrors:Error: Error /Game/Tech/InteractionSystem/Inventory/UI_InventoryItem : Can't find file for asset. /Game/Tech/PauseMenu/Resume_-_Click
[2017.11.30-19.05.18:587][  0]LogLinker:Warning: Can't find file '/Game/Tech/PauseMenu/Resume_-_Hover'
[2017.11.30-19.05.18:587][  0]LoadErrors: Info Failed to load /Game/Tech/PauseMenu/Resume_-_Hover Referenced by CharacterMesh0
[2017.11.30-19.05.18:587][  0]LogLinker:Warning: Can't find file for asset '/Game/Tech/PauseMenu/Resume_-_Hover' while loading ../../../../../GitHub/FYP_DumbTesting/Meeting/Content/Tech/InteractionSystem/Inventory/UI_InventoryItem.uasset.
[2017.11.30-19.05.18:587][  0]LoadErrors: Info Failed to load /Game/Tech/PauseMenu/Resume_-_Hover Referenced by CharacterMesh0
[2017.11.30-19.05.18:587][  0]LoadErrors:Error: Error /Game/Tech/InteractionSystem/Inventory/UI_InventoryItem : Can't find file for asset. /Game/Tech/PauseMenu/Resume_-_Hover
[2017.11.30-19.05.18:587][  0]LogLinker:Warning: Can't find file '/Game/Tech/PauseMenu/Resume_-_Idle'
[2017.11.30-19.05.18:587][  0]LoadErrors: Info Failed to load /Game/Tech/PauseMenu/Resume_-_Idle Referenced by CharacterMesh0
[2017.11.30-19.05.18:587][  0]LogLinker:Warning: Can't find file for asset '/Game/Tech/PauseMenu/Resume_-_Idle' while loading ../../../../../GitHub/FYP_DumbTesting/Meeting/Content/Tech/InteractionSystem/Inventory/UI_InventoryItem.uasset.
[2017.11.30-19.05.18:588][  0]LoadErrors: Info Failed to load /Game/Tech/PauseMenu/Resume_-_Idle Referenced by CharacterMesh0
[2017.11.30-19.05.18:588][  0]LoadErrors:Error: Error /Game/Tech/InteractionSystem/Inventory/UI_InventoryItem : Can't find file for asset. /Game/Tech/PauseMenu/Resume_-_Idle
[2017.11.30-19.05.18:588][  0]LogLinker:Warning: Can't find file '/Game/Tech/PauseMenu/Back_-_Clicked'
[2017.11.30-19.05.18:588][  0]LoadErrors: Info Failed to load /Game/Tech/PauseMenu/Back_-_Clicked.Back_-_Clicked Referenced by CharacterMesh0
[2017.11.30-19.05.18:588][  0]LogLinker:Warning: Can't find file for asset '/Game/Tech/PauseMenu/Back_-_Clicked' while loading ../../../../../GitHub/FYP_DumbTesting/Meeting/Content/Tech/InteractionSystem/Inventory/UI_InventoryItem.uasset.
[2017.11.30-19.05.18:588][  0]LoadErrors: Info Failed to load /Game/Tech/PauseMenu/Back_-_Clicked.Back_-_Clicked Referenced by CharacterMesh0
[2017.11.30-19.05.18:588][  0]LoadErrors:Error: Error /Game/Tech/InteractionSystem/Inventory/UI_InventoryItem : Can't find file for asset. /Game/Tech/PauseMenu/Back_-_Clicked
[2017.11.30-19.05.18:588][  0]LogLinker:Warning: Can't find file '/Game/Tech/PauseMenu/Back_-_Hover'
[2017.11.30-19.05.18:588][  0]LoadErrors: Info Failed to load /Game/Tech/PauseMenu/Back_-_Hover.Back_-_Hover Referenced by CharacterMesh0
[2017.11.30-19.05.18:588][  0]LogLinker:Warning: Can't find file for asset '/Game/Tech/PauseMenu/Back_-_Hover' while loading ../../../../../GitHub/FYP_DumbTesting/Meeting/Content/Tech/InteractionSystem/Inventory/UI_InventoryItem.uasset.
[2017.11.30-19.05.18:588][  0]LoadErrors: Info Failed to load /Game/Tech/PauseMenu/Back_-_Hover.Back_-_Hover Referenced by CharacterMesh0
[2017.11.30-19.05.18:588][  0]LoadErrors:Error: Error /Game/Tech/InteractionSystem/Inventory/UI_InventoryItem : Can't find file for asset. /Game/Tech/PauseMenu/Back_-_Hover
[2017.11.30-19.05.18:588][  0]LogLinker:Warning: Can't find file '/Game/Tech/PauseMenu/Back_-_Idle'
[2017.11.30-19.05.18:588][  0]LoadErrors: Info Failed to load /Game/Tech/PauseMenu/Back_-_Idle.Back_-_Idle Referenced by CharacterMesh0
[2017.11.30-19.05.18:588][  0]LogLinker:Warning: Can't find file for asset '/Game/Tech/PauseMenu/Back_-_Idle' while loading ../../../../../GitHub/FYP_DumbTesting/Meeting/Content/Tech/InteractionSystem/Inventory/UI_InventoryItem.uasset.
[2017.11.30-19.05.18:589][  0]LoadErrors: Info Failed to load /Game/Tech/PauseMenu/Back_-_Idle.Back_-_Idle Referenced by CharacterMesh0
[2017.11.30-19.05.18:589][  0]LoadErrors:Error: Error /Game/Tech/InteractionSystem/Inventory/UI_InventoryItem : Can't find file for asset. /Game/Tech/PauseMenu/Back_-_Idle
[2017.11.30-19.05.18:589][  0]LogLinker:Warning: Can't find file '/Game/Tech/PauseMenu/Resume_-_Click'
[2017.11.30-19.05.18:589][  0]LoadErrors: Info Failed to load /Game/Tech/PauseMenu/Resume_-_Click.Resume_-_Click Referenced by CharacterMesh0
[2017.11.30-19.05.18:589][  0]LogLinker:Warning: Can't find file for asset '/Game/Tech/PauseMenu/Resume_-_Click' while loading ../../../../../GitHub/FYP_DumbTesting/Meeting/Content/Tech/InteractionSystem/Inventory/UI_InventoryItem.uasset.
[2017.11.30-19.05.18:589][  0]LoadErrors: Info Failed to load /Game/Tech/PauseMenu/Resume_-_Click.Resume_-_Click Referenced by CharacterMesh0
[2017.11.30-19.05.18:589][  0]LoadErrors:Error: Error /Game/Tech/InteractionSystem/Inventory/UI_InventoryItem : Can't find file for asset. /Game/Tech/PauseMenu/Resume_-_Click
[2017.11.30-19.05.18:589][  0]LogLinker:Warning: Can't find file '/Game/Tech/PauseMenu/Resume_-_Hover'
[2017.11.30-19.05.18:589][  0]LoadErrors: Info Failed to load /Game/Tech/PauseMenu/Resume_-_Hover.Resume_-_Hover Referenced by CharacterMesh0
[2017.11.30-19.05.18:589][  0]LogLinker:Warning: Can't find file for asset '/Game/Tech/PauseMenu/Resume_-_Hover' while loading ../../../../../GitHub/FYP_DumbTesting/Meeting/Content/Tech/InteractionSystem/Inventory/UI_InventoryItem.uasset.
[2017.11.30-19.05.18:589][  0]LoadErrors: Info Failed to load /Game/Tech/PauseMenu/Resume_-_Hover.Resume_-_Hover Referenced by CharacterMesh0
[2017.11.30-19.05.18:589][  0]LoadErrors:Error: Error /Game/Tech/InteractionSystem/Inventory/UI_InventoryItem : Can't find file for asset. /Game/Tech/PauseMenu/Resume_-_Hover
[2017.11.30-19.05.18:589][  0]LogLinker:Warning: Can't find file '/Game/Tech/PauseMenu/Resume_-_Idle'
[2017.11.30-19.05.18:589][  0]LoadErrors: Info Failed to load /Game/Tech/PauseMenu/Resume_-_Idle.Resume_-_Idle Referenced by CharacterMesh0
[2017.11.30-19.05.18:589][  0]LogLinker:Warning: Can't find file for asset '/Game/Tech/PauseMenu/Resume_-_Idle' while loading ../../../../../GitHub/FYP_DumbTesting/Meeting/Content/Tech/InteractionSystem/Inventory/UI_InventoryItem.uasset.
[2017.11.30-19.05.18:589][  0]LoadErrors: Info Failed to load /Game/Tech/PauseMenu/Resume_-_Idle.Resume_-_Idle Referenced by CharacterMesh0
[2017.11.30-19.05.18:589][  0]LoadErrors:Error: Error /Game/Tech/InteractionSystem/Inventory/UI_InventoryItem : Can't find file for asset. /Game/Tech/PauseMenu/Resume_-_Idle
[2017.11.30-19.05.18:602][  0]LogLinker:Warning: Can't find file '/Game/Tech/PauseMenu/Back_-_Idle'
[2017.11.30-19.05.18:602][  0]LoadErrors: Info Failed to load /Game/Tech/PauseMenu/Back_-_Idle.Back_-_Idle Referenced by Back_Button
[2017.11.30-19.05.18:602][  0]LogLinker:Warning: Can't find file for asset '/Game/Tech/PauseMenu/Back_-_Idle' while loading ../../../../../GitHub/FYP_DumbTesting/Meeting/Content/Tech/InteractionSystem/Inventory/UI_InventoryItem.uasset.
[2017.11.30-19.05.18:602][  0]LoadErrors: Info Failed to load /Game/Tech/PauseMenu/Back_-_Idle.Back_-_Idle Referenced by Back_Button
[2017.11.30-19.05.18:602][  0]LoadErrors:Error: Error /Game/Tech/InteractionSystem/Inventory/UI_InventoryItem : Can't find file for asset. /Game/Tech/PauseMenu/Back_-_Idle
[2017.11.30-19.05.18:602][  0]LogLinker:Warning: Can't find file '/Game/Tech/PauseMenu/Back_-_Hover'
[2017.11.30-19.05.18:602][  0]LoadErrors: Info Failed to load /Game/Tech/PauseMenu/Back_-_Hover.Back_-_Hover Referenced by Back_Button
[2017.11.30-19.05.18:602][  0]LogLinker:Warning: Can't find file for asset '/Game/Tech/PauseMenu/Back_-_Hover' while loading ../../../../../GitHub/FYP_DumbTesting/Meeting/Content/Tech/InteractionSystem/Inventory/UI_InventoryItem.uasset.
[2017.11.30-19.05.18:602][  0]LoadErrors: Info Failed to load /Game/Tech/PauseMenu/Back_-_Hover.Back_-_Hover Referenced by Back_Button
[2017.11.30-19.05.18:602][  0]LoadErrors:Error: Error /Game/Tech/InteractionSystem/Inventory/UI_InventoryItem : Can't find file for asset. /Game/Tech/PauseMenu/Back_-_Hover
[2017.11.30-19.05.18:602][  0]LogLinker:Warning: Can't find file '/Game/Tech/PauseMenu/Back_-_Clicked'
[2017.11.30-19.05.18:602][  0]LoadErrors: Info Failed to load /Game/Tech/PauseMenu/Back_-_Clicked.Back_-_Clicked Referenced by Back_Button
[2017.11.30-19.05.18:602][  0]LogLinker:Warning: Can't find file for asset '/Game/Tech/PauseMenu/Back_-_Clicked' while loading ../../../../../GitHub/FYP_DumbTesting/Meeting/Content/Tech/InteractionSystem/Inventory/UI_InventoryItem.uasset.
[2017.11.30-19.05.18:602][  0]LoadErrors: Info Failed to load /Game/Tech/PauseMenu/Back_-_Clicked.Back_-_Clicked Referenced by Back_Button
[2017.11.30-19.05.18:602][  0]LoadErrors:Error: Error /Game/Tech/InteractionSystem/Inventory/UI_InventoryItem : Can't find file for asset. /Game/Tech/PauseMenu/Back_-_Clicked
[2017.11.30-19.05.18:603][  0]LogLinker:Warning: Can't find file '/Game/Tech/PauseMenu/Resume_-_Idle'
[2017.11.30-19.05.18:603][  0]LoadErrors: Info Failed to load /Game/Tech/PauseMenu/Resume_-_Idle.Resume_-_Idle Referenced by Resume_Button
[2017.11.30-19.05.18:603][  0]LogLinker:Warning: Can't find file for asset '/Game/Tech/PauseMenu/Resume_-_Idle' while loading ../../../../../GitHub/FYP_DumbTesting/Meeting/Content/Tech/InteractionSystem/Inventory/UI_InventoryItem.uasset.
[2017.11.30-19.05.18:603][  0]LoadErrors: Info Failed to load /Game/Tech/PauseMenu/Resume_-_Idle.Resume_-_Idle Referenced by Resume_Button
[2017.11.30-19.05.18:603][  0]LoadErrors:Error: Error /Game/Tech/InteractionSystem/Inventory/UI_InventoryItem : Can't find file for asset. /Game/Tech/PauseMenu/Resume_-_Idle
[2017.11.30-19.05.18:603][  0]LogLinker:Warning: Can't find file '/Game/Tech/PauseMenu/Resume_-_Hover'
[2017.11.30-19.05.18:603][  0]LoadErrors: Info Failed to load /Game/Tech/PauseMenu/Resume_-_Hover.Resume_-_Hover Referenced by Resume_Button
[2017.11.30-19.05.18:603][  0]LogLinker:Warning: Can't find file for asset '/Game/Tech/PauseMenu/Resume_-_Hover' while loading ../../../../../GitHub/FYP_DumbTesting/Meeting/Content/Tech/InteractionSystem/Inventory/UI_InventoryItem.uasset.
[2017.11.30-19.05.18:603][  0]LoadErrors: Info Failed to load /Game/Tech/PauseMenu/Resume_-_Hover.Resume_-_Hover Referenced by Resume_Button
[2017.11.30-19.05.18:603][  0]LoadErrors:Error: Error /Game/Tech/InteractionSystem/Inventory/UI_InventoryItem : Can't find file for asset. /Game/Tech/PauseMenu/Resume_-_Hover
[2017.11.30-19.05.18:603][  0]LogLinker:Warning: Can't find file '/Game/Tech/PauseMenu/Resume_-_Click'
[2017.11.30-19.05.18:603][  0]LoadErrors: Info Failed to load /Game/Tech/PauseMenu/Resume_-_Click.Resume_-_Click Referenced by Resume_Button
[2017.11.30-19.05.18:603][  0]LogLinker:Warning: Can't find file for asset '/Game/Tech/PauseMenu/Resume_-_Click' while loading ../../../../../GitHub/FYP_DumbTesting/Meeting/Content/Tech/InteractionSystem/Inventory/UI_InventoryItem.uasset.
[2017.11.30-19.05.18:603][  0]LoadErrors: Info Failed to load /Game/Tech/PauseMenu/Resume_-_Click.Resume_-_Click Referenced by Resume_Button
[2017.11.30-19.05.18:603][  0]LoadErrors:Error: Error /Game/Tech/InteractionSystem/Inventory/UI_InventoryItem : Can't find file for asset. /Game/Tech/PauseMenu/Resume_-_Click
[2017.11.30-19.05.18:951][  0]LogLinker:Warning: Can't find file '/Game/Art/Assets/Fruit/Material/Fruit_1__BaseColor'
[2017.11.30-19.05.18:951][  0]LoadErrors: Info Failed to load /Game/Tech/InteractionSystem/Inventory/Base_Fruit/Base_Fruit_Apple.Base_Fruit_Apple_C Referenced by CharacterMesh0
[2017.11.30-19.05.18:951][  0]LogLinker:Warning: Can't find file for asset '/Game/Art/Assets/Fruit/Material/Fruit_1__BaseColor' while loading ../../../../../GitHub/FYP_DumbTesting/Meeting/Content/Art/Assets/Fruit/Material/Mat_Fruit.uasset.
[2017.11.30-19.05.18:951][  0]LoadErrors: Info Failed to load /Game/Tech/InteractionSystem/Inventory/Base_Fruit/Base_Fruit_Apple.Base_Fruit_Apple_C Referenced by CharacterMesh0
[2017.11.30-19.05.18:951][  0]LoadErrors:Error: Error /Game/Art/Assets/Fruit/Material/Mat_Fruit : Can't find file for asset. /Game/Art/Assets/Fruit/Material/Fruit_1__BaseColor
[2017.11.30-19.05.18:951][  0]LogLinker:Warning: Can't find file '/Game/Art/Assets/Fruit/Material/Fruit_1_DefaultMaterial_Normal'
[2017.11.30-19.05.18:951][  0]LoadErrors: Info Failed to load /Game/Tech/InteractionSystem/Inventory/Base_Fruit/Base_Fruit_Apple.Base_Fruit_Apple_C Referenced by CharacterMesh0
[2017.11.30-19.05.18:952][  0]LogLinker:Warning: Can't find file for asset '/Game/Art/Assets/Fruit/Material/Fruit_1_DefaultMaterial_Normal' while loading ../../../../../GitHub/FYP_DumbTesting/Meeting/Content/Art/Assets/Fruit/Material/Mat_Fruit.uasset.
[2017.11.30-19.05.18:952][  0]LoadErrors: Info Failed to load /Game/Tech/InteractionSystem/Inventory/Base_Fruit/Base_Fruit_Apple.Base_Fruit_Apple_C Referenced by CharacterMesh0
[2017.11.30-19.05.18:952][  0]LoadErrors:Error: Error /Game/Art/Assets/Fruit/Material/Mat_Fruit : Can't find file for asset. /Game/Art/Assets/Fruit/Material/Fruit_1_DefaultMaterial_Normal
[2017.11.30-19.05.18:952][  0]LogLinker:Warning: Can't find file '/Game/Art/Assets/Fruit/Material/Fruit_1_Emissive'
[2017.11.30-19.05.18:952][  0]LoadErrors: Info Failed to load /Game/Tech/InteractionSystem/Inventory/Base_Fruit/Base_Fruit_Apple.Base_Fruit_Apple_C Referenced by CharacterMesh0
[2017.11.30-19.05.18:952][  0]LogLinker:Warning: Can't find file for asset '/Game/Art/Assets/Fruit/Material/Fruit_1_Emissive' while loading ../../../../../GitHub/FYP_DumbTesting/Meeting/Content/Art/Assets/Fruit/Material/Mat_Fruit.uasset.
[2017.11.30-19.05.18:952][  0]LoadErrors: Info Failed to load /Game/Tech/InteractionSystem/Inventory/Base_Fruit/Base_Fruit_Apple.Base_Fruit_Apple_C Referenced by CharacterMesh0
[2017.11.30-19.05.18:952][  0]LoadErrors:Error: Error /Game/Art/Assets/Fruit/Material/Mat_Fruit : Can't find file for asset. /Game/Art/Assets/Fruit/Material/Fruit_1_Emissive
[2017.11.30-19.05.18:952][  0]LogLinker:Warning: Can't find file '/Game/Art/Assets/Fruit/Material/Fruit_1_OcclusionRoughnessMetallic'
[2017.11.30-19.05.18:952][  0]LoadErrors: Info Failed to load /Game/Tech/InteractionSystem/Inventory/Base_Fruit/Base_Fruit_Apple.Base_Fruit_Apple_C Referenced by CharacterMesh0
[2017.11.30-19.05.18:952][  0]LogLinker:Warning: Can't find file for asset '/Game/Art/Assets/Fruit/Material/Fruit_1_OcclusionRoughnessMetallic' while loading ../../../../../GitHub/FYP_DumbTesting/Meeting/Content/Art/Assets/Fruit/Material/Mat_Fruit.uasset.
[2017.11.30-19.05.18:952][  0]LoadErrors: Info Failed to load /Game/Tech/InteractionSystem/Inventory/Base_Fruit/Base_Fruit_Apple.Base_Fruit_Apple_C Referenced by CharacterMesh0
[2017.11.30-19.05.18:952][  0]LoadErrors:Error: Error /Game/Art/Assets/Fruit/Material/Mat_Fruit : Can't find file for asset. /Game/Art/Assets/Fruit/Material/Fruit_1_OcclusionRoughnessMetallic
[2017.11.30-19.05.18:953][  0]LogLinker:Warning: Can't find file '/Game/Art/Assets/Fruit/Material/Fruit_1__BaseColor'
[2017.11.30-19.05.18:953][  0]LoadErrors: Info Failed to load /Game/Tech/InteractionSystem/Inventory/Base_Fruit/Base_Fruit_Apple.Base_Fruit_Apple_C Referenced by CharacterMesh0
[2017.11.30-19.05.18:953][  0]LogLinker:Warning: Can't find file for asset '/Game/Art/Assets/Fruit/Material/Fruit_1__BaseColor' while loading ../../../../../GitHub/FYP_DumbTesting/Meeting/Content/Art/Assets/Fruit/Material/Mat_Fruit.uasset.
[2017.11.30-19.05.18:953][  0]LoadErrors: Info Failed to load /Game/Tech/InteractionSystem/Inventory/Base_Fruit/Base_Fruit_Apple.Base_Fruit_Apple_C Referenced by CharacterMesh0
[2017.11.30-19.05.18:953][  0]LoadErrors:Error: Error /Game/Art/Assets/Fruit/Material/Mat_Fruit : Can't find file for asset. /Game/Art/Assets/Fruit/Material/Fruit_1__BaseColor
[2017.11.30-19.05.18:953][  0]LogLinker:Warning: Can't find file '/Game/Art/Assets/Fruit/Material/Fruit_1_DefaultMaterial_Normal'
[2017.11.30-19.05.18:953][  0]LoadErrors: Info Failed to load /Game/Tech/InteractionSystem/Inventory/Base_Fruit/Base_Fruit_Apple.Base_Fruit_Apple_C Referenced by CharacterMesh0
[2017.11.30-19.05.18:953][  0]LogLinker:Warning: Can't find file for asset '/Game/Art/Assets/Fruit/Material/Fruit_1_DefaultMaterial_Normal' while loading ../../../../../GitHub/FYP_DumbTesting/Meeting/Content/Art/Assets/Fruit/Material/Mat_Fruit.uasset.
[2017.11.30-19.05.18:953][  0]LoadErrors: Info Failed to load /Game/Tech/InteractionSystem/Inventory/Base_Fruit/Base_Fruit_Apple.Base_Fruit_Apple_C Referenced by CharacterMesh0
[2017.11.30-19.05.18:953][  0]LoadErrors:Error: Error /Game/Art/Assets/Fruit/Material/Mat_Fruit : Can't find file for asset. /Game/Art/Assets/Fruit/Material/Fruit_1_DefaultMaterial_Normal
[2017.11.30-19.05.18:953][  0]LogLinker:Warning: Can't find file '/Game/Art/Assets/Fruit/Material/Fruit_1_Emissive'
[2017.11.30-19.05.18:953][  0]LoadErrors: Info Failed to load /Game/Tech/InteractionSystem/Inventory/Base_Fruit/Base_Fruit_Apple.Base_Fruit_Apple_C Referenced by CharacterMesh0
[2017.11.30-19.05.18:953][  0]LogLinker:Warning: Can't find file for asset '/Game/Art/Assets/Fruit/Material/Fruit_1_Emissive' while loading ../../../../../GitHub/FYP_DumbTesting/Meeting/Content/Art/Assets/Fruit/Material/Mat_Fruit.uasset.
[2017.11.30-19.05.18:953][  0]LoadErrors: Info Failed to load /Game/Tech/InteractionSystem/Inventory/Base_Fruit/Base_Fruit_Apple.Base_Fruit_Apple_C Referenced by CharacterMesh0
[2017.11.30-19.05.18:953][  0]LoadErrors:Error: Error /Game/Art/Assets/Fruit/Material/Mat_Fruit : Can't find file for asset. /Game/Art/Assets/Fruit/Material/Fruit_1_Emissive
[2017.11.30-19.05.18:953][  0]LogLinker:Warning: Can't find file '/Game/Art/Assets/Fruit/Material/Fruit_1_OcclusionRoughnessMetallic'
[2017.11.30-19.05.18:953][  0]LoadErrors: Info Failed to load /Game/Tech/InteractionSystem/Inventory/Base_Fruit/Base_Fruit_Apple.Base_Fruit_Apple_C Referenced by CharacterMesh0
[2017.11.30-19.05.18:954][  0]LogLinker:Warning: Can't find file for asset '/Game/Art/Assets/Fruit/Material/Fruit_1_OcclusionRoughnessMetallic' while loading ../../../../../GitHub/FYP_DumbTesting/Meeting/Content/Art/Assets/Fruit/Material/Mat_Fruit.uasset.
[2017.11.30-19.05.18:954][  0]LoadErrors: Info Failed to load /Game/Tech/InteractionSystem/Inventory/Base_Fruit/Base_Fruit_Apple.Base_Fruit_Apple_C Referenced by CharacterMesh0
[2017.11.30-19.05.18:954][  0]LoadErrors:Error: Error /Game/Art/Assets/Fruit/Material/Mat_Fruit : Can't find file for asset. /Game/Art/Assets/Fruit/Material/Fruit_1_OcclusionRoughnessMetallic
[2017.11.30-19.05.19:889][  0]LogBlueprint:Warning: [Hacking_Terminal_UI_Blueprint] 'Name' variable not found. Base class was probably changed.
[2017.11.30-19.05.19:936][  0]LogBlueprint:Warning: [Hacking_Terminal_UI8_Blueprint] 'Name' variable not found. Base class was probably changed.
[2017.11.30-19.05.21:482][  0]LogLinker:Warning: Can't find file '/Game/Art/KiorCharacter/Material/Hair/Kilroy_Hair_BaseColour'
[2017.11.30-19.05.21:482][  0]LoadErrors: Info Failed to load /Game/Art/KiorCharacter/Kior_SkeletalMesh.Kior_SkeletalMesh Referenced by CharacterMesh0
[2017.11.30-19.05.21:482][  0]LogLinker:Warning: Can't find file for asset '/Game/Art/KiorCharacter/Material/Hair/Kilroy_Hair_BaseColour' while loading ../../../../../GitHub/FYP_DumbTesting/Meeting/Content/Art/KiorCharacter/Material/Hair/Mat_KillRoyHair.uasset.
[2017.11.30-19.05.21:482][  0]LoadErrors: Info Failed to load /Game/Art/KiorCharacter/Kior_SkeletalMesh.Kior_SkeletalMesh Referenced by CharacterMesh0
[2017.11.30-19.05.21:482][  0]LoadErrors:Error: Error /Game/Art/KiorCharacter/Material/Hair/Mat_KillRoyHair : Can't find file for asset. /Game/Art/KiorCharacter/Material/Hair/Kilroy_Hair_BaseColour
[2017.11.30-19.05.21:482][  0]LogLinker:Warning: Can't find file '/Game/Art/KiorCharacter/Material/Hair/Kilroy_Hair_Gloss'
[2017.11.30-19.05.21:482][  0]LoadErrors: Info Failed to load /Game/Art/KiorCharacter/Kior_SkeletalMesh.Kior_SkeletalMesh Referenced by CharacterMesh0
[2017.11.30-19.05.21:482][  0]LogLinker:Warning: Can't find file for asset '/Game/Art/KiorCharacter/Material/Hair/Kilroy_Hair_Gloss' while loading ../../../../../GitHub/FYP_DumbTesting/Meeting/Content/Art/KiorCharacter/Material/Hair/Mat_KillRoyHair.uasset.
[2017.11.30-19.05.21:482][  0]LoadErrors: Info Failed to load /Game/Art/KiorCharacter/Kior_SkeletalMesh.Kior_SkeletalMesh Referenced by CharacterMesh0
[2017.11.30-19.05.21:482][  0]LoadErrors:Error: Error /Game/Art/KiorCharacter/Material/Hair/Mat_KillRoyHair : Can't find file for asset. /Game/Art/KiorCharacter/Material/Hair/Kilroy_Hair_Gloss
[2017.11.30-19.05.21:482][  0]LogLinker:Warning: Can't find file '/Game/Art/KiorCharacter/Material/Hair/Kilroy_Hair_Normal'
[2017.11.30-19.05.21:482][  0]LoadErrors: Info Failed to load /Game/Art/KiorCharacter/Kior_SkeletalMesh.Kior_SkeletalMesh Referenced by CharacterMesh0
[2017.11.30-19.05.21:483][  0]LogLinker:Warning: Can't find file for asset '/Game/Art/KiorCharacter/Material/Hair/Kilroy_Hair_Normal' while loading ../../../../../GitHub/FYP_DumbTesting/Meeting/Content/Art/KiorCharacter/Material/Hair/Mat_KillRoyHair.uasset.
[2017.11.30-19.05.21:483][  0]LoadErrors: Info Failed to load /Game/Art/KiorCharacter/Kior_SkeletalMesh.Kior_SkeletalMesh Referenced by CharacterMesh0
[2017.11.30-19.05.21:483][  0]LoadErrors:Error: Error /Game/Art/KiorCharacter/Material/Hair/Mat_KillRoyHair : Can't find file for asset. /Game/Art/KiorCharacter/Material/Hair/Kilroy_Hair_Normal
[2017.11.30-19.05.21:483][  0]LogLinker:Warning: Can't find file '/Game/Art/KiorCharacter/Material/Hair/Kilroy_Hair_Occlusion'
[2017.11.30-19.05.21:483][  0]LoadErrors: Info Failed to load /Game/Art/KiorCharacter/Kior_SkeletalMesh.Kior_SkeletalMesh Referenced by CharacterMesh0
[2017.11.30-19.05.21:483][  0]LogLinker:Warning: Can't find file for asset '/Game/Art/KiorCharacter/Material/Hair/Kilroy_Hair_Occlusion' while loading ../../../../../GitHub/FYP_DumbTesting/Meeting/Content/Art/KiorCharacter/Material/Hair/Mat_KillRoyHair.uasset.
[2017.11.30-19.05.21:483][  0]LoadErrors: Info Failed to load /Game/Art/KiorCharacter/Kior_SkeletalMesh.Kior_SkeletalMesh Referenced by CharacterMesh0
[2017.11.30-19.05.21:483][  0]LoadErrors:Error: Error /Game/Art/KiorCharacter/Material/Hair/Mat_KillRoyHair : Can't find file for asset. /Game/Art/KiorCharacter/Material/Hair/Kilroy_Hair_Occlusion
[2017.11.30-19.05.21:483][  0]LogLinker:Warning: Can't find file '/Game/Art/KiorCharacter/Material/Hair/Kilroy_Hair_Specular'
[2017.11.30-19.05.21:483][  0]LoadErrors: Info Failed to load /Game/Art/KiorCharacter/Kior_SkeletalMesh.Kior_SkeletalMesh Referenced by CharacterMesh0
[2017.11.30-19.05.21:483][  0]LogLinker:Warning: Can't find file for asset '/Game/Art/KiorCharacter/Material/Hair/Kilroy_Hair_Specular' while loading ../../../../../GitHub/FYP_DumbTesting/Meeting/Content/Art/KiorCharacter/Material/Hair/Mat_KillRoyHair.uasset.
[2017.11.30-19.05.21:483][  0]LoadErrors: Info Failed to load /Game/Art/KiorCharacter/Kior_SkeletalMesh.Kior_SkeletalMesh Referenced by CharacterMesh0
[2017.11.30-19.05.21:483][  0]LoadErrors:Error: Error /Game/Art/KiorCharacter/Material/Hair/Mat_KillRoyHair : Can't find file for asset. /Game/Art/KiorCharacter/Material/Hair/Kilroy_Hair_Specular
[2017.11.30-19.05.21:483][  0]LogLinker:Warning: Can't find file '/Game/Art/KiorCharacter/Material/Hair/Kilroy_Hair_BaseColour'
[2017.11.30-19.05.21:483][  0]LoadErrors: Info Failed to load /Game/Art/KiorCharacter/Kior_SkeletalMesh.Kior_SkeletalMesh Referenced by CharacterMesh0
[2017.11.30-19.05.21:484][  0]LogLinker:Warning: Can't find file for asset '/Game/Art/KiorCharacter/Material/Hair/Kilroy_Hair_BaseColour' while loading ../../../../../GitHub/FYP_DumbTesting/Meeting/Content/Art/KiorCharacter/Material/Hair/Mat_KillRoyHair.uasset.
[2017.11.30-19.05.21:484][  0]LoadErrors: Info Failed to load /Game/Art/KiorCharacter/Kior_SkeletalMesh.Kior_SkeletalMesh Referenced by CharacterMesh0
[2017.11.30-19.05.21:484][  0]LoadErrors:Error: Error /Game/Art/KiorCharacter/Material/Hair/Mat_KillRoyHair : Can't find file for asset. /Game/Art/KiorCharacter/Material/Hair/Kilroy_Hair_BaseColour
[2017.11.30-19.05.21:484][  0]LogLinker:Warning: Can't find file '/Game/Art/KiorCharacter/Material/Hair/Kilroy_Hair_Gloss'
[2017.11.30-19.05.21:484][  0]LoadErrors: Info Failed to load /Game/Art/KiorCharacter/Kior_SkeletalMesh.Kior_SkeletalMesh Referenced by CharacterMesh0
[2017.11.30-19.05.21:484][  0]LogLinker:Warning: Can't find file for asset '/Game/Art/KiorCharacter/Material/Hair/Kilroy_Hair_Gloss' while loading ../../../../../GitHub/FYP_DumbTesting/Meeting/Content/Art/KiorCharacter/Material/Hair/Mat_KillRoyHair.uasset.
[2017.11.30-19.05.21:484][  0]LoadErrors: Info Failed to load /Game/Art/KiorCharacter/Kior_SkeletalMesh.Kior_SkeletalMesh Referenced by CharacterMesh0
[2017.11.30-19.05.21:484][  0]LoadErrors:Error: Error /Game/Art/KiorCharacter/Material/Hair/Mat_KillRoyHair : Can't find file for asset. /Game/Art/KiorCharacter/Material/Hair/Kilroy_Hair_Gloss
[2017.11.30-19.05.21:484][  0]LogLinker:Warning: Can't find file '/Game/Art/KiorCharacter/Material/Hair/Kilroy_Hair_Normal'
[2017.11.30-19.05.21:484][  0]LoadErrors: Info Failed to load /Game/Art/KiorCharacter/Kior_SkeletalMesh.Kior_SkeletalMesh Referenced by CharacterMesh0
[2017.11.30-19.05.21:484][  0]LogLinker:Warning: Can't find file for asset '/Game/Art/KiorCharacter/Material/Hair/Kilroy_Hair_Normal' while loading ../../../../../GitHub/FYP_DumbTesting/Meeting/Content/Art/KiorCharacter/Material/Hair/Mat_KillRoyHair.uasset.
[2017.11.30-19.05.21:484][  0]LoadErrors: Info Failed to load /Game/Art/KiorCharacter/Kior_SkeletalMesh.Kior_SkeletalMesh Referenced by CharacterMesh0
[2017.11.30-19.05.21:484][  0]LoadErrors:Error: Error /Game/Art/KiorCharacter/Material/Hair/Mat_KillRoyHair : Can't find file for asset. /Game/Art/KiorCharacter/Material/Hair/Kilroy_Hair_Normal
[2017.11.30-19.05.21:484][  0]LogLinker:Warning: Can't find file '/Game/Art/KiorCharacter/Material/Hair/Kilroy_Hair_Occlusion'
[2017.11.30-19.05.21:484][  0]LoadErrors: Info Failed to load /Game/Art/KiorCharacter/Kior_SkeletalMesh.Kior_SkeletalMesh Referenced by CharacterMesh0
[2017.11.30-19.05.21:484][  0]LogLinker:Warning: Can't find file for asset '/Game/Art/KiorCharacter/Material/Hair/Kilroy_Hair_Occlusion' while loading ../../../../../GitHub/FYP_DumbTesting/Meeting/Content/Art/KiorCharacter/Material/Hair/Mat_KillRoyHair.uasset.
[2017.11.30-19.05.21:484][  0]LoadErrors: Info Failed to load /Game/Art/KiorCharacter/Kior_SkeletalMesh.Kior_SkeletalMesh Referenced by CharacterMesh0
[2017.11.30-19.05.21:484][  0]LoadErrors:Error: Error /Game/Art/KiorCharacter/Material/Hair/Mat_KillRoyHair : Can't find file for asset. /Game/Art/KiorCharacter/Material/Hair/Kilroy_Hair_Occlusion
[2017.11.30-19.05.21:485][  0]LogLinker:Warning: Can't find file '/Game/Art/KiorCharacter/Material/Hair/Kilroy_Hair_Specular'
[2017.11.30-19.05.21:485][  0]LoadErrors: Info Failed to load /Game/Art/KiorCharacter/Kior_SkeletalMesh.Kior_SkeletalMesh Referenced by CharacterMesh0
[2017.11.30-19.05.21:485][  0]LogLinker:Warning: Can't find file for asset '/Game/Art/KiorCharacter/Material/Hair/Kilroy_Hair_Specular' while loading ../../../../../GitHub/FYP_DumbTesting/Meeting/Content/Art/KiorCharacter/Material/Hair/Mat_KillRoyHair.uasset.
[2017.11.30-19.05.21:485][  0]LoadErrors: Info Failed to load /Game/Art/KiorCharacter/Kior_SkeletalMesh.Kior_SkeletalMesh Referenced by CharacterMesh0
[2017.11.30-19.05.21:485][  0]LoadErrors:Error: Error /Game/Art/KiorCharacter/Material/Hair/Mat_KillRoyHair : Can't find file for asset. /Game/Art/KiorCharacter/Material/Hair/Kilroy_Hair_Specular
[2017.11.30-19.05.24:086][  0]LogBlueprint:Warning: [Hacking_Terminal_UI8_Blueprint] 'Name' variable not found. Base class was probably changed.
[2017.11.30-19.05.24:096][  0]LogBlueprint:Warning: [Hacking_Terminal_UI_Blueprint] 'Name' variable not found. Base class was probably changed.
[2017.11.30-19.05.26:700][  0]LogBlueprint:Warning: [Compiler ThirdPersonCharacter] Warning InputAction Event references unknown Action 'ResetVR' for  InputAction ResetVR
[2017.11.30-19.05.26:701][  0]LogBlueprint:Warning: [Compiler ThirdPersonCharacter] Warning Input Axis Event references unknown Axis 'LookUpRate' for  InputAxis LookUpRate
[2017.11.30-19.05.26:701][  0]LogBlueprint:Warning: [Compiler ThirdPersonCharacter] Warning Input Axis Event references unknown Axis 'TurnRate' for  InputAxis TurnRate
[2017.11.30-19.05.26:701][  0]LogBlueprint:Warning: [Compiler ThirdPersonCharacter] Warning InputAction Event references unknown Action 'Jump' for  InputAction Jump
[2017.11.30-19.05.26:701][  0]LogBlueprint:Warning: [Compiler ThirdPersonCharacter] Warning Input Axis Event references unknown Axis 'LookUp' for  InputAxis LookUp
[2017.11.30-19.05.26:702][  0]LogBlueprint:Warning: [Compiler ThirdPersonCharacter] Warning Input Axis Event references unknown Axis 'Turn' for  InputAxis Turn
[2017.11.30-19.05.26:714][  0]LogBlueprint:Warning: [Compiler ThirdPersonCharacter] Warning [0183.62] Compile of ThirdPersonCharacter successful, but with 6 Warning(s) [in 47 ms] (/Game/ThirdPersonBP/Blueprints/ThirdPersonCharacter.ThirdPersonCharacter)
[2017.11.30-19.05.26:714][  0]LogBlueprint:Warning: [Compiler ThirdPersonCharacter] Warning [0183.63] Compile of ThirdPersonCharacter successful, but with 7 Warning(s) [in 0 ms] (/Game/ThirdPersonBP/Blueprints/ThirdPersonCharacter.ThirdPersonCharacter)
[2017.11.30-19.05.26:715][  0]LogBlueprint:Warning: [Compiler ThirdPersonCharacter] Warning [0183.63] Compile of ThirdPersonCharacter successful, but with 8 Warning(s) [in 0 ms] (/Game/ThirdPersonBP/Blueprints/ThirdPersonCharacter.ThirdPersonCharacter)
[2017.11.30-19.05.26:725][  0]LogBlueprint:Warning: [Compiler ThirdPersonCharacter] Warning InputAction Event references unknown Action 'ResetVR' for  InputAction ResetVR
[2017.11.30-19.05.26:726][  0]LogBlueprint:Warning: [Compiler ThirdPersonCharacter] Warning Input Axis Event references unknown Axis 'LookUpRate' for  InputAxis LookUpRate
[2017.11.30-19.05.26:726][  0]LogBlueprint:Warning: [Compiler ThirdPersonCharacter] Warning Input Axis Event references unknown Axis 'TurnRate' for  InputAxis TurnRate
[2017.11.30-19.05.26:726][  0]LogBlueprint:Warning: [Compiler ThirdPersonCharacter] Warning InputAction Event references unknown Action 'Jump' for  InputAction Jump
[2017.11.30-19.05.26:727][  0]LogBlueprint:Warning: [Compiler ThirdPersonCharacter] Warning Input Axis Event references unknown Axis 'LookUp' for  InputAxis LookUp
[2017.11.30-19.05.26:727][  0]LogBlueprint:Warning: [Compiler ThirdPersonCharacter] Warning Input Axis Event references unknown Axis 'Turn' for  InputAxis Turn
[2017.11.30-19.05.26:732][  0]LogBlueprint:Warning: [Compiler ThirdPersonCharacter] Warning [0183.65] Compile of ThirdPersonCharacter successful, but with 6 Warning(s) [in 14 ms] (/Game/ThirdPersonBP/Blueprints/ThirdPersonCharacter.ThirdPersonCharacter)
[2017.11.30-19.05.26:732][  0]LogBlueprint:Warning: [Compiler ThirdPersonCharacter] Warning [0183.65] Compile of ThirdPersonCharacter successful, but with 7 Warning(s) [in 0 ms] (/Game/ThirdPersonBP/Blueprints/ThirdPersonCharacter.ThirdPersonCharacter)
[2017.11.30-19.05.26:732][  0]LogBlueprint:Warning: [Compiler ThirdPersonCharacter] Warning [0183.65] Compile of ThirdPersonCharacter successful, but with 8 Warning(s) [in 0 ms] (/Game/ThirdPersonBP/Blueprints/ThirdPersonCharacter.ThirdPersonCharacter)
[2017.11.30-19.05.45:536][  0]LogLinker:Warning: Can't find file '/Game/Tech/PauseMenu/Back_-_Idle'
[2017.11.30-19.05.45:537][  0]LoadErrors: Info Failed to load /Game/Tech/PauseMenu/Back_-_Idle.Back_-_Idle Referenced by Back_Button
[2017.11.30-19.05.45:537][  0]LogLinker:Warning: Can't find file for asset '/Game/Tech/PauseMenu/Back_-_Idle' while loading NULL.
[2017.11.30-19.05.45:537][  0]LoadErrors: Info Failed to load /Game/Tech/PauseMenu/Back_-_Idle.Back_-_Idle Referenced by Back_Button
[2017.11.30-19.05.45:537][  0]LogLinker:Warning: Can't find file '/Game/Tech/PauseMenu/Back_-_Hover'
[2017.11.30-19.05.45:537][  0]LoadErrors: Info Failed to load /Game/Tech/PauseMenu/Back_-_Hover.Back_-_Hover Referenced by Back_Button
[2017.11.30-19.05.45:537][  0]LogLinker:Warning: Can't find file for asset '/Game/Tech/PauseMenu/Back_-_Hover' while loading NULL.
[2017.11.30-19.05.45:537][  0]LoadErrors: Info Failed to load /Game/Tech/PauseMenu/Back_-_Hover.Back_-_Hover Referenced by Back_Button
[2017.11.30-19.05.45:537][  0]LogLinker:Warning: Can't find file '/Game/Tech/PauseMenu/Back_-_Clicked'
[2017.11.30-19.05.45:537][  0]LoadErrors: Info Failed to load /Game/Tech/PauseMenu/Back_-_Clicked.Back_-_Clicked Referenced by Back_Button
[2017.11.30-19.05.45:537][  0]LogLinker:Warning: Can't find file for asset '/Game/Tech/PauseMenu/Back_-_Clicked' while loading NULL.
[2017.11.30-19.05.45:538][  0]LoadErrors: Info Failed to load /Game/Tech/PauseMenu/Back_-_Clicked.Back_-_Clicked Referenced by Back_Button
[2017.11.30-19.05.45:538][  0]LogLinker:Warning: Can't find file '/Game/Tech/PauseMenu/Resume_-_Idle'
[2017.11.30-19.05.45:538][  0]LoadErrors: Info Failed to load /Game/Tech/PauseMenu/Resume_-_Idle.Resume_-_Idle Referenced by Resume_Button
[2017.11.30-19.05.45:538][  0]LogLinker:Warning: Can't find file for asset '/Game/Tech/PauseMenu/Resume_-_Idle' while loading NULL.
[2017.11.30-19.05.45:538][  0]LoadErrors: Info Failed to load /Game/Tech/PauseMenu/Resume_-_Idle.Resume_-_Idle Referenced by Resume_Button
[2017.11.30-19.05.45:538][  0]LogLinker:Warning: Can't find file '/Game/Tech/PauseMenu/Resume_-_Hover'
[2017.11.30-19.05.45:538][  0]LoadErrors: Info Failed to load /Game/Tech/PauseMenu/Resume_-_Hover.Resume_-_Hover Referenced by Resume_Button
[2017.11.30-19.05.45:538][  0]LogLinker:Warning: Can't find file for asset '/Game/Tech/PauseMenu/Resume_-_Hover' while loading NULL.
[2017.11.30-19.05.45:538][  0]LoadErrors: Info Failed to load /Game/Tech/PauseMenu/Resume_-_Hover.Resume_-_Hover Referenced by Resume_Button
[2017.11.30-19.05.45:539][  0]LogLinker:Warning: Can't find file '/Game/Tech/PauseMenu/Resume_-_Click'
[2017.11.30-19.05.45:539][  0]LoadErrors: Info Failed to load /Game/Tech/PauseMenu/Resume_-_Click.Resume_-_Click Referenced by Resume_Button
[2017.11.30-19.05.45:539][  0]LogLinker:Warning: Can't find file for asset '/Game/Tech/PauseMenu/Resume_-_Click' while loading NULL.
[2017.11.30-19.05.45:539][  0]LoadErrors: Info Failed to load /Game/Tech/PauseMenu/Resume_-_Click.Resume_-_Click Referenced by Resume_Button
[2017.11.30-19.05.45:631][  0]LogLinker:Warning: Can't find file '/Game/Art/Assets/Tricep/Kilroy_Tricep_UI_BaseColourTransparency'
[2017.11.30-19.05.45:631][  0]LoadErrors: Info Failed to load /Game/Art/Assets/Tricep/Kilroy_Tricep_UI_BaseColourTransparency.Kilroy_Tricep_UI_BaseColourTransparency Referenced by MaterialExpressionTextureSample_18
[2017.11.30-19.05.45:631][  0]LogLinker:Warning: Can't find file for asset '/Game/Art/Assets/Tricep/Kilroy_Tricep_UI_BaseColourTransparency' while loading NULL.
[2017.11.30-19.05.45:631][  0]LoadErrors: Info Failed to load /Game/Art/Assets/Tricep/Kilroy_Tricep_UI_BaseColourTransparency.Kilroy_Tricep_UI_BaseColourTransparency Referenced by MaterialExpressionTextureSample_18
[2017.11.30-19.05.45:988][  0]LogLinker:Warning: Can't find file '/Game/Art/Assets/Fruit/Material/Fruit_1_DefaultMaterial_Normal'
[2017.11.30-19.05.45:988][  0]LoadErrors: Info Failed to load /Game/Art/Assets/Fruit/Material/Fruit_1_DefaultMaterial_Normal.Fruit_1_DefaultMaterial_Normal Referenced by MaterialExpressionTextureSample_10
[2017.11.30-19.05.45:989][  0]LogLinker:Warning: Can't find file for asset '/Game/Art/Assets/Fruit/Material/Fruit_1_DefaultMaterial_Normal' while loading NULL.
[2017.11.30-19.05.45:989][  0]LoadErrors: Info Failed to load /Game/Art/Assets/Fruit/Material/Fruit_1_DefaultMaterial_Normal.Fruit_1_DefaultMaterial_Normal Referenced by MaterialExpressionTextureSample_10
[2017.11.30-19.05.45:989][  0]LogLinker:Warning: Can't find file '/Game/Art/Assets/Fruit/Material/Fruit_1__BaseColor'
[2017.11.30-19.05.45:989][  0]LoadErrors: Info Failed to load /Game/Art/Assets/Fruit/Material/Fruit_1__BaseColor.Fruit_1__BaseColor Referenced by MaterialExpressionTextureSample_11
[2017.11.30-19.05.45:989][  0]LogLinker:Warning: Can't find file for asset '/Game/Art/Assets/Fruit/Material/Fruit_1__BaseColor' while loading NULL.
[2017.11.30-19.05.45:989][  0]LoadErrors: Info Failed to load /Game/Art/Assets/Fruit/Material/Fruit_1__BaseColor.Fruit_1__BaseColor Referenced by MaterialExpressionTextureSample_11
[2017.11.30-19.05.45:989][  0]LogLinker:Warning: Can't find file '/Game/Art/Assets/Fruit/Material/Fruit_1_OcclusionRoughnessMetallic'
[2017.11.30-19.05.45:989][  0]LoadErrors: Info Failed to load /Game/Art/Assets/Fruit/Material/Fruit_1_OcclusionRoughnessMetallic.Fruit_1_OcclusionRoughnessMetallic Referenced by MaterialExpressionTextureSample_8
[2017.11.30-19.05.45:989][  0]LogLinker:Warning: Can't find file for asset '/Game/Art/Assets/Fruit/Material/Fruit_1_OcclusionRoughnessMetallic' while loading NULL.
[2017.11.30-19.05.45:989][  0]LoadErrors: Info Failed to load /Game/Art/Assets/Fruit/Material/Fruit_1_OcclusionRoughnessMetallic.Fruit_1_OcclusionRoughnessMetallic Referenced by MaterialExpressionTextureSample_8
[2017.11.30-19.05.45:989][  0]LogLinker:Warning: Can't find file '/Game/Art/Assets/Fruit/Material/Fruit_1_Emissive'
[2017.11.30-19.05.45:989][  0]LoadErrors: Info Failed to load /Game/Art/Assets/Fruit/Material/Fruit_1_Emissive.Fruit_1_Emissive Referenced by MaterialExpressionTextureSample_9
[2017.11.30-19.05.45:989][  0]LogLinker:Warning: Can't find file for asset '/Game/Art/Assets/Fruit/Material/Fruit_1_Emissive' while loading NULL.
[2017.11.30-19.05.45:989][  0]LoadErrors: Info Failed to load /Game/Art/Assets/Fruit/Material/Fruit_1_Emissive.Fruit_1_Emissive Referenced by MaterialExpressionTextureSample_9
[2017.11.30-19.05.50:018][  0]LogLinker:Warning: Can't find file '/Game/Art/KiorCharacter/Material/Hair/Kilroy_Hair_Occlusion'
[2017.11.30-19.05.50:018][  0]LoadErrors: Info Failed to load /Game/Art/KiorCharacter/Material/Hair/Kilroy_Hair_Occlusion.Kilroy_Hair_Occlusion Referenced by MaterialExpressionTextureSample_13
[2017.11.30-19.05.50:018][  0]LogLinker:Warning: Can't find file for asset '/Game/Art/KiorCharacter/Material/Hair/Kilroy_Hair_Occlusion' while loading NULL.
[2017.11.30-19.05.50:018][  0]LoadErrors: Info Failed to load /Game/Art/KiorCharacter/Material/Hair/Kilroy_Hair_Occlusion.Kilroy_Hair_Occlusion Referenced by MaterialExpressionTextureSample_13
[2017.11.30-19.05.50:019][  0]LogLinker:Warning: Can't find file '/Game/Art/KiorCharacter/Material/Hair/Kilroy_Hair_Normal'
[2017.11.30-19.05.50:019][  0]LoadErrors: Info Failed to load /Game/Art/KiorCharacter/Material/Hair/Kilroy_Hair_Normal.Kilroy_Hair_Normal Referenced by MaterialExpressionTextureSample_14
[2017.11.30-19.05.50:019][  0]LogLinker:Warning: Can't find file for asset '/Game/Art/KiorCharacter/Material/Hair/Kilroy_Hair_Normal' while loading NULL.
[2017.11.30-19.05.50:019][  0]LoadErrors: Info Failed to load /Game/Art/KiorCharacter/Material/Hair/Kilroy_Hair_Normal.Kilroy_Hair_Normal Referenced by MaterialExpressionTextureSample_14
[2017.11.30-19.05.50:020][  0]LogLinker:Warning: Can't find file '/Game/Art/KiorCharacter/Material/Hair/Kilroy_Hair_Gloss'
[2017.11.30-19.05.50:020][  0]LoadErrors: Info Failed to load /Game/Art/KiorCharacter/Material/Hair/Kilroy_Hair_Gloss.Kilroy_Hair_Gloss Referenced by MaterialExpressionTextureSample_15
[2017.11.30-19.05.50:020][  0]LogLinker:Warning: Can't find file for asset '/Game/Art/KiorCharacter/Material/Hair/Kilroy_Hair_Gloss' while loading NULL.
[2017.11.30-19.05.50:020][  0]LoadErrors: Info Failed to load /Game/Art/KiorCharacter/Material/Hair/Kilroy_Hair_Gloss.Kilroy_Hair_Gloss Referenced by MaterialExpressionTextureSample_15
[2017.11.30-19.05.50:020][  0]LogLinker:Warning: Can't find file '/Game/Art/KiorCharacter/Material/Hair/Kilroy_Hair_Specular'
[2017.11.30-19.05.50:020][  0]LoadErrors: Info Failed to load /Game/Art/KiorCharacter/Material/Hair/Kilroy_Hair_Specular.Kilroy_Hair_Specular Referenced by MaterialExpressionTextureSample_16
[2017.11.30-19.05.50:021][  0]LogLinker:Warning: Can't find file for asset '/Game/Art/KiorCharacter/Material/Hair/Kilroy_Hair_Specular' while loading NULL.
[2017.11.30-19.05.50:021][  0]LoadErrors: Info Failed to load /Game/Art/KiorCharacter/Material/Hair/Kilroy_Hair_Specular.Kilroy_Hair_Specular Referenced by MaterialExpressionTextureSample_16
[2017.11.30-19.05.50:021][  0]LogLinker:Warning: Can't find file '/Game/Art/KiorCharacter/Material/Hair/Kilroy_Hair_BaseColour'
[2017.11.30-19.05.50:022][  0]LoadErrors: Info Failed to load /Game/Art/KiorCharacter/Material/Hair/Kilroy_Hair_BaseColour.Kilroy_Hair_BaseColour Referenced by MaterialExpressionTextureSample_17
[2017.11.30-19.05.50:022][  0]LogLinker:Warning: Can't find file for asset '/Game/Art/KiorCharacter/Material/Hair/Kilroy_Hair_BaseColour' while loading NULL.
[2017.11.30-19.05.50:022][  0]LoadErrors: Info Failed to load /Game/Art/KiorCharacter/Material/Hair/Kilroy_Hair_BaseColour.Kilroy_Hair_BaseColour Referenced by MaterialExpressionTextureSample_17
[2017.11.30-19.06.18:012][  0]LogMaterial: Missing cached shader map for material Mat_Tricep, compiling. 
[2017.11.30-19.06.18:013][  0]LogMaterial:Warning: Failed to compile Material /Game/Art/Assets/Tricep/Mat_Tricep.Mat_Tricep for platform PCD3D_SM5, Default Material will be used in game.
[2017.11.30-19.06.18:013][  0]LogMaterial:Warning: 	(Node TextureSample) TextureSample> Missing input texture
[2017.11.30-19.06.19:660][  0]LogMaterial: Missing cached shader map for material Mat_Fruit, compiling. 
[2017.11.30-19.06.19:676][  0]LogMaterial:Warning: Failed to compile Material /Game/Art/Assets/Fruit/Material/Mat_Fruit.Mat_Fruit for platform PCD3D_SM5, Default Material will be used in game.
[2017.11.30-19.06.19:676][  0]LogMaterial:Warning: 	(Node TextureSample) TextureSample> Missing input texture
[2017.11.30-19.06.28:592][  0]LogMaterial: Missing cached shader map for material Mat_KillRoyHair, compiling. 
[2017.11.30-19.06.28:593][  0]LogMaterial:Warning: Failed to compile Material /Game/Art/KiorCharacter/Material/Hair/Mat_KillRoyHair.Mat_KillRoyHair for platform PCD3D_SM5, Default Material will be used in game.
[2017.11.30-19.06.28:593][  0]LogMaterial:Warning: 	(Node TextureSample) TextureSample> Missing input texture
[2017.11.30-19.06.35:382][  0]LogTexture:Display: Building textures: HQ_Lightmap0_1 (AutoDXT, 4096X4096) - 993 MB total VRAM
[2017.11.30-19.06.47:743][  0]LogTexture:Display: Building textures: HQ_Lightmap0_10 (AutoDXT, 1024X1024) - 993 MB total VRAM
[2017.11.30-19.06.48:565][  0]LogTexture:Display: Building textures: HQ_Lightmap0_11 (AutoDXT, 1024X1024) - 993 MB total VRAM
[2017.11.30-19.06.49:123][  0]LogTexture:Display: Building textures: HQ_Lightmap0_2 (AutoDXT, 1024X1024) - 993 MB total VRAM
[2017.11.30-19.06.49:313][  0]LogTexture:Display: Building textures: HQ_Lightmap0_3 (AutoDXT, 1024X1024) - 993 MB total VRAM
[2017.11.30-19.06.50:331][  0]LogTexture:Display: Building textures: HQ_Lightmap0_4 (AutoDXT, 1024X1024) - 993 MB total VRAM
[2017.11.30-19.06.51:276][  0]LogTexture:Display: Building textures: HQ_Lightmap0_5 (AutoDXT, 1024X1024) - 993 MB total VRAM
[2017.11.30-19.06.52:268][  0]LogTexture:Display: Building textures: HQ_Lightmap0_6 (AutoDXT, 1024X1024) - 993 MB total VRAM
[2017.11.30-19.06.53:121][  0]LogTexture:Display: Building textures: HQ_Lightmap0_7 (AutoDXT, 1024X1024) - 993 MB total VRAM
[2017.11.30-19.06.53:876][  0]LogTexture:Display: Building textures: HQ_Lightmap0_8 (AutoDXT, 1024X1024) - 993 MB total VRAM
[2017.11.30-19.06.54:606][  0]LogTexture:Display: Building textures: HQ_Lightmap0_9 (AutoDXT, 1024X1024) - 993 MB total VRAM
[2017.11.30-19.06.55:838][  0]LogTexture:Display: Building textures: LQ_Lightmap_0_1 (DXT1, 4096X4096) - 993 MB total VRAM
[2017.11.30-19.07.02:609][  0]LogTexture:Display: Building textures: LQ_Lightmap_0_10 (DXT1, 1024X1024) - 993 MB total VRAM
[2017.11.30-19.07.02:975][  0]LogTexture:Display: Building textures: LQ_Lightmap_0_11 (DXT1, 1024X1024) - 993 MB total VRAM
[2017.11.30-19.07.03:485][  0]LogTexture:Display: Building textures: LQ_Lightmap_0_2 (DXT1, 1024X1024) - 993 MB total VRAM
[2017.11.30-19.07.03:816][  0]LogTexture:Display: Building textures: LQ_Lightmap_0_3 (DXT1, 1024X1024) - 993 MB total VRAM
[2017.11.30-19.07.04:654][  0]LogTexture:Display: Building textures: LQ_Lightmap_0_4 (DXT1, 1024X1024) - 993 MB total VRAM
[2017.11.30-19.07.05:403][  0]LogTexture:Display: Building textures: LQ_Lightmap_0_5 (DXT1, 1024X1024) - 993 MB total VRAM
[2017.11.30-19.07.05:986][  0]LogTexture:Display: Building textures: LQ_Lightmap_0_6 (DXT1, 1024X1024) - 993 MB total VRAM
[2017.11.30-19.07.06:527][  0]LogTexture:Display: Building textures: LQ_Lightmap_0_7 (DXT1, 1024X1024) - 993 MB total VRAM
[2017.11.30-19.07.06:949][  0]LogTexture:Display: Building textures: LQ_Lightmap_0_8 (DXT1, 1024X1024) - 993 MB total VRAM
[2017.11.30-19.07.07:382][  0]LogTexture:Display: Building textures: LQ_Lightmap_0_9 (DXT1, 1024X1024) - 993 MB total VRAM
[2017.11.30-19.07.07:841][  0]LogTexture:Display: Building textures: SkyOcclusion0_1 (AutoDXT, 4096X2048) - 993 MB total VRAM
[2017.11.30-19.07.09:696][  0]LogTexture:Display: Building textures: SkyOcclusion0_10 (AutoDXT, 1024X512) - 993 MB total VRAM
[2017.11.30-19.07.09:790][  0]LogTexture:Display: Building textures: SkyOcclusion0_11 (AutoDXT, 1024X512) - 993 MB total VRAM
[2017.11.30-19.07.09:950][  0]LogTexture:Display: Building textures: SkyOcclusion0_2 (AutoDXT, 1024X512) - 993 MB total VRAM
[2017.11.30-19.07.09:998][  0]LogTexture:Display: Building textures: SkyOcclusion0_3 (AutoDXT, 1024X512) - 993 MB total VRAM
[2017.11.30-19.07.10:197][  0]LogTexture:Display: Building textures: SkyOcclusion0_4 (AutoDXT, 1024X512) - 993 MB total VRAM
[2017.11.30-19.07.10:439][  0]LogTexture:Display: Building textures: SkyOcclusion0_5 (AutoDXT, 1024X512) - 993 MB total VRAM
[2017.11.30-19.07.10:652][  0]LogTexture:Display: Building textures: SkyOcclusion0_6 (AutoDXT, 1024X512) - 993 MB total VRAM
[2017.11.30-19.07.10:982][  0]LogTexture:Display: Building textures: SkyOcclusion0_7 (AutoDXT, 1024X512) - 993 MB total VRAM
[2017.11.30-19.07.11:111][  0]LogTexture:Display: Building textures: SkyOcclusion0_8 (AutoDXT, 1024X512) - 993 MB total VRAM
[2017.11.30-19.07.11:185][  0]LogTexture:Display: Building textures: SkyOcclusion0_9 (AutoDXT, 1024X512) - 993 MB total VRAM
[2017.11.30-19.07.16:639][  0]LogMaterial: Missing cached shader map for material M_Metal_Steel, compiling. 
[2017.11.30-19.07.16:674][  0]LogMaterial:Warning: Failed to compile Material /Game/StarterContent/Materials/M_Metal_Steel.M_Metal_Steel for platform PCD3D_SM5, Default Material will be used in game.
[2017.11.30-19.07.16:674][  0]LogMaterial:Warning: 	(Node TextureSample) TextureSample> Missing input texture
[2017.11.30-19.07.20:471][  0]LogAIModule: Creating AISystem for world MockUp_Map
[2017.11.30-19.07.21:801][  0]LogMaterial:Warning: Material /Game/Art/KiorCharacter/Material/Hair/Mat_KillRoyHair.Mat_KillRoyHair needed to have new flag set bUsedWithSkeletalMesh !
[2017.11.30-19.07.21:809][  0]LogMaterial: Missing cached shader map for material Mat_KillRoyHair, compiling. 
[2017.11.30-19.07.21:809][  0]LogMaterial:Warning: Failed to compile Material /Game/Art/KiorCharacter/Material/Hair/Mat_KillRoyHair.Mat_KillRoyHair for platform PCD3D_SM5, Default Material will be used in game.
[2017.11.30-19.07.21:809][  0]LogMaterial:Warning: 	(Node TextureSample) TextureSample> Missing input texture
[2017.11.30-19.07.21:810][  0]MapCheck:Warning: Warning Mat_KillRoyHair Material /Game/Art/KiorCharacter/Material/Hair/Mat_KillRoyHair.Mat_KillRoyHair was missing the usage flag bUsedWithSkeletalMesh. If the material asset is not re-saved, it may not render correctly when run outside the editor. Fix
[2017.11.30-19.07.21:810][  0]LogMaterial: 0.00 seconds spent updating 1 materials, 1 interfaces, 0 instances, 0 with static permutations.
[2017.11.30-19.07.22:266][  0]LogEditorServer: Finished looking for orphan Actors (0.001 secs)
[2017.11.30-19.07.22:440][  0]Cmd: MAP CHECKDEP NOCLEARLOG
[2017.11.30-19.07.22:722][  0]MapCheck: Info Map check complete: 0 Error(s), 1 Warning(s), took 282.423ms to complete.
[2017.11.30-19.07.23:011][  0]LogFileHelpers: Loading map 'MockUp_Map' took 129.606
[2017.11.30-19.07.25:777][  0]LogCollectionManager: Loaded 0 collections in 0.010096 seconds
[2017.11.30-19.07.27:286][  0]LogFileCache: Scanning file cache for directory 'D:/GitHub/FYP_DumbTesting/Meeting/Saved/Collections/' took 0.01s
[2017.11.30-19.07.27:286][  0]LogFileCache: Scanning file cache for directory 'D:/GitHub/FYP_DumbTesting/Meeting/Content/Developers/HELLOBYE/Collections/' took 0.01s
[2017.11.30-19.07.27:286][  0]LogFileCache: Scanning file cache for directory 'D:/GitHub/FYP_DumbTesting/Meeting/Content/Collections/' took 0.01s
[2017.11.30-19.07.27:287][  0]LogCollectionManager: Rebuilt the GUID cache for 0 collections in 0.000016 seconds
[2017.11.30-19.07.27:375][  0]LogContentBrowser: Native class hierarchy populated in 0.0843 seconds. Added 2259 classes and 455 folders.
[2017.11.30-19.07.27:699][  0]LogContentBrowser: Native class hierarchy updated for 'WidgetCarousel' in 0.0021 seconds. Added 0 classes and 0 folders.
[2017.11.30-19.07.28:993][  0]LogContentBrowser: Native class hierarchy updated for 'AddContentDialog' in 0.0060 seconds. Added 0 classes and 0 folders.
[2017.11.30-19.07.29:165][  0]LogContentBrowser: Native class hierarchy updated for 'SceneOutliner' in 0.0020 seconds. Added 1 classes and 2 folders.
[2017.11.30-19.07.30:251][  0]LogCrashTracker: Crashtracker disabled due to settings.
[2017.11.30-19.07.30:400][  0]LogUObjectGlobals:Warning: Failed to find object 'Class None.'
[2017.11.30-19.07.30:615][  0]LogContentBrowser: Native class hierarchy updated for 'HierarchicalLODOutliner' in 0.0021 seconds. Added 1 classes and 2 folders.
[2017.11.30-19.07.30:615][  0]LogLoad: (Engine Initialization) Total time: 307.53 seconds
[2017.11.30-19.07.30:615][  0]LogLoad: (Engine Initialization) Total Blueprint compile time: 3.79 seconds
[2017.11.30-19.07.30:615][  0]LogExternalProfiler: Found external profiler: VSPerf
[2017.11.30-19.07.30:615][  0]LogExternalProfiler: Using external profiler: VSPerf
[2017.11.30-19.07.31:051][  0]LogOcInput: OculusInput pre-init called
[2017.11.30-19.07.31:306][  0]LogContentStreaming: Texture pool size now 1000 MB
[2017.11.30-19.07.31:524][  0]LogSlate: Took 0.025153 seconds to synchronously load lazily loaded font '../../../Engine/Content/Slate/Fonts/Roboto-Bold.ttf' (160K)
[2017.11.30-19.07.31:560][  0]LogSlate: Took 0.026183 seconds to synchronously load lazily loaded font '../../../Engine/Content/Slate/Fonts/Roboto-Regular.ttf' (155K)
[2017.11.30-19.07.32:504][  1]LogRenderer: Reallocating scene render targets to support 128x128 NumSamples 1 (Frame:1).
[2017.11.30-19.07.33:408][  2]LogSlate: Took 0.021523 seconds to synchronously load lazily loaded font '../../../Engine/Content/Slate/Fonts/Roboto-Light.ttf' (159K)
[2017.11.30-19.07.37:324][ 14]LogAssetRegistry: Asset discovery search completed in 191.6299 seconds
[2017.11.30-19.07.37:324][ 14]LogCollectionManager: Rebuilt the object cache for 0 collections in 0.000333 seconds (found 0 objects)
[2017.11.30-19.07.37:324][ 14]LogCollectionManager: Fixed up redirectors for 0 collections in 0.000592 seconds (updated 0 objects)
[2017.11.30-19.08.21:272][157]LogSlate: Took 0.045628 seconds to synchronously load lazily loaded font '../../../Engine/Content/Editor/Slate/Fonts/FontAwesome.ttf' (139K)
[2017.11.30-19.08.22:198][157]LogRenderer: Reallocating scene render targets to support 1204x616 NumSamples 1 (Frame:2).
[2017.11.30-19.08.22:198][157]LogSlate: Took 0.000458 seconds to synchronously load lazily loaded font '../../../Engine/Content/Slate/Fonts/Roboto-Light.ttf' (159K)
[2017.11.30-19.09.10:629][184]LogEditorViewport: Clicking on Actor (LMB): StaticMeshActor (SM_RL_Floor_SideMiddle)
[2017.11.30-19.09.12:564][194]LogSlate: Took 0.053999 seconds to synchronously load lazily loaded font '../../../Engine/Content/Editor/Slate/Fonts/DroidSansMono.ttf' (77K)
[2017.11.30-19.09.16:615][575]Cmd: r.Streaming.PoolSize 5000
[2017.11.30-19.09.16:711][575]r.Streaming.PoolSize = "5000"
[2017.11.30-19.09.16:813][577]LogContentStreaming: Texture pool size now 5000 MB
