Log file open, 06/11/17 17:45:49
LogInit:Display: Running engine for game: Meeting
LogPlatformFile: Not using cached read wrapper
LogInit:Display: RandInit(1841739683) SRandInit(1841739683).
LogTaskGraph: Started task graph with 5 named threads and 8 total threads with 1 sets of task threads.
LogStats: Stats thread started at 0.074621
LogInit: Using libcurl 7.47.1
LogInit:  - built for x86_64-pc-win32
LogInit:  - supports SSL with OpenSSL/1.0.2g
LogInit:  - supports HTTP deflate (compression) using libz 1.2.8
LogInit:  - other features:
LogInit:      CURL_VERSION_SSL
LogInit:      CURL_VERSION_LIBZ
LogInit:      CURL_VERSION_IPV6
LogInit:      CURL_VERSION_ASYNCHDNS
LogInit:      CURL_VERSION_LARGEFILE
LogInit:      CURL_VERSION_IDN
LogInit:  CurlRequestOptions (configurable via config and command line):
LogInit:  - bVerifyPeer = false  - Libcurl will NOT verify peer certificate
LogInit:  - bUseHttpProxy = false  - Libcurl will NOT use HTTP proxy
LogInit:  - bDontReuseConnections = false  - Libcurl will reuse connections
LogInit:  - CertBundlePath = nullptr  - Libcurl will use whatever was configured at build time.
LogInit: Build: ++UE4+Release-4.15-CL-3450819
LogInit: Engine Version: 4.15.3-3450819+++UE4+Release-4.15
LogInit: Compatible Engine Version: 4.15.0-3299760+++UE4+Release-4.15
LogInit: Net CL: 3299760
LogDevObjectVersion: Number of dev versions registered: 14
LogDevObjectVersion:   Dev-Blueprints (B0D832E4-1F89-4F0D-ACCF-7EB736FD4AA2): 8
LogDevObjectVersion:   Dev-Build (E1C64328-A22C-4D53-A36C-8E866417BD8C): 0
LogDevObjectVersion:   Dev-Core (375EC13C-06E4-48FB-B500-84F0262A717E): 2
LogDevObjectVersion:   Dev-Editor (E4B068ED-F494-42E9-A231-DA0B2E46BB41): 14
LogDevObjectVersion:   Dev-Framework (CFFC743F-43B0-4480-9391-14DF171D2073): 22
LogDevObjectVersion:   Dev-Mobile (B02B49B5-BB20-44E9-A304-32B752E40360): 0
LogDevObjectVersion:   Dev-Networking (A4E4105C-59A1-49B5-A7C5-40C4547EDFEE): 0
LogDevObjectVersion:   Dev-Online (39C831C9-5AE6-47DC-9A44-9C173E1C8E7C): 0
LogDevObjectVersion:   Dev-Physics (78F01B33-EBEA-4F98-B9B4-84EACCB95AA2): 0
LogDevObjectVersion:   Dev-Platform (6631380F-2D4D-43E0-8009-CF276956A95A): 0
LogDevObjectVersion:   Dev-Rendering (12F88B9F-8875-4AFC-A67C-D90C383ABD29): 12
LogDevObjectVersion:   Dev-Sequencer (7B5AE74C-D270-4C10-A958-57980B212A5A): 3
LogDevObjectVersion:   Dev-VR (D7296918-1DD6-4BDD-9DE2-64A83CC13884): 0
LogDevObjectVersion:   Dev-LoadTimes (C2A15278-BFE7-4AFE-6C17-90FF531DF755): 1
LogInit: Compiled (64-bit): May 21 2017 11:02:34
LogInit: Compiled with Visual C++: 19.00.23026.00
LogInit: Build Configuration: Development
LogInit: Branch Name: ++UE4+Release-4.15
LogInit: Command line:  
LogInit: Base directory: D:/UE_4.15/Engine/Binaries/Win64/
LogInit: Installed Engine Build: 1
LogInit: Presizing for max 8388607 objects, including 0 objects not considered by GC, pre-allocating 0 bytes for permanent pool.
LogInit: Object subsystem initialized
[2017.06.11-09.45.50:340][  0]LogInit: Selected Device Profile: [Windows]
[2017.06.11-09.45.50:340][  0]LogInit: Applying CVar settings loaded from the selected device profile: [Windows]
[2017.06.11-09.45.50:352][  0]LogInit: Computer: ASUS
[2017.06.11-09.45.50:352][  0]LogInit: User: User
[2017.06.11-09.45.50:352][  0]LogInit: CPU Page size=65536, Cores=4
[2017.06.11-09.45.50:352][  0]LogInit: High frequency timer resolution =2.338349 MHz
[2017.06.11-09.45.50:352][  0]LogMemory: Memory total: Physical=7.9GB (8GB approx)
[2017.06.11-09.45.50:352][  0]LogMemory: Platform Memory Stats for Windows
[2017.06.11-09.45.50:352][  0]LogMemory: Process Physical Memory: 261.95 MB used, 261.95 MB peak
[2017.06.11-09.45.50:352][  0]LogMemory: Process Virtual Memory: 262.70 MB used, 262.70 MB peak
[2017.06.11-09.45.50:352][  0]LogMemory: Physical Memory: 4178.91 MB used,  3930.57 MB free, 8109.48 MB total
[2017.06.11-09.45.50:352][  0]LogMemory: Virtual Memory: 646.04 MB used,  3930.57 MB free, 134217728.00 MB total
[2017.06.11-09.45.50:419][  0]LogTextLocalizationManager: No specific translations for ('en-US') exist, so ('en') translations will be used.
[2017.06.11-09.45.51:032][  0]LogD3D11RHI: D3D11 adapters:
[2017.06.11-09.45.51:059][  0]LogD3D11RHI:    0. 'NVIDIA GeForce GTX 770M' (Feature Level 11_0)
[2017.06.11-09.45.51:059][  0]LogD3D11RHI:       3039/0/4054 MB DedicatedVideo/DedicatedSystem/SharedSystem, Outputs:1, VendorId:0x10de
[2017.06.11-09.45.51:060][  0]LogD3D11RHI:    1. 'Microsoft Basic Render Driver' (Feature Level 11_0)
[2017.06.11-09.45.51:060][  0]LogD3D11RHI:       0/0/4054 MB DedicatedVideo/DedicatedSystem/SharedSystem, Outputs:0, VendorId:0x1414
[2017.06.11-09.45.51:060][  0]LogD3D11RHI: Chosen D3D11 Adapter: 0
[2017.06.11-09.45.51:063][  0]LogD3D11RHI: Creating new Direct3DDevice
[2017.06.11-09.45.51:063][  0]LogD3D11RHI:     GPU DeviceId: 0x11e0 (for the marketing name, search the web for "GPU Device Id")
[2017.06.11-09.45.51:063][  0]LogWindows: EnumDisplayDevices:
[2017.06.11-09.45.51:064][  0]LogWindows:    0. 'NVIDIA GeForce GTX 770M' (P:1 D:1)
[2017.06.11-09.45.51:064][  0]LogWindows:    1. 'NVIDIA GeForce GTX 770M' (P:0 D:0)
[2017.06.11-09.45.51:064][  0]LogWindows:    2. 'NVIDIA GeForce GTX 770M' (P:0 D:0)
[2017.06.11-09.45.51:064][  0]LogWindows:    3. 'NVIDIA GeForce GTX 770M' (P:0 D:0)
[2017.06.11-09.45.51:064][  0]LogWindows: DebugString: FoundDriverCount:4 
[2017.06.11-09.45.51:064][  0]LogD3D11RHI:     Adapter Name: NVIDIA GeForce GTX 770M
[2017.06.11-09.45.51:064][  0]LogD3D11RHI:   Driver Version: 375.63 (internal:21.21.13.7563, unified:375.63)
[2017.06.11-09.45.51:064][  0]LogD3D11RHI:      Driver Date: 10-21-2016
[2017.06.11-09.45.51:064][  0]LogRHI: Texture pool is 1361 MB (70% of 1945 MB)
[2017.06.11-09.45.51:079][  0]LogD3D11RHI:Warning: Timestamp queries are currently disabled on this hardware due to instability. Realtime GPU stats will not be available. You can override this behaviour by setting r.NVIDIATimestampWorkaround to 0
[2017.06.11-09.45.51:080][  0]LogD3D11RHI: Async texture creation enabled
[2017.06.11-09.45.51:095][  0]LogD3D11RHI: GPU Timing Frequency: 1000.000000 (Debug: 2 2)
[2017.06.11-09.45.51:142][  0]LogShaderCompilers: Guid format shader working directory is 9 characters bigger than the processId version (C:/Users/User/Desktop/Unreal/Meeting/Intermediate/Shaders/WorkingDirectory/9120/).
[2017.06.11-09.45.51:143][  0]LogShaderCompilers: Cleaned the shader compiler working directory 'C:/Users/User/AppData/Local/Temp/UnrealShaderWorkingDir/2D5715464638515B4BE6B180E979F438/'.
[2017.06.11-09.45.51:143][  0]LogShaderCompilers:Display: Using Local Shader Compiler.
[2017.06.11-09.45.52:150][  0]LogTemp:Display: Loaded TP AllDesktopTargetPlatform
[2017.06.11-09.45.52:194][  0]LogTemp:Display: Loaded TP MacClientTargetPlatform
[2017.06.11-09.45.52:238][  0]LogTemp:Display: Loaded TP MacNoEditorTargetPlatform
[2017.06.11-09.45.52:282][  0]LogTemp:Display: Loaded TP MacServerTargetPlatform
[2017.06.11-09.45.52:325][  0]LogTemp:Display: Loaded TP MacTargetPlatform
[2017.06.11-09.45.52:370][  0]LogTemp:Display: Loaded TP WindowsClientTargetPlatform
[2017.06.11-09.45.52:414][  0]LogTemp:Display: Loaded TP WindowsNoEditorTargetPlatform
[2017.06.11-09.45.52:457][  0]LogTemp:Display: Loaded TP WindowsServerTargetPlatform
[2017.06.11-09.45.52:491][  0]LogTemp:Display: Loaded TP WindowsTargetPlatform
[2017.06.11-09.45.52:534][  0]LogTemp:Display: Loaded TP AndroidTargetPlatform
[2017.06.11-09.45.52:578][  0]LogTemp:Display: Loaded TP Android_ASTCTargetPlatform
[2017.06.11-09.45.52:621][  0]LogTemp:Display: Loaded TP Android_ATCTargetPlatform
[2017.06.11-09.45.52:664][  0]LogTemp:Display: Loaded TP Android_DXTTargetPlatform
[2017.06.11-09.45.52:708][  0]LogTemp:Display: Loaded TP Android_ETC1TargetPlatform
[2017.06.11-09.45.52:751][  0]LogTemp:Display: Loaded TP Android_ETC2TargetPlatform
[2017.06.11-09.45.52:837][  0]LogTemp:Display: Loaded TP Android_MultiTargetPlatform
[2017.06.11-09.45.52:837][  0]LogTemp:Display: Loaded TP Android_PVRTCTargetPlatform
[2017.06.11-09.45.52:864][  0]LogTemp:Display: Loaded TP HTML5TargetPlatform
[2017.06.11-09.45.52:943][  0]LogTemp:Display: Loaded TP IOSTargetPlatform
[2017.06.11-09.45.52:971][  0]LogTemp:Display: Loaded TP TVOSTargetPlatform
[2017.06.11-09.45.53:015][  0]LogTemp:Display: Loaded TP LinuxClientTargetPlatform
[2017.06.11-09.45.53:061][  0]LogTemp:Display: Loaded TP LinuxNoEditorTargetPlatform
[2017.06.11-09.45.53:106][  0]LogTemp:Display: Loaded TP LinuxServerTargetPlatform
[2017.06.11-09.45.53:153][  0]LogTemp:Display: Loaded TP LinuxTargetPlatform
[2017.06.11-09.45.53:153][  0]LogTargetPlatformManager:Display: Building Assets For Windows
[2017.06.11-09.45.53:462][  0]LogDerivedDataCache:Display: Max Cache Size: 512 MB
[2017.06.11-09.45.53:512][  0]LogDerivedDataCache: Loaded boot cache 0.05s 50MB C:/Users/User/AppData/Local/UnrealEngine/4.15/DerivedDataCache/Boot.ddc.
[2017.06.11-09.45.53:512][  0]LogDerivedDataCache:Display: Loaded Boot cache: C:/Users/User/AppData/Local/UnrealEngine/4.15/DerivedDataCache/Boot.ddc
[2017.06.11-09.45.53:512][  0]LogDerivedDataCache: FDerivedDataBackendGraph:  Pak pak cache file C:/Users/User/Desktop/Unreal/Meeting/DerivedDataCache/DDC.ddp not found, will not use a pak cache.
[2017.06.11-09.45.53:512][  0]LogDerivedDataCache: Unable to find inner node Pak for hierarchical cache Hierarchy.
[2017.06.11-09.45.53:512][  0]LogDerivedDataCache: FDerivedDataBackendGraph:  CompressedPak pak cache file C:/Users/User/Desktop/Unreal/Meeting/DerivedDataCache/Compressed.ddp not found, will not use a pak cache.
[2017.06.11-09.45.53:512][  0]LogDerivedDataCache: Unable to find inner node CompressedPak for hierarchical cache Hierarchy.
[2017.06.11-09.45.53:530][  0]LogDerivedDataCache:Display: Pak cache opened for reading ../../../Engine/DerivedDataCache/Compressed.ddp.
[2017.06.11-09.45.53:543][  0]LogDerivedDataCache: Using Local data cache path C:/Users/User/AppData/Local/UnrealEngine/Common/DerivedDataCache: Writable
[2017.06.11-09.45.53:551][  0]LogSlate: Using Freetype 2.6.0
[2017.06.11-09.45.53:552][  0]LogSlate: SlateFontCache - WITH_FREETYPE: 1, WITH_HARFBUZZ: 1
[2017.06.11-09.45.53:552][  0]LogSlate: SlateFontCache - WITH_FREETYPE: 1, WITH_HARFBUZZ: 1
[2017.06.11-09.45.53:805][  0]LogInit: Selected Device Profile: [Windows]
[2017.06.11-09.45.53:808][  0]LogContentStreaming: Texture pool size is 0.00 MB
[2017.06.11-09.45.53:982][  0]LogMeshUtilities: Using QuadricMeshReduction for automatic static mesh reduction
[2017.06.11-09.45.54:013][  0]LogSimplygon: Simplygon DLL not present - disabling.
[2017.06.11-09.45.54:053][  0]LogMeshUtilities: Using SimplygonSwarm for distributed automatic mesh merging
[2017.06.11-09.45.54:053][  0]LogMeshUtilities: No automatic skeletal mesh reduction module available
[2017.06.11-09.45.54:053][  0]LogMeshUtilities: No automatic mesh merging module available
[2017.06.11-09.45.54:515][  0]LogNetVersion: GetLocalNetworkVersion: CL: 3299760, ProjectName: meeting, ProjectVersion: , EngineNetworkVersion: 2, GameNetworkVersion: 0, NetworkChecksum: 116300604
[2017.06.11-09.45.54:554][  0]LogAssetRegistry: FAssetRegistry took 0.0223 seconds to start up
[2017.06.11-09.45.54:594][  0]LogPackageLocalizationCache: Processed 3 localized package path(s) for 2 prioritized culture(s) in 0.025215 seconds
[2017.06.11-09.45.54:599][  0]LogUObjectArray: 32493 objects as part of root set at end of initial load.
[2017.06.11-09.45.54:599][  0]LogUObjectAllocator: 7077024 out of 0 bytes used by permanent object pool.
[2017.06.11-09.45.54:599][  0]LogUObjectArray: CloseDisregardForGC: 0/0 objects in disregard for GC pool
[2017.06.11-09.45.54:641][  0]LogInit: WinSock: version 1.1 (2.2), MaxSocks=32767, MaxUdp=65467
[2017.06.11-09.45.56:015][  0]LogTcpMessaging: Initializing TcpMessaging bridge
[2017.06.11-09.45.56:050][  0]LogUdpMessaging: Initializing bridge on interface 0.0.0.0:0 to multicast group 230.0.0.1:6666.
[2017.06.11-09.45.56:475][  0]LogMaterial: Uniform references updated for custom material expression Custom.
[2017.06.11-09.45.56:784][  0]SourceControl: Info Source control is disabled
[2017.06.11-09.45.56:822][  0]SourceControl: Info Source control is disabled
[2017.06.11-09.45.56:861][  0]SourceControl: Info Source control is disabled
[2017.06.11-09.45.56:899][  0]SourceControl: Info Source control is disabled
[2017.06.11-09.45.57:920][  0]LogEngine: Initializing Engine...
[2017.06.11-09.45.57:920][  0]LogHMD: Failed to initialize OpenVR with code 100
[2017.06.11-09.45.58:022][  0]LogStats: UGameplayTagsManager::ConstructGameplayTagTree: Construct from data asset -  0.000 s
[2017.06.11-09.45.58:022][  0]LogStats: UGameplayTagsManager::ConstructGameplayTagTree: GameplayTagTreeChangedEvent.Broadcast -  0.000 s
[2017.06.11-09.45.58:112][  0]LogAIModule: Creating AISystem for world Untitled
[2017.06.11-09.45.58:120][  0]LogInit: XAudio2 using 'Speakers (Realtek High Definition Audio)' : 2 channels at 48 kHz using 32 bits per sample (channel mask 0x3)
[2017.06.11-09.45.58:242][  0]LogInit: FAudioDevice initialized.
[2017.06.11-09.45.58:266][  0]LogDerivedDataCache: Saved boot cache 0.02s 50MB C:/Users/User/AppData/Local/UnrealEngine/4.15/DerivedDataCache/Boot.ddc.
[2017.06.11-09.45.58:274][  0]LogInit: Texture streaming: Enabled
[2017.06.11-09.45.58:338][  0]LogEngineSessionManager: EngineSessionManager initialized
[2017.06.11-09.45.58:338][  0]LogEngineSessionManager: EngineSessionManager sent abnormal shutdown report. Type=Crashed, SessionId={B065D164-4906-4F7D-BE1E-EB963D9AF8F1}
[2017.06.11-09.45.58:401][  0]LogInit: Transaction tracking system initialized
[2017.06.11-09.45.58:648][  0]BlueprintLog: New page: Editor Load
[2017.06.11-09.45.59:282][  0]LocalizationService: Info Localization service is disabled
[2017.06.11-09.45.59:772][  0]LogConsoleResponse:Display: 
[2017.06.11-09.45.59:876][  0]LogCook:Display: Max memory allowance for cook 16384mb min free memory 0mb
[2017.06.11-09.45.59:876][  0]LogCook:Display: Mobile HDR setting 1
[2017.06.11-09.45.59:919][  0]LogFileCache: Scanning file cache for directory 'C:/Users/User/Desktop/Unreal/Meeting/Content/' took 0.01s
[2017.06.11-09.46.00:764][  0]SourceControl: Info Source control is disabled
[2017.06.11-09.46.00:764][  0]Cmd: MAP LOAD FILE="C:/Users/User/Desktop/Unreal/Meeting/Content/ThirdPersonBP/Maps/ThirdPersonExampleMap.umap" TEMPLATE=0 SHOWPROGRESS=1 FEATURELEVEL=3
[2017.06.11-09.46.00:765][  0]LightingResults: New page: Lighting Build
[2017.06.11-09.46.00:794][  0]MapCheck: New page: Map Check
[2017.06.11-09.46.00:794][  0]LightingResults: New page: Lighting Build
[2017.06.11-09.46.00:918][  0]LogBlueprint:Warning: [Compiler ThirdPersonCharacter] Warning InputAction Event references unknown Action 'ResetVR' for  InputAction ResetVR
[2017.06.11-09.46.00:919][  0]LogBlueprint:Warning: [Compiler ThirdPersonCharacter] Warning Input Axis Event references unknown Axis 'LookUpRate' for  InputAxis LookUpRate
[2017.06.11-09.46.00:919][  0]LogBlueprint:Warning: [Compiler ThirdPersonCharacter] Warning Input Axis Event references unknown Axis 'TurnRate' for  InputAxis TurnRate
[2017.06.11-09.46.00:919][  0]LogBlueprint:Warning: [Compiler ThirdPersonCharacter] Warning InputAction Event references unknown Action 'Jump' for  InputAction Jump
[2017.06.11-09.46.00:919][  0]LogBlueprint:Warning: [Compiler ThirdPersonCharacter] Warning Input Axis Event references unknown Axis 'LookUp' for  InputAxis LookUp
[2017.06.11-09.46.00:919][  0]LogBlueprint:Warning: [Compiler ThirdPersonCharacter] Warning Input Axis Event references unknown Axis 'Turn' for  InputAxis Turn
[2017.06.11-09.46.00:923][  0]LogBlueprint:Warning: [Compiler ThirdPersonCharacter] Warning [0012.78] Compile of ThirdPersonCharacter successful, but with 6 Warning(s) [in 7 ms] (/Game/ThirdPersonBP/Blueprints/ThirdPersonCharacter.ThirdPersonCharacter)
[2017.06.11-09.46.00:923][  0]LogBlueprint:Warning: [Compiler ThirdPersonCharacter] Warning [0012.78] Compile of ThirdPersonCharacter successful, but with 7 Warning(s) [in 0 ms] (/Game/ThirdPersonBP/Blueprints/ThirdPersonCharacter.ThirdPersonCharacter)
[2017.06.11-09.46.00:923][  0]LogBlueprint:Warning: [Compiler ThirdPersonCharacter] Warning [0012.78] Compile of ThirdPersonCharacter successful, but with 8 Warning(s) [in 0 ms] (/Game/ThirdPersonBP/Blueprints/ThirdPersonCharacter.ThirdPersonCharacter)
[2017.06.11-09.46.00:929][  0]LogBlueprint:Warning: [Compiler ThirdPersonCharacter] Warning InputAction Event references unknown Action 'ResetVR' for  InputAction ResetVR
[2017.06.11-09.46.00:929][  0]LogBlueprint:Warning: [Compiler ThirdPersonCharacter] Warning Input Axis Event references unknown Axis 'LookUpRate' for  InputAxis LookUpRate
[2017.06.11-09.46.00:929][  0]LogBlueprint:Warning: [Compiler ThirdPersonCharacter] Warning Input Axis Event references unknown Axis 'TurnRate' for  InputAxis TurnRate
[2017.06.11-09.46.00:929][  0]LogBlueprint:Warning: [Compiler ThirdPersonCharacter] Warning InputAction Event references unknown Action 'Jump' for  InputAction Jump
[2017.06.11-09.46.00:929][  0]LogBlueprint:Warning: [Compiler ThirdPersonCharacter] Warning Input Axis Event references unknown Axis 'LookUp' for  InputAxis LookUp
[2017.06.11-09.46.00:930][  0]LogBlueprint:Warning: [Compiler ThirdPersonCharacter] Warning Input Axis Event references unknown Axis 'Turn' for  InputAxis Turn
[2017.06.11-09.46.00:933][  0]LogBlueprint:Warning: [Compiler ThirdPersonCharacter] Warning [0012.79] Compile of ThirdPersonCharacter successful, but with 6 Warning(s) [in 7 ms] (/Game/ThirdPersonBP/Blueprints/ThirdPersonCharacter.ThirdPersonCharacter)
[2017.06.11-09.46.00:933][  0]LogBlueprint:Warning: [Compiler ThirdPersonCharacter] Warning [0012.79] Compile of ThirdPersonCharacter successful, but with 7 Warning(s) [in 0 ms] (/Game/ThirdPersonBP/Blueprints/ThirdPersonCharacter.ThirdPersonCharacter)
[2017.06.11-09.46.00:933][  0]LogBlueprint:Warning: [Compiler ThirdPersonCharacter] Warning [0012.79] Compile of ThirdPersonCharacter successful, but with 8 Warning(s) [in 0 ms] (/Game/ThirdPersonBP/Blueprints/ThirdPersonCharacter.ThirdPersonCharacter)
[2017.06.11-09.46.01:306][  0]LogAIModule: Creating AISystem for world ThirdPersonExampleMap
[2017.06.11-09.46.01:362][  0]LogEditorServer: Finished looking for orphan Actors (0.000 secs)
[2017.06.11-09.46.01:363][  0]Cmd: MAP CHECKDEP NOCLEARLOG
[2017.06.11-09.46.01:422][  0]MapCheck: Info Map check complete: 0 Error(s), 0 Warning(s), took 58.851ms to complete.
[2017.06.11-09.46.01:422][  0]LogFileHelpers: Loading map 'ThirdPersonExampleMap' took 0.657
[2017.06.11-09.46.01:639][  0]LogCollectionManager: Loaded 0 collections in 0.000974 seconds
[2017.06.11-09.46.01:705][  0]LogFileCache: Scanning file cache for directory 'C:/Users/User/Desktop/Unreal/Meeting/Saved/Collections/' took 0.01s
[2017.06.11-09.46.01:705][  0]LogFileCache: Scanning file cache for directory 'C:/Users/User/Desktop/Unreal/Meeting/Content/Developers/User/Collections/' took 0.01s
[2017.06.11-09.46.01:705][  0]LogFileCache: Scanning file cache for directory 'C:/Users/User/Desktop/Unreal/Meeting/Content/Collections/' took 0.01s
[2017.06.11-09.46.01:705][  0]LogCollectionManager: Rebuilt the GUID cache for 0 collections in 0.000001 seconds
[2017.06.11-09.46.01:715][  0]LogContentBrowser: Native class hierarchy populated in 0.0097 seconds. Added 2249 classes and 457 folders.
[2017.06.11-09.46.01:762][  0]LogContentBrowser: Native class hierarchy updated for 'WidgetCarousel' in 0.0020 seconds. Added 0 classes and 0 folders.
[2017.06.11-09.46.01:807][  0]LogContentBrowser: Native class hierarchy updated for 'AddContentDialog' in 0.0020 seconds. Added 0 classes and 0 folders.
[2017.06.11-09.46.01:828][  0]LogCrashTracker: Crashtracker disabled due to settings.
[2017.06.11-09.46.01:834][  0]LogUObjectGlobals:Warning: Failed to find object 'Class None.'
[2017.06.11-09.46.01:889][  0]LogContentBrowser: Native class hierarchy updated for 'HierarchicalLODOutliner' in 0.0021 seconds. Added 1 classes and 2 folders.
[2017.06.11-09.46.01:889][  0]LogLoad: (Engine Initialization) Total time: 13.74 seconds
[2017.06.11-09.46.01:889][  0]LogLoad: (Engine Initialization) Total Blueprint compile time: 0.09 seconds
[2017.06.11-09.46.01:889][  0]LogExternalProfiler: Found external profiler: VSPerf
[2017.06.11-09.46.01:889][  0]LogExternalProfiler: Using external profiler: VSPerf
[2017.06.11-09.46.02:230][  0]LogOcInput: OculusInput pre-init called
[2017.06.11-09.46.02:251][  0]LogContentStreaming: Texture pool size now 1000 MB
[2017.06.11-09.46.02:252][  0]LogSlate: Took 0.000363 seconds to synchronously load lazily loaded font '../../../Engine/Content/Slate/Fonts/Roboto-Regular.ttf' (155K)
[2017.06.11-09.46.02:257][  0]LogSlate: Took 0.000259 seconds to synchronously load lazily loaded font '../../../Engine/Content/Slate/Fonts/Roboto-Bold.ttf' (160K)
[2017.06.11-09.46.02:260][  0]LogSlate: Took 0.000228 seconds to synchronously load lazily loaded font '../../../Engine/Content/Editor/Slate/Fonts/FontAwesome.ttf' (139K)
[2017.06.11-09.46.02:262][  0]LogSlate: Took 0.000151 seconds to synchronously load lazily loaded font '../../../Engine/Content/Editor/Slate/Fonts/DroidSansMono.ttf' (77K)
[2017.06.11-09.46.02:419][  0]LogSlate: Took 0.000174 seconds to synchronously load lazily loaded font '../../../Engine/Content/Slate/Fonts/Roboto-Light.ttf' (159K)
[2017.06.11-09.46.02:436][  0]LogRenderer: Reallocating scene render targets to support 1124x628 NumSamples 1 (Frame:2).
[2017.06.11-09.46.02:571][  1]LogAssetRegistry: Asset discovery search completed in 8.0393 seconds
[2017.06.11-09.46.02:571][  1]LogCollectionManager: Rebuilt the object cache for 0 collections in 0.000004 seconds (found 0 objects)
[2017.06.11-09.46.02:571][  1]LogCollectionManager: Fixed up redirectors for 0 collections in 0.000128 seconds (updated 0 objects)
[2017.06.11-09.46.34:230][ 96]LogVSAccessor:Warning: Couldn't access Visual Studio
[2017.06.11-09.46.34:233][ 96]Recompiling Meeting...
[2017.06.11-09.46.34:234][ 96]Launching UnrealBuildTool... [D:/UE_4.15/Engine/Binaries/DotNET/UnrealBuildTool.exe Meeting -ModuleWithSuffix Meeting 5047 Win64 Development -editorrecompile -canskiplink "C:/Users/User/Desktop/Unreal/Meeting/Meeting.uproject" ]
[2017.06.11-09.46.34:236][ 96]Warning: Starting HotReload took  0.0s.
[2017.06.11-09.46.36:917][348]CompilerResultsLog: New page: Compilation - Jun 12, 2017, 1:46:36 AM
[2017.06.11-09.46.36:917][348]CompilerResultsLog: Info Compiling game modules for hot reload
[2017.06.11-09.46.36:917][348]CompilerResultsLog: Info Target is up to date
[2017.06.11-09.46.36:917][348]CompilerResultsLog: Info Total build time: 2.34 seconds (NoActionsToExecute executor: 0.00 seconds)
[2017.06.11-09.46.36:917][348]LogMainFrame: MainFrame: Module compiling took 2.687 seconds
[2017.06.11-09.46.36:939][348]LogContentBrowser: Native class hierarchy populated in 0.0103 seconds. Added 2250 classes and 459 folders.
[2017.06.11-09.46.36:944][348]Display: HotReload took  2.7s.
[2017.06.11-09.46.43:463][975]LogSlate: Took 0.000195 seconds to synchronously load lazily loaded font '../../../Engine/Content/Slate/Fonts/Roboto-Light.ttf' (159K)
[2017.06.11-09.47.08:863][411]LogVSAccessor:Warning: Couldn't goto line number '0' in 'C:/Users/User/Desktop/Unreal/Meeting/Source/Meeting/MainPlayer.h'
[2017.06.11-09.47.08:908][411]LogVSAccessor:Warning: Couldn't goto line number '0' in 'C:/Users/User/Desktop/Unreal/Meeting/Source/Meeting/MainPlayer.cpp'
[2017.06.11-09.50.25:590][  2]LogHotReload: New module detected: UE4Editor-Meeting-2018.dll
[2017.06.11-09.50.26:266][  5]LogHotReload: Starting Hot-Reload from IDE
[2017.06.11-09.50.26:369][  5]LogContentBrowser: Native class hierarchy updated for 'Meeting' in 0.0021 seconds. Added 3 classes and 2 folders.
[2017.06.11-09.50.26:371][  5]Display: HotReload successful (0 functions remapped  0 scriptstructs remapped)
[2017.06.11-09.50.26:436][  5]LogContentBrowser: Native class hierarchy populated in 0.0107 seconds. Added 2250 classes and 459 folders.
[2017.06.11-09.50.26:441][  5]Display: HotReload took  0.2s.
[2017.06.11-09.50.29:085][ 87]LogTemp: Repeting last play command: Selected Viewport
[2017.06.11-09.50.29:098][ 87]LogBlueprintUserMessages: Early PlayInEditor Detection: Level '/Game/ThirdPersonBP/Maps/ThirdPersonExampleMap.ThirdPersonExampleMap:PersistentLevel' has LevelScriptBlueprint '/Game/ThirdPersonBP/Maps/ThirdPersonExampleMap.ThirdPersonExampleMap:PersistentLevel.ThirdPersonExampleMap' with GeneratedClass '/Game/ThirdPersonBP/Maps/ThirdPersonExampleMap.ThirdPersonExampleMap_C' with ClassGeneratedBy '/Game/ThirdPersonBP/Maps/ThirdPersonExampleMap.ThirdPersonExampleMap:PersistentLevel.ThirdPersonExampleMap'
[2017.06.11-09.50.29:098][ 87]LogPlayLevel: PlayLevel: No blueprints needed recompiling
[2017.06.11-09.50.29:098][ 87]PIE: New page: PIE session: ThirdPersonExampleMap (Jun 12, 2017, 1:50:29 AM)
[2017.06.11-09.50.29:099][ 87]LogPlayLevel: Creating play world package: /Game/ThirdPersonBP/Maps/UEDPIE_0_ThirdPersonExampleMap
[2017.06.11-09.50.29:150][ 87]LogPlayLevel: PIE: StaticDuplicateObject took: (0.051458s)
[2017.06.11-09.50.29:151][ 87]LogAIModule: Creating AISystem for world ThirdPersonExampleMap
[2017.06.11-09.50.29:151][ 87]LogPlayLevel: PIE: World Init took: (0.000842s)
[2017.06.11-09.50.29:152][ 87]LogPlayLevel: PIE: Created PIE world by copying editor world from /Game/ThirdPersonBP/Maps/ThirdPersonExampleMap.ThirdPersonExampleMap to /Game/ThirdPersonBP/Maps/UEDPIE_0_ThirdPersonExampleMap.ThirdPersonExampleMap (0.052986s)
[2017.06.11-09.50.29:164][ 87]LogInit: XAudio2 using 'Speakers (Realtek High Definition Audio)' : 2 channels at 48 kHz using 32 bits per sample (channel mask 0x3)
[2017.06.11-09.50.29:174][ 87]LogInit: FAudioDevice initialized.
[2017.06.11-09.50.29:231][ 87]LogLoad: Game class is 'MeetingGameModeBase_BP_C'
[2017.06.11-09.50.29:248][ 87]LogWorld: Bringing World /Game/ThirdPersonBP/Maps/UEDPIE_0_ThirdPersonExampleMap.ThirdPersonExampleMap up for play (max tick rate 0) at 2017.06.11-17.50.29
[2017.06.11-09.50.29:251][ 87]LogWorld: Bringing up level for play took: 0.018851
[2017.06.11-09.50.29:295][ 87]LogContentBrowser: Native class hierarchy updated for 'MovieSceneCapture' in 0.0020 seconds. Added 11 classes and 0 folders.
[2017.06.11-09.50.29:761][ 87]LogCrashTracker: 


[2017.06.11-09.50.29:761][ 87]LogCrashTracker: 


[2017.06.11-09.50.29:761][ 87]LogWindows:Error: === Critical error: ===
[2017.06.11-09.50.29:761][ 87]LogWindows:Error: 
[2017.06.11-09.50.29:761][ 87]LogWindows:Error: Fatal error!
[2017.06.11-09.50.29:761][ 87]LogWindows:Error: 
[2017.06.11-09.50.29:761][ 87]LogWindows:Error: Unhandled Exception: EXCEPTION_ACCESS_VIOLATION reading address 0x00000128
[2017.06.11-09.50.29:762][ 87]LogWindows:Error: 
[2017.06.11-09.50.29:762][ 87]LogWindows:Error: UE4Editor-Meeting-2018.dll!UInputComponent::BindAxis<AMainPlayer>() [d:\ue_4.15\engine\source\runtime\engine\classes\components\inputcomponent.h:708]
[2017.06.11-09.50.29:762][ 87]LogWindows:Error: UE4Editor-Meeting-2018.dll!AMainPlayer::SetupPlayerInputComponent() [c:\users\user\desktop\unreal\meeting\source\meeting\mainplayer.cpp:44]
[2017.06.11-09.50.29:762][ 87]LogWindows:Error: UE4Editor-Engine.dll!0x000000004F4B066C
[2017.06.11-09.50.29:762][ 87]LogWindows:Error: UE4Editor-Engine.dll!0x000000004F5417CB
[2017.06.11-09.50.29:762][ 87]LogWindows:Error: UE4Editor-Engine.dll!0x000000004E841E66
[2017.06.11-09.50.29:762][ 87]LogWindows:Error: UE4Editor-CoreUObject.dll!0x000000005BDC509A
[2017.06.11-09.50.29:762][ 87]LogWindows:Error: UE4Editor-CoreUObject.dll!0x000000005BF1B43B
[2017.06.11-09.50.29:762][ 87]LogWindows:Error: UE4Editor-Engine.dll!0x000000004E913922
[2017.06.11-09.50.29:762][ 87]LogWindows:Error: UE4Editor-Engine.dll!0x000000004FA9DDC8
[2017.06.11-09.50.29:762][ 87]LogWindows:Error: UE4Editor-Engine.dll!0x000000004F55DE48
[2017.06.11-09.50.29:763][ 87]LogWindows:Error: UE4Editor-Engine.dll!0x000000004EFC4110
[2017.06.11-09.50.29:763][ 87]LogWindows:Error: UE4Editor-Engine.dll!0x000000004EFE4A84
[2017.06.11-09.50.29:763][ 87]LogWindows:Error: UE4Editor-Engine.dll!0x000000004EFE474E
[2017.06.11-09.50.29:763][ 87]LogWindows:Error: UE4Editor-Engine.dll!0x000000004EFD0F90
[2017.06.11-09.50.29:763][ 87]LogWindows:Error: UE4Editor-Engine.dll!0x000000004ECB4526
[2017.06.11-09.50.29:763][ 87]LogWindows:Error: UE4Editor-CoreUObject.dll!0x000000005BDC509A
[2017.06.11-09.50.29:763][ 87]LogWindows:Error: UE4Editor-CoreUObject.dll!0x000000005BF1B43B
[2017.06.11-09.50.29:763][ 87]LogWindows:Error: UE4Editor-Engine.dll!0x000000004E913922
[2017.06.11-09.50.29:763][ 87]LogWindows:Error: UE4Editor-Engine.dll!0x000000004FB48718
[2017.06.11-09.50.29:763][ 87]LogWindows:Error: UE4Editor-Engine.dll!0x000000004F151AB4
[2017.06.11-09.50.29:763][ 87]LogWindows:Error: UE4Editor-Engine.dll!0x000000004F1DD4C4
[2017.06.11-09.50.29:763][ 87]LogWindows:Error: UE4Editor-Engine.dll!0x000000004EFEBFD1
[2017.06.11-09.50.29:763][ 87]LogWindows:Error: UE4Editor-UnrealEd.dll!0x000000005A118BE7
[2017.06.11-09.50.29:763][ 87]LogWindows:Error: UE4Editor-UnrealEd.dll!0x000000005A1453ED
[2017.06.11-09.50.29:764][ 87]LogWindows:Error: UE4Editor-UnrealEd.dll!0x000000005A161874
[2017.06.11-09.50.29:764][ 87]LogWindows:Error: UE4Editor-UnrealEd.dll!0x0000000059C4626B
[2017.06.11-09.50.29:764][ 87]LogWindows:Error: UE4Editor-UnrealEd.dll!0x000000005A452196
[2017.06.11-09.50.29:764][ 87]LogWindows:Error: UE4Editor.exe!0x00000000168DDEE3
[2017.06.11-09.50.29:764][ 87]LogWindows:Error: UE4Editor.exe!0x00000000168CEB40
[2017.06.11-09.50.29:764][ 87]LogWindows:Error: UE4Editor.exe!0x00000000168CEBBA
[2017.06.11-09.50.29:764][ 87]LogWindows:Error: UE4Editor.exe!0x00000000168E0A29
[2017.06.11-09.50.29:764][ 87]LogWindows:Error: UE4Editor.exe!0x00000000168E22B6
[2017.06.11-09.50.29:764][ 87]LogWindows:Error: KERNEL32.DLL!0x000000007E3D8102
[2017.06.11-09.50.29:764][ 87]LogWindows:Error: ntdll.dll!0x000000008086C5B4
[2017.06.11-09.50.29:764][ 87]LogWindows:Error: ntdll.dll!0x000000008086C5B4
[2017.06.11-09.50.29:764][ 87]LogWindows:Error: 
[2017.06.11-09.50.29:789][ 87]LogExit: Executing StaticShutdownAfterError
[2017.06.11-09.50.29:793][ 87]LogWindows: FPlatformMisc::RequestExit(1)
[2017.06.11-09.50.29:793][ 87]Log file closed, 06/11/17 17:50:29
