Log file open, 08/09/17 23:05:07
LogInit:Display: Running engine for game: Meeting
LogPlatformFile: Not using cached read wrapper
LogInit:Display: RandInit(1127111133) SRandInit(1127111133).
LogTaskGraph: Started task graph with 5 named threads and 7 total threads with 1 sets of task threads.
LogStats: Stats thread started at 0.074661
LogInit: Using libcurl 7.47.1
LogInit:  - built for x86_64-pc-win32
LogInit:  - supports SSL with OpenSSL/1.0.2g
LogInit:  - supports HTTP deflate (compression) using libz 1.2.8
LogInit:  - other features:
LogInit:      CURL_VERSION_SSL
LogInit:      CURL_VERSION_LIBZ
LogInit:      CURL_VERSION_IPV6
LogInit:      CURL_VERSION_ASYNCHDNS
LogInit:      CURL_VERSION_LARGEFILE
LogInit:      CURL_VERSION_IDN
LogInit:  CurlRequestOptions (configurable via config and command line):
LogInit:  - bVerifyPeer = false  - Libcurl will NOT verify peer certificate
LogInit:  - bUseHttpProxy = false  - Libcurl will NOT use HTTP proxy
LogInit:  - bDontReuseConnections = false  - Libcurl will reuse connections
LogInit:  - CertBundlePath = nullptr  - Libcurl will use whatever was configured at build time.
LogInit: Build: ++UE4+Release-4.15-CL-3450819
LogInit: Engine Version: 4.15.3-3450819+++UE4+Release-4.15
LogInit: Compatible Engine Version: 4.15.0-3299760+++UE4+Release-4.15
LogInit: Net CL: 3299760
LogDevObjectVersion: Number of dev versions registered: 14
LogDevObjectVersion:   Dev-Blueprints (B0D832E4-1F89-4F0D-ACCF-7EB736FD4AA2): 8
LogDevObjectVersion:   Dev-Build (E1C64328-A22C-4D53-A36C-8E866417BD8C): 0
LogDevObjectVersion:   Dev-Core (375EC13C-06E4-48FB-B500-84F0262A717E): 2
LogDevObjectVersion:   Dev-Editor (E4B068ED-F494-42E9-A231-DA0B2E46BB41): 14
LogDevObjectVersion:   Dev-Framework (CFFC743F-43B0-4480-9391-14DF171D2073): 22
LogDevObjectVersion:   Dev-Mobile (B02B49B5-BB20-44E9-A304-32B752E40360): 0
LogDevObjectVersion:   Dev-Networking (A4E4105C-59A1-49B5-A7C5-40C4547EDFEE): 0
LogDevObjectVersion:   Dev-Online (39C831C9-5AE6-47DC-9A44-9C173E1C8E7C): 0
LogDevObjectVersion:   Dev-Physics (78F01B33-EBEA-4F98-B9B4-84EACCB95AA2): 0
LogDevObjectVersion:   Dev-Platform (6631380F-2D4D-43E0-8009-CF276956A95A): 0
LogDevObjectVersion:   Dev-Rendering (12F88B9F-8875-4AFC-A67C-D90C383ABD29): 12
LogDevObjectVersion:   Dev-Sequencer (7B5AE74C-D270-4C10-A958-57980B212A5A): 3
LogDevObjectVersion:   Dev-VR (D7296918-1DD6-4BDD-9DE2-64A83CC13884): 0
LogDevObjectVersion:   Dev-LoadTimes (C2A15278-BFE7-4AFE-6C17-90FF531DF755): 1
LogInit: Compiled (64-bit): May 21 2017 11:02:34
LogInit: Compiled with Visual C++: 19.00.23026.00
LogInit: Build Configuration: Development
LogInit: Branch Name: ++UE4+Release-4.15
LogInit: Command line:  
LogInit: Base directory: D:/UnrealEngine/UE_4.15/Engine/Binaries/Win64/
LogInit: Installed Engine Build: 1
LogInit: Presizing for max 8388607 objects, including 0 objects not considered by GC, pre-allocating 0 bytes for permanent pool.
LogInit: Object subsystem initialized
[2017.08.09-15.05.09:207][  0]LogInit: Selected Device Profile: [Windows]
[2017.08.09-15.05.09:207][  0]LogInit: Applying CVar settings loaded from the selected device profile: [Windows]
[2017.08.09-15.05.09:253][  0]LogInit: Computer: WINCTRL-E5MM7PO
[2017.08.09-15.05.09:253][  0]LogInit: User: HELLOBYE
[2017.08.09-15.05.09:253][  0]LogInit: CPU Page size=65536, Cores=3
[2017.08.09-15.05.09:253][  0]LogInit: High frequency timer resolution =3.825771 MHz
[2017.08.09-15.05.09:254][  0]LogMemory: Memory total: Physical=8.0GB (8GB approx)
[2017.08.09-15.05.09:254][  0]LogMemory: Platform Memory Stats for Windows
[2017.08.09-15.05.09:254][  0]LogMemory: Process Physical Memory: 267.40 MB used, 267.40 MB peak
[2017.08.09-15.05.09:254][  0]LogMemory: Process Virtual Memory: 262.21 MB used, 262.21 MB peak
[2017.08.09-15.05.09:254][  0]LogMemory: Physical Memory: 2410.03 MB used,  5764.09 MB free, 8174.11 MB total
[2017.08.09-15.05.09:254][  0]LogMemory: Virtual Memory: 644.48 MB used,  5764.09 MB free, 134217728.00 MB total
[2017.08.09-15.05.09:439][  0]LogTextLocalizationManager: No specific translations for ('en-MY') exist, so ('en') translations will be used.
[2017.08.09-15.05.12:985][  0]LogD3D11RHI: D3D11 adapters:
[2017.08.09-15.05.13:277][  0]LogD3D11RHI:    0. 'NVIDIA GeForce GTX 650' (Feature Level 11_0)
[2017.08.09-15.05.13:277][  0]LogD3D11RHI:       995/0/4087 MB DedicatedVideo/DedicatedSystem/SharedSystem, Outputs:1, VendorId:0x10de
[2017.08.09-15.05.13:293][  0]LogD3D11RHI:    1. 'Microsoft Basic Render Driver' (Feature Level 11_0)
[2017.08.09-15.05.13:293][  0]LogD3D11RHI:       0/0/4087 MB DedicatedVideo/DedicatedSystem/SharedSystem, Outputs:0, VendorId:0x1414
[2017.08.09-15.05.13:293][  0]LogD3D11RHI: Chosen D3D11 Adapter: 0
[2017.08.09-15.05.13:299][  0]LogD3D11RHI: Creating new Direct3DDevice
[2017.08.09-15.05.13:300][  0]LogD3D11RHI:     GPU DeviceId: 0xfc6 (for the marketing name, search the web for "GPU Device Id")
[2017.08.09-15.05.13:300][  0]LogWindows: EnumDisplayDevices:
[2017.08.09-15.05.13:300][  0]LogWindows:    0. 'NVIDIA GeForce GTX 650' (P:1 D:1)
[2017.08.09-15.05.13:300][  0]LogWindows:    1. 'NVIDIA GeForce GTX 650' (P:0 D:0)
[2017.08.09-15.05.13:300][  0]LogWindows:    2. 'NVIDIA GeForce GTX 650' (P:0 D:0)
[2017.08.09-15.05.13:300][  0]LogWindows:    3. 'NVIDIA GeForce GTX 650' (P:0 D:0)
[2017.08.09-15.05.13:300][  0]LogWindows: DebugString: FoundDriverCount:4 
[2017.08.09-15.05.13:301][  0]LogD3D11RHI:     Adapter Name: NVIDIA GeForce GTX 650
[2017.08.09-15.05.13:301][  0]LogD3D11RHI:   Driver Version: 382.05 (internal:22.21.13.8205, unified:382.05)
[2017.08.09-15.05.13:301][  0]LogD3D11RHI:      Driver Date: 5-1-2017
[2017.08.09-15.05.13:301][  0]LogRHI: Texture pool is 696 MB (70% of 995 MB)
[2017.08.09-15.05.13:544][  0]LogD3D11RHI:Warning: Timestamp queries are currently disabled on this hardware due to instability. Realtime GPU stats will not be available. You can override this behaviour by setting r.NVIDIATimestampWorkaround to 0
[2017.08.09-15.05.13:544][  0]LogD3D11RHI: Async texture creation enabled
[2017.08.09-15.05.14:231][  0]LogD3D11RHI: GPU Timing Frequency: 1000.000000 (Debug: 2 2)
[2017.08.09-15.05.14:281][  0]LogShaderCompilers: Guid format shader working directory is 6 characters bigger than the processId version (../../../../../GitHub/FYP_DumbTesting/Meeting/Intermediate/Shaders/WorkingDirectory/4388/).
[2017.08.09-15.05.14:281][  0]LogShaderCompilers: Cleaned the shader compiler working directory 'C:/Users/HELLO_BYE`/AppData/Local/Temp/UnrealShaderWorkingDir/16FA0FAD40BEA562E2A69DBF6D651FE6/'.
[2017.08.09-15.05.14:281][  0]LogShaderCompilers:Display: Using Local Shader Compiler.
[2017.08.09-15.05.17:877][  0]LogTemp:Display: Loaded TP AllDesktopTargetPlatform
[2017.08.09-15.05.17:946][  0]LogTemp:Display: Loaded TP MacClientTargetPlatform
[2017.08.09-15.05.18:015][  0]LogTemp:Display: Loaded TP MacNoEditorTargetPlatform
[2017.08.09-15.05.18:080][  0]LogTemp:Display: Loaded TP MacServerTargetPlatform
[2017.08.09-15.05.18:173][  0]LogTemp:Display: Loaded TP MacTargetPlatform
[2017.08.09-15.05.18:236][  0]LogTemp:Display: Loaded TP WindowsClientTargetPlatform
[2017.08.09-15.05.18:300][  0]LogTemp:Display: Loaded TP WindowsNoEditorTargetPlatform
[2017.08.09-15.05.18:368][  0]LogTemp:Display: Loaded TP WindowsServerTargetPlatform
[2017.08.09-15.05.18:427][  0]LogTemp:Display: Loaded TP WindowsTargetPlatform
[2017.08.09-15.05.18:520][  0]LogTemp:Display: Loaded TP AndroidTargetPlatform
[2017.08.09-15.05.18:583][  0]LogTemp:Display: Loaded TP Android_ASTCTargetPlatform
[2017.08.09-15.05.18:649][  0]LogTemp:Display: Loaded TP Android_ATCTargetPlatform
[2017.08.09-15.05.18:713][  0]LogTemp:Display: Loaded TP Android_DXTTargetPlatform
[2017.08.09-15.05.18:776][  0]LogTemp:Display: Loaded TP Android_ETC1TargetPlatform
[2017.08.09-15.05.18:842][  0]LogTemp:Display: Loaded TP Android_ETC2TargetPlatform
[2017.08.09-15.05.18:981][  0]LogTemp:Display: Loaded TP Android_MultiTargetPlatform
[2017.08.09-15.05.18:981][  0]LogTemp:Display: Loaded TP Android_PVRTCTargetPlatform
[2017.08.09-15.05.19:027][  0]LogTemp:Display: Loaded TP HTML5TargetPlatform
[2017.08.09-15.05.19:161][  0]LogTemp:Display: Loaded TP IOSTargetPlatform
[2017.08.09-15.05.19:214][  0]LogTemp:Display: Loaded TP TVOSTargetPlatform
[2017.08.09-15.05.19:287][  0]LogTemp:Display: Loaded TP LinuxClientTargetPlatform
[2017.08.09-15.05.19:362][  0]LogTemp:Display: Loaded TP LinuxNoEditorTargetPlatform
[2017.08.09-15.05.19:426][  0]LogTemp:Display: Loaded TP LinuxServerTargetPlatform
[2017.08.09-15.05.19:531][  0]LogTemp:Display: Loaded TP LinuxTargetPlatform
[2017.08.09-15.05.19:531][  0]LogTargetPlatformManager:Display: Building Assets For Windows
[2017.08.09-15.05.20:040][  0]LogDerivedDataCache:Display: Max Cache Size: 512 MB
[2017.08.09-15.05.20:664][  0]LogDerivedDataCache: Loaded boot cache 0.62s 50MB C:/Users/HELLO_BYE`/AppData/Local/UnrealEngine/4.15/DerivedDataCache/Boot.ddc.
[2017.08.09-15.05.20:664][  0]LogDerivedDataCache:Display: Loaded Boot cache: C:/Users/HELLO_BYE`/AppData/Local/UnrealEngine/4.15/DerivedDataCache/Boot.ddc
[2017.08.09-15.05.20:664][  0]LogDerivedDataCache: FDerivedDataBackendGraph:  Pak pak cache file ../../../../../GitHub/FYP_DumbTesting/Meeting/DerivedDataCache/DDC.ddp not found, will not use a pak cache.
[2017.08.09-15.05.20:664][  0]LogDerivedDataCache: Unable to find inner node Pak for hierarchical cache Hierarchy.
[2017.08.09-15.05.20:664][  0]LogDerivedDataCache: FDerivedDataBackendGraph:  CompressedPak pak cache file ../../../../../GitHub/FYP_DumbTesting/Meeting/DerivedDataCache/Compressed.ddp not found, will not use a pak cache.
[2017.08.09-15.05.20:664][  0]LogDerivedDataCache: Unable to find inner node CompressedPak for hierarchical cache Hierarchy.
[2017.08.09-15.05.20:712][  0]LogDerivedDataCache:Display: Pak cache opened for reading ../../../Engine/DerivedDataCache/Compressed.ddp.
[2017.08.09-15.05.20:725][  0]LogDerivedDataCache: Using Local data cache path C:/Users/HELLO_BYE`/AppData/Local/UnrealEngine/Common/DerivedDataCache: Writable
[2017.08.09-15.05.20:739][  0]LogSlate: Using Freetype 2.6.0
[2017.08.09-15.05.20:772][  0]LogSlate: SlateFontCache - WITH_FREETYPE: 1, WITH_HARFBUZZ: 1
[2017.08.09-15.05.20:772][  0]LogSlate: SlateFontCache - WITH_FREETYPE: 1, WITH_HARFBUZZ: 1
[2017.08.09-15.05.24:115][  0]LogInit: Selected Device Profile: [Windows]
[2017.08.09-15.05.24:119][  0]LogContentStreaming: Texture pool size is 0.00 MB
[2017.08.09-15.05.24:379][  0]LogMeshUtilities: Using QuadricMeshReduction for automatic static mesh reduction
[2017.08.09-15.05.24:429][  0]LogSimplygon: Simplygon DLL not present - disabling.
[2017.08.09-15.05.24:483][  0]LogMeshUtilities: Using SimplygonSwarm for distributed automatic mesh merging
[2017.08.09-15.05.24:483][  0]LogMeshUtilities: No automatic skeletal mesh reduction module available
[2017.08.09-15.05.24:483][  0]LogMeshUtilities: No automatic mesh merging module available
[2017.08.09-15.05.25:209][  0]LogNetVersion: GetLocalNetworkVersion: CL: 3299760, ProjectName: meeting, ProjectVersion: , EngineNetworkVersion: 2, GameNetworkVersion: 0, NetworkChecksum: 116300604
[2017.08.09-15.05.25:264][  0]LogAssetRegistry: FAssetRegistry took 0.0221 seconds to start up
[2017.08.09-15.05.25:318][  0]LogPackageLocalizationCache: Processed 3 localized package path(s) for 2 prioritized culture(s) in 0.027158 seconds
[2017.08.09-15.05.25:324][  0]LogUObjectArray: 32493 objects as part of root set at end of initial load.
[2017.08.09-15.05.25:324][  0]LogUObjectAllocator: 7077024 out of 0 bytes used by permanent object pool.
[2017.08.09-15.05.25:324][  0]LogUObjectArray: CloseDisregardForGC: 0/0 objects in disregard for GC pool
[2017.08.09-15.05.25:399][  0]LogInit: WinSock: version 1.1 (2.2), MaxSocks=32767, MaxUdp=65467
[2017.08.09-15.05.34:014][  0]LogTcpMessaging: Initializing TcpMessaging bridge
[2017.08.09-15.05.34:063][  0]LogUdpMessaging: Initializing bridge on interface 0.0.0.0:0 to multicast group 230.0.0.1:6666.
[2017.08.09-15.05.34:918][  0]LogMaterial: Uniform references updated for custom material expression Custom.
[2017.08.09-15.05.35:355][  0]SourceControl: Info Source control is disabled
[2017.08.09-15.05.35:356][  0]SourceControl: Info Source control is disabled
[2017.08.09-15.05.35:411][  0]SourceControl: Info Source control is disabled
[2017.08.09-15.05.35:464][  0]SourceControl: Info Source control is disabled
[2017.08.09-15.05.37:101][  0]LogEngine: Initializing Engine...
[2017.08.09-15.05.37:106][  0]LogHMD: Failed to initialize OpenVR with code 100
[2017.08.09-15.05.37:257][  0]LogStats: UGameplayTagsManager::ConstructGameplayTagTree: Construct from data asset -  0.000 s
[2017.08.09-15.05.37:257][  0]LogStats: UGameplayTagsManager::ConstructGameplayTagTree: GameplayTagTreeChangedEvent.Broadcast -  0.000 s
[2017.08.09-15.05.37:410][  0]LogAIModule: Creating AISystem for world Untitled
[2017.08.09-15.05.37:426][  0]LogInit: XAudio2 using 'VX2363 Series-4 (NVIDIA High Definition Audio)' : 2 channels at 48 kHz using 16 bits per sample (channel mask 0x3)
[2017.08.09-15.05.37:461][  0]LogInit: FAudioDevice initialized.
[2017.08.09-15.05.37:530][  0]LogDerivedDataCache: Saved boot cache 0.07s 50MB C:/Users/HELLO_BYE`/AppData/Local/UnrealEngine/4.15/DerivedDataCache/Boot.ddc.
[2017.08.09-15.05.37:562][  0]LogInit: Texture streaming: Enabled
[2017.08.09-15.05.37:685][  0]LogEngineSessionManager: EngineSessionManager initialized
[2017.08.09-15.05.37:789][  0]LogInit: Transaction tracking system initialized
[2017.08.09-15.05.38:197][  0]BlueprintLog: New page: Editor Load
[2017.08.09-15.05.39:281][  0]LocalizationService: Info Localization service is disabled
[2017.08.09-15.05.40:163][  0]LogConsoleResponse:Display: 
[2017.08.09-15.05.40:709][  0]LogCook:Display: Max memory allowance for cook 16384mb min free memory 0mb
[2017.08.09-15.05.40:709][  0]LogCook:Display: Mobile HDR setting 1
[2017.08.09-15.05.41:117][  0]LogFileCache: Scanning file cache for directory 'D:/GitHub/FYP_DumbTesting/Meeting/Content/' took 0.03s
[2017.08.09-15.05.42:595][  0]SourceControl: Info Source control is disabled
[2017.08.09-15.05.42:596][  0]Cmd: MAP LOAD FILE="../../../../../GitHub/FYP_DumbTesting/Meeting/Content/ThirdPersonBP/Maps/MockUp_Map.umap" TEMPLATE=0 SHOWPROGRESS=1 FEATURELEVEL=3
[2017.08.09-15.05.42:596][  0]LightingResults: New page: Lighting Build
[2017.08.09-15.05.42:645][  0]MapCheck: New page: Map Check
[2017.08.09-15.05.42:645][  0]LightingResults: New page: Lighting Build
[2017.08.09-15.05.43:967][  0]LogBlueprint:Warning: [Compiler ThirdPersonCharacter] Warning InputAction Event references unknown Action 'ResetVR' for  InputAction ResetVR
[2017.08.09-15.05.43:968][  0]LogBlueprint:Warning: [Compiler ThirdPersonCharacter] Warning Input Axis Event references unknown Axis 'LookUpRate' for  InputAxis LookUpRate
[2017.08.09-15.05.43:968][  0]LogBlueprint:Warning: [Compiler ThirdPersonCharacter] Warning Input Axis Event references unknown Axis 'TurnRate' for  InputAxis TurnRate
[2017.08.09-15.05.43:968][  0]LogBlueprint:Warning: [Compiler ThirdPersonCharacter] Warning InputAction Event references unknown Action 'Jump' for  InputAction Jump
[2017.08.09-15.05.43:968][  0]LogBlueprint:Warning: [Compiler ThirdPersonCharacter] Warning Input Axis Event references unknown Axis 'LookUp' for  InputAxis LookUp
[2017.08.09-15.05.43:968][  0]LogBlueprint:Warning: [Compiler ThirdPersonCharacter] Warning Input Axis Event references unknown Axis 'Turn' for  InputAxis Turn
[2017.08.09-15.05.43:974][  0]LogBlueprint:Warning: [Compiler ThirdPersonCharacter] Warning [0038.11] Compile of ThirdPersonCharacter successful, but with 6 Warning(s) [in 12 ms] (/Game/ThirdPersonBP/Blueprints/ThirdPersonCharacter.ThirdPersonCharacter)
[2017.08.09-15.05.43:974][  0]LogBlueprint:Warning: [Compiler ThirdPersonCharacter] Warning [0038.11] Compile of ThirdPersonCharacter successful, but with 7 Warning(s) [in 0 ms] (/Game/ThirdPersonBP/Blueprints/ThirdPersonCharacter.ThirdPersonCharacter)
[2017.08.09-15.05.43:974][  0]LogBlueprint:Warning: [Compiler ThirdPersonCharacter] Warning [0038.12] Compile of ThirdPersonCharacter successful, but with 8 Warning(s) [in 0 ms] (/Game/ThirdPersonBP/Blueprints/ThirdPersonCharacter.ThirdPersonCharacter)
[2017.08.09-15.05.43:985][  0]LogBlueprint:Warning: [Compiler ThirdPersonCharacter] Warning InputAction Event references unknown Action 'ResetVR' for  InputAction ResetVR
[2017.08.09-15.05.43:985][  0]LogBlueprint:Warning: [Compiler ThirdPersonCharacter] Warning Input Axis Event references unknown Axis 'LookUpRate' for  InputAxis LookUpRate
[2017.08.09-15.05.43:985][  0]LogBlueprint:Warning: [Compiler ThirdPersonCharacter] Warning Input Axis Event references unknown Axis 'TurnRate' for  InputAxis TurnRate
[2017.08.09-15.05.43:986][  0]LogBlueprint:Warning: [Compiler ThirdPersonCharacter] Warning InputAction Event references unknown Action 'Jump' for  InputAction Jump
[2017.08.09-15.05.43:986][  0]LogBlueprint:Warning: [Compiler ThirdPersonCharacter] Warning Input Axis Event references unknown Axis 'LookUp' for  InputAxis LookUp
[2017.08.09-15.05.43:986][  0]LogBlueprint:Warning: [Compiler ThirdPersonCharacter] Warning Input Axis Event references unknown Axis 'Turn' for  InputAxis Turn
[2017.08.09-15.05.43:990][  0]LogBlueprint:Warning: [Compiler ThirdPersonCharacter] Warning [0038.13] Compile of ThirdPersonCharacter successful, but with 6 Warning(s) [in 13 ms] (/Game/ThirdPersonBP/Blueprints/ThirdPersonCharacter.ThirdPersonCharacter)
[2017.08.09-15.05.43:990][  0]LogBlueprint:Warning: [Compiler ThirdPersonCharacter] Warning [0038.13] Compile of ThirdPersonCharacter successful, but with 7 Warning(s) [in 0 ms] (/Game/ThirdPersonBP/Blueprints/ThirdPersonCharacter.ThirdPersonCharacter)
[2017.08.09-15.05.43:991][  0]LogBlueprint:Warning: [Compiler ThirdPersonCharacter] Warning [0038.13] Compile of ThirdPersonCharacter successful, but with 8 Warning(s) [in 0 ms] (/Game/ThirdPersonBP/Blueprints/ThirdPersonCharacter.ThirdPersonCharacter)
[2017.08.09-15.05.44:341][  0]LogLinker:Warning: Can't find file '/Game/Art/Environment/newdev/zzzzzz'
[2017.08.09-15.05.44:342][  0]LogLinker:Warning: Can't find file for asset '/Game/Art/Environment/newdev/zzzzzz' while loading ../../../../../GitHub/FYP_DumbTesting/Meeting/Content/Art/Environment/Mesh/SM_Corridor_Frame.uasset.
[2017.08.09-15.05.44:342][  0]LoadErrors:Error: Error /Game/Art/Environment/Mesh/SM_Corridor_Frame : Can't find file for asset. /Game/Art/Environment/newdev/zzzzzz
[2017.08.09-15.05.44:342][  0]LogLinker:Warning: Can't find file '/Game/Art/Environment/newdev/zzzzzz'
[2017.08.09-15.05.44:342][  0]LogLinker:Warning: Can't find file for asset '/Game/Art/Environment/newdev/zzzzzz' while loading ../../../../../GitHub/FYP_DumbTesting/Meeting/Content/Art/Environment/Mesh/SM_Corridor_Frame.uasset.
[2017.08.09-15.05.44:342][  0]LoadErrors:Error: Error /Game/Art/Environment/Mesh/SM_Corridor_Frame : Can't find file for asset. /Game/Art/Environment/newdev/zzzzzz
[2017.08.09-15.05.44:353][  0]LogLinker:Warning: Can't find file '/Game/Art/Environment/newdev/2'
[2017.08.09-15.05.44:354][  0]LogLinker:Warning: Can't find file for asset '/Game/Art/Environment/newdev/2' while loading ../../../../../GitHub/FYP_DumbTesting/Meeting/Content/Art/Environment/Mesh/SM_Corridor_Wall.uasset.
[2017.08.09-15.05.44:354][  0]LoadErrors:Error: Error /Game/Art/Environment/Mesh/SM_Corridor_Wall : Can't find file for asset. /Game/Art/Environment/newdev/2
[2017.08.09-15.05.44:354][  0]LogLinker:Warning: Can't find file '/Game/Art/Environment/newdev/2'
[2017.08.09-15.05.44:354][  0]LogLinker:Warning: Can't find file for asset '/Game/Art/Environment/newdev/2' while loading ../../../../../GitHub/FYP_DumbTesting/Meeting/Content/Art/Environment/Mesh/SM_Corridor_Wall.uasset.
[2017.08.09-15.05.44:354][  0]LoadErrors:Error: Error /Game/Art/Environment/Mesh/SM_Corridor_Wall : Can't find file for asset. /Game/Art/Environment/newdev/2
[2017.08.09-15.05.45:908][  0]LogLinker:Warning: Can't find file '/Game/Art/Environment/newdev/2'
[2017.08.09-15.05.45:908][  0]LoadErrors: Info Failed to load /Game/Art/Environment/newdev/2.2 Referenced by SM_Corridor_Wall
[2017.08.09-15.05.45:908][  0]LogLinker:Warning: Can't find file for asset '/Game/Art/Environment/newdev/2' while loading NULL.
[2017.08.09-15.05.45:908][  0]LoadErrors: Info Failed to load /Game/Art/Environment/newdev/2.2 Referenced by SM_Corridor_Wall
[2017.08.09-15.05.45:910][  0]LogLinker:Warning: Can't find file '/Game/Art/Environment/newdev/zzzzzz'
[2017.08.09-15.05.45:910][  0]LoadErrors: Info Failed to load /Game/Art/Environment/newdev/zzzzzz.zzzzzz Referenced by SM_Corridor_Frame
[2017.08.09-15.05.45:910][  0]LogLinker:Warning: Can't find file for asset '/Game/Art/Environment/newdev/zzzzzz' while loading NULL.
[2017.08.09-15.05.45:910][  0]LoadErrors: Info Failed to load /Game/Art/Environment/newdev/zzzzzz.zzzzzz Referenced by SM_Corridor_Frame
[2017.08.09-15.06.05:843][  0]LogAIModule: Creating AISystem for world MockUp_Map
[2017.08.09-15.06.06:038][  0]LogScript:Warning: Accessed None trying to read property CallFunc_GetBlackboard_ReturnValue
	Anim_BP_Enemy_C /Game/ThirdPersonBP/Maps/MockUp_Map.MockUp_Map:PersistentLevel.EnemyChracter_BP_77.SkeletalMesh.Anim_BP_Enemy_C_0
	Function /Game/Blueprint/AI/Animation/Anim_BP_Enemy.Anim_BP_Enemy_C:ExecuteUbergraph_Anim_BP_Enemy:05BC
[2017.08.09-15.06.06:038][  0]LogScript:Warning: Accessed None trying to read property CallFunc_GetBlackboard_ReturnValue2
	Anim_BP_Enemy_C /Game/ThirdPersonBP/Maps/MockUp_Map.MockUp_Map:PersistentLevel.EnemyChracter_BP_77.SkeletalMesh.Anim_BP_Enemy_C_0
	Function /Game/Blueprint/AI/Animation/Anim_BP_Enemy.Anim_BP_Enemy_C:ExecuteUbergraph_Anim_BP_Enemy:0676
[2017.08.09-15.06.06:082][  0]LogScript:Warning: Accessed None trying to read property CallFunc_GetBlackboard_ReturnValue
	Anim_BP_Enemy_C /Game/ThirdPersonBP/Maps/MockUp_Map.MockUp_Map:PersistentLevel.EnemyChracter_BP_77.SkeletalMesh.Anim_BP_Enemy_C_1
	Function /Game/Blueprint/AI/Animation/Anim_BP_Enemy.Anim_BP_Enemy_C:ExecuteUbergraph_Anim_BP_Enemy:05BC
[2017.08.09-15.06.06:082][  0]LogScript:Warning: Accessed None trying to read property CallFunc_GetBlackboard_ReturnValue2
	Anim_BP_Enemy_C /Game/ThirdPersonBP/Maps/MockUp_Map.MockUp_Map:PersistentLevel.EnemyChracter_BP_77.SkeletalMesh.Anim_BP_Enemy_C_1
	Function /Game/Blueprint/AI/Animation/Anim_BP_Enemy.Anim_BP_Enemy_C:ExecuteUbergraph_Anim_BP_Enemy:0676
[2017.08.09-15.06.06:086][  0]LogEditorServer: Finished looking for orphan Actors (0.000 secs)
[2017.08.09-15.06.06:099][  0]Cmd: MAP CHECKDEP NOCLEARLOG
[2017.08.09-15.06.06:225][  0]MapCheck: Info Map check complete: 0 Error(s), 0 Warning(s), took 126ms to complete.
[2017.08.09-15.06.06:225][  0]LogFileHelpers: Loading map 'MockUp_Map' took 23.630
[2017.08.09-15.06.06:456][  0]LogCollectionManager: Loaded 0 collections in 0.001797 seconds
[2017.08.09-15.06.06:542][  0]LogFileCache: Scanning file cache for directory 'D:/GitHub/FYP_DumbTesting/Meeting/Saved/Collections/' took 0.01s
[2017.08.09-15.06.06:542][  0]LogFileCache: Scanning file cache for directory 'D:/GitHub/FYP_DumbTesting/Meeting/Content/Developers/HELLOBYE/Collections/' took 0.01s
[2017.08.09-15.06.06:542][  0]LogFileCache: Scanning file cache for directory 'D:/GitHub/FYP_DumbTesting/Meeting/Content/Collections/' took 0.01s
[2017.08.09-15.06.06:542][  0]LogCollectionManager: Rebuilt the GUID cache for 0 collections in 0.000002 seconds
[2017.08.09-15.06.06:557][  0]LogContentBrowser: Native class hierarchy populated in 0.0150 seconds. Added 2258 classes and 455 folders.
[2017.08.09-15.06.06:633][  0]LogContentBrowser: Native class hierarchy updated for 'WidgetCarousel' in 0.0018 seconds. Added 0 classes and 0 folders.
[2017.08.09-15.06.06:990][  0]LogContentBrowser: Native class hierarchy updated for 'AddContentDialog' in 0.0019 seconds. Added 0 classes and 0 folders.
[2017.08.09-15.06.07:046][  0]LogContentBrowser: Native class hierarchy updated for 'SceneOutliner' in 0.0019 seconds. Added 1 classes and 2 folders.
[2017.08.09-15.06.07:129][  0]LogCrashTracker: Crashtracker disabled due to settings.
[2017.08.09-15.06.07:139][  0]LogUObjectGlobals:Warning: Failed to find object 'Class None.'
[2017.08.09-15.06.07:222][  0]LogContentBrowser: Native class hierarchy updated for 'HierarchicalLODOutliner' in 0.0019 seconds. Added 1 classes and 2 folders.
[2017.08.09-15.06.07:223][  0]LogLoad: (Engine Initialization) Total time: 61.36 seconds
[2017.08.09-15.06.07:223][  0]LogLoad: (Engine Initialization) Total Blueprint compile time: 0.78 seconds
[2017.08.09-15.06.07:223][  0]LogExternalProfiler: Found external profiler: VSPerf
[2017.08.09-15.06.07:223][  0]LogExternalProfiler: Using external profiler: VSPerf
[2017.08.09-15.06.07:571][  0]LogOcInput: OculusInput pre-init called
[2017.08.09-15.06.07:607][  0]LogContentStreaming: Texture pool size now 1000 MB
[2017.08.09-15.06.07:617][  0]LogSlate: Took 0.004440 seconds to synchronously load lazily loaded font '../../../Engine/Content/Slate/Fonts/Roboto-Regular.ttf' (155K)
[2017.08.09-15.06.08:271][  2]LogRenderer: Reallocating scene render targets to support 256x256 NumSamples 1 (Frame:1).
[2017.08.09-15.06.08:468][  2]LogSlate: Took 0.004258 seconds to synchronously load lazily loaded font '../../../Engine/Content/Slate/Fonts/Roboto-Bold.ttf' (160K)
[2017.08.09-15.06.08:628][  3]LogAssetRegistry: Asset discovery search completed in 43.3865 seconds
[2017.08.09-15.06.08:628][  3]LogCollectionManager: Rebuilt the object cache for 0 collections in 0.000008 seconds (found 0 objects)
[2017.08.09-15.06.08:629][  3]LogCollectionManager: Fixed up redirectors for 0 collections in 0.000031 seconds (updated 0 objects)
[2017.08.09-15.06.08:658][  3]LogSlate: Took 0.004098 seconds to synchronously load lazily loaded font '../../../Engine/Content/Slate/Fonts/Roboto-Light.ttf' (159K)
[2017.08.09-15.06.09:763][ 99]LogSlate: Took 0.004776 seconds to synchronously load lazily loaded font '../../../Engine/Content/Editor/Slate/Fonts/FontAwesome.ttf' (139K)
[2017.08.09-15.06.09:913][ 99]LogRenderer: Reallocating scene render targets to support 1208x616 NumSamples 1 (Frame:2).
[2017.08.09-15.06.09:913][ 99]LogSlate: Took 0.000273 seconds to synchronously load lazily loaded font '../../../Engine/Content/Slate/Fonts/Roboto-Light.ttf' (159K)
[2017.08.09-15.06.29:951][494]LogSlate: Took 0.000257 seconds to synchronously load lazily loaded font '../../../Engine/Content/Slate/Fonts/Roboto-Light.ttf' (159K)
[2017.08.09-15.06.30:590][494]LogSlate: Took 0.000202 seconds to synchronously load lazily loaded font '../../../Engine/Content/Slate/Fonts/Roboto-Regular.ttf' (155K)
[2017.08.09-15.06.30:732][494]LogContentBrowser: Native class hierarchy updated for 'BlueprintGraph' in 0.0027 seconds. Added 112 classes and 0 folders.
[2017.08.09-15.06.31:709][494]LogSlate: Took 0.004135 seconds to synchronously load lazily loaded font '../../../Engine/Content/Editor/Slate/Fonts/Roboto-BoldCondensed.ttf' (158K)
[2017.08.09-15.06.32:121][495]LogSlate: Took 0.004461 seconds to synchronously load lazily loaded font '../../../Engine/Content/Editor/Slate/Fonts/Roboto-Italic.ttf' (157K)
[2017.08.09-15.06.59:378][361]BlueprintLog: New page: Compile EnemyWeakspot_BP
[2017.08.09-15.07.00:040][395]Cmd: OBJ SAVEPACKAGE PACKAGE="/Game/Tech/Weakspot/EnemyWeakspot_BP" FILE="../../../../../GitHub/FYP_DumbTesting/Meeting/Content/Tech/Weakspot/EnemyWeakspot_BP.uasset" SILENT=true
[2017.08.09-15.07.00:140][395]LogSavePackage: Save=89.54ms
[2017.08.09-15.07.00:140][395]LogSavePackage: Moving '../../../../../GitHub/FYP_DumbTesting/Meeting/Saved/EnemyWeakspot_BPE0D879D449A8A2406EA0AAAACEA58E71.tmp' to '../../../../../GitHub/FYP_DumbTesting/Meeting/Content/Tech/Weakspot/EnemyWeakspot_BP.uasset'
[2017.08.09-15.07.00:142][395]LogSavePackage:Display: Finished SavePackage ../../../../../GitHub/FYP_DumbTesting/Meeting/Content/Tech/Weakspot/EnemyWeakspot_BP.uasset
[2017.08.09-15.07.02:738][596]LogRenderer: Reallocating scene render targets to support 1208x684 NumSamples 1 (Frame:568).
[2017.08.09-15.07.18:041][111]BlueprintLog: New page: Compile EnemyWeakspot_BP
[2017.08.09-15.07.18:887][135]Cmd: OBJ SAVEPACKAGE PACKAGE="/Game/Tech/Weakspot/EnemyWeakspot_BP" FILE="../../../../../GitHub/FYP_DumbTesting/Meeting/Content/Tech/Weakspot/EnemyWeakspot_BP.uasset" SILENT=true
[2017.08.09-15.07.18:980][135]LogSavePackage: Save=89.71ms
[2017.08.09-15.07.18:980][135]LogSavePackage: Moving '../../../../../GitHub/FYP_DumbTesting/Meeting/Saved/EnemyWeakspot_BP75C1EABB4A97B50125E511859734D0F0.tmp' to '../../../../../GitHub/FYP_DumbTesting/Meeting/Content/Tech/Weakspot/EnemyWeakspot_BP.uasset'
[2017.08.09-15.07.18:983][135]LogSavePackage:Display: Finished SavePackage ../../../../../GitHub/FYP_DumbTesting/Meeting/Content/Tech/Weakspot/EnemyWeakspot_BP.uasset
[2017.08.09-15.07.19:873][184]LogTemp: Repeting last play command: Selected Viewport
[2017.08.09-15.07.19:920][184]LogBlueprintUserMessages: Early PlayInEditor Detection: Level '/Game/ThirdPersonBP/Maps/MockUp_Map.MockUp_Map:PersistentLevel' has LevelScriptBlueprint '/Game/ThirdPersonBP/Maps/MockUp_Map.MockUp_Map:PersistentLevel.MockUp_Map' with GeneratedClass '/Game/ThirdPersonBP/Maps/MockUp_Map.MockUp_Map_C' with ClassGeneratedBy '/Game/ThirdPersonBP/Maps/MockUp_Map.MockUp_Map:PersistentLevel.MockUp_Map'
[2017.08.09-15.07.19:921][184]LogPlayLevel: PlayLevel: No blueprints needed recompiling
[2017.08.09-15.07.19:948][184]PIE: New page: PIE session: MockUp_Map (Aug 10, 2017, 7:07:19 AM)
[2017.08.09-15.07.19:958][184]LogPlayLevel: Creating play world package: /Game/ThirdPersonBP/Maps/UEDPIE_0_MockUp_Map
[2017.08.09-15.07.20:247][184]LogPlayLevel: PIE: StaticDuplicateObject took: (0.289873s)
[2017.08.09-15.07.20:249][184]LogAIModule: Creating AISystem for world MockUp_Map
[2017.08.09-15.07.20:249][184]LogPlayLevel: PIE: World Init took: (0.002036s)
[2017.08.09-15.07.20:254][184]LogPlayLevel: PIE: Created PIE world by copying editor world from /Game/ThirdPersonBP/Maps/MockUp_Map.MockUp_Map to /Game/ThirdPersonBP/Maps/UEDPIE_0_MockUp_Map.MockUp_Map (0.299326s)
[2017.08.09-15.07.20:346][184]LogInit: XAudio2 using 'VX2363 Series-4 (NVIDIA High Definition Audio)' : 2 channels at 48 kHz using 16 bits per sample (channel mask 0x3)
[2017.08.09-15.07.20:356][184]LogInit: FAudioDevice initialized.
[2017.08.09-15.07.20:488][184]LogLoad: Game class is 'MeetingGameModeBase_BP_C'
[2017.08.09-15.07.20:574][184]LogScript:Warning: Accessed None trying to read property CallFunc_GetBlackboard_ReturnValue
	Anim_BP_Enemy_C /Game/ThirdPersonBP/Maps/UEDPIE_0_MockUp_Map.MockUp_Map:PersistentLevel.EnemyChracter_BP_77.SkeletalMesh.Anim_BP_Enemy_C_0
	Function /Game/Blueprint/AI/Animation/Anim_BP_Enemy.Anim_BP_Enemy_C:ExecuteUbergraph_Anim_BP_Enemy:05BC
[2017.08.09-15.07.20:574][184]PIE:Error: Error Blueprint Runtime Error: Accessed None trying to read property CallFunc_GetBlackboard_ReturnValue from function: 'ExecuteUbergraph_Anim_BP_Enemy' from node: Set Saw_Player in graph: EventGraph in object: Anim_BP_Enemy with description: Accessed None trying to read property CallFunc_GetBlackboard_ReturnValue
[2017.08.09-15.07.20:574][184]LogScript:Warning: Accessed None trying to read property CallFunc_GetBlackboard_ReturnValue2
	Anim_BP_Enemy_C /Game/ThirdPersonBP/Maps/UEDPIE_0_MockUp_Map.MockUp_Map:PersistentLevel.EnemyChracter_BP_77.SkeletalMesh.Anim_BP_Enemy_C_0
	Function /Game/Blueprint/AI/Animation/Anim_BP_Enemy.Anim_BP_Enemy_C:ExecuteUbergraph_Anim_BP_Enemy:0676
[2017.08.09-15.07.20:575][184]PIE:Error: Error Blueprint Runtime Error: Accessed None trying to read property CallFunc_GetBlackboard_ReturnValue2 from function: 'ExecuteUbergraph_Anim_BP_Enemy' from node: Set AttackingPlayer in graph: EventGraph in object: Anim_BP_Enemy with description: Accessed None trying to read property CallFunc_GetBlackboard_ReturnValue2
[2017.08.09-15.07.20:584][184]LogWorld: Bringing World /Game/ThirdPersonBP/Maps/UEDPIE_0_MockUp_Map.MockUp_Map up for play (max tick rate 0) at 2017.08.09-23.07.20
[2017.08.09-15.07.20:616][184]LogWorld: Bringing up level for play took: 0.111901
[2017.08.09-15.07.20:699][184]LogContentBrowser: Native class hierarchy updated for 'MovieSceneCapture' in 0.0019 seconds. Added 11 classes and 0 folders.
[2017.08.09-15.07.20:721][184]PIE: Info Play in editor start time for /Game/ThirdPersonBP/Maps/UEDPIE_0_MockUp_Map 0.636
[2017.08.09-15.07.20:723][184]LogBlueprintUserMessages: Late PlayInEditor Detection: Level '/Game/ThirdPersonBP/Maps/MockUp_Map.MockUp_Map:PersistentLevel' has LevelScriptBlueprint '/Game/ThirdPersonBP/Maps/MockUp_Map.MockUp_Map:PersistentLevel.MockUp_Map' with GeneratedClass '/Game/ThirdPersonBP/Maps/MockUp_Map.MockUp_Map_C' with ClassGeneratedBy '/Game/ThirdPersonBP/Maps/MockUp_Map.MockUp_Map:PersistentLevel.MockUp_Map'
[2017.08.09-15.07.20:747][184]LogTemp:Error: 20.000000
[2017.08.09-15.07.20:865][185]LogTemp:Error: 20.000000
[2017.08.09-15.07.21:129][186]LogTemp:Error: 20.000000
[2017.08.09-15.07.21:229][187]LogTemp:Error: 20.000000
[2017.08.09-15.07.21:310][188]LogTemp:Error: 20.000000
[2017.08.09-15.07.21:372][189]LogTemp:Error: 20.000000
[2017.08.09-15.07.21:429][190]LogTemp:Error: 20.000000
[2017.08.09-15.07.21:488][191]LogTemp:Error: 20.000000
[2017.08.09-15.07.21:546][192]LogTemp:Error: 20.000000
[2017.08.09-15.07.21:604][193]LogTemp:Error: 20.000000
[2017.08.09-15.07.21:653][194]LogTemp:Error: 20.000000
[2017.08.09-15.07.21:698][195]LogTemp:Error: 20.000000
[2017.08.09-15.07.21:736][196]LogTemp:Error: 20.000000
[2017.08.09-15.07.21:770][197]LogTemp:Error: 20.000000
[2017.08.09-15.07.21:900][198]LogTemp:Error: 20.000000
[2017.08.09-15.07.21:934][199]LogTemp:Error: 20.000000
[2017.08.09-15.07.21:968][200]LogTemp:Error: 20.000000
[2017.08.09-15.07.21:998][201]LogTemp:Error: 20.000000
[2017.08.09-15.07.22:030][202]LogTemp:Error: 20.000000
[2017.08.09-15.07.22:062][203]LogTemp:Error: 20.000000
[2017.08.09-15.07.22:096][204]LogTemp:Error: 20.000000
[2017.08.09-15.07.22:127][205]LogTemp:Error: 20.000000
[2017.08.09-15.07.22:160][206]LogTemp:Error: 20.000000
[2017.08.09-15.07.22:195][207]LogTemp:Error: 20.000000
[2017.08.09-15.07.22:229][208]LogTemp:Error: 20.000000
[2017.08.09-15.07.22:261][209]LogTemp:Error: 20.000000
[2017.08.09-15.07.22:294][210]LogTemp:Error: 20.000000
[2017.08.09-15.07.22:331][211]LogTemp:Error: 20.000000
[2017.08.09-15.07.22:365][212]LogTemp:Error: 20.000000
[2017.08.09-15.07.22:396][213]LogTemp:Error: 20.000000
[2017.08.09-15.07.22:429][214]LogTemp:Error: 20.000000
[2017.08.09-15.07.22:463][215]LogTemp:Error: 20.000000
[2017.08.09-15.07.22:496][216]LogTemp:Error: 20.000000
[2017.08.09-15.07.22:530][217]LogTemp:Error: 20.000000
[2017.08.09-15.07.22:566][218]LogTemp:Error: 20.000000
[2017.08.09-15.07.22:602][219]LogTemp:Error: 20.000000
[2017.08.09-15.07.22:634][220]LogTemp:Error: 20.000000
[2017.08.09-15.07.22:668][221]LogTemp:Error: 20.000000
[2017.08.09-15.07.22:702][222]LogTemp:Error: 20.000000
[2017.08.09-15.07.22:736][223]LogTemp:Error: 20.000000
[2017.08.09-15.07.22:769][224]LogTemp:Error: 20.000000
[2017.08.09-15.07.22:805][225]LogTemp:Error: 20.000000
[2017.08.09-15.07.22:839][226]LogTemp:Error: 20.000000
[2017.08.09-15.07.22:871][227]LogTemp:Error: 20.000000
[2017.08.09-15.07.22:902][228]LogTemp:Error: 20.000000
[2017.08.09-15.07.22:933][229]LogTemp:Error: 20.000000
[2017.08.09-15.07.22:966][230]LogTemp:Error: 20.000000
[2017.08.09-15.07.22:998][231]LogTemp:Error: 20.000000
[2017.08.09-15.07.23:030][232]LogTemp:Error: 20.000000
[2017.08.09-15.07.23:063][233]LogTemp:Error: 20.000000
[2017.08.09-15.07.23:095][234]LogTemp:Error: 20.000000
[2017.08.09-15.07.23:128][235]LogTemp:Error: 20.000000
[2017.08.09-15.07.23:161][236]LogTemp:Error: 20.000000
[2017.08.09-15.07.23:193][237]LogTemp:Error: 20.000000
[2017.08.09-15.07.23:226][238]LogTemp:Error: 20.000000
[2017.08.09-15.07.23:261][239]LogTemp:Error: 20.000000
[2017.08.09-15.07.23:295][240]LogTemp:Error: 20.000000
[2017.08.09-15.07.23:330][241]LogTemp:Error: 20.000000
[2017.08.09-15.07.23:363][242]LogTemp:Error: 20.000000
[2017.08.09-15.07.23:398][243]LogTemp:Error: 20.000000
[2017.08.09-15.07.23:431][244]LogTemp:Error: 20.000000
[2017.08.09-15.07.23:466][245]LogTemp:Error: 20.000000
[2017.08.09-15.07.23:499][246]LogTemp:Error: 20.000000
[2017.08.09-15.07.23:532][247]LogTemp:Error: 20.000000
[2017.08.09-15.07.23:564][248]LogTemp:Error: 20.000000
[2017.08.09-15.07.23:598][249]LogTemp:Error: 20.000000
[2017.08.09-15.07.23:635][250]LogTemp:Error: 20.000000
[2017.08.09-15.07.23:668][251]LogTemp:Error: 20.000000
[2017.08.09-15.07.23:702][252]LogTemp:Error: 20.000000
[2017.08.09-15.07.23:736][253]LogTemp:Error: 20.000000
[2017.08.09-15.07.23:769][254]LogTemp:Error: 20.000000
[2017.08.09-15.07.23:803][255]LogTemp:Error: 20.000000
[2017.08.09-15.07.23:839][256]LogTemp:Error: 20.000000
[2017.08.09-15.07.23:876][257]LogTemp:Error: 20.000000
[2017.08.09-15.07.23:911][258]LogTemp:Error: 20.000000
[2017.08.09-15.07.23:947][259]LogTemp:Error: 20.000000
[2017.08.09-15.07.23:982][260]LogTemp:Error: 20.000000
[2017.08.09-15.07.24:017][261]LogTemp:Error: 20.000000
[2017.08.09-15.07.24:053][262]LogTemp:Error: 20.000000
[2017.08.09-15.07.24:090][263]LogTemp:Error: 20.000000
[2017.08.09-15.07.24:125][264]LogTemp:Error: 20.000000
[2017.08.09-15.07.24:161][265]LogTemp:Error: 20.000000
[2017.08.09-15.07.24:195][266]LogTemp:Error: 20.000000
[2017.08.09-15.07.24:230][267]LogTemp:Error: 20.000000
[2017.08.09-15.07.24:267][268]LogTemp:Error: 20.000000
[2017.08.09-15.07.24:303][269]LogTemp:Error: 20.000000
[2017.08.09-15.07.24:340][270]LogTemp:Error: 20.000000
[2017.08.09-15.07.24:378][271]LogTemp:Error: 20.000000
[2017.08.09-15.07.24:416][272]LogTemp:Error: 20.000000
[2017.08.09-15.07.24:455][273]LogTemp:Error: 20.000000
[2017.08.09-15.07.24:496][274]LogTemp:Error: 20.000000
[2017.08.09-15.07.24:538][275]LogTemp:Error: 20.000000
[2017.08.09-15.07.24:582][276]LogTemp:Error: 20.000000
[2017.08.09-15.07.24:627][277]LogTemp:Error: 20.000000
[2017.08.09-15.07.24:674][278]LogTemp:Error: 20.000000
[2017.08.09-15.07.24:719][279]LogTemp:Error: 20.000000
[2017.08.09-15.07.24:768][280]LogTemp:Error: 20.000000
[2017.08.09-15.07.24:814][281]LogTemp:Error: 20.000000
[2017.08.09-15.07.24:859][282]LogTemp:Error: 20.000000
[2017.08.09-15.07.24:905][283]LogTemp:Error: 20.000000
[2017.08.09-15.07.24:954][284]LogTemp:Error: 20.000000
[2017.08.09-15.07.25:001][285]LogTemp:Error: 20.000000
[2017.08.09-15.07.25:047][286]LogTemp:Error: 20.000000
[2017.08.09-15.07.25:092][287]LogTemp:Error: 20.000000
[2017.08.09-15.07.25:137][288]LogTemp:Error: 20.000000
[2017.08.09-15.07.25:179][289]LogTemp:Error: 20.000000
[2017.08.09-15.07.25:221][290]LogTemp:Error: 20.000000
[2017.08.09-15.07.25:265][291]LogTemp:Error: 20.000000
[2017.08.09-15.07.25:315][292]LogTemp:Error: 20.000000
[2017.08.09-15.07.25:370][293]LogTemp:Error: 20.000000
[2017.08.09-15.07.25:444][294]LogTemp:Error: 20.000000
[2017.08.09-15.07.25:480][295]LogTemp:Error: 20.000000
[2017.08.09-15.07.25:534][296]LogTemp:Error: 20.000000
[2017.08.09-15.07.25:590][297]LogTemp:Error: 20.000000
[2017.08.09-15.07.25:645][298]LogTemp:Error: 20.000000
[2017.08.09-15.07.25:698][299]LogTemp:Error: 20.000000
[2017.08.09-15.07.25:748][300]LogTemp:Error: 20.000000
[2017.08.09-15.07.25:799][301]LogTemp:Error: 20.000000
[2017.08.09-15.07.25:858][302]LogTemp:Error: 20.000000
[2017.08.09-15.07.25:900][303]LogTemp:Error: 20.000000
[2017.08.09-15.07.25:945][304]LogTemp:Error: 20.000000
[2017.08.09-15.07.25:991][305]LogTemp:Error: 20.000000
[2017.08.09-15.07.26:036][306]LogTemp:Error: 20.000000
[2017.08.09-15.07.26:079][307]LogTemp:Error: 20.000000
[2017.08.09-15.07.26:122][308]LogTemp:Error: 20.000000
[2017.08.09-15.07.26:165][309]LogTemp:Error: 20.000000
[2017.08.09-15.07.26:204][310]LogTemp:Error: 20.000000
[2017.08.09-15.07.26:242][311]LogTemp:Error: 20.000000
[2017.08.09-15.07.26:279][312]LogTemp:Error: 20.000000
[2017.08.09-15.07.26:319][313]LogTemp:Error: 20.000000
[2017.08.09-15.07.26:356][314]LogTemp:Error: 20.000000
[2017.08.09-15.07.26:394][315]LogTemp:Error: 20.000000
[2017.08.09-15.07.26:434][316]LogTemp:Error: 20.000000
[2017.08.09-15.07.26:473][317]LogTemp:Error: 20.000000
[2017.08.09-15.07.26:515][318]LogTemp:Error: 20.000000
[2017.08.09-15.07.26:555][319]LogTemp:Error: 20.000000
[2017.08.09-15.07.26:598][320]LogTemp:Error: 20.000000
[2017.08.09-15.07.26:638][321]LogTemp:Error: 20.000000
[2017.08.09-15.07.26:679][322]LogTemp:Error: 20.000000
[2017.08.09-15.07.26:721][323]LogTemp:Error: 20.000000
[2017.08.09-15.07.26:780][324]LogTemp:Error: 19.900000
[2017.08.09-15.07.26:804][325]LogTemp:Error: 19.799999
[2017.08.09-15.07.26:845][326]LogTemp:Error: 19.699999
[2017.08.09-15.07.26:885][327]LogTemp:Error: 19.599998
[2017.08.09-15.07.26:925][328]LogTemp:Error: 19.599998
[2017.08.09-15.07.26:965][329]LogTemp:Error: 19.599998
[2017.08.09-15.07.27:005][330]LogTemp:Error: 19.599998
[2017.08.09-15.07.27:045][331]LogTemp:Error: 19.599998
[2017.08.09-15.07.27:085][332]LogTemp:Error: 19.599998
[2017.08.09-15.07.27:125][333]LogTemp:Error: 19.599998
[2017.08.09-15.07.27:164][334]LogTemp:Error: 19.599998
[2017.08.09-15.07.27:204][335]LogTemp:Error: 19.599998
[2017.08.09-15.07.27:243][336]LogTemp:Error: 19.599998
[2017.08.09-15.07.27:284][337]LogTemp:Error: 19.499998
[2017.08.09-15.07.27:321][338]LogTemp:Error: 19.399998
[2017.08.09-15.07.27:360][339]LogTemp:Error: 19.299997
[2017.08.09-15.07.27:398][340]LogTemp:Error: 19.199997
[2017.08.09-15.07.27:437][341]LogTemp:Error: 19.099997
[2017.08.09-15.07.27:477][342]LogTemp:Error: 18.999996
[2017.08.09-15.07.27:516][343]LogTemp:Error: 18.899996
[2017.08.09-15.07.27:557][344]LogTemp:Error: 18.799995
[2017.08.09-15.07.27:598][345]LogTemp:Error: 18.699995
[2017.08.09-15.07.27:638][346]LogTemp:Error: 18.599995
[2017.08.09-15.07.27:679][347]LogTemp:Error: 18.499994
[2017.08.09-15.07.27:719][348]LogTemp:Error: 18.399994
[2017.08.09-15.07.27:759][349]LogTemp:Error: 18.299994
[2017.08.09-15.07.27:799][350]LogTemp:Error: 18.199993
[2017.08.09-15.07.27:839][351]LogTemp:Error: 18.099993
[2017.08.09-15.07.27:883][352]LogTemp:Error: 17.999992
[2017.08.09-15.07.27:922][353]LogTemp:Error: 17.899992
[2017.08.09-15.07.27:961][354]LogTemp:Error: 17.799992
[2017.08.09-15.07.27:999][355]LogTemp:Error: 17.799992
[2017.08.09-15.07.28:039][356]LogTemp:Error: 17.799992
[2017.08.09-15.07.28:078][357]LogTemp:Error: 17.799992
[2017.08.09-15.07.28:120][358]LogTemp:Error: 17.799992
[2017.08.09-15.07.28:162][359]LogTemp:Error: 17.799992
[2017.08.09-15.07.28:204][360]LogTemp:Error: 17.799992
[2017.08.09-15.07.28:245][361]LogTemp:Error: 17.799992
[2017.08.09-15.07.28:286][362]LogTemp:Error: 17.799992
[2017.08.09-15.07.28:326][363]LogTemp:Error: 17.799992
[2017.08.09-15.07.28:368][364]LogTemp:Error: 17.799992
[2017.08.09-15.07.28:407][365]LogTemp:Error: 17.799992
[2017.08.09-15.07.28:445][366]LogTemp:Error: 17.799992
[2017.08.09-15.07.28:487][367]LogTemp:Error: 17.799992
[2017.08.09-15.07.28:525][368]LogTemp:Error: 17.799992
[2017.08.09-15.07.28:562][369]LogTemp:Error: 17.799992
[2017.08.09-15.07.28:601][370]LogTemp:Error: 17.799992
[2017.08.09-15.07.28:639][371]LogTemp:Error: 17.799992
[2017.08.09-15.07.28:678][372]LogTemp:Error: 17.799992
[2017.08.09-15.07.28:714][373]LogTemp:Error: 17.799992
[2017.08.09-15.07.28:752][374]LogTemp:Error: 17.799992
[2017.08.09-15.07.28:789][375]LogTemp:Error: 17.799992
[2017.08.09-15.07.28:826][376]LogTemp:Error: 17.799992
[2017.08.09-15.07.28:863][377]LogTemp:Error: 17.799992
[2017.08.09-15.07.28:903][378]LogTemp:Error: 17.699991
[2017.08.09-15.07.28:939][379]LogTemp:Error: 17.599991
[2017.08.09-15.07.28:976][380]LogTemp:Error: 17.499990
[2017.08.09-15.07.29:014][381]LogTemp:Error: 17.399990
[2017.08.09-15.07.29:052][382]LogTemp:Error: 17.299990
[2017.08.09-15.07.29:090][383]LogTemp:Error: 17.199989
[2017.08.09-15.07.29:127][384]LogTemp:Error: 17.099989
[2017.08.09-15.07.29:166][385]LogTemp:Error: 16.999989
[2017.08.09-15.07.29:206][386]LogTemp:Error: 16.899988
[2017.08.09-15.07.29:243][387]LogTemp:Error: 16.799988
[2017.08.09-15.07.29:280][388]LogTemp:Error: 16.699987
[2017.08.09-15.07.29:320][389]LogTemp:Error: 16.599987
[2017.08.09-15.07.29:358][390]LogTemp:Error: 16.499987
[2017.08.09-15.07.29:396][391]LogTemp:Error: 16.399986
[2017.08.09-15.07.29:434][392]LogTemp:Error: 16.299986
[2017.08.09-15.07.29:476][393]LogTemp:Error: 16.299986
[2017.08.09-15.07.29:513][394]LogTemp:Error: 16.299986
[2017.08.09-15.07.29:553][395]LogTemp:Error: 16.299986
[2017.08.09-15.07.29:592][396]LogTemp:Error: 16.199986
[2017.08.09-15.07.29:632][397]LogTemp:Error: 16.199986
[2017.08.09-15.07.29:672][398]LogTemp:Error: 16.199986
[2017.08.09-15.07.29:713][399]LogTemp:Error: 16.199986
[2017.08.09-15.07.29:753][400]LogTemp:Error: 16.199986
[2017.08.09-15.07.29:794][401]LogTemp:Error: 16.199986
[2017.08.09-15.07.29:836][402]LogTemp:Error: 16.099985
[2017.08.09-15.07.29:873][403]LogTemp:Error: 15.999985
[2017.08.09-15.07.29:913][404]LogTemp:Error: 15.899984
[2017.08.09-15.07.29:954][405]LogTemp:Error: 15.799984
[2017.08.09-15.07.29:994][406]LogTemp:Error: 15.699984
[2017.08.09-15.07.30:035][407]LogTemp:Error: 15.599983
[2017.08.09-15.07.30:075][408]LogTemp:Error: 15.499983
[2017.08.09-15.07.30:115][409]LogTemp:Error: 15.399982
[2017.08.09-15.07.30:153][410]LogTemp:Error: 15.299982
[2017.08.09-15.07.30:191][411]LogTemp:Error: 15.199982
[2017.08.09-15.07.30:228][412]LogTemp:Error: 15.099981
[2017.08.09-15.07.30:266][413]LogTemp:Error: 14.999981
[2017.08.09-15.07.30:303][414]LogTemp:Error: 14.999981
[2017.08.09-15.07.30:341][415]LogTemp:Error: 14.999981
[2017.08.09-15.07.30:379][416]LogTemp:Error: 14.999981
[2017.08.09-15.07.30:416][417]LogTemp:Error: 14.899981
[2017.08.09-15.07.30:453][418]LogTemp:Error: 14.799980
[2017.08.09-15.07.30:489][419]LogTemp:Error: 14.699980
[2017.08.09-15.07.30:527][420]LogTemp:Error: 14.599979
[2017.08.09-15.07.30:565][421]LogTemp:Error: 14.499979
[2017.08.09-15.07.30:601][422]LogTemp:Error: 14.399979
[2017.08.09-15.07.30:638][423]LogTemp:Error: 14.299978
[2017.08.09-15.07.30:676][424]LogTemp:Error: 14.199978
[2017.08.09-15.07.30:712][425]LogTemp:Error: 14.199978
[2017.08.09-15.07.30:748][426]LogTemp:Error: 14.199978
[2017.08.09-15.07.30:785][427]LogTemp:Error: 14.199978
[2017.08.09-15.07.30:822][428]LogTemp:Error: 14.199978
[2017.08.09-15.07.30:858][429]LogTemp:Error: 14.199978
[2017.08.09-15.07.30:896][430]LogTemp:Error: 14.199978
[2017.08.09-15.07.30:932][431]LogTemp:Error: 14.199978
[2017.08.09-15.07.30:969][432]LogTemp:Error: 14.199978
[2017.08.09-15.07.31:006][433]LogTemp:Error: 14.199978
[2017.08.09-15.07.31:042][434]LogTemp:Error: 14.199978
[2017.08.09-15.07.31:077][435]LogTemp:Error: 14.199978
[2017.08.09-15.07.31:114][436]LogTemp:Error: 14.199978
[2017.08.09-15.07.31:151][437]LogTemp:Error: 14.199978
[2017.08.09-15.07.31:187][438]LogTemp:Error: 14.199978
[2017.08.09-15.07.31:226][439]LogTemp:Error: 14.199978
[2017.08.09-15.07.31:264][440]LogTemp:Error: 14.199978
[2017.08.09-15.07.31:303][441]LogTemp:Error: 14.199978
[2017.08.09-15.07.31:342][442]LogTemp:Error: 14.199978
[2017.08.09-15.07.31:381][443]LogTemp:Error: 14.199978
[2017.08.09-15.07.31:419][444]LogTemp:Error: 14.199978
[2017.08.09-15.07.31:458][445]LogTemp:Error: 14.199978
[2017.08.09-15.07.31:497][446]LogTemp:Error: 14.199978
[2017.08.09-15.07.31:536][447]LogTemp:Error: 14.199978
[2017.08.09-15.07.31:578][448]LogTemp:Error: 14.199978
[2017.08.09-15.07.31:616][449]LogTemp:Error: 14.199978
[2017.08.09-15.07.31:654][450]LogTemp:Error: 14.199978
[2017.08.09-15.07.31:694][451]LogTemp:Error: 14.199978
[2017.08.09-15.07.31:732][452]LogTemp:Error: 14.199978
[2017.08.09-15.07.31:770][453]LogTemp:Error: 14.199978
[2017.08.09-15.07.31:808][454]LogTemp:Error: 14.199978
[2017.08.09-15.07.31:850][455]LogTemp:Error: 14.199978
[2017.08.09-15.07.31:886][456]LogTemp:Error: 14.099977
[2017.08.09-15.07.31:925][457]LogTemp:Error: 13.999977
[2017.08.09-15.07.31:963][458]LogTemp:Error: 13.899977
[2017.08.09-15.07.32:001][459]LogTemp:Error: 13.799976
[2017.08.09-15.07.32:039][460]LogTemp:Error: 13.799976
[2017.08.09-15.07.32:075][461]LogTemp:Error: 13.799976
[2017.08.09-15.07.32:112][462]LogTemp:Error: 13.799976
[2017.08.09-15.07.32:151][463]LogTemp:Error: 13.699976
[2017.08.09-15.07.32:189][464]LogTemp:Error: 13.599976
[2017.08.09-15.07.32:227][465]LogTemp:Error: 13.499975
[2017.08.09-15.07.32:264][466]LogTemp:Error: 13.399975
[2017.08.09-15.07.32:303][467]LogTemp:Error: 13.299974
[2017.08.09-15.07.32:342][468]LogTemp:Error: 13.199974
[2017.08.09-15.07.32:382][469]LogTemp:Error: 13.099974
[2017.08.09-15.07.32:419][470]LogTemp:Error: 12.999973
[2017.08.09-15.07.32:457][471]LogTemp:Error: 12.899973
[2017.08.09-15.07.32:497][472]LogTemp:Error: 12.799973
[2017.08.09-15.07.32:540][473]LogTemp:Error: 12.799973
[2017.08.09-15.07.32:577][474]LogTemp:Error: 12.799973
[2017.08.09-15.07.32:615][475]LogTemp:Error: 12.799973
[2017.08.09-15.07.32:654][476]LogTemp:Error: 12.799973
[2017.08.09-15.07.32:692][477]LogTemp:Error: 12.799973
[2017.08.09-15.07.32:732][478]LogTemp:Error: 12.799973
[2017.08.09-15.07.32:771][479]LogTemp:Error: 12.799973
[2017.08.09-15.07.32:809][480]LogTemp:Error: 12.799973
[2017.08.09-15.07.32:847][481]LogTemp:Error: 12.799973
[2017.08.09-15.07.32:884][482]LogTemp:Error: 12.699972
[2017.08.09-15.07.32:922][483]LogTemp:Error: 12.599972
[2017.08.09-15.07.32:958][484]LogTemp:Error: 12.499971
[2017.08.09-15.07.32:994][485]LogTemp:Error: 12.399971
[2017.08.09-15.07.33:030][486]LogTemp:Error: 12.299971
[2017.08.09-15.07.33:066][487]LogTemp:Error: 12.199970
[2017.08.09-15.07.33:103][488]LogTemp:Error: 12.099970
[2017.08.09-15.07.33:139][489]LogTemp:Error: 11.999969
[2017.08.09-15.07.33:175][490]LogTemp:Error: 11.899969
[2017.08.09-15.07.33:211][491]LogTemp:Error: 11.799969
[2017.08.09-15.07.33:247][492]LogTemp:Error: 11.699968
[2017.08.09-15.07.33:283][493]LogTemp:Error: 11.599968
[2017.08.09-15.07.33:319][494]LogTemp:Error: 11.499968
[2017.08.09-15.07.33:355][495]LogTemp:Error: 11.399967
[2017.08.09-15.07.33:391][496]LogTemp:Error: 11.299967
[2017.08.09-15.07.33:428][497]LogTemp:Error: 11.199966
[2017.08.09-15.07.33:465][498]LogTemp:Error: 11.099966
[2017.08.09-15.07.33:501][499]LogTemp:Error: 10.999966
[2017.08.09-15.07.33:538][500]LogTemp:Error: 10.899965
[2017.08.09-15.07.33:576][501]LogTemp:Error: 10.799965
[2017.08.09-15.07.33:612][502]LogTemp:Error: 10.699965
[2017.08.09-15.07.33:649][503]LogTemp:Error: 10.599964
[2017.08.09-15.07.33:686][504]LogTemp:Error: 10.499964
[2017.08.09-15.07.33:722][505]LogTemp:Error: 10.399963
[2017.08.09-15.07.33:757][506]LogTemp:Error: 10.399963
[2017.08.09-15.07.33:793][507]LogTemp:Error: 10.399963
[2017.08.09-15.07.33:828][508]LogTemp:Error: 10.399963
[2017.08.09-15.07.33:864][509]LogTemp:Error: 10.399963
[2017.08.09-15.07.33:900][510]LogTemp:Error: 10.399963
[2017.08.09-15.07.33:935][511]LogTemp:Error: 10.399963
[2017.08.09-15.07.33:969][512]LogTemp:Error: 10.399963
[2017.08.09-15.07.34:004][513]LogTemp:Error: 10.399963
[2017.08.09-15.07.34:039][514]LogTemp:Error: 10.399963
[2017.08.09-15.07.34:073][515]LogTemp:Error: 10.399963
[2017.08.09-15.07.34:108][516]LogTemp:Error: 10.399963
[2017.08.09-15.07.34:143][517]LogTemp:Error: 10.399963
[2017.08.09-15.07.34:178][518]LogTemp:Error: 10.399963
[2017.08.09-15.07.34:213][519]LogTemp:Error: 10.399963
[2017.08.09-15.07.34:249][520]LogTemp:Error: 10.399963
[2017.08.09-15.07.34:285][521]LogTemp:Error: 10.399963
[2017.08.09-15.07.34:320][522]LogTemp:Error: 10.399963
[2017.08.09-15.07.34:356][523]LogTemp:Error: 10.399963
[2017.08.09-15.07.34:390][524]LogTemp:Error: 10.399963
[2017.08.09-15.07.34:426][525]LogTemp:Error: 10.399963
[2017.08.09-15.07.34:461][526]LogTemp:Error: 10.399963
[2017.08.09-15.07.34:497][527]LogTemp:Error: 10.399963
[2017.08.09-15.07.34:533][528]LogTemp:Error: 10.399963
[2017.08.09-15.07.34:568][529]LogTemp:Error: 10.399963
[2017.08.09-15.07.34:604][530]LogTemp:Error: 10.399963
[2017.08.09-15.07.34:640][531]LogTemp:Error: 10.399963
[2017.08.09-15.07.34:674][532]LogTemp:Error: 10.399963
[2017.08.09-15.07.34:710][533]LogTemp:Error: 10.399963
[2017.08.09-15.07.34:747][534]LogTemp:Error: 10.399963
[2017.08.09-15.07.34:784][535]LogTemp:Error: 10.399963
[2017.08.09-15.07.34:821][536]LogTemp:Error: 10.399963
[2017.08.09-15.07.34:859][537]LogTemp:Error: 10.399963
[2017.08.09-15.07.34:896][538]LogTemp:Error: 10.399963
[2017.08.09-15.07.34:934][539]LogTemp:Error: 10.399963
[2017.08.09-15.07.34:970][540]LogTemp:Error: 10.399963
[2017.08.09-15.07.35:007][541]LogTemp:Error: 10.399963
[2017.08.09-15.07.35:044][542]LogTemp:Error: 10.399963
[2017.08.09-15.07.35:081][543]LogTemp:Error: 10.399963
[2017.08.09-15.07.35:118][544]LogTemp:Error: 10.399963
[2017.08.09-15.07.35:154][545]LogTemp:Error: 10.399963
[2017.08.09-15.07.35:191][546]LogTemp:Error: 10.399963
[2017.08.09-15.07.35:235][547]LogTemp:Error: 10.399963
[2017.08.09-15.07.35:265][548]LogTemp:Error: 10.399963
[2017.08.09-15.07.35:301][549]LogTemp:Error: 10.399963
[2017.08.09-15.07.35:338][550]LogTemp:Error: 10.399963
[2017.08.09-15.07.35:373][551]LogTemp:Error: 10.399963
[2017.08.09-15.07.35:411][552]LogTemp:Error: 10.399963
[2017.08.09-15.07.35:448][553]LogTemp:Error: 10.399963
[2017.08.09-15.07.35:486][554]LogTemp:Error: 10.399963
[2017.08.09-15.07.35:520][555]LogTemp:Error: 10.399963
[2017.08.09-15.07.35:555][556]LogTemp:Error: 10.399963
[2017.08.09-15.07.35:592][557]LogTemp:Error: 10.399963
[2017.08.09-15.07.35:627][558]LogTemp:Error: 10.399963
[2017.08.09-15.07.35:664][559]LogTemp:Error: 10.399963
[2017.08.09-15.07.35:700][560]LogTemp:Error: 10.399963
[2017.08.09-15.07.35:735][561]LogTemp:Error: 10.299963
[2017.08.09-15.07.35:771][562]LogTemp:Error: 10.199963
[2017.08.09-15.07.35:806][563]LogTemp:Error: 10.099962
[2017.08.09-15.07.35:841][564]LogTemp:Error: 9.999962
[2017.08.09-15.07.35:877][565]LogTemp:Error: 9.899961
[2017.08.09-15.07.35:912][566]LogTemp:Error: 9.799961
[2017.08.09-15.07.35:947][567]LogTemp:Error: 9.699961
[2017.08.09-15.07.35:983][568]LogTemp:Error: 9.599960
[2017.08.09-15.07.36:018][569]LogTemp:Error: 9.499960
[2017.08.09-15.07.36:055][570]LogTemp:Error: 9.399960
[2017.08.09-15.07.36:089][571]LogTemp:Error: 9.399960
[2017.08.09-15.07.36:124][572]LogTemp:Error: 9.299959
[2017.08.09-15.07.36:159][573]LogTemp:Error: 9.199959
[2017.08.09-15.07.36:196][574]LogTemp:Error: 9.099958
[2017.08.09-15.07.36:231][575]LogTemp:Error: 8.999958
[2017.08.09-15.07.36:267][576]LogTemp:Error: 8.899958
[2017.08.09-15.07.36:303][577]LogTemp:Error: 8.799957
[2017.08.09-15.07.36:337][578]LogTemp:Error: 8.699957
[2017.08.09-15.07.36:373][579]LogTemp:Error: 8.599957
[2017.08.09-15.07.36:407][580]LogTemp:Error: 8.499956
[2017.08.09-15.07.36:443][581]LogTemp:Error: 8.399956
[2017.08.09-15.07.36:479][582]LogTemp:Error: 8.299955
[2017.08.09-15.07.36:515][583]LogTemp:Error: 8.199955
[2017.08.09-15.07.36:552][584]LogTemp:Error: 8.099955
[2017.08.09-15.07.36:587][585]LogTemp:Error: 7.999955
[2017.08.09-15.07.36:622][586]LogTemp:Error: 7.899955
[2017.08.09-15.07.36:659][587]LogTemp:Error: 7.799955
[2017.08.09-15.07.36:695][588]LogTemp:Error: 7.799955
[2017.08.09-15.07.36:734][589]LogTemp:Error: 7.799955
[2017.08.09-15.07.36:768][590]LogTemp:Error: 7.799955
[2017.08.09-15.07.36:804][591]LogTemp:Error: 7.799955
[2017.08.09-15.07.36:840][592]LogTemp:Error: 7.799955
[2017.08.09-15.07.36:877][593]LogTemp:Error: 7.799955
[2017.08.09-15.07.36:914][594]LogTemp:Error: 7.799955
[2017.08.09-15.07.36:950][595]LogTemp:Error: 7.799955
[2017.08.09-15.07.36:986][596]LogTemp:Error: 7.799955
[2017.08.09-15.07.37:022][597]LogTemp:Error: 7.799955
[2017.08.09-15.07.37:058][598]LogTemp:Error: 7.799955
[2017.08.09-15.07.37:095][599]LogTemp:Error: 7.799955
[2017.08.09-15.07.37:131][600]LogTemp:Error: 7.799955
[2017.08.09-15.07.37:168][601]LogTemp:Error: 7.799955
[2017.08.09-15.07.37:204][602]LogTemp:Error: 7.799955
[2017.08.09-15.07.37:241][603]LogTemp:Error: 7.799955
[2017.08.09-15.07.37:276][604]LogTemp:Error: 7.799955
[2017.08.09-15.07.37:312][605]LogTemp:Error: 7.799955
[2017.08.09-15.07.37:347][606]LogTemp:Error: 7.799955
[2017.08.09-15.07.37:382][607]LogTemp:Error: 7.799955
[2017.08.09-15.07.37:419][608]LogTemp:Error: 7.799955
[2017.08.09-15.07.37:455][609]LogTemp:Error: 7.799955
[2017.08.09-15.07.37:490][610]LogTemp:Error: 7.799955
[2017.08.09-15.07.37:525][611]LogTemp:Error: 7.799955
[2017.08.09-15.07.37:562][612]LogBlueprintUserMessages: [EnemyChracter_BP_77] Right hit
[2017.08.09-15.07.37:577][612]LogTemp:Error: 7.699955
[2017.08.09-15.07.37:599][613]LogTemp:Error: 7.599955
[2017.08.09-15.07.37:635][614]LogTemp:Error: 7.499955
[2017.08.09-15.07.37:671][615]LogTemp:Error: 7.399955
[2017.08.09-15.07.37:707][616]LogTemp:Error: 7.299955
[2017.08.09-15.07.37:742][617]LogTemp:Error: 7.199955
[2017.08.09-15.07.37:778][618]LogTemp:Error: 7.099956
[2017.08.09-15.07.37:814][619]LogTemp:Error: 6.999956
[2017.08.09-15.07.37:850][620]LogTemp:Error: 6.899956
[2017.08.09-15.07.37:887][621]LogTemp:Error: 6.799956
[2017.08.09-15.07.37:922][622]LogTemp:Error: 6.699956
[2017.08.09-15.07.37:957][623]LogTemp:Error: 6.599956
[2017.08.09-15.07.37:994][624]LogTemp:Error: 6.499956
[2017.08.09-15.07.38:030][625]LogTemp:Error: 6.399956
[2017.08.09-15.07.38:066][626]LogTemp:Error: 6.299956
[2017.08.09-15.07.38:103][627]LogTemp:Error: 6.199956
[2017.08.09-15.07.38:140][628]LogTemp:Error: 6.099957
[2017.08.09-15.07.38:177][629]LogTemp:Error: 5.999957
[2017.08.09-15.07.38:213][630]LogTemp:Error: 5.899957
[2017.08.09-15.07.38:249][631]LogTemp:Error: 5.799957
[2017.08.09-15.07.38:287][632]LogTemp:Error: 5.699957
[2017.08.09-15.07.38:324][633]LogTemp:Error: 5.699957
[2017.08.09-15.07.38:360][634]LogTemp:Error: 5.699957
[2017.08.09-15.07.38:397][635]LogTemp:Error: 5.699957
[2017.08.09-15.07.38:433][636]LogTemp:Error: 5.699957
[2017.08.09-15.07.38:469][637]LogTemp:Error: 5.699957
[2017.08.09-15.07.38:506][638]LogTemp:Error: 5.699957
[2017.08.09-15.07.38:544][639]LogTemp:Error: 5.599957
[2017.08.09-15.07.38:580][640]LogTemp:Error: 5.499957
[2017.08.09-15.07.38:616][641]LogTemp:Error: 5.399957
[2017.08.09-15.07.38:655][642]LogTemp:Error: 5.299957
[2017.08.09-15.07.38:691][643]LogTemp:Error: 5.199957
[2017.08.09-15.07.38:726][644]LogTemp:Error: 5.099957
[2017.08.09-15.07.38:761][645]LogTemp:Error: 4.999958
[2017.08.09-15.07.38:796][646]LogTemp:Error: 4.899958
[2017.08.09-15.07.38:832][647]LogTemp:Error: 4.799958
[2017.08.09-15.07.38:869][648]LogTemp:Error: 4.699958
[2017.08.09-15.07.38:904][649]LogTemp:Error: 4.599958
[2017.08.09-15.07.38:938][650]LogTemp:Error: 4.499958
[2017.08.09-15.07.38:973][651]LogTemp:Error: 4.399958
[2017.08.09-15.07.39:008][652]LogTemp:Error: 4.299958
[2017.08.09-15.07.39:044][653]LogTemp:Error: 4.199958
[2017.08.09-15.07.39:079][654]LogTemp:Error: 4.099958
[2017.08.09-15.07.39:116][655]LogTemp:Error: 3.999959
[2017.08.09-15.07.39:150][656]LogTemp:Error: 3.899959
[2017.08.09-15.07.39:185][657]LogTemp:Error: 3.799959
[2017.08.09-15.07.39:223][658]LogTemp:Error: 3.699959
[2017.08.09-15.07.39:257][659]LogTemp:Error: 3.599959
[2017.08.09-15.07.39:293][660]LogTemp:Error: 3.499959
[2017.08.09-15.07.39:330][661]LogTemp:Error: 3.399959
[2017.08.09-15.07.39:364][662]LogTemp:Error: 3.299959
[2017.08.09-15.07.39:402][663]LogTemp:Error: 3.199959
[2017.08.09-15.07.39:438][664]LogTemp:Error: 3.099959
[2017.08.09-15.07.39:473][665]LogTemp:Error: 2.999959
[2017.08.09-15.07.39:509][666]LogTemp:Error: 2.899960
[2017.08.09-15.07.39:544][667]LogTemp:Error: 2.799960
[2017.08.09-15.07.39:581][668]LogTemp:Error: 2.699960
[2017.08.09-15.07.39:617][669]LogTemp:Error: 2.599960
[2017.08.09-15.07.39:654][670]LogTemp:Error: 2.499960
[2017.08.09-15.07.39:689][671]LogTemp:Error: 2.399960
[2017.08.09-15.07.39:725][672]LogTemp:Error: 2.299960
[2017.08.09-15.07.39:761][673]LogTemp:Error: 2.199960
[2017.08.09-15.07.39:798][674]LogTemp:Error: 2.099960
[2017.08.09-15.07.39:832][675]LogTemp:Error: 1.999960
[2017.08.09-15.07.39:868][676]LogTemp:Error: 1.899960
[2017.08.09-15.07.39:903][677]LogTemp:Error: 1.799960
[2017.08.09-15.07.39:939][678]LogTemp:Error: 1.699960
[2017.08.09-15.07.39:975][679]LogTemp:Error: 1.599960
[2017.08.09-15.07.40:009][680]LogTemp:Error: 1.499960
[2017.08.09-15.07.40:044][681]LogTemp:Error: 1.399960
[2017.08.09-15.07.40:078][682]LogTemp:Error: 1.299960
[2017.08.09-15.07.40:111][683]LogTemp:Error: 1.199960
[2017.08.09-15.07.40:147][684]LogTemp:Error: 1.099960
[2017.08.09-15.07.40:181][685]LogTemp:Error: 0.999960
[2017.08.09-15.07.40:214][686]LogTemp:Error: 0.899960
[2017.08.09-15.07.40:248][687]LogTemp:Error: 0.799960
[2017.08.09-15.07.40:282][688]LogTemp:Error: 0.699960
[2017.08.09-15.07.40:316][689]LogTemp:Error: 0.599960
[2017.08.09-15.07.40:352][690]LogTemp:Error: 0.599960
[2017.08.09-15.07.40:387][691]LogTemp:Error: 0.599960
[2017.08.09-15.07.40:422][692]LogTemp:Error: 0.599960
[2017.08.09-15.07.40:456][693]LogTemp:Error: 0.599960
[2017.08.09-15.07.40:490][694]LogTemp:Error: 0.599960
[2017.08.09-15.07.40:525][695]LogTemp:Error: 0.599960
[2017.08.09-15.07.40:559][696]LogTemp:Error: 0.599960
[2017.08.09-15.07.40:594][697]LogTemp:Error: 0.599960
[2017.08.09-15.07.40:628][698]LogTemp:Error: 0.599960
[2017.08.09-15.07.40:663][699]LogTemp:Error: 0.599960
[2017.08.09-15.07.40:697][700]LogTemp:Error: 0.599960
[2017.08.09-15.07.40:732][701]LogTemp:Error: 0.599960
[2017.08.09-15.07.40:766][702]LogTemp:Error: 0.599960
[2017.08.09-15.07.40:801][703]LogTemp:Error: 0.599960
[2017.08.09-15.07.40:837][704]LogTemp:Error: 0.599960
[2017.08.09-15.07.40:873][705]LogTemp:Error: 0.599960
[2017.08.09-15.07.40:907][706]LogTemp:Error: 0.599960
[2017.08.09-15.07.40:942][707]LogTemp:Error: 0.599960
[2017.08.09-15.07.40:977][708]LogTemp:Error: 0.599960
[2017.08.09-15.07.41:011][709]LogBlueprintUserMessages: [EnemyChracter_BP_77] Right hit
[2017.08.09-15.07.41:011][709]LogTemp:Error: 0.599960
[2017.08.09-15.07.41:046][710]LogTemp:Error: 0.599960
[2017.08.09-15.07.41:081][711]LogTemp:Error: 0.599960
[2017.08.09-15.07.41:116][712]LogTemp:Error: 0.599960
[2017.08.09-15.07.41:152][713]LogTemp:Error: 0.599960
[2017.08.09-15.07.41:187][714]LogTemp:Error: 0.599960
[2017.08.09-15.07.41:222][715]LogTemp:Error: 0.599960
[2017.08.09-15.07.41:257][716]LogTemp:Error: 0.599960
[2017.08.09-15.07.41:291][717]LogTemp:Error: 0.599960
[2017.08.09-15.07.41:325][718]LogTemp:Error: 0.599960
[2017.08.09-15.07.41:360][719]LogTemp:Error: 0.599960
[2017.08.09-15.07.41:395][720]LogTemp:Error: 0.599960
[2017.08.09-15.07.41:430][721]LogTemp:Error: 0.599960
[2017.08.09-15.07.41:465][722]LogTemp:Error: 0.599960
[2017.08.09-15.07.41:500][723]LogTemp:Error: 0.599960
[2017.08.09-15.07.41:535][724]LogTemp:Error: 0.599960
[2017.08.09-15.07.41:570][725]LogTemp:Error: 0.599960
[2017.08.09-15.07.41:606][726]LogTemp:Error: 0.599960
[2017.08.09-15.07.41:641][727]LogTemp:Error: 0.599960
[2017.08.09-15.07.41:675][728]LogTemp:Error: 0.599960
[2017.08.09-15.07.41:711][729]LogTemp:Error: 0.499960
[2017.08.09-15.07.41:746][730]LogTemp:Error: 0.499960
[2017.08.09-15.07.41:781][731]LogTemp:Error: 0.499960
[2017.08.09-15.07.41:815][732]LogTemp:Error: 0.499960
[2017.08.09-15.07.41:852][733]LogTemp:Error: 0.499960
[2017.08.09-15.07.41:887][734]LogTemp:Error: 0.499960
[2017.08.09-15.07.41:922][735]LogTemp:Error: 0.499960
[2017.08.09-15.07.41:957][736]LogTemp:Error: 0.499960
[2017.08.09-15.07.41:991][737]LogTemp:Error: 0.499960
[2017.08.09-15.07.42:026][738]LogTemp:Error: 0.499960
[2017.08.09-15.07.42:061][739]LogTemp:Error: 0.499960
[2017.08.09-15.07.42:096][740]LogTemp:Error: 0.499960
[2017.08.09-15.07.42:133][741]LogTemp:Error: 0.399960
[2017.08.09-15.07.42:166][742]LogTemp:Error: 0.299960
[2017.08.09-15.07.42:200][743]LogTemp:Error: 0.199960
[2017.08.09-15.07.42:234][744]LogTemp:Error: 0.099960
[2017.08.09-15.07.42:282][745]LogTemp:Error: -0.000040
[2017.08.09-15.07.42:304][746]LogTemp:Error: -0.000040
[2017.08.09-15.07.42:337][747]LogTemp:Error: -0.000040
[2017.08.09-15.07.42:371][748]LogTemp:Error: -0.000040
[2017.08.09-15.07.42:405][749]LogTemp:Error: -0.000040
[2017.08.09-15.07.42:439][750]LogTemp:Error: -0.000040
[2017.08.09-15.07.42:473][751]LogTemp:Error: -0.000040
[2017.08.09-15.07.42:506][752]LogTemp:Error: -0.000040
[2017.08.09-15.07.42:539][753]LogTemp:Error: -0.000040
[2017.08.09-15.07.42:573][754]LogTemp:Error: -0.000040
[2017.08.09-15.07.42:607][755]LogTemp:Error: -0.000040
[2017.08.09-15.07.42:640][756]LogTemp:Error: -0.000040
[2017.08.09-15.07.42:674][757]LogTemp:Error: -0.000040
[2017.08.09-15.07.42:707][758]LogTemp:Error: -0.000040
[2017.08.09-15.07.42:741][759]LogTemp:Error: -0.000040
[2017.08.09-15.07.42:792][760]LogTemp:Error: -0.000040
[2017.08.09-15.07.42:810][761]LogTemp:Error: -0.000040
[2017.08.09-15.07.42:846][762]LogTemp:Error: -0.000040
[2017.08.09-15.07.42:880][763]LogTemp:Error: -0.000040
[2017.08.09-15.07.42:916][764]LogTemp:Error: -0.000040
[2017.08.09-15.07.42:950][765]LogTemp:Error: -0.000040
[2017.08.09-15.07.42:984][766]LogTemp:Error: -0.000040
[2017.08.09-15.07.43:019][767]LogTemp:Error: -0.000040
[2017.08.09-15.07.43:054][768]LogTemp:Error: -0.000040
[2017.08.09-15.07.43:088][769]LogTemp:Error: -0.000040
[2017.08.09-15.07.43:122][770]LogTemp:Error: -0.000040
[2017.08.09-15.07.43:154][771]LogTemp:Error: -0.000040
[2017.08.09-15.07.43:186][772]LogTemp:Error: -0.000040
[2017.08.09-15.07.43:218][773]LogTemp:Error: -0.000040
[2017.08.09-15.07.43:251][774]LogTemp:Error: -0.000040
[2017.08.09-15.07.43:284][775]LogTemp:Error: -0.000040
[2017.08.09-15.07.43:318][776]LogTemp:Error: -0.000040
[2017.08.09-15.07.43:353][777]LogTemp:Error: -0.000040
[2017.08.09-15.07.43:386][778]LogTemp:Error: -0.000040
[2017.08.09-15.07.43:419][779]LogTemp:Error: -0.000040
[2017.08.09-15.07.43:452][780]LogTemp:Error: -0.000040
[2017.08.09-15.07.43:485][781]LogTemp:Error: -0.000040
[2017.08.09-15.07.43:519][782]LogTemp:Error: -0.000040
[2017.08.09-15.07.43:520][782]LogBlueprintUserMessages: Early EndPlayMap Detection: Level '/Game/ThirdPersonBP/Maps/MockUp_Map.MockUp_Map:PersistentLevel' has LevelScriptBlueprint '/Game/ThirdPersonBP/Maps/MockUp_Map.MockUp_Map:PersistentLevel.MockUp_Map' with GeneratedClass '/Game/ThirdPersonBP/Maps/MockUp_Map.MockUp_Map_C' with ClassGeneratedBy '/Game/ThirdPersonBP/Maps/MockUp_Map.MockUp_Map:PersistentLevel.MockUp_Map'
[2017.08.09-15.07.43:654][782]LogBlueprintUserMessages: Late EndPlayMap Detection: Level '/Game/ThirdPersonBP/Maps/MockUp_Map.MockUp_Map:PersistentLevel' has LevelScriptBlueprint '/Game/ThirdPersonBP/Maps/MockUp_Map.MockUp_Map:PersistentLevel.MockUp_Map' with GeneratedClass '/Game/ThirdPersonBP/Maps/MockUp_Map.MockUp_Map_C' with ClassGeneratedBy '/Game/ThirdPersonBP/Maps/MockUp_Map.MockUp_Map:PersistentLevel.MockUp_Map'
[2017.08.09-15.07.48:003][ 69]Cmd: OBJ SAVEPACKAGE PACKAGE="/Game/Tech/Weakspot/EnemyWeakspot_BP" FILE="../../../../../GitHub/FYP_DumbTesting/Meeting/Content/Tech/Weakspot/EnemyWeakspot_BP.uasset" SILENT=true
[2017.08.09-15.07.48:096][ 69]LogSavePackage: Save=89.45ms
[2017.08.09-15.07.48:096][ 69]LogSavePackage: Moving '../../../../../GitHub/FYP_DumbTesting/Meeting/Saved/EnemyWeakspot_BP369E89104382C7FA0BFD1A9174ED0FF0.tmp' to '../../../../../GitHub/FYP_DumbTesting/Meeting/Content/Tech/Weakspot/EnemyWeakspot_BP.uasset'
[2017.08.09-15.07.48:097][ 69]LogSavePackage:Display: Finished SavePackage ../../../../../GitHub/FYP_DumbTesting/Meeting/Content/Tech/Weakspot/EnemyWeakspot_BP.uasset
[2017.08.09-15.07.52:410][186]LogWindowsTextInputMethodSystem:Display: IME system now deactivated.
[2017.08.09-15.07.52:675][187]Cmd: QUIT_EDITOR
[2017.08.09-15.07.53:783][187]LogExit: Preparing to exit.
[2017.08.09-15.07.54:277][187]LogDirectoryWatcher: A directory notification for 'D:/GitHub/FYP_DumbTesting/Meeting/Content/' was aborted.
[2017.08.09-15.07.54:454][187]LogExit: Editor shut down
[2017.08.09-15.07.54:456][187]LogExit: Transaction tracking system shut down
[2017.08.09-15.07.55:001][187]LogObj: Freed 0b from 0 cluster array pools.
[2017.08.09-15.07.55:002][187]LogExit: Object subsystem successfully closed.
[2017.08.09-15.07.55:038][187]LogD3D11RHI: Shutdown
[2017.08.09-15.07.55:038][187]LogD3D11RHI: CleanupD3DDevice
[2017.08.09-15.07.55:435][187]LogD3D11RHI: ~FD3D11DynamicRHI
[2017.08.09-15.07.55:448][187]LogModuleManager: Shutting down and abandoning module MovieSceneCapture (506)
[2017.08.09-15.07.55:448][187]LogModuleManager: Shutting down and abandoning module BlueprintGraph (504)
[2017.08.09-15.07.55:448][187]LogModuleManager: Shutting down and abandoning module BlueprintProfiler (502)
[2017.08.09-15.07.55:448][187]LogModuleManager: Shutting down and abandoning module HierarchicalLODOutliner (500)
[2017.08.09-15.07.55:448][187]LogModuleManager: Shutting down and abandoning module CrashTracker (498)
[2017.08.09-15.07.55:448][187]LogModuleManager: Shutting down and abandoning module SceneOutliner (496)
[2017.08.09-15.07.55:448][187]LogModuleManager: Shutting down and abandoning module AddContentDialog (494)
[2017.08.09-15.07.55:448][187]LogDirectoryWatcher: A directory notification for 'D:/UnrealEngine/UE_4.15/FeaturePacks/' was aborted.
[2017.08.09-15.07.55:449][187]LogModuleManager: Shutting down and abandoning module WidgetCarousel (493)
[2017.08.09-15.07.55:449][187]LogModuleManager: Shutting down and abandoning module EditorWidgets (490)
[2017.08.09-15.07.55:449][187]LogModuleManager: Shutting down and abandoning module CollectionManager (488)
[2017.08.09-15.07.55:449][187]LogDirectoryWatcher: A directory notification for 'D:/GitHub/FYP_DumbTesting/Meeting/Content/Collections/' was aborted.
[2017.08.09-15.07.55:450][187]LogDirectoryWatcher: A directory notification for 'D:/GitHub/FYP_DumbTesting/Meeting/Content/Developers/HELLOBYE/Collections/' was aborted.
[2017.08.09-15.07.55:450][187]LogDirectoryWatcher: A directory notification for 'D:/GitHub/FYP_DumbTesting/Meeting/Saved/Collections/' was aborted.
[2017.08.09-15.07.55:450][187]LogModuleManager: Shutting down and abandoning module StatsViewer (486)
[2017.08.09-15.07.55:450][187]LogModuleManager: Shutting down and abandoning module FoliageEdit (484)
[2017.08.09-15.07.55:450][187]LogModuleManager: Shutting down and abandoning module LandscapeEditor (482)
[2017.08.09-15.07.55:450][187]LogModuleManager: Shutting down and abandoning module SceneDepthPickerMode (480)
[2017.08.09-15.07.55:450][187]LogModuleManager: Shutting down and abandoning module ActorPickerMode (478)
[2017.08.09-15.07.55:450][187]LogModuleManager: Shutting down and abandoning module GeometryMode (476)
[2017.08.09-15.07.55:450][187]LogModuleManager: Shutting down and abandoning module TextureAlignMode (474)
[2017.08.09-15.07.55:450][187]LogModuleManager: Shutting down and abandoning module BspMode (472)
[2017.08.09-15.07.55:450][187]LogModuleManager: Shutting down and abandoning module HardwareSurvey (470)
[2017.08.09-15.07.55:450][187]LogModuleManager: Shutting down and abandoning module SequenceRecorderSections (468)
[2017.08.09-15.07.55:450][187]LogModuleManager: Shutting down and abandoning module AutomationWorker (466)
[2017.08.09-15.07.55:450][187]LogModuleManager: Shutting down and abandoning module MatineeToLevelSequence (464)
[2017.08.09-15.07.55:450][187]LogModuleManager: Shutting down and abandoning module LevelSequenceEditor (462)
[2017.08.09-15.07.55:450][187]LogModuleManager: Shutting down and abandoning module PlacementMode (461)
[2017.08.09-15.07.55:450][187]LogModuleManager: Shutting down and abandoning module WmfMediaFactory (458)
[2017.08.09-15.07.55:450][187]LogModuleManager: Shutting down and abandoning module WmfMediaEditor (456)
[2017.08.09-15.07.55:450][187]LogModuleManager: Shutting down and abandoning module MfMediaFactory (454)
[2017.08.09-15.07.55:450][187]LogModuleManager: Shutting down and abandoning module MfMediaEditor (452)
[2017.08.09-15.07.55:450][187]LogModuleManager: Shutting down and abandoning module AvfMediaFactory (450)
[2017.08.09-15.07.55:450][187]LogModuleManager: Shutting down and abandoning module AvfMediaEditor (448)
[2017.08.09-15.07.55:450][187]LogModuleManager: Shutting down and abandoning module AndroidMediaFactory (446)
[2017.08.09-15.07.55:450][187]LogModuleManager: Shutting down and abandoning module Media (445)
[2017.08.09-15.07.55:450][187]LogModuleManager: Shutting down and abandoning module AndroidMediaEditor (442)
[2017.08.09-15.07.55:450][187]LogModuleManager: Shutting down and abandoning module CharacterAI (440)
[2017.08.09-15.07.55:450][187]LogModuleManager: Shutting down and abandoning module AudioCapture (438)
[2017.08.09-15.07.55:450][187]LogModuleManager: Shutting down and abandoning module SequenceRecorder (437)
[2017.08.09-15.07.55:450][187]LogModuleManager: Shutting down and abandoning module SmartSnapping (434)
[2017.08.09-15.07.55:450][187]LogModuleManager: Shutting down and abandoning module SessionServices (432)
[2017.08.09-15.07.55:450][187]LogModuleManager: Shutting down and abandoning module ViewportSnapping (430)
[2017.08.09-15.07.55:450][187]LogModuleManager: Shutting down and abandoning module ViewportInteraction (428)
[2017.08.09-15.07.55:450][187]LogModuleManager: Shutting down and abandoning module LogVisualizer (426)
[2017.08.09-15.07.55:450][187]LogModuleManager: Shutting down and abandoning module IntroTutorials (424)
[2017.08.09-15.07.55:450][187]LogModuleManager: Shutting down and abandoning module GameProjectGeneration (423)
[2017.08.09-15.07.55:450][187]LogModuleManager: Shutting down and abandoning module EditorLiveStreaming (420)
[2017.08.09-15.07.55:450][187]LogModuleManager: Shutting down and abandoning module IOSPlatformEditor (418)
[2017.08.09-15.07.55:450][187]LogModuleManager: Shutting down and abandoning module HTML5PlatformEditor (416)
[2017.08.09-15.07.55:450][187]LogModuleManager: Shutting down and abandoning module AndroidPlatformEditor (414)
[2017.08.09-15.07.55:450][187]LogModuleManager: Shutting down and abandoning module AndroidDeviceDetection (413)
[2017.08.09-15.07.55:790][187]LogModuleManager: Shutting down and abandoning module IOSRuntimeSettings (410)
[2017.08.09-15.07.55:790][187]LogModuleManager: Shutting down and abandoning module AndroidRuntimeSettings (408)
[2017.08.09-15.07.55:790][187]LogModuleManager: Shutting down and abandoning module InputBindingEditor (406)
[2017.08.09-15.07.55:790][187]LogModuleManager: Shutting down and abandoning module NiagaraEditor (404)
[2017.08.09-15.07.55:790][187]LogModuleManager: Shutting down and abandoning module MergeActors (402)
[2017.08.09-15.07.55:790][187]LogModuleManager: Shutting down and abandoning module SizeMap (400)
[2017.08.09-15.07.55:790][187]LogModuleManager: Shutting down and abandoning module TreeMap (398)
[2017.08.09-15.07.55:790][187]LogModuleManager: Shutting down and abandoning module ReferenceViewer (396)
[2017.08.09-15.07.55:790][187]LogModuleManager: Shutting down and abandoning module LocalizationDashboard (394)
[2017.08.09-15.07.55:790][187]LogModuleManager: Shutting down and abandoning module LocalizationService (393)
[2017.08.09-15.07.55:790][187]LogModuleManager: Shutting down and abandoning module HardwareTargeting (390)
[2017.08.09-15.07.55:790][187]LogModuleManager: Shutting down and abandoning module DeviceProfileEditor (388)
[2017.08.09-15.07.55:790][187]LogModuleManager: Shutting down and abandoning module UndoHistory (386)
[2017.08.09-15.07.55:790][187]LogModuleManager: Shutting down and abandoning module UserFeedback (384)
[2017.08.09-15.07.55:790][187]LogModuleManager: Shutting down and abandoning module XmlParser (382)
[2017.08.09-15.07.55:790][187]LogModuleManager: Shutting down and abandoning module Blutility (380)
[2017.08.09-15.07.55:791][187]LogModuleManager: Shutting down and abandoning module ProjectSettingsViewer (378)
[2017.08.09-15.07.55:791][187]LogModuleManager: Shutting down and abandoning module ProjectTargetPlatformEditor (377)
[2017.08.09-15.07.55:791][187]LogModuleManager: Shutting down and abandoning module EditorSettingsViewer (374)
[2017.08.09-15.07.55:791][187]LogModuleManager: Shutting down and abandoning module SettingsEditor (372)
[2017.08.09-15.07.55:791][187]LogModuleManager: Shutting down and abandoning module ProjectLauncher (370)
[2017.08.09-15.07.55:791][187]LogModuleManager: Shutting down and abandoning module SessionFrontend (368)
[2017.08.09-15.07.55:791][187]LogModuleManager: Shutting down and abandoning module ProfilerClient (366)
[2017.08.09-15.07.55:791][187]LogModuleManager: Shutting down and abandoning module DeviceManager (364)
[2017.08.09-15.07.55:791][187]LogModuleManager: Shutting down and abandoning module TargetDeviceServices (363)
[2017.08.09-15.07.55:835][187]LogModuleManager: Shutting down and abandoning module AutomationController (360)
[2017.08.09-15.07.55:835][187]LogModuleManager: Shutting down and abandoning module AutomationWindow (358)
[2017.08.09-15.07.55:835][187]LogModuleManager: Shutting down and abandoning module Layers (356)
[2017.08.09-15.07.55:835][187]LogModuleManager: Shutting down and abandoning module ComponentVisualizers (354)
[2017.08.09-15.07.55:835][187]LogModuleManager: Shutting down and abandoning module DetailCustomizations (352)
[2017.08.09-15.07.55:835][187]LogModuleManager: Shutting down and abandoning module PackagesDialog (350)
[2017.08.09-15.07.55:835][187]LogModuleManager: Shutting down and abandoning module Persona (348)
[2017.08.09-15.07.55:835][187]LogModuleManager: Shutting down and abandoning module AnimGraph (347)
[2017.08.09-15.07.55:835][187]LogModuleManager: Shutting down and abandoning module Kismet (344)
[2017.08.09-15.07.55:846][187]LogModuleManager: Shutting down and abandoning module GraphEditor (342)
[2017.08.09-15.07.55:846][187]LogModuleManager: Shutting down and abandoning module ClassViewer (340)
[2017.08.09-15.07.55:846][187]LogModuleManager: Shutting down and abandoning module Toolbox (338)
[2017.08.09-15.07.55:846][187]LogModuleManager: Shutting down and abandoning module ModuleUI (336)
[2017.08.09-15.07.55:846][187]LogModuleManager: Shutting down and abandoning module MovieSceneTools (334)
[2017.08.09-15.07.55:846][187]LogModuleManager: Shutting down and abandoning module OutputLog (332)
[2017.08.09-15.07.55:846][187]LogModuleManager: Shutting down and abandoning module GammaUI (330)
[2017.08.09-15.07.55:846][187]LogModuleManager: Shutting down and abandoning module Documentation (328)
[2017.08.09-15.07.55:846][187]LogModuleManager: Shutting down and abandoning module Niagara (326)
[2017.08.09-15.07.55:846][187]LogModuleManager: Shutting down and abandoning module StreamingPauseRendering (324)
[2017.08.09-15.07.55:846][187]LogModuleManager: Shutting down and abandoning module AnalyticsET (322)
[2017.08.09-15.07.55:846][187]LogModuleManager: Shutting down and abandoning module PortalServices (320)
[2017.08.09-15.07.55:847][187]LogModuleManager: Shutting down and abandoning module PortalRpc (318)
[2017.08.09-15.07.55:847][187]LogModuleManager: Shutting down and abandoning module MessagingRpc (316)
[2017.08.09-15.07.55:847][187]LogModuleManager: Shutting down and abandoning module AIModule (314)
[2017.08.09-15.07.55:847][187]LogModuleManager: Shutting down and abandoning module GameplayDebugger (313)
[2017.08.09-15.07.55:847][187]LogModuleManager: Shutting down and abandoning module AITestSuite (311)
[2017.08.09-15.07.55:847][187]LogModuleManager: Shutting down and abandoning module ProfilerService (308)
[2017.08.09-15.07.55:990][187]LogModuleManager: Shutting down and abandoning module TaskGraph (306)
[2017.08.09-15.07.55:990][187]LogModuleManager: Shutting down and abandoning module SteamVRController (304)
[2017.08.09-15.07.55:990][187]LogModuleManager: Shutting down and abandoning module SteamVR (302)
[2017.08.09-15.07.55:990][187]LogModuleManager: Shutting down and abandoning module ProceduralMeshComponentEditor (300)
[2017.08.09-15.07.55:991][187]LogModuleManager: Shutting down and abandoning module ProceduralMeshComponent (298)
[2017.08.09-15.07.55:991][187]LogModuleManager: Shutting down and abandoning module OculusLibrary (296)
[2017.08.09-15.07.55:991][187]LogModuleManager: Shutting down and abandoning module OculusInput (294)
[2017.08.09-15.07.55:991][187]LogModuleManager: Shutting down and abandoning module MobilePatchingUtils (292)
[2017.08.09-15.07.55:991][187]LogModuleManager: Shutting down and abandoning module CustomMeshComponent (290)
[2017.08.09-15.07.55:991][187]LogModuleManager: Shutting down and abandoning module CableComponent (288)
[2017.08.09-15.07.55:991][187]LogModuleManager: Shutting down and abandoning module ArchVisCharacter (286)
[2017.08.09-15.07.55:991][187]LogModuleManager: Shutting down and abandoning module MediaPlayerEditor (282)
[2017.08.09-15.07.55:991][187]LogModuleManager: Shutting down and abandoning module HTML5Networking (280)
[2017.08.09-15.07.55:991][187]LogModuleManager: Shutting down and abandoning module AlembicImporter (278)
[2017.08.09-15.07.55:991][187]LogModuleManager: Shutting down and abandoning module AlembicLibrary (277)
[2017.08.09-15.07.55:991][187]LogModuleManager: Shutting down and abandoning module GeometryCache (276)
[2017.08.09-15.07.55:991][187]LogModuleManager: Shutting down and abandoning module GeometryCacheEd (275)
[2017.08.09-15.07.55:991][187]LogModuleManager: Shutting down and abandoning module SuperSearchEditor (270)
[2017.08.09-15.07.55:991][187]LogModuleManager: Shutting down and abandoning module SuperSearch (269)
[2017.08.09-15.07.55:991][187]LogModuleManager: Shutting down and abandoning module SpeedTreeImporter (266)
[2017.08.09-15.07.55:991][187]LogModuleManager: Shutting down and abandoning module PluginBrowser (264)
[2017.08.09-15.07.55:991][187]LogModuleManager: Shutting down and abandoning module MobileLauncherProfileWizard (262)
[2017.08.09-15.07.55:991][187]LogModuleManager: Shutting down and abandoning module EpicSurvey (260)
[2017.08.09-15.07.55:991][187]LogModuleManager: Shutting down and abandoning module VisualStudioSourceCodeAccess (258)
[2017.08.09-15.07.55:991][187]LogModuleManager: Shutting down and abandoning module DesktopPlatform (257)
[2017.08.09-15.07.55:991][187]LogModuleManager: Shutting down and abandoning module UObjectPlugin (254)
[2017.08.09-15.07.55:991][187]LogModuleManager: Shutting down and abandoning module SubversionSourceControl (252)
[2017.08.09-15.07.55:991][187]LogModuleManager: Shutting down and abandoning module PerforceSourceControl (250)
[2017.08.09-15.07.55:991][187]LogModuleManager: Shutting down and abandoning module GitSourceControl (248)
[2017.08.09-15.07.55:991][187]LogModuleManager: Shutting down and abandoning module SourceControl (247)
[2017.08.09-15.07.55:991][187]LogModuleManager: Shutting down and abandoning module LightPropagationVolumeEditor (244)
[2017.08.09-15.07.55:991][187]LogModuleManager: Shutting down and abandoning module PaperTiledImporter (242)
[2017.08.09-15.07.55:991][187]LogModuleManager: Shutting down and abandoning module PaperSpriteSheetImporter (240)
[2017.08.09-15.07.55:991][187]LogModuleManager: Shutting down and abandoning module Paper2DEditor (238)
[2017.08.09-15.07.55:991][187]LogModuleManager: Shutting down and abandoning module MeshPaint (237)
[2017.08.09-15.07.55:991][187]LogModuleManager: Shutting down and abandoning module LevelEditor (235)
[2017.08.09-15.07.55:992][187]LogModuleManager: Shutting down and abandoning module PixelInspectorModule (234)
[2017.08.09-15.07.55:992][187]LogModuleManager: Shutting down and abandoning module MainFrame (232)
[2017.08.09-15.07.55:992][187]LogModuleManager: Shutting down and abandoning module HotReload (231)
[2017.08.09-15.07.55:993][187]LogDirectoryWatcher: A directory notification for 'D:/GitHub/FYP_DumbTesting/Meeting/Binaries/Win64' was aborted.
[2017.08.09-15.07.55:993][187]LogModuleManager: Shutting down and abandoning module ContentBrowser (227)
[2017.08.09-15.07.55:994][187]LogModuleManager: Shutting down and abandoning module Meeting (224)
[2017.08.09-15.07.55:994][187]LogModuleManager: Shutting down and abandoning module PhysXVehiclesEditor (222)
[2017.08.09-15.07.55:994][187]LogModuleManager: Shutting down and abandoning module PhysXVehicles (220)
[2017.08.09-15.07.55:994][187]LogModuleManager: Shutting down and abandoning module LocationServicesBPLibrary (218)
[2017.08.09-15.07.55:994][187]LogModuleManager: Shutting down and abandoning module UdpMessaging (216)
[2017.08.09-15.07.56:096][187]LogModuleManager: Shutting down and abandoning module TcpMessaging (214)
[2017.08.09-15.07.56:196][187]LogModuleManager: Shutting down and abandoning module GameplayTagsEditor (212)
[2017.08.09-15.07.56:196][187]LogModuleManager: Shutting down and abandoning module FacialAnimationEditor (210)
[2017.08.09-15.07.56:196][187]LogModuleManager: Shutting down and abandoning module FacialAnimation (208)
[2017.08.09-15.07.56:196][187]LogModuleManager: Shutting down and abandoning module LightPropagationVolumeRuntime (206)
[2017.08.09-15.07.56:196][187]LogModuleManager: Shutting down and abandoning module Paper2D (204)
[2017.08.09-15.07.56:196][187]LogModuleManager: Shutting down and abandoning module WindowsMoviePlayer (202)
[2017.08.09-15.07.56:196][187]LogModuleManager: Shutting down and abandoning module WmfMedia (200)
[2017.08.09-15.07.56:196][187]LogModuleManager: Shutting down and abandoning module MfMedia (198)
[2017.08.09-15.07.56:196][187]LogModuleManager: Shutting down and abandoning module MediaAssets (196)
[2017.08.09-15.07.56:196][187]LogModuleManager: Shutting down and abandoning module GameLiveStreaming (194)
[2017.08.09-15.07.56:196][187]LogModuleManager: Shutting down and abandoning module VREditor (192)
[2017.08.09-15.07.56:197][187]LogModuleManager: Shutting down and abandoning module GameplayTasksEditor (190)
[2017.08.09-15.07.56:197][187]LogModuleManager: Shutting down and abandoning module BehaviorTreeEditor (188)
[2017.08.09-15.07.56:197][187]LogModuleManager: Shutting down and abandoning module FunctionalTesting (186)
[2017.08.09-15.07.56:197][187]LogModuleManager: Shutting down and abandoning module CollisionAnalyzer (184)
[2017.08.09-15.07.56:197][187]LogModuleManager: Shutting down and abandoning module UMG (182)
[2017.08.09-15.07.56:197][187]LogModuleManager: Shutting down and abandoning module UMGEditor (181)
[2017.08.09-15.07.56:197][187]LogModuleManager: Shutting down and abandoning module Sequencer (180)
[2017.08.09-15.07.56:197][187]LogModuleManager: Shutting down and abandoning module AssetTools (178)
[2017.08.09-15.07.56:197][187]LogModuleManager: Shutting down and abandoning module MessageLog (177)
[2017.08.09-15.07.56:197][187]LogModuleManager: Shutting down and abandoning module WorkspaceMenuStructure (176)
[2017.08.09-15.07.56:197][187]LogModuleManager: Shutting down and abandoning module SlateReflector (170)
[2017.08.09-15.07.56:197][187]LogModuleManager: Shutting down and abandoning module Slate (168)
[2017.08.09-15.07.56:197][187]LogModuleManager: Shutting down and abandoning module EditorStyle (166)
[2017.08.09-15.07.56:201][187]LogModuleManager: Shutting down and abandoning module SourceCodeAccess (164)
[2017.08.09-15.07.56:218][187]LogModuleManager: Shutting down and abandoning module HeadMountedDisplay (162)
[2017.08.09-15.07.56:218][187]LogModuleManager: Shutting down and abandoning module XAudio2 (160)
[2017.08.09-15.07.56:218][187]LogModuleManager: Shutting down and abandoning module Networking (158)
[2017.08.09-15.07.56:218][187]LogModuleManager: Shutting down and abandoning module Core (154)
[2017.08.09-15.07.56:218][187]LogModuleManager: Shutting down and abandoning module AssetRegistry (152)
[2017.08.09-15.07.56:285][187]LogDirectoryWatcher: A directory notification for '../../../Engine/Content/' was aborted.
[2017.08.09-15.07.56:285][187]LogDirectoryWatcher: A directory notification for '../../../../../GitHub/FYP_DumbTesting/Meeting/Content/' was aborted.
[2017.08.09-15.07.56:285][187]LogDirectoryWatcher: A directory notification for '../../../Engine/Plugins/2D/Paper2D/Content/' was aborted.
[2017.08.09-15.07.56:286][187]LogModuleManager: Shutting down and abandoning module DirectoryWatcher (151)
[2017.08.09-15.07.56:287][187]LogModuleManager: Shutting down and abandoning module KismetCompiler (148)
[2017.08.09-15.07.56:287][187]LogModuleManager: Shutting down and abandoning module PhysXFormats (146)
[2017.08.09-15.07.56:287][187]LogModuleManager: Shutting down and abandoning module MeshUtilities (144)
[2017.08.09-15.07.56:287][187]LogModuleManager: Shutting down and abandoning module SimplygonSwarm (143)
[2017.08.09-15.07.56:287][187]LogModuleManager: Shutting down and abandoning module SimplygonMeshReduction (141)
[2017.08.09-15.07.56:287][187]LogModuleManager: Shutting down and abandoning module QuadricMeshReduction (139)
[2017.08.09-15.07.56:287][187]LogModuleManager: Shutting down and abandoning module PropertyEditor (137)
[2017.08.09-15.07.56:287][187]LogModuleManager: Shutting down and abandoning module DerivedDataCache (134)
[2017.08.09-15.07.56:372][187]LogDerivedDataCache: Shutdown
[2017.08.09-15.07.56:372][187]LogModuleManager: Shutting down and abandoning module TargetPlatform (132)
[2017.08.09-15.07.56:372][187]LogModuleManager: Shutting down and abandoning module VulkanShaderFormat (131)
[2017.08.09-15.07.56:372][187]LogModuleManager: Shutting down and abandoning module ShaderFormatOpenGL (129)
[2017.08.09-15.07.56:372][187]LogModuleManager: Shutting down and abandoning module ShaderFormatD3D (127)
[2017.08.09-15.07.56:372][187]LogModuleManager: Shutting down and abandoning module MetalShaderFormat (125)
[2017.08.09-15.07.56:372][187]LogModuleManager: Shutting down and abandoning module TextureFormatUncompressed (123)
[2017.08.09-15.07.56:372][187]LogModuleManager: Shutting down and abandoning module TextureFormatPVR (121)
[2017.08.09-15.07.56:372][187]LogModuleManager: Shutting down and abandoning module TextureFormatDXT (119)
[2017.08.09-15.07.56:372][187]LogModuleManager: Shutting down and abandoning module TextureFormatIntelISPCTexComp (117)
[2017.08.09-15.07.56:393][187]LogModuleManager: Shutting down and abandoning module TextureFormatASTC (115)
[2017.08.09-15.07.56:393][187]LogModuleManager: Shutting down and abandoning module ImageWrapper (114)
[2017.08.09-15.07.56:393][187]LogModuleManager: Shutting down and abandoning module TextureFormatAndroid (111)
[2017.08.09-15.07.56:393][187]LogModuleManager: Shutting down and abandoning module AudioFormatOpus (109)
[2017.08.09-15.07.56:393][187]LogModuleManager: Shutting down and abandoning module AudioFormatOgg (107)
[2017.08.09-15.07.56:393][187]LogModuleManager: Shutting down and abandoning module AudioFormatADPCM (105)
[2017.08.09-15.07.56:393][187]LogModuleManager: Shutting down and abandoning module LinuxTargetPlatform (103)
[2017.08.09-15.07.56:393][187]LogModuleManager: Shutting down and abandoning module LinuxServerTargetPlatform (101)
[2017.08.09-15.07.56:393][187]LogModuleManager: Shutting down and abandoning module LinuxNoEditorTargetPlatform (99)
[2017.08.09-15.07.56:393][187]LogModuleManager: Shutting down and abandoning module LinuxClientTargetPlatform (97)
[2017.08.09-15.07.56:393][187]LogModuleManager: Shutting down and abandoning module TVOSTargetPlatform (95)
[2017.08.09-15.07.56:393][187]LogModuleManager: Shutting down and abandoning module Messaging (93)
[2017.08.09-15.07.56:393][187]LogModuleManager: Shutting down and abandoning module IOSTargetPlatform (91)
[2017.08.09-15.07.56:393][187]LogModuleManager: Shutting down and abandoning module HTML5TargetPlatform (89)
[2017.08.09-15.07.56:393][187]LogModuleManager: Shutting down and abandoning module Android_PVRTCTargetPlatform (87)
[2017.08.09-15.07.56:393][187]LogModuleManager: Shutting down and abandoning module Android_MultiTargetPlatform (85)
[2017.08.09-15.07.56:393][187]LogModuleManager: Shutting down and abandoning module Android_ETC2TargetPlatform (83)
[2017.08.09-15.07.56:393][187]LogModuleManager: Shutting down and abandoning module Android_ETC1TargetPlatform (81)
[2017.08.09-15.07.56:393][187]LogModuleManager: Shutting down and abandoning module Android_DXTTargetPlatform (79)
[2017.08.09-15.07.56:393][187]LogModuleManager: Shutting down and abandoning module Android_ATCTargetPlatform (77)
[2017.08.09-15.07.56:393][187]LogModuleManager: Shutting down and abandoning module Android_ASTCTargetPlatform (75)
[2017.08.09-15.07.56:393][187]LogModuleManager: Shutting down and abandoning module AndroidTargetPlatform (73)
[2017.08.09-15.07.56:393][187]LogModuleManager: Shutting down and abandoning module WindowsTargetPlatform (71)
[2017.08.09-15.07.56:393][187]LogModuleManager: Shutting down and abandoning module WindowsServerTargetPlatform (69)
[2017.08.09-15.07.56:393][187]LogModuleManager: Shutting down and abandoning module WindowsNoEditorTargetPlatform (67)
[2017.08.09-15.07.56:393][187]LogModuleManager: Shutting down and abandoning module WindowsClientTargetPlatform (65)
[2017.08.09-15.07.56:394][187]LogModuleManager: Shutting down and abandoning module MacTargetPlatform (63)
[2017.08.09-15.07.56:394][187]LogModuleManager: Shutting down and abandoning module MacServerTargetPlatform (61)
[2017.08.09-15.07.56:394][187]LogModuleManager: Shutting down and abandoning module MacNoEditorTargetPlatform (59)
[2017.08.09-15.07.56:394][187]LogModuleManager: Shutting down and abandoning module MacClientTargetPlatform (57)
[2017.08.09-15.07.56:394][187]LogModuleManager: Shutting down and abandoning module AllDesktopTargetPlatform (55)
[2017.08.09-15.07.56:394][187]LogModuleManager: Shutting down and abandoning module InputCore (52)
[2017.08.09-15.07.56:394][187]LogModuleManager: Shutting down and abandoning module Settings (50)
[2017.08.09-15.07.56:394][187]LogModuleManager: Shutting down and abandoning module OculusRift (48)
[2017.08.09-15.07.56:394][187]LogModuleManager: Shutting down and abandoning module GearVR (46)
[2017.08.09-15.07.56:394][187]LogModuleManager: Shutting down and abandoning module ExampleDeviceProfileSelector (44)
[2017.08.09-15.07.56:394][187]LogModuleManager: Shutting down and abandoning module OnlineBlueprintSupport (42)
[2017.08.09-15.07.56:394][187]LogModuleManager: Shutting down and abandoning module OnlineSubsystem (38)
[2017.08.09-15.07.56:394][187]LogOnline:Display: Unloading online subsystem: NULL
[2017.08.09-15.07.56:394][187]LogModuleManager: Shutting down and abandoning module XMPP (37)
[2017.08.09-15.07.56:394][187]LogModuleManager: Shutting down and abandoning module HTTP (35)
[2017.08.09-15.07.56:394][187]LogHttp:Display: Http module shutting down, but needs to wait on 1 outstanding Http requests:
[2017.08.09-15.07.56:394][187]LogHttp:Display: 	verb=[POST] url=[https://datarouter.ol.epicgames.com/datarouter/api/v1/public/data?SessionID=%7BEC83E2B9-4EFA-2AFA-EF6D-EFBB5655C882%7D&AppID=UEEditor.Rocket.Release&AppVersion=4.15.3-3450819%2B%2B%2BUE4%2BRelease-4.15&UserID=dd7208074aeeffd34e3340b0d5d8b2c0%7C50c3a4537b7f4de4a3d0dadca77c683d%7C7560d674-451b-4b79-847e-ce1bd6db5235&AppEnvironment=datacollector-binary&UploadType=eteventstream] status=Processing
[2017.08.09-15.07.56:425][187]LogModuleManager: Shutting down and abandoning module SSL (34)
[2017.08.09-15.07.56:427][187]LogModuleManager: Shutting down and abandoning module AudioEditor (30)
[2017.08.09-15.07.56:427][187]LogModuleManager: Shutting down and abandoning module TextureCompressor (28)
[2017.08.09-15.07.56:428][187]LogModuleManager: Shutting down and abandoning module ShaderCore (26)
[2017.08.09-15.07.56:428][187]LogModuleManager: Shutting down and abandoning module Landscape (24)
[2017.08.09-15.07.56:428][187]LogModuleManager: Shutting down and abandoning module SlateRHIRenderer (22)
[2017.08.09-15.07.56:431][187]LogModuleManager: Shutting down and abandoning module OpenGLDrv (20)
[2017.08.09-15.07.56:431][187]LogModuleManager: Shutting down and abandoning module D3D11RHI (18)
[2017.08.09-15.07.56:431][187]LogModuleManager: Shutting down and abandoning module AnimGraphRuntime (16)
[2017.08.09-15.07.56:431][187]LogModuleManager: Shutting down and abandoning module Renderer (14)
[2017.08.09-15.07.56:431][187]LogModuleManager: Shutting down and abandoning module Engine (12)
[2017.08.09-15.07.56:431][187]LogModuleManager: Shutting down and abandoning module CoreUObject (10)
[2017.08.09-15.07.56:431][187]LogModuleManager: Shutting down and abandoning module NetworkFile (8)
[2017.08.09-15.07.56:431][187]LogModuleManager: Shutting down and abandoning module StreamingFile (6)
[2017.08.09-15.07.56:431][187]LogModuleManager: Shutting down and abandoning module SandboxFile (4)
[2017.08.09-15.07.56:431][187]LogModuleManager: Shutting down and abandoning module PakFile (2)
[2017.08.09-15.07.56:459][187]LogExit: Exiting.
[2017.08.09-15.07.56:461][187]Log file closed, 08/09/17 23:07:56
