Log file open, 10/23/17 16:56:48
LogInit:Display: Running engine for game: Meeting
LogPlatformFile: Not using cached read wrapper
LogInit:Display: RandInit(-807810593) SRandInit(-807810593).
LogTaskGraph: Started task graph with 5 named threads and 8 total threads with 1 sets of task threads.
LogStats: Stats thread started at 0.073693
LogInit: Using libcurl 7.47.1
LogInit:  - built for x86_64-pc-win32
LogInit:  - supports SSL with OpenSSL/1.0.2g
LogInit:  - supports HTTP deflate (compression) using libz 1.2.8
LogInit:  - other features:
LogInit:      CURL_VERSION_SSL
LogInit:      CURL_VERSION_LIBZ
LogInit:      CURL_VERSION_IPV6
LogInit:      CURL_VERSION_ASYNCHDNS
LogInit:      CURL_VERSION_LARGEFILE
LogInit:      CURL_VERSION_IDN
LogInit:  CurlRequestOptions (configurable via config and command line):
LogInit:  - bVerifyPeer = false  - Libcurl will NOT verify peer certificate
LogInit:  - bUseHttpProxy = false  - Libcurl will NOT use HTTP proxy
LogInit:  - bDontReuseConnections = false  - Libcurl will reuse connections
LogInit:  - CertBundlePath = nullptr  - Libcurl will use whatever was configured at build time.
LogInit: Build: ++UE4+Release-4.15-CL-3450819
LogInit: Engine Version: 4.15.3-3450819+++UE4+Release-4.15
LogInit: Compatible Engine Version: 4.15.0-3299760+++UE4+Release-4.15
LogInit: Net CL: 3299760
LogDevObjectVersion: Number of dev versions registered: 14
LogDevObjectVersion:   Dev-Blueprints (B0D832E4-1F89-4F0D-ACCF-7EB736FD4AA2): 8
LogDevObjectVersion:   Dev-Build (E1C64328-A22C-4D53-A36C-8E866417BD8C): 0
LogDevObjectVersion:   Dev-Core (375EC13C-06E4-48FB-B500-84F0262A717E): 2
LogDevObjectVersion:   Dev-Editor (E4B068ED-F494-42E9-A231-DA0B2E46BB41): 14
LogDevObjectVersion:   Dev-Framework (CFFC743F-43B0-4480-9391-14DF171D2073): 22
LogDevObjectVersion:   Dev-Mobile (B02B49B5-BB20-44E9-A304-32B752E40360): 0
LogDevObjectVersion:   Dev-Networking (A4E4105C-59A1-49B5-A7C5-40C4547EDFEE): 0
LogDevObjectVersion:   Dev-Online (39C831C9-5AE6-47DC-9A44-9C173E1C8E7C): 0
LogDevObjectVersion:   Dev-Physics (78F01B33-EBEA-4F98-B9B4-84EACCB95AA2): 0
LogDevObjectVersion:   Dev-Platform (6631380F-2D4D-43E0-8009-CF276956A95A): 0
LogDevObjectVersion:   Dev-Rendering (12F88B9F-8875-4AFC-A67C-D90C383ABD29): 12
LogDevObjectVersion:   Dev-Sequencer (7B5AE74C-D270-4C10-A958-57980B212A5A): 3
LogDevObjectVersion:   Dev-VR (D7296918-1DD6-4BDD-9DE2-64A83CC13884): 0
LogDevObjectVersion:   Dev-LoadTimes (C2A15278-BFE7-4AFE-6C17-90FF531DF755): 1
LogInit: Compiled (64-bit): May 21 2017 11:02:34
LogInit: Compiled with Visual C++: 19.00.23026.00
LogInit: Build Configuration: Development
LogInit: Branch Name: ++UE4+Release-4.15
LogInit: Command line:  
LogInit: Base directory: C:/Program Files/Epic Games/UE_4.15/Engine/Binaries/Win64/
LogInit: Installed Engine Build: 1
LogInit: Presizing for max 8388607 objects, including 0 objects not considered by GC, pre-allocating 0 bytes for permanent pool.
LogInit: Object subsystem initialized
[2017.10.23-08.56.49:566][  0]LogInit: Selected Device Profile: [Windows]
[2017.10.23-08.56.49:566][  0]LogInit: Applying CVar settings loaded from the selected device profile: [Windows]
[2017.10.23-08.56.49:613][  0]LogInit: Computer: USER
[2017.10.23-08.56.49:613][  0]LogInit: User: Uses
[2017.10.23-08.56.49:613][  0]LogInit: CPU Page size=65536, Cores=4
[2017.10.23-08.56.49:613][  0]LogInit: High frequency timer resolution =3.320309 MHz
[2017.10.23-08.56.49:614][  0]LogMemory: Memory total: Physical=15.9GB (16GB approx)
[2017.10.23-08.56.49:614][  0]LogMemory: Platform Memory Stats for Windows
[2017.10.23-08.56.49:614][  0]LogMemory: Process Physical Memory: 272.33 MB used, 272.33 MB peak
[2017.10.23-08.56.49:614][  0]LogMemory: Process Virtual Memory: 267.47 MB used, 267.47 MB peak
[2017.10.23-08.56.49:614][  0]LogMemory: Physical Memory: 9174.32 MB used,  7137.17 MB free, 16311.48 MB total
[2017.10.23-08.56.49:614][  0]LogMemory: Virtual Memory: 650.23 MB used,  7137.17 MB free, 134217728.00 MB total
[2017.10.23-08.56.49:706][  0]LogTextLocalizationManager: No specific translations for ('en-US') exist, so ('en') translations will be used.
[2017.10.23-08.56.54:899][  0]LogD3D11RHI: D3D11 adapters:
[2017.10.23-08.56.55:499][  0]LogD3D11RHI:    0. 'NVIDIA GeForce GTX 960' (Feature Level 11_0)
[2017.10.23-08.56.55:499][  0]LogD3D11RHI:       2016/0/8155 MB DedicatedVideo/DedicatedSystem/SharedSystem, Outputs:1, VendorId:0x10de
[2017.10.23-08.56.55:501][  0]LogD3D11RHI:    1. 'Microsoft Basic Render Driver' (Feature Level 11_0)
[2017.10.23-08.56.55:501][  0]LogD3D11RHI:       0/0/8155 MB DedicatedVideo/DedicatedSystem/SharedSystem, Outputs:0, VendorId:0x1414
[2017.10.23-08.56.55:501][  0]LogD3D11RHI: Chosen D3D11 Adapter: 0
[2017.10.23-08.56.55:517][  0]LogD3D11RHI: Creating new Direct3DDevice
[2017.10.23-08.56.55:517][  0]LogD3D11RHI:     GPU DeviceId: 0x1401 (for the marketing name, search the web for "GPU Device Id")
[2017.10.23-08.56.55:517][  0]LogWindows: EnumDisplayDevices:
[2017.10.23-08.56.55:517][  0]LogWindows:    0. 'NVIDIA GeForce GTX 960' (P:1 D:1)
[2017.10.23-08.56.55:517][  0]LogWindows:    1. 'NVIDIA GeForce GTX 960' (P:0 D:0)
[2017.10.23-08.56.55:517][  0]LogWindows:    2. 'NVIDIA GeForce GTX 960' (P:0 D:0)
[2017.10.23-08.56.55:518][  0]LogWindows:    3. 'NVIDIA GeForce GTX 960' (P:0 D:0)
[2017.10.23-08.56.55:518][  0]LogWindows: DebugString: FoundDriverCount:4 
[2017.10.23-08.56.55:518][  0]LogD3D11RHI:     Adapter Name: NVIDIA GeForce GTX 960
[2017.10.23-08.56.55:518][  0]LogD3D11RHI:   Driver Version: 385.41 (internal:22.21.13.8541, unified:385.41)
[2017.10.23-08.56.55:518][  0]LogD3D11RHI:      Driver Date: 8-21-2017
[2017.10.23-08.56.55:518][  0]LogRHI: Texture pool is 1361 MB (70% of 1945 MB)
[2017.10.23-08.56.56:083][  0]LogD3D11RHI: Async texture creation enabled
[2017.10.23-08.56.56:153][  0]LogD3D11RHI: GPU Timing Frequency: 1000.000000 (Debug: 2 1)
[2017.10.23-08.56.56:154][  0]LogShaderCompilers: Guid format shader working directory is -20 characters bigger than the processId version (../../../../../../Users/Uses/Desktop/FYP/FYP_DumbTesting/Meeting/Intermediate/Shaders/WorkingDirectory/10972/).
[2017.10.23-08.56.56:154][  0]LogShaderCompilers: Cleaned the shader compiler working directory 'C:/Users/Uses/AppData/Local/Temp/UnrealShaderWorkingDir/ACCD3F7F4652DF109E0B8A8F2A7F518D/'.
[2017.10.23-08.56.56:154][  0]LogShaderCompilers:Display: Using Local Shader Compiler.
[2017.10.23-08.57.00:919][  0]LogTemp:Display: Loaded TP AllDesktopTargetPlatform
[2017.10.23-08.57.00:972][  0]LogTemp:Display: Loaded TP MacClientTargetPlatform
[2017.10.23-08.57.01:026][  0]LogTemp:Display: Loaded TP MacNoEditorTargetPlatform
[2017.10.23-08.57.01:081][  0]LogTemp:Display: Loaded TP MacServerTargetPlatform
[2017.10.23-08.57.01:154][  0]LogTemp:Display: Loaded TP MacTargetPlatform
[2017.10.23-08.57.01:214][  0]LogTemp:Display: Loaded TP WindowsClientTargetPlatform
[2017.10.23-08.57.01:269][  0]LogTemp:Display: Loaded TP WindowsNoEditorTargetPlatform
[2017.10.23-08.57.01:325][  0]LogTemp:Display: Loaded TP WindowsServerTargetPlatform
[2017.10.23-08.57.01:375][  0]LogTemp:Display: Loaded TP WindowsTargetPlatform
[2017.10.23-08.57.01:453][  0]LogTemp:Display: Loaded TP AndroidTargetPlatform
[2017.10.23-08.57.01:508][  0]LogTemp:Display: Loaded TP Android_ASTCTargetPlatform
[2017.10.23-08.57.01:569][  0]LogTemp:Display: Loaded TP Android_ATCTargetPlatform
[2017.10.23-08.57.01:638][  0]LogTemp:Display: Loaded TP Android_DXTTargetPlatform
[2017.10.23-08.57.01:699][  0]LogTemp:Display: Loaded TP Android_ETC1TargetPlatform
[2017.10.23-08.57.01:763][  0]LogTemp:Display: Loaded TP Android_ETC2TargetPlatform
[2017.10.23-08.57.01:890][  0]LogTemp:Display: Loaded TP Android_MultiTargetPlatform
[2017.10.23-08.57.01:890][  0]LogTemp:Display: Loaded TP Android_PVRTCTargetPlatform
[2017.10.23-08.57.01:933][  0]LogTemp:Display: Loaded TP HTML5TargetPlatform
[2017.10.23-08.57.02:042][  0]LogTemp:Display: Loaded TP IOSTargetPlatform
[2017.10.23-08.57.02:078][  0]LogTemp:Display: Loaded TP TVOSTargetPlatform
[2017.10.23-08.57.02:134][  0]LogTemp:Display: Loaded TP LinuxClientTargetPlatform
[2017.10.23-08.57.02:191][  0]LogTemp:Display: Loaded TP LinuxNoEditorTargetPlatform
[2017.10.23-08.57.02:245][  0]LogTemp:Display: Loaded TP LinuxServerTargetPlatform
[2017.10.23-08.57.02:314][  0]LogTemp:Display: Loaded TP LinuxTargetPlatform
[2017.10.23-08.57.02:314][  0]LogTargetPlatformManager:Display: Building Assets For Windows
[2017.10.23-08.57.02:784][  0]LogDerivedDataCache:Display: Max Cache Size: 512 MB
[2017.10.23-08.57.02:830][  0]LogDerivedDataCache: Loaded boot cache 0.05s 50MB C:/Users/Uses/AppData/Local/UnrealEngine/4.15/DerivedDataCache/Boot.ddc.
[2017.10.23-08.57.02:830][  0]LogDerivedDataCache:Display: Loaded Boot cache: C:/Users/Uses/AppData/Local/UnrealEngine/4.15/DerivedDataCache/Boot.ddc
[2017.10.23-08.57.02:830][  0]LogDerivedDataCache: FDerivedDataBackendGraph:  Pak pak cache file ../../../../../../Users/Uses/Desktop/FYP/FYP_DumbTesting/Meeting/DerivedDataCache/DDC.ddp not found, will not use a pak cache.
[2017.10.23-08.57.02:830][  0]LogDerivedDataCache: Unable to find inner node Pak for hierarchical cache Hierarchy.
[2017.10.23-08.57.02:831][  0]LogDerivedDataCache: FDerivedDataBackendGraph:  CompressedPak pak cache file ../../../../../../Users/Uses/Desktop/FYP/FYP_DumbTesting/Meeting/DerivedDataCache/Compressed.ddp not found, will not use a pak cache.
[2017.10.23-08.57.02:831][  0]LogDerivedDataCache: Unable to find inner node CompressedPak for hierarchical cache Hierarchy.
[2017.10.23-08.57.02:851][  0]LogDerivedDataCache:Display: Pak cache opened for reading ../../../Engine/DerivedDataCache/Compressed.ddp.
[2017.10.23-08.57.02:864][  0]LogDerivedDataCache: Using Local data cache path C:/Users/Uses/AppData/Local/UnrealEngine/Common/DerivedDataCache: Writable
[2017.10.23-08.57.02:872][  0]LogSlate: Using Freetype 2.6.0
[2017.10.23-08.57.02:915][  0]LogSlate: SlateFontCache - WITH_FREETYPE: 1, WITH_HARFBUZZ: 1
[2017.10.23-08.57.02:915][  0]LogSlate: SlateFontCache - WITH_FREETYPE: 1, WITH_HARFBUZZ: 1
[2017.10.23-08.57.04:519][  0]LogInit: Selected Device Profile: [Windows]
[2017.10.23-08.57.04:522][  0]LogContentStreaming: Texture pool size is 0.00 MB
[2017.10.23-08.57.04:941][  0]LogMeshUtilities: Using QuadricMeshReduction for automatic static mesh reduction
[2017.10.23-08.57.04:984][  0]LogSimplygon: Simplygon DLL not present - disabling.
[2017.10.23-08.57.05:032][  0]LogMeshUtilities: Using SimplygonSwarm for distributed automatic mesh merging
[2017.10.23-08.57.05:032][  0]LogMeshUtilities: No automatic skeletal mesh reduction module available
[2017.10.23-08.57.05:032][  0]LogMeshUtilities: No automatic mesh merging module available
[2017.10.23-08.57.07:042][  0]LogNetVersion: GetLocalNetworkVersion: CL: 3299760, ProjectName: meeting, ProjectVersion: , EngineNetworkVersion: 2, GameNetworkVersion: 0, NetworkChecksum: 116300604
[2017.10.23-08.57.07:088][  0]LogAssetRegistry: FAssetRegistry took 0.0213 seconds to start up
[2017.10.23-08.57.07:154][  0]LogPackageLocalizationCache: Processed 3 localized package path(s) for 2 prioritized culture(s) in 0.041149 seconds
[2017.10.23-08.57.07:159][  0]LogUObjectArray: 32493 objects as part of root set at end of initial load.
[2017.10.23-08.57.07:159][  0]LogUObjectAllocator: 7077024 out of 0 bytes used by permanent object pool.
[2017.10.23-08.57.07:159][  0]LogUObjectArray: CloseDisregardForGC: 0/0 objects in disregard for GC pool
[2017.10.23-08.57.07:226][  0]LogInit: WinSock: version 1.1 (2.2), MaxSocks=32767, MaxUdp=65467
[2017.10.23-08.57.31:037][  0]LogTcpMessaging: Initializing TcpMessaging bridge
[2017.10.23-08.57.31:079][  0]LogUdpMessaging: Initializing bridge on interface 0.0.0.0:0 to multicast group 230.0.0.1:6666.
[2017.10.23-08.57.32:325][  0]LogMaterial: Uniform references updated for custom material expression Custom.
[2017.10.23-08.57.33:163][  0]SourceControl: Info Source control is disabled
[2017.10.23-08.57.33:277][  0]SourceControl: Info Source control is disabled
[2017.10.23-08.57.33:324][  0]SourceControl: Info Source control is disabled
[2017.10.23-08.57.33:377][  0]SourceControl: Info Source control is disabled
[2017.10.23-08.57.35:002][  0]LogEngine: Initializing Engine...
[2017.10.23-08.57.35:002][  0]LogHMD: Failed to initialize OpenVR with code 110
[2017.10.23-08.57.35:417][  0]LogStats: UGameplayTagsManager::ConstructGameplayTagTree: Construct from data asset -  0.000 s
[2017.10.23-08.57.35:417][  0]LogStats: UGameplayTagsManager::ConstructGameplayTagTree: GameplayTagTreeChangedEvent.Broadcast -  0.000 s
[2017.10.23-08.57.35:540][  0]LogAIModule: Creating AISystem for world Untitled
[2017.10.23-08.57.35:551][  0]LogInit: XAudio2 using 'Speakers (Realtek High Definition Audio)' : 2 channels at 48 kHz using 32 bits per sample (channel mask 0x3)
[2017.10.23-08.57.35:578][  0]LogInit: FAudioDevice initialized.
[2017.10.23-08.57.35:630][  0]LogDerivedDataCache: Saved boot cache 0.05s 50MB C:/Users/Uses/AppData/Local/UnrealEngine/4.15/DerivedDataCache/Boot.ddc.
[2017.10.23-08.57.35:637][  0]LogInit: Texture streaming: Enabled
[2017.10.23-08.57.35:736][  0]LogEngineSessionManager: EngineSessionManager initialized
[2017.10.23-08.57.35:842][  0]LogInit: Transaction tracking system initialized
[2017.10.23-08.57.36:262][  0]BlueprintLog: New page: Editor Load
[2017.10.23-08.57.37:210][  0]LocalizationService: Info Localization service is disabled
[2017.10.23-08.57.38:212][  0]LogConsoleResponse:Display: 
[2017.10.23-08.57.38:717][  0]LogCook:Display: Max memory allowance for cook 16384mb min free memory 0mb
[2017.10.23-08.57.38:717][  0]LogCook:Display: Mobile HDR setting 1
[2017.10.23-08.57.39:287][  0]LogFileCache: Scanning file cache for directory 'C:/Users/Uses/Desktop/FYP/FYP_DumbTesting/Meeting/Content/' took 0.03s
[2017.10.23-08.57.40:600][  0]SourceControl: Info Source control is disabled
[2017.10.23-08.57.40:600][  0]Cmd: MAP LOAD FILE="../../../../../../Users/Uses/Desktop/FYP/FYP_DumbTesting/Meeting/Content/ThirdPersonBP/Maps/MockUp_Map.umap" TEMPLATE=0 SHOWPROGRESS=1 FEATURELEVEL=3
[2017.10.23-08.57.40:601][  0]LightingResults: New page: Lighting Build
[2017.10.23-08.57.40:642][  0]MapCheck: New page: Map Check
[2017.10.23-08.57.40:642][  0]LightingResults: New page: Lighting Build
[2017.10.23-08.57.42:181][  0]LogBlueprint:Warning: [SteamPanelActor] 'SteamEvent' variable not found. Base class was probably changed.
[2017.10.23-08.57.42:181][  0]LogBlueprint:Warning: [SteamPanelActor] 'isTimerStart' variable not found. Base class was probably changed.
[2017.10.23-08.57.42:181][  0]LogBlueprint:Warning: [SteamPanelActor] 'isTimerStart' variable not found. Base class was probably changed.
[2017.10.23-08.57.42:181][  0]LogBlueprint:Warning: [SteamPanelActor] 'isSteam?' variable not found. Base class was probably changed.
[2017.10.23-08.57.42:181][  0]LogBlueprint:Warning: [SteamPanelActor] 'isSteam?' variable not found. Base class was probably changed.
[2017.10.23-08.57.42:181][  0]LogBlueprint:Warning: [SteamPanelActor] 'isSteam?' variable not found. Base class was probably changed.
[2017.10.23-08.57.42:181][  0]LogBlueprint:Warning: [SteamPanelActor] 'isTimerStart' variable not found. Base class was probably changed.
[2017.10.23-08.57.42:181][  0]LogBlueprint:Warning: [SteamPanelActor] 'isTimerStart' variable not found. Base class was probably changed.
[2017.10.23-08.57.42:181][  0]LogBlueprint:Warning: [SteamPanelActor] 'isTimerStart' variable not found. Base class was probably changed.
[2017.10.23-08.57.43:999][  0]LogBlueprint:Warning: [Compiler ThirdPersonCharacter] Warning InputAction Event references unknown Action 'ResetVR' for  InputAction ResetVR
[2017.10.23-08.57.43:999][  0]LogBlueprint:Warning: [Compiler ThirdPersonCharacter] Warning Input Axis Event references unknown Axis 'LookUpRate' for  InputAxis LookUpRate
[2017.10.23-08.57.43:999][  0]LogBlueprint:Warning: [Compiler ThirdPersonCharacter] Warning Input Axis Event references unknown Axis 'TurnRate' for  InputAxis TurnRate
[2017.10.23-08.57.43:999][  0]LogBlueprint:Warning: [Compiler ThirdPersonCharacter] Warning InputAction Event references unknown Action 'Jump' for  InputAction Jump
[2017.10.23-08.57.43:999][  0]LogBlueprint:Warning: [Compiler ThirdPersonCharacter] Warning Input Axis Event references unknown Axis 'LookUp' for  InputAxis LookUp
[2017.10.23-08.57.43:999][  0]LogBlueprint:Warning: [Compiler ThirdPersonCharacter] Warning Input Axis Event references unknown Axis 'Turn' for  InputAxis Turn
[2017.10.23-08.57.44:002][  0]LogBlueprint:Warning: [Compiler ThirdPersonCharacter] Warning [0056.74] Compile of ThirdPersonCharacter successful, but with 6 Warning(s) [in 10 ms] (/Game/ThirdPersonBP/Blueprints/ThirdPersonCharacter.ThirdPersonCharacter)
[2017.10.23-08.57.44:003][  0]LogBlueprint:Warning: [Compiler ThirdPersonCharacter] Warning [0056.74] Compile of ThirdPersonCharacter successful, but with 7 Warning(s) [in 0 ms] (/Game/ThirdPersonBP/Blueprints/ThirdPersonCharacter.ThirdPersonCharacter)
[2017.10.23-08.57.44:003][  0]LogBlueprint:Warning: [Compiler ThirdPersonCharacter] Warning [0056.74] Compile of ThirdPersonCharacter successful, but with 8 Warning(s) [in 0 ms] (/Game/ThirdPersonBP/Blueprints/ThirdPersonCharacter.ThirdPersonCharacter)
[2017.10.23-08.57.44:008][  0]LogBlueprint:Warning: [Compiler ThirdPersonCharacter] Warning InputAction Event references unknown Action 'ResetVR' for  InputAction ResetVR
[2017.10.23-08.57.44:008][  0]LogBlueprint:Warning: [Compiler ThirdPersonCharacter] Warning Input Axis Event references unknown Axis 'LookUpRate' for  InputAxis LookUpRate
[2017.10.23-08.57.44:008][  0]LogBlueprint:Warning: [Compiler ThirdPersonCharacter] Warning Input Axis Event references unknown Axis 'TurnRate' for  InputAxis TurnRate
[2017.10.23-08.57.44:008][  0]LogBlueprint:Warning: [Compiler ThirdPersonCharacter] Warning InputAction Event references unknown Action 'Jump' for  InputAction Jump
[2017.10.23-08.57.44:009][  0]LogBlueprint:Warning: [Compiler ThirdPersonCharacter] Warning Input Axis Event references unknown Axis 'LookUp' for  InputAxis LookUp
[2017.10.23-08.57.44:009][  0]LogBlueprint:Warning: [Compiler ThirdPersonCharacter] Warning Input Axis Event references unknown Axis 'Turn' for  InputAxis Turn
[2017.10.23-08.57.44:012][  0]LogBlueprint:Warning: [Compiler ThirdPersonCharacter] Warning [0056.75] Compile of ThirdPersonCharacter successful, but with 6 Warning(s) [in 7 ms] (/Game/ThirdPersonBP/Blueprints/ThirdPersonCharacter.ThirdPersonCharacter)
[2017.10.23-08.57.44:012][  0]LogBlueprint:Warning: [Compiler ThirdPersonCharacter] Warning [0056.75] Compile of ThirdPersonCharacter successful, but with 7 Warning(s) [in 0 ms] (/Game/ThirdPersonBP/Blueprints/ThirdPersonCharacter.ThirdPersonCharacter)
[2017.10.23-08.57.44:012][  0]LogBlueprint:Warning: [Compiler ThirdPersonCharacter] Warning [0056.75] Compile of ThirdPersonCharacter successful, but with 8 Warning(s) [in 0 ms] (/Game/ThirdPersonBP/Blueprints/ThirdPersonCharacter.ThirdPersonCharacter)
[2017.10.23-08.58.06:028][  0]LogAIModule: Creating AISystem for world MockUp_Map
[2017.10.23-08.58.06:274][  0]LogEditorServer: Finished looking for orphan Actors (0.000 secs)
[2017.10.23-08.58.06:286][  0]Cmd: MAP CHECKDEP NOCLEARLOG
[2017.10.23-08.58.06:445][  0]MapCheck: Info Map check complete: 0 Error(s), 0 Warning(s), took 158.268ms to complete.
[2017.10.23-08.58.06:445][  0]LogFileHelpers: Loading map 'MockUp_Map' took 25.845
[2017.10.23-08.58.06:683][  0]LogCollectionManager: Loaded 0 collections in 0.001057 seconds
[2017.10.23-08.58.06:810][  0]LogFileCache: Scanning file cache for directory 'C:/Users/Uses/Desktop/FYP/FYP_DumbTesting/Meeting/Saved/Collections/' took 0.01s
[2017.10.23-08.58.06:810][  0]LogFileCache: Scanning file cache for directory 'C:/Users/Uses/Desktop/FYP/FYP_DumbTesting/Meeting/Content/Developers/Uses/Collections/' took 0.01s
[2017.10.23-08.58.06:810][  0]LogFileCache: Scanning file cache for directory 'C:/Users/Uses/Desktop/FYP/FYP_DumbTesting/Meeting/Content/Collections/' took 0.01s
[2017.10.23-08.58.06:810][  0]LogCollectionManager: Rebuilt the GUID cache for 0 collections in 0.000002 seconds
[2017.10.23-08.58.06:821][  0]LogContentBrowser: Native class hierarchy populated in 0.0103 seconds. Added 2259 classes and 455 folders.
[2017.10.23-08.58.06:896][  0]LogContentBrowser: Native class hierarchy updated for 'WidgetCarousel' in 0.0019 seconds. Added 0 classes and 0 folders.
[2017.10.23-08.58.07:605][  0]LogContentBrowser: Native class hierarchy updated for 'AddContentDialog' in 0.0023 seconds. Added 0 classes and 0 folders.
[2017.10.23-08.58.07:653][  0]LogContentBrowser: Native class hierarchy updated for 'SceneOutliner' in 0.0020 seconds. Added 1 classes and 2 folders.
[2017.10.23-08.58.07:837][  0]LogCrashTracker: Crashtracker disabled due to settings.
[2017.10.23-08.58.07:843][  0]LogUObjectGlobals:Warning: Failed to find object 'Class None.'
[2017.10.23-08.58.07:920][  0]LogContentBrowser: Native class hierarchy updated for 'HierarchicalLODOutliner' in 0.0019 seconds. Added 1 classes and 2 folders.
[2017.10.23-08.58.07:921][  0]LogLoad: (Engine Initialization) Total time: 80.66 seconds
[2017.10.23-08.58.07:921][  0]LogLoad: (Engine Initialization) Total Blueprint compile time: 1.44 seconds
[2017.10.23-08.58.07:921][  0]LogExternalProfiler: Found external profiler: VSPerf
[2017.10.23-08.58.07:921][  0]LogExternalProfiler: Using external profiler: VSPerf
[2017.10.23-08.58.08:260][  0]LogOcInput: OculusInput pre-init called
[2017.10.23-08.58.08:295][  0]LogContentStreaming: Texture pool size now 3000 MB
[2017.10.23-08.58.08:297][  0]LogSlate: Took 0.000299 seconds to synchronously load lazily loaded font '../../../Engine/Content/Slate/Fonts/Roboto-Regular.ttf' (155K)
[2017.10.23-08.58.08:322][  0]LogSlate: Took 0.021265 seconds to synchronously load lazily loaded font '../../../Engine/Content/Slate/Fonts/Roboto-Bold.ttf' (160K)
[2017.10.23-08.58.08:341][  0]LogSlate: Took 0.013835 seconds to synchronously load lazily loaded font '../../../Engine/Content/Editor/Slate/Fonts/FontAwesome.ttf' (139K)
[2017.10.23-08.58.08:578][  0]LogSlate: Took 0.000177 seconds to synchronously load lazily loaded font '../../../Engine/Content/Slate/Fonts/Roboto-Light.ttf' (159K)
[2017.10.23-08.58.08:636][  0]LogRenderer: Reallocating scene render targets to support 1012x648 NumSamples 1 (Frame:2).
[2017.10.23-08.58.09:118][  2]LogAssetRegistry: Asset discovery search completed in 62.0514 seconds
[2017.10.23-08.58.09:118][  2]LogCollectionManager: Rebuilt the object cache for 0 collections in 0.000006 seconds (found 0 objects)
[2017.10.23-08.58.09:118][  2]LogCollectionManager: Fixed up redirectors for 0 collections in 0.000019 seconds (updated 0 objects)
[2017.10.23-08.58.41:832][580]LogEditorViewport: Clicking on Actor (LMB): StaticMeshActor (SM_RL_Wall3)
[2017.10.23-08.58.42:666][648]LogEditorViewport: Clicking on Actor (LMB): StaticMeshActor (SM_RL_Pillar3)
[2017.10.23-08.59.48:635][176]LogEditorFactories: Performing atomic reimport of [C:/Users/Uses/Desktop/research lab/wall/SM_RL_Pillar.FBX]
[2017.10.23-08.59.48:641][176]LogSlate: Took 0.000513 seconds to synchronously load lazily loaded font '../../../Engine/Content/Slate/Fonts/Roboto-Light.ttf' (159K)
[2017.10.23-08.59.48:783][176]LogFbx: Loading FBX Scene from C:/Users/Uses/Desktop/research lab/wall/SM_RL_Pillar.FBX
[2017.10.23-08.59.48:847][176]LogFbx: FBX Scene Loaded Succesfully
[2017.10.23-08.59.48:953][176]LogStaticMesh: Building static mesh SM_RL_Pillar...
[2017.10.23-08.59.49:003][176]LogStaticMesh: Built static mesh [0.05s] /Game/Art/Environment/ResearchLab/SM_RL_Pillar.SM_RL_Pillar
[2017.10.23-08.59.49:099][176]LogEditorFactories: -- imported successfully
[2017.10.23-08.59.49:132][176]LogSlate: Took 0.000258 seconds to synchronously load lazily loaded font '../../../Engine/Content/Slate/Fonts/Roboto-Light.ttf' (159K)
[2017.10.23-09.00.27:616][265]LogEditorFactories: Performing atomic reimport of [C:/Users/Uses/Desktop/research lab/wall/SM_RL_Pillar.FBX]
[2017.10.23-09.00.27:637][265]LogFbx: Loading FBX Scene from C:/Users/Uses/Desktop/research lab/wall/SM_RL_Pillar.FBX
[2017.10.23-09.00.27:644][265]LogFbx: FBX Scene Loaded Succesfully
[2017.10.23-09.00.27:646][265]LogFbx:Warning: Triangulating static mesh SM_RL_Pillar006
[2017.10.23-09.00.27:688][265]LogStaticMesh: Building static mesh SM_RL_Pillar...
[2017.10.23-09.00.27:691][265]LogStaticMesh: Built static mesh [0.00s] /Game/Art/Environment/ResearchLab/SM_RL_Pillar.SM_RL_Pillar
[2017.10.23-09.00.27:704][265]LogEditorFactories: -- imported successfully
[2017.10.23-09.00.39:938][650]LogEditorViewport: Clicking on Actor (LMB): StaticMeshActor (SM_RL_Pillar3)
[2017.10.23-09.00.41:967][826]LogEditorViewport: Clicking on Actor (CTRL LMB): StaticMeshActor (SM_RL_Pillar4)
[2017.10.23-09.00.42:726][904]LogEditorViewport: Clicking on Actor (LMB): StaticMeshActor (SM_RL_Pillar4)
[2017.10.23-09.00.43:541][988]LogEditorViewport: Clicking on Actor (LMB): StaticMeshActor (SM_RL_Pillar4)
[2017.10.23-09.00.45:185][147]LogEditorViewport: Clicking on Actor (CTRL LMB): StaticMeshActor (SM_RL_Pillar3)
[2017.10.23-09.01.04:094][225]Cmd: TRANSACTION UNDO
[2017.10.23-09.01.04:094][225]LogEditorTransaction: Undo Move Actors
[2017.10.23-09.01.12:799][169]LogEditorViewport: Clicking on Actor (LMB): StaticMeshActor (Lab_Bookshelf13)
[2017.10.23-09.01.15:010][373]LogEditorViewport: Clicking on Actor (LMB): StaticMeshActor (Lab_Bookshelf13)
[2017.10.23-09.01.16:263][511]Cmd: DELETE
[2017.10.23-09.01.16:263][511]Cmd: ACTOR DELETE
[2017.10.23-09.01.16:271][511]LogEditorActor: Deleted Actor: StaticMeshActor
[2017.10.23-09.01.16:333][511]LogEditorActor: Deleted 1 Actors (0.070 secs)
[2017.10.23-09.01.17:088][597]LogEditorViewport: Clicking on Actor (LMB): StaticMeshActor (Cube267)
[2017.10.23-09.01.18:843][790]LogEditorViewport: Clicking on Actor (LMB): StaticMeshActor (Lab_Bookshelf14)
[2017.10.23-09.01.19:585][869]Cmd: DELETE
[2017.10.23-09.01.19:585][869]Cmd: ACTOR DELETE
[2017.10.23-09.01.19:593][869]LogEditorActor: Deleted Actor: StaticMeshActor
[2017.10.23-09.01.19:609][869]LogEditorActor: Deleted 1 Actors (0.024 secs)
[2017.10.23-09.01.21:263][ 65]LogEditorViewport: Clicking on Actor (LMB): StaticMeshActor (Cube269)
[2017.10.23-09.01.21:726][111]Cmd: DELETE
[2017.10.23-09.01.21:726][111]Cmd: ACTOR DELETE
[2017.10.23-09.01.21:734][111]LogEditorActor: Deleted Actor: StaticMeshActor
[2017.10.23-09.01.21:750][111]LogEditorActor: Deleted 1 Actors (0.024 secs)
[2017.10.23-09.01.22:056][146]LogEditorViewport: Clicking on Actor (LMB): StaticMeshActor (Cube268)
[2017.10.23-09.01.22:252][162]Cmd: DELETE
[2017.10.23-09.01.22:252][162]Cmd: ACTOR DELETE
[2017.10.23-09.01.22:260][162]LogEditorActor: Deleted Actor: StaticMeshActor
[2017.10.23-09.01.22:274][162]LogEditorActor: Deleted 1 Actors (0.022 secs)
[2017.10.23-09.01.22:546][193]LogEditorViewport: Clicking on Actor (LMB): StaticMeshActor (Cube267)
[2017.10.23-09.01.22:646][199]Cmd: DELETE
[2017.10.23-09.01.22:646][199]Cmd: ACTOR DELETE
[2017.10.23-09.01.22:654][199]LogEditorActor: Deleted Actor: StaticMeshActor
[2017.10.23-09.01.22:668][199]LogEditorActor: Deleted 1 Actors (0.022 secs)
[2017.10.23-09.01.23:074][246]LogEditorViewport: Clicking on Actor (LMB): StaticMeshActor (Cube266)
[2017.10.23-09.01.23:123][246]Cmd: DELETE
[2017.10.23-09.01.23:123][246]Cmd: ACTOR DELETE
[2017.10.23-09.01.23:133][246]LogEditorActor: Deleted Actor: StaticMeshActor
[2017.10.23-09.01.23:148][246]LogEditorActor: Deleted 1 Actors (0.025 secs)
[2017.10.23-09.01.23:569][294]LogEditorViewport: Clicking on Actor (LMB): StaticMeshActor (Cube265)
[2017.10.23-09.01.23:803][313]Cmd: DELETE
[2017.10.23-09.01.23:803][313]Cmd: ACTOR DELETE
[2017.10.23-09.01.23:811][313]LogEditorActor: Deleted Actor: StaticMeshActor
[2017.10.23-09.01.23:826][313]LogEditorActor: Deleted 1 Actors (0.023 secs)
[2017.10.23-09.01.24:122][347]LogEditorViewport: Clicking on Actor (LMB): StaticMeshActor (Cube264)
[2017.10.23-09.01.24:294][361]Cmd: DELETE
[2017.10.23-09.01.24:294][361]Cmd: ACTOR DELETE
[2017.10.23-09.01.24:301][361]LogEditorActor: Deleted Actor: StaticMeshActor
[2017.10.23-09.01.24:316][361]LogEditorActor: Deleted 1 Actors (0.022 secs)
[2017.10.23-09.01.24:749][411]LogEditorViewport: Clicking on Actor (LMB): StaticMeshActor (Cube256)
[2017.10.23-09.01.24:960][429]Cmd: DELETE
[2017.10.23-09.01.24:960][429]Cmd: ACTOR DELETE
[2017.10.23-09.01.24:968][429]LogEditorActor: Deleted Actor: StaticMeshActor
[2017.10.23-09.01.24:983][429]LogEditorActor: Deleted 1 Actors (0.023 secs)
[2017.10.23-09.01.25:287][464]LogEditorViewport: Clicking on Actor (LMB): StaticMeshActor (Cube258)
[2017.10.23-09.01.25:465][478]Cmd: DELETE
[2017.10.23-09.01.25:465][478]Cmd: ACTOR DELETE
[2017.10.23-09.01.25:474][478]LogEditorActor: Deleted Actor: StaticMeshActor
[2017.10.23-09.01.25:489][478]LogEditorActor: Deleted 1 Actors (0.024 secs)
[2017.10.23-09.01.25:757][508]LogEditorViewport: Clicking on Actor (LMB): StaticMeshActor (SM_RL_Wall3)
[2017.10.23-09.01.26:302][564]LogEditorViewport: Clicking on Actor (LMB): StaticMeshActor (Cube257)
[2017.10.23-09.01.26:603][591]Cmd: DELETE
[2017.10.23-09.01.26:603][591]Cmd: ACTOR DELETE
[2017.10.23-09.01.26:611][591]LogEditorActor: Deleted Actor: StaticMeshActor
[2017.10.23-09.01.26:625][591]LogEditorActor: Deleted 1 Actors (0.022 secs)
[2017.10.23-09.01.26:967][630]LogEditorViewport: Clicking on Actor (LMB): StaticMeshActor (Cube259)
[2017.10.23-09.01.27:106][640]Cmd: DELETE
[2017.10.23-09.01.27:106][640]Cmd: ACTOR DELETE
[2017.10.23-09.01.27:114][640]LogEditorActor: Deleted Actor: StaticMeshActor
[2017.10.23-09.01.27:129][640]LogEditorActor: Deleted 1 Actors (0.023 secs)
[2017.10.23-09.01.27:396][670]LogEditorViewport: Clicking on Actor (LMB): StaticMeshActor (Cube260)
[2017.10.23-09.01.27:545][680]Cmd: DELETE
[2017.10.23-09.01.27:545][680]Cmd: ACTOR DELETE
[2017.10.23-09.01.27:552][680]LogEditorActor: Deleted Actor: StaticMeshActor
[2017.10.23-09.01.27:568][680]LogEditorActor: Deleted 1 Actors (0.024 secs)
[2017.10.23-09.01.27:880][715]LogEditorViewport: Clicking on Actor (LMB): StaticMeshActor (Cube261)
[2017.10.23-09.01.28:122][735]Cmd: DELETE
[2017.10.23-09.01.28:122][735]Cmd: ACTOR DELETE
[2017.10.23-09.01.28:129][735]LogEditorActor: Deleted Actor: StaticMeshActor
[2017.10.23-09.01.28:145][735]LogEditorActor: Deleted 1 Actors (0.024 secs)
[2017.10.23-09.01.28:795][811]LogEditorViewport: Clicking on Actor (LMB): StaticMeshActor (Cube262)
[2017.10.23-09.01.29:281][859]Cmd: DELETE
[2017.10.23-09.01.29:281][859]Cmd: ACTOR DELETE
[2017.10.23-09.01.29:290][859]LogEditorActor: Deleted Actor: StaticMeshActor
[2017.10.23-09.01.29:305][859]LogEditorActor: Deleted 1 Actors (0.023 secs)
[2017.10.23-09.01.29:630][896]LogEditorViewport: Clicking on Actor (LMB): StaticMeshActor (Cube263)
[2017.10.23-09.01.29:908][922]Cmd: DELETE
[2017.10.23-09.01.29:908][922]Cmd: ACTOR DELETE
[2017.10.23-09.01.29:916][922]LogEditorActor: Deleted Actor: StaticMeshActor
[2017.10.23-09.01.29:933][922]LogEditorActor: Deleted 1 Actors (0.025 secs)
[2017.10.23-09.01.30:472][985]LogEditorViewport: Clicking on Actor (LMB): StaticMeshActor (Cube271)
[2017.10.23-09.01.30:687][  4]Cmd: DELETE
[2017.10.23-09.01.30:687][  4]Cmd: ACTOR DELETE
[2017.10.23-09.01.30:695][  4]LogEditorActor: Deleted Actor: StaticMeshActor
[2017.10.23-09.01.30:710][  4]LogEditorActor: Deleted 1 Actors (0.023 secs)
[2017.10.23-09.01.31:183][ 59]LogEditorViewport: Clicking on Actor (LMB): StaticMeshActor (Cube270)
[2017.10.23-09.01.31:605][101]Cmd: DELETE
[2017.10.23-09.01.31:605][101]Cmd: ACTOR DELETE
[2017.10.23-09.01.31:613][101]LogEditorActor: Deleted Actor: StaticMeshActor
[2017.10.23-09.01.31:628][101]LogEditorActor: Deleted 1 Actors (0.023 secs)
[2017.10.23-09.01.32:093][155]LogEditorViewport: Clicking on Actor (LMB): StaticMeshActor (Cube272)
[2017.10.23-09.01.32:306][174]Cmd: DELETE
[2017.10.23-09.01.32:306][174]Cmd: ACTOR DELETE
[2017.10.23-09.01.32:314][174]LogEditorActor: Deleted Actor: StaticMeshActor
[2017.10.23-09.01.32:329][174]LogEditorActor: Deleted 1 Actors (0.023 secs)
[2017.10.23-09.01.32:519][195]LogEditorViewport: Clicking on Actor (LMB): StaticMeshActor (Cube273)
[2017.10.23-09.01.32:680][207]Cmd: DELETE
[2017.10.23-09.01.32:680][207]Cmd: ACTOR DELETE
[2017.10.23-09.01.32:688][207]LogEditorActor: Deleted Actor: StaticMeshActor
[2017.10.23-09.01.32:708][207]LogEditorActor: Deleted 1 Actors (0.028 secs)
[2017.10.23-09.01.32:978][237]LogEditorViewport: Clicking on Actor (LMB): StaticMeshActor (Cube274)
[2017.10.23-09.01.33:079][242]Cmd: DELETE
[2017.10.23-09.01.33:079][242]Cmd: ACTOR DELETE
[2017.10.23-09.01.33:088][242]LogEditorActor: Deleted Actor: StaticMeshActor
[2017.10.23-09.01.33:107][242]LogEditorActor: Deleted 1 Actors (0.027 secs)
[2017.10.23-09.01.33:379][273]LogEditorViewport: Clicking on Actor (LMB): StaticMeshActor (Cube275)
[2017.10.23-09.01.33:695][304]Cmd: DELETE
[2017.10.23-09.01.33:695][304]Cmd: ACTOR DELETE
[2017.10.23-09.01.33:703][304]LogEditorActor: Deleted Actor: StaticMeshActor
[2017.10.23-09.01.33:719][304]LogEditorActor: Deleted 1 Actors (0.024 secs)
[2017.10.23-09.01.34:001][336]LogEditorViewport: Clicking on Actor (LMB): StaticMeshActor (Cube276)
[2017.10.23-09.01.34:170][348]Cmd: DELETE
[2017.10.23-09.01.34:170][348]Cmd: ACTOR DELETE
[2017.10.23-09.01.34:178][348]LogEditorActor: Deleted Actor: StaticMeshActor
[2017.10.23-09.01.34:193][348]LogEditorActor: Deleted 1 Actors (0.023 secs)
[2017.10.23-09.01.34:417][373]LogEditorViewport: Clicking on Actor (LMB): StaticMeshActor (Cube277)
[2017.10.23-09.01.34:541][381]Cmd: DELETE
[2017.10.23-09.01.34:541][381]Cmd: ACTOR DELETE
[2017.10.23-09.01.34:549][381]LogEditorActor: Deleted Actor: StaticMeshActor
[2017.10.23-09.01.34:568][381]LogEditorActor: Deleted 1 Actors (0.026 secs)
[2017.10.23-09.01.34:843][412]LogEditorViewport: Clicking on Actor (LMB): StaticMeshActor (Cube278)
[2017.10.23-09.01.34:927][415]Cmd: DELETE
[2017.10.23-09.01.34:927][415]Cmd: ACTOR DELETE
[2017.10.23-09.01.34:936][415]LogEditorActor: Deleted Actor: StaticMeshActor
[2017.10.23-09.01.34:952][415]LogEditorActor: Deleted 1 Actors (0.024 secs)
[2017.10.23-09.01.35:284][453]LogEditorViewport: Clicking on Actor (LMB): StaticMeshActor (Cube279)
[2017.10.23-09.01.35:473][467]Cmd: DELETE
[2017.10.23-09.01.35:473][467]Cmd: ACTOR DELETE
[2017.10.23-09.01.35:481][467]LogEditorActor: Deleted Actor: StaticMeshActor
[2017.10.23-09.01.35:498][467]LogEditorActor: Deleted 1 Actors (0.025 secs)
[2017.10.23-09.01.35:929][516]LogEditorViewport: Clicking on Actor (LMB): StaticMeshActor (Cube287)
[2017.10.23-09.01.36:103][531]Cmd: DELETE
[2017.10.23-09.01.36:103][531]Cmd: ACTOR DELETE
[2017.10.23-09.01.36:110][531]LogEditorActor: Deleted Actor: StaticMeshActor
[2017.10.23-09.01.36:129][531]LogEditorActor: Deleted 1 Actors (0.026 secs)
[2017.10.23-09.01.36:460][569]LogEditorViewport: Clicking on Actor (LMB): StaticMeshActor (Cube286)
[2017.10.23-09.01.36:640][583]Cmd: DELETE
[2017.10.23-09.01.36:640][583]Cmd: ACTOR DELETE
[2017.10.23-09.01.36:648][583]LogEditorActor: Deleted Actor: StaticMeshActor
[2017.10.23-09.01.36:665][583]LogEditorActor: Deleted 1 Actors (0.025 secs)
[2017.10.23-09.01.36:926][612]LogEditorViewport: Clicking on Actor (LMB): StaticMeshActor (Cube285)
[2017.10.23-09.01.37:179][636]Cmd: DELETE
[2017.10.23-09.01.37:179][636]Cmd: ACTOR DELETE
[2017.10.23-09.01.37:186][636]LogEditorActor: Deleted Actor: StaticMeshActor
[2017.10.23-09.01.37:202][636]LogEditorActor: Deleted 1 Actors (0.024 secs)
[2017.10.23-09.01.37:641][687]LogEditorViewport: Clicking on Actor (LMB): StaticMeshActor (Cube284)
[2017.10.23-09.01.37:793][699]Cmd: DELETE
[2017.10.23-09.01.37:793][699]Cmd: ACTOR DELETE
[2017.10.23-09.01.37:801][699]LogEditorActor: Deleted Actor: StaticMeshActor
[2017.10.23-09.01.37:817][699]LogEditorActor: Deleted 1 Actors (0.024 secs)
[2017.10.23-09.01.38:073][728]LogEditorViewport: Clicking on Actor (LMB): StaticMeshActor (Cube283)
[2017.10.23-09.01.38:187][735]Cmd: DELETE
[2017.10.23-09.01.38:187][735]Cmd: ACTOR DELETE
[2017.10.23-09.01.38:196][735]LogEditorActor: Deleted Actor: StaticMeshActor
[2017.10.23-09.01.38:212][735]LogEditorActor: Deleted 1 Actors (0.025 secs)
[2017.10.23-09.01.38:526][771]LogEditorViewport: Clicking on Actor (LMB): StaticMeshActor (Cube282)
[2017.10.23-09.01.38:629][776]Cmd: DELETE
[2017.10.23-09.01.38:629][776]Cmd: ACTOR DELETE
[2017.10.23-09.01.38:640][776]LogEditorActor: Deleted Actor: StaticMeshActor
[2017.10.23-09.01.38:661][776]LogEditorActor: Deleted 1 Actors (0.032 secs)
[2017.10.23-09.01.39:008][816]LogEditorViewport: Clicking on Actor (LMB): StaticMeshActor (Cube281)
[2017.10.23-09.01.39:067][817]Cmd: DELETE
[2017.10.23-09.01.39:067][817]Cmd: ACTOR DELETE
[2017.10.23-09.01.39:075][817]LogEditorActor: Deleted Actor: StaticMeshActor
[2017.10.23-09.01.39:093][817]LogEditorActor: Deleted 1 Actors (0.026 secs)
[2017.10.23-09.01.39:476][861]LogEditorViewport: Clicking on Actor (LMB): StaticMeshActor (Cube280)
[2017.10.23-09.01.39:512][861]Cmd: DELETE
[2017.10.23-09.01.39:512][861]Cmd: ACTOR DELETE
[2017.10.23-09.01.39:520][861]LogEditorActor: Deleted Actor: StaticMeshActor
[2017.10.23-09.01.39:536][861]LogEditorActor: Deleted 1 Actors (0.024 secs)
[2017.10.23-09.01.47:841][845]LogEditorViewport: Clicking on Actor (LMB): StaticMeshActor (SM_RL_Pillar4)
[2017.10.23-09.01.51:897][259]LogEditorViewport: Clicking on Actor (LMB): StaticMeshActor (SM_RL_Pillar5)
[2017.10.23-09.02.08:706][ 86]LogEditorViewport: Clicking on Actor (LMB): StaticMeshActor (SM_RL_Pillar6)
[2017.10.23-09.02.11:876][426]LogEditorViewport: Clicking on Actor (LMB): StaticMeshActor (SM_RL_Pillar6)
[2017.10.23-09.03.42:165][400]LogEditorViewport: Clicking on Actor (LMB): StaticMeshActor (SM_RL_Pillar)
[2017.10.23-09.03.42:766][461]LogEditorViewport: Clicking on Actor (CTRL LMB): StaticMeshActor (SM_RL_Pillar2)
[2017.10.23-09.03.50:818][382]Cmd: SELECT NONE
[2017.10.23-09.04.04:979][156]LogEditorViewport: Clicking on Actor (LMB): StaticMeshActor (SM_RL_Pillar4)
[2017.10.23-09.05.50:204][691]LogD3D11RHI: Timed out while waiting for GPU to catch up. (0.5 s)
[2017.10.23-09.06.17:128][919]LogEditorFactories: Performing atomic reimport of [C:/Users/Uses/Desktop/research lab/wall/SM_RL_Pillar.FBX]
[2017.10.23-09.06.17:147][919]LogFbx: Loading FBX Scene from C:/Users/Uses/Desktop/research lab/wall/SM_RL_Pillar.FBX
[2017.10.23-09.06.17:153][919]LogFbx: FBX Scene Loaded Succesfully
[2017.10.23-09.06.17:156][919]LogFbx:Warning: Triangulating static mesh SM_RL_Pillar006
[2017.10.23-09.06.17:170][919]LogStaticMesh: Building static mesh SM_RL_Pillar...
[2017.10.23-09.06.17:173][919]LogStaticMesh: Built static mesh [0.00s] /Game/Art/Environment/ResearchLab/SM_RL_Pillar.SM_RL_Pillar
[2017.10.23-09.06.17:207][919]LogEditorFactories: -- imported successfully
[2017.10.23-09.08.15:915][849]LogEditorFactories: Performing atomic reimport of [C:/Users/Uses/Desktop/research lab/wall/SM_RL_Pillar.FBX]
[2017.10.23-09.08.15:934][849]LogFbx: Loading FBX Scene from C:/Users/Uses/Desktop/research lab/wall/SM_RL_Pillar.FBX
[2017.10.23-09.08.15:941][849]LogFbx: FBX Scene Loaded Succesfully
[2017.10.23-09.08.15:943][849]LogFbx:Warning: Triangulating static mesh SM_RL_Pillar006
[2017.10.23-09.08.15:957][849]LogStaticMesh: Building static mesh SM_RL_Pillar...
[2017.10.23-09.08.15:959][849]LogStaticMesh: Built static mesh [0.00s] /Game/Art/Environment/ResearchLab/SM_RL_Pillar.SM_RL_Pillar
[2017.10.23-09.08.15:969][849]LogEditorFactories: -- imported successfully
[2017.10.23-09.08.31:328][130]LogEditorFactories: Performing atomic reimport of [C:/Users/Uses/Desktop/research lab/wall/SM_RL_Pillar.FBX]
[2017.10.23-09.08.31:346][130]LogFbx: Loading FBX Scene from C:/Users/Uses/Desktop/research lab/wall/SM_RL_Pillar.FBX
[2017.10.23-09.08.31:353][130]LogFbx: FBX Scene Loaded Succesfully
[2017.10.23-09.08.31:355][130]LogFbx:Warning: Triangulating static mesh SM_RL_Pillar006
[2017.10.23-09.08.31:369][130]LogStaticMesh: Building static mesh SM_RL_Pillar...
[2017.10.23-09.08.31:372][130]LogStaticMesh: Built static mesh [0.00s] /Game/Art/Environment/ResearchLab/SM_RL_Pillar.SM_RL_Pillar
[2017.10.23-09.08.31:381][130]LogEditorFactories: -- imported successfully
[2017.10.23-09.10.17:986][871]LogEditorViewport: Clicking on Actor (LMB): StaticMeshActor (Cone12)
[2017.10.23-09.10.21:490][224]Cmd: TRANSACTION UNDO
[2017.10.23-09.10.21:490][224]LogEditorTransaction: Undo Move Actors
[2017.10.23-09.12.27:193][ 29]LogEditorViewport: Clicking on Actor (LMB): StaticMeshActor (SEBBYPLUSH3)
[2017.10.23-09.25.58:739][179]LogEditorViewport: Clicking on Actor (LMB): StaticMeshActor (SM_RL_Pillar4)
[2017.10.23-09.26.00:848][337]LogEditorFactories: Performing atomic reimport of [C:/Users/Uses/Desktop/research lab/wall/SM_RL_Pillar.FBX]
[2017.10.23-09.26.00:865][337]LogFbx: Loading FBX Scene from C:/Users/Uses/Desktop/research lab/wall/SM_RL_Pillar.FBX
[2017.10.23-09.26.00:872][337]LogFbx: FBX Scene Loaded Succesfully
[2017.10.23-09.26.00:874][337]LogFbx:Warning: Triangulating static mesh SM_RL_Pillar006
[2017.10.23-09.26.00:889][337]LogStaticMesh: Building static mesh SM_RL_Pillar...
[2017.10.23-09.26.00:893][337]LogStaticMesh: Built static mesh [0.00s] /Game/Art/Environment/ResearchLab/SM_RL_Pillar.SM_RL_Pillar
[2017.10.23-09.26.00:936][337]LogEditorFactories: -- imported successfully
[2017.10.23-09.26.05:796][848]LogEditorViewport: Clicking on Actor (LMB): StaticMeshActor (SM_RL_Pillar3)
[2017.10.23-09.26.09:312][218]LogEditorViewport: Clicking on Actor (CTRL LMB): StaticMeshActor (SM_RL_Pillar4)
[2017.10.23-09.26.18:999][277]LogEditorViewport: Clicking on Actor (LMB): StaticMeshActor (SM_RL_Pillar5)
[2017.10.23-09.26.22:402][640]LogEditorViewport: Clicking on Actor (CTRL LMB): StaticMeshActor (SM_RL_Pillar6)
[2017.10.23-09.28.44:588][121]LogEditorViewport: Clicking on Actor (LMB): StaticMeshActor (SM_RL_Wall19)
[2017.10.23-09.30.30:057][633]LogEditorViewport: Clicking on Actor (LMB): StaticMeshActor (SM_RL_Entrance)
[2017.10.23-09.31.08:779][683]LogEditorViewport: Clicking on Actor (LMB): StaticMeshActor (SM_RL_Wall20)
[2017.10.23-09.31.24:587][328]Cmd: SELECT NONE
[2017.10.23-09.31.25:959][468]LogEditorViewport: Clicking on Actor (LMB): StaticMeshActor (SM_RL_Wall27)
[2017.10.23-09.31.30:975][ 37]Cmd: TRANSACTION UNDO
[2017.10.23-09.31.30:975][ 37]LogEditorTransaction: Undo Move Actors
[2017.10.23-09.31.36:996][627]Cmd: TRANSACTION UNDO
[2017.10.23-09.31.36:996][627]LogEditorTransaction: Undo Move Actors
[2017.10.23-09.31.48:715][266]Cmd: SELECT NONE
[2017.10.23-09.31.57:425][600]LogEditorViewport: Clicking on Actor (LMB): StaticMeshActor (SM_RL_Wall27)
[2017.10.23-09.32.00:702][922]LogEditorViewport: Clicking on Actor (LMB): StaticMeshActor (SM_RL_Wall24)
[2017.10.23-09.32.19:978][606]Cmd: SELECT NONE
[2017.10.23-10.34.33:549][ 40]LogEditorViewport: Clicking on Actor (LMB): SpaceBP_C (SpaceBP)
[2017.10.23-10.34.34:704][129]LogEditorViewport: Clicking on Actor (LMB): StaticMeshActor (SM_RL_Pillar)
[2017.10.23-10.34.52:111][505]LogSavePackage: Save=88.47ms
[2017.10.23-10.34.52:111][505]LogSavePackage: Moving '../../../../../../Users/Uses/Desktop/FYP/FYP_DumbTesting/Meeting/Saved/SM_RL_PillarDD0734B744381B5967E4D283B90CDFBD.tmp' to '../../../../../../Users/Uses/Desktop/FYP/FYP_DumbTesting/Meeting/Content/Art/Environment/ResearchLab/SM_RL_Pillar.uasset'
[2017.10.23-10.34.52:138][505]LogSavePackage:Display: Finished SavePackage ../../../../../../Users/Uses/Desktop/FYP/FYP_DumbTesting/Meeting/Content/Art/Environment/ResearchLab/SM_RL_Pillar.uasset
[2017.10.23-10.34.55:330][505]LogSlate: Took 0.000163 seconds to synchronously load lazily loaded font '../../../Engine/Content/Slate/Fonts/Roboto-Regular.ttf' (155K)
[2017.10.23-10.34.55:689][505]LogSavePackage: Save=3296.83ms
[2017.10.23-10.34.55:689][505]LogSavePackage: Moving '../../../../../../Users/Uses/Desktop/FYP/FYP_DumbTesting/Meeting/Saved/MockUp_Map3C5F475541D8878F84B41E8E003C1CFF.tmp' to '../../../../../../Users/Uses/Desktop/FYP/FYP_DumbTesting/Meeting/Content/ThirdPersonBP/Maps/MockUp_Map.umap'
[2017.10.23-10.34.55:697][505]LogSavePackage:Display: Finished SavePackage ../../../../../../Users/Uses/Desktop/FYP/FYP_DumbTesting/Meeting/Content/ThirdPersonBP/Maps/MockUp_Map.umap
[2017.10.23-10.34.55:846][505]LogFileHelpers: Saving map 'MockUp_Map' took 3.706
[2017.10.23-10.34.56:337][506]Cmd: QUIT_EDITOR
[2017.10.23-10.34.56:496][506]LogWindowsTextInputMethodSystem:Display: IME system now deactivated.
[2017.10.23-10.34.56:529][506]LogExit: Preparing to exit.
[2017.10.23-10.34.57:595][506]LogDirectoryWatcher: A directory notification for 'C:/Users/Uses/Desktop/FYP/FYP_DumbTesting/Meeting/Content/' was aborted.
[2017.10.23-10.34.58:055][506]LogExit: Editor shut down
[2017.10.23-10.34.58:059][506]LogExit: Transaction tracking system shut down
[2017.10.23-10.35.00:647][506]LogObj: Freed 0b from 0 cluster array pools.
[2017.10.23-10.35.00:649][506]LogExit: Object subsystem successfully closed.
[2017.10.23-10.35.00:852][506]LogD3D11RHI: Shutdown
[2017.10.23-10.35.00:852][506]LogD3D11RHI: CleanupD3DDevice
[2017.10.23-10.35.01:215][506]LogD3D11RHI: ~FD3D11DynamicRHI
[2017.10.23-10.35.02:414][506]LogModuleManager: Shutting down and abandoning module HierarchicalLODOutliner (500)
[2017.10.23-10.35.02:414][506]LogModuleManager: Shutting down and abandoning module CrashTracker (498)
[2017.10.23-10.35.02:414][506]LogModuleManager: Shutting down and abandoning module SceneOutliner (496)
[2017.10.23-10.35.02:414][506]LogModuleManager: Shutting down and abandoning module AddContentDialog (494)
[2017.10.23-10.35.02:423][506]LogDirectoryWatcher: A directory notification for 'C:/Program Files/Epic Games/UE_4.15/FeaturePacks/' was aborted.
[2017.10.23-10.35.02:445][506]LogModuleManager: Shutting down and abandoning module WidgetCarousel (493)
[2017.10.23-10.35.02:445][506]LogModuleManager: Shutting down and abandoning module EditorWidgets (490)
[2017.10.23-10.35.02:446][506]LogModuleManager: Shutting down and abandoning module CollectionManager (488)
[2017.10.23-10.35.02:446][506]LogDirectoryWatcher: A directory notification for 'C:/Users/Uses/Desktop/FYP/FYP_DumbTesting/Meeting/Content/Collections/' was aborted.
[2017.10.23-10.35.02:446][506]LogDirectoryWatcher: A directory notification for 'C:/Users/Uses/Desktop/FYP/FYP_DumbTesting/Meeting/Content/Developers/Uses/Collections/' was aborted.
[2017.10.23-10.35.02:446][506]LogDirectoryWatcher: A directory notification for 'C:/Users/Uses/Desktop/FYP/FYP_DumbTesting/Meeting/Saved/Collections/' was aborted.
[2017.10.23-10.35.02:447][506]LogModuleManager: Shutting down and abandoning module StatsViewer (486)
[2017.10.23-10.35.02:554][506]LogModuleManager: Shutting down and abandoning module FoliageEdit (484)
[2017.10.23-10.35.02:567][506]LogModuleManager: Shutting down and abandoning module LandscapeEditor (482)
[2017.10.23-10.35.02:679][506]LogModuleManager: Shutting down and abandoning module SceneDepthPickerMode (480)
[2017.10.23-10.35.02:679][506]LogModuleManager: Shutting down and abandoning module ActorPickerMode (478)
[2017.10.23-10.35.02:679][506]LogModuleManager: Shutting down and abandoning module GeometryMode (476)
[2017.10.23-10.35.02:727][506]LogModuleManager: Shutting down and abandoning module TextureAlignMode (474)
[2017.10.23-10.35.02:727][506]LogModuleManager: Shutting down and abandoning module BspMode (472)
[2017.10.23-10.35.02:772][506]LogModuleManager: Shutting down and abandoning module HardwareSurvey (470)
[2017.10.23-10.35.02:783][506]LogModuleManager: Shutting down and abandoning module SequenceRecorderSections (468)
[2017.10.23-10.35.02:787][506]LogModuleManager: Shutting down and abandoning module AutomationWorker (466)
[2017.10.23-10.35.02:808][506]LogModuleManager: Shutting down and abandoning module MatineeToLevelSequence (464)
[2017.10.23-10.35.02:815][506]LogModuleManager: Shutting down and abandoning module LevelSequenceEditor (462)
[2017.10.23-10.35.03:010][506]LogModuleManager: Shutting down and abandoning module PlacementMode (461)
[2017.10.23-10.35.03:010][506]LogModuleManager: Shutting down and abandoning module WmfMediaFactory (458)
[2017.10.23-10.35.03:010][506]LogModuleManager: Shutting down and abandoning module WmfMediaEditor (456)
[2017.10.23-10.35.03:010][506]LogModuleManager: Shutting down and abandoning module MfMediaFactory (454)
[2017.10.23-10.35.03:010][506]LogModuleManager: Shutting down and abandoning module MfMediaEditor (452)
[2017.10.23-10.35.03:010][506]LogModuleManager: Shutting down and abandoning module AvfMediaFactory (450)
[2017.10.23-10.35.03:010][506]LogModuleManager: Shutting down and abandoning module AvfMediaEditor (448)
[2017.10.23-10.35.03:010][506]LogModuleManager: Shutting down and abandoning module AndroidMediaFactory (446)
[2017.10.23-10.35.03:010][506]LogModuleManager: Shutting down and abandoning module Media (445)
[2017.10.23-10.35.03:010][506]LogModuleManager: Shutting down and abandoning module AndroidMediaEditor (442)
[2017.10.23-10.35.03:010][506]LogModuleManager: Shutting down and abandoning module CharacterAI (440)
[2017.10.23-10.35.03:010][506]LogModuleManager: Shutting down and abandoning module AudioCapture (438)
[2017.10.23-10.35.03:032][506]LogModuleManager: Shutting down and abandoning module SequenceRecorder (437)
[2017.10.23-10.35.03:158][506]LogModuleManager: Shutting down and abandoning module SmartSnapping (434)
[2017.10.23-10.35.03:158][506]LogModuleManager: Shutting down and abandoning module SessionServices (432)
[2017.10.23-10.35.03:158][506]LogModuleManager: Shutting down and abandoning module ViewportSnapping (430)
[2017.10.23-10.35.03:158][506]LogModuleManager: Shutting down and abandoning module ViewportInteraction (428)
[2017.10.23-10.35.03:158][506]LogModuleManager: Shutting down and abandoning module LogVisualizer (426)
[2017.10.23-10.35.03:252][506]LogModuleManager: Shutting down and abandoning module IntroTutorials (424)
[2017.10.23-10.35.03:300][506]LogModuleManager: Shutting down and abandoning module GameProjectGeneration (423)
[2017.10.23-10.35.03:426][506]LogModuleManager: Shutting down and abandoning module EditorLiveStreaming (420)
[2017.10.23-10.35.03:426][506]LogModuleManager: Shutting down and abandoning module IOSPlatformEditor (418)
[2017.10.23-10.35.03:426][506]LogModuleManager: Shutting down and abandoning module HTML5PlatformEditor (416)
[2017.10.23-10.35.03:426][506]LogModuleManager: Shutting down and abandoning module AndroidPlatformEditor (414)
[2017.10.23-10.35.03:504][506]LogModuleManager: Shutting down and abandoning module AndroidDeviceDetection (413)
[2017.10.23-10.35.04:260][506]LogModuleManager: Shutting down and abandoning module IOSRuntimeSettings (410)
[2017.10.23-10.35.04:260][506]LogModuleManager: Shutting down and abandoning module AndroidRuntimeSettings (408)
[2017.10.23-10.35.04:260][506]LogModuleManager: Shutting down and abandoning module InputBindingEditor (406)
[2017.10.23-10.35.04:276][506]LogModuleManager: Shutting down and abandoning module NiagaraEditor (404)
[2017.10.23-10.35.04:299][506]LogModuleManager: Shutting down and abandoning module MergeActors (402)
[2017.10.23-10.35.04:303][506]LogModuleManager: Shutting down and abandoning module SizeMap (400)
[2017.10.23-10.35.04:313][506]LogModuleManager: Shutting down and abandoning module TreeMap (398)
[2017.10.23-10.35.04:326][506]LogModuleManager: Shutting down and abandoning module ReferenceViewer (396)
[2017.10.23-10.35.04:327][506]LogModuleManager: Shutting down and abandoning module LocalizationDashboard (394)
[2017.10.23-10.35.04:335][506]LogModuleManager: Shutting down and abandoning module LocalizationService (393)
[2017.10.23-10.35.04:341][506]LogModuleManager: Shutting down and abandoning module HardwareTargeting (390)
[2017.10.23-10.35.04:344][506]LogModuleManager: Shutting down and abandoning module DeviceProfileEditor (388)
[2017.10.23-10.35.04:353][506]LogModuleManager: Shutting down and abandoning module UndoHistory (386)
[2017.10.23-10.35.04:370][506]LogModuleManager: Shutting down and abandoning module UserFeedback (384)
[2017.10.23-10.35.04:370][506]LogModuleManager: Shutting down and abandoning module XmlParser (382)
[2017.10.23-10.35.04:383][506]LogModuleManager: Shutting down and abandoning module Blutility (380)
[2017.10.23-10.35.04:395][506]LogModuleManager: Shutting down and abandoning module ProjectSettingsViewer (378)
[2017.10.23-10.35.04:395][506]LogModuleManager: Shutting down and abandoning module ProjectTargetPlatformEditor (377)
[2017.10.23-10.35.04:395][506]LogModuleManager: Shutting down and abandoning module EditorSettingsViewer (374)
[2017.10.23-10.35.04:396][506]LogModuleManager: Shutting down and abandoning module SettingsEditor (372)
[2017.10.23-10.35.04:400][506]LogModuleManager: Shutting down and abandoning module ProjectLauncher (370)
[2017.10.23-10.35.04:410][506]LogModuleManager: Shutting down and abandoning module SessionFrontend (368)
[2017.10.23-10.35.04:417][506]LogModuleManager: Shutting down and abandoning module ProfilerClient (366)
[2017.10.23-10.35.04:431][506]LogModuleManager: Shutting down and abandoning module DeviceManager (364)
[2017.10.23-10.35.04:447][506]LogModuleManager: Shutting down and abandoning module TargetDeviceServices (363)
[2017.10.23-10.35.04:512][506]LogModuleManager: Shutting down and abandoning module AutomationController (360)
[2017.10.23-10.35.04:547][506]LogModuleManager: Shutting down and abandoning module AutomationWindow (358)
[2017.10.23-10.35.04:586][506]LogModuleManager: Shutting down and abandoning module Layers (356)
[2017.10.23-10.35.04:599][506]LogModuleManager: Shutting down and abandoning module ComponentVisualizers (354)
[2017.10.23-10.35.04:599][506]LogModuleManager: Shutting down and abandoning module DetailCustomizations (352)
[2017.10.23-10.35.04:610][506]LogModuleManager: Shutting down and abandoning module PackagesDialog (350)
[2017.10.23-10.35.04:610][506]LogModuleManager: Shutting down and abandoning module Persona (348)
[2017.10.23-10.35.04:627][506]LogModuleManager: Shutting down and abandoning module AnimGraph (347)
[2017.10.23-10.35.04:627][506]LogModuleManager: Shutting down and abandoning module Kismet (344)
[2017.10.23-10.35.04:643][506]LogModuleManager: Shutting down and abandoning module GraphEditor (342)
[2017.10.23-10.35.04:676][506]LogModuleManager: Shutting down and abandoning module ClassViewer (340)
[2017.10.23-10.35.04:676][506]LogModuleManager: Shutting down and abandoning module Toolbox (338)
[2017.10.23-10.35.04:681][506]LogModuleManager: Shutting down and abandoning module ModuleUI (336)
[2017.10.23-10.35.04:687][506]LogModuleManager: Shutting down and abandoning module MovieSceneTools (334)
[2017.10.23-10.35.04:697][506]LogModuleManager: Shutting down and abandoning module OutputLog (332)
[2017.10.23-10.35.04:705][506]LogModuleManager: Shutting down and abandoning module GammaUI (330)
[2017.10.23-10.35.04:708][506]LogModuleManager: Shutting down and abandoning module Documentation (328)
[2017.10.23-10.35.04:708][506]LogModuleManager: Shutting down and abandoning module Niagara (326)
[2017.10.23-10.35.04:708][506]LogModuleManager: Shutting down and abandoning module StreamingPauseRendering (324)
[2017.10.23-10.35.04:708][506]LogModuleManager: Shutting down and abandoning module AnalyticsET (322)
[2017.10.23-10.35.04:708][506]LogModuleManager: Shutting down and abandoning module PortalServices (320)
[2017.10.23-10.35.04:708][506]LogModuleManager: Shutting down and abandoning module PortalRpc (318)
[2017.10.23-10.35.04:708][506]LogModuleManager: Shutting down and abandoning module MessagingRpc (316)
[2017.10.23-10.35.04:708][506]LogModuleManager: Shutting down and abandoning module AIModule (314)
[2017.10.23-10.35.04:711][506]LogModuleManager: Shutting down and abandoning module GameplayDebugger (313)
[2017.10.23-10.35.04:716][506]LogModuleManager: Shutting down and abandoning module AITestSuite (311)
[2017.10.23-10.35.04:716][506]LogModuleManager: Shutting down and abandoning module ProfilerService (308)
[2017.10.23-10.35.04:877][506]LogModuleManager: Shutting down and abandoning module TaskGraph (306)
[2017.10.23-10.35.04:918][506]LogModuleManager: Shutting down and abandoning module SteamVRController (304)
[2017.10.23-10.35.04:918][506]LogModuleManager: Shutting down and abandoning module SteamVR (302)
[2017.10.23-10.35.04:918][506]LogModuleManager: Shutting down and abandoning module ProceduralMeshComponentEditor (300)
[2017.10.23-10.35.04:918][506]LogModuleManager: Shutting down and abandoning module ProceduralMeshComponent (298)
[2017.10.23-10.35.04:926][506]LogModuleManager: Shutting down and abandoning module OculusLibrary (296)
[2017.10.23-10.35.04:926][506]LogModuleManager: Shutting down and abandoning module OculusInput (294)
[2017.10.23-10.35.04:926][506]LogModuleManager: Shutting down and abandoning module MobilePatchingUtils (292)
[2017.10.23-10.35.04:926][506]LogModuleManager: Shutting down and abandoning module CustomMeshComponent (290)
[2017.10.23-10.35.04:926][506]LogModuleManager: Shutting down and abandoning module CableComponent (288)
[2017.10.23-10.35.04:937][506]LogModuleManager: Shutting down and abandoning module ArchVisCharacter (286)
[2017.10.23-10.35.04:937][506]LogModuleManager: Shutting down and abandoning module MediaPlayerEditor (282)
[2017.10.23-10.35.04:949][506]LogModuleManager: Shutting down and abandoning module HTML5Networking (280)
[2017.10.23-10.35.04:949][506]LogModuleManager: Shutting down and abandoning module AlembicImporter (278)
[2017.10.23-10.35.04:955][506]LogModuleManager: Shutting down and abandoning module AlembicLibrary (277)
[2017.10.23-10.35.04:955][506]LogModuleManager: Shutting down and abandoning module GeometryCache (276)
[2017.10.23-10.35.04:957][506]LogModuleManager: Shutting down and abandoning module GeometryCacheEd (275)
[2017.10.23-10.35.04:957][506]LogModuleManager: Shutting down and abandoning module SuperSearchEditor (270)
[2017.10.23-10.35.04:957][506]LogModuleManager: Shutting down and abandoning module SuperSearch (269)
[2017.10.23-10.35.04:957][506]LogModuleManager: Shutting down and abandoning module SpeedTreeImporter (266)
[2017.10.23-10.35.04:957][506]LogModuleManager: Shutting down and abandoning module PluginBrowser (264)
[2017.10.23-10.35.04:965][506]LogModuleManager: Shutting down and abandoning module MobileLauncherProfileWizard (262)
[2017.10.23-10.35.04:969][506]LogModuleManager: Shutting down and abandoning module EpicSurvey (260)
[2017.10.23-10.35.04:969][506]LogModuleManager: Shutting down and abandoning module VisualStudioSourceCodeAccess (258)
[2017.10.23-10.35.04:969][506]LogModuleManager: Shutting down and abandoning module DesktopPlatform (257)
[2017.10.23-10.35.04:980][506]LogModuleManager: Shutting down and abandoning module UObjectPlugin (254)
[2017.10.23-10.35.04:980][506]LogModuleManager: Shutting down and abandoning module SubversionSourceControl (252)
[2017.10.23-10.35.04:987][506]LogModuleManager: Shutting down and abandoning module PerforceSourceControl (250)
[2017.10.23-10.35.04:997][506]LogModuleManager: Shutting down and abandoning module GitSourceControl (248)
[2017.10.23-10.35.05:007][506]LogModuleManager: Shutting down and abandoning module SourceControl (247)
[2017.10.23-10.35.05:014][506]LogModuleManager: Shutting down and abandoning module LightPropagationVolumeEditor (244)
[2017.10.23-10.35.05:014][506]LogModuleManager: Shutting down and abandoning module PaperTiledImporter (242)
[2017.10.23-10.35.05:014][506]LogModuleManager: Shutting down and abandoning module PaperSpriteSheetImporter (240)
[2017.10.23-10.35.05:014][506]LogModuleManager: Shutting down and abandoning module Paper2DEditor (238)
[2017.10.23-10.35.05:028][506]LogModuleManager: Shutting down and abandoning module MeshPaint (237)
[2017.10.23-10.35.05:034][506]LogModuleManager: Shutting down and abandoning module LevelEditor (235)
[2017.10.23-10.35.05:044][506]LogModuleManager: Shutting down and abandoning module PixelInspectorModule (234)
[2017.10.23-10.35.05:053][506]LogModuleManager: Shutting down and abandoning module MainFrame (232)
[2017.10.23-10.35.05:053][506]LogModuleManager: Shutting down and abandoning module HotReload (231)
[2017.10.23-10.35.05:057][506]LogDirectoryWatcher: A directory notification for 'C:/Users/Uses/Desktop/FYP/FYP_DumbTesting/Meeting/Binaries/Win64' was aborted.
[2017.10.23-10.35.05:058][506]LogModuleManager: Shutting down and abandoning module ContentBrowser (227)
[2017.10.23-10.35.05:060][506]LogModuleManager: Shutting down and abandoning module Meeting (224)
[2017.10.23-10.35.05:060][506]LogModuleManager: Shutting down and abandoning module PhysXVehiclesEditor (222)
[2017.10.23-10.35.05:062][506]LogModuleManager: Shutting down and abandoning module PhysXVehicles (220)
[2017.10.23-10.35.05:062][506]LogModuleManager: Shutting down and abandoning module LocationServicesBPLibrary (218)
[2017.10.23-10.35.05:062][506]LogModuleManager: Shutting down and abandoning module UdpMessaging (216)
[2017.10.23-10.35.05:163][506]LogModuleManager: Shutting down and abandoning module TcpMessaging (214)
[2017.10.23-10.35.05:285][506]LogModuleManager: Shutting down and abandoning module GameplayTagsEditor (212)
[2017.10.23-10.35.05:322][506]LogModuleManager: Shutting down and abandoning module FacialAnimationEditor (210)
[2017.10.23-10.35.05:339][506]LogModuleManager: Shutting down and abandoning module FacialAnimation (208)
[2017.10.23-10.35.05:339][506]LogModuleManager: Shutting down and abandoning module LightPropagationVolumeRuntime (206)
[2017.10.23-10.35.05:339][506]LogModuleManager: Shutting down and abandoning module Paper2D (204)
[2017.10.23-10.35.05:346][506]LogModuleManager: Shutting down and abandoning module WindowsMoviePlayer (202)
[2017.10.23-10.35.05:355][506]LogModuleManager: Shutting down and abandoning module WmfMedia (200)
[2017.10.23-10.35.05:358][506]LogModuleManager: Shutting down and abandoning module MfMedia (198)
[2017.10.23-10.35.05:358][506]LogModuleManager: Shutting down and abandoning module MediaAssets (196)
[2017.10.23-10.35.05:358][506]LogModuleManager: Shutting down and abandoning module GameLiveStreaming (194)
[2017.10.23-10.35.05:364][506]LogModuleManager: Shutting down and abandoning module VREditor (192)
[2017.10.23-10.35.05:364][506]LogModuleManager: Shutting down and abandoning module GameplayTasksEditor (190)
[2017.10.23-10.35.05:364][506]LogModuleManager: Shutting down and abandoning module BehaviorTreeEditor (188)
[2017.10.23-10.35.05:450][506]LogModuleManager: Shutting down and abandoning module FunctionalTesting (186)
[2017.10.23-10.35.05:459][506]LogModuleManager: Shutting down and abandoning module CollisionAnalyzer (184)
[2017.10.23-10.35.05:466][506]LogModuleManager: Shutting down and abandoning module UMG (182)
[2017.10.23-10.35.05:470][506]LogModuleManager: Shutting down and abandoning module UMGEditor (181)
[2017.10.23-10.35.05:488][506]LogModuleManager: Shutting down and abandoning module Sequencer (180)
[2017.10.23-10.35.05:505][506]LogModuleManager: Shutting down and abandoning module AssetTools (178)
[2017.10.23-10.35.05:514][506]LogModuleManager: Shutting down and abandoning module MessageLog (177)
[2017.10.23-10.35.05:514][506]LogModuleManager: Shutting down and abandoning module WorkspaceMenuStructure (176)
[2017.10.23-10.35.05:514][506]LogModuleManager: Shutting down and abandoning module SlateReflector (170)
[2017.10.23-10.35.05:525][506]LogModuleManager: Shutting down and abandoning module Slate (168)
[2017.10.23-10.35.05:525][506]LogModuleManager: Shutting down and abandoning module EditorStyle (166)
[2017.10.23-10.35.05:528][506]LogModuleManager: Shutting down and abandoning module SourceCodeAccess (164)
[2017.10.23-10.35.05:531][506]LogModuleManager: Shutting down and abandoning module HeadMountedDisplay (162)
[2017.10.23-10.35.05:531][506]LogModuleManager: Shutting down and abandoning module XAudio2 (160)
[2017.10.23-10.35.05:531][506]LogModuleManager: Shutting down and abandoning module Networking (158)
[2017.10.23-10.35.05:531][506]LogModuleManager: Shutting down and abandoning module Core (154)
[2017.10.23-10.35.05:531][506]LogModuleManager: Shutting down and abandoning module AssetRegistry (152)
[2017.10.23-10.35.05:787][506]LogDirectoryWatcher: A directory notification for '../../../Engine/Content/' was aborted.
[2017.10.23-10.35.05:788][506]LogDirectoryWatcher: A directory notification for '../../../../../../Users/Uses/Desktop/FYP/FYP_DumbTesting/Meeting/Content/' was aborted.
[2017.10.23-10.35.05:788][506]LogDirectoryWatcher: A directory notification for '../../../Engine/Plugins/2D/Paper2D/Content/' was aborted.
[2017.10.23-10.35.05:798][506]LogModuleManager: Shutting down and abandoning module DirectoryWatcher (151)
[2017.10.23-10.35.05:805][506]LogModuleManager: Shutting down and abandoning module KismetCompiler (148)
[2017.10.23-10.35.05:805][506]LogModuleManager: Shutting down and abandoning module PhysXFormats (146)
[2017.10.23-10.35.05:805][506]LogModuleManager: Shutting down and abandoning module MeshUtilities (144)
[2017.10.23-10.35.05:871][506]LogModuleManager: Shutting down and abandoning module SimplygonSwarm (143)
[2017.10.23-10.35.05:927][506]LogModuleManager: Shutting down and abandoning module SimplygonMeshReduction (141)
[2017.10.23-10.35.05:927][506]LogModuleManager: Shutting down and abandoning module QuadricMeshReduction (139)
[2017.10.23-10.35.05:930][506]LogModuleManager: Shutting down and abandoning module PropertyEditor (137)
[2017.10.23-10.35.05:930][506]LogModuleManager: Shutting down and abandoning module DerivedDataCache (134)
[2017.10.23-10.35.05:965][506]LogDerivedDataCache: Shutdown
[2017.10.23-10.35.05:966][506]LogModuleManager: Shutting down and abandoning module TargetPlatform (132)
[2017.10.23-10.35.05:966][506]LogModuleManager: Shutting down and abandoning module VulkanShaderFormat (131)
[2017.10.23-10.35.05:974][506]LogModuleManager: Shutting down and abandoning module ShaderFormatOpenGL (129)
[2017.10.23-10.35.05:981][506]LogModuleManager: Shutting down and abandoning module ShaderFormatD3D (127)
[2017.10.23-10.35.05:985][506]LogModuleManager: Shutting down and abandoning module MetalShaderFormat (125)
[2017.10.23-10.35.05:993][506]LogModuleManager: Shutting down and abandoning module TextureFormatUncompressed (123)
[2017.10.23-10.35.05:993][506]LogModuleManager: Shutting down and abandoning module TextureFormatPVR (121)
[2017.10.23-10.35.05:993][506]LogModuleManager: Shutting down and abandoning module TextureFormatDXT (119)
[2017.10.23-10.35.06:004][506]LogModuleManager: Shutting down and abandoning module TextureFormatIntelISPCTexComp (117)
[2017.10.23-10.35.06:021][506]LogModuleManager: Shutting down and abandoning module TextureFormatASTC (115)
[2017.10.23-10.35.06:021][506]LogModuleManager: Shutting down and abandoning module ImageWrapper (114)
[2017.10.23-10.35.06:021][506]LogModuleManager: Shutting down and abandoning module TextureFormatAndroid (111)
[2017.10.23-10.35.06:022][506]LogModuleManager: Shutting down and abandoning module AudioFormatOpus (109)
[2017.10.23-10.35.06:034][506]LogModuleManager: Shutting down and abandoning module AudioFormatOgg (107)
[2017.10.23-10.35.06:034][506]LogModuleManager: Shutting down and abandoning module AudioFormatADPCM (105)
[2017.10.23-10.35.06:034][506]LogModuleManager: Shutting down and abandoning module LinuxTargetPlatform (103)
[2017.10.23-10.35.06:034][506]LogModuleManager: Shutting down and abandoning module LinuxServerTargetPlatform (101)
[2017.10.23-10.35.06:034][506]LogModuleManager: Shutting down and abandoning module LinuxNoEditorTargetPlatform (99)
[2017.10.23-10.35.06:034][506]LogModuleManager: Shutting down and abandoning module LinuxClientTargetPlatform (97)
[2017.10.23-10.35.06:034][506]LogModuleManager: Shutting down and abandoning module TVOSTargetPlatform (95)
[2017.10.23-10.35.06:034][506]LogModuleManager: Shutting down and abandoning module Messaging (93)
[2017.10.23-10.35.06:034][506]LogModuleManager: Shutting down and abandoning module IOSTargetPlatform (91)
[2017.10.23-10.35.06:034][506]LogModuleManager: Shutting down and abandoning module HTML5TargetPlatform (89)
[2017.10.23-10.35.06:034][506]LogModuleManager: Shutting down and abandoning module Android_PVRTCTargetPlatform (87)
[2017.10.23-10.35.06:034][506]LogModuleManager: Shutting down and abandoning module Android_MultiTargetPlatform (85)
[2017.10.23-10.35.06:034][506]LogModuleManager: Shutting down and abandoning module Android_ETC2TargetPlatform (83)
[2017.10.23-10.35.06:034][506]LogModuleManager: Shutting down and abandoning module Android_ETC1TargetPlatform (81)
[2017.10.23-10.35.06:035][506]LogModuleManager: Shutting down and abandoning module Android_DXTTargetPlatform (79)
[2017.10.23-10.35.06:035][506]LogModuleManager: Shutting down and abandoning module Android_ATCTargetPlatform (77)
[2017.10.23-10.35.06:035][506]LogModuleManager: Shutting down and abandoning module Android_ASTCTargetPlatform (75)
[2017.10.23-10.35.06:035][506]LogModuleManager: Shutting down and abandoning module AndroidTargetPlatform (73)
[2017.10.23-10.35.06:035][506]LogModuleManager: Shutting down and abandoning module WindowsTargetPlatform (71)
[2017.10.23-10.35.06:035][506]LogModuleManager: Shutting down and abandoning module WindowsServerTargetPlatform (69)
[2017.10.23-10.35.06:035][506]LogModuleManager: Shutting down and abandoning module WindowsNoEditorTargetPlatform (67)
[2017.10.23-10.35.06:035][506]LogModuleManager: Shutting down and abandoning module WindowsClientTargetPlatform (65)
[2017.10.23-10.35.06:036][506]LogModuleManager: Shutting down and abandoning module MacTargetPlatform (63)
[2017.10.23-10.35.06:036][506]LogModuleManager: Shutting down and abandoning module MacServerTargetPlatform (61)
[2017.10.23-10.35.06:036][506]LogModuleManager: Shutting down and abandoning module MacNoEditorTargetPlatform (59)
[2017.10.23-10.35.06:036][506]LogModuleManager: Shutting down and abandoning module MacClientTargetPlatform (57)
[2017.10.23-10.35.06:036][506]LogModuleManager: Shutting down and abandoning module AllDesktopTargetPlatform (55)
[2017.10.23-10.35.06:036][506]LogModuleManager: Shutting down and abandoning module InputCore (52)
[2017.10.23-10.35.06:036][506]LogModuleManager: Shutting down and abandoning module Settings (50)
[2017.10.23-10.35.06:036][506]LogModuleManager: Shutting down and abandoning module OculusRift (48)
[2017.10.23-10.35.06:051][506]LogModuleManager: Shutting down and abandoning module GearVR (46)
[2017.10.23-10.35.06:051][506]LogModuleManager: Shutting down and abandoning module ExampleDeviceProfileSelector (44)
[2017.10.23-10.35.06:051][506]LogModuleManager: Shutting down and abandoning module OnlineBlueprintSupport (42)
[2017.10.23-10.35.06:051][506]LogModuleManager: Shutting down and abandoning module OnlineSubsystem (38)
[2017.10.23-10.35.06:051][506]LogOnline:Display: Unloading online subsystem: NULL
[2017.10.23-10.35.06:073][506]LogModuleManager: Shutting down and abandoning module XMPP (37)
[2017.10.23-10.35.06:086][506]LogModuleManager: Shutting down and abandoning module HTTP (35)
[2017.10.23-10.35.06:095][506]LogHttp:Display: Http module shutting down, but needs to wait on 1 outstanding Http requests:
[2017.10.23-10.35.06:095][506]LogHttp:Display: 	verb=[POST] url=[https://datarouter.ol.epicgames.com/datarouter/api/v1/public/data?SessionID=%7BDFAC6272-484D-EF9D-1F35-8F93300F54C9%7D&AppID=UEEditor.Rocket.Release&AppVersion=4.15.3-3450819%2B%2B%2BUE4%2BRelease-4.15&UserID=ff5c9ed64219dcba232116aaa96ada53%7C658f3e819b6947628c70988c832621f1%7Cf581c966-c11e-46b0-983f-6267ea7ead98&AppEnvironment=datacollector-binary&UploadType=eteventstream] status=Processing
[2017.10.23-10.35.06:128][506]LogModuleManager: Shutting down and abandoning module SSL (34)
[2017.10.23-10.35.06:136][506]LogModuleManager: Shutting down and abandoning module AudioEditor (30)
[2017.10.23-10.35.06:146][506]LogModuleManager: Shutting down and abandoning module TextureCompressor (28)
[2017.10.23-10.35.06:164][506]LogModuleManager: Shutting down and abandoning module ShaderCore (26)
[2017.10.23-10.35.06:164][506]LogModuleManager: Shutting down and abandoning module Landscape (24)
[2017.10.23-10.35.06:164][506]LogModuleManager: Shutting down and abandoning module SlateRHIRenderer (22)
[2017.10.23-10.35.06:183][506]LogModuleManager: Shutting down and abandoning module OpenGLDrv (20)
[2017.10.23-10.35.06:194][506]LogModuleManager: Shutting down and abandoning module D3D11RHI (18)
[2017.10.23-10.35.06:194][506]LogModuleManager: Shutting down and abandoning module AnimGraphRuntime (16)
[2017.10.23-10.35.06:200][506]LogModuleManager: Shutting down and abandoning module Renderer (14)
[2017.10.23-10.35.06:200][506]LogModuleManager: Shutting down and abandoning module Engine (12)
[2017.10.23-10.35.06:200][506]LogModuleManager: Shutting down and abandoning module CoreUObject (10)
[2017.10.23-10.35.06:200][506]LogModuleManager: Shutting down and abandoning module NetworkFile (8)
[2017.10.23-10.35.06:207][506]LogModuleManager: Shutting down and abandoning module StreamingFile (6)
[2017.10.23-10.35.06:211][506]LogModuleManager: Shutting down and abandoning module SandboxFile (4)
[2017.10.23-10.35.06:211][506]LogModuleManager: Shutting down and abandoning module PakFile (2)
[2017.10.23-10.35.06:227][506]LogExit: Exiting.
[2017.10.23-10.35.06:236][506]Log file closed, 10/23/17 18:35:06
