Log file open, 10/03/17 01:57:36
LogInit:Display: Running engine for game: Meeting
LogPlatformFile: Not using cached read wrapper
LogInit:Display: RandInit(-1666280630) SRandInit(-1666280630).
LogTaskGraph: Started task graph with 5 named threads and 8 total threads with 1 sets of task threads.
LogStats: Stats thread started at 0.086112
LogInit: Using libcurl 7.47.1
LogInit:  - built for x86_64-pc-win32
LogInit:  - supports SSL with OpenSSL/1.0.2g
LogInit:  - supports HTTP deflate (compression) using libz 1.2.8
LogInit:  - other features:
LogInit:      CURL_VERSION_SSL
LogInit:      CURL_VERSION_LIBZ
LogInit:      CURL_VERSION_IPV6
LogInit:      CURL_VERSION_ASYNCHDNS
LogInit:      CURL_VERSION_LARGEFILE
LogInit:      CURL_VERSION_IDN
LogInit:  CurlRequestOptions (configurable via config and command line):
LogInit:  - bVerifyPeer = false  - Libcurl will NOT verify peer certificate
LogInit:  - bUseHttpProxy = false  - Libcurl will NOT use HTTP proxy
LogInit:  - bDontReuseConnections = false  - Libcurl will reuse connections
LogInit:  - CertBundlePath = nullptr  - Libcurl will use whatever was configured at build time.
LogInit: Build: ++UE4+Release-4.15-CL-3450819
LogInit: Engine Version: 4.15.3-3450819+++UE4+Release-4.15
LogInit: Compatible Engine Version: 4.15.0-3299760+++UE4+Release-4.15
LogInit: Net CL: 3299760
LogDevObjectVersion: Number of dev versions registered: 14
LogDevObjectVersion:   Dev-Blueprints (B0D832E4-1F89-4F0D-ACCF-7EB736FD4AA2): 8
LogDevObjectVersion:   Dev-Build (E1C64328-A22C-4D53-A36C-8E866417BD8C): 0
LogDevObjectVersion:   Dev-Core (375EC13C-06E4-48FB-B500-84F0262A717E): 2
LogDevObjectVersion:   Dev-Editor (E4B068ED-F494-42E9-A231-DA0B2E46BB41): 14
LogDevObjectVersion:   Dev-Framework (CFFC743F-43B0-4480-9391-14DF171D2073): 22
LogDevObjectVersion:   Dev-Mobile (B02B49B5-BB20-44E9-A304-32B752E40360): 0
LogDevObjectVersion:   Dev-Networking (A4E4105C-59A1-49B5-A7C5-40C4547EDFEE): 0
LogDevObjectVersion:   Dev-Online (39C831C9-5AE6-47DC-9A44-9C173E1C8E7C): 0
LogDevObjectVersion:   Dev-Physics (78F01B33-EBEA-4F98-B9B4-84EACCB95AA2): 0
LogDevObjectVersion:   Dev-Platform (6631380F-2D4D-43E0-8009-CF276956A95A): 0
LogDevObjectVersion:   Dev-Rendering (12F88B9F-8875-4AFC-A67C-D90C383ABD29): 12
LogDevObjectVersion:   Dev-Sequencer (7B5AE74C-D270-4C10-A958-57980B212A5A): 3
LogDevObjectVersion:   Dev-VR (D7296918-1DD6-4BDD-9DE2-64A83CC13884): 0
LogDevObjectVersion:   Dev-LoadTimes (C2A15278-BFE7-4AFE-6C17-90FF531DF755): 1
LogInit: Compiled (64-bit): May 21 2017 11:02:34
LogInit: Compiled with Visual C++: 19.00.23026.00
LogInit: Build Configuration: Development
LogInit: Branch Name: ++UE4+Release-4.15
LogInit: Command line:  
LogInit: Base directory: C:/Program Files/Epic Games/UE_4.15/Engine/Binaries/Win64/
LogInit: Installed Engine Build: 1
LogInit: Presizing for max 8388607 objects, including 0 objects not considered by GC, pre-allocating 0 bytes for permanent pool.
LogInit: Object subsystem initialized
[2017.10.02-17.57.37:546][  0]LogInit: Selected Device Profile: [Windows]
[2017.10.02-17.57.37:546][  0]LogInit: Applying CVar settings loaded from the selected device profile: [Windows]
[2017.10.02-17.57.37:655][  0]LogInit: Computer: MSI
[2017.10.02-17.57.37:655][  0]LogInit: User: chong
[2017.10.02-17.57.37:655][  0]LogInit: CPU Page size=65536, Cores=4
[2017.10.02-17.57.37:655][  0]LogInit: High frequency timer resolution =2.531252 MHz
[2017.10.02-17.57.37:656][  0]LogMemory: Memory total: Physical=11.9GB (12GB approx)
[2017.10.02-17.57.37:656][  0]LogMemory: Platform Memory Stats for Windows
[2017.10.02-17.57.37:656][  0]LogMemory: Process Physical Memory: 271.26 MB used, 271.26 MB peak
[2017.10.02-17.57.37:656][  0]LogMemory: Process Virtual Memory: 268.44 MB used, 268.44 MB peak
[2017.10.02-17.57.37:656][  0]LogMemory: Physical Memory: 6880.48 MB used,  5318.12 MB free, 12198.60 MB total
[2017.10.02-17.57.37:656][  0]LogMemory: Virtual Memory: 651.12 MB used,  5318.12 MB free, 134217728.00 MB total
[2017.10.02-17.57.38:199][  0]LogTextLocalizationManager: No specific translations for ('en-MY') exist, so ('en') translations will be used.
[2017.10.02-17.57.44:594][  0]LogD3D11RHI: D3D11 adapters:
[2017.10.02-17.57.45:298][  0]LogD3D11RHI:    0. 'NVIDIA GeForce GTX 960M' (Feature Level 11_0)
[2017.10.02-17.57.45:298][  0]LogD3D11RHI:       2019/0/6099 MB DedicatedVideo/DedicatedSystem/SharedSystem, Outputs:1, VendorId:0x10de
[2017.10.02-17.57.45:306][  0]LogD3D11RHI:    1. 'Intel(R) HD Graphics 530' (Feature Level 11_0)
[2017.10.02-17.57.45:306][  0]LogD3D11RHI:       128/0/6099 MB DedicatedVideo/DedicatedSystem/SharedSystem, Outputs:0, VendorId:0x8086
[2017.10.02-17.57.45:308][  0]LogD3D11RHI:    2. 'Microsoft Basic Render Driver' (Feature Level 11_0)
[2017.10.02-17.57.45:308][  0]LogD3D11RHI:       0/0/6099 MB DedicatedVideo/DedicatedSystem/SharedSystem, Outputs:0, VendorId:0x1414
[2017.10.02-17.57.45:308][  0]LogD3D11RHI: Chosen D3D11 Adapter: 0
[2017.10.02-17.57.45:315][  0]LogD3D11RHI: Creating new Direct3DDevice
[2017.10.02-17.57.45:315][  0]LogD3D11RHI:     GPU DeviceId: 0x139b (for the marketing name, search the web for "GPU Device Id")
[2017.10.02-17.57.45:315][  0]LogWindows: EnumDisplayDevices:
[2017.10.02-17.57.45:315][  0]LogWindows:    0. 'Intel(R) HD Graphics 530' (P:1 D:1)
[2017.10.02-17.57.45:315][  0]LogWindows:    1. 'Intel(R) HD Graphics 530' (P:0 D:0)
[2017.10.02-17.57.45:315][  0]LogWindows:    2. 'Intel(R) HD Graphics 530' (P:0 D:0)
[2017.10.02-17.57.45:316][  0]LogWindows: DebugString: PrimaryIsNotTheChoosenAdapter PrimaryIsNotTheChoosenAdapter PrimaryIsNotTheChoosenAdapter FoundDriverCount:0 
[2017.10.02-17.57.45:316][  0]LogD3D11RHI:     Adapter Name: NVIDIA GeForce GTX 960M
[2017.10.02-17.57.45:316][  0]LogD3D11RHI:   Driver Version: Unknown (internal:Unknown, unified:Unknown)
[2017.10.02-17.57.45:316][  0]LogD3D11RHI:      Driver Date: Unknown
[2017.10.02-17.57.45:316][  0]LogRHI: Texture pool is 1361 MB (70% of 1945 MB)
[2017.10.02-17.57.45:967][  0]LogD3D11RHI: Async texture creation enabled
[2017.10.02-17.57.46:017][  0]LogD3D11RHI: GPU Timing Frequency: 1000.000000 (Debug: 2 1)
[2017.10.02-17.57.46:018][  0]LogShaderCompilers: Guid format shader working directory is -33 characters bigger than the processId version (../../../../../../Users/chong/OneDrive/Documents/GitHub/FYP_DumbTesting/Meeting/Intermediate/Shaders/WorkingDirectory/6652/).
[2017.10.02-17.57.46:018][  0]LogShaderCompilers: Cleaned the shader compiler working directory 'C:/Users/chong/AppData/Local/Temp/UnrealShaderWorkingDir/BB550CCD475A3A982E3508A989199944/'.
[2017.10.02-17.57.46:018][  0]LogShaderCompilers:Display: Using Local Shader Compiler.
[2017.10.02-17.57.48:890][  0]LogTemp:Display: Loaded TP AllDesktopTargetPlatform
[2017.10.02-17.57.48:944][  0]LogTemp:Display: Loaded TP MacClientTargetPlatform
[2017.10.02-17.57.49:006][  0]LogTemp:Display: Loaded TP MacNoEditorTargetPlatform
[2017.10.02-17.57.49:064][  0]LogTemp:Display: Loaded TP MacServerTargetPlatform
[2017.10.02-17.57.49:137][  0]LogTemp:Display: Loaded TP MacTargetPlatform
[2017.10.02-17.57.49:199][  0]LogTemp:Display: Loaded TP WindowsClientTargetPlatform
[2017.10.02-17.57.49:258][  0]LogTemp:Display: Loaded TP WindowsNoEditorTargetPlatform
[2017.10.02-17.57.49:332][  0]LogTemp:Display: Loaded TP WindowsServerTargetPlatform
[2017.10.02-17.57.49:382][  0]LogTemp:Display: Loaded TP WindowsTargetPlatform
[2017.10.02-17.57.49:497][  0]LogTemp:Display: Loaded TP AndroidTargetPlatform
[2017.10.02-17.57.49:557][  0]LogTemp:Display: Loaded TP Android_ASTCTargetPlatform
[2017.10.02-17.57.49:613][  0]LogTemp:Display: Loaded TP Android_ATCTargetPlatform
[2017.10.02-17.57.49:668][  0]LogTemp:Display: Loaded TP Android_DXTTargetPlatform
[2017.10.02-17.57.49:730][  0]LogTemp:Display: Loaded TP Android_ETC1TargetPlatform
[2017.10.02-17.57.49:789][  0]LogTemp:Display: Loaded TP Android_ETC2TargetPlatform
[2017.10.02-17.57.49:912][  0]LogTemp:Display: Loaded TP Android_MultiTargetPlatform
[2017.10.02-17.57.49:912][  0]LogTemp:Display: Loaded TP Android_PVRTCTargetPlatform
[2017.10.02-17.57.49:954][  0]LogTemp:Display: Loaded TP HTML5TargetPlatform
[2017.10.02-17.57.50:106][  0]LogTemp:Display: Loaded TP IOSTargetPlatform
[2017.10.02-17.57.50:142][  0]LogTemp:Display: Loaded TP TVOSTargetPlatform
[2017.10.02-17.57.50:199][  0]LogTemp:Display: Loaded TP LinuxClientTargetPlatform
[2017.10.02-17.57.50:255][  0]LogTemp:Display: Loaded TP LinuxNoEditorTargetPlatform
[2017.10.02-17.57.50:311][  0]LogTemp:Display: Loaded TP LinuxServerTargetPlatform
[2017.10.02-17.57.50:378][  0]LogTemp:Display: Loaded TP LinuxTargetPlatform
[2017.10.02-17.57.50:378][  0]LogTargetPlatformManager:Display: Building Assets For Windows
[2017.10.02-17.57.50:870][  0]LogDerivedDataCache:Display: Max Cache Size: 512 MB
[2017.10.02-17.57.50:924][  0]LogDerivedDataCache: Loaded boot cache 0.05s 50MB C:/Users/chong/AppData/Local/UnrealEngine/4.15/DerivedDataCache/Boot.ddc.
[2017.10.02-17.57.50:924][  0]LogDerivedDataCache:Display: Loaded Boot cache: C:/Users/chong/AppData/Local/UnrealEngine/4.15/DerivedDataCache/Boot.ddc
[2017.10.02-17.57.50:924][  0]LogDerivedDataCache: FDerivedDataBackendGraph:  Pak pak cache file ../../../../../../Users/chong/OneDrive/Documents/GitHub/FYP_DumbTesting/Meeting/DerivedDataCache/DDC.ddp not found, will not use a pak cache.
[2017.10.02-17.57.50:924][  0]LogDerivedDataCache: Unable to find inner node Pak for hierarchical cache Hierarchy.
[2017.10.02-17.57.50:924][  0]LogDerivedDataCache: FDerivedDataBackendGraph:  CompressedPak pak cache file ../../../../../../Users/chong/OneDrive/Documents/GitHub/FYP_DumbTesting/Meeting/DerivedDataCache/Compressed.ddp not found, will not use a pak cache.
[2017.10.02-17.57.50:924][  0]LogDerivedDataCache: Unable to find inner node CompressedPak for hierarchical cache Hierarchy.
[2017.10.02-17.57.50:940][  0]LogDerivedDataCache:Display: Pak cache opened for reading ../../../Engine/DerivedDataCache/Compressed.ddp.
[2017.10.02-17.57.50:952][  0]LogDerivedDataCache: Using Local data cache path C:/Users/chong/AppData/Local/UnrealEngine/Common/DerivedDataCache: Writable
[2017.10.02-17.57.50:961][  0]LogSlate: Using Freetype 2.6.0
[2017.10.02-17.57.51:022][  0]LogSlate: SlateFontCache - WITH_FREETYPE: 1, WITH_HARFBUZZ: 1
[2017.10.02-17.57.51:022][  0]LogSlate: SlateFontCache - WITH_FREETYPE: 1, WITH_HARFBUZZ: 1
[2017.10.02-17.57.52:939][  0]LogInit: Selected Device Profile: [Windows]
[2017.10.02-17.57.52:941][  0]LogContentStreaming: Texture pool size is 0.00 MB
[2017.10.02-17.57.53:162][  0]LogMeshUtilities: Using QuadricMeshReduction for automatic static mesh reduction
[2017.10.02-17.57.53:207][  0]LogSimplygon: Simplygon DLL not present - disabling.
[2017.10.02-17.57.53:261][  0]LogMeshUtilities: Using SimplygonSwarm for distributed automatic mesh merging
[2017.10.02-17.57.53:261][  0]LogMeshUtilities: No automatic skeletal mesh reduction module available
[2017.10.02-17.57.53:261][  0]LogMeshUtilities: No automatic mesh merging module available
[2017.10.02-17.57.53:978][  0]LogNetVersion: GetLocalNetworkVersion: CL: 3299760, ProjectName: meeting, ProjectVersion: , EngineNetworkVersion: 2, GameNetworkVersion: 0, NetworkChecksum: 116300604
[2017.10.02-17.57.54:024][  0]LogAssetRegistry: FAssetRegistry took 0.0220 seconds to start up
[2017.10.02-17.57.54:094][  0]LogPackageLocalizationCache: Processed 3 localized package path(s) for 2 prioritized culture(s) in 0.039231 seconds
[2017.10.02-17.57.54:101][  0]LogUObjectArray: 32493 objects as part of root set at end of initial load.
[2017.10.02-17.57.54:101][  0]LogUObjectAllocator: 7077032 out of 0 bytes used by permanent object pool.
[2017.10.02-17.57.54:101][  0]LogUObjectArray: CloseDisregardForGC: 0/0 objects in disregard for GC pool
[2017.10.02-17.57.54:180][  0]LogInit: WinSock: version 1.1 (2.2), MaxSocks=32767, MaxUdp=65467
[2017.10.02-17.58.26:713][  0]LogTcpMessaging: Initializing TcpMessaging bridge
[2017.10.02-17.58.26:765][  0]LogUdpMessaging: Initializing bridge on interface 0.0.0.0:0 to multicast group 230.0.0.1:6666.
[2017.10.02-17.58.27:978][  0]LogMaterial: Uniform references updated for custom material expression Custom.
[2017.10.02-17.58.28:427][  0]SourceControl: Info Source control is disabled
[2017.10.02-17.58.28:428][  0]SourceControl: Info Source control is disabled
[2017.10.02-17.58.28:482][  0]SourceControl: Info Source control is disabled
[2017.10.02-17.58.28:549][  0]SourceControl: Info Source control is disabled
[2017.10.02-17.58.30:448][  0]LogEngine: Initializing Engine...
[2017.10.02-17.58.30:449][  0]LogHMD: Failed to initialize OpenVR with code 110
[2017.10.02-17.58.30:571][  0]LogStats: UGameplayTagsManager::ConstructGameplayTagTree: Construct from data asset -  0.000 s
[2017.10.02-17.58.30:571][  0]LogStats: UGameplayTagsManager::ConstructGameplayTagTree: GameplayTagTreeChangedEvent.Broadcast -  0.000 s
[2017.10.02-17.58.30:714][  0]LogAIModule: Creating AISystem for world Untitled
[2017.10.02-17.58.30:726][  0]LogInit: XAudio2 using 'Speakers (Realtek High Definition Audio)' : 8 channels at 48 kHz using 32 bits per sample (channel mask 0x63f)
[2017.10.02-17.58.30:780][  0]LogInit: FAudioDevice initialized.
[2017.10.02-17.58.30:810][  0]LogDerivedDataCache: Saved boot cache 0.03s 50MB C:/Users/chong/AppData/Local/UnrealEngine/4.15/DerivedDataCache/Boot.ddc.
[2017.10.02-17.58.30:816][  0]LogInit: Texture streaming: Enabled
[2017.10.02-17.58.30:917][  0]LogEngineSessionManager: EngineSessionManager initialized
[2017.10.02-17.58.31:023][  0]LogInit: Transaction tracking system initialized
[2017.10.02-17.58.31:414][  0]BlueprintLog: New page: Editor Load
[2017.10.02-17.58.32:396][  0]LocalizationService: Info Localization service is disabled
[2017.10.02-17.58.33:597][  0]LogConsoleResponse:Display: 
[2017.10.02-17.58.33:789][  0]LogCook:Display: Max memory allowance for cook 16384mb min free memory 0mb
[2017.10.02-17.58.33:789][  0]LogCook:Display: Mobile HDR setting 1
[2017.10.02-17.58.33:818][  0]LogFileCache: Scanning file cache for directory 'C:/Users/chong/OneDrive/Documents/GitHub/FYP_DumbTesting/Meeting/Content/' took 0.03s
[2017.10.02-17.58.35:730][  0]SourceControl: Info Source control is disabled
[2017.10.02-17.58.35:730][  0]Cmd: MAP LOAD FILE="../../../../../../Users/chong/OneDrive/Documents/GitHub/FYP_DumbTesting/Meeting/Content/ThirdPersonBP/Maps/MockUp_Map.umap" TEMPLATE=0 SHOWPROGRESS=1 FEATURELEVEL=3
[2017.10.02-17.58.35:731][  0]LightingResults: New page: Lighting Build
[2017.10.02-17.58.35:771][  0]MapCheck: New page: Map Check
[2017.10.02-17.58.35:771][  0]LightingResults: New page: Lighting Build
[2017.10.02-17.58.36:756][  0]LogProperty:Error: UStructProperty::Serialize Loading: Property 'StructProperty /Game/Tech/InteractionSystem/BPI_Interactable.BPI_Interactable_C:UseItem.itemInfo'. Unknown structure.
[2017.10.02-17.58.36:756][  0]LogProperty:Error: UStructProperty::Serialize Loading: Property 'StructProperty /Game/Tech/InteractionSystem/BPI_Interactable.BPI_Interactable_C:PickUp.itemInfo'. Unknown structure.
[2017.10.02-17.58.38:984][  0]LogBlueprint:Error: [Compiler UI_InventoryItem] Error COMPILER ERROR: failed building connection with 'Only exactly matching structures are considered compatible.' at  Use Item
Using Interface BPI_Interactable_C
[2017.10.02-17.58.38:987][  0]LogBlueprint:Warning: [Compiler UI_InventoryItem] Warning [0065.69] Compile of UI_InventoryItem failed. 1 Fatal Issue(s) 0 Warning(s) [in 5 ms] (/Game/Tech/InteractionSystem/Inventory/UI_InventoryItem.UI_InventoryItem)
[2017.10.02-17.58.38:987][  0]LogBlueprint:Warning: [Compiler UI_InventoryItem] Warning [0065.69] Compile of UI_InventoryItem failed. 1 Fatal Issue(s) 1 Warning(s) [in 0 ms] (/Game/Tech/InteractionSystem/Inventory/UI_InventoryItem.UI_InventoryItem)
[2017.10.02-17.58.38:987][  0]LogBlueprint:Warning: [Compiler UI_InventoryItem] Warning [0065.69] Compile of UI_InventoryItem failed. 1 Fatal Issue(s) 2 Warning(s) [in 0 ms] (/Game/Tech/InteractionSystem/Inventory/UI_InventoryItem.UI_InventoryItem)
[2017.10.02-17.58.44:201][  0]LogBlueprint:Warning: [Compiler ThirdPersonCharacter] Warning InputAction Event references unknown Action 'ResetVR' for  InputAction ResetVR
[2017.10.02-17.58.44:201][  0]LogBlueprint:Warning: [Compiler ThirdPersonCharacter] Warning Input Axis Event references unknown Axis 'LookUpRate' for  InputAxis LookUpRate
[2017.10.02-17.58.44:201][  0]LogBlueprint:Warning: [Compiler ThirdPersonCharacter] Warning Input Axis Event references unknown Axis 'TurnRate' for  InputAxis TurnRate
[2017.10.02-17.58.44:201][  0]LogBlueprint:Warning: [Compiler ThirdPersonCharacter] Warning InputAction Event references unknown Action 'Jump' for  InputAction Jump
[2017.10.02-17.58.44:201][  0]LogBlueprint:Warning: [Compiler ThirdPersonCharacter] Warning Input Axis Event references unknown Axis 'LookUp' for  InputAxis LookUp
[2017.10.02-17.58.44:202][  0]LogBlueprint:Warning: [Compiler ThirdPersonCharacter] Warning Input Axis Event references unknown Axis 'Turn' for  InputAxis Turn
[2017.10.02-17.58.44:206][  0]LogBlueprint:Warning: [Compiler ThirdPersonCharacter] Warning [0070.91] Compile of ThirdPersonCharacter successful, but with 6 Warning(s) [in 13 ms] (/Game/ThirdPersonBP/Blueprints/ThirdPersonCharacter.ThirdPersonCharacter)
[2017.10.02-17.58.44:206][  0]LogBlueprint:Warning: [Compiler ThirdPersonCharacter] Warning [0070.91] Compile of ThirdPersonCharacter successful, but with 7 Warning(s) [in 0 ms] (/Game/ThirdPersonBP/Blueprints/ThirdPersonCharacter.ThirdPersonCharacter)
[2017.10.02-17.58.44:206][  0]LogBlueprint:Warning: [Compiler ThirdPersonCharacter] Warning [0070.91] Compile of ThirdPersonCharacter successful, but with 8 Warning(s) [in 0 ms] (/Game/ThirdPersonBP/Blueprints/ThirdPersonCharacter.ThirdPersonCharacter)
[2017.10.02-17.58.44:213][  0]LogBlueprint:Warning: [Compiler ThirdPersonCharacter] Warning InputAction Event references unknown Action 'ResetVR' for  InputAction ResetVR
[2017.10.02-17.58.44:213][  0]LogBlueprint:Warning: [Compiler ThirdPersonCharacter] Warning Input Axis Event references unknown Axis 'LookUpRate' for  InputAxis LookUpRate
[2017.10.02-17.58.44:213][  0]LogBlueprint:Warning: [Compiler ThirdPersonCharacter] Warning Input Axis Event references unknown Axis 'TurnRate' for  InputAxis TurnRate
[2017.10.02-17.58.44:214][  0]LogBlueprint:Warning: [Compiler ThirdPersonCharacter] Warning InputAction Event references unknown Action 'Jump' for  InputAction Jump
[2017.10.02-17.58.44:214][  0]LogBlueprint:Warning: [Compiler ThirdPersonCharacter] Warning Input Axis Event references unknown Axis 'LookUp' for  InputAxis LookUp
[2017.10.02-17.58.44:214][  0]LogBlueprint:Warning: [Compiler ThirdPersonCharacter] Warning Input Axis Event references unknown Axis 'Turn' for  InputAxis Turn
[2017.10.02-17.58.44:218][  0]LogBlueprint:Warning: [Compiler ThirdPersonCharacter] Warning [0070.92] Compile of ThirdPersonCharacter successful, but with 6 Warning(s) [in 9 ms] (/Game/ThirdPersonBP/Blueprints/ThirdPersonCharacter.ThirdPersonCharacter)
[2017.10.02-17.58.44:218][  0]LogBlueprint:Warning: [Compiler ThirdPersonCharacter] Warning [0070.92] Compile of ThirdPersonCharacter successful, but with 7 Warning(s) [in 0 ms] (/Game/ThirdPersonBP/Blueprints/ThirdPersonCharacter.ThirdPersonCharacter)
[2017.10.02-17.58.44:218][  0]LogBlueprint:Warning: [Compiler ThirdPersonCharacter] Warning [0070.92] Compile of ThirdPersonCharacter successful, but with 8 Warning(s) [in 0 ms] (/Game/ThirdPersonBP/Blueprints/ThirdPersonCharacter.ThirdPersonCharacter)
[2017.10.02-17.58.44:224][  0]LogLinker:Warning: Can't find file '/Game/ThirdPersonBP/Maps/MockUp_Map_BuiltData'
[2017.10.02-17.58.44:224][  0]LogLinker:Warning: Can't find file for asset '/Game/ThirdPersonBP/Maps/MockUp_Map_BuiltData' while loading ../../../../../../Users/chong/OneDrive/Documents/GitHub/FYP_DumbTesting/Meeting/Content/ThirdPersonBP/Maps/MockUp_Map.umap.
[2017.10.02-17.58.44:224][  0]LoadErrors:Error: Error /Game/ThirdPersonBP/Maps/MockUp_Map : Can't find file for asset. /Game/ThirdPersonBP/Maps/MockUp_Map_BuiltData
[2017.10.02-17.58.53:116][  0]LogLinker:Warning: Can't find file '/Game/ThirdPersonBP/Maps/MockUp_Map_BuiltData'
[2017.10.02-17.58.53:116][  0]LogLinker:Warning: Can't find file for asset '/Game/ThirdPersonBP/Maps/MockUp_Map_BuiltData' while loading ../../../../../../Users/chong/OneDrive/Documents/GitHub/FYP_DumbTesting/Meeting/Content/ThirdPersonBP/Maps/MockUp_Map.umap.
[2017.10.02-17.58.53:116][  0]LoadErrors:Error: Error /Game/ThirdPersonBP/Maps/MockUp_Map : Can't find file for asset. /Game/ThirdPersonBP/Maps/MockUp_Map_BuiltData
[2017.10.02-17.58.53:124][  0]LogLinker:Warning: Can't find file '/Game/ThirdPersonBP/Maps/MockUp_Map_BuiltData'
[2017.10.02-17.58.53:124][  0]LogLinker:Warning: Can't find file for asset '/Game/ThirdPersonBP/Maps/MockUp_Map_BuiltData' while loading NULL.
[2017.10.02-17.58.53:124][  0]LogLinker:Warning: Can't find file '/Game/ThirdPersonBP/Maps/MockUp_Map_BuiltData'
[2017.10.02-17.58.53:124][  0]LogLinker:Warning: Can't find file for asset '/Game/ThirdPersonBP/Maps/MockUp_Map_BuiltData' while loading NULL.
[2017.10.02-17.58.57:678][  0]LogLinker:Warning: Can't find file '/Game/ThirdPersonBP/Maps/MockUp_Map_BuiltData'
[2017.10.02-17.58.57:678][  0]LoadErrors: Info Failed to load /Game/ThirdPersonBP/Maps/MockUp_Map_BuiltData.MockUp_Map_BuiltData Referenced by PersistentLevel
[2017.10.02-17.58.57:678][  0]LogLinker:Warning: Can't find file for asset '/Game/ThirdPersonBP/Maps/MockUp_Map_BuiltData' while loading NULL.
[2017.10.02-17.58.57:678][  0]LoadErrors: Info Failed to load /Game/ThirdPersonBP/Maps/MockUp_Map_BuiltData.MockUp_Map_BuiltData Referenced by PersistentLevel
[2017.10.02-17.58.58:224][  0]LogStaticMesh: Building static mesh SM_Corridor_Corner_CeillingFloor...
[2017.10.02-17.58.59:673][  0]LogStaticMesh: Built static mesh [1.83s] /Game/Art/Environment/SM_Corridor_Corner_CeillingFloor.SM_Corridor_Corner_CeillingFloor
[2017.10.02-17.59.19:565][  0]LogMaterial: Missing cached shader map for material M_Groundlight, compiling. 
[2017.10.02-17.59.19:586][  0]LogTemp:Display: Added material ShaderMap 0x000001B98AB34480 with Material 0x000001B90B0D6F80 to ShaderMapsBeingCompiled
[2017.10.02-17.59.19:676][  0]LogTemp:Display: Kicking off shader compilation for M_Groundlight, GameThreadShaderMap 0x000001B98AB34480
[2017.10.02-17.59.19:677][  0]LogStaticMesh: Building static mesh groundlightL...
[2017.10.02-17.59.19:678][  0]LogStaticMesh: Built static mesh [0.00s] /Game/groundlightL.groundlightL
[2017.10.02-17.59.21:031][  0]LogAIModule: Creating AISystem for world MockUp_Map
[2017.10.02-17.59.21:403][  0]LogEditorServer: Finished looking for orphan Actors (0.001 secs)
[2017.10.02-17.59.21:420][  0]Cmd: MAP CHECKDEP NOCLEARLOG
[2017.10.02-17.59.21:584][  0]MapCheck: Info Map check complete: 0 Error(s), 0 Warning(s), took 164.162ms to complete.
[2017.10.02-17.59.21:584][  0]LogFileHelpers: Loading map 'MockUp_Map' took 45.855
[2017.10.02-17.59.21:910][  0]LogCollectionManager: Loaded 0 collections in 0.002589 seconds
[2017.10.02-17.59.21:997][  0]LogFileCache: Scanning file cache for directory 'C:/Users/chong/OneDrive/Documents/GitHub/FYP_DumbTesting/Meeting/Saved/Collections/' took 0.01s
[2017.10.02-17.59.21:997][  0]LogFileCache: Scanning file cache for directory 'C:/Users/chong/OneDrive/Documents/GitHub/FYP_DumbTesting/Meeting/Content/Developers/chong/Collections/' took 0.01s
[2017.10.02-17.59.21:997][  0]LogFileCache: Scanning file cache for directory 'C:/Users/chong/OneDrive/Documents/GitHub/FYP_DumbTesting/Meeting/Content/Collections/' took 0.01s
[2017.10.02-17.59.21:997][  0]LogCollectionManager: Rebuilt the GUID cache for 0 collections in 0.000002 seconds
[2017.10.02-17.59.22:008][  0]LogContentBrowser: Native class hierarchy populated in 0.0104 seconds. Added 2259 classes and 455 folders.
[2017.10.02-17.59.22:079][  0]LogContentBrowser: Native class hierarchy updated for 'WidgetCarousel' in 0.0022 seconds. Added 0 classes and 0 folders.
[2017.10.02-17.59.23:318][  0]LogContentBrowser: Native class hierarchy updated for 'AddContentDialog' in 0.0021 seconds. Added 0 classes and 0 folders.
[2017.10.02-17.59.23:392][  0]LogContentBrowser: Native class hierarchy updated for 'SceneOutliner' in 0.0022 seconds. Added 1 classes and 2 folders.
[2017.10.02-17.59.23:485][  0]LogCrashTracker: Crashtracker disabled due to settings.
[2017.10.02-17.59.23:497][  0]LogUObjectGlobals:Warning: Failed to find object 'Class None.'
[2017.10.02-17.59.23:575][  0]LogContentBrowser: Native class hierarchy updated for 'HierarchicalLODOutliner' in 0.0029 seconds. Added 1 classes and 2 folders.
[2017.10.02-17.59.23:576][  0]LogLoad: (Engine Initialization) Total time: 110.28 seconds
[2017.10.02-17.59.23:577][  0]LogLoad: (Engine Initialization) Total Blueprint compile time: 1.33 seconds
[2017.10.02-17.59.23:577][  0]LogExternalProfiler: Found external profiler: VSPerf
[2017.10.02-17.59.23:577][  0]LogExternalProfiler: Using external profiler: VSPerf
[2017.10.02-17.59.23:918][  0]LogOcInput: OculusInput pre-init called
[2017.10.02-17.59.23:946][  0]LogContentStreaming: Texture pool size now 400 MB
[2017.10.02-17.59.23:980][  0]LogTemp:Display: Finished compile of shader map 0x000001B98AB34480
[2017.10.02-17.59.23:980][  0]LogTemp:Display: Shader map M_Groundlight complete, GameThreadShaderMap 0x000001B98AB34480, marking material M_Groundlight as finished
[2017.10.02-17.59.23:980][  0]LogTemp:Display: Marking material as finished 0x000001B90B0D6F80
[2017.10.02-17.59.23:986][  0]LogSlate: Took 0.000220 seconds to synchronously load lazily loaded font '../../../Engine/Content/Slate/Fonts/Roboto-Regular.ttf' (155K)
[2017.10.02-17.59.24:008][  0]LogSlate: Took 0.017663 seconds to synchronously load lazily loaded font '../../../Engine/Content/Slate/Fonts/Roboto-Bold.ttf' (160K)
[2017.10.02-17.59.24:035][  0]LogSlate: Took 0.019687 seconds to synchronously load lazily loaded font '../../../Engine/Content/Editor/Slate/Fonts/FontAwesome.ttf' (139K)
[2017.10.02-17.59.24:283][  0]LogSlate: Took 0.000292 seconds to synchronously load lazily loaded font '../../../Engine/Content/Slate/Fonts/Roboto-Light.ttf' (159K)
[2017.10.02-17.59.24:345][  0]LogRenderer: Reallocating scene render targets to support 956x432 NumSamples 1 (Frame:2).
[2017.10.02-17.59.24:763][  2]LogAssetRegistry: Asset discovery search completed in 90.7609 seconds
[2017.10.02-17.59.24:763][  2]LogCollectionManager: Rebuilt the object cache for 0 collections in 0.000019 seconds (found 0 objects)
[2017.10.02-17.59.24:763][  2]LogCollectionManager: Fixed up redirectors for 0 collections in 0.000082 seconds (updated 0 objects)
[2017.10.02-18.01.11:240][473]LogTemp: Repeting last play command: Selected Viewport
[2017.10.02-18.01.11:274][473]LogBlueprintUserMessages: Early PlayInEditor Detection: Level '/Game/ThirdPersonBP/Maps/MockUp_Map.MockUp_Map:PersistentLevel' has LevelScriptBlueprint '/Game/ThirdPersonBP/Maps/MockUp_Map.MockUp_Map:PersistentLevel.MockUp_Map' with GeneratedClass '/Game/ThirdPersonBP/Maps/MockUp_Map.MockUp_Map_C' with ClassGeneratedBy '/Game/ThirdPersonBP/Maps/MockUp_Map.MockUp_Map:PersistentLevel.MockUp_Map'
[2017.10.02-18.01.11:274][473]LogPlayLevel: PlayLevel: No blueprints needed recompiling
[2017.10.02-18.01.11:275][473]PIE: New page: PIE session: MockUp_Map (Oct 3, 2017, 10:01:11 AM)
[2017.10.02-18.01.11:275][473]LogPlayLevel: Creating play world package: /Game/ThirdPersonBP/Maps/UEDPIE_0_MockUp_Map
[2017.10.02-18.01.11:491][473]LogPlayLevel: PIE: StaticDuplicateObject took: (0.215604s)
[2017.10.02-18.01.11:492][473]LogAIModule: Creating AISystem for world MockUp_Map
[2017.10.02-18.01.11:492][473]LogPlayLevel: PIE: World Init took: (0.000864s)
[2017.10.02-18.01.11:494][473]LogPlayLevel: PIE: Created PIE world by copying editor world from /Game/ThirdPersonBP/Maps/MockUp_Map.MockUp_Map to /Game/ThirdPersonBP/Maps/UEDPIE_0_MockUp_Map.MockUp_Map (0.218663s)
[2017.10.02-18.01.11:558][473]LogInit: XAudio2 using 'Speakers (Realtek High Definition Audio)' : 8 channels at 48 kHz using 32 bits per sample (channel mask 0x63f)
[2017.10.02-18.01.11:604][473]LogInit: FAudioDevice initialized.
[2017.10.02-18.01.11:696][473]LogLoad: Game class is 'MeetingGameModeBase_BP_C'
[2017.10.02-18.01.11:760][473]LogWorld: Bringing World /Game/ThirdPersonBP/Maps/UEDPIE_0_MockUp_Map.MockUp_Map up for play (max tick rate 60) at 2017.10.03-02.01.11
[2017.10.02-18.01.11:781][473]LogWorld: Bringing up level for play took: 0.082413
[2017.10.02-18.01.11:825][473]LogContentBrowser: Native class hierarchy updated for 'MovieSceneCapture' in 0.0032 seconds. Added 11 classes and 0 folders.
[2017.10.02-18.01.11:834][473]LogScript:Warning: Accessed None trying to read property HackingTerminalPart2
	Door_Down_BP_C /Game/ThirdPersonBP/Maps/UEDPIE_0_MockUp_Map.MockUp_Map:PersistentLevel.Door_Down_BP4
	Function /Game/Tech/InteractionSystem/Door_Down_BP.Door_Down_BP_C:ExecuteUbergraph_Door_Down_BP:13C8
[2017.10.02-18.01.11:835][473]PIE:Error: Error Blueprint Runtime Error: Accessed None trying to read property HackingTerminalPart2 from function: 'ExecuteUbergraph_Door_Down_BP' from node: Set Visibility in graph: EventGraph in object: Door_Down_BP with description: Accessed None trying to read property HackingTerminalPart2
[2017.10.02-18.01.11:835][473]LogScript:Warning: Accessed None
	Door_Down_BP_C /Game/ThirdPersonBP/Maps/UEDPIE_0_MockUp_Map.MockUp_Map:PersistentLevel.Door_Down_BP4
	Function /Game/Tech/InteractionSystem/Door_Down_BP.Door_Down_BP_C:ExecuteUbergraph_Door_Down_BP:13DD
[2017.10.02-18.01.11:835][473]PIE:Error: Error Blueprint Runtime Error: Accessed None from function: 'ExecuteUbergraph_Door_Down_BP' from node: Set Visibility in graph: EventGraph in object: Door_Down_BP with description: Accessed None
[2017.10.02-18.01.11:835][473]LogScript:Warning: Accessed None trying to read property HackingTerminalPart3
	Door_Down_BP_C /Game/ThirdPersonBP/Maps/UEDPIE_0_MockUp_Map.MockUp_Map:PersistentLevel.Door_Down_BP4
	Function /Game/Tech/InteractionSystem/Door_Down_BP.Door_Down_BP_C:ExecuteUbergraph_Door_Down_BP:1406
[2017.10.02-18.01.11:835][473]PIE:Error: Error Blueprint Runtime Error: Accessed None trying to read property HackingTerminalPart3 from function: 'ExecuteUbergraph_Door_Down_BP' from node: Set Visibility in graph: EventGraph in object: Door_Down_BP with description: Accessed None trying to read property HackingTerminalPart3
[2017.10.02-18.01.11:835][473]LogScript:Warning: Accessed None
	Door_Down_BP_C /Game/ThirdPersonBP/Maps/UEDPIE_0_MockUp_Map.MockUp_Map:PersistentLevel.Door_Down_BP4
	Function /Game/Tech/InteractionSystem/Door_Down_BP.Door_Down_BP_C:ExecuteUbergraph_Door_Down_BP:141B
[2017.10.02-18.01.11:835][473]PIE:Error: Error Blueprint Runtime Error: Accessed None from function: 'ExecuteUbergraph_Door_Down_BP' from node: Set Visibility in graph: EventGraph in object: Door_Down_BP with description: Accessed None
[2017.10.02-18.01.11:835][473]LogScript:Warning: Accessed None trying to read property HackingTerminalPart4
	Door_Down_BP_C /Game/ThirdPersonBP/Maps/UEDPIE_0_MockUp_Map.MockUp_Map:PersistentLevel.Door_Down_BP4
	Function /Game/Tech/InteractionSystem/Door_Down_BP.Door_Down_BP_C:ExecuteUbergraph_Door_Down_BP:1444
[2017.10.02-18.01.11:835][473]PIE:Error: Error Blueprint Runtime Error: Accessed None trying to read property HackingTerminalPart4 from function: 'ExecuteUbergraph_Door_Down_BP' from node: Set Visibility in graph: EventGraph in object: Door_Down_BP with description: Accessed None trying to read property HackingTerminalPart4
[2017.10.02-18.01.11:835][473]LogScript:Warning: Accessed None
	Door_Down_BP_C /Game/ThirdPersonBP/Maps/UEDPIE_0_MockUp_Map.MockUp_Map:PersistentLevel.Door_Down_BP4
	Function /Game/Tech/InteractionSystem/Door_Down_BP.Door_Down_BP_C:ExecuteUbergraph_Door_Down_BP:1459
[2017.10.02-18.01.11:835][473]PIE:Error: Error Blueprint Runtime Error: Accessed None from function: 'ExecuteUbergraph_Door_Down_BP' from node: Set Visibility in graph: EventGraph in object: Door_Down_BP with description: Accessed None
[2017.10.02-18.01.11:835][473]LogScript:Warning: Accessed None trying to read property HackingTerminalPart5
	Door_Down_BP_C /Game/ThirdPersonBP/Maps/UEDPIE_0_MockUp_Map.MockUp_Map:PersistentLevel.Door_Down_BP4
	Function /Game/Tech/InteractionSystem/Door_Down_BP.Door_Down_BP_C:ExecuteUbergraph_Door_Down_BP:1482
[2017.10.02-18.01.11:835][473]PIE:Error: Error Blueprint Runtime Error: Accessed None trying to read property HackingTerminalPart5 from function: 'ExecuteUbergraph_Door_Down_BP' from node: Set Visibility in graph: EventGraph in object: Door_Down_BP with description: Accessed None trying to read property HackingTerminalPart5
[2017.10.02-18.01.11:835][473]LogScript:Warning: Accessed None
	Door_Down_BP_C /Game/ThirdPersonBP/Maps/UEDPIE_0_MockUp_Map.MockUp_Map:PersistentLevel.Door_Down_BP4
	Function /Game/Tech/InteractionSystem/Door_Down_BP.Door_Down_BP_C:ExecuteUbergraph_Door_Down_BP:1497
[2017.10.02-18.01.11:835][473]PIE:Error: Error Blueprint Runtime Error: Accessed None from function: 'ExecuteUbergraph_Door_Down_BP' from node: Set Visibility in graph: EventGraph in object: Door_Down_BP with description: Accessed None
[2017.10.02-18.01.11:835][473]LogScript:Warning: Accessed None trying to read property HackingTerminalPart6
	Door_Down_BP_C /Game/ThirdPersonBP/Maps/UEDPIE_0_MockUp_Map.MockUp_Map:PersistentLevel.Door_Down_BP4
	Function /Game/Tech/InteractionSystem/Door_Down_BP.Door_Down_BP_C:ExecuteUbergraph_Door_Down_BP:14C0
[2017.10.02-18.01.11:835][473]PIE:Error: Error Blueprint Runtime Error: Accessed None trying to read property HackingTerminalPart6 from function: 'ExecuteUbergraph_Door_Down_BP' from node: Set Visibility in graph: EventGraph in object: Door_Down_BP with description: Accessed None trying to read property HackingTerminalPart6
[2017.10.02-18.01.11:835][473]LogScript:Warning: Accessed None
	Door_Down_BP_C /Game/ThirdPersonBP/Maps/UEDPIE_0_MockUp_Map.MockUp_Map:PersistentLevel.Door_Down_BP4
	Function /Game/Tech/InteractionSystem/Door_Down_BP.Door_Down_BP_C:ExecuteUbergraph_Door_Down_BP:14D5
[2017.10.02-18.01.11:835][473]PIE:Error: Error Blueprint Runtime Error: Accessed None from function: 'ExecuteUbergraph_Door_Down_BP' from node: Set Visibility in graph: EventGraph in object: Door_Down_BP with description: Accessed None
[2017.10.02-18.01.11:835][473]LogScript:Warning: Accessed None trying to read property HackingTerminalPart7
	Door_Down_BP_C /Game/ThirdPersonBP/Maps/UEDPIE_0_MockUp_Map.MockUp_Map:PersistentLevel.Door_Down_BP4
	Function /Game/Tech/InteractionSystem/Door_Down_BP.Door_Down_BP_C:ExecuteUbergraph_Door_Down_BP:14FE
[2017.10.02-18.01.11:835][473]PIE:Error: Error Blueprint Runtime Error: Accessed None trying to read property HackingTerminalPart7 from function: 'ExecuteUbergraph_Door_Down_BP' from node: Set Visibility in graph: EventGraph in object: Door_Down_BP with description: Accessed None trying to read property HackingTerminalPart7
[2017.10.02-18.01.11:835][473]LogScript:Warning: Accessed None
	Door_Down_BP_C /Game/ThirdPersonBP/Maps/UEDPIE_0_MockUp_Map.MockUp_Map:PersistentLevel.Door_Down_BP4
	Function /Game/Tech/InteractionSystem/Door_Down_BP.Door_Down_BP_C:ExecuteUbergraph_Door_Down_BP:1513
[2017.10.02-18.01.11:835][473]PIE:Error: Error Blueprint Runtime Error: Accessed None from function: 'ExecuteUbergraph_Door_Down_BP' from node: Set Visibility in graph: EventGraph in object: Door_Down_BP with description: Accessed None
[2017.10.02-18.01.11:835][473]LogScript:Warning: Accessed None trying to read property HackingTerminalPart8
	Door_Down_BP_C /Game/ThirdPersonBP/Maps/UEDPIE_0_MockUp_Map.MockUp_Map:PersistentLevel.Door_Down_BP4
	Function /Game/Tech/InteractionSystem/Door_Down_BP.Door_Down_BP_C:ExecuteUbergraph_Door_Down_BP:153C
[2017.10.02-18.01.11:836][473]PIE:Error: Error Blueprint Runtime Error: Accessed None trying to read property HackingTerminalPart8 from function: 'ExecuteUbergraph_Door_Down_BP' from node: Set Visibility in graph: EventGraph in object: Door_Down_BP with description: Accessed None trying to read property HackingTerminalPart8
[2017.10.02-18.01.11:836][473]LogScript:Warning: Accessed None
	Door_Down_BP_C /Game/ThirdPersonBP/Maps/UEDPIE_0_MockUp_Map.MockUp_Map:PersistentLevel.Door_Down_BP4
	Function /Game/Tech/InteractionSystem/Door_Down_BP.Door_Down_BP_C:ExecuteUbergraph_Door_Down_BP:1551
[2017.10.02-18.01.11:836][473]PIE:Error: Error Blueprint Runtime Error: Accessed None from function: 'ExecuteUbergraph_Door_Down_BP' from node: Set Visibility in graph: EventGraph in object: Door_Down_BP with description: Accessed None
[2017.10.02-18.01.11:836][473]LogScript:Warning: Accessed None trying to read property HackingTerminalPart2
	Door_Down_BP_C /Game/ThirdPersonBP/Maps/UEDPIE_0_MockUp_Map.MockUp_Map:PersistentLevel.Door_Down_BP5
	Function /Game/Tech/InteractionSystem/Door_Down_BP.Door_Down_BP_C:ExecuteUbergraph_Door_Down_BP:13C8
[2017.10.02-18.01.11:836][473]PIE:Error: Error Blueprint Runtime Error: Accessed None trying to read property HackingTerminalPart2 from function: 'ExecuteUbergraph_Door_Down_BP' from node: Set Visibility in graph: EventGraph in object: Door_Down_BP with description: Accessed None trying to read property HackingTerminalPart2
[2017.10.02-18.01.11:836][473]LogScript:Warning: Accessed None
	Door_Down_BP_C /Game/ThirdPersonBP/Maps/UEDPIE_0_MockUp_Map.MockUp_Map:PersistentLevel.Door_Down_BP5
	Function /Game/Tech/InteractionSystem/Door_Down_BP.Door_Down_BP_C:ExecuteUbergraph_Door_Down_BP:13DD
[2017.10.02-18.01.11:836][473]PIE:Error: Error Blueprint Runtime Error: Accessed None from function: 'ExecuteUbergraph_Door_Down_BP' from node: Set Visibility in graph: EventGraph in object: Door_Down_BP with description: Accessed None
[2017.10.02-18.01.11:836][473]LogScript:Warning: Accessed None trying to read property HackingTerminalPart3
	Door_Down_BP_C /Game/ThirdPersonBP/Maps/UEDPIE_0_MockUp_Map.MockUp_Map:PersistentLevel.Door_Down_BP5
	Function /Game/Tech/InteractionSystem/Door_Down_BP.Door_Down_BP_C:ExecuteUbergraph_Door_Down_BP:1406
[2017.10.02-18.01.11:836][473]PIE:Error: Error Blueprint Runtime Error: Accessed None trying to read property HackingTerminalPart3 from function: 'ExecuteUbergraph_Door_Down_BP' from node: Set Visibility in graph: EventGraph in object: Door_Down_BP with description: Accessed None trying to read property HackingTerminalPart3
[2017.10.02-18.01.11:836][473]LogScript:Warning: Accessed None
	Door_Down_BP_C /Game/ThirdPersonBP/Maps/UEDPIE_0_MockUp_Map.MockUp_Map:PersistentLevel.Door_Down_BP5
	Function /Game/Tech/InteractionSystem/Door_Down_BP.Door_Down_BP_C:ExecuteUbergraph_Door_Down_BP:141B
[2017.10.02-18.01.11:836][473]PIE:Error: Error Blueprint Runtime Error: Accessed None from function: 'ExecuteUbergraph_Door_Down_BP' from node: Set Visibility in graph: EventGraph in object: Door_Down_BP with description: Accessed None
[2017.10.02-18.01.11:836][473]LogScript:Warning: Accessed None trying to read property HackingTerminalPart4
	Door_Down_BP_C /Game/ThirdPersonBP/Maps/UEDPIE_0_MockUp_Map.MockUp_Map:PersistentLevel.Door_Down_BP5
	Function /Game/Tech/InteractionSystem/Door_Down_BP.Door_Down_BP_C:ExecuteUbergraph_Door_Down_BP:1444
[2017.10.02-18.01.11:836][473]PIE:Error: Error Blueprint Runtime Error: Accessed None trying to read property HackingTerminalPart4 from function: 'ExecuteUbergraph_Door_Down_BP' from node: Set Visibility in graph: EventGraph in object: Door_Down_BP with description: Accessed None trying to read property HackingTerminalPart4
[2017.10.02-18.01.11:836][473]LogScript:Warning: Accessed None
	Door_Down_BP_C /Game/ThirdPersonBP/Maps/UEDPIE_0_MockUp_Map.MockUp_Map:PersistentLevel.Door_Down_BP5
	Function /Game/Tech/InteractionSystem/Door_Down_BP.Door_Down_BP_C:ExecuteUbergraph_Door_Down_BP:1459
[2017.10.02-18.01.11:836][473]PIE:Error: Error Blueprint Runtime Error: Accessed None from function: 'ExecuteUbergraph_Door_Down_BP' from node: Set Visibility in graph: EventGraph in object: Door_Down_BP with description: Accessed None
[2017.10.02-18.01.11:836][473]LogScript:Warning: Accessed None trying to read property HackingTerminalPart5
	Door_Down_BP_C /Game/ThirdPersonBP/Maps/UEDPIE_0_MockUp_Map.MockUp_Map:PersistentLevel.Door_Down_BP5
	Function /Game/Tech/InteractionSystem/Door_Down_BP.Door_Down_BP_C:ExecuteUbergraph_Door_Down_BP:1482
[2017.10.02-18.01.11:836][473]PIE:Error: Error Blueprint Runtime Error: Accessed None trying to read property HackingTerminalPart5 from function: 'ExecuteUbergraph_Door_Down_BP' from node: Set Visibility in graph: EventGraph in object: Door_Down_BP with description: Accessed None trying to read property HackingTerminalPart5
[2017.10.02-18.01.11:836][473]LogScript:Warning: Accessed None
	Door_Down_BP_C /Game/ThirdPersonBP/Maps/UEDPIE_0_MockUp_Map.MockUp_Map:PersistentLevel.Door_Down_BP5
	Function /Game/Tech/InteractionSystem/Door_Down_BP.Door_Down_BP_C:ExecuteUbergraph_Door_Down_BP:1497
[2017.10.02-18.01.11:836][473]PIE:Error: Error Blueprint Runtime Error: Accessed None from function: 'ExecuteUbergraph_Door_Down_BP' from node: Set Visibility in graph: EventGraph in object: Door_Down_BP with description: Accessed None
[2017.10.02-18.01.11:836][473]LogScript:Warning: Accessed None trying to read property HackingTerminalPart6
	Door_Down_BP_C /Game/ThirdPersonBP/Maps/UEDPIE_0_MockUp_Map.MockUp_Map:PersistentLevel.Door_Down_BP5
	Function /Game/Tech/InteractionSystem/Door_Down_BP.Door_Down_BP_C:ExecuteUbergraph_Door_Down_BP:14C0
[2017.10.02-18.01.11:836][473]PIE:Error: Error Blueprint Runtime Error: Accessed None trying to read property HackingTerminalPart6 from function: 'ExecuteUbergraph_Door_Down_BP' from node: Set Visibility in graph: EventGraph in object: Door_Down_BP with description: Accessed None trying to read property HackingTerminalPart6
[2017.10.02-18.01.11:836][473]LogScript:Warning: Accessed None
	Door_Down_BP_C /Game/ThirdPersonBP/Maps/UEDPIE_0_MockUp_Map.MockUp_Map:PersistentLevel.Door_Down_BP5
	Function /Game/Tech/InteractionSystem/Door_Down_BP.Door_Down_BP_C:ExecuteUbergraph_Door_Down_BP:14D5
[2017.10.02-18.01.11:836][473]PIE:Error: Error Blueprint Runtime Error: Accessed None from function: 'ExecuteUbergraph_Door_Down_BP' from node: Set Visibility in graph: EventGraph in object: Door_Down_BP with description: Accessed None
[2017.10.02-18.01.11:836][473]LogScript:Warning: Accessed None trying to read property HackingTerminalPart7
	Door_Down_BP_C /Game/ThirdPersonBP/Maps/UEDPIE_0_MockUp_Map.MockUp_Map:PersistentLevel.Door_Down_BP5
	Function /Game/Tech/InteractionSystem/Door_Down_BP.Door_Down_BP_C:ExecuteUbergraph_Door_Down_BP:14FE
[2017.10.02-18.01.11:837][473]PIE:Error: Error Blueprint Runtime Error: Accessed None trying to read property HackingTerminalPart7 from function: 'ExecuteUbergraph_Door_Down_BP' from node: Set Visibility in graph: EventGraph in object: Door_Down_BP with description: Accessed None trying to read property HackingTerminalPart7
[2017.10.02-18.01.11:837][473]LogScript:Warning: Accessed None
	Door_Down_BP_C /Game/ThirdPersonBP/Maps/UEDPIE_0_MockUp_Map.MockUp_Map:PersistentLevel.Door_Down_BP5
	Function /Game/Tech/InteractionSystem/Door_Down_BP.Door_Down_BP_C:ExecuteUbergraph_Door_Down_BP:1513
[2017.10.02-18.01.11:837][473]PIE:Error: Error Blueprint Runtime Error: Accessed None from function: 'ExecuteUbergraph_Door_Down_BP' from node: Set Visibility in graph: EventGraph in object: Door_Down_BP with description: Accessed None
[2017.10.02-18.01.11:837][473]LogScript:Warning: Accessed None trying to read property HackingTerminalPart8
	Door_Down_BP_C /Game/ThirdPersonBP/Maps/UEDPIE_0_MockUp_Map.MockUp_Map:PersistentLevel.Door_Down_BP5
	Function /Game/Tech/InteractionSystem/Door_Down_BP.Door_Down_BP_C:ExecuteUbergraph_Door_Down_BP:153C
[2017.10.02-18.01.11:837][473]PIE:Error: Error Blueprint Runtime Error: Accessed None trying to read property HackingTerminalPart8 from function: 'ExecuteUbergraph_Door_Down_BP' from node: Set Visibility in graph: EventGraph in object: Door_Down_BP with description: Accessed None trying to read property HackingTerminalPart8
[2017.10.02-18.01.11:837][473]LogScript:Warning: Accessed None
	Door_Down_BP_C /Game/ThirdPersonBP/Maps/UEDPIE_0_MockUp_Map.MockUp_Map:PersistentLevel.Door_Down_BP5
	Function /Game/Tech/InteractionSystem/Door_Down_BP.Door_Down_BP_C:ExecuteUbergraph_Door_Down_BP:1551
[2017.10.02-18.01.11:837][473]PIE:Error: Error Blueprint Runtime Error: Accessed None from function: 'ExecuteUbergraph_Door_Down_BP' from node: Set Visibility in graph: EventGraph in object: Door_Down_BP with description: Accessed None
[2017.10.02-18.01.11:837][473]LogScript:Warning: Accessed None trying to read property HackingTerminalPart2
	Door_Down_BP_C /Game/ThirdPersonBP/Maps/UEDPIE_0_MockUp_Map.MockUp_Map:PersistentLevel.Door_Down_BP6
	Function /Game/Tech/InteractionSystem/Door_Down_BP.Door_Down_BP_C:ExecuteUbergraph_Door_Down_BP:13C8
[2017.10.02-18.01.11:837][473]PIE:Error: Error Blueprint Runtime Error: Accessed None trying to read property HackingTerminalPart2 from function: 'ExecuteUbergraph_Door_Down_BP' from node: Set Visibility in graph: EventGraph in object: Door_Down_BP with description: Accessed None trying to read property HackingTerminalPart2
[2017.10.02-18.01.11:837][473]LogScript:Warning: Accessed None
	Door_Down_BP_C /Game/ThirdPersonBP/Maps/UEDPIE_0_MockUp_Map.MockUp_Map:PersistentLevel.Door_Down_BP6
	Function /Game/Tech/InteractionSystem/Door_Down_BP.Door_Down_BP_C:ExecuteUbergraph_Door_Down_BP:13DD
[2017.10.02-18.01.11:837][473]PIE:Error: Error Blueprint Runtime Error: Accessed None from function: 'ExecuteUbergraph_Door_Down_BP' from node: Set Visibility in graph: EventGraph in object: Door_Down_BP with description: Accessed None
[2017.10.02-18.01.11:837][473]LogScript:Warning: Accessed None trying to read property HackingTerminalPart3
	Door_Down_BP_C /Game/ThirdPersonBP/Maps/UEDPIE_0_MockUp_Map.MockUp_Map:PersistentLevel.Door_Down_BP6
	Function /Game/Tech/InteractionSystem/Door_Down_BP.Door_Down_BP_C:ExecuteUbergraph_Door_Down_BP:1406
[2017.10.02-18.01.11:837][473]PIE:Error: Error Blueprint Runtime Error: Accessed None trying to read property HackingTerminalPart3 from function: 'ExecuteUbergraph_Door_Down_BP' from node: Set Visibility in graph: EventGraph in object: Door_Down_BP with description: Accessed None trying to read property HackingTerminalPart3
[2017.10.02-18.01.11:837][473]LogScript:Warning: Accessed None
	Door_Down_BP_C /Game/ThirdPersonBP/Maps/UEDPIE_0_MockUp_Map.MockUp_Map:PersistentLevel.Door_Down_BP6
	Function /Game/Tech/InteractionSystem/Door_Down_BP.Door_Down_BP_C:ExecuteUbergraph_Door_Down_BP:141B
[2017.10.02-18.01.11:837][473]PIE:Error: Error Blueprint Runtime Error: Accessed None from function: 'ExecuteUbergraph_Door_Down_BP' from node: Set Visibility in graph: EventGraph in object: Door_Down_BP with description: Accessed None
[2017.10.02-18.01.11:837][473]LogScript:Warning: Accessed None trying to read property HackingTerminalPart4
	Door_Down_BP_C /Game/ThirdPersonBP/Maps/UEDPIE_0_MockUp_Map.MockUp_Map:PersistentLevel.Door_Down_BP6
	Function /Game/Tech/InteractionSystem/Door_Down_BP.Door_Down_BP_C:ExecuteUbergraph_Door_Down_BP:1444
[2017.10.02-18.01.11:837][473]PIE:Error: Error Blueprint Runtime Error: Accessed None trying to read property HackingTerminalPart4 from function: 'ExecuteUbergraph_Door_Down_BP' from node: Set Visibility in graph: EventGraph in object: Door_Down_BP with description: Accessed None trying to read property HackingTerminalPart4
[2017.10.02-18.01.11:837][473]LogScript:Warning: Accessed None
	Door_Down_BP_C /Game/ThirdPersonBP/Maps/UEDPIE_0_MockUp_Map.MockUp_Map:PersistentLevel.Door_Down_BP6
	Function /Game/Tech/InteractionSystem/Door_Down_BP.Door_Down_BP_C:ExecuteUbergraph_Door_Down_BP:1459
[2017.10.02-18.01.11:837][473]PIE:Error: Error Blueprint Runtime Error: Accessed None from function: 'ExecuteUbergraph_Door_Down_BP' from node: Set Visibility in graph: EventGraph in object: Door_Down_BP with description: Accessed None
[2017.10.02-18.01.11:837][473]LogScript:Warning: Accessed None trying to read property HackingTerminalPart5
	Door_Down_BP_C /Game/ThirdPersonBP/Maps/UEDPIE_0_MockUp_Map.MockUp_Map:PersistentLevel.Door_Down_BP6
	Function /Game/Tech/InteractionSystem/Door_Down_BP.Door_Down_BP_C:ExecuteUbergraph_Door_Down_BP:1482
[2017.10.02-18.01.11:837][473]PIE:Error: Error Blueprint Runtime Error: Accessed None trying to read property HackingTerminalPart5 from function: 'ExecuteUbergraph_Door_Down_BP' from node: Set Visibility in graph: EventGraph in object: Door_Down_BP with description: Accessed None trying to read property HackingTerminalPart5
[2017.10.02-18.01.11:837][473]LogScript:Warning: Accessed None
	Door_Down_BP_C /Game/ThirdPersonBP/Maps/UEDPIE_0_MockUp_Map.MockUp_Map:PersistentLevel.Door_Down_BP6
	Function /Game/Tech/InteractionSystem/Door_Down_BP.Door_Down_BP_C:ExecuteUbergraph_Door_Down_BP:1497
[2017.10.02-18.01.11:837][473]PIE:Error: Error Blueprint Runtime Error: Accessed None from function: 'ExecuteUbergraph_Door_Down_BP' from node: Set Visibility in graph: EventGraph in object: Door_Down_BP with description: Accessed None
[2017.10.02-18.01.11:837][473]LogScript:Warning: Accessed None trying to read property HackingTerminalPart6
	Door_Down_BP_C /Game/ThirdPersonBP/Maps/UEDPIE_0_MockUp_Map.MockUp_Map:PersistentLevel.Door_Down_BP6
	Function /Game/Tech/InteractionSystem/Door_Down_BP.Door_Down_BP_C:ExecuteUbergraph_Door_Down_BP:14C0
[2017.10.02-18.01.11:838][473]PIE:Error: Error Blueprint Runtime Error: Accessed None trying to read property HackingTerminalPart6 from function: 'ExecuteUbergraph_Door_Down_BP' from node: Set Visibility in graph: EventGraph in object: Door_Down_BP with description: Accessed None trying to read property HackingTerminalPart6
[2017.10.02-18.01.11:838][473]LogScript:Warning: Accessed None
	Door_Down_BP_C /Game/ThirdPersonBP/Maps/UEDPIE_0_MockUp_Map.MockUp_Map:PersistentLevel.Door_Down_BP6
	Function /Game/Tech/InteractionSystem/Door_Down_BP.Door_Down_BP_C:ExecuteUbergraph_Door_Down_BP:14D5
[2017.10.02-18.01.11:838][473]PIE:Error: Error Blueprint Runtime Error: Accessed None from function: 'ExecuteUbergraph_Door_Down_BP' from node: Set Visibility in graph: EventGraph in object: Door_Down_BP with description: Accessed None
[2017.10.02-18.01.11:838][473]LogScript:Warning: Accessed None trying to read property HackingTerminalPart7
	Door_Down_BP_C /Game/ThirdPersonBP/Maps/UEDPIE_0_MockUp_Map.MockUp_Map:PersistentLevel.Door_Down_BP6
	Function /Game/Tech/InteractionSystem/Door_Down_BP.Door_Down_BP_C:ExecuteUbergraph_Door_Down_BP:14FE
[2017.10.02-18.01.11:838][473]PIE:Error: Error Blueprint Runtime Error: Accessed None trying to read property HackingTerminalPart7 from function: 'ExecuteUbergraph_Door_Down_BP' from node: Set Visibility in graph: EventGraph in object: Door_Down_BP with description: Accessed None trying to read property HackingTerminalPart7
[2017.10.02-18.01.11:838][473]LogScript:Warning: Accessed None
	Door_Down_BP_C /Game/ThirdPersonBP/Maps/UEDPIE_0_MockUp_Map.MockUp_Map:PersistentLevel.Door_Down_BP6
	Function /Game/Tech/InteractionSystem/Door_Down_BP.Door_Down_BP_C:ExecuteUbergraph_Door_Down_BP:1513
[2017.10.02-18.01.11:838][473]PIE:Error: Error Blueprint Runtime Error: Accessed None from function: 'ExecuteUbergraph_Door_Down_BP' from node: Set Visibility in graph: EventGraph in object: Door_Down_BP with description: Accessed None
[2017.10.02-18.01.11:838][473]LogScript:Warning: Accessed None trying to read property HackingTerminalPart8
	Door_Down_BP_C /Game/ThirdPersonBP/Maps/UEDPIE_0_MockUp_Map.MockUp_Map:PersistentLevel.Door_Down_BP6
	Function /Game/Tech/InteractionSystem/Door_Down_BP.Door_Down_BP_C:ExecuteUbergraph_Door_Down_BP:153C
[2017.10.02-18.01.11:838][473]PIE:Error: Error Blueprint Runtime Error: Accessed None trying to read property HackingTerminalPart8 from function: 'ExecuteUbergraph_Door_Down_BP' from node: Set Visibility in graph: EventGraph in object: Door_Down_BP with description: Accessed None trying to read property HackingTerminalPart8
[2017.10.02-18.01.11:838][473]LogScript:Warning: Accessed None
	Door_Down_BP_C /Game/ThirdPersonBP/Maps/UEDPIE_0_MockUp_Map.MockUp_Map:PersistentLevel.Door_Down_BP6
	Function /Game/Tech/InteractionSystem/Door_Down_BP.Door_Down_BP_C:ExecuteUbergraph_Door_Down_BP:1551
[2017.10.02-18.01.11:838][473]PIE:Error: Error Blueprint Runtime Error: Accessed None from function: 'ExecuteUbergraph_Door_Down_BP' from node: Set Visibility in graph: EventGraph in object: Door_Down_BP with description: Accessed None
[2017.10.02-18.01.11:839][473]PIE: Info Play in editor start time for /Game/ThirdPersonBP/Maps/UEDPIE_0_MockUp_Map 0.801
[2017.10.02-18.01.11:840][473]LogBlueprintUserMessages: Late PlayInEditor Detection: Level '/Game/ThirdPersonBP/Maps/MockUp_Map.MockUp_Map:PersistentLevel' has LevelScriptBlueprint '/Game/ThirdPersonBP/Maps/MockUp_Map.MockUp_Map:PersistentLevel.MockUp_Map' with GeneratedClass '/Game/ThirdPersonBP/Maps/MockUp_Map.MockUp_Map_C' with ClassGeneratedBy '/Game/ThirdPersonBP/Maps/MockUp_Map.MockUp_Map:PersistentLevel.MockUp_Map'
[2017.10.02-18.01.12:990][531]LogTemp:Warning: Auto Correct Lose Sight
[2017.10.02-18.01.12:990][531]LogTemp:Warning: Auto Correct Lose Sight
[2017.10.02-18.01.12:990][531]LogTemp:Warning: Auto Correct Lose Sight
[2017.10.02-18.01.12:991][531]LogTemp:Warning: Auto Correct Lose Sight
[2017.10.02-18.01.12:991][531]LogTemp:Warning: Auto Correct Lose Sight
[2017.10.02-18.01.12:991][531]LogTemp:Warning: Auto Correct Lose Sight
[2017.10.02-18.01.13:648][570]LogBlueprintUserMessages: Early EndPlayMap Detection: Level '/Game/ThirdPersonBP/Maps/MockUp_Map.MockUp_Map:PersistentLevel' has LevelScriptBlueprint '/Game/ThirdPersonBP/Maps/MockUp_Map.MockUp_Map:PersistentLevel.MockUp_Map' with GeneratedClass '/Game/ThirdPersonBP/Maps/MockUp_Map.MockUp_Map_C' with ClassGeneratedBy '/Game/ThirdPersonBP/Maps/MockUp_Map.MockUp_Map:PersistentLevel.MockUp_Map'
[2017.10.02-18.01.13:731][570]LogBlueprintUserMessages: Late EndPlayMap Detection: Level '/Game/ThirdPersonBP/Maps/MockUp_Map.MockUp_Map:PersistentLevel' has LevelScriptBlueprint '/Game/ThirdPersonBP/Maps/MockUp_Map.MockUp_Map:PersistentLevel.MockUp_Map' with GeneratedClass '/Game/ThirdPersonBP/Maps/MockUp_Map.MockUp_Map_C' with ClassGeneratedBy '/Game/ThirdPersonBP/Maps/MockUp_Map.MockUp_Map:PersistentLevel.MockUp_Map'
[2017.10.02-18.01.21:716][ 30]LogSlate: Took 0.000162 seconds to synchronously load lazily loaded font '../../../Engine/Content/Slate/Fonts/Roboto-Light.ttf' (159K)
[2017.10.02-18.01.22:246][ 30]LogSlate: Took 0.000117 seconds to synchronously load lazily loaded font '../../../Engine/Content/Slate/Fonts/Roboto-Regular.ttf' (155K)
[2017.10.02-18.01.22:406][ 30]LogContentBrowser: Native class hierarchy updated for 'BlueprintGraph' in 0.0036 seconds. Added 112 classes and 0 folders.
[2017.10.02-18.01.23:192][ 30]LogSlate: Took 0.012117 seconds to synchronously load lazily loaded font '../../../Engine/Content/Editor/Slate/Fonts/Roboto-BoldCondensed.ttf' (158K)
[2017.10.02-18.01.23:416][ 31]LogSlate: Took 0.014497 seconds to synchronously load lazily loaded font '../../../Engine/Content/Editor/Slate/Fonts/Roboto-Italic.ttf' (157K)
[2017.10.02-18.01.31:725][520]BlueprintLog: New page: Compile EnemyAI_BP
[2017.10.02-18.01.32:379][547]Cmd: OBJ SAVEPACKAGE PACKAGE="/Game/Blueprint/AI/EnemyAI_BP" FILE="../../../../../../Users/chong/OneDrive/Documents/GitHub/FYP_DumbTesting/Meeting/Content/Blueprint/AI/EnemyAI_BP.uasset" SILENT=true
[2017.10.02-18.01.32:412][547]LogSavePackage: Save=17.78ms
[2017.10.02-18.01.32:412][547]LogSavePackage: Moving '../../../../../../Users/chong/OneDrive/Documents/GitHub/FYP_DumbTesting/Meeting/Saved/EnemyAI_BPE0D58F234BCFFB7DF82E519485C0996B.tmp' to '../../../../../../Users/chong/OneDrive/Documents/GitHub/FYP_DumbTesting/Meeting/Content/Blueprint/AI/EnemyAI_BP.uasset'
[2017.10.02-18.01.32:417][547]LogSavePackage:Display: Finished SavePackage ../../../../../../Users/chong/OneDrive/Documents/GitHub/FYP_DumbTesting/Meeting/Content/Blueprint/AI/EnemyAI_BP.uasset
[2017.10.02-18.01.40:590][ 27]LogVSAccessor:Warning: Couldn't access Visual Studio
[2017.10.02-18.01.40:596][ 27]Recompiling Meeting...
[2017.10.02-18.01.40:596][ 27]Launching UnrealBuildTool... [C:/Program Files/Epic Games/UE_4.15/Engine/Binaries/DotNET/UnrealBuildTool.exe Meeting -ModuleWithSuffix Meeting 3032 Win64 Development -editorrecompile -canskiplink "C:/Users/chong/OneDrive/Documents/GitHub/FYP_DumbTesting/Meeting/Meeting.uproject" ]
[2017.10.02-18.01.40:598][ 27]Warning: Starting HotReload took  0.0s.
[2017.10.02-18.02.43:846][325]CompilerResultsLog: New page: Compilation - Oct 3, 2017, 10:02:43 AM
[2017.10.02-18.02.43:846][325]CompilerResultsLog: Info Compiling game modules for hot reload
[2017.10.02-18.02.43:846][325]CompilerResultsLog: Info Target is up to date
[2017.10.02-18.02.43:846][325]CompilerResultsLog: Info Total build time: 60.64 seconds (NoActionsToExecute executor: 0.00 seconds)
[2017.10.02-18.02.43:846][325]LogMainFrame: MainFrame: Module compiling took 63.256 seconds
[2017.10.02-18.02.44:186][325]LogContentBrowser: Native class hierarchy populated in 0.0148 seconds. Added 2261 classes and 459 folders.
[2017.10.02-18.02.44:187][325]Display: HotReload took 63.6s.
[2017.10.02-18.02.51:132][456]LogWindowsTextInputMethodSystem:Display: IME system now deactivated.
[2017.10.02-18.02.51:376][457]Cmd: QUIT_EDITOR
[2017.10.02-18.02.51:466][457]LogExit: Preparing to exit.
[2017.10.02-18.02.52:024][457]LogDirectoryWatcher: A directory notification for 'C:/Users/chong/OneDrive/Documents/GitHub/FYP_DumbTesting/Meeting/Content/' was aborted.
[2017.10.02-18.02.52:123][457]LogExit: Editor shut down
[2017.10.02-18.02.52:124][457]LogExit: Transaction tracking system shut down
[2017.10.02-18.02.52:423][457]LogObj: Freed 0b from 0 cluster array pools.
[2017.10.02-18.02.52:423][457]LogExit: Object subsystem successfully closed.
[2017.10.02-18.02.52:444][457]LogD3D11RHI: Shutdown
[2017.10.02-18.02.52:444][457]LogD3D11RHI: CleanupD3DDevice
[2017.10.02-18.02.52:571][457]LogD3D11RHI: ~FD3D11DynamicRHI
[2017.10.02-18.02.52:587][457]LogModuleManager: Shutting down and abandoning module BlueprintGraph (506)
[2017.10.02-18.02.52:587][457]LogModuleManager: Shutting down and abandoning module BlueprintProfiler (504)
[2017.10.02-18.02.52:587][457]LogModuleManager: Shutting down and abandoning module MovieSceneCapture (502)
[2017.10.02-18.02.52:587][457]LogModuleManager: Shutting down and abandoning module HierarchicalLODOutliner (500)
[2017.10.02-18.02.52:587][457]LogModuleManager: Shutting down and abandoning module CrashTracker (498)
[2017.10.02-18.02.52:587][457]LogModuleManager: Shutting down and abandoning module SceneOutliner (496)
[2017.10.02-18.02.52:587][457]LogModuleManager: Shutting down and abandoning module AddContentDialog (494)
[2017.10.02-18.02.52:587][457]LogDirectoryWatcher: A directory notification for 'C:/Program Files/Epic Games/UE_4.15/FeaturePacks/' was aborted.
[2017.10.02-18.02.52:588][457]LogModuleManager: Shutting down and abandoning module WidgetCarousel (493)
[2017.10.02-18.02.52:588][457]LogModuleManager: Shutting down and abandoning module EditorWidgets (490)
[2017.10.02-18.02.52:588][457]LogModuleManager: Shutting down and abandoning module CollectionManager (488)
[2017.10.02-18.02.52:588][457]LogDirectoryWatcher: A directory notification for 'C:/Users/chong/OneDrive/Documents/GitHub/FYP_DumbTesting/Meeting/Content/Collections/' was aborted.
[2017.10.02-18.02.52:588][457]LogDirectoryWatcher: A directory notification for 'C:/Users/chong/OneDrive/Documents/GitHub/FYP_DumbTesting/Meeting/Content/Developers/chong/Collections/' was aborted.
[2017.10.02-18.02.52:588][457]LogDirectoryWatcher: A directory notification for 'C:/Users/chong/OneDrive/Documents/GitHub/FYP_DumbTesting/Meeting/Saved/Collections/' was aborted.
[2017.10.02-18.02.52:588][457]LogModuleManager: Shutting down and abandoning module StatsViewer (486)
[2017.10.02-18.02.52:588][457]LogModuleManager: Shutting down and abandoning module FoliageEdit (484)
[2017.10.02-18.02.52:588][457]LogModuleManager: Shutting down and abandoning module LandscapeEditor (482)
[2017.10.02-18.02.52:588][457]LogModuleManager: Shutting down and abandoning module SceneDepthPickerMode (480)
[2017.10.02-18.02.52:588][457]LogModuleManager: Shutting down and abandoning module ActorPickerMode (478)
[2017.10.02-18.02.52:588][457]LogModuleManager: Shutting down and abandoning module GeometryMode (476)
[2017.10.02-18.02.52:588][457]LogModuleManager: Shutting down and abandoning module TextureAlignMode (474)
[2017.10.02-18.02.52:588][457]LogModuleManager: Shutting down and abandoning module BspMode (472)
[2017.10.02-18.02.52:588][457]LogModuleManager: Shutting down and abandoning module HardwareSurvey (470)
[2017.10.02-18.02.52:588][457]LogModuleManager: Shutting down and abandoning module SequenceRecorderSections (468)
[2017.10.02-18.02.52:588][457]LogModuleManager: Shutting down and abandoning module AutomationWorker (466)
[2017.10.02-18.02.52:588][457]LogModuleManager: Shutting down and abandoning module MatineeToLevelSequence (464)
[2017.10.02-18.02.52:588][457]LogModuleManager: Shutting down and abandoning module LevelSequenceEditor (462)
[2017.10.02-18.02.52:588][457]LogModuleManager: Shutting down and abandoning module PlacementMode (461)
[2017.10.02-18.02.52:588][457]LogModuleManager: Shutting down and abandoning module WmfMediaFactory (458)
[2017.10.02-18.02.52:588][457]LogModuleManager: Shutting down and abandoning module WmfMediaEditor (456)
[2017.10.02-18.02.52:588][457]LogModuleManager: Shutting down and abandoning module MfMediaFactory (454)
[2017.10.02-18.02.52:588][457]LogModuleManager: Shutting down and abandoning module MfMediaEditor (452)
[2017.10.02-18.02.52:588][457]LogModuleManager: Shutting down and abandoning module AvfMediaFactory (450)
[2017.10.02-18.02.52:588][457]LogModuleManager: Shutting down and abandoning module AvfMediaEditor (448)
[2017.10.02-18.02.52:588][457]LogModuleManager: Shutting down and abandoning module AndroidMediaFactory (446)
[2017.10.02-18.02.52:588][457]LogModuleManager: Shutting down and abandoning module Media (445)
[2017.10.02-18.02.52:588][457]LogModuleManager: Shutting down and abandoning module AndroidMediaEditor (442)
[2017.10.02-18.02.52:588][457]LogModuleManager: Shutting down and abandoning module CharacterAI (440)
[2017.10.02-18.02.52:588][457]LogModuleManager: Shutting down and abandoning module AudioCapture (438)
[2017.10.02-18.02.52:588][457]LogModuleManager: Shutting down and abandoning module SequenceRecorder (437)
[2017.10.02-18.02.52:588][457]LogModuleManager: Shutting down and abandoning module SmartSnapping (434)
[2017.10.02-18.02.52:588][457]LogModuleManager: Shutting down and abandoning module SessionServices (432)
[2017.10.02-18.02.52:588][457]LogModuleManager: Shutting down and abandoning module ViewportSnapping (430)
[2017.10.02-18.02.52:588][457]LogModuleManager: Shutting down and abandoning module ViewportInteraction (428)
[2017.10.02-18.02.52:588][457]LogModuleManager: Shutting down and abandoning module LogVisualizer (426)
[2017.10.02-18.02.52:588][457]LogModuleManager: Shutting down and abandoning module IntroTutorials (424)
[2017.10.02-18.02.52:588][457]LogModuleManager: Shutting down and abandoning module GameProjectGeneration (423)
[2017.10.02-18.02.52:588][457]LogModuleManager: Shutting down and abandoning module EditorLiveStreaming (420)
[2017.10.02-18.02.52:588][457]LogModuleManager: Shutting down and abandoning module IOSPlatformEditor (418)
[2017.10.02-18.02.52:588][457]LogModuleManager: Shutting down and abandoning module HTML5PlatformEditor (416)
[2017.10.02-18.02.52:588][457]LogModuleManager: Shutting down and abandoning module AndroidPlatformEditor (414)
[2017.10.02-18.02.52:588][457]LogModuleManager: Shutting down and abandoning module AndroidDeviceDetection (413)
[2017.10.02-18.02.53:016][457]LogModuleManager: Shutting down and abandoning module IOSRuntimeSettings (410)
[2017.10.02-18.02.53:016][457]LogModuleManager: Shutting down and abandoning module AndroidRuntimeSettings (408)
[2017.10.02-18.02.53:016][457]LogModuleManager: Shutting down and abandoning module InputBindingEditor (406)
[2017.10.02-18.02.53:016][457]LogModuleManager: Shutting down and abandoning module NiagaraEditor (404)
[2017.10.02-18.02.53:016][457]LogModuleManager: Shutting down and abandoning module MergeActors (402)
[2017.10.02-18.02.53:016][457]LogModuleManager: Shutting down and abandoning module SizeMap (400)
[2017.10.02-18.02.53:016][457]LogModuleManager: Shutting down and abandoning module TreeMap (398)
[2017.10.02-18.02.53:016][457]LogModuleManager: Shutting down and abandoning module ReferenceViewer (396)
[2017.10.02-18.02.53:016][457]LogModuleManager: Shutting down and abandoning module LocalizationDashboard (394)
[2017.10.02-18.02.53:016][457]LogModuleManager: Shutting down and abandoning module LocalizationService (393)
[2017.10.02-18.02.53:016][457]LogModuleManager: Shutting down and abandoning module HardwareTargeting (390)
[2017.10.02-18.02.53:016][457]LogModuleManager: Shutting down and abandoning module DeviceProfileEditor (388)
[2017.10.02-18.02.53:016][457]LogModuleManager: Shutting down and abandoning module UndoHistory (386)
[2017.10.02-18.02.53:016][457]LogModuleManager: Shutting down and abandoning module UserFeedback (384)
[2017.10.02-18.02.53:016][457]LogModuleManager: Shutting down and abandoning module XmlParser (382)
[2017.10.02-18.02.53:016][457]LogModuleManager: Shutting down and abandoning module Blutility (380)
[2017.10.02-18.02.53:016][457]LogModuleManager: Shutting down and abandoning module ProjectSettingsViewer (378)
[2017.10.02-18.02.53:016][457]LogModuleManager: Shutting down and abandoning module ProjectTargetPlatformEditor (377)
[2017.10.02-18.02.53:017][457]LogModuleManager: Shutting down and abandoning module EditorSettingsViewer (374)
[2017.10.02-18.02.53:017][457]LogModuleManager: Shutting down and abandoning module SettingsEditor (372)
[2017.10.02-18.02.53:017][457]LogModuleManager: Shutting down and abandoning module ProjectLauncher (370)
[2017.10.02-18.02.53:017][457]LogModuleManager: Shutting down and abandoning module SessionFrontend (368)
[2017.10.02-18.02.53:017][457]LogModuleManager: Shutting down and abandoning module ProfilerClient (366)
[2017.10.02-18.02.53:017][457]LogModuleManager: Shutting down and abandoning module DeviceManager (364)
[2017.10.02-18.02.53:017][457]LogModuleManager: Shutting down and abandoning module TargetDeviceServices (363)
[2017.10.02-18.02.53:059][457]LogModuleManager: Shutting down and abandoning module AutomationController (360)
[2017.10.02-18.02.53:059][457]LogModuleManager: Shutting down and abandoning module AutomationWindow (358)
[2017.10.02-18.02.53:059][457]LogModuleManager: Shutting down and abandoning module Layers (356)
[2017.10.02-18.02.53:059][457]LogModuleManager: Shutting down and abandoning module ComponentVisualizers (354)
[2017.10.02-18.02.53:059][457]LogModuleManager: Shutting down and abandoning module DetailCustomizations (352)
[2017.10.02-18.02.53:059][457]LogModuleManager: Shutting down and abandoning module PackagesDialog (350)
[2017.10.02-18.02.53:059][457]LogModuleManager: Shutting down and abandoning module Persona (348)
[2017.10.02-18.02.53:060][457]LogModuleManager: Shutting down and abandoning module AnimGraph (347)
[2017.10.02-18.02.53:060][457]LogModuleManager: Shutting down and abandoning module Kismet (344)
[2017.10.02-18.02.53:073][457]LogModuleManager: Shutting down and abandoning module GraphEditor (342)
[2017.10.02-18.02.53:073][457]LogModuleManager: Shutting down and abandoning module ClassViewer (340)
[2017.10.02-18.02.53:073][457]LogModuleManager: Shutting down and abandoning module Toolbox (338)
[2017.10.02-18.02.53:073][457]LogModuleManager: Shutting down and abandoning module ModuleUI (336)
[2017.10.02-18.02.53:073][457]LogModuleManager: Shutting down and abandoning module MovieSceneTools (334)
[2017.10.02-18.02.53:073][457]LogModuleManager: Shutting down and abandoning module OutputLog (332)
[2017.10.02-18.02.53:073][457]LogModuleManager: Shutting down and abandoning module GammaUI (330)
[2017.10.02-18.02.53:073][457]LogModuleManager: Shutting down and abandoning module Documentation (328)
[2017.10.02-18.02.53:073][457]LogModuleManager: Shutting down and abandoning module Niagara (326)
[2017.10.02-18.02.53:073][457]LogModuleManager: Shutting down and abandoning module StreamingPauseRendering (324)
[2017.10.02-18.02.53:073][457]LogModuleManager: Shutting down and abandoning module AnalyticsET (322)
[2017.10.02-18.02.53:073][457]LogModuleManager: Shutting down and abandoning module PortalServices (320)
[2017.10.02-18.02.53:074][457]LogModuleManager: Shutting down and abandoning module PortalRpc (318)
[2017.10.02-18.02.53:074][457]LogModuleManager: Shutting down and abandoning module MessagingRpc (316)
[2017.10.02-18.02.53:074][457]LogModuleManager: Shutting down and abandoning module AIModule (314)
[2017.10.02-18.02.53:074][457]LogModuleManager: Shutting down and abandoning module GameplayDebugger (313)
[2017.10.02-18.02.53:074][457]LogModuleManager: Shutting down and abandoning module AITestSuite (311)
[2017.10.02-18.02.53:074][457]LogModuleManager: Shutting down and abandoning module ProfilerService (308)
[2017.10.02-18.02.53:247][457]LogModuleManager: Shutting down and abandoning module TaskGraph (306)
[2017.10.02-18.02.53:247][457]LogModuleManager: Shutting down and abandoning module SteamVRController (304)
[2017.10.02-18.02.53:247][457]LogModuleManager: Shutting down and abandoning module SteamVR (302)
[2017.10.02-18.02.53:247][457]LogModuleManager: Shutting down and abandoning module ProceduralMeshComponentEditor (300)
[2017.10.02-18.02.53:247][457]LogModuleManager: Shutting down and abandoning module ProceduralMeshComponent (298)
[2017.10.02-18.02.53:247][457]LogModuleManager: Shutting down and abandoning module OculusLibrary (296)
[2017.10.02-18.02.53:247][457]LogModuleManager: Shutting down and abandoning module OculusInput (294)
[2017.10.02-18.02.53:247][457]LogModuleManager: Shutting down and abandoning module MobilePatchingUtils (292)
[2017.10.02-18.02.53:247][457]LogModuleManager: Shutting down and abandoning module CustomMeshComponent (290)
[2017.10.02-18.02.53:247][457]LogModuleManager: Shutting down and abandoning module CableComponent (288)
[2017.10.02-18.02.53:247][457]LogModuleManager: Shutting down and abandoning module ArchVisCharacter (286)
[2017.10.02-18.02.53:248][457]LogModuleManager: Shutting down and abandoning module MediaPlayerEditor (282)
[2017.10.02-18.02.53:248][457]LogModuleManager: Shutting down and abandoning module HTML5Networking (280)
[2017.10.02-18.02.53:248][457]LogModuleManager: Shutting down and abandoning module AlembicImporter (278)
[2017.10.02-18.02.53:248][457]LogModuleManager: Shutting down and abandoning module AlembicLibrary (277)
[2017.10.02-18.02.53:248][457]LogModuleManager: Shutting down and abandoning module GeometryCache (276)
[2017.10.02-18.02.53:248][457]LogModuleManager: Shutting down and abandoning module GeometryCacheEd (275)
[2017.10.02-18.02.53:248][457]LogModuleManager: Shutting down and abandoning module SuperSearchEditor (270)
[2017.10.02-18.02.53:248][457]LogModuleManager: Shutting down and abandoning module SuperSearch (269)
[2017.10.02-18.02.53:248][457]LogModuleManager: Shutting down and abandoning module SpeedTreeImporter (266)
[2017.10.02-18.02.53:248][457]LogModuleManager: Shutting down and abandoning module PluginBrowser (264)
[2017.10.02-18.02.53:248][457]LogModuleManager: Shutting down and abandoning module MobileLauncherProfileWizard (262)
[2017.10.02-18.02.53:248][457]LogModuleManager: Shutting down and abandoning module EpicSurvey (260)
[2017.10.02-18.02.53:248][457]LogModuleManager: Shutting down and abandoning module VisualStudioSourceCodeAccess (258)
[2017.10.02-18.02.53:248][457]LogModuleManager: Shutting down and abandoning module DesktopPlatform (257)
[2017.10.02-18.02.53:248][457]LogModuleManager: Shutting down and abandoning module UObjectPlugin (254)
[2017.10.02-18.02.53:248][457]LogModuleManager: Shutting down and abandoning module SubversionSourceControl (252)
[2017.10.02-18.02.53:248][457]LogModuleManager: Shutting down and abandoning module PerforceSourceControl (250)
[2017.10.02-18.02.53:248][457]LogModuleManager: Shutting down and abandoning module GitSourceControl (248)
[2017.10.02-18.02.53:248][457]LogModuleManager: Shutting down and abandoning module SourceControl (247)
[2017.10.02-18.02.53:248][457]LogModuleManager: Shutting down and abandoning module LightPropagationVolumeEditor (244)
[2017.10.02-18.02.53:249][457]LogModuleManager: Shutting down and abandoning module PaperTiledImporter (242)
[2017.10.02-18.02.53:249][457]LogModuleManager: Shutting down and abandoning module PaperSpriteSheetImporter (240)
[2017.10.02-18.02.53:249][457]LogModuleManager: Shutting down and abandoning module Paper2DEditor (238)
[2017.10.02-18.02.53:249][457]LogModuleManager: Shutting down and abandoning module MeshPaint (237)
[2017.10.02-18.02.53:249][457]LogModuleManager: Shutting down and abandoning module LevelEditor (235)
[2017.10.02-18.02.53:251][457]LogModuleManager: Shutting down and abandoning module PixelInspectorModule (234)
[2017.10.02-18.02.53:251][457]LogModuleManager: Shutting down and abandoning module MainFrame (232)
[2017.10.02-18.02.53:251][457]LogModuleManager: Shutting down and abandoning module HotReload (231)
[2017.10.02-18.02.53:251][457]LogDirectoryWatcher: A directory notification for 'C:/Users/chong/OneDrive/Documents/GitHub/FYP_DumbTesting/Meeting/Binaries/Win64' was aborted.
[2017.10.02-18.02.53:252][457]LogModuleManager: Shutting down and abandoning module ContentBrowser (227)
[2017.10.02-18.02.53:255][457]LogModuleManager: Shutting down and abandoning module Meeting (224)
[2017.10.02-18.02.53:255][457]LogModuleManager: Shutting down and abandoning module PhysXVehiclesEditor (222)
[2017.10.02-18.02.53:255][457]LogModuleManager: Shutting down and abandoning module PhysXVehicles (220)
[2017.10.02-18.02.53:255][457]LogModuleManager: Shutting down and abandoning module LocationServicesBPLibrary (218)
[2017.10.02-18.02.53:255][457]LogModuleManager: Shutting down and abandoning module UdpMessaging (216)
[2017.10.02-18.02.53:356][457]LogModuleManager: Shutting down and abandoning module TcpMessaging (214)
[2017.10.02-18.02.53:457][457]LogModuleManager: Shutting down and abandoning module GameplayTagsEditor (212)
[2017.10.02-18.02.53:457][457]LogModuleManager: Shutting down and abandoning module FacialAnimationEditor (210)
[2017.10.02-18.02.53:457][457]LogModuleManager: Shutting down and abandoning module FacialAnimation (208)
[2017.10.02-18.02.53:457][457]LogModuleManager: Shutting down and abandoning module LightPropagationVolumeRuntime (206)
[2017.10.02-18.02.53:457][457]LogModuleManager: Shutting down and abandoning module Paper2D (204)
[2017.10.02-18.02.53:457][457]LogModuleManager: Shutting down and abandoning module WindowsMoviePlayer (202)
[2017.10.02-18.02.53:457][457]LogModuleManager: Shutting down and abandoning module WmfMedia (200)
[2017.10.02-18.02.53:457][457]LogModuleManager: Shutting down and abandoning module MfMedia (198)
[2017.10.02-18.02.53:457][457]LogModuleManager: Shutting down and abandoning module MediaAssets (196)
[2017.10.02-18.02.53:457][457]LogModuleManager: Shutting down and abandoning module GameLiveStreaming (194)
[2017.10.02-18.02.53:457][457]LogModuleManager: Shutting down and abandoning module VREditor (192)
[2017.10.02-18.02.53:457][457]LogModuleManager: Shutting down and abandoning module GameplayTasksEditor (190)
[2017.10.02-18.02.53:457][457]LogModuleManager: Shutting down and abandoning module BehaviorTreeEditor (188)
[2017.10.02-18.02.53:457][457]LogModuleManager: Shutting down and abandoning module FunctionalTesting (186)
[2017.10.02-18.02.53:457][457]LogModuleManager: Shutting down and abandoning module CollisionAnalyzer (184)
[2017.10.02-18.02.53:457][457]LogModuleManager: Shutting down and abandoning module UMG (182)
[2017.10.02-18.02.53:457][457]LogModuleManager: Shutting down and abandoning module UMGEditor (181)
[2017.10.02-18.02.53:457][457]LogModuleManager: Shutting down and abandoning module Sequencer (180)
[2017.10.02-18.02.53:457][457]LogModuleManager: Shutting down and abandoning module AssetTools (178)
[2017.10.02-18.02.53:457][457]LogModuleManager: Shutting down and abandoning module MessageLog (177)
[2017.10.02-18.02.53:457][457]LogModuleManager: Shutting down and abandoning module WorkspaceMenuStructure (176)
[2017.10.02-18.02.53:457][457]LogModuleManager: Shutting down and abandoning module SlateReflector (170)
[2017.10.02-18.02.53:457][457]LogModuleManager: Shutting down and abandoning module Slate (168)
[2017.10.02-18.02.53:457][457]LogModuleManager: Shutting down and abandoning module EditorStyle (166)
[2017.10.02-18.02.53:462][457]LogModuleManager: Shutting down and abandoning module SourceCodeAccess (164)
[2017.10.02-18.02.53:462][457]LogModuleManager: Shutting down and abandoning module HeadMountedDisplay (162)
[2017.10.02-18.02.53:462][457]LogModuleManager: Shutting down and abandoning module XAudio2 (160)
[2017.10.02-18.02.53:462][457]LogModuleManager: Shutting down and abandoning module Networking (158)
[2017.10.02-18.02.53:462][457]LogModuleManager: Shutting down and abandoning module Core (154)
[2017.10.02-18.02.53:462][457]LogModuleManager: Shutting down and abandoning module AssetRegistry (152)
[2017.10.02-18.02.53:683][457]LogDirectoryWatcher: A directory notification for '../../../Engine/Content/' was aborted.
[2017.10.02-18.02.53:683][457]LogDirectoryWatcher: A directory notification for '../../../../../../Users/chong/OneDrive/Documents/GitHub/FYP_DumbTesting/Meeting/Content/' was aborted.
[2017.10.02-18.02.53:683][457]LogDirectoryWatcher: A directory notification for '../../../Engine/Plugins/2D/Paper2D/Content/' was aborted.
[2017.10.02-18.02.53:683][457]LogModuleManager: Shutting down and abandoning module DirectoryWatcher (151)
[2017.10.02-18.02.53:684][457]LogModuleManager: Shutting down and abandoning module KismetCompiler (148)
[2017.10.02-18.02.53:684][457]LogModuleManager: Shutting down and abandoning module PhysXFormats (146)
[2017.10.02-18.02.53:684][457]LogModuleManager: Shutting down and abandoning module MeshUtilities (144)
[2017.10.02-18.02.53:684][457]LogModuleManager: Shutting down and abandoning module SimplygonSwarm (143)
[2017.10.02-18.02.53:684][457]LogModuleManager: Shutting down and abandoning module SimplygonMeshReduction (141)
[2017.10.02-18.02.53:684][457]LogModuleManager: Shutting down and abandoning module QuadricMeshReduction (139)
[2017.10.02-18.02.53:684][457]LogModuleManager: Shutting down and abandoning module PropertyEditor (137)
[2017.10.02-18.02.53:684][457]LogModuleManager: Shutting down and abandoning module DerivedDataCache (134)
[2017.10.02-18.02.53:739][457]LogDerivedDataCache: Shutdown
[2017.10.02-18.02.53:739][457]LogModuleManager: Shutting down and abandoning module TargetPlatform (132)
[2017.10.02-18.02.53:739][457]LogModuleManager: Shutting down and abandoning module VulkanShaderFormat (131)
[2017.10.02-18.02.53:739][457]LogModuleManager: Shutting down and abandoning module ShaderFormatOpenGL (129)
[2017.10.02-18.02.53:739][457]LogModuleManager: Shutting down and abandoning module ShaderFormatD3D (127)
[2017.10.02-18.02.53:739][457]LogModuleManager: Shutting down and abandoning module MetalShaderFormat (125)
[2017.10.02-18.02.53:739][457]LogModuleManager: Shutting down and abandoning module TextureFormatUncompressed (123)
[2017.10.02-18.02.53:740][457]LogModuleManager: Shutting down and abandoning module TextureFormatPVR (121)
[2017.10.02-18.02.53:740][457]LogModuleManager: Shutting down and abandoning module TextureFormatDXT (119)
[2017.10.02-18.02.53:740][457]LogModuleManager: Shutting down and abandoning module TextureFormatIntelISPCTexComp (117)
[2017.10.02-18.02.53:740][457]LogModuleManager: Shutting down and abandoning module TextureFormatASTC (115)
[2017.10.02-18.02.53:740][457]LogModuleManager: Shutting down and abandoning module ImageWrapper (114)
[2017.10.02-18.02.53:740][457]LogModuleManager: Shutting down and abandoning module TextureFormatAndroid (111)
[2017.10.02-18.02.53:740][457]LogModuleManager: Shutting down and abandoning module AudioFormatOpus (109)
[2017.10.02-18.02.53:740][457]LogModuleManager: Shutting down and abandoning module AudioFormatOgg (107)
[2017.10.02-18.02.53:740][457]LogModuleManager: Shutting down and abandoning module AudioFormatADPCM (105)
[2017.10.02-18.02.53:740][457]LogModuleManager: Shutting down and abandoning module LinuxTargetPlatform (103)
[2017.10.02-18.02.53:740][457]LogModuleManager: Shutting down and abandoning module LinuxServerTargetPlatform (101)
[2017.10.02-18.02.53:740][457]LogModuleManager: Shutting down and abandoning module LinuxNoEditorTargetPlatform (99)
[2017.10.02-18.02.53:740][457]LogModuleManager: Shutting down and abandoning module LinuxClientTargetPlatform (97)
[2017.10.02-18.02.53:740][457]LogModuleManager: Shutting down and abandoning module TVOSTargetPlatform (95)
[2017.10.02-18.02.53:740][457]LogModuleManager: Shutting down and abandoning module Messaging (93)
[2017.10.02-18.02.53:740][457]LogModuleManager: Shutting down and abandoning module IOSTargetPlatform (91)
[2017.10.02-18.02.53:740][457]LogModuleManager: Shutting down and abandoning module HTML5TargetPlatform (89)
[2017.10.02-18.02.53:740][457]LogModuleManager: Shutting down and abandoning module Android_PVRTCTargetPlatform (87)
[2017.10.02-18.02.53:740][457]LogModuleManager: Shutting down and abandoning module Android_MultiTargetPlatform (85)
[2017.10.02-18.02.53:740][457]LogModuleManager: Shutting down and abandoning module Android_ETC2TargetPlatform (83)
[2017.10.02-18.02.53:740][457]LogModuleManager: Shutting down and abandoning module Android_ETC1TargetPlatform (81)
[2017.10.02-18.02.53:740][457]LogModuleManager: Shutting down and abandoning module Android_DXTTargetPlatform (79)
[2017.10.02-18.02.53:741][457]LogModuleManager: Shutting down and abandoning module Android_ATCTargetPlatform (77)
[2017.10.02-18.02.53:741][457]LogModuleManager: Shutting down and abandoning module Android_ASTCTargetPlatform (75)
[2017.10.02-18.02.53:741][457]LogModuleManager: Shutting down and abandoning module AndroidTargetPlatform (73)
[2017.10.02-18.02.53:741][457]LogModuleManager: Shutting down and abandoning module WindowsTargetPlatform (71)
[2017.10.02-18.02.53:741][457]LogModuleManager: Shutting down and abandoning module WindowsServerTargetPlatform (69)
[2017.10.02-18.02.53:741][457]LogModuleManager: Shutting down and abandoning module WindowsNoEditorTargetPlatform (67)
[2017.10.02-18.02.53:741][457]LogModuleManager: Shutting down and abandoning module WindowsClientTargetPlatform (65)
[2017.10.02-18.02.53:741][457]LogModuleManager: Shutting down and abandoning module MacTargetPlatform (63)
[2017.10.02-18.02.53:741][457]LogModuleManager: Shutting down and abandoning module MacServerTargetPlatform (61)
[2017.10.02-18.02.53:741][457]LogModuleManager: Shutting down and abandoning module MacNoEditorTargetPlatform (59)
[2017.10.02-18.02.53:741][457]LogModuleManager: Shutting down and abandoning module MacClientTargetPlatform (57)
[2017.10.02-18.02.53:741][457]LogModuleManager: Shutting down and abandoning module AllDesktopTargetPlatform (55)
[2017.10.02-18.02.53:741][457]LogModuleManager: Shutting down and abandoning module InputCore (52)
[2017.10.02-18.02.53:741][457]LogModuleManager: Shutting down and abandoning module Settings (50)
[2017.10.02-18.02.53:741][457]LogModuleManager: Shutting down and abandoning module OculusRift (48)
[2017.10.02-18.02.53:741][457]LogModuleManager: Shutting down and abandoning module GearVR (46)
[2017.10.02-18.02.53:741][457]LogModuleManager: Shutting down and abandoning module ExampleDeviceProfileSelector (44)
[2017.10.02-18.02.53:741][457]LogModuleManager: Shutting down and abandoning module OnlineBlueprintSupport (42)
[2017.10.02-18.02.53:741][457]LogModuleManager: Shutting down and abandoning module OnlineSubsystem (38)
[2017.10.02-18.02.53:741][457]LogOnline:Display: Unloading online subsystem: NULL
[2017.10.02-18.02.53:741][457]LogModuleManager: Shutting down and abandoning module XMPP (37)
[2017.10.02-18.02.53:741][457]LogModuleManager: Shutting down and abandoning module HTTP (35)
[2017.10.02-18.02.53:741][457]LogHttp:Display: Http module shutting down, but needs to wait on 1 outstanding Http requests:
[2017.10.02-18.02.53:741][457]LogHttp:Display: 	verb=[POST] url=[https://datarouter.ol.epicgames.com/datarouter/api/v1/public/data?SessionID=%7B6F5A148A-420A-A517-841F-1FA4CB442FAD%7D&AppID=UEEditor.Rocket.Release&AppVersion=4.15.3-3450819%2B%2B%2BUE4%2BRelease-4.15&UserID=b99de09e4fd31c4d8810b7b27378685f%7Cd854f23f85534a6a958aa5db07b32c86%7Cc8e0bc57-2edb-4c06-a7cf-4ae6b98e3978&AppEnvironment=datacollector-binary&UploadType=eteventstream] status=Processing
[2017.10.02-18.02.53:763][457]LogModuleManager: Shutting down and abandoning module SSL (34)
[2017.10.02-18.02.53:769][457]LogModuleManager: Shutting down and abandoning module AudioEditor (30)
[2017.10.02-18.02.53:770][457]LogModuleManager: Shutting down and abandoning module TextureCompressor (28)
[2017.10.02-18.02.53:770][457]LogModuleManager: Shutting down and abandoning module ShaderCore (26)
[2017.10.02-18.02.53:770][457]LogModuleManager: Shutting down and abandoning module Landscape (24)
[2017.10.02-18.02.53:770][457]LogModuleManager: Shutting down and abandoning module SlateRHIRenderer (22)
[2017.10.02-18.02.53:773][457]LogModuleManager: Shutting down and abandoning module OpenGLDrv (20)
[2017.10.02-18.02.53:773][457]LogModuleManager: Shutting down and abandoning module D3D11RHI (18)
[2017.10.02-18.02.53:773][457]LogModuleManager: Shutting down and abandoning module AnimGraphRuntime (16)
[2017.10.02-18.02.53:773][457]LogModuleManager: Shutting down and abandoning module Renderer (14)
[2017.10.02-18.02.53:773][457]LogModuleManager: Shutting down and abandoning module Engine (12)
[2017.10.02-18.02.53:773][457]LogModuleManager: Shutting down and abandoning module CoreUObject (10)
[2017.10.02-18.02.53:774][457]LogModuleManager: Shutting down and abandoning module NetworkFile (8)
[2017.10.02-18.02.53:774][457]LogModuleManager: Shutting down and abandoning module StreamingFile (6)
[2017.10.02-18.02.53:774][457]LogModuleManager: Shutting down and abandoning module SandboxFile (4)
[2017.10.02-18.02.53:774][457]LogModuleManager: Shutting down and abandoning module PakFile (2)
[2017.10.02-18.02.53:779][457]LogExit: Exiting.
[2017.10.02-18.02.53:787][457]Log file closed, 10/03/17 02:02:53
