Log file open, 11/19/17 07:43:24
LogInit:Display: Running engine for game: Meeting
LogPlatformFile: Not using cached read wrapper
LogInit:Display: RandInit(1795058599) SRandInit(1795058599).
LogTaskGraph: Started task graph with 5 named threads and 7 total threads with 1 sets of task threads.
LogStats: Stats thread started at 0.146376
LogInit: Using libcurl 7.47.1
LogInit:  - built for x86_64-pc-win32
LogInit:  - supports SSL with OpenSSL/1.0.2g
LogInit:  - supports HTTP deflate (compression) using libz 1.2.8
LogInit:  - other features:
LogInit:      CURL_VERSION_SSL
LogInit:      CURL_VERSION_LIBZ
LogInit:      CURL_VERSION_IPV6
LogInit:      CURL_VERSION_ASYNCHDNS
LogInit:      CURL_VERSION_LARGEFILE
LogInit:      CURL_VERSION_IDN
LogInit:  CurlRequestOptions (configurable via config and command line):
LogInit:  - bVerifyPeer = false  - Libcurl will NOT verify peer certificate
LogInit:  - bUseHttpProxy = false  - Libcurl will NOT use HTTP proxy
LogInit:  - bDontReuseConnections = false  - Libcurl will reuse connections
LogInit:  - CertBundlePath = nullptr  - Libcurl will use whatever was configured at build time.
LogInit: Build: ++UE4+Release-4.15-CL-3450819
LogInit: Engine Version: 4.15.3-3450819+++UE4+Release-4.15
LogInit: Compatible Engine Version: 4.15.0-3299760+++UE4+Release-4.15
LogInit: Net CL: 3299760
LogDevObjectVersion: Number of dev versions registered: 14
LogDevObjectVersion:   Dev-Blueprints (B0D832E4-1F89-4F0D-ACCF-7EB736FD4AA2): 8
LogDevObjectVersion:   Dev-Build (E1C64328-A22C-4D53-A36C-8E866417BD8C): 0
LogDevObjectVersion:   Dev-Core (375EC13C-06E4-48FB-B500-84F0262A717E): 2
LogDevObjectVersion:   Dev-Editor (E4B068ED-F494-42E9-A231-DA0B2E46BB41): 14
LogDevObjectVersion:   Dev-Framework (CFFC743F-43B0-4480-9391-14DF171D2073): 22
LogDevObjectVersion:   Dev-Mobile (B02B49B5-BB20-44E9-A304-32B752E40360): 0
LogDevObjectVersion:   Dev-Networking (A4E4105C-59A1-49B5-A7C5-40C4547EDFEE): 0
LogDevObjectVersion:   Dev-Online (39C831C9-5AE6-47DC-9A44-9C173E1C8E7C): 0
LogDevObjectVersion:   Dev-Physics (78F01B33-EBEA-4F98-B9B4-84EACCB95AA2): 0
LogDevObjectVersion:   Dev-Platform (6631380F-2D4D-43E0-8009-CF276956A95A): 0
LogDevObjectVersion:   Dev-Rendering (12F88B9F-8875-4AFC-A67C-D90C383ABD29): 12
LogDevObjectVersion:   Dev-Sequencer (7B5AE74C-D270-4C10-A958-57980B212A5A): 3
LogDevObjectVersion:   Dev-VR (D7296918-1DD6-4BDD-9DE2-64A83CC13884): 0
LogDevObjectVersion:   Dev-LoadTimes (C2A15278-BFE7-4AFE-6C17-90FF531DF755): 1
LogInit: Compiled (64-bit): May 21 2017 11:02:34
LogInit: Compiled with Visual C++: 19.00.23026.00
LogInit: Build Configuration: Development
LogInit: Branch Name: ++UE4+Release-4.15
LogInit: Command line:  
LogInit: Base directory: D:/UnrealEngine/UE_4.15/Engine/Binaries/Win64/
LogInit: Installed Engine Build: 1
LogInit: Presizing for max 8388607 objects, including 0 objects not considered by GC, pre-allocating 0 bytes for permanent pool.
LogInit: Object subsystem initialized
[2017.11.18-23.43.26:901][  0]LogInit: Selected Device Profile: [Windows]
[2017.11.18-23.43.26:901][  0]LogInit: Applying CVar settings loaded from the selected device profile: [Windows]
[2017.11.18-23.43.27:087][  0]LogInit: Computer: WINCTRL-E5MM7PO
[2017.11.18-23.43.27:087][  0]LogInit: User: HELLOBYE
[2017.11.18-23.43.27:087][  0]LogInit: CPU Page size=65536, Cores=3
[2017.11.18-23.43.27:087][  0]LogInit: High frequency timer resolution =3.825769 MHz
[2017.11.18-23.43.27:102][  0]LogMemory: Memory total: Physical=8.0GB (8GB approx)
[2017.11.18-23.43.27:102][  0]LogMemory: Platform Memory Stats for Windows
[2017.11.18-23.43.27:102][  0]LogMemory: Process Physical Memory: 271.57 MB used, 271.57 MB peak
[2017.11.18-23.43.27:102][  0]LogMemory: Process Virtual Memory: 279.41 MB used, 279.41 MB peak
[2017.11.18-23.43.27:102][  0]LogMemory: Physical Memory: 2345.29 MB used,  5828.82 MB free, 8174.11 MB total
[2017.11.18-23.43.27:102][  0]LogMemory: Virtual Memory: 661.54 MB used,  5828.82 MB free, 134217728.00 MB total
[2017.11.18-23.43.28:439][  0]LogTextLocalizationManager: No specific translations for ('en-MY') exist, so ('en') translations will be used.
[2017.11.18-23.43.35:165][  0]LogD3D11RHI: D3D11 adapters:
[2017.11.18-23.43.35:476][  0]LogD3D11RHI:    0. 'NVIDIA GeForce GTX 650' (Feature Level 11_0)
[2017.11.18-23.43.35:476][  0]LogD3D11RHI:       995/0/4087 MB DedicatedVideo/DedicatedSystem/SharedSystem, Outputs:1, VendorId:0x10de
[2017.11.18-23.43.35:478][  0]LogD3D11RHI:    1. 'Microsoft Basic Render Driver' (Feature Level 11_0)
[2017.11.18-23.43.35:478][  0]LogD3D11RHI:       0/0/4087 MB DedicatedVideo/DedicatedSystem/SharedSystem, Outputs:0, VendorId:0x1414
[2017.11.18-23.43.35:478][  0]LogD3D11RHI: Chosen D3D11 Adapter: 0
[2017.11.18-23.43.35:507][  0]LogD3D11RHI: Creating new Direct3DDevice
[2017.11.18-23.43.35:507][  0]LogD3D11RHI:     GPU DeviceId: 0xfc6 (for the marketing name, search the web for "GPU Device Id")
[2017.11.18-23.43.35:507][  0]LogWindows: EnumDisplayDevices:
[2017.11.18-23.43.35:507][  0]LogWindows:    0. 'NVIDIA GeForce GTX 650' (P:1 D:1)
[2017.11.18-23.43.35:507][  0]LogWindows:    1. 'NVIDIA GeForce GTX 650' (P:0 D:0)
[2017.11.18-23.43.35:507][  0]LogWindows:    2. 'NVIDIA GeForce GTX 650' (P:0 D:0)
[2017.11.18-23.43.35:508][  0]LogWindows:    3. 'NVIDIA GeForce GTX 650' (P:0 D:0)
[2017.11.18-23.43.35:508][  0]LogWindows: DebugString: FoundDriverCount:4 
[2017.11.18-23.43.35:508][  0]LogD3D11RHI:     Adapter Name: NVIDIA GeForce GTX 650
[2017.11.18-23.43.35:508][  0]LogD3D11RHI:   Driver Version: 382.05 (internal:22.21.13.8205, unified:382.05)
[2017.11.18-23.43.35:508][  0]LogD3D11RHI:      Driver Date: 5-1-2017
[2017.11.18-23.43.35:508][  0]LogRHI: Texture pool is 696 MB (70% of 995 MB)
[2017.11.18-23.43.35:750][  0]LogD3D11RHI:Warning: Timestamp queries are currently disabled on this hardware due to instability. Realtime GPU stats will not be available. You can override this behaviour by setting r.NVIDIATimestampWorkaround to 0
[2017.11.18-23.43.35:763][  0]LogD3D11RHI: Async texture creation enabled
[2017.11.18-23.43.37:298][  0]LogD3D11RHI: GPU Timing Frequency: 1000.000000 (Debug: 2 3)
[2017.11.18-23.43.37:534][  0]LogShaderCompilers: Guid format shader working directory is 5 characters bigger than the processId version (../../../../../GitHub/FYP_DumbTesting/Meeting/Intermediate/Shaders/WorkingDirectory/12112/).
[2017.11.18-23.43.37:534][  0]LogShaderCompilers: Cleaned the shader compiler working directory 'C:/Users/HELLO_BYE`/AppData/Local/Temp/UnrealShaderWorkingDir/90ACE71046D17816E31D66AB2C2FDAF8/'.
[2017.11.18-23.43.37:534][  0]LogShaderCompilers:Display: Using Local Shader Compiler.
[2017.11.18-23.43.44:334][  0]LogTemp:Display: Loaded TP AllDesktopTargetPlatform
[2017.11.18-23.43.44:427][  0]LogTemp:Display: Loaded TP MacClientTargetPlatform
[2017.11.18-23.43.44:491][  0]LogTemp:Display: Loaded TP MacNoEditorTargetPlatform
[2017.11.18-23.43.44:557][  0]LogTemp:Display: Loaded TP MacServerTargetPlatform
[2017.11.18-23.43.44:680][  0]LogTemp:Display: Loaded TP MacTargetPlatform
[2017.11.18-23.43.44:747][  0]LogTemp:Display: Loaded TP WindowsClientTargetPlatform
[2017.11.18-23.43.44:812][  0]LogTemp:Display: Loaded TP WindowsNoEditorTargetPlatform
[2017.11.18-23.43.44:885][  0]LogTemp:Display: Loaded TP WindowsServerTargetPlatform
[2017.11.18-23.43.44:978][  0]LogTemp:Display: Loaded TP WindowsTargetPlatform
[2017.11.18-23.43.45:064][  0]LogTemp:Display: Loaded TP AndroidTargetPlatform
[2017.11.18-23.43.45:155][  0]LogTemp:Display: Loaded TP Android_ASTCTargetPlatform
[2017.11.18-23.43.45:223][  0]LogTemp:Display: Loaded TP Android_ATCTargetPlatform
[2017.11.18-23.43.45:292][  0]LogTemp:Display: Loaded TP Android_DXTTargetPlatform
[2017.11.18-23.43.45:357][  0]LogTemp:Display: Loaded TP Android_ETC1TargetPlatform
[2017.11.18-23.43.45:423][  0]LogTemp:Display: Loaded TP Android_ETC2TargetPlatform
[2017.11.18-23.43.45:773][  0]LogTemp:Display: Loaded TP Android_MultiTargetPlatform
[2017.11.18-23.43.45:773][  0]LogTemp:Display: Loaded TP Android_PVRTCTargetPlatform
[2017.11.18-23.43.45:833][  0]LogTemp:Display: Loaded TP HTML5TargetPlatform
[2017.11.18-23.43.46:047][  0]LogTemp:Display: Loaded TP IOSTargetPlatform
[2017.11.18-23.43.46:093][  0]LogTemp:Display: Loaded TP TVOSTargetPlatform
[2017.11.18-23.43.46:156][  0]LogTemp:Display: Loaded TP LinuxClientTargetPlatform
[2017.11.18-23.43.46:221][  0]LogTemp:Display: Loaded TP LinuxNoEditorTargetPlatform
[2017.11.18-23.43.46:285][  0]LogTemp:Display: Loaded TP LinuxServerTargetPlatform
[2017.11.18-23.43.46:386][  0]LogTemp:Display: Loaded TP LinuxTargetPlatform
[2017.11.18-23.43.46:386][  0]LogTargetPlatformManager:Display: Building Assets For Windows
[2017.11.18-23.43.48:288][  0]LogDerivedDataCache:Display: Max Cache Size: 512 MB
[2017.11.18-23.43.49:080][  0]LogDerivedDataCache: Loaded boot cache 0.77s 50MB C:/Users/HELLO_BYE`/AppData/Local/UnrealEngine/4.15/DerivedDataCache/Boot.ddc.
[2017.11.18-23.43.49:080][  0]LogDerivedDataCache:Display: Loaded Boot cache: C:/Users/HELLO_BYE`/AppData/Local/UnrealEngine/4.15/DerivedDataCache/Boot.ddc
[2017.11.18-23.43.49:080][  0]LogDerivedDataCache: FDerivedDataBackendGraph:  Pak pak cache file ../../../../../GitHub/FYP_DumbTesting/Meeting/DerivedDataCache/DDC.ddp not found, will not use a pak cache.
[2017.11.18-23.43.49:080][  0]LogDerivedDataCache: Unable to find inner node Pak for hierarchical cache Hierarchy.
[2017.11.18-23.43.49:081][  0]LogDerivedDataCache: FDerivedDataBackendGraph:  CompressedPak pak cache file ../../../../../GitHub/FYP_DumbTesting/Meeting/DerivedDataCache/Compressed.ddp not found, will not use a pak cache.
[2017.11.18-23.43.49:081][  0]LogDerivedDataCache: Unable to find inner node CompressedPak for hierarchical cache Hierarchy.
[2017.11.18-23.43.49:151][  0]LogDerivedDataCache:Display: Pak cache opened for reading ../../../Engine/DerivedDataCache/Compressed.ddp.
[2017.11.18-23.43.49:163][  0]LogDerivedDataCache: Using Local data cache path C:/Users/HELLO_BYE`/AppData/Local/UnrealEngine/Common/DerivedDataCache: Writable
[2017.11.18-23.43.49:386][  0]LogSlate: Using Freetype 2.6.0
[2017.11.18-23.43.49:561][  0]LogSlate: SlateFontCache - WITH_FREETYPE: 1, WITH_HARFBUZZ: 1
[2017.11.18-23.43.49:561][  0]LogSlate: SlateFontCache - WITH_FREETYPE: 1, WITH_HARFBUZZ: 1
[2017.11.18-23.43.59:969][  0]LogInit: Selected Device Profile: [Windows]
[2017.11.18-23.44.00:047][  0]LogContentStreaming: Texture pool size is 0.00 MB
[2017.11.18-23.44.01:079][  0]LogMeshUtilities: Using QuadricMeshReduction for automatic static mesh reduction
[2017.11.18-23.44.01:156][  0]LogSimplygon: Simplygon DLL not present - disabling.
[2017.11.18-23.44.01:238][  0]LogMeshUtilities: Using SimplygonSwarm for distributed automatic mesh merging
[2017.11.18-23.44.01:238][  0]LogMeshUtilities: No automatic skeletal mesh reduction module available
[2017.11.18-23.44.01:238][  0]LogMeshUtilities: No automatic mesh merging module available
[2017.11.18-23.44.08:364][  0]LogNetVersion: GetLocalNetworkVersion: CL: 3299760, ProjectName: meeting, ProjectVersion: , EngineNetworkVersion: 2, GameNetworkVersion: 0, NetworkChecksum: 116300604
[2017.11.18-23.44.08:596][  0]LogAssetRegistry: FAssetRegistry took 0.0236 seconds to start up
[2017.11.18-23.44.08:804][  0]LogPackageLocalizationCache: Processed 3 localized package path(s) for 2 prioritized culture(s) in 0.126858 seconds
[2017.11.18-23.44.08:816][  0]LogUObjectArray: 32493 objects as part of root set at end of initial load.
[2017.11.18-23.44.08:816][  0]LogUObjectAllocator: 7077024 out of 0 bytes used by permanent object pool.
[2017.11.18-23.44.08:816][  0]LogUObjectArray: CloseDisregardForGC: 0/0 objects in disregard for GC pool
[2017.11.18-23.44.08:908][  0]LogInit: WinSock: version 1.1 (2.2), MaxSocks=32767, MaxUdp=65467
[2017.11.18-23.44.28:088][  0]LogTcpMessaging: Initializing TcpMessaging bridge
[2017.11.18-23.44.28:149][  0]LogUdpMessaging: Initializing bridge on interface 0.0.0.0:0 to multicast group 230.0.0.1:6666.
[2017.11.18-23.44.29:999][  0]LogMaterial: Uniform references updated for custom material expression Custom.
[2017.11.18-23.44.30:926][  0]SourceControl: Info Source control is disabled
[2017.11.18-23.44.31:604][  0]SourceControl: Info Source control is disabled
[2017.11.18-23.44.31:715][  0]SourceControl: Info Source control is disabled
[2017.11.18-23.44.31:791][  0]SourceControl: Info Source control is disabled
[2017.11.18-23.44.34:750][  0]LogEngine: Initializing Engine...
[2017.11.18-23.44.34:813][  0]LogHMD: Failed to initialize OpenVR with code 100
[2017.11.18-23.44.35:028][  0]LogStats: UGameplayTagsManager::ConstructGameplayTagTree: Construct from data asset -  0.000 s
[2017.11.18-23.44.35:030][  0]LogStats: UGameplayTagsManager::ConstructGameplayTagTree: GameplayTagTreeChangedEvent.Broadcast -  0.000 s
[2017.11.18-23.44.35:728][  0]LogAIModule: Creating AISystem for world Untitled
[2017.11.18-23.44.35:919][  0]LogInit: XAudio2 using 'VX2363 Series-4 (NVIDIA High Definition Audio)' : 2 channels at 48 kHz using 16 bits per sample (channel mask 0x3)
[2017.11.18-23.44.36:167][  0]LogInit: FAudioDevice initialized.
[2017.11.18-23.44.36:226][  0]LogDerivedDataCache: Saved boot cache 0.06s 50MB C:/Users/HELLO_BYE`/AppData/Local/UnrealEngine/4.15/DerivedDataCache/Boot.ddc.
[2017.11.18-23.44.36:246][  0]LogInit: Texture streaming: Enabled
[2017.11.18-23.44.36:618][  0]LogEngineSessionManager: EngineSessionManager initialized
[2017.11.18-23.44.37:572][  0]LogInit: Transaction tracking system initialized
[2017.11.18-23.44.42:106][  0]BlueprintLog: New page: Editor Load
[2017.11.18-23.44.45:863][  0]LocalizationService: Info Localization service is disabled
[2017.11.18-23.44.48:298][  0]LogConsoleResponse:Display: 
[2017.11.18-23.44.49:481][  0]LogCook:Display: Max memory allowance for cook 16384mb min free memory 0mb
[2017.11.18-23.44.49:481][  0]LogCook:Display: Mobile HDR setting 1
[2017.11.18-23.44.50:135][  0]LogFileCache: Scanning file cache for directory 'D:/GitHub/FYP_DumbTesting/Meeting/Content/' took 0.03s
[2017.11.18-23.44.54:755][  0]SourceControl: Info Source control is disabled
[2017.11.18-23.44.54:903][  0]Cmd: MAP LOAD FILE="../../../../../GitHub/FYP_DumbTesting/Meeting/Content/ThirdPersonBP/Maps/MockUp_Map.umap" TEMPLATE=0 SHOWPROGRESS=1 FEATURELEVEL=3
[2017.11.18-23.44.55:012][  0]LightingResults: New page: Lighting Build
[2017.11.18-23.44.55:233][  0]MapCheck: New page: Map Check
[2017.11.18-23.44.55:233][  0]LightingResults: New page: Lighting Build
[2017.11.18-23.45.06:594][  0]LogBlueprint:Warning: [Hacking_Terminal_UI_Blueprint] 'Name' variable not found. Base class was probably changed.
[2017.11.18-23.45.06:674][  0]LogBlueprint:Warning: [Hacking_Terminal_UI8_Blueprint] 'Name' variable not found. Base class was probably changed.
[2017.11.18-23.45.11:228][  0]LogBlueprint:Warning: [Hacking_Terminal_UI8_Blueprint] 'Name' variable not found. Base class was probably changed.
[2017.11.18-23.45.11:237][  0]LogBlueprint:Warning: [Hacking_Terminal_UI_Blueprint] 'Name' variable not found. Base class was probably changed.
[2017.11.18-23.45.15:341][  0]LogBlueprint:Warning: [Compiler ThirdPersonCharacter] Warning InputAction Event references unknown Action 'ResetVR' for  InputAction ResetVR
[2017.11.18-23.45.15:341][  0]LogBlueprint:Warning: [Compiler ThirdPersonCharacter] Warning Input Axis Event references unknown Axis 'LookUpRate' for  InputAxis LookUpRate
[2017.11.18-23.45.15:342][  0]LogBlueprint:Warning: [Compiler ThirdPersonCharacter] Warning Input Axis Event references unknown Axis 'TurnRate' for  InputAxis TurnRate
[2017.11.18-23.45.15:342][  0]LogBlueprint:Warning: [Compiler ThirdPersonCharacter] Warning InputAction Event references unknown Action 'Jump' for  InputAction Jump
[2017.11.18-23.45.15:343][  0]LogBlueprint:Warning: [Compiler ThirdPersonCharacter] Warning Input Axis Event references unknown Axis 'LookUp' for  InputAxis LookUp
[2017.11.18-23.45.15:343][  0]LogBlueprint:Warning: [Compiler ThirdPersonCharacter] Warning Input Axis Event references unknown Axis 'Turn' for  InputAxis Turn
[2017.11.18-23.45.15:353][  0]LogBlueprint:Warning: [Compiler ThirdPersonCharacter] Warning [0118.95] Compile of ThirdPersonCharacter successful, but with 6 Warning(s) [in 24 ms] (/Game/ThirdPersonBP/Blueprints/ThirdPersonCharacter.ThirdPersonCharacter)
[2017.11.18-23.45.15:353][  0]LogBlueprint:Warning: [Compiler ThirdPersonCharacter] Warning [0118.95] Compile of ThirdPersonCharacter successful, but with 7 Warning(s) [in 0 ms] (/Game/ThirdPersonBP/Blueprints/ThirdPersonCharacter.ThirdPersonCharacter)
[2017.11.18-23.45.15:353][  0]LogBlueprint:Warning: [Compiler ThirdPersonCharacter] Warning [0118.95] Compile of ThirdPersonCharacter successful, but with 8 Warning(s) [in 0 ms] (/Game/ThirdPersonBP/Blueprints/ThirdPersonCharacter.ThirdPersonCharacter)
[2017.11.18-23.45.15:364][  0]LogBlueprint:Warning: [Compiler ThirdPersonCharacter] Warning InputAction Event references unknown Action 'ResetVR' for  InputAction ResetVR
[2017.11.18-23.45.15:364][  0]LogBlueprint:Warning: [Compiler ThirdPersonCharacter] Warning Input Axis Event references unknown Axis 'LookUpRate' for  InputAxis LookUpRate
[2017.11.18-23.45.15:365][  0]LogBlueprint:Warning: [Compiler ThirdPersonCharacter] Warning Input Axis Event references unknown Axis 'TurnRate' for  InputAxis TurnRate
[2017.11.18-23.45.15:365][  0]LogBlueprint:Warning: [Compiler ThirdPersonCharacter] Warning InputAction Event references unknown Action 'Jump' for  InputAction Jump
[2017.11.18-23.45.15:365][  0]LogBlueprint:Warning: [Compiler ThirdPersonCharacter] Warning Input Axis Event references unknown Axis 'LookUp' for  InputAxis LookUp
[2017.11.18-23.45.15:365][  0]LogBlueprint:Warning: [Compiler ThirdPersonCharacter] Warning Input Axis Event references unknown Axis 'Turn' for  InputAxis Turn
[2017.11.18-23.45.15:371][  0]LogBlueprint:Warning: [Compiler ThirdPersonCharacter] Warning [0118.97] Compile of ThirdPersonCharacter successful, but with 6 Warning(s) [in 13 ms] (/Game/ThirdPersonBP/Blueprints/ThirdPersonCharacter.ThirdPersonCharacter)
[2017.11.18-23.45.15:371][  0]LogBlueprint:Warning: [Compiler ThirdPersonCharacter] Warning [0118.97] Compile of ThirdPersonCharacter successful, but with 7 Warning(s) [in 0 ms] (/Game/ThirdPersonBP/Blueprints/ThirdPersonCharacter.ThirdPersonCharacter)
[2017.11.18-23.45.15:371][  0]LogBlueprint:Warning: [Compiler ThirdPersonCharacter] Warning [0118.97] Compile of ThirdPersonCharacter successful, but with 8 Warning(s) [in 0 ms] (/Game/ThirdPersonBP/Blueprints/ThirdPersonCharacter.ThirdPersonCharacter)
[2017.11.18-23.45.50:173][  0]LogTexture:Display: Building textures: New_credit_scene (AutoDXT, 1080X2500) - 141 MB total VRAM
[2017.11.18-23.46.41:842][  0]LogAIModule: Creating AISystem for world MockUp_Map
[2017.11.18-23.46.42:548][  0]LogEditorServer: Finished looking for orphan Actors (0.001 secs)
[2017.11.18-23.46.42:626][  0]Cmd: MAP CHECKDEP NOCLEARLOG
[2017.11.18-23.46.42:819][  0]MapCheck: Info Map check complete: 0 Error(s), 0 Warning(s), took 192.917ms to complete.
[2017.11.18-23.46.42:820][  0]LogFileHelpers: Loading map 'MockUp_Map' took 107.992
[2017.11.18-23.46.44:127][  0]LogCollectionManager: Loaded 0 collections in 0.001587 seconds
[2017.11.18-23.46.44:311][  0]LogFileCache: Scanning file cache for directory 'D:/GitHub/FYP_DumbTesting/Meeting/Saved/Collections/' took 0.01s
[2017.11.18-23.46.44:311][  0]LogFileCache: Scanning file cache for directory 'D:/GitHub/FYP_DumbTesting/Meeting/Content/Developers/HELLOBYE/Collections/' took 0.01s
[2017.11.18-23.46.44:311][  0]LogFileCache: Scanning file cache for directory 'D:/GitHub/FYP_DumbTesting/Meeting/Content/Collections/' took 0.01s
[2017.11.18-23.46.44:311][  0]LogCollectionManager: Rebuilt the GUID cache for 0 collections in 0.000002 seconds
[2017.11.18-23.46.44:373][  0]LogContentBrowser: Native class hierarchy populated in 0.0600 seconds. Added 2259 classes and 455 folders.
[2017.11.18-23.46.44:505][  0]LogContentBrowser: Native class hierarchy updated for 'WidgetCarousel' in 0.0018 seconds. Added 0 classes and 0 folders.
[2017.11.18-23.46.46:217][  0]LogContentBrowser: Native class hierarchy updated for 'AddContentDialog' in 0.0033 seconds. Added 0 classes and 0 folders.
[2017.11.18-23.46.46:412][  0]LogContentBrowser: Native class hierarchy updated for 'SceneOutliner' in 0.0020 seconds. Added 1 classes and 2 folders.
[2017.11.18-23.46.47:312][  0]LogCrashTracker: Crashtracker disabled due to settings.
[2017.11.18-23.46.47:459][  0]LogUObjectGlobals:Warning: Failed to find object 'Class None.'
[2017.11.18-23.46.47:614][  0]LogContentBrowser: Native class hierarchy updated for 'HierarchicalLODOutliner' in 0.0023 seconds. Added 1 classes and 2 folders.
[2017.11.18-23.46.47:614][  0]LogLoad: (Engine Initialization) Total time: 211.21 seconds
[2017.11.18-23.46.47:614][  0]LogLoad: (Engine Initialization) Total Blueprint compile time: 3.25 seconds
[2017.11.18-23.46.47:614][  0]LogExternalProfiler: Found external profiler: VSPerf
[2017.11.18-23.46.47:614][  0]LogExternalProfiler: Using external profiler: VSPerf
[2017.11.18-23.46.47:987][  0]LogOcInput: OculusInput pre-init called
[2017.11.18-23.46.48:109][  0]LogContentStreaming: Texture pool size now 1000 MB
[2017.11.18-23.46.48:154][  0]LogSlate: Took 0.010597 seconds to synchronously load lazily loaded font '../../../Engine/Content/Slate/Fonts/Roboto-Regular.ttf' (155K)
[2017.11.18-23.46.48:193][  0]LogSlate: Took 0.028904 seconds to synchronously load lazily loaded font '../../../Engine/Content/Slate/Fonts/Roboto-Bold.ttf' (160K)
[2017.11.18-23.46.48:272][  0]LogSlate: Took 0.036755 seconds to synchronously load lazily loaded font '../../../Engine/Content/Editor/Slate/Fonts/FontAwesome.ttf' (139K)
[2017.11.18-23.46.49:042][  0]LogRenderer: Reallocating scene render targets to support 1204x616 NumSamples 1 (Frame:2).
[2017.11.18-23.46.49:042][  0]LogSlate: Took 0.035943 seconds to synchronously load lazily loaded font '../../../Engine/Content/Slate/Fonts/Roboto-Light.ttf' (159K)
[2017.11.18-23.46.50:526][  2]LogSlate: Took 0.001112 seconds to synchronously load lazily loaded font '../../../Engine/Content/Slate/Fonts/Roboto-Light.ttf' (159K)
[2017.11.18-23.46.51:247][  4]LogAssetRegistry: Asset discovery search completed in 162.6737 seconds
[2017.11.18-23.46.51:247][  4]LogCollectionManager: Rebuilt the object cache for 0 collections in 0.000009 seconds (found 0 objects)
[2017.11.18-23.46.51:247][  4]LogCollectionManager: Fixed up redirectors for 0 collections in 0.000032 seconds (updated 0 objects)
[2017.11.18-23.47.32:086][717]MapCheck: New page: Map Check
[2017.11.18-23.47.32:394][717]LightingResults: New page: Lighting Build - Nov 19, 2017, 3:47:32 PM
[2017.11.18-23.47.32:610][717]LightingResults:Warning: Warning InstancedFoliageActor_0 The total lightmap size for this InstancedStaticMeshComponent is large, consider reducing the component's lightmap resolution or number of mesh instances in this component
[2017.11.18-23.47.32:611][717]LightingResults:Warning: Warning InstancedFoliageActor_0 The total lightmap size for this InstancedStaticMeshComponent was too big and it was automatically reduced. Consider reducing the component's lightmap resolution or number of mesh instances in this component
[2017.11.18-23.47.32:611][717]LightingResults:Warning: Warning InstancedFoliageActor_0 The total lightmap size for this InstancedStaticMeshComponent is large, consider reducing the component's lightmap resolution or number of mesh instances in this component
[2017.11.18-23.47.33:326][717]LogSwarmInterface: [OpenConnection] Registering TCP channel ...
[2017.11.18-23.47.33:648][717]LogSwarmInterface: [OpenConnection] Connecting to agent ...
[2017.11.18-23.47.33:955][717]LogSwarmInterface: [TryOpenConnection] Testing the Agent
[2017.11.18-23.47.36:399][717]LogSwarmInterface: [TryOpenConnection] Opening Connection to Agent
[2017.11.18-23.47.36:399][717]LogSwarmInterface: [TryOpenConnection] Local Process ID is 12112
[2017.11.18-23.47.46:680][717]LogStaticLightingSystem: Running Lightmass w/ ImmediateImport mode ENABLED
[2017.11.18-23.47.46:680][717]LogStaticLightingSystem: Running Lightmass w/ ImmediateProcess mode ENABLED
[2017.11.18-23.47.46:680][717]LogStaticLightingSystem: Running Lightmass w/ Sorting mode ENABLED
[2017.11.18-23.47.46:680][717]LogStaticLightingSystem: Running Lightmass w/ Mapping paddings ENABLED
[2017.11.18-23.47.46:680][717]LogStaticLightingSystem: Running Lightmass w/ Mapping debug paddings DISABLED
[2017.11.18-23.47.48:672][717]LogEditorBuildUtils: Build time 0:16
[2017.11.18-23.50.26:182][189]LightingResults:Warning: Warning treez Object has overlapping UVs.
[2017.11.18-23.50.26:182][189]LightingResults: Info treez Lightmap UV are overlapping by 2.9%. Please adjust content - Enable Error Coloring to visualize.
[2017.11.18-23.50.48:212][257]LightingResults:Warning: Warning Lab_Monitor_02 Object has overlapping UVs.
[2017.11.18-23.50.48:212][257]LightingResults: Info Lab_Monitor_02 Lightmap UV are overlapping by 5.0%. Please adjust content - Enable Error Coloring to visualize.
[2017.11.18-23.50.48:553][258]LightingResults:Warning: Warning Lab_Monitor_02 Object has overlapping UVs.
[2017.11.18-23.50.48:553][258]LightingResults: Info Lab_Monitor_02 Lightmap UV are overlapping by 5.0%. Please adjust content - Enable Error Coloring to visualize.
[2017.11.18-23.50.48:553][258]LightingResults:Warning: Warning Lab_Monitor_02 Object has overlapping UVs.
[2017.11.18-23.50.48:553][258]LightingResults: Info Lab_Monitor_02 Lightmap UV are overlapping by 5.0%. Please adjust content - Enable Error Coloring to visualize.
[2017.11.18-23.51.11:657][332]LightingResults:Warning: Warning Lab_Monitor_02 Object has overlapping UVs.
[2017.11.18-23.51.11:989][333]LightingResults: Info Lab_Monitor_02 Lightmap UV are overlapping by 5.0%. Please adjust content - Enable Error Coloring to visualize.
[2017.11.18-23.51.17:320][349]LightingResults:Warning: Warning Lab_HolographicDisplay Object has overlapping UVs.
[2017.11.18-23.51.17:320][349]LightingResults: Info Lab_HolographicDisplay Lightmap UV are overlapping by 9.6%. Please adjust content - Enable Error Coloring to visualize.
[2017.11.18-23.51.17:320][349]LightingResults:Warning: Warning Lab_HolographicDisplay Object has overlapping UVs.
[2017.11.18-23.51.17:320][349]LightingResults: Info Lab_HolographicDisplay Lightmap UV are overlapping by 9.6%. Please adjust content - Enable Error Coloring to visualize.
[2017.11.18-23.51.27:987][381]LightingResults:Warning: Warning Lab_HolographicDisplay Object has overlapping UVs.
[2017.11.18-23.51.27:987][381]LightingResults: Info Lab_HolographicDisplay Lightmap UV are overlapping by 9.6%. Please adjust content - Enable Error Coloring to visualize.
[2017.11.18-23.52.17:573][532]LightingResults:Warning: Warning SM_Wire Object has overlapping UVs.
[2017.11.18-23.52.17:573][532]LightingResults: Info SM_Wire Lightmap UV are overlapping by 4.7%. Please adjust content - Enable Error Coloring to visualize.
[2017.11.18-23.54.08:462][949]LightingResults:Warning: Warning treez Object has overlapping UVs.
[2017.11.18-23.54.08:462][949]LightingResults: Info treez Lightmap UV are overlapping by 2.9%. Please adjust content - Enable Error Coloring to visualize.
[2017.11.18-23.54.17:053][  3]LightingResults:Warning: Warning SM_Wire Object has overlapping UVs.
[2017.11.18-23.54.17:053][  3]LightingResults: Info SM_Wire Lightmap UV are overlapping by 4.7%. Please adjust content - Enable Error Coloring to visualize.
[2017.11.18-23.54.26:968][ 55]LogSlate: Took 0.041951 seconds to synchronously load lazily loaded font '../../../Engine/Content/Editor/Slate/Fonts/DroidSansMono.ttf' (77K)
[2017.11.18-23.54.31:606][297]Cmd: r.Streaming.PoolSize 5000
[2017.11.18-23.54.31:737][297]r.Streaming.PoolSize = "5000"
[2017.11.18-23.54.32:809][303]LogContentStreaming: Texture pool size now 5000 MB
[2017.11.18-23.54.52:854][365]LogEditorViewport: Clicking on Actor (LMB): StaticMeshActor (SM_Corridor_Frame145)
[2017.11.18-23.54.54:515][366]LogEditorViewport: Clicking on Actor (LMB): StaticMeshActor (SM_Corridor_Frame145)
[2017.11.18-23.54.55:570][369]LogEditorViewport: Clicking on Actor (LMB): StaticMeshActor (SM_Corridor_Frame145)
[2017.11.18-23.55.05:866][606]LogEditorViewport: Clicking on Actor (LMB): TriggerBox (TriggerBox)
[2017.11.18-23.55.21:139][979]LogEditorViewport: Clicking on Actor (LMB): SteamPanelActor_C (SteamPanel)
[2017.11.18-23.55.35:538][410]LogSlate: Took 0.033744 seconds to synchronously load lazily loaded font '../../../Engine/Content/Editor/Slate/Fonts/Roboto-Italic.ttf' (157K)
[2017.11.18-23.55.36:855][460]LogSlate: Took 0.012552 seconds to synchronously load lazily loaded font '../../../Engine/Content/Slate/Fonts/Roboto-Light.ttf' (159K)
[2017.11.18-23.55.37:993][460]LogSlate: Took 0.044388 seconds to synchronously load lazily loaded font '../../../Engine/Content/Slate/Fonts/Roboto-Regular.ttf' (155K)
[2017.11.18-23.55.45:241][460]LogContentBrowser: Native class hierarchy updated for 'BlueprintGraph' in 0.0128 seconds. Added 112 classes and 0 folders.
[2017.11.18-23.55.47:778][460]LogSlate: Took 0.034928 seconds to synchronously load lazily loaded font '../../../Engine/Content/Editor/Slate/Fonts/Roboto-BoldCondensed.ttf' (158K)
[2017.11.18-23.56.49:122][ 58]Cmd: TRANSACTION UNDO
[2017.11.18-23.56.49:122][ 58]LogEditorTransaction: Undo Insert Child
[2017.11.18-23.56.53:982][262]BlueprintLog: New page: Compile SteamPanelActor
[2017.11.18-23.57.37:536][961]LogSlate: Took 0.018565 seconds to synchronously load lazily loaded font '../../../Engine/Content/Editor/Slate/Fonts/Roboto-BoldCondensedItalic.ttf' (160K)
[2017.11.18-23.59.47:722][867]Job is a success!
[2017.11.19-00.00.48:156][868]LogTexture:Display: Building textures: SkyOcclusion0_1 (AutoDXT, 4096X2048) - 1818 MB total VRAM
[2017.11.19-00.00.48:156][868]LogTexture:Display: Building textures: HQ_Lightmap0_1 (AutoDXT, 4096X4096) - 1818 MB total VRAM
[2017.11.19-00.00.48:156][868]LogTexture:Display: Building textures: LQ_Lightmap_0_1 (DXT1, 4096X4096) - 1818 MB total VRAM
[2017.11.19-00.00.48:156][868]LogTexture:Display: Building textures: SkyOcclusion0_2 (AutoDXT, 1024X512) - 1818 MB total VRAM
[2017.11.19-00.00.48:234][868]LogTexture:Display: Building textures: HQ_Lightmap0_2 (AutoDXT, 1024X1024) - 1818 MB total VRAM
[2017.11.19-00.00.48:234][868]LogTexture:Display: Building textures: LQ_Lightmap_0_2 (DXT1, 1024X1024) - 1818 MB total VRAM
[2017.11.19-00.00.48:234][868]LogTexture:Display: Building textures: SkyOcclusion0_3 (AutoDXT, 1024X512) - 1818 MB total VRAM
[2017.11.19-00.00.48:234][868]LogTexture:Display: Building textures: HQ_Lightmap0_3 (AutoDXT, 1024X1024) - 1818 MB total VRAM
[2017.11.19-00.00.48:235][868]LogTexture:Display: Building textures: LQ_Lightmap_0_3 (DXT1, 1024X1024) - 1818 MB total VRAM
[2017.11.19-00.00.48:235][868]LogTexture:Display: Building textures: SkyOcclusion0_4 (AutoDXT, 1024X512) - 1818 MB total VRAM
[2017.11.19-00.00.48:235][868]LogTexture:Display: Building textures: HQ_Lightmap0_4 (AutoDXT, 1024X1024) - 1818 MB total VRAM
[2017.11.19-00.00.48:321][868]LogTexture:Display: Building textures: LQ_Lightmap_0_4 (DXT1, 1024X1024) - 1818 MB total VRAM
[2017.11.19-00.00.48:321][868]LogTexture:Display: Building textures: SkyOcclusion0_5 (AutoDXT, 1024X512) - 1818 MB total VRAM
[2017.11.19-00.00.48:321][868]LogTexture:Display: Building textures: HQ_Lightmap0_5 (AutoDXT, 1024X1024) - 1818 MB total VRAM
[2017.11.19-00.00.48:321][868]LogTexture:Display: Building textures: LQ_Lightmap_0_5 (DXT1, 1024X1024) - 1818 MB total VRAM
[2017.11.19-00.00.48:321][868]LogTexture:Display: Building textures: SkyOcclusion0_6 (AutoDXT, 1024X512) - 1818 MB total VRAM
[2017.11.19-00.00.48:321][868]LogTexture:Display: Building textures: HQ_Lightmap0_6 (AutoDXT, 1024X1024) - 1818 MB total VRAM
[2017.11.19-00.00.48:321][868]LogTexture:Display: Building textures: LQ_Lightmap_0_6 (DXT1, 1024X1024) - 1818 MB total VRAM
[2017.11.19-00.00.48:321][868]LogTexture:Display: Building textures: HQ_Lightmap0_7 (AutoDXT, 1024X1024) - 1818 MB total VRAM
[2017.11.19-00.00.48:321][868]LogTexture:Display: Building textures: SkyOcclusion0_7 (AutoDXT, 1024X512) - 1818 MB total VRAM
[2017.11.19-00.00.48:321][868]LogTexture:Display: Building textures: LQ_Lightmap_0_7 (DXT1, 1024X1024) - 1818 MB total VRAM
[2017.11.19-00.00.48:321][868]LogTexture:Display: Building textures: SkyOcclusion0_8 (AutoDXT, 1024X512) - 1818 MB total VRAM
[2017.11.19-00.00.48:321][868]LogTexture:Display: Building textures: HQ_Lightmap0_8 (AutoDXT, 1024X1024) - 1818 MB total VRAM
[2017.11.19-00.00.48:321][868]LogTexture:Display: Building textures: LQ_Lightmap_0_8 (DXT1, 1024X1024) - 1818 MB total VRAM
[2017.11.19-00.00.48:321][868]LogTexture:Display: Building textures: SkyOcclusion0_9 (AutoDXT, 1024X512) - 1818 MB total VRAM
[2017.11.19-00.00.48:321][868]LogTexture:Display: Building textures: HQ_Lightmap0_9 (AutoDXT, 1024X1024) - 1818 MB total VRAM
[2017.11.19-00.00.48:321][868]LogTexture:Display: Building textures: LQ_Lightmap_0_9 (DXT1, 1024X1024) - 1818 MB total VRAM
[2017.11.19-00.00.48:321][868]LogTexture:Display: Building textures: SkyOcclusion0_10 (AutoDXT, 1024X512) - 1818 MB total VRAM
[2017.11.19-00.00.48:321][868]LogTexture:Display: Building textures: HQ_Lightmap0_10 (AutoDXT, 1024X1024) - 1818 MB total VRAM
[2017.11.19-00.00.48:321][868]LogTexture:Display: Building textures: LQ_Lightmap_0_10 (DXT1, 1024X1024) - 1818 MB total VRAM
[2017.11.19-00.00.48:321][868]LogTexture:Display: Building textures: SkyOcclusion0_11 (AutoDXT, 1024X512) - 1818 MB total VRAM
[2017.11.19-00.00.48:321][868]LogTexture:Display: Building textures: HQ_Lightmap0_11 (AutoDXT, 1024X1024) - 1818 MB total VRAM
[2017.11.19-00.00.48:321][868]LogTexture:Display: Building textures: LQ_Lightmap_0_11 (DXT1, 1024X1024) - 1818 MB total VRAM
[2017.11.19-00.00.48:321][868]LogTexture:Display: Building textures: SkyOcclusion0_12 (AutoDXT, 1024X512) - 1818 MB total VRAM
[2017.11.19-00.00.48:321][868]LogTexture:Display: Building textures: HQ_Lightmap0_12 (AutoDXT, 1024X1024) - 1818 MB total VRAM
[2017.11.19-00.00.48:321][868]LogTexture:Display: Building textures: LQ_Lightmap_0_12 (DXT1, 1024X1024) - 1818 MB total VRAM
[2017.11.19-00.00.48:321][868]LogTexture:Display: Building textures: SkyOcclusion0_13 (AutoDXT, 1024X512) - 1818 MB total VRAM
[2017.11.19-00.00.48:321][868]LogTexture:Display: Building textures: HQ_Lightmap0_13 (AutoDXT, 1024X1024) - 1818 MB total VRAM
[2017.11.19-00.00.48:321][868]LogTexture:Display: Building textures: LQ_Lightmap_0_13 (DXT1, 1024X1024) - 1818 MB total VRAM
[2017.11.19-00.00.52:717][868]LogTexture:Display: Building textures: ShadowMapTexture2D_0 (BGRA8, 4096X2048) - 1818 MB total VRAM
[2017.11.19-00.00.56:070][868]Lightmass on WINCTRL-E5MM7PO: 12:43 min total, 8.59 sec importing, 4.96 sec setup, 40.3 sec photons, 11:48 min processing, 0 ms extra exporting [7219/7219 mappings]. Threads: 59:01 min total, 42:40 min processing.
[2017.11.19-00.00.57:564][868]LogStaticLightingSystem: Illumination: 13:25 min (36.4 sec encoding lightmaps, 4.39 sec encoding shadowmaps)
[2017.11.19-00.00.57:564][868]LogStaticLightingSystem: Lightmap texture memory:  74.7 MB (74.7 MB streaming, 0.0 MB non-streaming), 26 textures
[2017.11.19-00.00.57:564][868]LogStaticLightingSystem: Shadowmap texture memory: 42.7 MB (42.7 MB streaming, 0.0 MB non-streaming), 1 textures
[2017.11.19-00.01.31:722][868]DumpUnbuiltLightIteractions
[2017.11.19-00.01.31:723][868]Lights with unbuilt interactions: 0
[2017.11.19-00.01.31:723][868]
[2017.11.19-00.01.31:723][868]Primitives with unbuilt interactions: 0
[2017.11.19-00.01.32:798][869]Cmd: MAP CHECK NOTIFYRESULTS
[2017.11.19-00.01.32:798][869]MapCheck: New page: MockUp_Map - Nov 19, 2017, 4:01:32 PM
[2017.11.19-00.01.34:976][869]LogD3D11RHI: Timed out while waiting for GPU to catch up. (500 ms)
[2017.11.19-00.01.35:802][869]LogD3D11RHI: Timed out while waiting for GPU to catch up. (500 ms)
[2017.11.19-00.01.41:560][869]MapCheck:Warning: Warning SM_ResearchLab_Fence18 More overridden materials (4) on static mesh component than are referenced (2) in source mesh 'SM_ResearchLab_Fence' 
[2017.11.19-00.01.41:560][869]MapCheck:Warning: Warning SM_ResearchLab_Fence20 More overridden materials (4) on static mesh component than are referenced (2) in source mesh 'SM_ResearchLab_Fence' 
[2017.11.19-00.01.41:560][869]MapCheck:Warning: Warning SM_ResearchLab_Fence21 More overridden materials (4) on static mesh component than are referenced (2) in source mesh 'SM_ResearchLab_Fence' 
[2017.11.19-00.01.41:560][869]MapCheck:Warning: Warning SM_ResearchLab_Fence22 More overridden materials (4) on static mesh component than are referenced (2) in source mesh 'SM_ResearchLab_Fence' 
[2017.11.19-00.01.41:560][869]MapCheck:Warning: Warning SM_ResearchLab_Fence23 More overridden materials (4) on static mesh component than are referenced (2) in source mesh 'SM_ResearchLab_Fence' 
[2017.11.19-00.01.41:560][869]MapCheck:Warning: Warning SM_ResearchLab_Fence24 More overridden materials (4) on static mesh component than are referenced (2) in source mesh 'SM_ResearchLab_Fence' 
[2017.11.19-00.01.41:561][869]MapCheck:Warning: Warning SM_ResearchLab_Fence26 More overridden materials (4) on static mesh component than are referenced (2) in source mesh 'SM_ResearchLab_Fence' 
[2017.11.19-00.01.41:561][869]MapCheck:Warning: Warning SM_ResearchLab_Fence27 More overridden materials (4) on static mesh component than are referenced (2) in source mesh 'SM_ResearchLab_Fence' 
[2017.11.19-00.01.41:561][869]MapCheck:Warning: Warning SM_ResearchLab_Fence28 More overridden materials (4) on static mesh component than are referenced (2) in source mesh 'SM_ResearchLab_Fence' 
[2017.11.19-00.01.41:561][869]MapCheck:Warning: Warning SM_ResearchLab_Fence29 More overridden materials (4) on static mesh component than are referenced (2) in source mesh 'SM_ResearchLab_Fence' 
[2017.11.19-00.01.41:561][869]MapCheck:Warning: Warning SM_ResearchLab_Fence30 More overridden materials (4) on static mesh component than are referenced (2) in source mesh 'SM_ResearchLab_Fence' 
[2017.11.19-00.01.41:561][869]MapCheck:Warning: Warning SM_ResearchLab_Fence31_22 More overridden materials (4) on static mesh component than are referenced (2) in source mesh 'SM_ResearchLab_Fence' 
[2017.11.19-00.01.41:561][869]MapCheck:Warning: Warning SM_ResearchLab_Fence32 More overridden materials (4) on static mesh component than are referenced (2) in source mesh 'SM_ResearchLab_Fence' 
[2017.11.19-00.01.41:561][869]MapCheck:Warning: Warning SM_ResearchLab_Fence33 More overridden materials (4) on static mesh component than are referenced (2) in source mesh 'SM_ResearchLab_Fence' 
[2017.11.19-00.01.41:562][869]MapCheck:Warning: Warning SM_ResearchLab_Fence34 More overridden materials (4) on static mesh component than are referenced (2) in source mesh 'SM_ResearchLab_Fence' 
[2017.11.19-00.01.41:562][869]MapCheck:Warning: Warning SM_ResearchLab_Fence35_23 More overridden materials (4) on static mesh component than are referenced (2) in source mesh 'SM_ResearchLab_Fence' 
[2017.11.19-00.01.41:562][869]MapCheck:Warning: Warning SM_ResearchLab_Fence36 More overridden materials (4) on static mesh component than are referenced (2) in source mesh 'SM_ResearchLab_Fence' 
[2017.11.19-00.01.41:562][869]MapCheck:Warning: Warning SM_ResearchLab_Fence37 More overridden materials (4) on static mesh component than are referenced (2) in source mesh 'SM_ResearchLab_Fence' 
[2017.11.19-00.01.41:562][869]MapCheck:Warning: Warning SM_ResearchLab_Fence38 More overridden materials (4) on static mesh component than are referenced (2) in source mesh 'SM_ResearchLab_Fence' 
[2017.11.19-00.01.41:562][869]MapCheck:Warning: Warning SM_ResearchLab_Fence39 More overridden materials (4) on static mesh component than are referenced (2) in source mesh 'SM_ResearchLab_Fence' 
[2017.11.19-00.01.41:562][869]MapCheck:Warning: Warning SM_ResearchLab_Fence40 More overridden materials (4) on static mesh component than are referenced (2) in source mesh 'SM_ResearchLab_Fence' 
[2017.11.19-00.01.41:562][869]MapCheck:Warning: Warning SM_ResearchLab_Fence41 More overridden materials (4) on static mesh component than are referenced (2) in source mesh 'SM_ResearchLab_Fence' 
[2017.11.19-00.01.41:562][869]MapCheck:Warning: Warning SM_ResearchLab_Fence42 More overridden materials (4) on static mesh component than are referenced (2) in source mesh 'SM_ResearchLab_Fence' 
[2017.11.19-00.01.41:563][869]MapCheck:Warning: Warning SM_ResearchLab_Fence43 More overridden materials (4) on static mesh component than are referenced (2) in source mesh 'SM_ResearchLab_Fence' 
[2017.11.19-00.01.41:563][869]MapCheck:Warning: Warning SM_ResearchLab_Fence44 More overridden materials (4) on static mesh component than are referenced (2) in source mesh 'SM_ResearchLab_Fence' 
[2017.11.19-00.01.41:563][869]MapCheck:Warning: Warning SM_ResearchLab_Fence45 More overridden materials (4) on static mesh component than are referenced (2) in source mesh 'SM_ResearchLab_Fence' 
[2017.11.19-00.01.41:563][869]MapCheck:Warning: Warning SM_ResearchLab_Fence46 More overridden materials (4) on static mesh component than are referenced (2) in source mesh 'SM_ResearchLab_Fence' 
[2017.11.19-00.01.41:563][869]MapCheck:Warning: Warning SM_ResearchLab_Fence47 More overridden materials (4) on static mesh component than are referenced (2) in source mesh 'SM_ResearchLab_Fence' 
[2017.11.19-00.01.41:588][869]MapCheck:Warning: Performance Warning SpaceBP_107 Large actor receives a pre-shadow and will cause an extreme performance hit unless bCastDynamicShadow is set to false. 
[2017.11.19-00.02.27:748][869]MapCheck: Info Map check complete: 0 Error(s), 29 Warning(s), took 54,949.89ms to complete.
[2017.11.19-00.03.40:671][129]LogD3D11RHI:Error: Result failed 
 at D:\Build\++UE4+Release-4.15+Compile\Sync\Engine\Source\Runtime\Windows\D3D11RHI\Private\D3D11Query.cpp:134 
 with error DXGI_ERROR_DEVICE_REMOVED DXGI_ERROR_DEVICE_REMOVED
[2017.11.19-00.03.42:184][129]LogWindows: Windows GetLastError: The operation completed successfully. (0)
[2017.11.19-00.04.44:061][129]LogWindows: Windows GetLastError: The operation completed successfully. (0)
