Log file open, 08/04/17 13:16:42
LogInit:Display: Running engine for game: Meeting
LogPlatformFile: Not using cached read wrapper
LogInit:Display: RandInit(-102401124) SRandInit(-102401124).
LogTaskGraph: Started task graph with 5 named threads and 7 total threads with 1 sets of task threads.
LogStats: Stats thread started at 0.074757
LogInit: Using libcurl 7.47.1
LogInit:  - built for x86_64-pc-win32
LogInit:  - supports SSL with OpenSSL/1.0.2g
LogInit:  - supports HTTP deflate (compression) using libz 1.2.8
LogInit:  - other features:
LogInit:      CURL_VERSION_SSL
LogInit:      CURL_VERSION_LIBZ
LogInit:      CURL_VERSION_IPV6
LogInit:      CURL_VERSION_ASYNCHDNS
LogInit:      CURL_VERSION_LARGEFILE
LogInit:      CURL_VERSION_IDN
LogInit:  CurlRequestOptions (configurable via config and command line):
LogInit:  - bVerifyPeer = false  - Libcurl will NOT verify peer certificate
LogInit:  - bUseHttpProxy = false  - Libcurl will NOT use HTTP proxy
LogInit:  - bDontReuseConnections = false  - Libcurl will reuse connections
LogInit:  - CertBundlePath = nullptr  - Libcurl will use whatever was configured at build time.
LogInit: Build: ++UE4+Release-4.15-CL-3450819
LogInit: Engine Version: 4.15.3-3450819+++UE4+Release-4.15
LogInit: Compatible Engine Version: 4.15.0-3299760+++UE4+Release-4.15
LogInit: Net CL: 3299760
LogDevObjectVersion: Number of dev versions registered: 14
LogDevObjectVersion:   Dev-Blueprints (B0D832E4-1F89-4F0D-ACCF-7EB736FD4AA2): 8
LogDevObjectVersion:   Dev-Build (E1C64328-A22C-4D53-A36C-8E866417BD8C): 0
LogDevObjectVersion:   Dev-Core (375EC13C-06E4-48FB-B500-84F0262A717E): 2
LogDevObjectVersion:   Dev-Editor (E4B068ED-F494-42E9-A231-DA0B2E46BB41): 14
LogDevObjectVersion:   Dev-Framework (CFFC743F-43B0-4480-9391-14DF171D2073): 22
LogDevObjectVersion:   Dev-Mobile (B02B49B5-BB20-44E9-A304-32B752E40360): 0
LogDevObjectVersion:   Dev-Networking (A4E4105C-59A1-49B5-A7C5-40C4547EDFEE): 0
LogDevObjectVersion:   Dev-Online (39C831C9-5AE6-47DC-9A44-9C173E1C8E7C): 0
LogDevObjectVersion:   Dev-Physics (78F01B33-EBEA-4F98-B9B4-84EACCB95AA2): 0
LogDevObjectVersion:   Dev-Platform (6631380F-2D4D-43E0-8009-CF276956A95A): 0
LogDevObjectVersion:   Dev-Rendering (12F88B9F-8875-4AFC-A67C-D90C383ABD29): 12
LogDevObjectVersion:   Dev-Sequencer (7B5AE74C-D270-4C10-A958-57980B212A5A): 3
LogDevObjectVersion:   Dev-VR (D7296918-1DD6-4BDD-9DE2-64A83CC13884): 0
LogDevObjectVersion:   Dev-LoadTimes (C2A15278-BFE7-4AFE-6C17-90FF531DF755): 1
LogInit: Compiled (64-bit): May 21 2017 11:02:34
LogInit: Compiled with Visual C++: 19.00.23026.00
LogInit: Build Configuration: Development
LogInit: Branch Name: ++UE4+Release-4.15
LogInit: Command line:  
LogInit: Base directory: D:/UnrealEngine/UE_4.15/Engine/Binaries/Win64/
LogInit: Installed Engine Build: 1
LogInit: Presizing for max 8388607 objects, including 0 objects not considered by GC, pre-allocating 0 bytes for permanent pool.
LogInit: Object subsystem initialized
[2017.08.04-05.16.44:886][  0]LogInit: Selected Device Profile: [Windows]
[2017.08.04-05.16.44:886][  0]LogInit: Applying CVar settings loaded from the selected device profile: [Windows]
[2017.08.04-05.16.45:065][  0]LogInit: Computer: WINCTRL-E5MM7PO
[2017.08.04-05.16.45:065][  0]LogInit: User: HELLOBYE
[2017.08.04-05.16.45:065][  0]LogInit: CPU Page size=65536, Cores=3
[2017.08.04-05.16.45:065][  0]LogInit: High frequency timer resolution =3.825777 MHz
[2017.08.04-05.16.45:075][  0]LogMemory: Memory total: Physical=8.0GB (8GB approx)
[2017.08.04-05.16.45:075][  0]LogMemory: Platform Memory Stats for Windows
[2017.08.04-05.16.45:075][  0]LogMemory: Process Physical Memory: 264.41 MB used, 264.41 MB peak
[2017.08.04-05.16.45:075][  0]LogMemory: Process Virtual Memory: 262.22 MB used, 262.22 MB peak
[2017.08.04-05.16.45:075][  0]LogMemory: Physical Memory: 2928.21 MB used,  5245.90 MB free, 8174.11 MB total
[2017.08.04-05.16.45:075][  0]LogMemory: Virtual Memory: 644.48 MB used,  5245.90 MB free, 134217728.00 MB total
[2017.08.04-05.16.45:728][  0]LogTextLocalizationManager: No specific translations for ('en-MY') exist, so ('en') translations will be used.
[2017.08.04-05.16.50:163][  0]LogD3D11RHI: D3D11 adapters:
[2017.08.04-05.16.50:534][  0]LogD3D11RHI:    0. 'NVIDIA GeForce GTX 650' (Feature Level 11_0)
[2017.08.04-05.16.50:534][  0]LogD3D11RHI:       995/0/4087 MB DedicatedVideo/DedicatedSystem/SharedSystem, Outputs:1, VendorId:0x10de
[2017.08.04-05.16.50:562][  0]LogD3D11RHI:    1. 'Microsoft Basic Render Driver' (Feature Level 11_0)
[2017.08.04-05.16.50:562][  0]LogD3D11RHI:       0/0/4087 MB DedicatedVideo/DedicatedSystem/SharedSystem, Outputs:0, VendorId:0x1414
[2017.08.04-05.16.50:562][  0]LogD3D11RHI: Chosen D3D11 Adapter: 0
[2017.08.04-05.16.50:583][  0]LogD3D11RHI: Creating new Direct3DDevice
[2017.08.04-05.16.50:583][  0]LogD3D11RHI:     GPU DeviceId: 0xfc6 (for the marketing name, search the web for "GPU Device Id")
[2017.08.04-05.16.50:583][  0]LogWindows: EnumDisplayDevices:
[2017.08.04-05.16.50:583][  0]LogWindows:    0. 'NVIDIA GeForce GTX 650' (P:1 D:1)
[2017.08.04-05.16.50:583][  0]LogWindows:    1. 'NVIDIA GeForce GTX 650' (P:0 D:0)
[2017.08.04-05.16.50:584][  0]LogWindows:    2. 'NVIDIA GeForce GTX 650' (P:0 D:0)
[2017.08.04-05.16.50:584][  0]LogWindows:    3. 'NVIDIA GeForce GTX 650' (P:0 D:0)
[2017.08.04-05.16.50:584][  0]LogWindows: DebugString: FoundDriverCount:4 
[2017.08.04-05.16.50:584][  0]LogD3D11RHI:     Adapter Name: NVIDIA GeForce GTX 650
[2017.08.04-05.16.50:584][  0]LogD3D11RHI:   Driver Version: 382.05 (internal:22.21.13.8205, unified:382.05)
[2017.08.04-05.16.50:584][  0]LogD3D11RHI:      Driver Date: 5-1-2017
[2017.08.04-05.16.50:584][  0]LogRHI: Texture pool is 696 MB (70% of 995 MB)
[2017.08.04-05.16.50:824][  0]LogD3D11RHI:Warning: Timestamp queries are currently disabled on this hardware due to instability. Realtime GPU stats will not be available. You can override this behaviour by setting r.NVIDIATimestampWorkaround to 0
[2017.08.04-05.16.50:856][  0]LogD3D11RHI: Async texture creation enabled
[2017.08.04-05.16.52:712][  0]LogD3D11RHI: GPU Timing Frequency: 1000.000000 (Debug: 2 4)
[2017.08.04-05.16.52:817][  0]LogShaderCompilers: Guid format shader working directory is 6 characters bigger than the processId version (../../../../../GitHub/FYP_DumbTesting/Meeting/Intermediate/Shaders/WorkingDirectory/5744/).
[2017.08.04-05.16.52:818][  0]LogShaderCompilers: Cleaned the shader compiler working directory 'C:/Users/HELLO_BYE`/AppData/Local/Temp/UnrealShaderWorkingDir/EFB9749E44C8028901AD9E9F01C5C0A2/'.
[2017.08.04-05.16.52:818][  0]LogShaderCompilers:Display: Using Local Shader Compiler.
[2017.08.04-05.16.58:890][  0]LogTemp:Display: Loaded TP AllDesktopTargetPlatform
[2017.08.04-05.16.58:970][  0]LogTemp:Display: Loaded TP MacClientTargetPlatform
[2017.08.04-05.16.59:048][  0]LogTemp:Display: Loaded TP MacNoEditorTargetPlatform
[2017.08.04-05.16.59:116][  0]LogTemp:Display: Loaded TP MacServerTargetPlatform
[2017.08.04-05.16.59:248][  0]LogTemp:Display: Loaded TP MacTargetPlatform
[2017.08.04-05.16.59:335][  0]LogTemp:Display: Loaded TP WindowsClientTargetPlatform
[2017.08.04-05.16.59:434][  0]LogTemp:Display: Loaded TP WindowsNoEditorTargetPlatform
[2017.08.04-05.16.59:516][  0]LogTemp:Display: Loaded TP WindowsServerTargetPlatform
[2017.08.04-05.16.59:604][  0]LogTemp:Display: Loaded TP WindowsTargetPlatform
[2017.08.04-05.16.59:710][  0]LogTemp:Display: Loaded TP AndroidTargetPlatform
[2017.08.04-05.16.59:800][  0]LogTemp:Display: Loaded TP Android_ASTCTargetPlatform
[2017.08.04-05.16.59:910][  0]LogTemp:Display: Loaded TP Android_ATCTargetPlatform
[2017.08.04-05.17.00:006][  0]LogTemp:Display: Loaded TP Android_DXTTargetPlatform
[2017.08.04-05.17.00:095][  0]LogTemp:Display: Loaded TP Android_ETC1TargetPlatform
[2017.08.04-05.17.00:220][  0]LogTemp:Display: Loaded TP Android_ETC2TargetPlatform
[2017.08.04-05.17.00:395][  0]LogTemp:Display: Loaded TP Android_MultiTargetPlatform
[2017.08.04-05.17.00:395][  0]LogTemp:Display: Loaded TP Android_PVRTCTargetPlatform
[2017.08.04-05.17.00:474][  0]LogTemp:Display: Loaded TP HTML5TargetPlatform
[2017.08.04-05.17.00:762][  0]LogTemp:Display: Loaded TP IOSTargetPlatform
[2017.08.04-05.17.00:812][  0]LogTemp:Display: Loaded TP TVOSTargetPlatform
[2017.08.04-05.17.00:902][  0]LogTemp:Display: Loaded TP LinuxClientTargetPlatform
[2017.08.04-05.17.01:008][  0]LogTemp:Display: Loaded TP LinuxNoEditorTargetPlatform
[2017.08.04-05.17.01:125][  0]LogTemp:Display: Loaded TP LinuxServerTargetPlatform
[2017.08.04-05.17.01:245][  0]LogTemp:Display: Loaded TP LinuxTargetPlatform
[2017.08.04-05.17.01:245][  0]LogTargetPlatformManager:Display: Building Assets For Windows
[2017.08.04-05.17.02:421][  0]LogDerivedDataCache:Display: Max Cache Size: 512 MB
[2017.08.04-05.17.03:017][  0]LogDerivedDataCache: Loaded boot cache 0.60s 50MB C:/Users/HELLO_BYE`/AppData/Local/UnrealEngine/4.15/DerivedDataCache/Boot.ddc.
[2017.08.04-05.17.03:017][  0]LogDerivedDataCache:Display: Loaded Boot cache: C:/Users/HELLO_BYE`/AppData/Local/UnrealEngine/4.15/DerivedDataCache/Boot.ddc
[2017.08.04-05.17.03:018][  0]LogDerivedDataCache: FDerivedDataBackendGraph:  Pak pak cache file ../../../../../GitHub/FYP_DumbTesting/Meeting/DerivedDataCache/DDC.ddp not found, will not use a pak cache.
[2017.08.04-05.17.03:018][  0]LogDerivedDataCache: Unable to find inner node Pak for hierarchical cache Hierarchy.
[2017.08.04-05.17.03:018][  0]LogDerivedDataCache: FDerivedDataBackendGraph:  CompressedPak pak cache file ../../../../../GitHub/FYP_DumbTesting/Meeting/DerivedDataCache/Compressed.ddp not found, will not use a pak cache.
[2017.08.04-05.17.03:018][  0]LogDerivedDataCache: Unable to find inner node CompressedPak for hierarchical cache Hierarchy.
[2017.08.04-05.17.03:115][  0]LogDerivedDataCache:Display: Pak cache opened for reading ../../../Engine/DerivedDataCache/Compressed.ddp.
[2017.08.04-05.17.03:131][  0]LogDerivedDataCache: Using Local data cache path C:/Users/HELLO_BYE`/AppData/Local/UnrealEngine/Common/DerivedDataCache: Writable
[2017.08.04-05.17.03:194][  0]LogSlate: Using Freetype 2.6.0
[2017.08.04-05.17.03:326][  0]LogSlate: SlateFontCache - WITH_FREETYPE: 1, WITH_HARFBUZZ: 1
[2017.08.04-05.17.03:326][  0]LogSlate: SlateFontCache - WITH_FREETYPE: 1, WITH_HARFBUZZ: 1
[2017.08.04-05.17.13:157][  0]LogInit: Selected Device Profile: [Windows]
[2017.08.04-05.17.13:166][  0]LogContentStreaming: Texture pool size is 0.00 MB
[2017.08.04-05.17.13:576][  0]LogMeshUtilities: Using QuadricMeshReduction for automatic static mesh reduction
[2017.08.04-05.17.13:664][  0]LogSimplygon: Simplygon DLL not present - disabling.
[2017.08.04-05.17.13:762][  0]LogMeshUtilities: Using SimplygonSwarm for distributed automatic mesh merging
[2017.08.04-05.17.13:762][  0]LogMeshUtilities: No automatic skeletal mesh reduction module available
[2017.08.04-05.17.13:762][  0]LogMeshUtilities: No automatic mesh merging module available
[2017.08.04-05.17.16:037][  0]LogNetVersion: GetLocalNetworkVersion: CL: 3299760, ProjectName: meeting, ProjectVersion: , EngineNetworkVersion: 2, GameNetworkVersion: 0, NetworkChecksum: 116300604
[2017.08.04-05.17.16:168][  0]LogAssetRegistry: FAssetRegistry took 0.0214 seconds to start up
[2017.08.04-05.17.16:591][  0]LogPackageLocalizationCache: Processed 3 localized package path(s) for 2 prioritized culture(s) in 0.352185 seconds
[2017.08.04-05.17.16:633][  0]LogUObjectArray: 32493 objects as part of root set at end of initial load.
[2017.08.04-05.17.16:633][  0]LogUObjectAllocator: 7077024 out of 0 bytes used by permanent object pool.
[2017.08.04-05.17.16:633][  0]LogUObjectArray: CloseDisregardForGC: 0/0 objects in disregard for GC pool
[2017.08.04-05.17.16:759][  0]LogInit: WinSock: version 1.1 (2.2), MaxSocks=32767, MaxUdp=65467
[2017.08.04-05.17.33:109][  0]LogTcpMessaging: Initializing TcpMessaging bridge
[2017.08.04-05.17.33:196][  0]LogUdpMessaging: Initializing bridge on interface 0.0.0.0:0 to multicast group 230.0.0.1:6666.
[2017.08.04-05.17.34:688][  0]LogMaterial: Uniform references updated for custom material expression Custom.
[2017.08.04-05.17.35:488][  0]SourceControl: Info Source control is disabled
[2017.08.04-05.17.35:505][  0]SourceControl: Info Source control is disabled
[2017.08.04-05.17.35:605][  0]SourceControl: Info Source control is disabled
[2017.08.04-05.17.35:686][  0]SourceControl: Info Source control is disabled
[2017.08.04-05.17.39:059][  0]LogEngine: Initializing Engine...
[2017.08.04-05.17.39:146][  0]LogHMD: Failed to initialize OpenVR with code 100
[2017.08.04-05.17.39:325][  0]LogStats: UGameplayTagsManager::ConstructGameplayTagTree: Construct from data asset -  0.000 s
[2017.08.04-05.17.39:326][  0]LogStats: UGameplayTagsManager::ConstructGameplayTagTree: GameplayTagTreeChangedEvent.Broadcast -  0.000 s
[2017.08.04-05.17.39:553][  0]LogAIModule: Creating AISystem for world Untitled
[2017.08.04-05.17.39:588][  0]LogInit: XAudio2 using 'VX2363 Series-4 (NVIDIA High Definition Audio)' : 2 channels at 48 kHz using 16 bits per sample (channel mask 0x3)
[2017.08.04-05.17.39:621][  0]LogInit: FAudioDevice initialized.
[2017.08.04-05.17.39:716][  0]LogDerivedDataCache: Saved boot cache 0.09s 50MB C:/Users/HELLO_BYE`/AppData/Local/UnrealEngine/4.15/DerivedDataCache/Boot.ddc.
[2017.08.04-05.17.39:735][  0]LogInit: Texture streaming: Enabled
[2017.08.04-05.17.40:237][  0]LogEngineSessionManager: EngineSessionManager initialized
[2017.08.04-05.17.40:468][  0]LogInit: Transaction tracking system initialized
[2017.08.04-05.17.41:216][  0]BlueprintLog: New page: Editor Load
[2017.08.04-05.17.43:802][  0]LocalizationService: Info Localization service is disabled
[2017.08.04-05.17.45:312][  0]LogConsoleResponse:Display: 
[2017.08.04-05.17.46:368][  0]LogFileCache: Scanning file cache for directory 'D:/GitHub/FYP_DumbTesting/Meeting/Content/' took 0.03s
[2017.08.04-05.17.46:368][  0]LogCook:Display: Max memory allowance for cook 16384mb min free memory 0mb
[2017.08.04-05.17.46:368][  0]LogCook:Display: Mobile HDR setting 1
[2017.08.04-05.17.49:402][  0]SourceControl: Info Source control is disabled
[2017.08.04-05.17.49:418][  0]Cmd: MAP LOAD FILE="../../../../../GitHub/FYP_DumbTesting/Meeting/Content/ThirdPersonBP/Maps/MockUp_Map.umap" TEMPLATE=0 SHOWPROGRESS=1 FEATURELEVEL=3
[2017.08.04-05.17.49:487][  0]LightingResults: New page: Lighting Build
[2017.08.04-05.17.49:589][  0]MapCheck: New page: Map Check
[2017.08.04-05.17.49:589][  0]LightingResults: New page: Lighting Build
[2017.08.04-05.17.53:675][  0]LogBlueprint:Warning: [Compiler ThirdPersonCharacter] Warning InputAction Event references unknown Action 'ResetVR' for  InputAction ResetVR
[2017.08.04-05.17.53:676][  0]LogBlueprint:Warning: [Compiler ThirdPersonCharacter] Warning Input Axis Event references unknown Axis 'LookUpRate' for  InputAxis LookUpRate
[2017.08.04-05.17.53:676][  0]LogBlueprint:Warning: [Compiler ThirdPersonCharacter] Warning Input Axis Event references unknown Axis 'TurnRate' for  InputAxis TurnRate
[2017.08.04-05.17.53:676][  0]LogBlueprint:Warning: [Compiler ThirdPersonCharacter] Warning InputAction Event references unknown Action 'Jump' for  InputAction Jump
[2017.08.04-05.17.53:676][  0]LogBlueprint:Warning: [Compiler ThirdPersonCharacter] Warning Input Axis Event references unknown Axis 'LookUp' for  InputAxis LookUp
[2017.08.04-05.17.53:677][  0]LogBlueprint:Warning: [Compiler ThirdPersonCharacter] Warning Input Axis Event references unknown Axis 'Turn' for  InputAxis Turn
[2017.08.04-05.17.53:695][  0]LogBlueprint:Warning: [Compiler ThirdPersonCharacter] Warning [0077.74] Compile of ThirdPersonCharacter successful, but with 6 Warning(s) [in 38 ms] (/Game/ThirdPersonBP/Blueprints/ThirdPersonCharacter.ThirdPersonCharacter)
[2017.08.04-05.17.53:695][  0]LogBlueprint:Warning: [Compiler ThirdPersonCharacter] Warning [0077.75] Compile of ThirdPersonCharacter successful, but with 7 Warning(s) [in 0 ms] (/Game/ThirdPersonBP/Blueprints/ThirdPersonCharacter.ThirdPersonCharacter)
[2017.08.04-05.17.53:695][  0]LogBlueprint:Warning: [Compiler ThirdPersonCharacter] Warning [0077.75] Compile of ThirdPersonCharacter successful, but with 8 Warning(s) [in 0 ms] (/Game/ThirdPersonBP/Blueprints/ThirdPersonCharacter.ThirdPersonCharacter)
[2017.08.04-05.17.53:708][  0]LogBlueprint:Warning: [Compiler ThirdPersonCharacter] Warning InputAction Event references unknown Action 'ResetVR' for  InputAction ResetVR
[2017.08.04-05.17.53:708][  0]LogBlueprint:Warning: [Compiler ThirdPersonCharacter] Warning Input Axis Event references unknown Axis 'LookUpRate' for  InputAxis LookUpRate
[2017.08.04-05.17.53:709][  0]LogBlueprint:Warning: [Compiler ThirdPersonCharacter] Warning Input Axis Event references unknown Axis 'TurnRate' for  InputAxis TurnRate
[2017.08.04-05.17.53:709][  0]LogBlueprint:Warning: [Compiler ThirdPersonCharacter] Warning InputAction Event references unknown Action 'Jump' for  InputAction Jump
[2017.08.04-05.17.53:709][  0]LogBlueprint:Warning: [Compiler ThirdPersonCharacter] Warning Input Axis Event references unknown Axis 'LookUp' for  InputAxis LookUp
[2017.08.04-05.17.53:710][  0]LogBlueprint:Warning: [Compiler ThirdPersonCharacter] Warning Input Axis Event references unknown Axis 'Turn' for  InputAxis Turn
[2017.08.04-05.17.53:718][  0]LogBlueprint:Warning: [Compiler ThirdPersonCharacter] Warning [0077.77] Compile of ThirdPersonCharacter successful, but with 6 Warning(s) [in 18 ms] (/Game/ThirdPersonBP/Blueprints/ThirdPersonCharacter.ThirdPersonCharacter)
[2017.08.04-05.17.53:718][  0]LogBlueprint:Warning: [Compiler ThirdPersonCharacter] Warning [0077.77] Compile of ThirdPersonCharacter successful, but with 7 Warning(s) [in 0 ms] (/Game/ThirdPersonBP/Blueprints/ThirdPersonCharacter.ThirdPersonCharacter)
[2017.08.04-05.17.53:718][  0]LogBlueprint:Warning: [Compiler ThirdPersonCharacter] Warning [0077.77] Compile of ThirdPersonCharacter successful, but with 8 Warning(s) [in 0 ms] (/Game/ThirdPersonBP/Blueprints/ThirdPersonCharacter.ThirdPersonCharacter)
[2017.08.04-05.17.58:570][  0]LogLinker:Warning: Can't find file '/Game/Art/Environment/newdev/zzzzzz'
[2017.08.04-05.17.58:589][  0]LogLinker:Warning: Can't find file for asset '/Game/Art/Environment/newdev/zzzzzz' while loading ../../../../../GitHub/FYP_DumbTesting/Meeting/Content/Art/Environment/Mesh/SM_Corridor_Frame.uasset.
[2017.08.04-05.17.58:589][  0]LoadErrors:Error: Error /Game/Art/Environment/Mesh/SM_Corridor_Frame : Can't find file for asset. /Game/Art/Environment/newdev/zzzzzz
[2017.08.04-05.17.58:589][  0]LogLinker:Warning: Can't find file '/Game/Art/Environment/newdev/zzzzzz'
[2017.08.04-05.17.58:589][  0]LogLinker:Warning: Can't find file for asset '/Game/Art/Environment/newdev/zzzzzz' while loading ../../../../../GitHub/FYP_DumbTesting/Meeting/Content/Art/Environment/Mesh/SM_Corridor_Frame.uasset.
[2017.08.04-05.17.58:589][  0]LoadErrors:Error: Error /Game/Art/Environment/Mesh/SM_Corridor_Frame : Can't find file for asset. /Game/Art/Environment/newdev/zzzzzz
[2017.08.04-05.17.58:600][  0]LogLinker:Warning: Can't find file '/Game/Art/Environment/newdev/2'
[2017.08.04-05.17.58:600][  0]LogLinker:Warning: Can't find file for asset '/Game/Art/Environment/newdev/2' while loading ../../../../../GitHub/FYP_DumbTesting/Meeting/Content/Art/Environment/Mesh/SM_Corridor_Wall.uasset.
[2017.08.04-05.17.58:600][  0]LoadErrors:Error: Error /Game/Art/Environment/Mesh/SM_Corridor_Wall : Can't find file for asset. /Game/Art/Environment/newdev/2
[2017.08.04-05.17.58:600][  0]LogLinker:Warning: Can't find file '/Game/Art/Environment/newdev/2'
[2017.08.04-05.17.58:600][  0]LogLinker:Warning: Can't find file for asset '/Game/Art/Environment/newdev/2' while loading ../../../../../GitHub/FYP_DumbTesting/Meeting/Content/Art/Environment/Mesh/SM_Corridor_Wall.uasset.
[2017.08.04-05.17.58:600][  0]LoadErrors:Error: Error /Game/Art/Environment/Mesh/SM_Corridor_Wall : Can't find file for asset. /Game/Art/Environment/newdev/2
[2017.08.04-05.17.59:423][  0]LogLinker:Warning: Can't find file '/Game/Art/Environment/newdev/2'
[2017.08.04-05.17.59:423][  0]LoadErrors: Info Failed to load /Game/Art/Environment/newdev/2.2 Referenced by SM_Corridor_Wall
[2017.08.04-05.17.59:423][  0]LogLinker:Warning: Can't find file for asset '/Game/Art/Environment/newdev/2' while loading NULL.
[2017.08.04-05.17.59:423][  0]LoadErrors: Info Failed to load /Game/Art/Environment/newdev/2.2 Referenced by SM_Corridor_Wall
[2017.08.04-05.18.01:903][  0]LogLinker:Warning: Can't find file '/Game/Art/Environment/newdev/zzzzzz'
[2017.08.04-05.18.01:903][  0]LoadErrors: Info Failed to load /Game/Art/Environment/newdev/zzzzzz.zzzzzz Referenced by SM_Corridor_Frame
[2017.08.04-05.18.01:903][  0]LogLinker:Warning: Can't find file for asset '/Game/Art/Environment/newdev/zzzzzz' while loading NULL.
[2017.08.04-05.18.01:903][  0]LoadErrors: Info Failed to load /Game/Art/Environment/newdev/zzzzzz.zzzzzz Referenced by SM_Corridor_Frame
[2017.08.04-05.18.16:138][  0]LogTexture:Display: Building textures: HQ_Lightmap0_4 (AutoDXT, 1024X1024) - 57 MB total VRAM
[2017.08.04-05.18.18:313][  0]LogTexture:Display: Building textures: HQ_Lightmap0_5 (AutoDXT, 1024X1024) - 57 MB total VRAM
[2017.08.04-05.18.19:605][  0]LogTexture:Display: Building textures: HQ_Lightmap0_6 (AutoDXT, 1024X1024) - 57 MB total VRAM
[2017.08.04-05.18.20:565][  0]LogTexture:Display: Building textures: HQ_Lightmap0_7 (AutoDXT, 1024X1024) - 57 MB total VRAM
[2017.08.04-05.18.21:381][  0]LogTexture:Display: Building textures: HQ_Lightmap0_8 (AutoDXT, 512X512) - 57 MB total VRAM
[2017.08.04-05.18.21:486][  0]LogTexture:Display: Building textures: HQ_Lightmap0_9 (AutoDXT, 64X64) - 57 MB total VRAM
[2017.08.04-05.18.21:923][  0]LogTexture:Display: Building textures: HQ_Lightmap1_1 (AutoDXT, 4096X4096) - 57 MB total VRAM
[2017.08.04-05.18.31:059][  0]LogTexture:Display: Building textures: HQ_Lightmap1_2 (AutoDXT, 1024X1024) - 57 MB total VRAM
[2017.08.04-05.18.31:170][  0]LogTexture:Display: Building textures: HQ_Lightmap1_3 (AutoDXT, 1024X1024) - 57 MB total VRAM
[2017.08.04-05.18.31:962][  0]LogTexture:Display: Building textures: LQ_Lightmap_0_4 (DXT1, 1024X1024) - 57 MB total VRAM
[2017.08.04-05.18.32:482][  0]LogTexture:Display: Building textures: LQ_Lightmap_0_5 (DXT1, 1024X1024) - 57 MB total VRAM
[2017.08.04-05.18.33:066][  0]LogTexture:Display: Building textures: LQ_Lightmap_0_6 (DXT1, 1024X1024) - 57 MB total VRAM
[2017.08.04-05.18.33:895][  0]LogTexture:Display: Building textures: LQ_Lightmap_0_7 (DXT1, 1024X1024) - 57 MB total VRAM
[2017.08.04-05.18.34:402][  0]LogTexture:Display: Building textures: LQ_Lightmap_0_8 (DXT1, 512X512) - 57 MB total VRAM
[2017.08.04-05.18.34:473][  0]LogTexture:Display: Building textures: LQ_Lightmap_0_9 (DXT1, 64X64) - 57 MB total VRAM
[2017.08.04-05.18.35:096][  0]LogTexture:Display: Building textures: LQ_Lightmap_1_1 (DXT1, 4096X4096) - 57 MB total VRAM
[2017.08.04-05.18.40:786][  0]LogTexture:Display: Building textures: LQ_Lightmap_1_2 (DXT1, 1024X1024) - 57 MB total VRAM
[2017.08.04-05.18.41:716][  0]LogTexture:Display: Building textures: LQ_Lightmap_1_3 (DXT1, 1024X1024) - 57 MB total VRAM
[2017.08.04-05.18.56:427][  0]LogAIModule: Creating AISystem for world MockUp_Map
[2017.08.04-05.19.03:248][  0]LogEditorServer: Finished looking for orphan Actors (0.000 secs)
[2017.08.04-05.19.03:993][  0]Cmd: MAP CHECKDEP NOCLEARLOG
[2017.08.04-05.19.04:266][  0]MapCheck: Info Map check complete: 0 Error(s), 0 Warning(s), took 272.236ms to complete.
[2017.08.04-05.19.04:266][  0]LogFileHelpers: Loading map 'MockUp_Map' took 74.848
[2017.08.04-05.19.15:489][  0]LogCollectionManager: Loaded 0 collections in 0.014969 seconds
[2017.08.04-05.19.17:224][  0]LogFileCache: Scanning file cache for directory 'D:/GitHub/FYP_DumbTesting/Meeting/Saved/Collections/' took 0.01s
[2017.08.04-05.19.17:224][  0]LogFileCache: Scanning file cache for directory 'D:/GitHub/FYP_DumbTesting/Meeting/Content/Developers/HELLOBYE/Collections/' took 0.01s
[2017.08.04-05.19.17:224][  0]LogFileCache: Scanning file cache for directory 'D:/GitHub/FYP_DumbTesting/Meeting/Content/Collections/' took 0.01s
[2017.08.04-05.19.17:224][  0]LogCollectionManager: Rebuilt the GUID cache for 0 collections in 0.000002 seconds
[2017.08.04-05.19.17:289][  0]LogContentBrowser: Native class hierarchy populated in 0.0632 seconds. Added 2254 classes and 455 folders.
[2017.08.04-05.19.17:547][  0]LogContentBrowser: Native class hierarchy updated for 'WidgetCarousel' in 0.0025 seconds. Added 0 classes and 0 folders.
[2017.08.04-05.19.18:820][  0]LogContentBrowser: Native class hierarchy updated for 'AddContentDialog' in 0.0027 seconds. Added 0 classes and 0 folders.
[2017.08.04-05.19.18:971][  0]LogContentBrowser: Native class hierarchy updated for 'SceneOutliner' in 0.0020 seconds. Added 1 classes and 2 folders.
[2017.08.04-05.19.19:572][  0]LogCrashTracker: Crashtracker disabled due to settings.
[2017.08.04-05.19.19:766][  0]LogUObjectGlobals:Warning: Failed to find object 'Class None.'
[2017.08.04-05.19.19:963][  0]LogContentBrowser: Native class hierarchy updated for 'HierarchicalLODOutliner' in 0.0022 seconds. Added 1 classes and 2 folders.
[2017.08.04-05.19.19:963][  0]LogLoad: (Engine Initialization) Total time: 164.02 seconds
[2017.08.04-05.19.19:963][  0]LogLoad: (Engine Initialization) Total Blueprint compile time: 0.98 seconds
[2017.08.04-05.19.19:963][  0]LogExternalProfiler: Found external profiler: VSPerf
[2017.08.04-05.19.19:963][  0]LogExternalProfiler: Using external profiler: VSPerf
[2017.08.04-05.19.20:384][  0]LogOcInput: OculusInput pre-init called
[2017.08.04-05.19.21:141][  0]LogContentStreaming: Texture pool size now 1000 MB
[2017.08.04-05.19.22:079][  0]LogSlate: Took 0.131212 seconds to synchronously load lazily loaded font '../../../Engine/Content/Slate/Fonts/Roboto-Regular.ttf' (155K)
[2017.08.04-05.19.22:792][  2]LogRenderer: Reallocating scene render targets to support 256x256 NumSamples 1 (Frame:1).
[2017.08.04-05.19.23:557][  2]LogSlate: Took 0.061528 seconds to synchronously load lazily loaded font '../../../Engine/Content/Slate/Fonts/Roboto-Bold.ttf' (160K)
[2017.08.04-05.19.23:968][  4]LogAssetRegistry: Asset discovery search completed in 127.8206 seconds
[2017.08.04-05.19.23:968][  4]LogCollectionManager: Rebuilt the object cache for 0 collections in 0.000007 seconds (found 0 objects)
[2017.08.04-05.19.23:996][  4]LogCollectionManager: Fixed up redirectors for 0 collections in 0.000026 seconds (updated 0 objects)
[2017.08.04-05.19.31:639][133]LogSlate: Took 0.055015 seconds to synchronously load lazily loaded font '../../../Engine/Content/Editor/Slate/Fonts/FontAwesome.ttf' (139K)
[2017.08.04-05.19.32:169][133]LogRenderer: Reallocating scene render targets to support 1208x616 NumSamples 1 (Frame:2).
[2017.08.04-05.19.32:169][133]LogSlate: Took 0.054669 seconds to synchronously load lazily loaded font '../../../Engine/Content/Slate/Fonts/Roboto-Light.ttf' (159K)
[2017.08.04-05.19.40:115][310]LogMaterial: Missing cached shader map for material Material_0, compiling. 
[2017.08.04-05.19.40:164][310]LogTemp:Display: Added material ShaderMap 0x000001F277826E80 with Material 0x000001F2B010FB80 to ShaderMapsBeingCompiled
[2017.08.04-05.19.40:296][310]LogTemp:Display: Kicking off shader compilation for Material_0, GameThreadShaderMap 0x000001F277826E80
[2017.08.04-05.19.40:380][311]LogMaterial: Missing cached shader map for material Material_1, compiling. 
[2017.08.04-05.19.40:381][311]LogTemp:Display: Added material ShaderMap 0x000001F29E90B900 with Material 0x000001F28101AE00 to ShaderMapsBeingCompiled
[2017.08.04-05.19.40:416][311]LogTemp:Display: Kicking off shader compilation for Material_1, GameThreadShaderMap 0x000001F29E90B900
[2017.08.04-05.19.40:878][312]LogSlate: Took 0.000313 seconds to synchronously load lazily loaded font '../../../Engine/Content/Slate/Fonts/Roboto-Light.ttf' (159K)
[2017.08.04-05.19.42:250][312]LogSlate: Took 0.000231 seconds to synchronously load lazily loaded font '../../../Engine/Content/Slate/Fonts/Roboto-Regular.ttf' (155K)
[2017.08.04-05.19.42:889][312]LogContentBrowser: Native class hierarchy updated for 'BlueprintGraph' in 0.0034 seconds. Added 112 classes and 0 folders.
[2017.08.04-05.19.44:750][312]LogMaterial: Missing cached shader map for material Material_2, compiling. 
[2017.08.04-05.19.44:751][312]LogTemp:Display: Added material ShaderMap 0x000001F2FA984100 with Material 0x000001F2E77A4E80 to ShaderMapsBeingCompiled
[2017.08.04-05.19.44:795][312]LogTemp:Display: Kicking off shader compilation for Material_2, GameThreadShaderMap 0x000001F2FA984100
[2017.08.04-05.19.44:930][312]LogSlate: Took 0.011783 seconds to synchronously load lazily loaded font '../../../Engine/Content/Editor/Slate/Fonts/Roboto-BoldCondensed.ttf' (158K)
[2017.08.04-05.19.46:127][313]LogMaterial: Missing cached shader map for material Material_3, compiling. 
[2017.08.04-05.19.46:129][313]LogTemp:Display: Added material ShaderMap 0x000001F2FEB9DD00 with Material 0x000001F2FEBAD480 to ShaderMapsBeingCompiled
[2017.08.04-05.19.46:179][313]LogTemp:Display: Kicking off shader compilation for Material_3, GameThreadShaderMap 0x000001F2FEB9DD00
[2017.08.04-05.19.47:097][348]LogTemp:Display: Finished compile of shader map 0x000001F277826E80
[2017.08.04-05.19.47:097][348]LogTemp:Display: Shader map Material_0 complete, GameThreadShaderMap 0x000001F277826E80, marking material Material_0 as finished
[2017.08.04-05.19.47:097][348]LogTemp:Display: Marking material as finished 0x000001F2B010FB80
[2017.08.04-05.19.47:476][362]LogSlate: Took 0.102558 seconds to synchronously load lazily loaded font '../../../Engine/Content/Editor/Slate/Fonts/Roboto-Italic.ttf' (157K)
[2017.08.04-05.19.50:584][487]LogTemp:Display: Finished compile of shader map 0x000001F29E90B900
[2017.08.04-05.19.50:584][487]LogTemp:Display: Shader map Material_1 complete, GameThreadShaderMap 0x000001F29E90B900, marking material Material_1 as finished
[2017.08.04-05.19.50:584][487]LogTemp:Display: Marking material as finished 0x000001F28101AE00
[2017.08.04-05.19.54:190][759]LogTemp:Display: Finished compile of shader map 0x000001F2FA984100
[2017.08.04-05.19.54:190][759]LogTemp:Display: Shader map Material_2 complete, GameThreadShaderMap 0x000001F2FA984100, marking material Material_2 as finished
[2017.08.04-05.19.54:190][759]LogTemp:Display: Marking material as finished 0x000001F2E77A4E80
[2017.08.04-05.19.57:622][996]LogTemp:Display: Finished compile of shader map 0x000001F2FEB9DD00
[2017.08.04-05.19.57:622][996]LogTemp:Display: Shader map Material_3 complete, GameThreadShaderMap 0x000001F2FEB9DD00, marking material Material_3 as finished
[2017.08.04-05.19.57:622][996]LogTemp:Display: Marking material as finished 0x000001F2FEBAD480
[2017.08.04-05.20.10:005][141]LogEditorTransaction: Undo Move Node
[2017.08.04-05.20.10:207][141]LogSlate: Took 0.000290 seconds to synchronously load lazily loaded font '../../../Engine/Content/Slate/Fonts/Roboto-Light.ttf' (159K)
[2017.08.04-05.20.29:159][  9]BlueprintLog: New page: Compile Charater_BP
[2017.08.04-05.20.34:811][361]BlueprintLog: New page: Compile Charater_BP
[2017.08.04-05.20.40:802][665]LogRenderer: Reallocating scene render targets to support 1208x684 NumSamples 1 (Frame:246).
[2017.08.04-05.20.43:704][847]LogContentBrowser: Native class hierarchy updated for 'SkeletonEditor' in 0.0023 seconds. Added 1 classes and 2 folders.
[2017.08.04-05.20.44:088][847]LogActorComponent: RegisterComponentWithWorld: (/Engine/Transient.World_8:PersistentLevel.Actor_0.DebugSkelMeshComponent_0) Already registered. Aborting.
[2017.08.04-05.20.44:264][847]LogSkeletalMesh: USkeletalMeshComponent::InitArticulated : Bodies already created (/Engine/Transient.World_8:PersistentLevel.Actor_0.DebugSkelMeshComponent_0) - call TermArticulated first.
[2017.08.04-05.20.44:778][848]LogRenderer: Reallocating scene render targets to support 1208x888 NumSamples 1 (Frame:481).
[2017.08.04-05.20.46:909][903]LogActorComponent: RegisterComponentWithWorld: (/Engine/Transient.World_11:PersistentLevel.Actor_1.DebugSkelMeshComponent_1) Already registered. Aborting.
[2017.08.04-05.20.46:957][903]LogSkeletalMesh: USkeletalMeshComponent::InitArticulated : Bodies already created (/Engine/Transient.World_11:PersistentLevel.Actor_1.DebugSkelMeshComponent_1) - call TermArticulated first.
[2017.08.04-05.21.37:279][896]LogSavePackage: Save=139.86ms
[2017.08.04-05.21.37:279][896]LogSavePackage: Moving '../../../../../GitHub/FYP_DumbTesting/Meeting/Saved/UE4_Mannequin_Skeleton3705ED4B4D21BDA1F81990AF47EF6201.tmp' to '../../../../../GitHub/FYP_DumbTesting/Meeting/Content/AnimStarterPack/UE4_Mannequin/Mesh/UE4_Mannequin_Skeleton.uasset'
[2017.08.04-05.21.37:302][896]LogSavePackage:Display: Finished SavePackage ../../../../../GitHub/FYP_DumbTesting/Meeting/Content/AnimStarterPack/UE4_Mannequin/Mesh/UE4_Mannequin_Skeleton.uasset
[2017.08.04-05.22.01:355][926]LogSlate:Warning: Prevented a slow task dialog from being summoned while a context menu was open
[2017.08.04-05.22.46:695][599]BlueprintLog: New page: Compile Charater_BP
[2017.08.04-05.22.48:655][660]Cmd: OBJ SAVEPACKAGE PACKAGE="/Game/Blueprint/Charater_BP" FILE="../../../../../GitHub/FYP_DumbTesting/Meeting/Content/Blueprint/Charater_BP.uasset" SILENT=true
[2017.08.04-05.22.48:958][660]LogSavePackage: Save=283.68ms
[2017.08.04-05.22.48:958][660]LogSavePackage: Moving '../../../../../GitHub/FYP_DumbTesting/Meeting/Saved/Charater_BPA6067DBB433534D3B865D7A6D8FF1459.tmp' to '../../../../../GitHub/FYP_DumbTesting/Meeting/Content/Blueprint/Charater_BP.uasset'
[2017.08.04-05.22.48:961][660]LogSavePackage:Display: Finished SavePackage ../../../../../GitHub/FYP_DumbTesting/Meeting/Content/Blueprint/Charater_BP.uasset
[2017.08.04-05.22.50:430][730]LogTemp: Repeting last play command: Selected Viewport
[2017.08.04-05.22.50:482][730]LogBlueprintUserMessages: Early PlayInEditor Detection: Level '/Game/ThirdPersonBP/Maps/MockUp_Map.MockUp_Map:PersistentLevel' has LevelScriptBlueprint '/Game/ThirdPersonBP/Maps/MockUp_Map.MockUp_Map:PersistentLevel.MockUp_Map' with GeneratedClass '/Game/ThirdPersonBP/Maps/MockUp_Map.MockUp_Map_C' with ClassGeneratedBy '/Game/ThirdPersonBP/Maps/MockUp_Map.MockUp_Map:PersistentLevel.MockUp_Map'
[2017.08.04-05.22.50:489][730]LogPlayLevel: PlayLevel: No blueprints needed recompiling
[2017.08.04-05.22.50:550][730]PIE: New page: PIE session: MockUp_Map (Aug 4, 2017, 9:22:50 PM)
[2017.08.04-05.22.50:565][730]LogPlayLevel: Creating play world package: /Game/ThirdPersonBP/Maps/UEDPIE_0_MockUp_Map
[2017.08.04-05.22.51:078][730]LogPlayLevel: PIE: StaticDuplicateObject took: (0.513246s)
[2017.08.04-05.22.51:079][730]LogAIModule: Creating AISystem for world MockUp_Map
[2017.08.04-05.22.51:079][730]LogPlayLevel: PIE: World Init took: (0.001316s)
[2017.08.04-05.22.51:096][730]LogPlayLevel: PIE: Created PIE world by copying editor world from /Game/ThirdPersonBP/Maps/MockUp_Map.MockUp_Map to /Game/ThirdPersonBP/Maps/UEDPIE_0_MockUp_Map.MockUp_Map (0.534633s)
[2017.08.04-05.22.51:163][730]LogInit: XAudio2 using 'VX2363 Series-4 (NVIDIA High Definition Audio)' : 2 channels at 48 kHz using 16 bits per sample (channel mask 0x3)
[2017.08.04-05.22.51:200][730]LogInit: FAudioDevice initialized.
[2017.08.04-05.22.51:389][730]LogLoad: Game class is 'MeetingGameModeBase_BP_C'
[2017.08.04-05.22.51:460][730]LogWorld: Bringing World /Game/ThirdPersonBP/Maps/UEDPIE_0_MockUp_Map.MockUp_Map up for play (max tick rate 0) at 2017.08.04-13.22.51
[2017.08.04-05.22.51:557][730]LogWorld: Bringing up level for play took: 0.166692
[2017.08.04-05.22.51:734][730]LogContentBrowser: Native class hierarchy updated for 'MovieSceneCapture' in 0.0024 seconds. Added 11 classes and 0 folders.
[2017.08.04-05.22.51:804][730]PIE: Info Play in editor start time for /Game/ThirdPersonBP/Maps/UEDPIE_0_MockUp_Map 1.618
[2017.08.04-05.22.51:807][730]LogBlueprintUserMessages: Late PlayInEditor Detection: Level '/Game/ThirdPersonBP/Maps/MockUp_Map.MockUp_Map:PersistentLevel' has LevelScriptBlueprint '/Game/ThirdPersonBP/Maps/MockUp_Map.MockUp_Map:PersistentLevel.MockUp_Map' with GeneratedClass '/Game/ThirdPersonBP/Maps/MockUp_Map.MockUp_Map_C' with ClassGeneratedBy '/Game/ThirdPersonBP/Maps/MockUp_Map.MockUp_Map:PersistentLevel.MockUp_Map'
[2017.08.04-05.23.05:652][201]LogBlueprintUserMessages: Early EndPlayMap Detection: Level '/Game/ThirdPersonBP/Maps/MockUp_Map.MockUp_Map:PersistentLevel' has LevelScriptBlueprint '/Game/ThirdPersonBP/Maps/MockUp_Map.MockUp_Map:PersistentLevel.MockUp_Map' with GeneratedClass '/Game/ThirdPersonBP/Maps/MockUp_Map.MockUp_Map_C' with ClassGeneratedBy '/Game/ThirdPersonBP/Maps/MockUp_Map.MockUp_Map:PersistentLevel.MockUp_Map'
[2017.08.04-05.23.05:844][201]LogBlueprintUserMessages: Late EndPlayMap Detection: Level '/Game/ThirdPersonBP/Maps/MockUp_Map.MockUp_Map:PersistentLevel' has LevelScriptBlueprint '/Game/ThirdPersonBP/Maps/MockUp_Map.MockUp_Map:PersistentLevel.MockUp_Map' with GeneratedClass '/Game/ThirdPersonBP/Maps/MockUp_Map.MockUp_Map_C' with ClassGeneratedBy '/Game/ThirdPersonBP/Maps/MockUp_Map.MockUp_Map:PersistentLevel.MockUp_Map'
[2017.08.04-05.23.07:075][219]LogTemp: Repeting last play command: Selected Viewport
[2017.08.04-05.23.07:108][219]LogBlueprintUserMessages: Early PlayInEditor Detection: Level '/Game/ThirdPersonBP/Maps/MockUp_Map.MockUp_Map:PersistentLevel' has LevelScriptBlueprint '/Game/ThirdPersonBP/Maps/MockUp_Map.MockUp_Map:PersistentLevel.MockUp_Map' with GeneratedClass '/Game/ThirdPersonBP/Maps/MockUp_Map.MockUp_Map_C' with ClassGeneratedBy '/Game/ThirdPersonBP/Maps/MockUp_Map.MockUp_Map:PersistentLevel.MockUp_Map'
[2017.08.04-05.23.07:108][219]LogPlayLevel: PlayLevel: No blueprints needed recompiling
[2017.08.04-05.23.07:108][219]PIE: New page: PIE session: MockUp_Map (Aug 4, 2017, 9:23:07 PM)
[2017.08.04-05.23.07:108][219]LogPlayLevel: Creating play world package: /Game/ThirdPersonBP/Maps/UEDPIE_0_MockUp_Map
[2017.08.04-05.23.07:284][219]LogPlayLevel: PIE: StaticDuplicateObject took: (0.175715s)
[2017.08.04-05.23.07:285][219]LogAIModule: Creating AISystem for world MockUp_Map
[2017.08.04-05.23.07:285][219]LogPlayLevel: PIE: World Init took: (0.000872s)
[2017.08.04-05.23.07:286][219]LogPlayLevel: PIE: Created PIE world by copying editor world from /Game/ThirdPersonBP/Maps/MockUp_Map.MockUp_Map to /Game/ThirdPersonBP/Maps/UEDPIE_0_MockUp_Map.MockUp_Map (0.177791s)
[2017.08.04-05.23.07:333][219]LogInit: XAudio2 using 'VX2363 Series-4 (NVIDIA High Definition Audio)' : 2 channels at 48 kHz using 16 bits per sample (channel mask 0x3)
[2017.08.04-05.23.07:341][219]LogInit: FAudioDevice initialized.
[2017.08.04-05.23.07:402][219]LogLoad: Game class is 'MeetingGameModeBase_BP_C'
[2017.08.04-05.23.07:463][219]LogWorld: Bringing World /Game/ThirdPersonBP/Maps/UEDPIE_0_MockUp_Map.MockUp_Map up for play (max tick rate 0) at 2017.08.04-13.23.07
[2017.08.04-05.23.07:469][219]LogWorld: Bringing up level for play took: 0.065379
[2017.08.04-05.23.07:475][219]PIE: Info Play in editor start time for /Game/ThirdPersonBP/Maps/UEDPIE_0_MockUp_Map 1.289
[2017.08.04-05.23.07:476][219]LogBlueprintUserMessages: Late PlayInEditor Detection: Level '/Game/ThirdPersonBP/Maps/MockUp_Map.MockUp_Map:PersistentLevel' has LevelScriptBlueprint '/Game/ThirdPersonBP/Maps/MockUp_Map.MockUp_Map:PersistentLevel.MockUp_Map' with GeneratedClass '/Game/ThirdPersonBP/Maps/MockUp_Map.MockUp_Map_C' with ClassGeneratedBy '/Game/ThirdPersonBP/Maps/MockUp_Map.MockUp_Map:PersistentLevel.MockUp_Map'
[2017.08.04-05.23.14:566][478]LogCharacterMovement: Charater_BP_C_0 is stuck and failed to move! Velocity: X=-63.76 Y=21.68 Z=0.00 Location: X=-985.76 Y=11315.05 Z=233.39 Normal: X=0.67 Y=-0.74 Z=0.00 PenetrationDepth:61.967 Actor:Sphere_2 Component:StaticMeshComponent0 BoneName:None (0 other events since notify)
[2017.08.04-05.23.15:809][517]LogCharacterMovement: Charater_BP_C_0 is stuck and failed to move! Velocity: X=54.63 Y=20.57 Z=0.00 Location: X=-905.96 Y=11314.03 Z=236.53 Normal: X=-0.93 Y=-0.36 Z=0.00 PenetrationDepth:31.107 Actor:Sphere_2 Component:StaticMeshComponent0 BoneName:None (0 other events since notify)
[2017.08.04-05.23.19:202][609]LogScriptCore:Warning: Script Msg: Attempted to access index 0 from array CallFunc_GetOverlappingActors_OverlappingActors of length 0!
[2017.08.04-05.23.41:297][ 62]LogBlueprintUserMessages: Early EndPlayMap Detection: Level '/Game/ThirdPersonBP/Maps/MockUp_Map.MockUp_Map:PersistentLevel' has LevelScriptBlueprint '/Game/ThirdPersonBP/Maps/MockUp_Map.MockUp_Map:PersistentLevel.MockUp_Map' with GeneratedClass '/Game/ThirdPersonBP/Maps/MockUp_Map.MockUp_Map_C' with ClassGeneratedBy '/Game/ThirdPersonBP/Maps/MockUp_Map.MockUp_Map:PersistentLevel.MockUp_Map'
[2017.08.04-05.23.41:394][ 62]LogBlueprintUserMessages: Late EndPlayMap Detection: Level '/Game/ThirdPersonBP/Maps/MockUp_Map.MockUp_Map:PersistentLevel' has LevelScriptBlueprint '/Game/ThirdPersonBP/Maps/MockUp_Map.MockUp_Map:PersistentLevel.MockUp_Map' with GeneratedClass '/Game/ThirdPersonBP/Maps/MockUp_Map.MockUp_Map_C' with ClassGeneratedBy '/Game/ThirdPersonBP/Maps/MockUp_Map.MockUp_Map:PersistentLevel.MockUp_Map'
[2017.08.04-05.23.47:012][ 99]LogSavePackage: Save=2821.09ms
[2017.08.04-05.23.47:012][ 99]LogSavePackage: Moving '../../../../../GitHub/FYP_DumbTesting/Meeting/Saved/MockUp_Map87BA8CB84B0B199C94476E83CC5A2823.tmp' to '../../../../../GitHub/FYP_DumbTesting/Meeting/Content/ThirdPersonBP/Maps/MockUp_Map.umap'
[2017.08.04-05.23.47:015][ 99]LogSavePackage:Display: Finished SavePackage ../../../../../GitHub/FYP_DumbTesting/Meeting/Content/ThirdPersonBP/Maps/MockUp_Map.umap
[2017.08.04-05.23.47:133][ 99]Cmd: OBJ SAVEPACKAGE PACKAGE="/Game/ThirdPersonBP/Maps/MockUp_Map_BuiltData" FILE="../../../../../GitHub/FYP_DumbTesting/Meeting/Content/ThirdPersonBP/Maps/MockUp_Map_BuiltData.uasset" SILENT=true
[2017.08.04-05.24.07:737][ 99]LogSavePackage: Save=4701.02ms
[2017.08.04-05.24.07:739][ 99]LogSavePackage: Moving '../../../../../GitHub/FYP_DumbTesting/Meeting/Saved/MockUp_Map_BuiltData12B2B485406A042B0432A387C61058D4.tmp' to '../../../../../GitHub/FYP_DumbTesting/Meeting/Content/ThirdPersonBP/Maps/MockUp_Map_BuiltData.uasset'
[2017.08.04-05.24.07:781][ 99]LogSavePackage:Display: Finished SavePackage ../../../../../GitHub/FYP_DumbTesting/Meeting/Content/ThirdPersonBP/Maps/MockUp_Map_BuiltData.uasset
[2017.08.04-05.24.14:632][181]LogTemp: Repeting last play command: Selected Viewport
[2017.08.04-05.24.14:667][181]LogBlueprintUserMessages: Early PlayInEditor Detection: Level '/Game/ThirdPersonBP/Maps/MockUp_Map.MockUp_Map:PersistentLevel' has LevelScriptBlueprint '/Game/ThirdPersonBP/Maps/MockUp_Map.MockUp_Map:PersistentLevel.MockUp_Map' with GeneratedClass '/Game/ThirdPersonBP/Maps/MockUp_Map.MockUp_Map_C' with ClassGeneratedBy '/Game/ThirdPersonBP/Maps/MockUp_Map.MockUp_Map:PersistentLevel.MockUp_Map'
[2017.08.04-05.24.14:667][181]LogPlayLevel: PlayLevel: No blueprints needed recompiling
[2017.08.04-05.24.14:667][181]PIE: New page: PIE session: MockUp_Map (Aug 4, 2017, 9:24:14 PM)
[2017.08.04-05.24.14:668][181]LogPlayLevel: Creating play world package: /Game/ThirdPersonBP/Maps/UEDPIE_0_MockUp_Map
[2017.08.04-05.24.14:842][181]LogPlayLevel: PIE: StaticDuplicateObject took: (0.174075s)
[2017.08.04-05.24.14:842][181]LogAIModule: Creating AISystem for world MockUp_Map
[2017.08.04-05.24.14:843][181]LogPlayLevel: PIE: World Init took: (0.000948s)
[2017.08.04-05.24.14:844][181]LogPlayLevel: PIE: Created PIE world by copying editor world from /Game/ThirdPersonBP/Maps/MockUp_Map.MockUp_Map to /Game/ThirdPersonBP/Maps/UEDPIE_0_MockUp_Map.MockUp_Map (0.176378s)
[2017.08.04-05.24.14:887][181]LogInit: XAudio2 using 'VX2363 Series-4 (NVIDIA High Definition Audio)' : 2 channels at 48 kHz using 16 bits per sample (channel mask 0x3)
[2017.08.04-05.24.14:990][181]LogInit: FAudioDevice initialized.
[2017.08.04-05.24.15:060][181]LogLoad: Game class is 'MeetingGameModeBase_BP_C'
[2017.08.04-05.24.15:139][181]LogWorld: Bringing World /Game/ThirdPersonBP/Maps/UEDPIE_0_MockUp_Map.MockUp_Map up for play (max tick rate 0) at 2017.08.04-13.24.15
[2017.08.04-05.24.15:146][181]LogWorld: Bringing up level for play took: 0.082101
[2017.08.04-05.24.15:152][181]PIE: Info Play in editor start time for /Game/ThirdPersonBP/Maps/UEDPIE_0_MockUp_Map 0.966
[2017.08.04-05.24.15:152][181]LogBlueprintUserMessages: Late PlayInEditor Detection: Level '/Game/ThirdPersonBP/Maps/MockUp_Map.MockUp_Map:PersistentLevel' has LevelScriptBlueprint '/Game/ThirdPersonBP/Maps/MockUp_Map.MockUp_Map:PersistentLevel.MockUp_Map' with GeneratedClass '/Game/ThirdPersonBP/Maps/MockUp_Map.MockUp_Map_C' with ClassGeneratedBy '/Game/ThirdPersonBP/Maps/MockUp_Map.MockUp_Map:PersistentLevel.MockUp_Map'
[2017.08.04-05.24.20:510][389]LogBlueprintUserMessages: Early EndPlayMap Detection: Level '/Game/ThirdPersonBP/Maps/MockUp_Map.MockUp_Map:PersistentLevel' has LevelScriptBlueprint '/Game/ThirdPersonBP/Maps/MockUp_Map.MockUp_Map:PersistentLevel.MockUp_Map' with GeneratedClass '/Game/ThirdPersonBP/Maps/MockUp_Map.MockUp_Map_C' with ClassGeneratedBy '/Game/ThirdPersonBP/Maps/MockUp_Map.MockUp_Map:PersistentLevel.MockUp_Map'
[2017.08.04-05.24.20:583][389]LogBlueprintUserMessages: Late EndPlayMap Detection: Level '/Game/ThirdPersonBP/Maps/MockUp_Map.MockUp_Map:PersistentLevel' has LevelScriptBlueprint '/Game/ThirdPersonBP/Maps/MockUp_Map.MockUp_Map:PersistentLevel.MockUp_Map' with GeneratedClass '/Game/ThirdPersonBP/Maps/MockUp_Map.MockUp_Map_C' with ClassGeneratedBy '/Game/ThirdPersonBP/Maps/MockUp_Map.MockUp_Map:PersistentLevel.MockUp_Map'
[2017.08.04-05.24.22:119][437]LogWindowsTextInputMethodSystem:Display: IME system now deactivated.
[2017.08.04-05.24.22:423][438]Cmd: QUIT_EDITOR
[2017.08.04-05.24.23:025][438]LogExit: Preparing to exit.
[2017.08.04-05.24.23:845][438]LogDirectoryWatcher: A directory notification for 'D:/GitHub/FYP_DumbTesting/Meeting/Content/' was aborted.
[2017.08.04-05.24.24:558][438]LogExit: Editor shut down
[2017.08.04-05.24.24:561][438]LogExit: Transaction tracking system shut down
[2017.08.04-05.24.33:296][438]LogObj: Freed 0b from 0 cluster array pools.
[2017.08.04-05.24.33:296][438]LogExit: Object subsystem successfully closed.
[2017.08.04-05.24.34:632][438]LogD3D11RHI: Shutdown
[2017.08.04-05.24.34:632][438]LogD3D11RHI: CleanupD3DDevice
[2017.08.04-05.24.36:157][438]LogD3D11RHI: ~FD3D11DynamicRHI
[2017.08.04-05.24.39:693][438]LogModuleManager: Shutting down and abandoning module MovieSceneCapture (512)
[2017.08.04-05.24.39:693][438]LogModuleManager: Shutting down and abandoning module HierarchicalLODUtilities (510)
[2017.08.04-05.24.39:693][438]LogModuleManager: Shutting down and abandoning module SkeletonEditor (508)
[2017.08.04-05.24.39:693][438]LogModuleManager: Shutting down and abandoning module SkeletalMeshEditor (506)
[2017.08.04-05.24.39:694][438]LogModuleManager: Shutting down and abandoning module BlueprintGraph (504)
[2017.08.04-05.24.39:694][438]LogModuleManager: Shutting down and abandoning module BlueprintProfiler (502)
[2017.08.04-05.24.39:874][438]LogModuleManager: Shutting down and abandoning module HierarchicalLODOutliner (500)
[2017.08.04-05.24.39:921][438]LogModuleManager: Shutting down and abandoning module CrashTracker (498)
[2017.08.04-05.24.39:921][438]LogModuleManager: Shutting down and abandoning module SceneOutliner (496)
[2017.08.04-05.24.39:921][438]LogModuleManager: Shutting down and abandoning module AddContentDialog (494)
[2017.08.04-05.24.39:959][438]LogDirectoryWatcher: A directory notification for 'D:/UnrealEngine/UE_4.15/FeaturePacks/' was aborted.
[2017.08.04-05.24.40:052][438]LogModuleManager: Shutting down and abandoning module WidgetCarousel (493)
[2017.08.04-05.24.40:052][438]LogModuleManager: Shutting down and abandoning module EditorWidgets (490)
[2017.08.04-05.24.40:052][438]LogModuleManager: Shutting down and abandoning module CollectionManager (488)
[2017.08.04-05.24.40:118][438]LogDirectoryWatcher: A directory notification for 'D:/GitHub/FYP_DumbTesting/Meeting/Content/Collections/' was aborted.
[2017.08.04-05.24.40:119][438]LogDirectoryWatcher: A directory notification for 'D:/GitHub/FYP_DumbTesting/Meeting/Content/Developers/HELLOBYE/Collections/' was aborted.
[2017.08.04-05.24.40:119][438]LogDirectoryWatcher: A directory notification for 'D:/GitHub/FYP_DumbTesting/Meeting/Saved/Collections/' was aborted.
[2017.08.04-05.24.40:119][438]LogModuleManager: Shutting down and abandoning module StatsViewer (486)
[2017.08.04-05.24.40:173][438]LogModuleManager: Shutting down and abandoning module FoliageEdit (484)
[2017.08.04-05.24.40:200][438]LogModuleManager: Shutting down and abandoning module LandscapeEditor (482)
[2017.08.04-05.24.40:291][438]LogModuleManager: Shutting down and abandoning module SceneDepthPickerMode (480)
[2017.08.04-05.24.40:291][438]LogModuleManager: Shutting down and abandoning module ActorPickerMode (478)
[2017.08.04-05.24.40:291][438]LogModuleManager: Shutting down and abandoning module GeometryMode (476)
[2017.08.04-05.24.40:310][438]LogModuleManager: Shutting down and abandoning module TextureAlignMode (474)
[2017.08.04-05.24.40:310][438]LogModuleManager: Shutting down and abandoning module BspMode (472)
[2017.08.04-05.24.40:340][438]LogModuleManager: Shutting down and abandoning module HardwareSurvey (470)
[2017.08.04-05.24.40:371][438]LogModuleManager: Shutting down and abandoning module SequenceRecorderSections (468)
[2017.08.04-05.24.40:417][438]LogModuleManager: Shutting down and abandoning module AutomationWorker (466)
[2017.08.04-05.24.40:449][438]LogModuleManager: Shutting down and abandoning module MatineeToLevelSequence (464)
[2017.08.04-05.24.40:499][438]LogModuleManager: Shutting down and abandoning module LevelSequenceEditor (462)
[2017.08.04-05.24.40:828][438]LogModuleManager: Shutting down and abandoning module PlacementMode (461)
[2017.08.04-05.24.40:828][438]LogModuleManager: Shutting down and abandoning module WmfMediaFactory (458)
[2017.08.04-05.24.40:828][438]LogModuleManager: Shutting down and abandoning module WmfMediaEditor (456)
[2017.08.04-05.24.40:828][438]LogModuleManager: Shutting down and abandoning module MfMediaFactory (454)
[2017.08.04-05.24.40:828][438]LogModuleManager: Shutting down and abandoning module MfMediaEditor (452)
[2017.08.04-05.24.40:828][438]LogModuleManager: Shutting down and abandoning module AvfMediaFactory (450)
[2017.08.04-05.24.40:828][438]LogModuleManager: Shutting down and abandoning module AvfMediaEditor (448)
[2017.08.04-05.24.40:828][438]LogModuleManager: Shutting down and abandoning module AndroidMediaFactory (446)
[2017.08.04-05.24.40:828][438]LogModuleManager: Shutting down and abandoning module Media (445)
[2017.08.04-05.24.40:828][438]LogModuleManager: Shutting down and abandoning module AndroidMediaEditor (442)
[2017.08.04-05.24.40:828][438]LogModuleManager: Shutting down and abandoning module CharacterAI (440)
[2017.08.04-05.24.40:828][438]LogModuleManager: Shutting down and abandoning module AudioCapture (438)
[2017.08.04-05.24.40:861][438]LogModuleManager: Shutting down and abandoning module SequenceRecorder (437)
[2017.08.04-05.24.40:921][438]LogModuleManager: Shutting down and abandoning module SmartSnapping (434)
[2017.08.04-05.24.40:941][438]LogModuleManager: Shutting down and abandoning module SessionServices (432)
[2017.08.04-05.24.40:941][438]LogModuleManager: Shutting down and abandoning module ViewportSnapping (430)
[2017.08.04-05.24.40:941][438]LogModuleManager: Shutting down and abandoning module ViewportInteraction (428)
[2017.08.04-05.24.40:941][438]LogModuleManager: Shutting down and abandoning module LogVisualizer (426)
[2017.08.04-05.24.41:047][438]LogModuleManager: Shutting down and abandoning module IntroTutorials (424)
[2017.08.04-05.24.41:071][438]LogModuleManager: Shutting down and abandoning module GameProjectGeneration (423)
[2017.08.04-05.24.41:194][438]LogModuleManager: Shutting down and abandoning module EditorLiveStreaming (420)
[2017.08.04-05.24.41:194][438]LogModuleManager: Shutting down and abandoning module IOSPlatformEditor (418)
[2017.08.04-05.24.41:203][438]LogModuleManager: Shutting down and abandoning module HTML5PlatformEditor (416)
[2017.08.04-05.24.41:203][438]LogModuleManager: Shutting down and abandoning module AndroidPlatformEditor (414)
[2017.08.04-05.24.41:216][438]LogModuleManager: Shutting down and abandoning module AndroidDeviceDetection (413)
[2017.08.04-05.24.41:836][438]LogModuleManager: Shutting down and abandoning module IOSRuntimeSettings (410)
[2017.08.04-05.24.41:836][438]LogModuleManager: Shutting down and abandoning module AndroidRuntimeSettings (408)
[2017.08.04-05.24.41:836][438]LogModuleManager: Shutting down and abandoning module InputBindingEditor (406)
[2017.08.04-05.24.41:854][438]LogModuleManager: Shutting down and abandoning module NiagaraEditor (404)
[2017.08.04-05.24.41:946][438]LogModuleManager: Shutting down and abandoning module MergeActors (402)
[2017.08.04-05.24.42:090][438]LogModuleManager: Shutting down and abandoning module SizeMap (400)
[2017.08.04-05.24.42:116][438]LogModuleManager: Shutting down and abandoning module TreeMap (398)
[2017.08.04-05.24.42:157][438]LogModuleManager: Shutting down and abandoning module ReferenceViewer (396)
[2017.08.04-05.24.42:157][438]LogModuleManager: Shutting down and abandoning module LocalizationDashboard (394)
[2017.08.04-05.24.42:181][438]LogModuleManager: Shutting down and abandoning module LocalizationService (393)
[2017.08.04-05.24.42:229][438]LogModuleManager: Shutting down and abandoning module HardwareTargeting (390)
[2017.08.04-05.24.42:252][438]LogModuleManager: Shutting down and abandoning module DeviceProfileEditor (388)
[2017.08.04-05.24.42:262][438]LogModuleManager: Shutting down and abandoning module UndoHistory (386)
[2017.08.04-05.24.42:275][438]LogModuleManager: Shutting down and abandoning module UserFeedback (384)
[2017.08.04-05.24.42:275][438]LogModuleManager: Shutting down and abandoning module XmlParser (382)
[2017.08.04-05.24.42:330][438]LogModuleManager: Shutting down and abandoning module Blutility (380)
[2017.08.04-05.24.42:342][438]LogModuleManager: Shutting down and abandoning module ProjectSettingsViewer (378)
[2017.08.04-05.24.42:353][438]LogModuleManager: Shutting down and abandoning module ProjectTargetPlatformEditor (377)
[2017.08.04-05.24.42:354][438]LogModuleManager: Shutting down and abandoning module EditorSettingsViewer (374)
[2017.08.04-05.24.42:354][438]LogModuleManager: Shutting down and abandoning module SettingsEditor (372)
[2017.08.04-05.24.42:423][438]LogModuleManager: Shutting down and abandoning module ProjectLauncher (370)
[2017.08.04-05.24.42:459][438]LogModuleManager: Shutting down and abandoning module SessionFrontend (368)
[2017.08.04-05.24.42:490][438]LogModuleManager: Shutting down and abandoning module ProfilerClient (366)
[2017.08.04-05.24.42:518][438]LogModuleManager: Shutting down and abandoning module DeviceManager (364)
[2017.08.04-05.24.42:558][438]LogModuleManager: Shutting down and abandoning module TargetDeviceServices (363)
[2017.08.04-05.24.42:622][438]LogModuleManager: Shutting down and abandoning module AutomationController (360)
[2017.08.04-05.24.42:661][438]LogModuleManager: Shutting down and abandoning module AutomationWindow (358)
[2017.08.04-05.24.42:762][438]LogModuleManager: Shutting down and abandoning module Layers (356)
[2017.08.04-05.24.42:827][438]LogModuleManager: Shutting down and abandoning module ComponentVisualizers (354)
[2017.08.04-05.24.42:827][438]LogModuleManager: Shutting down and abandoning module DetailCustomizations (352)
[2017.08.04-05.24.42:935][438]LogModuleManager: Shutting down and abandoning module PackagesDialog (350)
[2017.08.04-05.24.42:950][438]LogModuleManager: Shutting down and abandoning module Persona (348)
[2017.08.04-05.24.42:950][438]LogModuleManager: Shutting down and abandoning module AnimGraph (347)
[2017.08.04-05.24.42:950][438]LogModuleManager: Shutting down and abandoning module Kismet (344)
[2017.08.04-05.24.43:021][438]LogModuleManager: Shutting down and abandoning module GraphEditor (342)
[2017.08.04-05.24.43:022][438]LogModuleManager: Shutting down and abandoning module ClassViewer (340)
[2017.08.04-05.24.43:023][438]LogModuleManager: Shutting down and abandoning module Toolbox (338)
[2017.08.04-05.24.43:040][438]LogModuleManager: Shutting down and abandoning module ModuleUI (336)
[2017.08.04-05.24.43:082][438]LogModuleManager: Shutting down and abandoning module MovieSceneTools (334)
[2017.08.04-05.24.43:100][438]LogModuleManager: Shutting down and abandoning module OutputLog (332)
[2017.08.04-05.24.43:131][438]LogModuleManager: Shutting down and abandoning module GammaUI (330)
[2017.08.04-05.24.43:147][438]LogModuleManager: Shutting down and abandoning module Documentation (328)
[2017.08.04-05.24.43:147][438]LogModuleManager: Shutting down and abandoning module Niagara (326)
[2017.08.04-05.24.43:147][438]LogModuleManager: Shutting down and abandoning module StreamingPauseRendering (324)
[2017.08.04-05.24.43:147][438]LogModuleManager: Shutting down and abandoning module AnalyticsET (322)
[2017.08.04-05.24.43:147][438]LogModuleManager: Shutting down and abandoning module PortalServices (320)
[2017.08.04-05.24.43:147][438]LogModuleManager: Shutting down and abandoning module PortalRpc (318)
[2017.08.04-05.24.43:147][438]LogModuleManager: Shutting down and abandoning module MessagingRpc (316)
[2017.08.04-05.24.43:147][438]LogModuleManager: Shutting down and abandoning module AIModule (314)
[2017.08.04-05.24.43:148][438]LogModuleManager: Shutting down and abandoning module GameplayDebugger (313)
[2017.08.04-05.24.43:174][438]LogModuleManager: Shutting down and abandoning module AITestSuite (311)
[2017.08.04-05.24.43:174][438]LogModuleManager: Shutting down and abandoning module ProfilerService (308)
[2017.08.04-05.24.43:272][438]LogModuleManager: Shutting down and abandoning module TaskGraph (306)
[2017.08.04-05.24.43:428][438]LogModuleManager: Shutting down and abandoning module SteamVRController (304)
[2017.08.04-05.24.43:428][438]LogModuleManager: Shutting down and abandoning module SteamVR (302)
[2017.08.04-05.24.43:428][438]LogModuleManager: Shutting down and abandoning module ProceduralMeshComponentEditor (300)
[2017.08.04-05.24.43:428][438]LogModuleManager: Shutting down and abandoning module ProceduralMeshComponent (298)
[2017.08.04-05.24.43:455][438]LogModuleManager: Shutting down and abandoning module OculusLibrary (296)
[2017.08.04-05.24.43:455][438]LogModuleManager: Shutting down and abandoning module OculusInput (294)
[2017.08.04-05.24.43:455][438]LogModuleManager: Shutting down and abandoning module MobilePatchingUtils (292)
[2017.08.04-05.24.43:455][438]LogModuleManager: Shutting down and abandoning module CustomMeshComponent (290)
[2017.08.04-05.24.43:455][438]LogModuleManager: Shutting down and abandoning module CableComponent (288)
[2017.08.04-05.24.43:489][438]LogModuleManager: Shutting down and abandoning module ArchVisCharacter (286)
[2017.08.04-05.24.43:489][438]LogModuleManager: Shutting down and abandoning module MediaPlayerEditor (282)
[2017.08.04-05.24.43:672][438]LogModuleManager: Shutting down and abandoning module HTML5Networking (280)
[2017.08.04-05.24.43:672][438]LogModuleManager: Shutting down and abandoning module AlembicImporter (278)
[2017.08.04-05.24.43:710][438]LogModuleManager: Shutting down and abandoning module AlembicLibrary (277)
[2017.08.04-05.24.43:710][438]LogModuleManager: Shutting down and abandoning module GeometryCache (276)
[2017.08.04-05.24.43:739][438]LogModuleManager: Shutting down and abandoning module GeometryCacheEd (275)
[2017.08.04-05.24.43:740][438]LogModuleManager: Shutting down and abandoning module SuperSearchEditor (270)
[2017.08.04-05.24.43:740][438]LogModuleManager: Shutting down and abandoning module SuperSearch (269)
[2017.08.04-05.24.43:740][438]LogModuleManager: Shutting down and abandoning module SpeedTreeImporter (266)
[2017.08.04-05.24.43:740][438]LogModuleManager: Shutting down and abandoning module PluginBrowser (264)
[2017.08.04-05.24.43:885][438]LogModuleManager: Shutting down and abandoning module MobileLauncherProfileWizard (262)
[2017.08.04-05.24.43:925][438]LogModuleManager: Shutting down and abandoning module EpicSurvey (260)
[2017.08.04-05.24.43:925][438]LogModuleManager: Shutting down and abandoning module VisualStudioSourceCodeAccess (258)
[2017.08.04-05.24.43:925][438]LogModuleManager: Shutting down and abandoning module DesktopPlatform (257)
[2017.08.04-05.24.43:945][438]LogModuleManager: Shutting down and abandoning module UObjectPlugin (254)
[2017.08.04-05.24.43:945][438]LogModuleManager: Shutting down and abandoning module SubversionSourceControl (252)
[2017.08.04-05.24.44:001][438]LogModuleManager: Shutting down and abandoning module PerforceSourceControl (250)
[2017.08.04-05.24.44:088][438]LogModuleManager: Shutting down and abandoning module GitSourceControl (248)
[2017.08.04-05.24.44:100][438]LogModuleManager: Shutting down and abandoning module SourceControl (247)
[2017.08.04-05.24.44:169][438]LogModuleManager: Shutting down and abandoning module LightPropagationVolumeEditor (244)
[2017.08.04-05.24.44:169][438]LogModuleManager: Shutting down and abandoning module PaperTiledImporter (242)
[2017.08.04-05.24.44:169][438]LogModuleManager: Shutting down and abandoning module PaperSpriteSheetImporter (240)
[2017.08.04-05.24.44:169][438]LogModuleManager: Shutting down and abandoning module Paper2DEditor (238)
[2017.08.04-05.24.44:279][438]LogModuleManager: Shutting down and abandoning module MeshPaint (237)
[2017.08.04-05.24.44:320][438]LogModuleManager: Shutting down and abandoning module LevelEditor (235)
[2017.08.04-05.24.44:408][438]LogModuleManager: Shutting down and abandoning module PixelInspectorModule (234)
[2017.08.04-05.24.44:549][438]LogModuleManager: Shutting down and abandoning module MainFrame (232)
[2017.08.04-05.24.44:549][438]LogModuleManager: Shutting down and abandoning module HotReload (231)
[2017.08.04-05.24.44:581][438]LogDirectoryWatcher: A directory notification for 'D:/GitHub/FYP_DumbTesting/Meeting/Binaries/Win64' was aborted.
[2017.08.04-05.24.44:736][438]LogModuleManager: Shutting down and abandoning module ContentBrowser (227)
[2017.08.04-05.24.44:739][438]LogModuleManager: Shutting down and abandoning module Meeting (224)
[2017.08.04-05.24.44:739][438]LogModuleManager: Shutting down and abandoning module PhysXVehiclesEditor (222)
[2017.08.04-05.24.44:764][438]LogModuleManager: Shutting down and abandoning module PhysXVehicles (220)
[2017.08.04-05.24.44:764][438]LogModuleManager: Shutting down and abandoning module LocationServicesBPLibrary (218)
[2017.08.04-05.24.44:764][438]LogModuleManager: Shutting down and abandoning module UdpMessaging (216)
[2017.08.04-05.24.44:865][438]LogModuleManager: Shutting down and abandoning module TcpMessaging (214)
[2017.08.04-05.24.44:987][438]LogModuleManager: Shutting down and abandoning module GameplayTagsEditor (212)
[2017.08.04-05.24.45:091][438]LogModuleManager: Shutting down and abandoning module FacialAnimationEditor (210)
[2017.08.04-05.24.45:109][438]LogModuleManager: Shutting down and abandoning module FacialAnimation (208)
[2017.08.04-05.24.45:109][438]LogModuleManager: Shutting down and abandoning module LightPropagationVolumeRuntime (206)
[2017.08.04-05.24.45:109][438]LogModuleManager: Shutting down and abandoning module Paper2D (204)
[2017.08.04-05.24.45:143][438]LogModuleManager: Shutting down and abandoning module WindowsMoviePlayer (202)
[2017.08.04-05.24.45:170][438]LogModuleManager: Shutting down and abandoning module WmfMedia (200)
[2017.08.04-05.24.45:219][438]LogModuleManager: Shutting down and abandoning module MfMedia (198)
[2017.08.04-05.24.45:219][438]LogModuleManager: Shutting down and abandoning module MediaAssets (196)
[2017.08.04-05.24.45:219][438]LogModuleManager: Shutting down and abandoning module GameLiveStreaming (194)
[2017.08.04-05.24.45:242][438]LogModuleManager: Shutting down and abandoning module VREditor (192)
[2017.08.04-05.24.45:242][438]LogModuleManager: Shutting down and abandoning module GameplayTasksEditor (190)
[2017.08.04-05.24.45:242][438]LogModuleManager: Shutting down and abandoning module BehaviorTreeEditor (188)
[2017.08.04-05.24.45:417][438]LogModuleManager: Shutting down and abandoning module FunctionalTesting (186)
[2017.08.04-05.24.45:417][438]LogModuleManager: Shutting down and abandoning module CollisionAnalyzer (184)
[2017.08.04-05.24.45:498][438]LogModuleManager: Shutting down and abandoning module UMG (182)
[2017.08.04-05.24.45:499][438]LogModuleManager: Shutting down and abandoning module UMGEditor (181)
[2017.08.04-05.24.45:715][438]LogModuleManager: Shutting down and abandoning module Sequencer (180)
[2017.08.04-05.24.45:855][438]LogModuleManager: Shutting down and abandoning module AssetTools (178)
[2017.08.04-05.24.45:980][438]LogModuleManager: Shutting down and abandoning module MessageLog (177)
[2017.08.04-05.24.45:980][438]LogModuleManager: Shutting down and abandoning module WorkspaceMenuStructure (176)
[2017.08.04-05.24.45:980][438]LogModuleManager: Shutting down and abandoning module SlateReflector (170)
[2017.08.04-05.24.46:135][438]LogModuleManager: Shutting down and abandoning module Slate (168)
[2017.08.04-05.24.46:135][438]LogModuleManager: Shutting down and abandoning module EditorStyle (166)
[2017.08.04-05.24.46:189][438]LogModuleManager: Shutting down and abandoning module SourceCodeAccess (164)
[2017.08.04-05.24.46:214][438]LogModuleManager: Shutting down and abandoning module HeadMountedDisplay (162)
[2017.08.04-05.24.46:214][438]LogModuleManager: Shutting down and abandoning module XAudio2 (160)
[2017.08.04-05.24.46:214][438]LogModuleManager: Shutting down and abandoning module Networking (158)
[2017.08.04-05.24.46:269][438]LogModuleManager: Shutting down and abandoning module Core (154)
[2017.08.04-05.24.46:269][438]LogModuleManager: Shutting down and abandoning module AssetRegistry (152)
[2017.08.04-05.24.47:129][438]LogDirectoryWatcher: A directory notification for '../../../Engine/Content/' was aborted.
[2017.08.04-05.24.47:129][438]LogDirectoryWatcher: A directory notification for '../../../../../GitHub/FYP_DumbTesting/Meeting/Content/' was aborted.
[2017.08.04-05.24.47:129][438]LogDirectoryWatcher: A directory notification for '../../../Engine/Plugins/2D/Paper2D/Content/' was aborted.
[2017.08.04-05.24.47:164][438]LogModuleManager: Shutting down and abandoning module DirectoryWatcher (151)
[2017.08.04-05.24.47:178][438]LogModuleManager: Shutting down and abandoning module KismetCompiler (148)
[2017.08.04-05.24.47:178][438]LogModuleManager: Shutting down and abandoning module PhysXFormats (146)
[2017.08.04-05.24.47:178][438]LogModuleManager: Shutting down and abandoning module MeshUtilities (144)
[2017.08.04-05.24.47:276][438]LogModuleManager: Shutting down and abandoning module SimplygonSwarm (143)
[2017.08.04-05.24.47:351][438]LogModuleManager: Shutting down and abandoning module SimplygonMeshReduction (141)
[2017.08.04-05.24.47:351][438]LogModuleManager: Shutting down and abandoning module QuadricMeshReduction (139)
[2017.08.04-05.24.47:374][438]LogModuleManager: Shutting down and abandoning module PropertyEditor (137)
[2017.08.04-05.24.47:375][438]LogModuleManager: Shutting down and abandoning module DerivedDataCache (134)
[2017.08.04-05.24.47:410][438]LogDerivedDataCache: Shutdown
[2017.08.04-05.24.47:410][438]LogModuleManager: Shutting down and abandoning module TargetPlatform (132)
[2017.08.04-05.24.47:411][438]LogModuleManager: Shutting down and abandoning module VulkanShaderFormat (131)
[2017.08.04-05.24.47:444][438]LogModuleManager: Shutting down and abandoning module ShaderFormatOpenGL (129)
[2017.08.04-05.24.47:495][438]LogModuleManager: Shutting down and abandoning module ShaderFormatD3D (127)
[2017.08.04-05.24.47:515][438]LogModuleManager: Shutting down and abandoning module MetalShaderFormat (125)
[2017.08.04-05.24.47:582][438]LogModuleManager: Shutting down and abandoning module TextureFormatUncompressed (123)
[2017.08.04-05.24.47:582][438]LogModuleManager: Shutting down and abandoning module TextureFormatPVR (121)
[2017.08.04-05.24.47:582][438]LogModuleManager: Shutting down and abandoning module TextureFormatDXT (119)
[2017.08.04-05.24.47:582][438]LogModuleManager: Shutting down and abandoning module TextureFormatIntelISPCTexComp (117)
[2017.08.04-05.24.47:648][438]LogModuleManager: Shutting down and abandoning module TextureFormatASTC (115)
[2017.08.04-05.24.47:648][438]LogModuleManager: Shutting down and abandoning module ImageWrapper (114)
[2017.08.04-05.24.47:648][438]LogModuleManager: Shutting down and abandoning module TextureFormatAndroid (111)
[2017.08.04-05.24.47:648][438]LogModuleManager: Shutting down and abandoning module AudioFormatOpus (109)
[2017.08.04-05.24.47:672][438]LogModuleManager: Shutting down and abandoning module AudioFormatOgg (107)
[2017.08.04-05.24.47:672][438]LogModuleManager: Shutting down and abandoning module AudioFormatADPCM (105)
[2017.08.04-05.24.47:672][438]LogModuleManager: Shutting down and abandoning module LinuxTargetPlatform (103)
[2017.08.04-05.24.47:712][438]LogModuleManager: Shutting down and abandoning module LinuxServerTargetPlatform (101)
[2017.08.04-05.24.47:712][438]LogModuleManager: Shutting down and abandoning module LinuxNoEditorTargetPlatform (99)
[2017.08.04-05.24.47:712][438]LogModuleManager: Shutting down and abandoning module LinuxClientTargetPlatform (97)
[2017.08.04-05.24.47:712][438]LogModuleManager: Shutting down and abandoning module TVOSTargetPlatform (95)
[2017.08.04-05.24.47:713][438]LogModuleManager: Shutting down and abandoning module Messaging (93)
[2017.08.04-05.24.47:713][438]LogModuleManager: Shutting down and abandoning module IOSTargetPlatform (91)
[2017.08.04-05.24.47:713][438]LogModuleManager: Shutting down and abandoning module HTML5TargetPlatform (89)
[2017.08.04-05.24.47:713][438]LogModuleManager: Shutting down and abandoning module Android_PVRTCTargetPlatform (87)
[2017.08.04-05.24.47:713][438]LogModuleManager: Shutting down and abandoning module Android_MultiTargetPlatform (85)
[2017.08.04-05.24.47:713][438]LogModuleManager: Shutting down and abandoning module Android_ETC2TargetPlatform (83)
[2017.08.04-05.24.47:713][438]LogModuleManager: Shutting down and abandoning module Android_ETC1TargetPlatform (81)
[2017.08.04-05.24.47:713][438]LogModuleManager: Shutting down and abandoning module Android_DXTTargetPlatform (79)
[2017.08.04-05.24.47:713][438]LogModuleManager: Shutting down and abandoning module Android_ATCTargetPlatform (77)
[2017.08.04-05.24.47:713][438]LogModuleManager: Shutting down and abandoning module Android_ASTCTargetPlatform (75)
[2017.08.04-05.24.47:713][438]LogModuleManager: Shutting down and abandoning module AndroidTargetPlatform (73)
[2017.08.04-05.24.47:714][438]LogModuleManager: Shutting down and abandoning module WindowsTargetPlatform (71)
[2017.08.04-05.24.47:714][438]LogModuleManager: Shutting down and abandoning module WindowsServerTargetPlatform (69)
[2017.08.04-05.24.47:714][438]LogModuleManager: Shutting down and abandoning module WindowsNoEditorTargetPlatform (67)
[2017.08.04-05.24.47:714][438]LogModuleManager: Shutting down and abandoning module WindowsClientTargetPlatform (65)
[2017.08.04-05.24.47:714][438]LogModuleManager: Shutting down and abandoning module MacTargetPlatform (63)
[2017.08.04-05.24.47:714][438]LogModuleManager: Shutting down and abandoning module MacServerTargetPlatform (61)
[2017.08.04-05.24.47:715][438]LogModuleManager: Shutting down and abandoning module MacNoEditorTargetPlatform (59)
[2017.08.04-05.24.47:715][438]LogModuleManager: Shutting down and abandoning module MacClientTargetPlatform (57)
[2017.08.04-05.24.47:715][438]LogModuleManager: Shutting down and abandoning module AllDesktopTargetPlatform (55)
[2017.08.04-05.24.47:715][438]LogModuleManager: Shutting down and abandoning module InputCore (52)
[2017.08.04-05.24.47:715][438]LogModuleManager: Shutting down and abandoning module Settings (50)
[2017.08.04-05.24.47:716][438]LogModuleManager: Shutting down and abandoning module OculusRift (48)
[2017.08.04-05.24.47:732][438]LogModuleManager: Shutting down and abandoning module GearVR (46)
[2017.08.04-05.24.47:732][438]LogModuleManager: Shutting down and abandoning module ExampleDeviceProfileSelector (44)
[2017.08.04-05.24.47:732][438]LogModuleManager: Shutting down and abandoning module OnlineBlueprintSupport (42)
[2017.08.04-05.24.47:732][438]LogModuleManager: Shutting down and abandoning module OnlineSubsystem (38)
[2017.08.04-05.24.47:732][438]LogOnline:Display: Unloading online subsystem: NULL
[2017.08.04-05.24.47:836][438]LogModuleManager: Shutting down and abandoning module XMPP (37)
[2017.08.04-05.24.47:949][438]LogModuleManager: Shutting down and abandoning module HTTP (35)
[2017.08.04-05.24.47:986][438]LogHttp:Display: Http module shutting down, but needs to wait on 1 outstanding Http requests:
[2017.08.04-05.24.47:986][438]LogHttp:Display: 	verb=[POST] url=[https://datarouter.ol.epicgames.com/datarouter/api/v1/public/data?SessionID=%7BB311D147-4BF3-3927-584F-FE873C8F1BC7%7D&AppID=UEEditor.Rocket.Release&AppVersion=4.15.3-3450819%2B%2B%2BUE4%2BRelease-4.15&UserID=dd7208074aeeffd34e3340b0d5d8b2c0%7C50c3a4537b7f4de4a3d0dadca77c683d%7C7560d674-451b-4b79-847e-ce1bd6db5235&AppEnvironment=datacollector-binary&UploadType=eteventstream] status=Processing
[2017.08.04-05.24.48:062][438]LogModuleManager: Shutting down and abandoning module SSL (34)
[2017.08.04-05.24.48:100][438]LogModuleManager: Shutting down and abandoning module AudioEditor (30)
[2017.08.04-05.24.48:171][438]LogModuleManager: Shutting down and abandoning module TextureCompressor (28)
[2017.08.04-05.24.48:171][438]LogModuleManager: Shutting down and abandoning module ShaderCore (26)
[2017.08.04-05.24.48:171][438]LogModuleManager: Shutting down and abandoning module Landscape (24)
[2017.08.04-05.24.48:171][438]LogModuleManager: Shutting down and abandoning module SlateRHIRenderer (22)
[2017.08.04-05.24.48:279][438]LogModuleManager: Shutting down and abandoning module OpenGLDrv (20)
[2017.08.04-05.24.48:312][438]LogModuleManager: Shutting down and abandoning module D3D11RHI (18)
[2017.08.04-05.24.48:312][438]LogModuleManager: Shutting down and abandoning module AnimGraphRuntime (16)
[2017.08.04-05.24.48:337][438]LogModuleManager: Shutting down and abandoning module Renderer (14)
[2017.08.04-05.24.48:337][438]LogModuleManager: Shutting down and abandoning module Engine (12)
[2017.08.04-05.24.48:337][438]LogModuleManager: Shutting down and abandoning module CoreUObject (10)
[2017.08.04-05.24.48:337][438]LogModuleManager: Shutting down and abandoning module NetworkFile (8)
[2017.08.04-05.24.48:396][438]LogModuleManager: Shutting down and abandoning module StreamingFile (6)
[2017.08.04-05.24.48:409][438]LogModuleManager: Shutting down and abandoning module SandboxFile (4)
[2017.08.04-05.24.48:409][438]LogModuleManager: Shutting down and abandoning module PakFile (2)
[2017.08.04-05.24.48:455][438]LogExit: Exiting.
[2017.08.04-05.24.48:641][438]Log file closed, 08/04/17 13:24:48
