Log file open, 08/06/17 21:23:05
LogInit:Display: Running engine for game: Meeting
LogPlatformFile: Not using cached read wrapper
LogInit:Display: RandInit(368498490) SRandInit(368498491).
LogTaskGraph: Started task graph with 5 named threads and 8 total threads with 1 sets of task threads.
LogStats: Stats thread started at 4.110290
LogInit:Warning: Incompatible or missing module: UE4Editor-Meeting.dll
Running D:/UE_4.15/Engine/Binaries/DotNET/UnrealBuildTool.exe Meeting Development Win64 -project="C:/Users/User/Desktop/Unreal/GitHub/FYP_DumbTesting/Meeting/Meeting.uproject" -editorrecompile -progress -NoHotReloadFromIDE
Creating makefile for Meeting (no existing makefile)
@progress push 5%
Parsing headers for MeetingEditor
  Running UnrealHeaderTool "C:\Users\User\Desktop\Unreal\GitHub\FYP_DumbTesting\Meeting\Meeting.uproject" "C:\Users\User\Desktop\Unreal\GitHub\FYP_DumbTesting\Meeting\Intermediate\Build\Win64\MeetingEditor\Development\MeetingEditor.uhtmanifest" -LogCmds="loginit warning, logexit warning, logdatabase error" -Unattended -WarningsAsErrors -installed
Reflection code generated for MeetingEditor in 9.2640375 seconds
@progress pop
Performing 16 actions (4 in parallel)
PCH.Meeting.cpp
BTService_CheckForPlayer.cpp
AI_Movement.cpp
BTTask_MoveToPlayer.cpp
EnemyCharacter.cpp
BTTask_Patroling.cpp
BTTask_UpdatePatrolPoint.cpp
EnemyAI.cpp
MainPlayer.cpp
Meeting.cpp
MeetingGameModeBase.cpp
OpenDoor.cpp
PlayerShoot.cpp
C:\Users\User\Desktop\Unreal\GitHub\FYP_DumbTesting\Meeting\Source\Meeting\PlayerShoot.cpp(59): warning C4996: 'UStaticMeshComponent::StaticMesh': Direct access to StaticMesh member is deprecated and will be made private soon. Please use SetStaticMesh and GetStaticMesh. Please update your code to the new API before upgrading to the next release, otherwise your project will no longer compile.
D:\UE_4.15\Engine\Source\Runtime\Engine\Classes\Components/StaticMeshComponent.h(179): note: see declaration of 'UStaticMeshComponent::StaticMesh'
Meeting.generated.cpp
[15/16] Link UE4Editor-Meeting.dll
[16/16] Link UE4Editor-Meeting.lib
   Creating library C:\Users\User\Desktop\Unreal\GitHub\FYP_DumbTesting\Meeting\Intermediate\Build\Win64\UE4Editor\Development\UE4Editor-Meeting.lib and object C:\Users\User\Desktop\Unreal\GitHub\FYP_DumbTesting\Meeting\Intermediate\Build\Win64\UE4Editor\Development\UE4Editor-Meeting.exp
   Creating library C:\Users\User\Desktop\Unreal\GitHub\FYP_DumbTesting\Meeting\Intermediate\Build\Win64\UE4Editor\Development\UE4Editor-Meeting.suppressed.lib and object C:\Users\User\Desktop\Unreal\GitHub\FYP_DumbTesting\Meeting\Intermediate\Build\Win64\UE4Editor\Development\UE4Editor-Meeting.suppressed.exp
Failed to write dependency cache: Access to the path 'C:\Users\chong\OneDrive\Documents\GitHub\FYP_DumbTesting\Meeting\Intermediate\Build\Win64\MeetingEditor' is denied.
Failed to write FlatCPPIncludeDependencyCache: Access to the path 'C:\Users\chong\OneDrive\Documents\GitHub\FYP_DumbTesting\Meeting\Intermediate\Build\Win64\MeetingEditor' is denied.
Total build time: 175.68 seconds (Local executor: 104.69 seconds)
LogInit: Using libcurl 7.47.1
LogInit:  - built for x86_64-pc-win32
LogInit:  - supports SSL with OpenSSL/1.0.2g
LogInit:  - supports HTTP deflate (compression) using libz 1.2.8
LogInit:  - other features:
LogInit:      CURL_VERSION_SSL
LogInit:      CURL_VERSION_LIBZ
LogInit:      CURL_VERSION_IPV6
LogInit:      CURL_VERSION_ASYNCHDNS
LogInit:      CURL_VERSION_LARGEFILE
LogInit:      CURL_VERSION_IDN
LogInit:  CurlRequestOptions (configurable via config and command line):
LogInit:  - bVerifyPeer = false  - Libcurl will NOT verify peer certificate
LogInit:  - bUseHttpProxy = false  - Libcurl will NOT use HTTP proxy
LogInit:  - bDontReuseConnections = false  - Libcurl will reuse connections
LogInit:  - CertBundlePath = nullptr  - Libcurl will use whatever was configured at build time.
LogInit: Build: ++UE4+Release-4.15-CL-3450819
LogInit: Engine Version: 4.15.3-3450819+++UE4+Release-4.15
LogInit: Compatible Engine Version: 4.15.0-3299760+++UE4+Release-4.15
LogInit: Net CL: 3299760
LogDevObjectVersion: Number of dev versions registered: 14
LogDevObjectVersion:   Dev-Blueprints (B0D832E4-1F89-4F0D-ACCF-7EB736FD4AA2): 8
LogDevObjectVersion:   Dev-Build (E1C64328-A22C-4D53-A36C-8E866417BD8C): 0
LogDevObjectVersion:   Dev-Core (375EC13C-06E4-48FB-B500-84F0262A717E): 2
LogDevObjectVersion:   Dev-Editor (E4B068ED-F494-42E9-A231-DA0B2E46BB41): 14
LogDevObjectVersion:   Dev-Framework (CFFC743F-43B0-4480-9391-14DF171D2073): 22
LogDevObjectVersion:   Dev-Mobile (B02B49B5-BB20-44E9-A304-32B752E40360): 0
LogDevObjectVersion:   Dev-Networking (A4E4105C-59A1-49B5-A7C5-40C4547EDFEE): 0
LogDevObjectVersion:   Dev-Online (39C831C9-5AE6-47DC-9A44-9C173E1C8E7C): 0
LogDevObjectVersion:   Dev-Physics (78F01B33-EBEA-4F98-B9B4-84EACCB95AA2): 0
LogDevObjectVersion:   Dev-Platform (6631380F-2D4D-43E0-8009-CF276956A95A): 0
LogDevObjectVersion:   Dev-Rendering (12F88B9F-8875-4AFC-A67C-D90C383ABD29): 12
LogDevObjectVersion:   Dev-Sequencer (7B5AE74C-D270-4C10-A958-57980B212A5A): 3
LogDevObjectVersion:   Dev-VR (D7296918-1DD6-4BDD-9DE2-64A83CC13884): 0
LogDevObjectVersion:   Dev-LoadTimes (C2A15278-BFE7-4AFE-6C17-90FF531DF755): 1
LogInit: Compiled (64-bit): May 21 2017 11:02:34
LogInit: Compiled with Visual C++: 19.00.23026.00
LogInit: Build Configuration: Development
LogInit: Branch Name: ++UE4+Release-4.15
LogInit: Command line:  
LogInit: Base directory: D:/UE_4.15/Engine/Binaries/Win64/
LogInit: Installed Engine Build: 1
LogInit: Presizing for max 8388607 objects, including 0 objects not considered by GC, pre-allocating 0 bytes for permanent pool.
LogInit: Object subsystem initialized
[2017.08.06-13.26.15:921][  0]LogInit: Selected Device Profile: [Windows]
[2017.08.06-13.26.15:921][  0]LogInit: Applying CVar settings loaded from the selected device profile: [Windows]
[2017.08.06-13.26.16:087][  0]LogInit: Computer: ASUS
[2017.08.06-13.26.16:087][  0]LogInit: User: User
[2017.08.06-13.26.16:087][  0]LogInit: CPU Page size=65536, Cores=4
[2017.08.06-13.26.16:087][  0]LogInit: High frequency timer resolution =2.338345 MHz
[2017.08.06-13.26.16:111][  0]LogMemory: Memory total: Physical=7.9GB (8GB approx)
[2017.08.06-13.26.16:119][  0]LogMemory: Platform Memory Stats for Windows
[2017.08.06-13.26.16:119][  0]LogMemory: Process Physical Memory: 266.80 MB used, 266.80 MB peak
[2017.08.06-13.26.16:119][  0]LogMemory: Process Virtual Memory: 262.68 MB used, 262.68 MB peak
[2017.08.06-13.26.16:119][  0]LogMemory: Physical Memory: 6165.76 MB used,  1943.72 MB free, 8109.48 MB total
[2017.08.06-13.26.16:119][  0]LogMemory: Virtual Memory: 665.61 MB used,  1943.72 MB free, 134217728.00 MB total
[2017.08.06-13.26.17:964][  0]LogTextLocalizationManager: No specific translations for ('en-US') exist, so ('en') translations will be used.
[2017.08.06-13.26.23:981][  0]LogD3D11RHI: D3D11 adapters:
[2017.08.06-13.26.24:762][  0]LogD3D11RHI:    0. 'NVIDIA GeForce GTX 770M' (Feature Level 11_0)
[2017.08.06-13.26.24:762][  0]LogD3D11RHI:       3039/0/4054 MB DedicatedVideo/DedicatedSystem/SharedSystem, Outputs:1, VendorId:0x10de
[2017.08.06-13.26.24:939][  0]LogD3D11RHI:    1. 'Microsoft Basic Render Driver' (Feature Level 11_0)
[2017.08.06-13.26.24:939][  0]LogD3D11RHI:       0/0/4054 MB DedicatedVideo/DedicatedSystem/SharedSystem, Outputs:0, VendorId:0x1414
[2017.08.06-13.26.24:939][  0]LogD3D11RHI: Chosen D3D11 Adapter: 0
[2017.08.06-13.26.24:982][  0]LogD3D11RHI: Creating new Direct3DDevice
[2017.08.06-13.26.24:982][  0]LogD3D11RHI:     GPU DeviceId: 0x11e0 (for the marketing name, search the web for "GPU Device Id")
[2017.08.06-13.26.24:982][  0]LogWindows: EnumDisplayDevices:
[2017.08.06-13.26.24:982][  0]LogWindows:    0. 'NVIDIA GeForce GTX 770M' (P:1 D:1)
[2017.08.06-13.26.24:983][  0]LogWindows:    1. 'NVIDIA GeForce GTX 770M' (P:0 D:0)
[2017.08.06-13.26.24:983][  0]LogWindows:    2. 'NVIDIA GeForce GTX 770M' (P:0 D:0)
[2017.08.06-13.26.24:983][  0]LogWindows:    3. 'NVIDIA GeForce GTX 770M' (P:0 D:0)
[2017.08.06-13.26.24:983][  0]LogWindows: DebugString: FoundDriverCount:4 
[2017.08.06-13.26.24:983][  0]LogD3D11RHI:     Adapter Name: NVIDIA GeForce GTX 770M
[2017.08.06-13.26.24:983][  0]LogD3D11RHI:   Driver Version: 375.63 (internal:21.21.13.7563, unified:375.63)
[2017.08.06-13.26.24:983][  0]LogD3D11RHI:      Driver Date: 10-21-2016
[2017.08.06-13.26.24:983][  0]LogRHI: Texture pool is 1361 MB (70% of 1945 MB)
[2017.08.06-13.26.25:041][  0]LogD3D11RHI:Warning: Timestamp queries are currently disabled on this hardware due to instability. Realtime GPU stats will not be available. You can override this behaviour by setting r.NVIDIATimestampWorkaround to 0
[2017.08.06-13.26.25:089][  0]LogD3D11RHI: Async texture creation enabled
[2017.08.06-13.26.25:241][  0]LogD3D11RHI: GPU Timing Frequency: 1000.000000 (Debug: 2 2)
[2017.08.06-13.26.25:366][  0]LogShaderCompilers: Guid format shader working directory is -13 characters bigger than the processId version (C:/Users/User/Desktop/Unreal/GitHub/FYP_DumbTesting/Meeting/Intermediate/Shaders/WorkingDirectory/776/).
[2017.08.06-13.26.25:393][  0]LogShaderCompilers: Cleaned the shader compiler working directory 'C:/Users/User/AppData/Local/Temp/UnrealShaderWorkingDir/75ABF0C646569ACFF50F2BB01CDBA278/'.
[2017.08.06-13.26.25:393][  0]LogShaderCompilers:Display: Using Local Shader Compiler.
[2017.08.06-13.26.30:978][  0]LogTemp:Display: Loaded TP AllDesktopTargetPlatform
[2017.08.06-13.26.31:049][  0]LogTemp:Display: Loaded TP MacClientTargetPlatform
[2017.08.06-13.26.31:097][  0]LogTemp:Display: Loaded TP MacNoEditorTargetPlatform
[2017.08.06-13.26.31:145][  0]LogTemp:Display: Loaded TP MacServerTargetPlatform
[2017.08.06-13.26.31:197][  0]LogTemp:Display: Loaded TP MacTargetPlatform
[2017.08.06-13.26.31:246][  0]LogTemp:Display: Loaded TP WindowsClientTargetPlatform
[2017.08.06-13.26.31:295][  0]LogTemp:Display: Loaded TP WindowsNoEditorTargetPlatform
[2017.08.06-13.26.31:343][  0]LogTemp:Display: Loaded TP WindowsServerTargetPlatform
[2017.08.06-13.26.31:381][  0]LogTemp:Display: Loaded TP WindowsTargetPlatform
[2017.08.06-13.26.31:452][  0]LogTemp:Display: Loaded TP AndroidTargetPlatform
[2017.08.06-13.26.31:500][  0]LogTemp:Display: Loaded TP Android_ASTCTargetPlatform
[2017.08.06-13.26.31:547][  0]LogTemp:Display: Loaded TP Android_ATCTargetPlatform
[2017.08.06-13.26.31:594][  0]LogTemp:Display: Loaded TP Android_DXTTargetPlatform
[2017.08.06-13.26.31:642][  0]LogTemp:Display: Loaded TP Android_ETC1TargetPlatform
[2017.08.06-13.26.31:689][  0]LogTemp:Display: Loaded TP Android_ETC2TargetPlatform
[2017.08.06-13.26.31:795][  0]LogTemp:Display: Loaded TP Android_MultiTargetPlatform
[2017.08.06-13.26.31:795][  0]LogTemp:Display: Loaded TP Android_PVRTCTargetPlatform
[2017.08.06-13.26.31:825][  0]LogTemp:Display: Loaded TP HTML5TargetPlatform
[2017.08.06-13.26.31:975][  0]LogTemp:Display: Loaded TP IOSTargetPlatform
[2017.08.06-13.26.32:007][  0]LogTemp:Display: Loaded TP TVOSTargetPlatform
[2017.08.06-13.26.32:055][  0]LogTemp:Display: Loaded TP LinuxClientTargetPlatform
[2017.08.06-13.26.32:103][  0]LogTemp:Display: Loaded TP LinuxNoEditorTargetPlatform
[2017.08.06-13.26.32:152][  0]LogTemp:Display: Loaded TP LinuxServerTargetPlatform
[2017.08.06-13.26.32:204][  0]LogTemp:Display: Loaded TP LinuxTargetPlatform
[2017.08.06-13.26.32:204][  0]LogTargetPlatformManager:Display: Building Assets For Windows
[2017.08.06-13.26.34:190][  0]LogDerivedDataCache:Display: Max Cache Size: 512 MB
[2017.08.06-13.26.34:818][  0]LogDerivedDataCache: Loaded boot cache 0.60s 50MB C:/Users/User/AppData/Local/UnrealEngine/4.15/DerivedDataCache/Boot.ddc.
[2017.08.06-13.26.34:818][  0]LogDerivedDataCache:Display: Loaded Boot cache: C:/Users/User/AppData/Local/UnrealEngine/4.15/DerivedDataCache/Boot.ddc
[2017.08.06-13.26.34:818][  0]LogDerivedDataCache: FDerivedDataBackendGraph:  Pak pak cache file C:/Users/User/Desktop/Unreal/GitHub/FYP_DumbTesting/Meeting/DerivedDataCache/DDC.ddp not found, will not use a pak cache.
[2017.08.06-13.26.34:818][  0]LogDerivedDataCache: Unable to find inner node Pak for hierarchical cache Hierarchy.
[2017.08.06-13.26.34:818][  0]LogDerivedDataCache: FDerivedDataBackendGraph:  CompressedPak pak cache file C:/Users/User/Desktop/Unreal/GitHub/FYP_DumbTesting/Meeting/DerivedDataCache/Compressed.ddp not found, will not use a pak cache.
[2017.08.06-13.26.34:818][  0]LogDerivedDataCache: Unable to find inner node CompressedPak for hierarchical cache Hierarchy.
[2017.08.06-13.26.34:902][  0]LogDerivedDataCache:Display: Pak cache opened for reading ../../../Engine/DerivedDataCache/Compressed.ddp.
[2017.08.06-13.26.34:934][  0]LogDerivedDataCache: Using Local data cache path C:/Users/User/AppData/Local/UnrealEngine/Common/DerivedDataCache: Writable
[2017.08.06-13.26.35:127][  0]LogSlate: Using Freetype 2.6.0
[2017.08.06-13.26.35:293][  0]LogSlate: SlateFontCache - WITH_FREETYPE: 1, WITH_HARFBUZZ: 1
[2017.08.06-13.26.35:293][  0]LogSlate: SlateFontCache - WITH_FREETYPE: 1, WITH_HARFBUZZ: 1
[2017.08.06-13.26.53:159][  0]LogInit: Selected Device Profile: [Windows]
[2017.08.06-13.26.53:179][  0]LogContentStreaming: Texture pool size is 0.00 MB
[2017.08.06-13.26.53:650][  0]LogMeshUtilities: Using QuadricMeshReduction for automatic static mesh reduction
[2017.08.06-13.26.53:745][  0]LogSimplygon: Simplygon DLL not present - disabling.
[2017.08.06-13.26.53:835][  0]LogMeshUtilities: Using SimplygonSwarm for distributed automatic mesh merging
[2017.08.06-13.26.53:835][  0]LogMeshUtilities: No automatic skeletal mesh reduction module available
[2017.08.06-13.26.53:835][  0]LogMeshUtilities: No automatic mesh merging module available
[2017.08.06-13.26.58:777][  0]LogNetVersion: GetLocalNetworkVersion: CL: 3299760, ProjectName: meeting, ProjectVersion: , EngineNetworkVersion: 2, GameNetworkVersion: 0, NetworkChecksum: 116300604
[2017.08.06-13.26.58:919][  0]LogAssetRegistry: FAssetRegistry took 0.0210 seconds to start up
[2017.08.06-13.26.59:137][  0]LogPackageLocalizationCache: Processed 3 localized package path(s) for 2 prioritized culture(s) in 0.084806 seconds
[2017.08.06-13.26.59:228][  0]LogUObjectArray: 32493 objects as part of root set at end of initial load.
[2017.08.06-13.26.59:229][  0]LogUObjectAllocator: 7077032 out of 0 bytes used by permanent object pool.
[2017.08.06-13.26.59:229][  0]LogUObjectArray: CloseDisregardForGC: 0/0 objects in disregard for GC pool
[2017.08.06-13.26.59:336][  0]LogInit: WinSock: version 1.1 (2.2), MaxSocks=32767, MaxUdp=65467
[2017.08.06-13.27.34:791][  0]LogTcpMessaging: Initializing TcpMessaging bridge
[2017.08.06-13.27.34:917][  0]LogUdpMessaging: Initializing bridge on interface 0.0.0.0:0 to multicast group 230.0.0.1:6666.
[2017.08.06-13.27.42:219][  0]LogMaterial: Uniform references updated for custom material expression Custom.
[2017.08.06-13.27.43:720][  0]SourceControl: Info Source control is disabled
[2017.08.06-13.27.55:675][  0]SourceControl: Info Source control is disabled
[2017.08.06-13.27.55:928][  0]SourceControl: Info Source control is disabled
[2017.08.06-13.27.56:221][  0]SourceControl: Info Source control is disabled
[2017.08.06-13.28.01:779][  0]LogEngine: Initializing Engine...
[2017.08.06-13.28.01:898][  0]LogHMD: Failed to initialize OpenVR with code 100
[2017.08.06-13.28.02:038][  0]LogStats: UGameplayTagsManager::ConstructGameplayTagTree: Construct from data asset -  0.000 s
[2017.08.06-13.28.02:103][  0]LogStats: UGameplayTagsManager::ConstructGameplayTagTree: GameplayTagTreeChangedEvent.Broadcast -  0.031 s
[2017.08.06-13.28.02:631][  0]LogAIModule: Creating AISystem for world Untitled
[2017.08.06-13.28.02:860][  0]LogInit: XAudio2 using 'Speakers (Realtek High Definition Audio)' : 2 channels at 48 kHz using 32 bits per sample (channel mask 0x3)
[2017.08.06-13.28.02:991][  0]LogInit: FAudioDevice initialized.
[2017.08.06-13.28.03:037][  0]LogDerivedDataCache: Saved boot cache 0.05s 50MB C:/Users/User/AppData/Local/UnrealEngine/4.15/DerivedDataCache/Boot.ddc.
[2017.08.06-13.28.03:046][  0]LogInit: Texture streaming: Enabled
[2017.08.06-13.28.04:198][  0]LogEngineSessionManager: EngineSessionManager initialized
[2017.08.06-13.28.06:396][  0]LogInit: Transaction tracking system initialized
[2017.08.06-13.28.09:912][  0]BlueprintLog: New page: Editor Load
[2017.08.06-13.28.14:765][  0]LocalizationService: Info Localization service is disabled
[2017.08.06-13.28.17:284][  0]LogConsoleResponse:Display: 
[2017.08.06-13.28.20:877][  0]LogFileCache: Scanning file cache for directory 'C:/Users/User/Desktop/Unreal/GitHub/FYP_DumbTesting/Meeting/Content/' took 0.11s
[2017.08.06-13.28.20:877][  0]LogCook:Display: Max memory allowance for cook 16384mb min free memory 0mb
[2017.08.06-13.28.20:877][  0]LogCook:Display: Mobile HDR setting 1
[2017.08.06-13.28.25:982][  0]SourceControl: Info Source control is disabled
[2017.08.06-13.28.26:135][  0]Cmd: MAP LOAD FILE="C:/Users/User/Desktop/Unreal/GitHub/FYP_DumbTesting/Meeting/Content/ThirdPersonBP/Maps/MockUp_Map.umap" TEMPLATE=0 SHOWPROGRESS=1 FEATURELEVEL=3
[2017.08.06-13.28.26:226][  0]LightingResults: New page: Lighting Build
[2017.08.06-13.28.26:383][  0]MapCheck: New page: Map Check
[2017.08.06-13.28.26:383][  0]LightingResults: New page: Lighting Build
[2017.08.06-13.28.37:809][  0]LogBlueprint:Warning: [Compiler ThirdPersonCharacter] Warning InputAction Event references unknown Action 'ResetVR' for  InputAction ResetVR
[2017.08.06-13.28.37:809][  0]LogBlueprint:Warning: [Compiler ThirdPersonCharacter] Warning Input Axis Event references unknown Axis 'LookUpRate' for  InputAxis LookUpRate
[2017.08.06-13.28.37:809][  0]LogBlueprint:Warning: [Compiler ThirdPersonCharacter] Warning Input Axis Event references unknown Axis 'TurnRate' for  InputAxis TurnRate
[2017.08.06-13.28.37:810][  0]LogBlueprint:Warning: [Compiler ThirdPersonCharacter] Warning InputAction Event references unknown Action 'Jump' for  InputAction Jump
[2017.08.06-13.28.37:810][  0]LogBlueprint:Warning: [Compiler ThirdPersonCharacter] Warning Input Axis Event references unknown Axis 'LookUp' for  InputAxis LookUp
[2017.08.06-13.28.37:810][  0]LogBlueprint:Warning: [Compiler ThirdPersonCharacter] Warning Input Axis Event references unknown Axis 'Turn' for  InputAxis Turn
[2017.08.06-13.28.37:839][  0]LogBlueprint:Warning: [Compiler ThirdPersonCharacter] Warning [0343.63] Compile of ThirdPersonCharacter successful, but with 6 Warning(s) [in 38 ms] (/Game/ThirdPersonBP/Blueprints/ThirdPersonCharacter.ThirdPersonCharacter)
[2017.08.06-13.28.37:839][  0]LogBlueprint:Warning: [Compiler ThirdPersonCharacter] Warning [0343.65] Compile of ThirdPersonCharacter successful, but with 7 Warning(s) [in 0 ms] (/Game/ThirdPersonBP/Blueprints/ThirdPersonCharacter.ThirdPersonCharacter)
[2017.08.06-13.28.37:839][  0]LogBlueprint:Warning: [Compiler ThirdPersonCharacter] Warning [0343.65] Compile of ThirdPersonCharacter successful, but with 8 Warning(s) [in 0 ms] (/Game/ThirdPersonBP/Blueprints/ThirdPersonCharacter.ThirdPersonCharacter)
[2017.08.06-13.28.37:845][  0]LogBlueprint:Warning: [Compiler ThirdPersonCharacter] Warning InputAction Event references unknown Action 'ResetVR' for  InputAction ResetVR
[2017.08.06-13.28.37:845][  0]LogBlueprint:Warning: [Compiler ThirdPersonCharacter] Warning Input Axis Event references unknown Axis 'LookUpRate' for  InputAxis LookUpRate
[2017.08.06-13.28.37:845][  0]LogBlueprint:Warning: [Compiler ThirdPersonCharacter] Warning Input Axis Event references unknown Axis 'TurnRate' for  InputAxis TurnRate
[2017.08.06-13.28.37:845][  0]LogBlueprint:Warning: [Compiler ThirdPersonCharacter] Warning InputAction Event references unknown Action 'Jump' for  InputAction Jump
[2017.08.06-13.28.37:846][  0]LogBlueprint:Warning: [Compiler ThirdPersonCharacter] Warning Input Axis Event references unknown Axis 'LookUp' for  InputAxis LookUp
[2017.08.06-13.28.37:846][  0]LogBlueprint:Warning: [Compiler ThirdPersonCharacter] Warning Input Axis Event references unknown Axis 'Turn' for  InputAxis Turn
[2017.08.06-13.28.37:850][  0]LogBlueprint:Warning: [Compiler ThirdPersonCharacter] Warning [0343.66] Compile of ThirdPersonCharacter successful, but with 6 Warning(s) [in 7 ms] (/Game/ThirdPersonBP/Blueprints/ThirdPersonCharacter.ThirdPersonCharacter)
[2017.08.06-13.28.37:850][  0]LogBlueprint:Warning: [Compiler ThirdPersonCharacter] Warning [0343.66] Compile of ThirdPersonCharacter successful, but with 7 Warning(s) [in 0 ms] (/Game/ThirdPersonBP/Blueprints/ThirdPersonCharacter.ThirdPersonCharacter)
[2017.08.06-13.28.37:850][  0]LogBlueprint:Warning: [Compiler ThirdPersonCharacter] Warning [0343.66] Compile of ThirdPersonCharacter successful, but with 8 Warning(s) [in 0 ms] (/Game/ThirdPersonBP/Blueprints/ThirdPersonCharacter.ThirdPersonCharacter)
[2017.08.06-13.28.37:854][  0]LogLinker:Warning: Can't find file '/Game/ThirdPersonBP/Maps/MockUp_Map_BuiltData'
[2017.08.06-13.28.37:882][  0]LogLinker:Warning: Can't find file for asset '/Game/ThirdPersonBP/Maps/MockUp_Map_BuiltData' while loading C:/Users/User/Desktop/Unreal/GitHub/FYP_DumbTesting/Meeting/Content/ThirdPersonBP/Maps/MockUp_Map.umap.
[2017.08.06-13.28.37:882][  0]LoadErrors:Error: Error /Game/ThirdPersonBP/Maps/MockUp_Map : Can't find file for asset. /Game/ThirdPersonBP/Maps/MockUp_Map_BuiltData
[2017.08.06-13.28.53:243][  0]LogLinker:Warning: Can't find file '/Game/Art/Environment/newdev/zzzzzz'
[2017.08.06-13.28.53:244][  0]LogLinker:Warning: Can't find file for asset '/Game/Art/Environment/newdev/zzzzzz' while loading C:/Users/User/Desktop/Unreal/GitHub/FYP_DumbTesting/Meeting/Content/Art/Environment/Mesh/SM_Corridor_Frame.uasset.
[2017.08.06-13.28.53:244][  0]LoadErrors:Error: Error /Game/Art/Environment/Mesh/SM_Corridor_Frame : Can't find file for asset. /Game/Art/Environment/newdev/zzzzzz
[2017.08.06-13.28.53:244][  0]LogLinker:Warning: Can't find file '/Game/Art/Environment/newdev/zzzzzz'
[2017.08.06-13.28.53:244][  0]LogLinker:Warning: Can't find file for asset '/Game/Art/Environment/newdev/zzzzzz' while loading C:/Users/User/Desktop/Unreal/GitHub/FYP_DumbTesting/Meeting/Content/Art/Environment/Mesh/SM_Corridor_Frame.uasset.
[2017.08.06-13.28.53:244][  0]LoadErrors:Error: Error /Game/Art/Environment/Mesh/SM_Corridor_Frame : Can't find file for asset. /Game/Art/Environment/newdev/zzzzzz
[2017.08.06-13.28.53:594][  0]LogLinker:Warning: Can't find file '/Game/Art/Environment/newdev/2'
[2017.08.06-13.28.53:594][  0]LogLinker:Warning: Can't find file for asset '/Game/Art/Environment/newdev/2' while loading C:/Users/User/Desktop/Unreal/GitHub/FYP_DumbTesting/Meeting/Content/Art/Environment/Mesh/SM_Corridor_Wall.uasset.
[2017.08.06-13.28.53:594][  0]LoadErrors:Error: Error /Game/Art/Environment/Mesh/SM_Corridor_Wall : Can't find file for asset. /Game/Art/Environment/newdev/2
[2017.08.06-13.28.53:594][  0]LogLinker:Warning: Can't find file '/Game/Art/Environment/newdev/2'
[2017.08.06-13.28.53:595][  0]LogLinker:Warning: Can't find file for asset '/Game/Art/Environment/newdev/2' while loading C:/Users/User/Desktop/Unreal/GitHub/FYP_DumbTesting/Meeting/Content/Art/Environment/Mesh/SM_Corridor_Wall.uasset.
[2017.08.06-13.28.53:595][  0]LoadErrors:Error: Error /Game/Art/Environment/Mesh/SM_Corridor_Wall : Can't find file for asset. /Game/Art/Environment/newdev/2
[2017.08.06-13.28.55:214][  0]LogLinker:Warning: Can't find file '/Game/ThirdPersonBP/Maps/MockUp_Map_BuiltData'
[2017.08.06-13.28.55:215][  0]LogLinker:Warning: Can't find file for asset '/Game/ThirdPersonBP/Maps/MockUp_Map_BuiltData' while loading C:/Users/User/Desktop/Unreal/GitHub/FYP_DumbTesting/Meeting/Content/ThirdPersonBP/Maps/MockUp_Map.umap.
[2017.08.06-13.28.55:215][  0]LoadErrors:Error: Error /Game/ThirdPersonBP/Maps/MockUp_Map : Can't find file for asset. /Game/ThirdPersonBP/Maps/MockUp_Map_BuiltData
[2017.08.06-13.28.55:226][  0]LogLinker:Warning: Can't find file '/Game/ThirdPersonBP/Maps/MockUp_Map_BuiltData'
[2017.08.06-13.28.55:227][  0]LogLinker:Warning: Can't find file for asset '/Game/ThirdPersonBP/Maps/MockUp_Map_BuiltData' while loading NULL.
[2017.08.06-13.28.55:227][  0]LogLinker:Warning: Can't find file '/Game/ThirdPersonBP/Maps/MockUp_Map_BuiltData'
[2017.08.06-13.28.55:227][  0]LogLinker:Warning: Can't find file for asset '/Game/ThirdPersonBP/Maps/MockUp_Map_BuiltData' while loading NULL.
[2017.08.06-13.28.55:750][  0]LogLinker:Warning: Can't find file '/Game/ThirdPersonBP/Maps/MockUp_Map_BuiltData'
[2017.08.06-13.28.55:751][  0]LoadErrors: Info Failed to load /Game/ThirdPersonBP/Maps/MockUp_Map_BuiltData.MockUp_Map_BuiltData Referenced by PersistentLevel
[2017.08.06-13.28.55:751][  0]LogLinker:Warning: Can't find file for asset '/Game/ThirdPersonBP/Maps/MockUp_Map_BuiltData' while loading NULL.
[2017.08.06-13.28.55:751][  0]LoadErrors: Info Failed to load /Game/ThirdPersonBP/Maps/MockUp_Map_BuiltData.MockUp_Map_BuiltData Referenced by PersistentLevel
[2017.08.06-13.29.01:924][  0]LogLinker:Warning: Can't find file '/Game/Art/Environment/newdev/zzzzzz'
[2017.08.06-13.29.01:924][  0]LoadErrors: Info Failed to load /Game/Art/Environment/newdev/zzzzzz.zzzzzz Referenced by SM_Corridor_Frame
[2017.08.06-13.29.01:924][  0]LogLinker:Warning: Can't find file for asset '/Game/Art/Environment/newdev/zzzzzz' while loading NULL.
[2017.08.06-13.29.01:924][  0]LoadErrors: Info Failed to load /Game/Art/Environment/newdev/zzzzzz.zzzzzz Referenced by SM_Corridor_Frame
[2017.08.06-13.29.01:988][  0]LogLinker:Warning: Can't find file '/Game/Art/Environment/newdev/2'
[2017.08.06-13.29.01:988][  0]LoadErrors: Info Failed to load /Game/Art/Environment/newdev/2.2 Referenced by SM_Corridor_Wall
[2017.08.06-13.29.01:988][  0]LogLinker:Warning: Can't find file for asset '/Game/Art/Environment/newdev/2' while loading NULL.
[2017.08.06-13.29.01:988][  0]LoadErrors: Info Failed to load /Game/Art/Environment/newdev/2.2 Referenced by SM_Corridor_Wall
[2017.08.06-13.31.37:037][  0]LogAIModule: Creating AISystem for world MockUp_Map
[2017.08.06-13.31.37:777][  0]LogEditorServer: Finished looking for orphan Actors (0.000 secs)
[2017.08.06-13.31.37:889][  0]Cmd: MAP CHECKDEP NOCLEARLOG
[2017.08.06-13.31.38:123][  0]MapCheck: Info Map check complete: 0 Error(s), 0 Warning(s), took 234.252ms to complete.
[2017.08.06-13.31.38:124][  0]LogFileHelpers: Loading map 'MockUp_Map' took 192.014
[2017.08.06-13.31.39:169][  0]LogWindowsTextInputMethodSystem:Display: IME system now deactivated.
[2017.08.06-13.31.45:366][  0]LogCollectionManager: Loaded 0 collections in 0.001108 seconds
[2017.08.06-13.31.47:514][  0]LogFileCache: Scanning file cache for directory 'C:/Users/User/Desktop/Unreal/GitHub/FYP_DumbTesting/Meeting/Saved/Collections/' took 0.01s
[2017.08.06-13.31.47:514][  0]LogFileCache: Scanning file cache for directory 'C:/Users/User/Desktop/Unreal/GitHub/FYP_DumbTesting/Meeting/Content/Developers/User/Collections/' took 0.01s
[2017.08.06-13.31.47:514][  0]LogFileCache: Scanning file cache for directory 'C:/Users/User/Desktop/Unreal/GitHub/FYP_DumbTesting/Meeting/Content/Collections/' took 0.01s
[2017.08.06-13.31.47:514][  0]LogCollectionManager: Rebuilt the GUID cache for 0 collections in 0.000003 seconds
[2017.08.06-13.31.47:559][  0]LogContentBrowser: Native class hierarchy populated in 0.0440 seconds. Added 2256 classes and 455 folders.
[2017.08.06-13.31.47:709][  0]LogContentBrowser: Native class hierarchy updated for 'WidgetCarousel' in 0.0023 seconds. Added 0 classes and 0 folders.
[2017.08.06-13.31.50:591][  0]LogContentBrowser: Native class hierarchy updated for 'AddContentDialog' in 0.0035 seconds. Added 0 classes and 0 folders.
[2017.08.06-13.31.50:722][  0]LogContentBrowser: Native class hierarchy updated for 'SceneOutliner' in 0.0024 seconds. Added 1 classes and 2 folders.
[2017.08.06-13.31.50:886][  0]LogCrashTracker: Crashtracker disabled due to settings.
[2017.08.06-13.31.50:993][  0]LogUObjectGlobals:Warning: Failed to find object 'Class None.'
[2017.08.06-13.31.51:385][  0]LogContentBrowser: Native class hierarchy updated for 'HierarchicalLODOutliner' in 0.0024 seconds. Added 1 classes and 2 folders.
[2017.08.06-13.31.51:385][  0]LogLoad: (Engine Initialization) Total time: 537.20 seconds
[2017.08.06-13.31.51:385][  0]LogLoad: (Engine Initialization) Total Blueprint compile time: 0.89 seconds
[2017.08.06-13.31.51:385][  0]LogExternalProfiler: Found external profiler: VSPerf
[2017.08.06-13.31.51:385][  0]LogExternalProfiler: Using external profiler: VSPerf
[2017.08.06-13.31.51:447][  0]LogOcInput: OculusInput pre-init called
[2017.08.06-13.31.51:693][  0]LogContentStreaming: Texture pool size now 800 MB
[2017.08.06-13.31.51:919][  0]LogSlate: Took 0.080306 seconds to synchronously load lazily loaded font '../../../Engine/Content/Slate/Fonts/Roboto-Regular.ttf' (155K)
[2017.08.06-13.31.52:013][  0]LogSlate: Took 0.088233 seconds to synchronously load lazily loaded font '../../../Engine/Content/Slate/Fonts/Roboto-Bold.ttf' (160K)
[2017.08.06-13.31.52:150][  0]LogSlate: Took 0.134813 seconds to synchronously load lazily loaded font '../../../Engine/Content/Editor/Slate/Fonts/FontAwesome.ttf' (139K)
[2017.08.06-13.31.52:266][  0]LogSlate: Took 0.087513 seconds to synchronously load lazily loaded font '../../../Engine/Content/Editor/Slate/Fonts/DroidSansMono.ttf' (77K)
[2017.08.06-13.31.52:991][  0]LogRenderer: Reallocating scene render targets to support 1116x648 NumSamples 1 (Frame:2).
[2017.08.06-13.31.54:333][  1]LogSlate: Took 0.184587 seconds to synchronously load lazily loaded font '../../../Engine/Content/Slate/Fonts/Roboto-Light.ttf' (159K)
[2017.08.06-13.31.55:032][  2]LogAssetRegistry: Asset discovery search completed in 296.1339 seconds
[2017.08.06-13.31.55:093][  2]LogCollectionManager: Rebuilt the object cache for 0 collections in 0.000007 seconds (found 0 objects)
[2017.08.06-13.31.55:093][  2]LogCollectionManager: Fixed up redirectors for 0 collections in 0.060546 seconds (updated 0 objects)
[2017.08.06-13.32.16:025][434]LogContentStreaming: Texture pool size now 600 MB
[2017.08.06-13.32.16:246][436]LogRenderer: Reallocating scene render targets to support 1116x648 NumSamples 1 (Frame:278).
[2017.08.06-13.32.20:565][454]LogEditorViewport: Clicking on Actor (context menu): StaticMeshActor (SM_Corridor_Floor11)
[2017.08.06-13.32.29:144][705]LogEditorViewport: Clicking on Actor (LMB): GUI10_Blueprint_C (GUI10_Blueprint)
[2017.08.06-13.32.32:429][808]LogEditorViewport: Clicking on Actor (LMB): Blueprint_Effect_Steam_C (Blueprint_Effect_Steam)
[2017.08.06-13.32.34:235][861]LogEditorViewport: Clicking on Actor (LMB): GUI10_Blueprint_C (GUI10_Blueprint)
[2017.08.06-13.32.37:968][985]LogEditorViewport: Clicking on Actor (LMB): SM_Corridor_WallDoor_BP_C (SM_Corridor_WallDoor_BP)
[2017.08.06-13.32.40:417][ 68]LogSlate: Took 0.170721 seconds to synchronously load lazily loaded font '../../../Engine/Content/Editor/Slate/Fonts/Roboto-Italic.ttf' (157K)
[2017.08.06-13.32.41:872][127]LogSlate: Took 0.000265 seconds to synchronously load lazily loaded font '../../../Engine/Content/Slate/Fonts/Roboto-Light.ttf' (159K)
[2017.08.06-13.32.43:350][169]LogSlate: Took 0.000206 seconds to synchronously load lazily loaded font '../../../Engine/Content/Slate/Fonts/Roboto-Light.ttf' (159K)
[2017.08.06-13.32.47:783][169]LogSlate: Took 0.000210 seconds to synchronously load lazily loaded font '../../../Engine/Content/Slate/Fonts/Roboto-Regular.ttf' (155K)
[2017.08.06-13.32.55:449][169]LogContentBrowser: Native class hierarchy updated for 'BlueprintGraph' in 0.0029 seconds. Added 112 classes and 0 folders.
[2017.08.06-13.32.58:381][169]LogSlate: Took 0.026393 seconds to synchronously load lazily loaded font '../../../Engine/Content/Editor/Slate/Fonts/Roboto-BoldCondensed.ttf' (158K)
[2017.08.06-13.33.52:657][329]LogD3D11RHI: Timed out while waiting for GPU to catch up. (0.5 s)
[2017.08.06-13.33.53:298][332]LogD3D11RHI: Timed out while waiting for GPU to catch up. (0.5 s)
[2017.08.06-13.33.53:799][333]LogD3D11RHI: Timed out while waiting for GPU to catch up. (0.5 s)
[2017.08.06-13.33.54:553][333]LogD3D11RHI: Timed out while waiting for GPU to catch up. (0.5 s)
[2017.08.06-13.34.07:569][427]LogD3D11RHI: Timed out while waiting for GPU to catch up. (0.5 s)
[2017.08.06-13.34.46:883][980]LogBlueprint:Warning: [Compiler ] Warning Pasted node  CustomEvent   conflicted with  Event Tick  and was replaced as a Custom Event!
[2017.08.06-13.34.46:883][980]LogBlueprint:Warning: [Compiler ] Warning Pasted node  CustomEvent_1   conflicted with  Event BeginPlay  and was replaced as a Custom Event!
[2017.08.06-13.34.47:069][980]BlueprintEditorCompileResults:Warning: Warning Pasted node  CustomEvent   conflicted with  Event Tick  and was replaced as a Custom Event!
[2017.08.06-13.34.47:069][980]BlueprintEditorCompileResults:Warning: Warning Pasted node  CustomEvent_1   conflicted with  Event BeginPlay  and was replaced as a Custom Event!
[2017.08.06-13.35.46:664][125]LogLinker: Can't find file '/Game/ThirdPersonBP/Maps/MockUp_Map_BuiltData'
[2017.08.06-13.35.46:664][125]LogLinker: Can't find file for asset '/Game/ThirdPersonBP/Maps/MockUp_Map_BuiltData' while loading C:/Users/User/Desktop/Unreal/GitHub/FYP_DumbTesting/Meeting/Content/ThirdPersonBP/Maps/MockUp_Map.umap.
[2017.08.06-13.35.46:687][125]LogLinker: Can't find file '/Game/ThirdPersonBP/Maps/MockUp_Map_BuiltData'
[2017.08.06-13.35.46:687][125]LogLinker: Can't find file for asset '/Game/ThirdPersonBP/Maps/MockUp_Map_BuiltData' while loading C:/Users/User/Desktop/Unreal/GitHub/FYP_DumbTesting/Meeting/Content/ThirdPersonBP/Maps/MockUp_Map.umap.
[2017.08.06-13.35.46:699][125]LogProperty:Warning: ObjectProperty /Script/BlueprintGraph.K2Node_Literal:ObjectRef: unresolved reference to 'MatineeActor'/Game/ThirdPersonBP/Maps/MockUp_Map.MockUp_Map:PersistentLevel.DoorMatinee2''
[2017.08.06-13.35.46:714][125]BlueprintEditorCompileResults:Warning: Warning Pasted node  CustomEvent   conflicted with  Event Tick  and was replaced as a Custom Event!
[2017.08.06-13.35.46:714][125]BlueprintEditorCompileResults:Warning: Warning Pasted node  CustomEvent_1   conflicted with  Event BeginPlay  and was replaced as a Custom Event!
[2017.08.06-13.36.09:459][813]BlueprintLog: New page: Compile MockUp_Map
[2017.08.06-13.38.07:327][462]LogD3D11RHI: Timed out while waiting for GPU to catch up. (0.5 s)
[2017.08.06-13.38.07:828][462]LogD3D11RHI: Timed out while waiting for GPU to catch up. (0.5 s)
[2017.08.06-13.38.08:570][462]LogD3D11RHI: Timed out while waiting for GPU to catch up. (0.5 s)
[2017.08.06-13.38.09:071][463]LogD3D11RHI: Timed out while waiting for GPU to catch up. (0.5 s)
[2017.08.06-13.38.09:772][465]LogD3D11RHI: Timed out while waiting for GPU to catch up. (0.5 s)
[2017.08.06-13.38.11:245][466]LogD3D11RHI: Timed out while waiting for GPU to catch up. (0.5 s)
[2017.08.06-13.38.11:747][467]LogD3D11RHI: Timed out while waiting for GPU to catch up. (0.5 s)
[2017.08.06-13.38.12:252][468]LogD3D11RHI: Timed out while waiting for GPU to catch up. (0.5 s)
[2017.08.06-13.38.18:292][624]LogD3D11RHI: Timed out while waiting for GPU to catch up. (0.5 s)
[2017.08.06-13.38.26:663][866]LogEditorViewport: Clicking on Actor (LMB): StaticMeshActor (GUI5)
[2017.08.06-13.38.27:486][884]LogEditorViewport: Clicking on Actor (LMB): StaticMeshActor (SM_Door_UpDown)
[2017.08.06-13.38.29:983][944]LogEditorViewport: Clicking on Actor (LMB): StaticMeshActor (SM_Door_UpDown2)
[2017.08.06-13.38.31:208][973]LogEditorViewport: Clicking on Actor (LMB): StaticMeshActor (SM_Door_UpDown)
[2017.08.06-13.39.28:461][990]LogEditorActor: Deleted 0 Actors (2.544 secs)
[2017.08.06-13.39.55:188][587]LogEditorActor: Deleted Actor: StaticMeshActor
[2017.08.06-13.39.55:229][587]LogEditorActor: Deleted 1 Actors (4.805 secs)
[2017.08.06-13.40.32:573][197]LogSavePackage: Save=1708.93ms
[2017.08.06-13.40.32:573][197]LogSavePackage: Moving 'C:/Users/User/Desktop/Unreal/GitHub/FYP_DumbTesting/Meeting/Saved/MockUp_MapFB7E1AF24AFD4228089D11A0150926B0.tmp' to 'C:/Users/User/Desktop/Unreal/GitHub/FYP_DumbTesting/Meeting/Content/ThirdPersonBP/Maps/MockUp_Map.umap'
[2017.08.06-13.40.32:578][197]LogSavePackage:Display: Finished SavePackage C:/Users/User/Desktop/Unreal/GitHub/FYP_DumbTesting/Meeting/Content/ThirdPersonBP/Maps/MockUp_Map.umap
[2017.08.06-13.40.54:371][310]LogD3D11RHI: Timed out while waiting for GPU to catch up. (0.5 s)
[2017.08.06-13.40.54:872][311]LogD3D11RHI: Timed out while waiting for GPU to catch up. (0.5 s)
[2017.08.06-13.40.55:372][311]LogD3D11RHI: Timed out while waiting for GPU to catch up. (0.5 s)
[2017.08.06-13.41.01:444][390]LogTemp: Repeting last play command: Selected Viewport
[2017.08.06-13.41.01:496][390]LogBlueprintUserMessages: Early PlayInEditor Detection: Level '/Game/ThirdPersonBP/Maps/MockUp_Map.MockUp_Map:PersistentLevel' has LevelScriptBlueprint '/Game/ThirdPersonBP/Maps/MockUp_Map.MockUp_Map:PersistentLevel.MockUp_Map' with GeneratedClass '/Game/ThirdPersonBP/Maps/MockUp_Map.MockUp_Map_C' with ClassGeneratedBy '/Game/ThirdPersonBP/Maps/MockUp_Map.MockUp_Map:PersistentLevel.MockUp_Map'
[2017.08.06-13.41.01:567][390]LogPlayLevel: PlayLevel: No blueprints needed recompiling
[2017.08.06-13.41.02:198][390]PIE: New page: PIE session: MockUp_Map (Aug 7, 2017, 5:41:02 AM)
[2017.08.06-13.41.02:361][390]LogPlayLevel: Creating play world package: /Game/ThirdPersonBP/Maps/UEDPIE_0_MockUp_Map
[2017.08.06-13.41.04:623][390]LogPlayLevel: PIE: StaticDuplicateObject took: (2.261435s)
[2017.08.06-13.41.04:624][390]LogAIModule: Creating AISystem for world MockUp_Map
[2017.08.06-13.41.04:624][390]LogPlayLevel: PIE: World Init took: (0.001114s)
[2017.08.06-13.41.04:670][390]LogPlayLevel: PIE: Created PIE world by copying editor world from /Game/ThirdPersonBP/Maps/MockUp_Map.MockUp_Map to /Game/ThirdPersonBP/Maps/UEDPIE_0_MockUp_Map.MockUp_Map (2.410037s)
[2017.08.06-13.41.04:852][390]LogInit: XAudio2 using 'Speakers (Realtek High Definition Audio)' : 2 channels at 48 kHz using 32 bits per sample (channel mask 0x3)
[2017.08.06-13.41.04:877][390]LogInit: FAudioDevice initialized.
[2017.08.06-13.41.05:357][390]LogLoad: Game class is 'MeetingGameModeBase_BP_C'
[2017.08.06-13.41.05:739][390]LogWorld: Bringing World /Game/ThirdPersonBP/Maps/UEDPIE_0_MockUp_Map.MockUp_Map up for play (max tick rate 0) at 2017.08.06-21.41.05
[2017.08.06-13.41.06:866][390]LogWorld: Bringing up level for play took: 1.278527
[2017.08.06-13.41.22:788][390]LogContentBrowser: Native class hierarchy updated for 'MovieSceneCapture' in 0.0026 seconds. Added 11 classes and 0 folders.
[2017.08.06-13.41.24:182][390]PIE: Info Play in editor start time for /Game/ThirdPersonBP/Maps/UEDPIE_0_MockUp_Map 22.548
[2017.08.06-13.41.24:183][390]LogBlueprintUserMessages: Late PlayInEditor Detection: Level '/Game/ThirdPersonBP/Maps/MockUp_Map.MockUp_Map:PersistentLevel' has LevelScriptBlueprint '/Game/ThirdPersonBP/Maps/MockUp_Map.MockUp_Map:PersistentLevel.MockUp_Map' with GeneratedClass '/Game/ThirdPersonBP/Maps/MockUp_Map.MockUp_Map_C' with ClassGeneratedBy '/Game/ThirdPersonBP/Maps/MockUp_Map.MockUp_Map:PersistentLevel.MockUp_Map'
[2017.08.06-13.41.40:232][621]LogBlueprintUserMessages: [SM_Door_UpDown_Blueprint_332] DoorLocked
[2017.08.06-13.41.40:475][630]LogBlueprintUserMessages: [SM_Door_UpDown_Blueprint_332] DoorLocked
[2017.08.06-13.41.40:716][637]LogBlueprintUserMessages: [SM_Door_UpDown_Blueprint_332] DoorLocked
[2017.08.06-13.41.40:886][642]LogBlueprintUserMessages: [SM_Door_UpDown_Blueprint_332] DoorLocked
[2017.08.06-13.41.41:087][648]LogBlueprintUserMessages: [SM_Door_UpDown_Blueprint_332] DoorLocked
[2017.08.06-13.41.43:509][720]LogBlueprintUserMessages: [SM_Door_UpDown_Blueprint_332] DoorLocked
[2017.08.06-13.41.43:712][726]LogBlueprintUserMessages: [SM_Door_UpDown_Blueprint_332] DoorLocked
[2017.08.06-13.41.43:848][730]LogBlueprintUserMessages: [SM_Door_UpDown_Blueprint_332] DoorLocked
[2017.08.06-13.41.45:169][769]LogBlueprintUserMessages: [SM_Door_UpDown_Blueprint_332] DoorLocked
[2017.08.06-13.41.45:339][774]LogBlueprintUserMessages: [SM_Door_UpDown_Blueprint_332] DoorLocked
[2017.08.06-13.42.20:873][439]LogBlueprintUserMessages: Early EndPlayMap Detection: Level '/Game/ThirdPersonBP/Maps/MockUp_Map.MockUp_Map:PersistentLevel' has LevelScriptBlueprint '/Game/ThirdPersonBP/Maps/MockUp_Map.MockUp_Map:PersistentLevel.MockUp_Map' with GeneratedClass '/Game/ThirdPersonBP/Maps/MockUp_Map.MockUp_Map_C' with ClassGeneratedBy '/Game/ThirdPersonBP/Maps/MockUp_Map.MockUp_Map:PersistentLevel.MockUp_Map'
[2017.08.06-13.42.21:584][439]LogBlueprintUserMessages: Late EndPlayMap Detection: Level '/Game/ThirdPersonBP/Maps/MockUp_Map.MockUp_Map:PersistentLevel' has LevelScriptBlueprint '/Game/ThirdPersonBP/Maps/MockUp_Map.MockUp_Map:PersistentLevel.MockUp_Map' with GeneratedClass '/Game/ThirdPersonBP/Maps/MockUp_Map.MockUp_Map_C' with ClassGeneratedBy '/Game/ThirdPersonBP/Maps/MockUp_Map.MockUp_Map:PersistentLevel.MockUp_Map'
[2017.08.06-13.42.36:470][912]LogContentStreaming: Texture pool size now 800 MB
[2017.08.06-13.42.36:491][914]LogRenderer: Reallocating scene render targets to support 1116x648 NumSamples 1 (Frame:7779).
[2017.08.06-13.43.05:269][206]Cmd: QUIT_EDITOR
[2017.08.06-13.43.07:355][206]LogWindowsTextInputMethodSystem:Display: IME system now deactivated.
[2017.08.06-13.43.07:378][206]LogExit: Preparing to exit.
[2017.08.06-13.43.08:415][206]LogExit: Editor shut down
[2017.08.06-13.43.08:416][206]LogExit: Transaction tracking system shut down
[2017.08.06-13.43.09:577][206]LogObj: Freed 0b from 0 cluster array pools.
[2017.08.06-13.43.09:577][206]LogExit: Object subsystem successfully closed.
[2017.08.06-13.43.10:597][206]LogD3D11RHI: Shutdown
[2017.08.06-13.43.10:597][206]LogD3D11RHI: CleanupD3DDevice
[2017.08.06-13.43.11:124][206]LogD3D11RHI: ~FD3D11DynamicRHI
[2017.08.06-13.43.14:075][206]LogModuleManager: Shutting down and abandoning module MovieSceneCapture (506)
[2017.08.06-13.43.14:076][206]LogModuleManager: Shutting down and abandoning module BlueprintGraph (504)
[2017.08.06-13.43.14:076][206]LogModuleManager: Shutting down and abandoning module BlueprintProfiler (502)
[2017.08.06-13.43.14:237][206]LogModuleManager: Shutting down and abandoning module HierarchicalLODOutliner (500)
[2017.08.06-13.43.14:251][206]LogModuleManager: Shutting down and abandoning module CrashTracker (498)
[2017.08.06-13.43.14:251][206]LogModuleManager: Shutting down and abandoning module SceneOutliner (496)
[2017.08.06-13.43.14:251][206]LogModuleManager: Shutting down and abandoning module AddContentDialog (494)
[2017.08.06-13.43.14:267][206]LogDirectoryWatcher: A directory notification for 'D:/UE_4.15/FeaturePacks/' was aborted.
[2017.08.06-13.43.14:322][206]LogModuleManager: Shutting down and abandoning module WidgetCarousel (493)
[2017.08.06-13.43.14:322][206]LogModuleManager: Shutting down and abandoning module EditorWidgets (490)
[2017.08.06-13.43.14:322][206]LogModuleManager: Shutting down and abandoning module CollectionManager (488)
[2017.08.06-13.43.14:378][206]LogDirectoryWatcher: A directory notification for 'C:/Users/User/Desktop/Unreal/GitHub/FYP_DumbTesting/Meeting/Content/Collections/' was aborted.
[2017.08.06-13.43.14:378][206]LogDirectoryWatcher: A directory notification for 'C:/Users/User/Desktop/Unreal/GitHub/FYP_DumbTesting/Meeting/Content/Developers/User/Collections/' was aborted.
[2017.08.06-13.43.14:378][206]LogDirectoryWatcher: A directory notification for 'C:/Users/User/Desktop/Unreal/GitHub/FYP_DumbTesting/Meeting/Saved/Collections/' was aborted.
[2017.08.06-13.43.14:378][206]LogModuleManager: Shutting down and abandoning module StatsViewer (486)
[2017.08.06-13.43.14:430][206]LogModuleManager: Shutting down and abandoning module FoliageEdit (484)
[2017.08.06-13.43.14:458][206]LogModuleManager: Shutting down and abandoning module LandscapeEditor (482)
[2017.08.06-13.43.14:607][206]LogModuleManager: Shutting down and abandoning module SceneDepthPickerMode (480)
[2017.08.06-13.43.14:607][206]LogModuleManager: Shutting down and abandoning module ActorPickerMode (478)
[2017.08.06-13.43.14:607][206]LogModuleManager: Shutting down and abandoning module GeometryMode (476)
[2017.08.06-13.43.14:622][206]LogModuleManager: Shutting down and abandoning module TextureAlignMode (474)
[2017.08.06-13.43.14:622][206]LogModuleManager: Shutting down and abandoning module BspMode (472)
[2017.08.06-13.43.14:674][206]LogModuleManager: Shutting down and abandoning module HardwareSurvey (470)
[2017.08.06-13.43.14:721][206]LogModuleManager: Shutting down and abandoning module SequenceRecorderSections (468)
[2017.08.06-13.43.14:842][206]LogModuleManager: Shutting down and abandoning module AutomationWorker (466)
[2017.08.06-13.43.14:948][206]LogModuleManager: Shutting down and abandoning module MatineeToLevelSequence (464)
[2017.08.06-13.43.14:974][206]LogModuleManager: Shutting down and abandoning module LevelSequenceEditor (462)
[2017.08.06-13.43.15:255][206]LogModuleManager: Shutting down and abandoning module PlacementMode (461)
[2017.08.06-13.43.15:256][206]LogModuleManager: Shutting down and abandoning module WmfMediaFactory (458)
[2017.08.06-13.43.15:256][206]LogModuleManager: Shutting down and abandoning module WmfMediaEditor (456)
[2017.08.06-13.43.15:256][206]LogModuleManager: Shutting down and abandoning module MfMediaFactory (454)
[2017.08.06-13.43.15:256][206]LogModuleManager: Shutting down and abandoning module MfMediaEditor (452)
[2017.08.06-13.43.15:256][206]LogModuleManager: Shutting down and abandoning module AvfMediaFactory (450)
[2017.08.06-13.43.15:256][206]LogModuleManager: Shutting down and abandoning module AvfMediaEditor (448)
[2017.08.06-13.43.15:256][206]LogModuleManager: Shutting down and abandoning module AndroidMediaFactory (446)
[2017.08.06-13.43.15:256][206]LogModuleManager: Shutting down and abandoning module Media (445)
[2017.08.06-13.43.15:256][206]LogModuleManager: Shutting down and abandoning module AndroidMediaEditor (442)
[2017.08.06-13.43.15:256][206]LogModuleManager: Shutting down and abandoning module CharacterAI (440)
[2017.08.06-13.43.15:256][206]LogModuleManager: Shutting down and abandoning module AudioCapture (438)
[2017.08.06-13.43.15:283][206]LogModuleManager: Shutting down and abandoning module SequenceRecorder (437)
[2017.08.06-13.43.15:542][206]LogModuleManager: Shutting down and abandoning module SmartSnapping (434)
[2017.08.06-13.43.15:543][206]LogModuleManager: Shutting down and abandoning module SessionServices (432)
[2017.08.06-13.43.15:543][206]LogModuleManager: Shutting down and abandoning module ViewportSnapping (430)
[2017.08.06-13.43.15:543][206]LogModuleManager: Shutting down and abandoning module ViewportInteraction (428)
[2017.08.06-13.43.15:543][206]LogModuleManager: Shutting down and abandoning module LogVisualizer (426)
[2017.08.06-13.43.15:682][206]LogModuleManager: Shutting down and abandoning module IntroTutorials (424)
[2017.08.06-13.43.15:732][206]LogModuleManager: Shutting down and abandoning module GameProjectGeneration (423)
[2017.08.06-13.43.15:862][206]LogModuleManager: Shutting down and abandoning module EditorLiveStreaming (420)
[2017.08.06-13.43.15:862][206]LogModuleManager: Shutting down and abandoning module IOSPlatformEditor (418)
[2017.08.06-13.43.15:862][206]LogModuleManager: Shutting down and abandoning module HTML5PlatformEditor (416)
[2017.08.06-13.43.15:862][206]LogModuleManager: Shutting down and abandoning module AndroidPlatformEditor (414)
[2017.08.06-13.43.16:036][206]LogModuleManager: Shutting down and abandoning module AndroidDeviceDetection (413)
[2017.08.06-13.43.16:264][206]LogModuleManager: Shutting down and abandoning module IOSRuntimeSettings (410)
[2017.08.06-13.43.16:264][206]LogModuleManager: Shutting down and abandoning module AndroidRuntimeSettings (408)
[2017.08.06-13.43.16:264][206]LogModuleManager: Shutting down and abandoning module InputBindingEditor (406)
[2017.08.06-13.43.16:365][206]LogModuleManager: Shutting down and abandoning module NiagaraEditor (404)
[2017.08.06-13.43.16:583][206]LogModuleManager: Shutting down and abandoning module MergeActors (402)
[2017.08.06-13.43.16:682][206]LogModuleManager: Shutting down and abandoning module SizeMap (400)
[2017.08.06-13.43.16:756][206]LogModuleManager: Shutting down and abandoning module TreeMap (398)
[2017.08.06-13.43.16:808][206]LogModuleManager: Shutting down and abandoning module ReferenceViewer (396)
[2017.08.06-13.43.16:808][206]LogModuleManager: Shutting down and abandoning module LocalizationDashboard (394)
[2017.08.06-13.43.16:998][206]LogModuleManager: Shutting down and abandoning module LocalizationService (393)
[2017.08.06-13.43.17:037][206]LogModuleManager: Shutting down and abandoning module HardwareTargeting (390)
[2017.08.06-13.43.17:061][206]LogModuleManager: Shutting down and abandoning module DeviceProfileEditor (388)
[2017.08.06-13.43.17:130][206]LogModuleManager: Shutting down and abandoning module UndoHistory (386)
[2017.08.06-13.43.17:177][206]LogModuleManager: Shutting down and abandoning module UserFeedback (384)
[2017.08.06-13.43.17:177][206]LogModuleManager: Shutting down and abandoning module XmlParser (382)
[2017.08.06-13.43.17:413][206]LogModuleManager: Shutting down and abandoning module Blutility (380)
[2017.08.06-13.43.17:477][206]LogModuleManager: Shutting down and abandoning module ProjectSettingsViewer (378)
[2017.08.06-13.43.17:477][206]LogModuleManager: Shutting down and abandoning module ProjectTargetPlatformEditor (377)
[2017.08.06-13.43.17:477][206]LogModuleManager: Shutting down and abandoning module EditorSettingsViewer (374)
[2017.08.06-13.43.17:477][206]LogModuleManager: Shutting down and abandoning module SettingsEditor (372)
[2017.08.06-13.43.17:617][206]LogModuleManager: Shutting down and abandoning module ProjectLauncher (370)
[2017.08.06-13.43.17:722][206]LogModuleManager: Shutting down and abandoning module SessionFrontend (368)
[2017.08.06-13.43.17:776][206]LogModuleManager: Shutting down and abandoning module ProfilerClient (366)
[2017.08.06-13.43.17:844][206]LogModuleManager: Shutting down and abandoning module DeviceManager (364)
[2017.08.06-13.43.17:999][206]LogModuleManager: Shutting down and abandoning module TargetDeviceServices (363)
[2017.08.06-13.43.18:050][206]LogModuleManager: Shutting down and abandoning module AutomationController (360)
[2017.08.06-13.43.18:175][206]LogModuleManager: Shutting down and abandoning module AutomationWindow (358)
[2017.08.06-13.43.18:257][206]LogModuleManager: Shutting down and abandoning module Layers (356)
[2017.08.06-13.43.18:564][206]LogModuleManager: Shutting down and abandoning module ComponentVisualizers (354)
[2017.08.06-13.43.18:564][206]LogModuleManager: Shutting down and abandoning module DetailCustomizations (352)
[2017.08.06-13.43.18:690][206]LogModuleManager: Shutting down and abandoning module PackagesDialog (350)
[2017.08.06-13.43.18:691][206]LogModuleManager: Shutting down and abandoning module Persona (348)
[2017.08.06-13.43.19:003][206]LogModuleManager: Shutting down and abandoning module AnimGraph (347)
[2017.08.06-13.43.19:003][206]LogModuleManager: Shutting down and abandoning module Kismet (344)
[2017.08.06-13.43.19:243][206]LogModuleManager: Shutting down and abandoning module GraphEditor (342)
[2017.08.06-13.43.19:243][206]LogModuleManager: Shutting down and abandoning module ClassViewer (340)
[2017.08.06-13.43.19:243][206]LogModuleManager: Shutting down and abandoning module Toolbox (338)
[2017.08.06-13.43.19:295][206]LogModuleManager: Shutting down and abandoning module ModuleUI (336)
[2017.08.06-13.43.19:380][206]LogModuleManager: Shutting down and abandoning module MovieSceneTools (334)
[2017.08.06-13.43.19:419][206]LogModuleManager: Shutting down and abandoning module OutputLog (332)
[2017.08.06-13.43.19:419][206]LogModuleManager: Shutting down and abandoning module GammaUI (330)
[2017.08.06-13.43.19:474][206]LogModuleManager: Shutting down and abandoning module Documentation (328)
[2017.08.06-13.43.19:474][206]LogModuleManager: Shutting down and abandoning module Niagara (326)
[2017.08.06-13.43.19:474][206]LogModuleManager: Shutting down and abandoning module StreamingPauseRendering (324)
[2017.08.06-13.43.19:474][206]LogModuleManager: Shutting down and abandoning module AnalyticsET (322)
[2017.08.06-13.43.19:474][206]LogModuleManager: Shutting down and abandoning module PortalServices (320)
[2017.08.06-13.43.19:474][206]LogModuleManager: Shutting down and abandoning module PortalRpc (318)
[2017.08.06-13.43.19:474][206]LogModuleManager: Shutting down and abandoning module MessagingRpc (316)
[2017.08.06-13.43.19:474][206]LogModuleManager: Shutting down and abandoning module AIModule (314)
[2017.08.06-13.43.19:474][206]LogModuleManager: Shutting down and abandoning module GameplayDebugger (313)
[2017.08.06-13.43.19:502][206]LogModuleManager: Shutting down and abandoning module AITestSuite (311)
[2017.08.06-13.43.19:502][206]LogModuleManager: Shutting down and abandoning module ProfilerService (308)
[2017.08.06-13.43.19:524][206]LogModuleManager: Shutting down and abandoning module TaskGraph (306)
[2017.08.06-13.43.19:903][206]LogModuleManager: Shutting down and abandoning module SteamVRController (304)
[2017.08.06-13.43.19:904][206]LogModuleManager: Shutting down and abandoning module SteamVR (302)
[2017.08.06-13.43.19:904][206]LogModuleManager: Shutting down and abandoning module ProceduralMeshComponentEditor (300)
[2017.08.06-13.43.19:904][206]LogModuleManager: Shutting down and abandoning module ProceduralMeshComponent (298)
[2017.08.06-13.43.20:063][206]LogModuleManager: Shutting down and abandoning module OculusLibrary (296)
[2017.08.06-13.43.20:063][206]LogModuleManager: Shutting down and abandoning module OculusInput (294)
[2017.08.06-13.43.20:063][206]LogModuleManager: Shutting down and abandoning module MobilePatchingUtils (292)
[2017.08.06-13.43.20:063][206]LogModuleManager: Shutting down and abandoning module CustomMeshComponent (290)
[2017.08.06-13.43.20:063][206]LogModuleManager: Shutting down and abandoning module CableComponent (288)
[2017.08.06-13.43.20:147][206]LogModuleManager: Shutting down and abandoning module ArchVisCharacter (286)
[2017.08.06-13.43.20:147][206]LogModuleManager: Shutting down and abandoning module MediaPlayerEditor (282)
[2017.08.06-13.43.20:738][206]LogModuleManager: Shutting down and abandoning module HTML5Networking (280)
[2017.08.06-13.43.20:738][206]LogModuleManager: Shutting down and abandoning module AlembicImporter (278)
[2017.08.06-13.43.20:804][206]LogModuleManager: Shutting down and abandoning module AlembicLibrary (277)
[2017.08.06-13.43.20:804][206]LogModuleManager: Shutting down and abandoning module GeometryCache (276)
[2017.08.06-13.43.20:829][206]LogModuleManager: Shutting down and abandoning module GeometryCacheEd (275)
[2017.08.06-13.43.20:829][206]LogModuleManager: Shutting down and abandoning module SuperSearchEditor (270)
[2017.08.06-13.43.20:829][206]LogModuleManager: Shutting down and abandoning module SuperSearch (269)
[2017.08.06-13.43.20:829][206]LogModuleManager: Shutting down and abandoning module SpeedTreeImporter (266)
[2017.08.06-13.43.20:829][206]LogModuleManager: Shutting down and abandoning module PluginBrowser (264)
[2017.08.06-13.43.21:056][206]LogModuleManager: Shutting down and abandoning module MobileLauncherProfileWizard (262)
[2017.08.06-13.43.21:238][206]LogModuleManager: Shutting down and abandoning module EpicSurvey (260)
[2017.08.06-13.43.21:238][206]LogModuleManager: Shutting down and abandoning module VisualStudioSourceCodeAccess (258)
[2017.08.06-13.43.21:238][206]LogModuleManager: Shutting down and abandoning module UObjectPlugin (256)
[2017.08.06-13.43.21:238][206]LogModuleManager: Shutting down and abandoning module SubversionSourceControl (254)
[2017.08.06-13.43.21:392][206]LogModuleManager: Shutting down and abandoning module PerforceSourceControl (252)
[2017.08.06-13.43.21:448][206]LogModuleManager: Shutting down and abandoning module GitSourceControl (250)
[2017.08.06-13.43.21:535][206]LogModuleManager: Shutting down and abandoning module SourceControl (249)
[2017.08.06-13.43.21:649][206]LogModuleManager: Shutting down and abandoning module LightPropagationVolumeEditor (246)
[2017.08.06-13.43.21:649][206]LogModuleManager: Shutting down and abandoning module PaperTiledImporter (244)
[2017.08.06-13.43.21:649][206]LogModuleManager: Shutting down and abandoning module PaperSpriteSheetImporter (242)
[2017.08.06-13.43.21:649][206]LogModuleManager: Shutting down and abandoning module Paper2DEditor (240)
[2017.08.06-13.43.21:713][206]LogModuleManager: Shutting down and abandoning module MeshPaint (239)
[2017.08.06-13.43.21:771][206]LogModuleManager: Shutting down and abandoning module LevelEditor (237)
[2017.08.06-13.43.21:811][206]LogModuleManager: Shutting down and abandoning module PixelInspectorModule (236)
[2017.08.06-13.43.21:939][206]LogModuleManager: Shutting down and abandoning module MainFrame (234)
[2017.08.06-13.43.21:939][206]LogModuleManager: Shutting down and abandoning module HotReload (233)
[2017.08.06-13.43.21:963][206]LogDirectoryWatcher: A directory notification for 'C:/Users/User/Desktop/Unreal/GitHub/FYP_DumbTesting/Meeting/Binaries/Win64' was aborted.
[2017.08.06-13.43.22:117][206]LogModuleManager: Shutting down and abandoning module ContentBrowser (229)
[2017.08.06-13.43.22:117][206]LogModuleManager: Shutting down and abandoning module Meeting (226)
[2017.08.06-13.43.22:117][206]LogModuleManager: Shutting down and abandoning module PhysXVehiclesEditor (224)
[2017.08.06-13.43.22:166][206]LogModuleManager: Shutting down and abandoning module PhysXVehicles (222)
[2017.08.06-13.43.22:166][206]LogModuleManager: Shutting down and abandoning module LocationServicesBPLibrary (220)
[2017.08.06-13.43.22:166][206]LogModuleManager: Shutting down and abandoning module UdpMessaging (218)
[2017.08.06-13.43.22:266][206]LogModuleManager: Shutting down and abandoning module TcpMessaging (216)
[2017.08.06-13.43.22:381][206]LogModuleManager: Shutting down and abandoning module GameplayTagsEditor (214)
[2017.08.06-13.43.22:559][206]LogModuleManager: Shutting down and abandoning module FacialAnimationEditor (212)
[2017.08.06-13.43.22:626][206]LogModuleManager: Shutting down and abandoning module FacialAnimation (210)
[2017.08.06-13.43.22:626][206]LogModuleManager: Shutting down and abandoning module LightPropagationVolumeRuntime (208)
[2017.08.06-13.43.22:626][206]LogModuleManager: Shutting down and abandoning module Paper2D (206)
[2017.08.06-13.43.22:662][206]LogModuleManager: Shutting down and abandoning module WindowsMoviePlayer (204)
[2017.08.06-13.43.22:696][206]LogModuleManager: Shutting down and abandoning module WmfMedia (202)
[2017.08.06-13.43.22:736][206]LogModuleManager: Shutting down and abandoning module MfMedia (200)
[2017.08.06-13.43.22:736][206]LogModuleManager: Shutting down and abandoning module MediaAssets (198)
[2017.08.06-13.43.22:736][206]LogModuleManager: Shutting down and abandoning module GameLiveStreaming (196)
[2017.08.06-13.43.22:763][206]LogModuleManager: Shutting down and abandoning module VREditor (194)
[2017.08.06-13.43.22:763][206]LogModuleManager: Shutting down and abandoning module GameplayTasksEditor (192)
[2017.08.06-13.43.22:763][206]LogModuleManager: Shutting down and abandoning module BehaviorTreeEditor (190)
[2017.08.06-13.43.22:917][206]LogModuleManager: Shutting down and abandoning module FunctionalTesting (188)
[2017.08.06-13.43.22:917][206]LogModuleManager: Shutting down and abandoning module CollisionAnalyzer (186)
[2017.08.06-13.43.23:053][206]LogModuleManager: Shutting down and abandoning module UMG (184)
[2017.08.06-13.43.23:053][206]LogModuleManager: Shutting down and abandoning module UMGEditor (183)
[2017.08.06-13.43.23:486][206]LogModuleManager: Shutting down and abandoning module Sequencer (182)
[2017.08.06-13.43.23:762][206]LogModuleManager: Shutting down and abandoning module AssetTools (180)
[2017.08.06-13.43.24:199][206]LogModuleManager: Shutting down and abandoning module MessageLog (179)
[2017.08.06-13.43.24:199][206]LogModuleManager: Shutting down and abandoning module WorkspaceMenuStructure (178)
[2017.08.06-13.43.24:199][206]LogModuleManager: Shutting down and abandoning module SlateReflector (172)
[2017.08.06-13.43.24:435][206]LogModuleManager: Shutting down and abandoning module Slate (170)
[2017.08.06-13.43.24:435][206]LogModuleManager: Shutting down and abandoning module EditorStyle (168)
[2017.08.06-13.43.24:474][206]LogModuleManager: Shutting down and abandoning module SourceCodeAccess (166)
[2017.08.06-13.43.24:557][206]LogModuleManager: Shutting down and abandoning module HeadMountedDisplay (164)
[2017.08.06-13.43.24:557][206]LogModuleManager: Shutting down and abandoning module XAudio2 (162)
[2017.08.06-13.43.24:557][206]LogModuleManager: Shutting down and abandoning module Networking (160)
[2017.08.06-13.43.24:557][206]LogModuleManager: Shutting down and abandoning module Core (156)
[2017.08.06-13.43.24:557][206]LogModuleManager: Shutting down and abandoning module AssetRegistry (154)
[2017.08.06-13.43.24:722][206]LogDirectoryWatcher: A directory notification for '../../../Engine/Content/' was aborted.
[2017.08.06-13.43.24:722][206]LogDirectoryWatcher: A directory notification for 'C:/Users/User/Desktop/Unreal/GitHub/FYP_DumbTesting/Meeting/Content/' was aborted.
[2017.08.06-13.43.24:722][206]LogDirectoryWatcher: A directory notification for '../../../Engine/Plugins/2D/Paper2D/Content/' was aborted.
[2017.08.06-13.43.24:747][206]LogModuleManager: Shutting down and abandoning module DirectoryWatcher (153)
[2017.08.06-13.43.24:747][206]LogModuleManager: Shutting down and abandoning module KismetCompiler (150)
[2017.08.06-13.43.24:747][206]LogModuleManager: Shutting down and abandoning module PhysXFormats (148)
[2017.08.06-13.43.24:747][206]LogModuleManager: Shutting down and abandoning module MeshUtilities (146)
[2017.08.06-13.43.24:832][206]LogModuleManager: Shutting down and abandoning module SimplygonSwarm (145)
[2017.08.06-13.43.24:928][206]LogModuleManager: Shutting down and abandoning module SimplygonMeshReduction (143)
[2017.08.06-13.43.24:928][206]LogModuleManager: Shutting down and abandoning module QuadricMeshReduction (141)
[2017.08.06-13.43.25:006][206]LogModuleManager: Shutting down and abandoning module PropertyEditor (139)
[2017.08.06-13.43.25:006][206]LogModuleManager: Shutting down and abandoning module DerivedDataCache (136)
[2017.08.06-13.43.25:074][206]LogDerivedDataCache: Shutdown
[2017.08.06-13.43.25:074][206]LogModuleManager: Shutting down and abandoning module TargetPlatform (134)
[2017.08.06-13.43.25:074][206]LogModuleManager: Shutting down and abandoning module VulkanShaderFormat (133)
[2017.08.06-13.43.25:098][206]LogModuleManager: Shutting down and abandoning module ShaderFormatOpenGL (131)
[2017.08.06-13.43.25:230][206]LogModuleManager: Shutting down and abandoning module ShaderFormatD3D (129)
[2017.08.06-13.43.25:261][206]LogModuleManager: Shutting down and abandoning module MetalShaderFormat (127)
[2017.08.06-13.43.25:336][206]LogModuleManager: Shutting down and abandoning module TextureFormatUncompressed (125)
[2017.08.06-13.43.25:336][206]LogModuleManager: Shutting down and abandoning module TextureFormatPVR (123)
[2017.08.06-13.43.25:336][206]LogModuleManager: Shutting down and abandoning module TextureFormatDXT (121)
[2017.08.06-13.43.25:366][206]LogModuleManager: Shutting down and abandoning module TextureFormatIntelISPCTexComp (119)
[2017.08.06-13.43.25:715][206]LogModuleManager: Shutting down and abandoning module TextureFormatASTC (117)
[2017.08.06-13.43.25:715][206]LogModuleManager: Shutting down and abandoning module ImageWrapper (116)
[2017.08.06-13.43.25:715][206]LogModuleManager: Shutting down and abandoning module TextureFormatAndroid (113)
[2017.08.06-13.43.25:715][206]LogModuleManager: Shutting down and abandoning module AudioFormatOpus (111)
[2017.08.06-13.43.25:826][206]LogModuleManager: Shutting down and abandoning module AudioFormatOgg (109)
[2017.08.06-13.43.25:826][206]LogModuleManager: Shutting down and abandoning module AudioFormatADPCM (107)
[2017.08.06-13.43.25:826][206]LogModuleManager: Shutting down and abandoning module LinuxTargetPlatform (105)
[2017.08.06-13.43.25:826][206]LogModuleManager: Shutting down and abandoning module LinuxServerTargetPlatform (103)
[2017.08.06-13.43.25:826][206]LogModuleManager: Shutting down and abandoning module LinuxNoEditorTargetPlatform (101)
[2017.08.06-13.43.25:826][206]LogModuleManager: Shutting down and abandoning module LinuxClientTargetPlatform (99)
[2017.08.06-13.43.25:826][206]LogModuleManager: Shutting down and abandoning module TVOSTargetPlatform (97)
[2017.08.06-13.43.25:826][206]LogModuleManager: Shutting down and abandoning module Messaging (95)
[2017.08.06-13.43.25:827][206]LogModuleManager: Shutting down and abandoning module IOSTargetPlatform (93)
[2017.08.06-13.43.25:827][206]LogModuleManager: Shutting down and abandoning module HTML5TargetPlatform (91)
[2017.08.06-13.43.25:827][206]LogModuleManager: Shutting down and abandoning module Android_PVRTCTargetPlatform (89)
[2017.08.06-13.43.25:827][206]LogModuleManager: Shutting down and abandoning module Android_MultiTargetPlatform (87)
[2017.08.06-13.43.25:827][206]LogModuleManager: Shutting down and abandoning module Android_ETC2TargetPlatform (85)
[2017.08.06-13.43.25:827][206]LogModuleManager: Shutting down and abandoning module Android_ETC1TargetPlatform (83)
[2017.08.06-13.43.25:827][206]LogModuleManager: Shutting down and abandoning module Android_DXTTargetPlatform (81)
[2017.08.06-13.43.25:827][206]LogModuleManager: Shutting down and abandoning module Android_ATCTargetPlatform (79)
[2017.08.06-13.43.25:827][206]LogModuleManager: Shutting down and abandoning module Android_ASTCTargetPlatform (77)
[2017.08.06-13.43.25:827][206]LogModuleManager: Shutting down and abandoning module AndroidTargetPlatform (75)
[2017.08.06-13.43.25:827][206]LogModuleManager: Shutting down and abandoning module WindowsTargetPlatform (73)
[2017.08.06-13.43.25:827][206]LogModuleManager: Shutting down and abandoning module WindowsServerTargetPlatform (71)
[2017.08.06-13.43.25:827][206]LogModuleManager: Shutting down and abandoning module WindowsNoEditorTargetPlatform (69)
[2017.08.06-13.43.25:827][206]LogModuleManager: Shutting down and abandoning module WindowsClientTargetPlatform (67)
[2017.08.06-13.43.25:827][206]LogModuleManager: Shutting down and abandoning module MacTargetPlatform (65)
[2017.08.06-13.43.25:827][206]LogModuleManager: Shutting down and abandoning module MacServerTargetPlatform (63)
[2017.08.06-13.43.25:827][206]LogModuleManager: Shutting down and abandoning module MacNoEditorTargetPlatform (61)
[2017.08.06-13.43.25:827][206]LogModuleManager: Shutting down and abandoning module MacClientTargetPlatform (59)
[2017.08.06-13.43.25:827][206]LogModuleManager: Shutting down and abandoning module AllDesktopTargetPlatform (57)
[2017.08.06-13.43.25:827][206]LogModuleManager: Shutting down and abandoning module InputCore (54)
[2017.08.06-13.43.25:827][206]LogModuleManager: Shutting down and abandoning module Settings (52)
[2017.08.06-13.43.25:827][206]LogModuleManager: Shutting down and abandoning module OculusRift (50)
[2017.08.06-13.43.25:908][206]LogModuleManager: Shutting down and abandoning module GearVR (48)
[2017.08.06-13.43.25:908][206]LogModuleManager: Shutting down and abandoning module ExampleDeviceProfileSelector (46)
[2017.08.06-13.43.25:908][206]LogModuleManager: Shutting down and abandoning module OnlineBlueprintSupport (44)
[2017.08.06-13.43.25:908][206]LogModuleManager: Shutting down and abandoning module OnlineSubsystem (40)
[2017.08.06-13.43.25:908][206]LogOnline:Display: Unloading online subsystem: NULL
[2017.08.06-13.43.26:079][206]LogModuleManager: Shutting down and abandoning module XMPP (39)
[2017.08.06-13.43.26:349][206]LogModuleManager: Shutting down and abandoning module HTTP (37)
[2017.08.06-13.43.26:392][206]LogHttp:Display: Http module shutting down, but needs to wait on 1 outstanding Http requests:
[2017.08.06-13.43.26:392][206]LogHttp:Display: 	verb=[POST] url=[https://datarouter.ol.epicgames.com/datarouter/api/v1/public/data?SessionID=%7B36EDFAF6-436A-CB82-50D0-86A6F1E4F6CC%7D&AppID=UEEditor.Rocket.Release&AppVersion=4.15.3-3450819%2B%2B%2BUE4%2BRelease-4.15&UserID=114a053340218112b535419f5baeb955%7C9413889a592e4c1c866f4c4c8bc27d3e%7C8c3aa4a3-2f23-417e-a7f5-919d8ce1237f&AppEnvironment=datacollector-binary&UploadType=eteventstream] status=Processing
[2017.08.06-13.43.26:406][206]LogModuleManager: Shutting down and abandoning module SSL (36)
[2017.08.06-13.43.26:447][206]LogModuleManager: Shutting down and abandoning module DesktopPlatform (32)
[2017.08.06-13.43.26:507][206]LogModuleManager: Shutting down and abandoning module AudioEditor (30)
[2017.08.06-13.43.26:870][206]LogModuleManager: Shutting down and abandoning module TextureCompressor (28)
[2017.08.06-13.43.27:032][206]LogModuleManager: Shutting down and abandoning module ShaderCore (26)
[2017.08.06-13.43.27:032][206]LogModuleManager: Shutting down and abandoning module Landscape (24)
[2017.08.06-13.43.27:032][206]LogModuleManager: Shutting down and abandoning module SlateRHIRenderer (22)
[2017.08.06-13.43.27:286][206]LogModuleManager: Shutting down and abandoning module OpenGLDrv (20)
[2017.08.06-13.43.27:399][206]LogModuleManager: Shutting down and abandoning module D3D11RHI (18)
[2017.08.06-13.43.27:399][206]LogModuleManager: Shutting down and abandoning module AnimGraphRuntime (16)
[2017.08.06-13.43.27:531][206]LogModuleManager: Shutting down and abandoning module Renderer (14)
[2017.08.06-13.43.27:531][206]LogModuleManager: Shutting down and abandoning module Engine (12)
[2017.08.06-13.43.27:531][206]LogModuleManager: Shutting down and abandoning module CoreUObject (10)
[2017.08.06-13.43.27:531][206]LogModuleManager: Shutting down and abandoning module NetworkFile (8)
[2017.08.06-13.43.27:578][206]LogModuleManager: Shutting down and abandoning module StreamingFile (6)
[2017.08.06-13.43.27:651][206]LogModuleManager: Shutting down and abandoning module SandboxFile (4)
[2017.08.06-13.43.27:651][206]LogModuleManager: Shutting down and abandoning module PakFile (2)
[2017.08.06-13.43.28:382][206]LogExit: Exiting.
[2017.08.06-13.43.28:403][206]Log file closed, 08/06/17 21:43:28
