Log file open, 10/16/17 17:06:04
LogInit:Display: Running engine for game: Meeting
LogPlatformFile: Not using cached read wrapper
LogInit:Display: RandInit(2145407703) SRandInit(2145407703).
LogTaskGraph: Started task graph with 5 named threads and 8 total threads with 1 sets of task threads.
LogStats: Stats thread started at 2.250465
LogInit: Using libcurl 7.47.1
LogInit:  - built for x86_64-pc-win32
LogInit:  - supports SSL with OpenSSL/1.0.2g
LogInit:  - supports HTTP deflate (compression) using libz 1.2.8
LogInit:  - other features:
LogInit:      CURL_VERSION_SSL
LogInit:      CURL_VERSION_LIBZ
LogInit:      CURL_VERSION_IPV6
LogInit:      CURL_VERSION_ASYNCHDNS
LogInit:      CURL_VERSION_LARGEFILE
LogInit:      CURL_VERSION_IDN
LogInit:  CurlRequestOptions (configurable via config and command line):
LogInit:  - bVerifyPeer = false  - Libcurl will NOT verify peer certificate
LogInit:  - bUseHttpProxy = false  - Libcurl will NOT use HTTP proxy
LogInit:  - bDontReuseConnections = false  - Libcurl will reuse connections
LogInit:  - CertBundlePath = nullptr  - Libcurl will use whatever was configured at build time.
LogInit: Build: ++UE4+Release-4.15-CL-3450819
LogInit: Engine Version: 4.15.3-3450819+++UE4+Release-4.15
LogInit: Compatible Engine Version: 4.15.0-3299760+++UE4+Release-4.15
LogInit: Net CL: 3299760
LogDevObjectVersion: Number of dev versions registered: 14
LogDevObjectVersion:   Dev-Blueprints (B0D832E4-1F89-4F0D-ACCF-7EB736FD4AA2): 8
LogDevObjectVersion:   Dev-Build (E1C64328-A22C-4D53-A36C-8E866417BD8C): 0
LogDevObjectVersion:   Dev-Core (375EC13C-06E4-48FB-B500-84F0262A717E): 2
LogDevObjectVersion:   Dev-Editor (E4B068ED-F494-42E9-A231-DA0B2E46BB41): 14
LogDevObjectVersion:   Dev-Framework (CFFC743F-43B0-4480-9391-14DF171D2073): 22
LogDevObjectVersion:   Dev-Mobile (B02B49B5-BB20-44E9-A304-32B752E40360): 0
LogDevObjectVersion:   Dev-Networking (A4E4105C-59A1-49B5-A7C5-40C4547EDFEE): 0
LogDevObjectVersion:   Dev-Online (39C831C9-5AE6-47DC-9A44-9C173E1C8E7C): 0
LogDevObjectVersion:   Dev-Physics (78F01B33-EBEA-4F98-B9B4-84EACCB95AA2): 0
LogDevObjectVersion:   Dev-Platform (6631380F-2D4D-43E0-8009-CF276956A95A): 0
LogDevObjectVersion:   Dev-Rendering (12F88B9F-8875-4AFC-A67C-D90C383ABD29): 12
LogDevObjectVersion:   Dev-Sequencer (7B5AE74C-D270-4C10-A958-57980B212A5A): 3
LogDevObjectVersion:   Dev-VR (D7296918-1DD6-4BDD-9DE2-64A83CC13884): 0
LogDevObjectVersion:   Dev-LoadTimes (C2A15278-BFE7-4AFE-6C17-90FF531DF755): 1
LogInit: Compiled (64-bit): May 21 2017 11:02:34
LogInit: Compiled with Visual C++: 19.00.23026.00
LogInit: Build Configuration: Development
LogInit: Branch Name: ++UE4+Release-4.15
LogInit: Command line:  
LogInit: Base directory: C:/Program Files/Epic Games/UE_4.15/Engine/Binaries/Win64/
LogInit: Installed Engine Build: 1
LogInit: Presizing for max 8388607 objects, including 0 objects not considered by GC, pre-allocating 0 bytes for permanent pool.
LogInit: Object subsystem initialized
[2017.10.16-09.06.06:654][  0]LogInit: Selected Device Profile: [Windows]
[2017.10.16-09.06.06:654][  0]LogInit: Applying CVar settings loaded from the selected device profile: [Windows]
[2017.10.16-09.06.06:772][  0]LogInit: Computer: MSI
[2017.10.16-09.06.06:772][  0]LogInit: User: chong
[2017.10.16-09.06.06:772][  0]LogInit: CPU Page size=65536, Cores=4
[2017.10.16-09.06.06:772][  0]LogInit: High frequency timer resolution =2.531249 MHz
[2017.10.16-09.06.06:772][  0]LogMemory: Memory total: Physical=11.9GB (12GB approx)
[2017.10.16-09.06.06:783][  0]LogMemory: Platform Memory Stats for Windows
[2017.10.16-09.06.06:784][  0]LogMemory: Process Physical Memory: 271.53 MB used, 271.53 MB peak
[2017.10.16-09.06.06:784][  0]LogMemory: Process Virtual Memory: 268.41 MB used, 268.41 MB peak
[2017.10.16-09.06.06:784][  0]LogMemory: Physical Memory: 6142.06 MB used,  6056.54 MB free, 12198.60 MB total
[2017.10.16-09.06.06:784][  0]LogMemory: Virtual Memory: 651.11 MB used,  6056.54 MB free, 134217728.00 MB total
[2017.10.16-09.06.08:319][  0]LogTextLocalizationManager: No specific translations for ('en-MY') exist, so ('en') translations will be used.
[2017.10.16-09.06.15:680][  0]LogD3D11RHI: D3D11 adapters:
[2017.10.16-09.06.16:594][  0]LogD3D11RHI:    0. 'NVIDIA GeForce GTX 960M' (Feature Level 11_0)
[2017.10.16-09.06.16:594][  0]LogD3D11RHI:       2019/0/6099 MB DedicatedVideo/DedicatedSystem/SharedSystem, Outputs:1, VendorId:0x10de
[2017.10.16-09.06.16:618][  0]LogD3D11RHI:    1. 'Intel(R) HD Graphics 530' (Feature Level 11_0)
[2017.10.16-09.06.16:618][  0]LogD3D11RHI:       128/0/6099 MB DedicatedVideo/DedicatedSystem/SharedSystem, Outputs:0, VendorId:0x8086
[2017.10.16-09.06.16:619][  0]LogD3D11RHI:    2. 'Microsoft Basic Render Driver' (Feature Level 11_0)
[2017.10.16-09.06.16:619][  0]LogD3D11RHI:       0/0/6099 MB DedicatedVideo/DedicatedSystem/SharedSystem, Outputs:0, VendorId:0x1414
[2017.10.16-09.06.16:619][  0]LogD3D11RHI: Chosen D3D11 Adapter: 0
[2017.10.16-09.06.16:638][  0]LogD3D11RHI: Creating new Direct3DDevice
[2017.10.16-09.06.16:638][  0]LogD3D11RHI:     GPU DeviceId: 0x139b (for the marketing name, search the web for "GPU Device Id")
[2017.10.16-09.06.16:638][  0]LogWindows: EnumDisplayDevices:
[2017.10.16-09.06.16:638][  0]LogWindows:    0. 'Intel(R) HD Graphics 530' (P:1 D:1)
[2017.10.16-09.06.16:638][  0]LogWindows:    1. 'Intel(R) HD Graphics 530' (P:0 D:0)
[2017.10.16-09.06.16:638][  0]LogWindows:    2. 'Intel(R) HD Graphics 530' (P:0 D:0)
[2017.10.16-09.06.16:638][  0]LogWindows: DebugString: PrimaryIsNotTheChoosenAdapter PrimaryIsNotTheChoosenAdapter PrimaryIsNotTheChoosenAdapter FoundDriverCount:0 
[2017.10.16-09.06.16:638][  0]LogD3D11RHI:     Adapter Name: NVIDIA GeForce GTX 960M
[2017.10.16-09.06.16:638][  0]LogD3D11RHI:   Driver Version: Unknown (internal:Unknown, unified:Unknown)
[2017.10.16-09.06.16:638][  0]LogD3D11RHI:      Driver Date: Unknown
[2017.10.16-09.06.16:638][  0]LogRHI: Texture pool is 1361 MB (70% of 1945 MB)
[2017.10.16-09.06.17:423][  0]LogD3D11RHI: Async texture creation enabled
[2017.10.16-09.06.17:676][  0]LogD3D11RHI: GPU Timing Frequency: 1000.000000 (Debug: 2 3)
[2017.10.16-09.06.17:756][  0]LogShaderCompilers: Guid format shader working directory is -33 characters bigger than the processId version (../../../../../../Users/chong/OneDrive/Documents/GitHub/FYP_DumbTesting/Meeting/Intermediate/Shaders/WorkingDirectory/4316/).
[2017.10.16-09.06.17:756][  0]LogShaderCompilers: Cleaned the shader compiler working directory 'C:/Users/chong/AppData/Local/Temp/UnrealShaderWorkingDir/4E1FBA8048FD486BEA7B7890AA40D615/'.
[2017.10.16-09.06.17:756][  0]LogShaderCompilers:Display: Using Local Shader Compiler.
[2017.10.16-09.06.22:476][  0]LogTemp:Display: Loaded TP AllDesktopTargetPlatform
[2017.10.16-09.06.22:556][  0]LogTemp:Display: Loaded TP MacClientTargetPlatform
[2017.10.16-09.06.22:639][  0]LogTemp:Display: Loaded TP MacNoEditorTargetPlatform
[2017.10.16-09.06.22:724][  0]LogTemp:Display: Loaded TP MacServerTargetPlatform
[2017.10.16-09.06.22:831][  0]LogTemp:Display: Loaded TP MacTargetPlatform
[2017.10.16-09.06.22:919][  0]LogTemp:Display: Loaded TP WindowsClientTargetPlatform
[2017.10.16-09.06.23:014][  0]LogTemp:Display: Loaded TP WindowsNoEditorTargetPlatform
[2017.10.16-09.06.23:092][  0]LogTemp:Display: Loaded TP WindowsServerTargetPlatform
[2017.10.16-09.06.23:165][  0]LogTemp:Display: Loaded TP WindowsTargetPlatform
[2017.10.16-09.06.23:257][  0]LogTemp:Display: Loaded TP AndroidTargetPlatform
[2017.10.16-09.06.23:339][  0]LogTemp:Display: Loaded TP Android_ASTCTargetPlatform
[2017.10.16-09.06.23:421][  0]LogTemp:Display: Loaded TP Android_ATCTargetPlatform
[2017.10.16-09.06.23:501][  0]LogTemp:Display: Loaded TP Android_DXTTargetPlatform
[2017.10.16-09.06.23:583][  0]LogTemp:Display: Loaded TP Android_ETC1TargetPlatform
[2017.10.16-09.06.23:666][  0]LogTemp:Display: Loaded TP Android_ETC2TargetPlatform
[2017.10.16-09.06.23:829][  0]LogTemp:Display: Loaded TP Android_MultiTargetPlatform
[2017.10.16-09.06.23:829][  0]LogTemp:Display: Loaded TP Android_PVRTCTargetPlatform
[2017.10.16-09.06.23:893][  0]LogTemp:Display: Loaded TP HTML5TargetPlatform
[2017.10.16-09.06.24:056][  0]LogTemp:Display: Loaded TP IOSTargetPlatform
[2017.10.16-09.06.24:100][  0]LogTemp:Display: Loaded TP TVOSTargetPlatform
[2017.10.16-09.06.24:176][  0]LogTemp:Display: Loaded TP LinuxClientTargetPlatform
[2017.10.16-09.06.24:257][  0]LogTemp:Display: Loaded TP LinuxNoEditorTargetPlatform
[2017.10.16-09.06.24:371][  0]LogTemp:Display: Loaded TP LinuxServerTargetPlatform
[2017.10.16-09.06.24:458][  0]LogTemp:Display: Loaded TP LinuxTargetPlatform
[2017.10.16-09.06.24:458][  0]LogTargetPlatformManager:Display: Building Assets For Windows
[2017.10.16-09.06.25:459][  0]LogDerivedDataCache:Display: Max Cache Size: 512 MB
[2017.10.16-09.06.25:976][  0]LogDerivedDataCache: Loaded boot cache 0.50s 50MB C:/Users/chong/AppData/Local/UnrealEngine/4.15/DerivedDataCache/Boot.ddc.
[2017.10.16-09.06.25:976][  0]LogDerivedDataCache:Display: Loaded Boot cache: C:/Users/chong/AppData/Local/UnrealEngine/4.15/DerivedDataCache/Boot.ddc
[2017.10.16-09.06.25:976][  0]LogDerivedDataCache: FDerivedDataBackendGraph:  Pak pak cache file ../../../../../../Users/chong/OneDrive/Documents/GitHub/FYP_DumbTesting/Meeting/DerivedDataCache/DDC.ddp not found, will not use a pak cache.
[2017.10.16-09.06.25:976][  0]LogDerivedDataCache: Unable to find inner node Pak for hierarchical cache Hierarchy.
[2017.10.16-09.06.25:976][  0]LogDerivedDataCache: FDerivedDataBackendGraph:  CompressedPak pak cache file ../../../../../../Users/chong/OneDrive/Documents/GitHub/FYP_DumbTesting/Meeting/DerivedDataCache/Compressed.ddp not found, will not use a pak cache.
[2017.10.16-09.06.25:976][  0]LogDerivedDataCache: Unable to find inner node CompressedPak for hierarchical cache Hierarchy.
[2017.10.16-09.06.26:033][  0]LogDerivedDataCache:Display: Pak cache opened for reading ../../../Engine/DerivedDataCache/Compressed.ddp.
[2017.10.16-09.06.26:045][  0]LogDerivedDataCache: Using Local data cache path C:/Users/chong/AppData/Local/UnrealEngine/Common/DerivedDataCache: Writable
[2017.10.16-09.06.26:158][  0]LogSlate: Using Freetype 2.6.0
[2017.10.16-09.06.26:334][  0]LogSlate: SlateFontCache - WITH_FREETYPE: 1, WITH_HARFBUZZ: 1
[2017.10.16-09.06.26:335][  0]LogSlate: SlateFontCache - WITH_FREETYPE: 1, WITH_HARFBUZZ: 1
[2017.10.16-09.06.36:960][  0]LogInit: Selected Device Profile: [Windows]
[2017.10.16-09.06.37:048][  0]LogContentStreaming: Texture pool size is 0.00 MB
[2017.10.16-09.06.37:891][  0]LogMeshUtilities: Using QuadricMeshReduction for automatic static mesh reduction
[2017.10.16-09.06.37:974][  0]LogSimplygon: Simplygon DLL not present - disabling.
[2017.10.16-09.06.38:061][  0]LogMeshUtilities: Using SimplygonSwarm for distributed automatic mesh merging
[2017.10.16-09.06.38:061][  0]LogMeshUtilities: No automatic skeletal mesh reduction module available
[2017.10.16-09.06.38:061][  0]LogMeshUtilities: No automatic mesh merging module available
[2017.10.16-09.06.43:895][  0]LogNetVersion: GetLocalNetworkVersion: CL: 3299760, ProjectName: meeting, ProjectVersion: , EngineNetworkVersion: 2, GameNetworkVersion: 0, NetworkChecksum: 116300604
[2017.10.16-09.06.44:079][  0]LogAssetRegistry: FAssetRegistry took 0.0245 seconds to start up
[2017.10.16-09.06.45:146][  0]LogPackageLocalizationCache: Processed 3 localized package path(s) for 2 prioritized culture(s) in 0.942664 seconds
[2017.10.16-09.06.45:162][  0]LogUObjectArray: 32493 objects as part of root set at end of initial load.
[2017.10.16-09.06.45:162][  0]LogUObjectAllocator: 7077032 out of 0 bytes used by permanent object pool.
[2017.10.16-09.06.45:162][  0]LogUObjectArray: CloseDisregardForGC: 0/0 objects in disregard for GC pool
[2017.10.16-09.06.45:293][  0]LogInit: WinSock: version 1.1 (2.2), MaxSocks=32767, MaxUdp=65467
[2017.10.16-09.07.22:379][  0]LogTcpMessaging: Initializing TcpMessaging bridge
[2017.10.16-09.07.22:460][  0]LogUdpMessaging: Initializing bridge on interface 0.0.0.0:0 to multicast group 230.0.0.1:6666.
[2017.10.16-09.07.25:461][  0]LogMaterial: Uniform references updated for custom material expression Custom.
[2017.10.16-09.07.26:971][  0]SourceControl: Info Source control is disabled
[2017.10.16-09.07.26:980][  0]SourceControl: Info Source control is disabled
[2017.10.16-09.07.27:213][  0]SourceControl: Info Source control is disabled
[2017.10.16-09.07.27:342][  0]SourceControl: Info Source control is disabled
[2017.10.16-09.07.31:715][  0]LogEngine: Initializing Engine...
[2017.10.16-09.07.31:780][  0]LogHMD: Failed to initialize OpenVR with code 110
[2017.10.16-09.07.32:485][  0]LogStats: UGameplayTagsManager::ConstructGameplayTagTree: Construct from data asset -  0.000 s
[2017.10.16-09.07.32:487][  0]LogStats: UGameplayTagsManager::ConstructGameplayTagTree: GameplayTagTreeChangedEvent.Broadcast -  0.000 s
[2017.10.16-09.07.33:440][  0]LogAIModule: Creating AISystem for world Untitled
[2017.10.16-09.07.33:987][  0]LogInit: XAudio2 using 'Speakers (Realtek High Definition Audio)' : 8 channels at 48 kHz using 32 bits per sample (channel mask 0x63f)
[2017.10.16-09.07.34:042][  0]LogInit: FAudioDevice initialized.
[2017.10.16-09.07.34:073][  0]LogDerivedDataCache: Saved boot cache 0.03s 50MB C:/Users/chong/AppData/Local/UnrealEngine/4.15/DerivedDataCache/Boot.ddc.
[2017.10.16-09.07.34:080][  0]LogInit: Texture streaming: Enabled
[2017.10.16-09.07.34:340][  0]LogEngineSessionManager: EngineSessionManager initialized
[2017.10.16-09.07.34:351][  0]LogEngineSessionManager: EngineSessionManager sent abnormal shutdown report. Type=AbnormalShutdown, SessionId={5225D330-4050-39B3-A8F2-539FE5079E6D}
[2017.10.16-09.07.35:109][  0]LogInit: Transaction tracking system initialized
[2017.10.16-09.07.36:961][  0]BlueprintLog: New page: Editor Load
[2017.10.16-09.07.41:248][  0]LocalizationService: Info Localization service is disabled
[2017.10.16-09.07.44:288][  0]LogConsoleResponse:Display: 
[2017.10.16-09.07.48:871][  0]LogFileCache: Scanning file cache for directory 'C:/Users/chong/OneDrive/Documents/GitHub/FYP_DumbTesting/Meeting/Content/' took 0.03s
[2017.10.16-09.07.48:871][  0]LogCook:Display: Max memory allowance for cook 16384mb min free memory 0mb
[2017.10.16-09.07.48:871][  0]LogCook:Display: Mobile HDR setting 1
[2017.10.16-09.07.53:935][  0]SourceControl: Info Source control is disabled
[2017.10.16-09.07.54:113][  0]Cmd: MAP LOAD FILE="../../../../../../Users/chong/OneDrive/Documents/GitHub/FYP_DumbTesting/Meeting/Content/ThirdPersonBP/Maps/MockUp_Map.umap" TEMPLATE=0 SHOWPROGRESS=1 FEATURELEVEL=3
[2017.10.16-09.07.54:136][  0]LightingResults: New page: Lighting Build
[2017.10.16-09.07.54:581][  0]MapCheck: New page: Map Check
[2017.10.16-09.07.54:581][  0]LightingResults: New page: Lighting Build
[2017.10.16-09.08.10:243][  0]LogBlueprint:Warning: [Compiler ThirdPersonCharacter] Warning InputAction Event references unknown Action 'ResetVR' for  InputAction ResetVR
[2017.10.16-09.08.10:243][  0]LogBlueprint:Warning: [Compiler ThirdPersonCharacter] Warning Input Axis Event references unknown Axis 'LookUpRate' for  InputAxis LookUpRate
[2017.10.16-09.08.10:243][  0]LogBlueprint:Warning: [Compiler ThirdPersonCharacter] Warning Input Axis Event references unknown Axis 'TurnRate' for  InputAxis TurnRate
[2017.10.16-09.08.10:243][  0]LogBlueprint:Warning: [Compiler ThirdPersonCharacter] Warning InputAction Event references unknown Action 'Jump' for  InputAction Jump
[2017.10.16-09.08.10:244][  0]LogBlueprint:Warning: [Compiler ThirdPersonCharacter] Warning Input Axis Event references unknown Axis 'LookUp' for  InputAxis LookUp
[2017.10.16-09.08.10:244][  0]LogBlueprint:Warning: [Compiler ThirdPersonCharacter] Warning Input Axis Event references unknown Axis 'Turn' for  InputAxis Turn
[2017.10.16-09.08.10:249][  0]LogBlueprint:Warning: [Compiler ThirdPersonCharacter] Warning [0134.42] Compile of ThirdPersonCharacter successful, but with 6 Warning(s) [in 15 ms] (/Game/ThirdPersonBP/Blueprints/ThirdPersonCharacter.ThirdPersonCharacter)
[2017.10.16-09.08.10:249][  0]LogBlueprint:Warning: [Compiler ThirdPersonCharacter] Warning [0134.42] Compile of ThirdPersonCharacter successful, but with 7 Warning(s) [in 0 ms] (/Game/ThirdPersonBP/Blueprints/ThirdPersonCharacter.ThirdPersonCharacter)
[2017.10.16-09.08.10:249][  0]LogBlueprint:Warning: [Compiler ThirdPersonCharacter] Warning [0134.42] Compile of ThirdPersonCharacter successful, but with 8 Warning(s) [in 0 ms] (/Game/ThirdPersonBP/Blueprints/ThirdPersonCharacter.ThirdPersonCharacter)
[2017.10.16-09.08.10:255][  0]LogBlueprint:Warning: [Compiler ThirdPersonCharacter] Warning InputAction Event references unknown Action 'ResetVR' for  InputAction ResetVR
[2017.10.16-09.08.10:255][  0]LogBlueprint:Warning: [Compiler ThirdPersonCharacter] Warning Input Axis Event references unknown Axis 'LookUpRate' for  InputAxis LookUpRate
[2017.10.16-09.08.10:255][  0]LogBlueprint:Warning: [Compiler ThirdPersonCharacter] Warning Input Axis Event references unknown Axis 'TurnRate' for  InputAxis TurnRate
[2017.10.16-09.08.10:255][  0]LogBlueprint:Warning: [Compiler ThirdPersonCharacter] Warning InputAction Event references unknown Action 'Jump' for  InputAction Jump
[2017.10.16-09.08.10:255][  0]LogBlueprint:Warning: [Compiler ThirdPersonCharacter] Warning Input Axis Event references unknown Axis 'LookUp' for  InputAxis LookUp
[2017.10.16-09.08.10:255][  0]LogBlueprint:Warning: [Compiler ThirdPersonCharacter] Warning Input Axis Event references unknown Axis 'Turn' for  InputAxis Turn
[2017.10.16-09.08.10:259][  0]LogBlueprint:Warning: [Compiler ThirdPersonCharacter] Warning [0134.43] Compile of ThirdPersonCharacter successful, but with 6 Warning(s) [in 7 ms] (/Game/ThirdPersonBP/Blueprints/ThirdPersonCharacter.ThirdPersonCharacter)
[2017.10.16-09.08.10:259][  0]LogBlueprint:Warning: [Compiler ThirdPersonCharacter] Warning [0134.43] Compile of ThirdPersonCharacter successful, but with 7 Warning(s) [in 0 ms] (/Game/ThirdPersonBP/Blueprints/ThirdPersonCharacter.ThirdPersonCharacter)
[2017.10.16-09.08.10:259][  0]LogBlueprint:Warning: [Compiler ThirdPersonCharacter] Warning [0134.43] Compile of ThirdPersonCharacter successful, but with 8 Warning(s) [in 0 ms] (/Game/ThirdPersonBP/Blueprints/ThirdPersonCharacter.ThirdPersonCharacter)
[2017.10.16-09.08.10:265][  0]LogLinker:Warning: Can't find file '/Game/ThirdPersonBP/Maps/MockUp_Map_BuiltData'
[2017.10.16-09.08.10:266][  0]LogLinker:Warning: Can't find file for asset '/Game/ThirdPersonBP/Maps/MockUp_Map_BuiltData' while loading ../../../../../../Users/chong/OneDrive/Documents/GitHub/FYP_DumbTesting/Meeting/Content/ThirdPersonBP/Maps/MockUp_Map.umap.
[2017.10.16-09.08.10:266][  0]LoadErrors:Error: Error /Game/ThirdPersonBP/Maps/MockUp_Map : Can't find file for asset. /Game/ThirdPersonBP/Maps/MockUp_Map_BuiltData
[2017.10.16-09.08.21:856][  0]LogLinker:Warning: Can't find file '/Game/ThirdPersonBP/Maps/MockUp_Map_BuiltData'
[2017.10.16-09.08.21:856][  0]LogLinker:Warning: Can't find file for asset '/Game/ThirdPersonBP/Maps/MockUp_Map_BuiltData' while loading ../../../../../../Users/chong/OneDrive/Documents/GitHub/FYP_DumbTesting/Meeting/Content/ThirdPersonBP/Maps/MockUp_Map.umap.
[2017.10.16-09.08.21:856][  0]LoadErrors:Error: Error /Game/ThirdPersonBP/Maps/MockUp_Map : Can't find file for asset. /Game/ThirdPersonBP/Maps/MockUp_Map_BuiltData
[2017.10.16-09.08.21:866][  0]LogLinker:Warning: Can't find file '/Game/ThirdPersonBP/Maps/MockUp_Map_BuiltData'
[2017.10.16-09.08.21:866][  0]LogLinker:Warning: Can't find file for asset '/Game/ThirdPersonBP/Maps/MockUp_Map_BuiltData' while loading NULL.
[2017.10.16-09.08.21:866][  0]LogLinker:Warning: Can't find file '/Game/ThirdPersonBP/Maps/MockUp_Map_BuiltData'
[2017.10.16-09.08.21:866][  0]LogLinker:Warning: Can't find file for asset '/Game/ThirdPersonBP/Maps/MockUp_Map_BuiltData' while loading NULL.
[2017.10.16-09.08.23:953][  0]LogLinker:Warning: Can't find file '/Game/ThirdPersonBP/Maps/MockUp_Map_BuiltData'
[2017.10.16-09.08.23:953][  0]LoadErrors: Info Failed to load /Game/ThirdPersonBP/Maps/MockUp_Map_BuiltData.MockUp_Map_BuiltData Referenced by PersistentLevel
[2017.10.16-09.08.23:953][  0]LogLinker:Warning: Can't find file for asset '/Game/ThirdPersonBP/Maps/MockUp_Map_BuiltData' while loading NULL.
[2017.10.16-09.08.23:953][  0]LoadErrors: Info Failed to load /Game/ThirdPersonBP/Maps/MockUp_Map_BuiltData.MockUp_Map_BuiltData Referenced by PersistentLevel
[2017.10.16-09.08.37:736][  0]LogAnimationCompression: Building Anim DDC data for AnimSequence /Game/AnimStarterPack/Death_2.Death_2
[2017.10.16-09.09.40:307][  0]LogStaticMesh: Building static mesh SM_RL_Corner...
[2017.10.16-09.09.40:957][  0]LogStaticMesh: Built static mesh [1.14s] /Game/Art/Environment/ResearchLab/SM_RL_Corner.SM_RL_Corner
[2017.10.16-09.10.02:358][  0]LogTexture:Display: Building textures: LP_1001_OcclusionRoughnessMetallic (AutoDXT, 2048X2048) - 720 MB total VRAM
[2017.10.16-09.10.04:971][  0]LogTexture:Display: Building textures: LP_1001_Normal (BC5, 2048X2048) - 720 MB total VRAM
[2017.10.16-09.10.05:626][  0]LogTexture:Display: Building textures: LP_1001_BaseColor (AutoDXT, 2048X2048) - 720 MB total VRAM
[2017.10.16-09.10.08:159][  0]LogMaterial: Missing cached shader map for material M_RL_Corner, compiling. 
[2017.10.16-09.10.08:293][  0]LogTemp:Display: Added material ShaderMap 0x000002AB176E7900 with Material 0x000002AB27F76B00 to ShaderMapsBeingCompiled
[2017.10.16-09.10.08:782][  0]LogTemp:Display: Kicking off shader compilation for M_RL_Corner, GameThreadShaderMap 0x000002AB176E7900
[2017.10.16-09.10.17:613][  0]LogAIModule: Creating AISystem for world MockUp_Map
[2017.10.16-09.10.18:012][  0]LogTemp:Display: Finished compile of shader map 0x000002AB176E7900
[2017.10.16-09.10.18:012][  0]LogTemp:Display: Shader map M_RL_Corner complete, GameThreadShaderMap 0x000002AB176E7900, marking material M_RL_Corner as finished
[2017.10.16-09.10.18:012][  0]LogTemp:Display: Marking material as finished 0x000002AB27F76B00
[2017.10.16-09.10.21:936][  0]LogEditorServer: Finished looking for orphan Actors (0.000 secs)
[2017.10.16-09.10.22:294][  0]Cmd: MAP CHECKDEP NOCLEARLOG
[2017.10.16-09.10.22:487][  0]MapCheck: Info Map check complete: 0 Error(s), 0 Warning(s), took 192.765ms to complete.
[2017.10.16-09.10.22:487][  0]LogFileHelpers: Loading map 'MockUp_Map' took 148.457
[2017.10.16-09.10.27:890][  0]LogCollectionManager: Loaded 0 collections in 0.001797 seconds
[2017.10.16-09.10.28:335][  0]LogFileCache: Scanning file cache for directory 'C:/Users/chong/OneDrive/Documents/GitHub/FYP_DumbTesting/Meeting/Saved/Collections/' took 0.01s
[2017.10.16-09.10.28:336][  0]LogFileCache: Scanning file cache for directory 'C:/Users/chong/OneDrive/Documents/GitHub/FYP_DumbTesting/Meeting/Content/Developers/chong/Collections/' took 0.01s
[2017.10.16-09.10.28:336][  0]LogFileCache: Scanning file cache for directory 'C:/Users/chong/OneDrive/Documents/GitHub/FYP_DumbTesting/Meeting/Content/Collections/' took 0.01s
[2017.10.16-09.10.28:336][  0]LogCollectionManager: Rebuilt the GUID cache for 0 collections in 0.000002 seconds
[2017.10.16-09.10.28:461][  0]LogContentBrowser: Native class hierarchy populated in 0.0994 seconds. Added 2259 classes and 455 folders.
[2017.10.16-09.10.28:925][  0]LogContentBrowser: Native class hierarchy updated for 'WidgetCarousel' in 0.0030 seconds. Added 0 classes and 0 folders.
[2017.10.16-09.10.32:955][  0]LogContentBrowser: Native class hierarchy updated for 'AddContentDialog' in 0.0024 seconds. Added 0 classes and 0 folders.
[2017.10.16-09.10.33:381][  0]LogContentBrowser: Native class hierarchy updated for 'SceneOutliner' in 0.0027 seconds. Added 1 classes and 2 folders.
[2017.10.16-09.10.34:905][  0]LogCrashTracker: Crashtracker disabled due to settings.
[2017.10.16-09.10.35:543][  0]LogUObjectGlobals:Warning: Failed to find object 'Class None.'
[2017.10.16-09.10.36:033][  0]LogContentBrowser: Native class hierarchy updated for 'HierarchicalLODOutliner' in 0.0026 seconds. Added 1 classes and 2 folders.
[2017.10.16-09.10.36:034][  0]LogLoad: (Engine Initialization) Total time: 280.20 seconds
[2017.10.16-09.10.36:034][  0]LogLoad: (Engine Initialization) Total Blueprint compile time: 3.24 seconds
[2017.10.16-09.10.36:034][  0]LogExternalProfiler: Found external profiler: VSPerf
[2017.10.16-09.10.36:034][  0]LogExternalProfiler: Using external profiler: VSPerf
[2017.10.16-09.10.36:522][  0]LogOcInput: OculusInput pre-init called
[2017.10.16-09.10.37:977][  0]LogContentStreaming: Texture pool size now 400 MB
[2017.10.16-09.10.38:573][  0]LogSlate: Took 0.049656 seconds to synchronously load lazily loaded font '../../../Engine/Content/Slate/Fonts/Roboto-Regular.ttf' (155K)
[2017.10.16-09.10.38:671][  0]LogSlate: Took 0.045635 seconds to synchronously load lazily loaded font '../../../Engine/Content/Slate/Fonts/Roboto-Bold.ttf' (160K)
[2017.10.16-09.10.38:910][  0]LogSlate: Took 0.058577 seconds to synchronously load lazily loaded font '../../../Engine/Content/Editor/Slate/Fonts/FontAwesome.ttf' (139K)
[2017.10.16-09.10.41:405][  0]LogRenderer: Reallocating scene render targets to support 1004x432 NumSamples 1 (Frame:2).
[2017.10.16-09.10.41:406][  0]LogSlate: Took 0.072461 seconds to synchronously load lazily loaded font '../../../Engine/Content/Slate/Fonts/Roboto-Light.ttf' (159K)
[2017.10.16-09.10.45:118][  2]LogSlate: Took 0.000479 seconds to synchronously load lazily loaded font '../../../Engine/Content/Slate/Fonts/Roboto-Light.ttf' (159K)
[2017.10.16-09.10.46:419][  6]LogAssetRegistry: Asset discovery search completed in 242.3626 seconds
[2017.10.16-09.10.46:419][  6]LogCollectionManager: Rebuilt the object cache for 0 collections in 0.000009 seconds (found 0 objects)
[2017.10.16-09.10.46:419][  6]LogCollectionManager: Fixed up redirectors for 0 collections in 0.000049 seconds (updated 0 objects)
[2017.10.16-09.11.00:146][748]LogSlate: Took 0.000141 seconds to synchronously load lazily loaded font '../../../Engine/Content/Slate/Fonts/Roboto-Light.ttf' (159K)
[2017.10.16-09.11.01:600][748]LogSlate: Took 0.038895 seconds to synchronously load lazily loaded font '../../../Engine/Content/Editor/Slate/Fonts/Roboto-BoldCondensed.ttf' (158K)
[2017.10.16-09.11.55:840][813]LogMetaData: Removing '/Game/Blueprint/AI/BehaviorTree/BB_Cooldown.BB_Cooldown_C' ref from Metadata '/Game/Blueprint/AI/BB_Cooldown.PackageMetaData'
[2017.10.16-09.11.55:841][813]LogMetaData: Removing '/Game/Blueprint/AI/BehaviorTree/BB_Cooldown.BB_Cooldown:PerformConditionCheck.K2Node_FunctionEntry_0' ref from Metadata '/Game/Blueprint/AI/BB_Cooldown.PackageMetaData'
[2017.10.16-09.11.55:841][813]LogMetaData: Removing '/Game/Blueprint/AI/BehaviorTree/BB_Cooldown.BB_Cooldown:PerformConditionCheck.K2Node_FunctionResult_0' ref from Metadata '/Game/Blueprint/AI/BB_Cooldown.PackageMetaData'
[2017.10.16-09.11.55:841][813]LogMetaData: Removing '/Game/Blueprint/AI/BehaviorTree/BB_Cooldown.BB_Cooldown_C:ExecuteUbergraph_BB_Cooldown' ref from Metadata '/Game/Blueprint/AI/BB_Cooldown.PackageMetaData'
[2017.10.16-09.11.55:841][813]LogMetaData: Removing '/Game/Blueprint/AI/BehaviorTree/BB_Cooldown.BB_Cooldown_C:PerformConditionCheck' ref from Metadata '/Game/Blueprint/AI/BB_Cooldown.PackageMetaData'
[2017.10.16-09.11.55:841][813]LogMetaData: Removing '/Game/Blueprint/AI/BehaviorTree/BB_Cooldown.BB_Cooldown_C:ReceiveExecutionFinish' ref from Metadata '/Game/Blueprint/AI/BB_Cooldown.PackageMetaData'
[2017.10.16-09.11.55:841][813]LogMetaData: Removing '/Game/Blueprint/AI/BehaviorTree/BB_Cooldown.BB_Cooldown_C:NotCD' ref from Metadata '/Game/Blueprint/AI/BB_Cooldown.PackageMetaData'
[2017.10.16-09.11.55:841][813]LogMetaData: Removing '/Game/Blueprint/AI/BehaviorTree/BB_Cooldown.BB_Cooldown_C:Cooldown Time' ref from Metadata '/Game/Blueprint/AI/BB_Cooldown.PackageMetaData'
[2017.10.16-09.11.55:841][813]LogMetaData: Removing '/Game/Blueprint/AI/BehaviorTree/BB_Cooldown.SKEL_BB_Cooldown_C:Cooldown Time' ref from Metadata '/Game/Blueprint/AI/BB_Cooldown.PackageMetaData'
[2017.10.16-09.11.55:841][813]LogMetaData: Removing '/Game/Blueprint/AI/BehaviorTree/BB_Cooldown.SKEL_BB_Cooldown_C:NotCD' ref from Metadata '/Game/Blueprint/AI/BB_Cooldown.PackageMetaData'
[2017.10.16-09.11.55:841][813]LogMetaData: Removing '/Game/Blueprint/AI/BehaviorTree/BB_Cooldown.SKEL_BB_Cooldown_C:ReceiveExecutionFinish' ref from Metadata '/Game/Blueprint/AI/BB_Cooldown.PackageMetaData'
[2017.10.16-09.11.55:841][813]LogMetaData: Removing '/Game/Blueprint/AI/BehaviorTree/BB_Cooldown.SKEL_BB_Cooldown_C:PerformConditionCheck' ref from Metadata '/Game/Blueprint/AI/BB_Cooldown.PackageMetaData'
[2017.10.16-09.11.55:841][813]LogMetaData: Removing '/Game/Blueprint/AI/BehaviorTree/BB_Cooldown.SKEL_BB_Cooldown_C:ExecuteUbergraph_BB_Cooldown' ref from Metadata '/Game/Blueprint/AI/BB_Cooldown.PackageMetaData'
[2017.10.16-09.11.55:841][813]LogMetaData: Removing '/Game/Blueprint/AI/BehaviorTree/BB_Cooldown.SKEL_BB_Cooldown_C' ref from Metadata '/Game/Blueprint/AI/BB_Cooldown.PackageMetaData'
[2017.10.16-09.11.55:856][813]LogMetaData: Removing '/Game/Blueprint/AI/BehaviorTree/CheckIsPlayerSprint.CheckIsPlayerSprint_C' ref from Metadata '/Game/Blueprint/AI/CheckIsPlayerSprint.PackageMetaData'
[2017.10.16-09.11.55:856][813]LogMetaData: Removing '/Game/Blueprint/AI/BehaviorTree/CheckIsPlayerSprint.CheckIsPlayerSprint_C:ExecuteUbergraph_CheckIsPlayerSprint' ref from Metadata '/Game/Blueprint/AI/CheckIsPlayerSprint.PackageMetaData'
[2017.10.16-09.11.55:856][813]LogMetaData: Removing '/Game/Blueprint/AI/BehaviorTree/CheckIsPlayerSprint.CheckIsPlayerSprint_C:ReceiveTick' ref from Metadata '/Game/Blueprint/AI/CheckIsPlayerSprint.PackageMetaData'
[2017.10.16-09.11.55:856][813]LogMetaData: Removing '/Game/Blueprint/AI/BehaviorTree/CheckIsPlayerSprint.SKEL_CheckIsPlayerSprint_C:ReceiveTick' ref from Metadata '/Game/Blueprint/AI/CheckIsPlayerSprint.PackageMetaData'
[2017.10.16-09.11.55:856][813]LogMetaData: Removing '/Game/Blueprint/AI/BehaviorTree/CheckIsPlayerSprint.SKEL_CheckIsPlayerSprint_C:ExecuteUbergraph_CheckIsPlayerSprint' ref from Metadata '/Game/Blueprint/AI/CheckIsPlayerSprint.PackageMetaData'
[2017.10.16-09.11.55:856][813]LogMetaData: Removing '/Game/Blueprint/AI/BehaviorTree/CheckIsPlayerSprint.SKEL_CheckIsPlayerSprint_C' ref from Metadata '/Game/Blueprint/AI/CheckIsPlayerSprint.PackageMetaData'
[2017.10.16-09.11.55:869][813]LogMetaData: Removing '/Game/Blueprint/AI/BehaviorTree/ClearFocus.ClearFocus_C' ref from Metadata '/Game/Blueprint/AI/ClearFocus.PackageMetaData'
[2017.10.16-09.11.55:869][813]LogMetaData: Removing '/Game/Blueprint/AI/BehaviorTree/ClearFocus.ClearFocus_C:ExecuteUbergraph_ClearFocus' ref from Metadata '/Game/Blueprint/AI/ClearFocus.PackageMetaData'
[2017.10.16-09.11.55:869][813]LogMetaData: Removing '/Game/Blueprint/AI/BehaviorTree/ClearFocus.ClearFocus_C:ReceiveTick' ref from Metadata '/Game/Blueprint/AI/ClearFocus.PackageMetaData'
[2017.10.16-09.11.55:869][813]LogMetaData: Removing '/Game/Blueprint/AI/BehaviorTree/ClearFocus.SKEL_ClearFocus_C:ReceiveTick' ref from Metadata '/Game/Blueprint/AI/ClearFocus.PackageMetaData'
[2017.10.16-09.11.55:869][813]LogMetaData: Removing '/Game/Blueprint/AI/BehaviorTree/ClearFocus.SKEL_ClearFocus_C:ExecuteUbergraph_ClearFocus' ref from Metadata '/Game/Blueprint/AI/ClearFocus.PackageMetaData'
[2017.10.16-09.11.55:869][813]LogMetaData: Removing '/Game/Blueprint/AI/BehaviorTree/ClearFocus.SKEL_ClearFocus_C' ref from Metadata '/Game/Blueprint/AI/ClearFocus.PackageMetaData'
[2017.10.16-09.11.55:881][813]LogMetaData: Removing '/Game/Blueprint/AI/BehaviorTree/EnemyBT.EnemyBT:Behavior Tree.BehaviorTreeGraphNode_Root_0' ref from Metadata '/Game/Blueprint/AI/EnemyBT.PackageMetaData'
[2017.10.16-09.11.55:892][813]LogMetaData: Removing '/Game/Blueprint/AI/BehaviorTree/FocusPlayer.FocusPlayer_C' ref from Metadata '/Game/Blueprint/AI/FocusPlayer.PackageMetaData'
[2017.10.16-09.11.55:892][813]LogMetaData: Removing '/Game/Blueprint/AI/BehaviorTree/FocusPlayer.FocusPlayer_C:ExecuteUbergraph_FocusPlayer' ref from Metadata '/Game/Blueprint/AI/FocusPlayer.PackageMetaData'
[2017.10.16-09.11.55:892][813]LogMetaData: Removing '/Game/Blueprint/AI/BehaviorTree/FocusPlayer.FocusPlayer_C:ReceiveExecute' ref from Metadata '/Game/Blueprint/AI/FocusPlayer.PackageMetaData'
[2017.10.16-09.11.55:892][813]LogMetaData: Removing '/Game/Blueprint/AI/BehaviorTree/FocusPlayer.SKEL_FocusPlayer_C:ReceiveExecute' ref from Metadata '/Game/Blueprint/AI/FocusPlayer.PackageMetaData'
[2017.10.16-09.11.55:892][813]LogMetaData: Removing '/Game/Blueprint/AI/BehaviorTree/FocusPlayer.SKEL_FocusPlayer_C:ExecuteUbergraph_FocusPlayer' ref from Metadata '/Game/Blueprint/AI/FocusPlayer.PackageMetaData'
[2017.10.16-09.11.55:892][813]LogMetaData: Removing '/Game/Blueprint/AI/BehaviorTree/FocusPlayer.SKEL_FocusPlayer_C' ref from Metadata '/Game/Blueprint/AI/FocusPlayer.PackageMetaData'
[2017.10.16-09.11.55:899][813]LogMetaData: Removing '/Game/Blueprint/AI/BehaviorTree/GreaterThan.GreaterThan_C' ref from Metadata '/Game/Blueprint/AI/GreaterThan.PackageMetaData'
[2017.10.16-09.11.55:899][813]LogMetaData: Removing '/Game/Blueprint/AI/BehaviorTree/GreaterThan.GreaterThan:PerformConditionCheck.K2Node_FunctionEntry_0' ref from Metadata '/Game/Blueprint/AI/GreaterThan.PackageMetaData'
[2017.10.16-09.11.55:899][813]LogMetaData: Removing '/Game/Blueprint/AI/BehaviorTree/GreaterThan.GreaterThan:PerformConditionCheck.K2Node_FunctionResult_0' ref from Metadata '/Game/Blueprint/AI/GreaterThan.PackageMetaData'
[2017.10.16-09.11.55:899][813]LogMetaData: Removing '/Game/Blueprint/AI/BehaviorTree/GreaterThan.GreaterThan_C:PerformConditionCheck' ref from Metadata '/Game/Blueprint/AI/GreaterThan.PackageMetaData'
[2017.10.16-09.11.55:899][813]LogMetaData: Removing '/Game/Blueprint/AI/BehaviorTree/GreaterThan.GreaterThan_C:Current Number' ref from Metadata '/Game/Blueprint/AI/GreaterThan.PackageMetaData'
[2017.10.16-09.11.55:899][813]LogMetaData: Removing '/Game/Blueprint/AI/BehaviorTree/GreaterThan.GreaterThan_C:Geater Than' ref from Metadata '/Game/Blueprint/AI/GreaterThan.PackageMetaData'
[2017.10.16-09.11.55:899][813]LogMetaData: Removing '/Game/Blueprint/AI/BehaviorTree/GreaterThan.SKEL_GreaterThan_C:Geater Than' ref from Metadata '/Game/Blueprint/AI/GreaterThan.PackageMetaData'
[2017.10.16-09.11.55:899][813]LogMetaData: Removing '/Game/Blueprint/AI/BehaviorTree/GreaterThan.SKEL_GreaterThan_C:Current Number' ref from Metadata '/Game/Blueprint/AI/GreaterThan.PackageMetaData'
[2017.10.16-09.11.55:899][813]LogMetaData: Removing '/Game/Blueprint/AI/BehaviorTree/GreaterThan.SKEL_GreaterThan_C:PerformConditionCheck' ref from Metadata '/Game/Blueprint/AI/GreaterThan.PackageMetaData'
[2017.10.16-09.11.55:899][813]LogMetaData: Removing '/Game/Blueprint/AI/BehaviorTree/GreaterThan.SKEL_GreaterThan_C' ref from Metadata '/Game/Blueprint/AI/GreaterThan.PackageMetaData'
[2017.10.16-09.11.55:905][813]LogMetaData: Removing '/Game/Blueprint/AI/BehaviorTree/ResetAttackRangeCD.ResetAttackRangeCD_C' ref from Metadata '/Game/Blueprint/AI/ResetAttackRangeCD.PackageMetaData'
[2017.10.16-09.11.55:905][813]LogMetaData: Removing '/Game/Blueprint/AI/BehaviorTree/ResetAttackRangeCD.ResetAttackRangeCD_C:ExecuteUbergraph_ResetAttackRangeCD' ref from Metadata '/Game/Blueprint/AI/ResetAttackRangeCD.PackageMetaData'
[2017.10.16-09.11.55:905][813]LogMetaData: Removing '/Game/Blueprint/AI/BehaviorTree/ResetAttackRangeCD.ResetAttackRangeCD_C:ReceiveTick' ref from Metadata '/Game/Blueprint/AI/ResetAttackRangeCD.PackageMetaData'
[2017.10.16-09.11.55:905][813]LogMetaData: Removing '/Game/Blueprint/AI/BehaviorTree/ResetAttackRangeCD.SKEL_ResetAttackRangeCD_C:ReceiveTick' ref from Metadata '/Game/Blueprint/AI/ResetAttackRangeCD.PackageMetaData'
[2017.10.16-09.11.55:905][813]LogMetaData: Removing '/Game/Blueprint/AI/BehaviorTree/ResetAttackRangeCD.SKEL_ResetAttackRangeCD_C:ExecuteUbergraph_ResetAttackRangeCD' ref from Metadata '/Game/Blueprint/AI/ResetAttackRangeCD.PackageMetaData'
[2017.10.16-09.11.55:905][813]LogMetaData: Removing '/Game/Blueprint/AI/BehaviorTree/ResetAttackRangeCD.SKEL_ResetAttackRangeCD_C' ref from Metadata '/Game/Blueprint/AI/ResetAttackRangeCD.PackageMetaData'
[2017.10.16-09.11.55:912][813]LogMetaData: Removing '/Game/Blueprint/AI/BehaviorTree/RangeChecker.RangeChecker_C' ref from Metadata '/Game/Blueprint/AI/RangeChecker.PackageMetaData'
[2017.10.16-09.11.55:912][813]LogMetaData: Removing '/Game/Blueprint/AI/BehaviorTree/RangeChecker.RangeChecker_C:ExecuteUbergraph_RangeChecker' ref from Metadata '/Game/Blueprint/AI/RangeChecker.PackageMetaData'
[2017.10.16-09.11.55:912][813]LogMetaData: Removing '/Game/Blueprint/AI/BehaviorTree/RangeChecker.RangeChecker_C:ReceiveTickAI' ref from Metadata '/Game/Blueprint/AI/RangeChecker.PackageMetaData'
[2017.10.16-09.11.55:912][813]LogMetaData: Removing '/Game/Blueprint/AI/BehaviorTree/RangeChecker.RangeChecker_C:Walkto' ref from Metadata '/Game/Blueprint/AI/RangeChecker.PackageMetaData'
[2017.10.16-09.11.55:912][813]LogMetaData: Removing '/Game/Blueprint/AI/BehaviorTree/RangeChecker.RangeChecker_C:ReachDest' ref from Metadata '/Game/Blueprint/AI/RangeChecker.PackageMetaData'
[2017.10.16-09.11.55:912][813]LogMetaData: Removing '/Game/Blueprint/AI/BehaviorTree/RangeChecker.RangeChecker_C:PlayerDistance' ref from Metadata '/Game/Blueprint/AI/RangeChecker.PackageMetaData'
[2017.10.16-09.11.55:912][813]LogMetaData: Removing '/Game/Blueprint/AI/BehaviorTree/RangeChecker.RangeChecker_C:AttackRange' ref from Metadata '/Game/Blueprint/AI/RangeChecker.PackageMetaData'
[2017.10.16-09.11.55:912][813]LogMetaData: Removing '/Game/Blueprint/AI/BehaviorTree/RangeChecker.RangeChecker_C:SmellRange' ref from Metadata '/Game/Blueprint/AI/RangeChecker.PackageMetaData'
[2017.10.16-09.11.55:912][813]LogMetaData: Removing '/Game/Blueprint/AI/BehaviorTree/RangeChecker.RangeChecker_C:VibrationRange' ref from Metadata '/Game/Blueprint/AI/RangeChecker.PackageMetaData'
[2017.10.16-09.11.55:912][813]LogMetaData: Removing '/Game/Blueprint/AI/BehaviorTree/RangeChecker.SKEL_RangeChecker_C:VibrationRange' ref from Metadata '/Game/Blueprint/AI/RangeChecker.PackageMetaData'
[2017.10.16-09.11.55:912][813]LogMetaData: Removing '/Game/Blueprint/AI/BehaviorTree/RangeChecker.SKEL_RangeChecker_C:SmellRange' ref from Metadata '/Game/Blueprint/AI/RangeChecker.PackageMetaData'
[2017.10.16-09.11.55:912][813]LogMetaData: Removing '/Game/Blueprint/AI/BehaviorTree/RangeChecker.SKEL_RangeChecker_C:AttackRange' ref from Metadata '/Game/Blueprint/AI/RangeChecker.PackageMetaData'
[2017.10.16-09.11.55:912][813]LogMetaData: Removing '/Game/Blueprint/AI/BehaviorTree/RangeChecker.SKEL_RangeChecker_C:PlayerDistance' ref from Metadata '/Game/Blueprint/AI/RangeChecker.PackageMetaData'
[2017.10.16-09.11.55:912][813]LogMetaData: Removing '/Game/Blueprint/AI/BehaviorTree/RangeChecker.SKEL_RangeChecker_C:ReachDest' ref from Metadata '/Game/Blueprint/AI/RangeChecker.PackageMetaData'
[2017.10.16-09.11.55:912][813]LogMetaData: Removing '/Game/Blueprint/AI/BehaviorTree/RangeChecker.SKEL_RangeChecker_C:Walkto' ref from Metadata '/Game/Blueprint/AI/RangeChecker.PackageMetaData'
[2017.10.16-09.11.55:912][813]LogMetaData: Removing '/Game/Blueprint/AI/BehaviorTree/RangeChecker.SKEL_RangeChecker_C:ReceiveTickAI' ref from Metadata '/Game/Blueprint/AI/RangeChecker.PackageMetaData'
[2017.10.16-09.11.55:912][813]LogMetaData: Removing '/Game/Blueprint/AI/BehaviorTree/RangeChecker.SKEL_RangeChecker_C:ExecuteUbergraph_RangeChecker' ref from Metadata '/Game/Blueprint/AI/RangeChecker.PackageMetaData'
[2017.10.16-09.11.55:912][813]LogMetaData: Removing '/Game/Blueprint/AI/BehaviorTree/RangeChecker.SKEL_RangeChecker_C' ref from Metadata '/Game/Blueprint/AI/RangeChecker.PackageMetaData'
[2017.10.16-09.11.55:918][813]LogMetaData: Removing '/Game/Blueprint/AI/BehaviorTree/SeekPlayer.SeekPlayer_C' ref from Metadata '/Game/Blueprint/AI/SeekPlayer.PackageMetaData'
[2017.10.16-09.11.55:918][813]LogMetaData: Removing '/Game/Blueprint/AI/BehaviorTree/SeekPlayer.SeekPlayer_C:ExecuteUbergraph_SeekPlayer' ref from Metadata '/Game/Blueprint/AI/SeekPlayer.PackageMetaData'
[2017.10.16-09.11.55:918][813]LogMetaData: Removing '/Game/Blueprint/AI/BehaviorTree/SeekPlayer.SeekPlayer_C:ReceiveTickAI' ref from Metadata '/Game/Blueprint/AI/SeekPlayer.PackageMetaData'
[2017.10.16-09.11.55:918][813]LogMetaData: Removing '/Game/Blueprint/AI/BehaviorTree/SeekPlayer.SeekPlayer_C:Walkto' ref from Metadata '/Game/Blueprint/AI/SeekPlayer.PackageMetaData'
[2017.10.16-09.11.55:918][813]LogMetaData: Removing '/Game/Blueprint/AI/BehaviorTree/SeekPlayer.SeekPlayer_C:SmellRange' ref from Metadata '/Game/Blueprint/AI/SeekPlayer.PackageMetaData'
[2017.10.16-09.11.55:918][813]LogMetaData: Removing '/Game/Blueprint/AI/BehaviorTree/SeekPlayer.SeekPlayer_C:Walk Speed' ref from Metadata '/Game/Blueprint/AI/SeekPlayer.PackageMetaData'
[2017.10.16-09.11.55:918][813]LogMetaData: Removing '/Game/Blueprint/AI/BehaviorTree/SeekPlayer.SKEL_SeekPlayer_C:Walk Speed' ref from Metadata '/Game/Blueprint/AI/SeekPlayer.PackageMetaData'
[2017.10.16-09.11.55:918][813]LogMetaData: Removing '/Game/Blueprint/AI/BehaviorTree/SeekPlayer.SKEL_SeekPlayer_C:SmellRange' ref from Metadata '/Game/Blueprint/AI/SeekPlayer.PackageMetaData'
[2017.10.16-09.11.55:918][813]LogMetaData: Removing '/Game/Blueprint/AI/BehaviorTree/SeekPlayer.SKEL_SeekPlayer_C:Walkto' ref from Metadata '/Game/Blueprint/AI/SeekPlayer.PackageMetaData'
[2017.10.16-09.11.55:918][813]LogMetaData: Removing '/Game/Blueprint/AI/BehaviorTree/SeekPlayer.SKEL_SeekPlayer_C:ReceiveTickAI' ref from Metadata '/Game/Blueprint/AI/SeekPlayer.PackageMetaData'
[2017.10.16-09.11.55:918][813]LogMetaData: Removing '/Game/Blueprint/AI/BehaviorTree/SeekPlayer.SKEL_SeekPlayer_C:ExecuteUbergraph_SeekPlayer' ref from Metadata '/Game/Blueprint/AI/SeekPlayer.PackageMetaData'
[2017.10.16-09.11.55:918][813]LogMetaData: Removing '/Game/Blueprint/AI/BehaviorTree/SeekPlayer.SKEL_SeekPlayer_C' ref from Metadata '/Game/Blueprint/AI/SeekPlayer.PackageMetaData'
[2017.10.16-09.11.55:927][813]LogMetaData: Removing '/Game/Blueprint/AI/BehaviorTree/UpdateVisionRadius.UpdateVisionRadius_C' ref from Metadata '/Game/Blueprint/AI/UpdateVisionRadius.PackageMetaData'
[2017.10.16-09.11.55:927][813]LogMetaData: Removing '/Game/Blueprint/AI/BehaviorTree/UpdateVisionRadius.UpdateVisionRadius_C:ExecuteUbergraph_UpdateVisionRadius' ref from Metadata '/Game/Blueprint/AI/UpdateVisionRadius.PackageMetaData'
[2017.10.16-09.11.55:927][813]LogMetaData: Removing '/Game/Blueprint/AI/BehaviorTree/UpdateVisionRadius.UpdateVisionRadius_C:ReceiveActivationAI' ref from Metadata '/Game/Blueprint/AI/UpdateVisionRadius.PackageMetaData'
[2017.10.16-09.11.55:927][813]LogMetaData: Removing '/Game/Blueprint/AI/BehaviorTree/UpdateVisionRadius.UpdateVisionRadius_C:ReceiveTick' ref from Metadata '/Game/Blueprint/AI/UpdateVisionRadius.PackageMetaData'
[2017.10.16-09.11.55:927][813]LogMetaData: Removing '/Game/Blueprint/AI/BehaviorTree/UpdateVisionRadius.UpdateVisionRadius_C:VibrationRange' ref from Metadata '/Game/Blueprint/AI/UpdateVisionRadius.PackageMetaData'
[2017.10.16-09.11.55:927][813]LogMetaData: Removing '/Game/Blueprint/AI/BehaviorTree/UpdateVisionRadius.UpdateVisionRadius_C:State' ref from Metadata '/Game/Blueprint/AI/UpdateVisionRadius.PackageMetaData'
[2017.10.16-09.11.55:927][813]LogMetaData: Removing '/Game/Blueprint/AI/BehaviorTree/UpdateVisionRadius.SKEL_UpdateVisionRadius_C:State' ref from Metadata '/Game/Blueprint/AI/UpdateVisionRadius.PackageMetaData'
[2017.10.16-09.11.55:927][813]LogMetaData: Removing '/Game/Blueprint/AI/BehaviorTree/UpdateVisionRadius.SKEL_UpdateVisionRadius_C:VibrationRange' ref from Metadata '/Game/Blueprint/AI/UpdateVisionRadius.PackageMetaData'
[2017.10.16-09.11.55:927][813]LogMetaData: Removing '/Game/Blueprint/AI/BehaviorTree/UpdateVisionRadius.SKEL_UpdateVisionRadius_C:ReceiveTick' ref from Metadata '/Game/Blueprint/AI/UpdateVisionRadius.PackageMetaData'
[2017.10.16-09.11.55:927][813]LogMetaData: Removing '/Game/Blueprint/AI/BehaviorTree/UpdateVisionRadius.SKEL_UpdateVisionRadius_C:ReceiveActivationAI' ref from Metadata '/Game/Blueprint/AI/UpdateVisionRadius.PackageMetaData'
[2017.10.16-09.11.55:927][813]LogMetaData: Removing '/Game/Blueprint/AI/BehaviorTree/UpdateVisionRadius.SKEL_UpdateVisionRadius_C:ExecuteUbergraph_UpdateVisionRadius' ref from Metadata '/Game/Blueprint/AI/UpdateVisionRadius.PackageMetaData'
[2017.10.16-09.11.55:927][813]LogMetaData: Removing '/Game/Blueprint/AI/BehaviorTree/UpdateVisionRadius.SKEL_UpdateVisionRadius_C' ref from Metadata '/Game/Blueprint/AI/UpdateVisionRadius.PackageMetaData'
[2017.10.16-09.11.56:130][813]LogSavePackage: Save=141.59ms
[2017.10.16-09.11.56:130][813]LogSavePackage: Moving '../../../../../../Users/chong/OneDrive/Documents/GitHub/FYP_DumbTesting/Meeting/Saved/BB_CooldownD57C975544D9F2DD5046ABAE4B8822CC.tmp' to '../../../../../../Users/chong/OneDrive/Documents/GitHub/FYP_DumbTesting/Meeting/Content/Blueprint/AI/BehaviorTree/BB_Cooldown.uasset'
[2017.10.16-09.11.56:178][813]LogSavePackage:Display: Finished SavePackage ../../../../../../Users/chong/OneDrive/Documents/GitHub/FYP_DumbTesting/Meeting/Content/Blueprint/AI/BehaviorTree/BB_Cooldown.uasset
[2017.10.16-09.11.56:230][813]LogSavePackage: Save=37.06ms
[2017.10.16-09.11.56:230][813]LogSavePackage: Moving '../../../../../../Users/chong/OneDrive/Documents/GitHub/FYP_DumbTesting/Meeting/Saved/CheckIsPlayerSprint7E6D02104A006BD9E75DEB85E354939D.tmp' to '../../../../../../Users/chong/OneDrive/Documents/GitHub/FYP_DumbTesting/Meeting/Content/Blueprint/AI/BehaviorTree/CheckIsPlayerSprint.uasset'
[2017.10.16-09.11.56:238][813]LogSavePackage:Display: Finished SavePackage ../../../../../../Users/chong/OneDrive/Documents/GitHub/FYP_DumbTesting/Meeting/Content/Blueprint/AI/BehaviorTree/CheckIsPlayerSprint.uasset
[2017.10.16-09.11.56:280][813]LogSavePackage: Save=29.81ms
[2017.10.16-09.11.56:280][813]LogSavePackage: Moving '../../../../../../Users/chong/OneDrive/Documents/GitHub/FYP_DumbTesting/Meeting/Saved/ClearFocus99200FA34255997A3EECE9A3BE3E330A.tmp' to '../../../../../../Users/chong/OneDrive/Documents/GitHub/FYP_DumbTesting/Meeting/Content/Blueprint/AI/BehaviorTree/ClearFocus.uasset'
[2017.10.16-09.11.56:287][813]LogSavePackage:Display: Finished SavePackage ../../../../../../Users/chong/OneDrive/Documents/GitHub/FYP_DumbTesting/Meeting/Content/Blueprint/AI/BehaviorTree/ClearFocus.uasset
[2017.10.16-09.11.56:321][813]LogSavePackage: Save=19.50ms
[2017.10.16-09.11.56:321][813]LogSavePackage: Moving '../../../../../../Users/chong/OneDrive/Documents/GitHub/FYP_DumbTesting/Meeting/Saved/EnemyBBFDC0D2D04A5853591EF2259CA0B6F7BC.tmp' to '../../../../../../Users/chong/OneDrive/Documents/GitHub/FYP_DumbTesting/Meeting/Content/Blueprint/AI/BehaviorTree/EnemyBB.uasset'
[2017.10.16-09.11.56:328][813]LogSavePackage:Display: Finished SavePackage ../../../../../../Users/chong/OneDrive/Documents/GitHub/FYP_DumbTesting/Meeting/Content/Blueprint/AI/BehaviorTree/EnemyBB.uasset
[2017.10.16-09.11.56:393][813]LogSavePackage: Save=49.31ms
[2017.10.16-09.11.56:393][813]LogSavePackage: Moving '../../../../../../Users/chong/OneDrive/Documents/GitHub/FYP_DumbTesting/Meeting/Saved/EnemyBT274C7C1848E43A51E429AEA645E81532.tmp' to '../../../../../../Users/chong/OneDrive/Documents/GitHub/FYP_DumbTesting/Meeting/Content/Blueprint/AI/BehaviorTree/EnemyBT.uasset'
[2017.10.16-09.11.56:396][813]LogSavePackage:Display: Finished SavePackage ../../../../../../Users/chong/OneDrive/Documents/GitHub/FYP_DumbTesting/Meeting/Content/Blueprint/AI/BehaviorTree/EnemyBT.uasset
[2017.10.16-09.11.56:418][813]LogSavePackage: Save=16.21ms
[2017.10.16-09.11.56:418][813]LogSavePackage: Moving '../../../../../../Users/chong/OneDrive/Documents/GitHub/FYP_DumbTesting/Meeting/Saved/FocusPlayerBC025C4F4EB14F7B9732ABB5056CE48A.tmp' to '../../../../../../Users/chong/OneDrive/Documents/GitHub/FYP_DumbTesting/Meeting/Content/Blueprint/AI/BehaviorTree/FocusPlayer.uasset'
[2017.10.16-09.11.56:421][813]LogSavePackage:Display: Finished SavePackage ../../../../../../Users/chong/OneDrive/Documents/GitHub/FYP_DumbTesting/Meeting/Content/Blueprint/AI/BehaviorTree/FocusPlayer.uasset
[2017.10.16-09.11.56:443][813]LogSavePackage: Save=16.53ms
[2017.10.16-09.11.56:443][813]LogSavePackage: Moving '../../../../../../Users/chong/OneDrive/Documents/GitHub/FYP_DumbTesting/Meeting/Saved/GreaterThanBE04A6B34573D1E839736FA40190F2F6.tmp' to '../../../../../../Users/chong/OneDrive/Documents/GitHub/FYP_DumbTesting/Meeting/Content/Blueprint/AI/BehaviorTree/GreaterThan.uasset'
[2017.10.16-09.11.56:445][813]LogSavePackage:Display: Finished SavePackage ../../../../../../Users/chong/OneDrive/Documents/GitHub/FYP_DumbTesting/Meeting/Content/Blueprint/AI/BehaviorTree/GreaterThan.uasset
[2017.10.16-09.11.56:462][813]LogSavePackage: Save=10.84ms
[2017.10.16-09.11.56:462][813]LogSavePackage: Moving '../../../../../../Users/chong/OneDrive/Documents/GitHub/FYP_DumbTesting/Meeting/Saved/ResetAttackRangeCD217F40084FBE7298A213F78F99C5662B.tmp' to '../../../../../../Users/chong/OneDrive/Documents/GitHub/FYP_DumbTesting/Meeting/Content/Blueprint/AI/BehaviorTree/ResetAttackRangeCD.uasset'
[2017.10.16-09.11.56:465][813]LogSavePackage:Display: Finished SavePackage ../../../../../../Users/chong/OneDrive/Documents/GitHub/FYP_DumbTesting/Meeting/Content/Blueprint/AI/BehaviorTree/ResetAttackRangeCD.uasset
[2017.10.16-09.11.56:493][813]LogSavePackage: Save=22.38ms
[2017.10.16-09.11.56:493][813]LogSavePackage: Moving '../../../../../../Users/chong/OneDrive/Documents/GitHub/FYP_DumbTesting/Meeting/Saved/RangeChecker7F1AAA9F4427A48B86FEBEBDDDF62BBA.tmp' to '../../../../../../Users/chong/OneDrive/Documents/GitHub/FYP_DumbTesting/Meeting/Content/Blueprint/AI/BehaviorTree/RangeChecker.uasset'
[2017.10.16-09.11.56:495][813]LogSavePackage:Display: Finished SavePackage ../../../../../../Users/chong/OneDrive/Documents/GitHub/FYP_DumbTesting/Meeting/Content/Blueprint/AI/BehaviorTree/RangeChecker.uasset
[2017.10.16-09.11.56:519][813]LogSavePackage: Save=17.71ms
[2017.10.16-09.11.56:519][813]LogSavePackage: Moving '../../../../../../Users/chong/OneDrive/Documents/GitHub/FYP_DumbTesting/Meeting/Saved/SeekPlayer500326F44AB42B2E57B215A66D0C4629.tmp' to '../../../../../../Users/chong/OneDrive/Documents/GitHub/FYP_DumbTesting/Meeting/Content/Blueprint/AI/BehaviorTree/SeekPlayer.uasset'
[2017.10.16-09.11.56:522][813]LogSavePackage:Display: Finished SavePackage ../../../../../../Users/chong/OneDrive/Documents/GitHub/FYP_DumbTesting/Meeting/Content/Blueprint/AI/BehaviorTree/SeekPlayer.uasset
[2017.10.16-09.11.56:540][813]LogSavePackage: Save=11.81ms
[2017.10.16-09.11.56:540][813]LogSavePackage: Moving '../../../../../../Users/chong/OneDrive/Documents/GitHub/FYP_DumbTesting/Meeting/Saved/UpdateVisionRadius6194C4764CB26C7E71DADBB28B09C4EE.tmp' to '../../../../../../Users/chong/OneDrive/Documents/GitHub/FYP_DumbTesting/Meeting/Content/Blueprint/AI/BehaviorTree/UpdateVisionRadius.uasset'
[2017.10.16-09.11.56:542][813]LogSavePackage:Display: Finished SavePackage ../../../../../../Users/chong/OneDrive/Documents/GitHub/FYP_DumbTesting/Meeting/Content/Blueprint/AI/BehaviorTree/UpdateVisionRadius.uasset
[2017.10.16-09.11.57:948][813]LogSavePackage: Save=108.56ms
[2017.10.16-09.11.57:949][813]LogSavePackage: Moving '../../../../../../Users/chong/OneDrive/Documents/GitHub/FYP_DumbTesting/Meeting/Saved/EnemyChracter_BPA6335A3044389705ED578C8FB727B382.tmp' to '../../../../../../Users/chong/OneDrive/Documents/GitHub/FYP_DumbTesting/Meeting/Content/Blueprint/AI/EnemyChracter_BP.uasset'
[2017.10.16-09.11.57:950][813]LogSavePackage:Display: Finished SavePackage ../../../../../../Users/chong/OneDrive/Documents/GitHub/FYP_DumbTesting/Meeting/Content/Blueprint/AI/EnemyChracter_BP.uasset
[2017.10.16-09.11.58:273][818]LogPackageName: SearchForPackageOnDisk took   0.000s to resolve /Game/Blueprint/AI/BehaviorTree/BB_Cooldown.
[2017.10.16-09.11.58:293][819]LogPackageName: SearchForPackageOnDisk took   0.000s to resolve /Game/Blueprint/AI/BehaviorTree/CheckIsPlayerSprint.
[2017.10.16-09.11.58:297][819]LogPackageName: SearchForPackageOnDisk took   0.000s to resolve /Game/Blueprint/AI/BehaviorTree/ClearFocus.
[2017.10.16-09.11.58:326][820]LogPackageName: SearchForPackageOnDisk took   0.000s to resolve /Game/Blueprint/AI/BehaviorTree/FocusPlayer.
[2017.10.16-09.11.58:329][820]LogPackageName: SearchForPackageOnDisk took   0.000s to resolve /Game/Blueprint/AI/BehaviorTree/GreaterThan.
[2017.10.16-09.11.58:332][820]LogPackageName: SearchForPackageOnDisk took   0.000s to resolve /Game/Blueprint/AI/BehaviorTree/ResetAttackRangeCD.
[2017.10.16-09.11.58:334][820]LogPackageName: SearchForPackageOnDisk took   0.000s to resolve /Game/Blueprint/AI/BehaviorTree/RangeChecker.
[2017.10.16-09.11.58:336][820]LogPackageName: SearchForPackageOnDisk took   0.000s to resolve /Game/Blueprint/AI/BehaviorTree/SeekPlayer.
[2017.10.16-09.11.58:338][820]LogPackageName: SearchForPackageOnDisk took   0.000s to resolve /Game/Blueprint/AI/BehaviorTree/UpdateVisionRadius.
[2017.10.16-09.12.36:566][ 28]LogContentBrowser: Native class hierarchy updated for 'BlueprintGraph' in 0.0033 seconds. Added 112 classes and 0 folders.
[2017.10.16-09.12.38:073][ 29]LogSlate: Took 0.016535 seconds to synchronously load lazily loaded font '../../../Engine/Content/Editor/Slate/Fonts/Roboto-Italic.ttf' (157K)
[2017.10.16-09.13.17:174][342]BlueprintLog: New page: Compile ResetAttackRangeCD
[2017.10.16-09.13.18:309][388]LogSavePackage: Save=12.57ms
[2017.10.16-09.13.18:309][388]LogSavePackage: Moving '../../../../../../Users/chong/OneDrive/Documents/GitHub/FYP_DumbTesting/Meeting/Saved/ResetAttackRangeCDBEF8628B42CF7DABF36ECD8CA61EEC6C.tmp' to '../../../../../../Users/chong/OneDrive/Documents/GitHub/FYP_DumbTesting/Meeting/Content/Blueprint/AI/BehaviorTree/ResetAttackRangeCD.uasset'
[2017.10.16-09.13.18:313][388]LogSavePackage:Display: Finished SavePackage ../../../../../../Users/chong/OneDrive/Documents/GitHub/FYP_DumbTesting/Meeting/Content/Blueprint/AI/BehaviorTree/ResetAttackRangeCD.uasset
[2017.10.16-09.13.23:675][680]LogSlate:Warning: Prevented a slow task dialog from being summoned while a context menu was open
[2017.10.16-09.13.24:002][680]LogPackageName: SearchForPackageOnDisk took   0.000s, but failed to resolve /Game/Blueprint/AI/BehaviorTree/BTTask_BlueprintBase_New.
[2017.10.16-09.19.17:066][749]LogSlate: Took 0.041900 seconds to synchronously load lazily loaded font '../../../Engine/Content/Editor/Slate/Fonts/Roboto-BoldCondensedItalic.ttf' (160K)
[2017.10.16-09.22.58:492][885]BlueprintLog: New page: Compile BTTask_BlueprintBase_New
[2017.10.16-09.22.59:636][942]LogSavePackage: Save=21.28ms
[2017.10.16-09.22.59:636][942]LogSavePackage: Moving '../../../../../../Users/chong/OneDrive/Documents/GitHub/FYP_DumbTesting/Meeting/Saved/BTTask_BlueprintBase_NewEFE66C79432670CE32D310AA1B180BCA.tmp' to '../../../../../../Users/chong/OneDrive/Documents/GitHub/FYP_DumbTesting/Meeting/Content/Blueprint/AI/BehaviorTree/BTTask_BlueprintBase_New.uasset'
[2017.10.16-09.22.59:639][942]LogSavePackage:Display: Finished SavePackage ../../../../../../Users/chong/OneDrive/Documents/GitHub/FYP_DumbTesting/Meeting/Content/Blueprint/AI/BehaviorTree/BTTask_BlueprintBase_New.uasset
[2017.10.16-09.22.59:699][945]LogPackageName: SearchForPackageOnDisk took   0.000s to resolve /Game/Blueprint/AI/BehaviorTree/BTTask_BlueprintBase_New.
[2017.10.16-09.23.18:457][ 66]LogSavePackage: Save=19.71ms
[2017.10.16-09.23.18:457][ 66]LogSavePackage: Moving '../../../../../../Users/chong/OneDrive/Documents/GitHub/FYP_DumbTesting/Meeting/Saved/EnemyBT9AD9E4D74C3EADF3230ABA8A0CFC6C51.tmp' to '../../../../../../Users/chong/OneDrive/Documents/GitHub/FYP_DumbTesting/Meeting/Content/Blueprint/AI/BehaviorTree/EnemyBT.uasset'
[2017.10.16-09.23.18:463][ 66]LogSavePackage:Display: Finished SavePackage ../../../../../../Users/chong/OneDrive/Documents/GitHub/FYP_DumbTesting/Meeting/Content/Blueprint/AI/BehaviorTree/EnemyBT.uasset
[2017.10.16-09.23.45:072][638]LogMetaData: Removing '/Game/Blueprint/AI/BehaviorTree/TemperoryBuffRange.SKEL_TemperoryBuffRange_C' ref from Metadata '/Game/Blueprint/AI/BehaviorTree/BTTask_BlueprintBase_New.PackageMetaData'
[2017.10.16-09.23.45:072][638]LogMetaData: Removing '/Game/Blueprint/AI/BehaviorTree/TemperoryBuffRange.TemperoryBuffRange_C' ref from Metadata '/Game/Blueprint/AI/BehaviorTree/BTTask_BlueprintBase_New.PackageMetaData'
[2017.10.16-09.23.45:111][638]LogSavePackage: Save=15.39ms
[2017.10.16-09.23.45:111][638]LogSavePackage: Moving '../../../../../../Users/chong/OneDrive/Documents/GitHub/FYP_DumbTesting/Meeting/Saved/TemperoryBuffRangeDF2962E64DAA0564E633A495E551A30C.tmp' to '../../../../../../Users/chong/OneDrive/Documents/GitHub/FYP_DumbTesting/Meeting/Content/Blueprint/AI/BehaviorTree/TemperoryBuffRange.uasset'
[2017.10.16-09.23.45:116][638]LogSavePackage:Display: Finished SavePackage ../../../../../../Users/chong/OneDrive/Documents/GitHub/FYP_DumbTesting/Meeting/Content/Blueprint/AI/BehaviorTree/TemperoryBuffRange.uasset
[2017.10.16-09.23.45:488][641]LogPackageName: SearchForPackageOnDisk took   0.000s to resolve /Game/Blueprint/AI/BehaviorTree/TemperoryBuffRange.
[2017.10.16-09.24.27:677][906]LogWindowsTextInputMethodSystem:Display: IME system now deactivated.
[2017.10.16-09.24.28:004][907]Cmd: QUIT_EDITOR
[2017.10.16-09.24.28:366][907]LogExit: Preparing to exit.
[2017.10.16-09.24.29:113][907]LogDirectoryWatcher: A directory notification for 'C:/Users/chong/OneDrive/Documents/GitHub/FYP_DumbTesting/Meeting/Content/' was aborted.
[2017.10.16-09.24.29:325][907]LogExit: Editor shut down
[2017.10.16-09.24.29:326][907]LogExit: Transaction tracking system shut down
[2017.10.16-09.24.30:306][907]LogObj: Freed 0b from 0 cluster array pools.
[2017.10.16-09.24.30:306][907]LogExit: Object subsystem successfully closed.
[2017.10.16-09.24.30:448][907]LogD3D11RHI: Shutdown
[2017.10.16-09.24.30:448][907]LogD3D11RHI: CleanupD3DDevice
[2017.10.16-09.24.30:612][907]LogD3D11RHI: ~FD3D11DynamicRHI
[2017.10.16-09.24.30:971][907]LogModuleManager: Shutting down and abandoning module BlueprintGraph (504)
[2017.10.16-09.24.30:971][907]LogModuleManager: Shutting down and abandoning module BlueprintProfiler (502)
[2017.10.16-09.24.30:972][907]LogModuleManager: Shutting down and abandoning module HierarchicalLODOutliner (500)
[2017.10.16-09.24.30:972][907]LogModuleManager: Shutting down and abandoning module CrashTracker (498)
[2017.10.16-09.24.30:972][907]LogModuleManager: Shutting down and abandoning module SceneOutliner (496)
[2017.10.16-09.24.30:972][907]LogModuleManager: Shutting down and abandoning module AddContentDialog (494)
[2017.10.16-09.24.30:972][907]LogDirectoryWatcher: A directory notification for 'C:/Program Files/Epic Games/UE_4.15/FeaturePacks/' was aborted.
[2017.10.16-09.24.30:973][907]LogModuleManager: Shutting down and abandoning module WidgetCarousel (493)
[2017.10.16-09.24.30:973][907]LogModuleManager: Shutting down and abandoning module EditorWidgets (490)
[2017.10.16-09.24.30:973][907]LogModuleManager: Shutting down and abandoning module CollectionManager (488)
[2017.10.16-09.24.30:973][907]LogDirectoryWatcher: A directory notification for 'C:/Users/chong/OneDrive/Documents/GitHub/FYP_DumbTesting/Meeting/Content/Collections/' was aborted.
[2017.10.16-09.24.30:973][907]LogDirectoryWatcher: A directory notification for 'C:/Users/chong/OneDrive/Documents/GitHub/FYP_DumbTesting/Meeting/Content/Developers/chong/Collections/' was aborted.
[2017.10.16-09.24.30:973][907]LogDirectoryWatcher: A directory notification for 'C:/Users/chong/OneDrive/Documents/GitHub/FYP_DumbTesting/Meeting/Saved/Collections/' was aborted.
[2017.10.16-09.24.30:973][907]LogModuleManager: Shutting down and abandoning module StatsViewer (486)
[2017.10.16-09.24.30:974][907]LogModuleManager: Shutting down and abandoning module FoliageEdit (484)
[2017.10.16-09.24.30:974][907]LogModuleManager: Shutting down and abandoning module LandscapeEditor (482)
[2017.10.16-09.24.30:980][907]LogModuleManager: Shutting down and abandoning module SceneDepthPickerMode (480)
[2017.10.16-09.24.30:980][907]LogModuleManager: Shutting down and abandoning module ActorPickerMode (478)
[2017.10.16-09.24.30:980][907]LogModuleManager: Shutting down and abandoning module GeometryMode (476)
[2017.10.16-09.24.30:980][907]LogModuleManager: Shutting down and abandoning module TextureAlignMode (474)
[2017.10.16-09.24.30:980][907]LogModuleManager: Shutting down and abandoning module BspMode (472)
[2017.10.16-09.24.30:985][907]LogModuleManager: Shutting down and abandoning module HardwareSurvey (470)
[2017.10.16-09.24.30:985][907]LogModuleManager: Shutting down and abandoning module SequenceRecorderSections (468)
[2017.10.16-09.24.30:985][907]LogModuleManager: Shutting down and abandoning module AutomationWorker (466)
[2017.10.16-09.24.30:990][907]LogModuleManager: Shutting down and abandoning module MatineeToLevelSequence (464)
[2017.10.16-09.24.30:990][907]LogModuleManager: Shutting down and abandoning module LevelSequenceEditor (462)
[2017.10.16-09.24.31:011][907]LogModuleManager: Shutting down and abandoning module PlacementMode (461)
[2017.10.16-09.24.31:011][907]LogModuleManager: Shutting down and abandoning module WmfMediaFactory (458)
[2017.10.16-09.24.31:012][907]LogModuleManager: Shutting down and abandoning module WmfMediaEditor (456)
[2017.10.16-09.24.31:012][907]LogModuleManager: Shutting down and abandoning module MfMediaFactory (454)
[2017.10.16-09.24.31:012][907]LogModuleManager: Shutting down and abandoning module MfMediaEditor (452)
[2017.10.16-09.24.31:012][907]LogModuleManager: Shutting down and abandoning module AvfMediaFactory (450)
[2017.10.16-09.24.31:012][907]LogModuleManager: Shutting down and abandoning module AvfMediaEditor (448)
[2017.10.16-09.24.31:012][907]LogModuleManager: Shutting down and abandoning module AndroidMediaFactory (446)
[2017.10.16-09.24.31:012][907]LogModuleManager: Shutting down and abandoning module Media (445)
[2017.10.16-09.24.31:012][907]LogModuleManager: Shutting down and abandoning module AndroidMediaEditor (442)
[2017.10.16-09.24.31:012][907]LogModuleManager: Shutting down and abandoning module CharacterAI (440)
[2017.10.16-09.24.31:012][907]LogModuleManager: Shutting down and abandoning module AudioCapture (438)
[2017.10.16-09.24.31:012][907]LogModuleManager: Shutting down and abandoning module SequenceRecorder (437)
[2017.10.16-09.24.31:031][907]LogModuleManager: Shutting down and abandoning module SmartSnapping (434)
[2017.10.16-09.24.31:031][907]LogModuleManager: Shutting down and abandoning module SessionServices (432)
[2017.10.16-09.24.31:031][907]LogModuleManager: Shutting down and abandoning module ViewportSnapping (430)
[2017.10.16-09.24.31:031][907]LogModuleManager: Shutting down and abandoning module ViewportInteraction (428)
[2017.10.16-09.24.31:031][907]LogModuleManager: Shutting down and abandoning module LogVisualizer (426)
[2017.10.16-09.24.31:047][907]LogModuleManager: Shutting down and abandoning module IntroTutorials (424)
[2017.10.16-09.24.31:047][907]LogModuleManager: Shutting down and abandoning module GameProjectGeneration (423)
[2017.10.16-09.24.31:059][907]LogModuleManager: Shutting down and abandoning module EditorLiveStreaming (420)
[2017.10.16-09.24.31:059][907]LogModuleManager: Shutting down and abandoning module IOSPlatformEditor (418)
[2017.10.16-09.24.31:059][907]LogModuleManager: Shutting down and abandoning module HTML5PlatformEditor (416)
[2017.10.16-09.24.31:059][907]LogModuleManager: Shutting down and abandoning module AndroidPlatformEditor (414)
[2017.10.16-09.24.31:059][907]LogModuleManager: Shutting down and abandoning module AndroidDeviceDetection (413)
[2017.10.16-09.24.31:072][907]LogModuleManager: Shutting down and abandoning module IOSRuntimeSettings (410)
[2017.10.16-09.24.31:072][907]LogModuleManager: Shutting down and abandoning module AndroidRuntimeSettings (408)
[2017.10.16-09.24.31:072][907]LogModuleManager: Shutting down and abandoning module InputBindingEditor (406)
[2017.10.16-09.24.31:080][907]LogModuleManager: Shutting down and abandoning module NiagaraEditor (404)
[2017.10.16-09.24.31:105][907]LogModuleManager: Shutting down and abandoning module MergeActors (402)
[2017.10.16-09.24.31:117][907]LogModuleManager: Shutting down and abandoning module SizeMap (400)
[2017.10.16-09.24.31:117][907]LogModuleManager: Shutting down and abandoning module TreeMap (398)
[2017.10.16-09.24.31:148][907]LogModuleManager: Shutting down and abandoning module ReferenceViewer (396)
[2017.10.16-09.24.31:148][907]LogModuleManager: Shutting down and abandoning module LocalizationDashboard (394)
[2017.10.16-09.24.31:158][907]LogModuleManager: Shutting down and abandoning module LocalizationService (393)
[2017.10.16-09.24.31:166][907]LogModuleManager: Shutting down and abandoning module HardwareTargeting (390)
[2017.10.16-09.24.31:166][907]LogModuleManager: Shutting down and abandoning module DeviceProfileEditor (388)
[2017.10.16-09.24.31:176][907]LogModuleManager: Shutting down and abandoning module UndoHistory (386)
[2017.10.16-09.24.31:186][907]LogModuleManager: Shutting down and abandoning module UserFeedback (384)
[2017.10.16-09.24.31:186][907]LogModuleManager: Shutting down and abandoning module XmlParser (382)
[2017.10.16-09.24.31:186][907]LogModuleManager: Shutting down and abandoning module Blutility (380)
[2017.10.16-09.24.31:196][907]LogModuleManager: Shutting down and abandoning module ProjectSettingsViewer (378)
[2017.10.16-09.24.31:196][907]LogModuleManager: Shutting down and abandoning module ProjectTargetPlatformEditor (377)
[2017.10.16-09.24.31:196][907]LogModuleManager: Shutting down and abandoning module EditorSettingsViewer (374)
[2017.10.16-09.24.31:196][907]LogModuleManager: Shutting down and abandoning module SettingsEditor (372)
[2017.10.16-09.24.31:214][907]LogModuleManager: Shutting down and abandoning module ProjectLauncher (370)
[2017.10.16-09.24.31:226][907]LogModuleManager: Shutting down and abandoning module SessionFrontend (368)
[2017.10.16-09.24.31:231][907]LogModuleManager: Shutting down and abandoning module ProfilerClient (366)
[2017.10.16-09.24.31:241][907]LogModuleManager: Shutting down and abandoning module DeviceManager (364)
[2017.10.16-09.24.31:255][907]LogModuleManager: Shutting down and abandoning module TargetDeviceServices (363)
[2017.10.16-09.24.31:305][907]LogModuleManager: Shutting down and abandoning module AutomationController (360)
[2017.10.16-09.24.31:336][907]LogModuleManager: Shutting down and abandoning module AutomationWindow (358)
[2017.10.16-09.24.31:351][907]LogModuleManager: Shutting down and abandoning module Layers (356)
[2017.10.16-09.24.31:359][907]LogModuleManager: Shutting down and abandoning module ComponentVisualizers (354)
[2017.10.16-09.24.31:359][907]LogModuleManager: Shutting down and abandoning module DetailCustomizations (352)
[2017.10.16-09.24.31:373][907]LogModuleManager: Shutting down and abandoning module PackagesDialog (350)
[2017.10.16-09.24.31:373][907]LogModuleManager: Shutting down and abandoning module Persona (348)
[2017.10.16-09.24.31:394][907]LogModuleManager: Shutting down and abandoning module AnimGraph (347)
[2017.10.16-09.24.31:394][907]LogModuleManager: Shutting down and abandoning module Kismet (344)
[2017.10.16-09.24.31:407][907]LogModuleManager: Shutting down and abandoning module GraphEditor (342)
[2017.10.16-09.24.31:407][907]LogModuleManager: Shutting down and abandoning module ClassViewer (340)
[2017.10.16-09.24.31:408][907]LogModuleManager: Shutting down and abandoning module Toolbox (338)
[2017.10.16-09.24.31:408][907]LogModuleManager: Shutting down and abandoning module ModuleUI (336)
[2017.10.16-09.24.31:420][907]LogModuleManager: Shutting down and abandoning module MovieSceneTools (334)
[2017.10.16-09.24.31:432][907]LogModuleManager: Shutting down and abandoning module OutputLog (332)
[2017.10.16-09.24.31:432][907]LogModuleManager: Shutting down and abandoning module GammaUI (330)
[2017.10.16-09.24.31:436][907]LogModuleManager: Shutting down and abandoning module Documentation (328)
[2017.10.16-09.24.31:437][907]LogModuleManager: Shutting down and abandoning module Niagara (326)
[2017.10.16-09.24.31:437][907]LogModuleManager: Shutting down and abandoning module StreamingPauseRendering (324)
[2017.10.16-09.24.31:437][907]LogModuleManager: Shutting down and abandoning module AnalyticsET (322)
[2017.10.16-09.24.31:437][907]LogModuleManager: Shutting down and abandoning module PortalServices (320)
[2017.10.16-09.24.31:437][907]LogModuleManager: Shutting down and abandoning module PortalRpc (318)
[2017.10.16-09.24.31:437][907]LogModuleManager: Shutting down and abandoning module MessagingRpc (316)
[2017.10.16-09.24.31:437][907]LogModuleManager: Shutting down and abandoning module AIModule (314)
[2017.10.16-09.24.31:437][907]LogModuleManager: Shutting down and abandoning module GameplayDebugger (313)
[2017.10.16-09.24.31:437][907]LogModuleManager: Shutting down and abandoning module AITestSuite (311)
[2017.10.16-09.24.31:437][907]LogModuleManager: Shutting down and abandoning module ProfilerService (308)
[2017.10.16-09.24.31:522][907]LogModuleManager: Shutting down and abandoning module TaskGraph (306)
[2017.10.16-09.24.31:530][907]LogModuleManager: Shutting down and abandoning module SteamVRController (304)
[2017.10.16-09.24.31:530][907]LogModuleManager: Shutting down and abandoning module SteamVR (302)
[2017.10.16-09.24.31:530][907]LogModuleManager: Shutting down and abandoning module ProceduralMeshComponentEditor (300)
[2017.10.16-09.24.31:530][907]LogModuleManager: Shutting down and abandoning module ProceduralMeshComponent (298)
[2017.10.16-09.24.31:531][907]LogModuleManager: Shutting down and abandoning module OculusLibrary (296)
[2017.10.16-09.24.31:531][907]LogModuleManager: Shutting down and abandoning module OculusInput (294)
[2017.10.16-09.24.31:531][907]LogModuleManager: Shutting down and abandoning module MobilePatchingUtils (292)
[2017.10.16-09.24.31:531][907]LogModuleManager: Shutting down and abandoning module CustomMeshComponent (290)
[2017.10.16-09.24.31:531][907]LogModuleManager: Shutting down and abandoning module CableComponent (288)
[2017.10.16-09.24.31:531][907]LogModuleManager: Shutting down and abandoning module ArchVisCharacter (286)
[2017.10.16-09.24.31:531][907]LogModuleManager: Shutting down and abandoning module MediaPlayerEditor (282)
[2017.10.16-09.24.31:546][907]LogModuleManager: Shutting down and abandoning module HTML5Networking (280)
[2017.10.16-09.24.31:546][907]LogModuleManager: Shutting down and abandoning module AlembicImporter (278)
[2017.10.16-09.24.31:554][907]LogModuleManager: Shutting down and abandoning module AlembicLibrary (277)
[2017.10.16-09.24.31:554][907]LogModuleManager: Shutting down and abandoning module GeometryCache (276)
[2017.10.16-09.24.31:554][907]LogModuleManager: Shutting down and abandoning module GeometryCacheEd (275)
[2017.10.16-09.24.31:554][907]LogModuleManager: Shutting down and abandoning module SuperSearchEditor (270)
[2017.10.16-09.24.31:554][907]LogModuleManager: Shutting down and abandoning module SuperSearch (269)
[2017.10.16-09.24.31:554][907]LogModuleManager: Shutting down and abandoning module SpeedTreeImporter (266)
[2017.10.16-09.24.31:554][907]LogModuleManager: Shutting down and abandoning module PluginBrowser (264)
[2017.10.16-09.24.31:571][907]LogModuleManager: Shutting down and abandoning module MobileLauncherProfileWizard (262)
[2017.10.16-09.24.31:580][907]LogModuleManager: Shutting down and abandoning module EpicSurvey (260)
[2017.10.16-09.24.31:580][907]LogModuleManager: Shutting down and abandoning module VisualStudioSourceCodeAccess (258)
[2017.10.16-09.24.31:580][907]LogModuleManager: Shutting down and abandoning module DesktopPlatform (257)
[2017.10.16-09.24.31:595][907]LogModuleManager: Shutting down and abandoning module UObjectPlugin (254)
[2017.10.16-09.24.31:595][907]LogModuleManager: Shutting down and abandoning module SubversionSourceControl (252)
[2017.10.16-09.24.31:605][907]LogModuleManager: Shutting down and abandoning module PerforceSourceControl (250)
[2017.10.16-09.24.31:629][907]LogModuleManager: Shutting down and abandoning module GitSourceControl (248)
[2017.10.16-09.24.31:635][907]LogModuleManager: Shutting down and abandoning module SourceControl (247)
[2017.10.16-09.24.31:646][907]LogModuleManager: Shutting down and abandoning module LightPropagationVolumeEditor (244)
[2017.10.16-09.24.31:646][907]LogModuleManager: Shutting down and abandoning module PaperTiledImporter (242)
[2017.10.16-09.24.31:646][907]LogModuleManager: Shutting down and abandoning module PaperSpriteSheetImporter (240)
[2017.10.16-09.24.31:646][907]LogModuleManager: Shutting down and abandoning module Paper2DEditor (238)
[2017.10.16-09.24.31:661][907]LogModuleManager: Shutting down and abandoning module MeshPaint (237)
[2017.10.16-09.24.31:671][907]LogModuleManager: Shutting down and abandoning module LevelEditor (235)
[2017.10.16-09.24.31:672][907]LogModuleManager: Shutting down and abandoning module PixelInspectorModule (234)
[2017.10.16-09.24.31:691][907]LogModuleManager: Shutting down and abandoning module MainFrame (232)
[2017.10.16-09.24.31:692][907]LogModuleManager: Shutting down and abandoning module HotReload (231)
[2017.10.16-09.24.31:695][907]LogDirectoryWatcher: A directory notification for 'C:/Users/chong/OneDrive/Documents/GitHub/FYP_DumbTesting/Meeting/Binaries/Win64' was aborted.
[2017.10.16-09.24.31:695][907]LogModuleManager: Shutting down and abandoning module ContentBrowser (227)
[2017.10.16-09.24.31:696][907]LogModuleManager: Shutting down and abandoning module Meeting (224)
[2017.10.16-09.24.31:696][907]LogModuleManager: Shutting down and abandoning module PhysXVehiclesEditor (222)
[2017.10.16-09.24.31:704][907]LogModuleManager: Shutting down and abandoning module PhysXVehicles (220)
[2017.10.16-09.24.31:704][907]LogModuleManager: Shutting down and abandoning module LocationServicesBPLibrary (218)
[2017.10.16-09.24.31:704][907]LogModuleManager: Shutting down and abandoning module UdpMessaging (216)
[2017.10.16-09.24.31:804][907]LogModuleManager: Shutting down and abandoning module TcpMessaging (214)
[2017.10.16-09.24.31:937][907]LogModuleManager: Shutting down and abandoning module GameplayTagsEditor (212)
[2017.10.16-09.24.32:168][907]LogModuleManager: Shutting down and abandoning module FacialAnimationEditor (210)
[2017.10.16-09.24.32:175][907]LogModuleManager: Shutting down and abandoning module FacialAnimation (208)
[2017.10.16-09.24.32:175][907]LogModuleManager: Shutting down and abandoning module LightPropagationVolumeRuntime (206)
[2017.10.16-09.24.32:175][907]LogModuleManager: Shutting down and abandoning module Paper2D (204)
[2017.10.16-09.24.32:179][907]LogModuleManager: Shutting down and abandoning module WindowsMoviePlayer (202)
[2017.10.16-09.24.32:179][907]LogModuleManager: Shutting down and abandoning module WmfMedia (200)
[2017.10.16-09.24.32:179][907]LogModuleManager: Shutting down and abandoning module MfMedia (198)
[2017.10.16-09.24.32:179][907]LogModuleManager: Shutting down and abandoning module MediaAssets (196)
[2017.10.16-09.24.32:179][907]LogModuleManager: Shutting down and abandoning module GameLiveStreaming (194)
[2017.10.16-09.24.32:179][907]LogModuleManager: Shutting down and abandoning module VREditor (192)
[2017.10.16-09.24.32:179][907]LogModuleManager: Shutting down and abandoning module GameplayTasksEditor (190)
[2017.10.16-09.24.32:179][907]LogModuleManager: Shutting down and abandoning module BehaviorTreeEditor (188)
[2017.10.16-09.24.32:179][907]LogModuleManager: Shutting down and abandoning module FunctionalTesting (186)
[2017.10.16-09.24.32:199][907]LogModuleManager: Shutting down and abandoning module CollisionAnalyzer (184)
[2017.10.16-09.24.32:211][907]LogModuleManager: Shutting down and abandoning module UMG (182)
[2017.10.16-09.24.32:218][907]LogModuleManager: Shutting down and abandoning module UMGEditor (181)
[2017.10.16-09.24.32:243][907]LogModuleManager: Shutting down and abandoning module Sequencer (180)
[2017.10.16-09.24.32:255][907]LogModuleManager: Shutting down and abandoning module AssetTools (178)
[2017.10.16-09.24.32:272][907]LogModuleManager: Shutting down and abandoning module MessageLog (177)
[2017.10.16-09.24.32:272][907]LogModuleManager: Shutting down and abandoning module WorkspaceMenuStructure (176)
[2017.10.16-09.24.32:272][907]LogModuleManager: Shutting down and abandoning module SlateReflector (170)
[2017.10.16-09.24.32:295][907]LogModuleManager: Shutting down and abandoning module Slate (168)
[2017.10.16-09.24.32:295][907]LogModuleManager: Shutting down and abandoning module EditorStyle (166)
[2017.10.16-09.24.32:299][907]LogModuleManager: Shutting down and abandoning module SourceCodeAccess (164)
[2017.10.16-09.24.32:303][907]LogModuleManager: Shutting down and abandoning module HeadMountedDisplay (162)
[2017.10.16-09.24.32:303][907]LogModuleManager: Shutting down and abandoning module XAudio2 (160)
[2017.10.16-09.24.32:303][907]LogModuleManager: Shutting down and abandoning module Networking (158)
[2017.10.16-09.24.32:303][907]LogModuleManager: Shutting down and abandoning module Core (154)
[2017.10.16-09.24.32:303][907]LogModuleManager: Shutting down and abandoning module AssetRegistry (152)
[2017.10.16-09.24.32:510][907]LogDirectoryWatcher: A directory notification for '../../../Engine/Content/' was aborted.
[2017.10.16-09.24.32:510][907]LogDirectoryWatcher: A directory notification for '../../../../../../Users/chong/OneDrive/Documents/GitHub/FYP_DumbTesting/Meeting/Content/' was aborted.
[2017.10.16-09.24.32:510][907]LogDirectoryWatcher: A directory notification for '../../../Engine/Plugins/2D/Paper2D/Content/' was aborted.
[2017.10.16-09.24.32:522][907]LogModuleManager: Shutting down and abandoning module DirectoryWatcher (151)
[2017.10.16-09.24.32:523][907]LogModuleManager: Shutting down and abandoning module KismetCompiler (148)
[2017.10.16-09.24.32:523][907]LogModuleManager: Shutting down and abandoning module PhysXFormats (146)
[2017.10.16-09.24.32:523][907]LogModuleManager: Shutting down and abandoning module MeshUtilities (144)
[2017.10.16-09.24.32:533][907]LogModuleManager: Shutting down and abandoning module SimplygonSwarm (143)
[2017.10.16-09.24.32:542][907]LogModuleManager: Shutting down and abandoning module SimplygonMeshReduction (141)
[2017.10.16-09.24.32:542][907]LogModuleManager: Shutting down and abandoning module QuadricMeshReduction (139)
[2017.10.16-09.24.32:542][907]LogModuleManager: Shutting down and abandoning module PropertyEditor (137)
[2017.10.16-09.24.32:542][907]LogModuleManager: Shutting down and abandoning module DerivedDataCache (134)
[2017.10.16-09.24.32:548][907]LogDerivedDataCache: Shutdown
[2017.10.16-09.24.32:548][907]LogModuleManager: Shutting down and abandoning module TargetPlatform (132)
[2017.10.16-09.24.32:548][907]LogModuleManager: Shutting down and abandoning module VulkanShaderFormat (131)
[2017.10.16-09.24.32:555][907]LogModuleManager: Shutting down and abandoning module ShaderFormatOpenGL (129)
[2017.10.16-09.24.32:563][907]LogModuleManager: Shutting down and abandoning module ShaderFormatD3D (127)
[2017.10.16-09.24.32:563][907]LogModuleManager: Shutting down and abandoning module MetalShaderFormat (125)
[2017.10.16-09.24.32:574][907]LogModuleManager: Shutting down and abandoning module TextureFormatUncompressed (123)
[2017.10.16-09.24.32:574][907]LogModuleManager: Shutting down and abandoning module TextureFormatPVR (121)
[2017.10.16-09.24.32:574][907]LogModuleManager: Shutting down and abandoning module TextureFormatDXT (119)
[2017.10.16-09.24.32:574][907]LogModuleManager: Shutting down and abandoning module TextureFormatIntelISPCTexComp (117)
[2017.10.16-09.24.32:584][907]LogModuleManager: Shutting down and abandoning module TextureFormatASTC (115)
[2017.10.16-09.24.32:584][907]LogModuleManager: Shutting down and abandoning module ImageWrapper (114)
[2017.10.16-09.24.32:584][907]LogModuleManager: Shutting down and abandoning module TextureFormatAndroid (111)
[2017.10.16-09.24.32:584][907]LogModuleManager: Shutting down and abandoning module AudioFormatOpus (109)
[2017.10.16-09.24.32:592][907]LogModuleManager: Shutting down and abandoning module AudioFormatOgg (107)
[2017.10.16-09.24.32:592][907]LogModuleManager: Shutting down and abandoning module AudioFormatADPCM (105)
[2017.10.16-09.24.32:592][907]LogModuleManager: Shutting down and abandoning module LinuxTargetPlatform (103)
[2017.10.16-09.24.32:592][907]LogModuleManager: Shutting down and abandoning module LinuxServerTargetPlatform (101)
[2017.10.16-09.24.32:592][907]LogModuleManager: Shutting down and abandoning module LinuxNoEditorTargetPlatform (99)
[2017.10.16-09.24.32:592][907]LogModuleManager: Shutting down and abandoning module LinuxClientTargetPlatform (97)
[2017.10.16-09.24.32:592][907]LogModuleManager: Shutting down and abandoning module TVOSTargetPlatform (95)
[2017.10.16-09.24.32:592][907]LogModuleManager: Shutting down and abandoning module Messaging (93)
[2017.10.16-09.24.32:592][907]LogModuleManager: Shutting down and abandoning module IOSTargetPlatform (91)
[2017.10.16-09.24.32:592][907]LogModuleManager: Shutting down and abandoning module HTML5TargetPlatform (89)
[2017.10.16-09.24.32:592][907]LogModuleManager: Shutting down and abandoning module Android_PVRTCTargetPlatform (87)
[2017.10.16-09.24.32:592][907]LogModuleManager: Shutting down and abandoning module Android_MultiTargetPlatform (85)
[2017.10.16-09.24.32:592][907]LogModuleManager: Shutting down and abandoning module Android_ETC2TargetPlatform (83)
[2017.10.16-09.24.32:592][907]LogModuleManager: Shutting down and abandoning module Android_ETC1TargetPlatform (81)
[2017.10.16-09.24.32:592][907]LogModuleManager: Shutting down and abandoning module Android_DXTTargetPlatform (79)
[2017.10.16-09.24.32:592][907]LogModuleManager: Shutting down and abandoning module Android_ATCTargetPlatform (77)
[2017.10.16-09.24.32:592][907]LogModuleManager: Shutting down and abandoning module Android_ASTCTargetPlatform (75)
[2017.10.16-09.24.32:592][907]LogModuleManager: Shutting down and abandoning module AndroidTargetPlatform (73)
[2017.10.16-09.24.32:592][907]LogModuleManager: Shutting down and abandoning module WindowsTargetPlatform (71)
[2017.10.16-09.24.32:592][907]LogModuleManager: Shutting down and abandoning module WindowsServerTargetPlatform (69)
[2017.10.16-09.24.32:592][907]LogModuleManager: Shutting down and abandoning module WindowsNoEditorTargetPlatform (67)
[2017.10.16-09.24.32:592][907]LogModuleManager: Shutting down and abandoning module WindowsClientTargetPlatform (65)
[2017.10.16-09.24.32:592][907]LogModuleManager: Shutting down and abandoning module MacTargetPlatform (63)
[2017.10.16-09.24.32:592][907]LogModuleManager: Shutting down and abandoning module MacServerTargetPlatform (61)
[2017.10.16-09.24.32:592][907]LogModuleManager: Shutting down and abandoning module MacNoEditorTargetPlatform (59)
[2017.10.16-09.24.32:592][907]LogModuleManager: Shutting down and abandoning module MacClientTargetPlatform (57)
[2017.10.16-09.24.32:592][907]LogModuleManager: Shutting down and abandoning module AllDesktopTargetPlatform (55)
[2017.10.16-09.24.32:592][907]LogModuleManager: Shutting down and abandoning module InputCore (52)
[2017.10.16-09.24.32:592][907]LogModuleManager: Shutting down and abandoning module Settings (50)
[2017.10.16-09.24.32:592][907]LogModuleManager: Shutting down and abandoning module OculusRift (48)
[2017.10.16-09.24.32:604][907]LogModuleManager: Shutting down and abandoning module GearVR (46)
[2017.10.16-09.24.32:604][907]LogModuleManager: Shutting down and abandoning module ExampleDeviceProfileSelector (44)
[2017.10.16-09.24.32:604][907]LogModuleManager: Shutting down and abandoning module OnlineBlueprintSupport (42)
[2017.10.16-09.24.32:604][907]LogModuleManager: Shutting down and abandoning module OnlineSubsystem (38)
[2017.10.16-09.24.32:604][907]LogOnline:Display: Unloading online subsystem: NULL
[2017.10.16-09.24.32:615][907]LogModuleManager: Shutting down and abandoning module XMPP (37)
[2017.10.16-09.24.32:627][907]LogModuleManager: Shutting down and abandoning module HTTP (35)
[2017.10.16-09.24.32:627][907]LogHttp:Display: Http module shutting down, but needs to wait on 1 outstanding Http requests:
[2017.10.16-09.24.32:627][907]LogHttp:Display: 	verb=[POST] url=[https://datarouter.ol.epicgames.com/datarouter/api/v1/public/data?SessionID=%7BCA1F0339-4AB9-2763-0A50-089D7B816DBB%7D&AppID=UEEditor.Rocket.Release&AppVersion=4.15.3-3450819%2B%2B%2BUE4%2BRelease-4.15&UserID=b99de09e4fd31c4d8810b7b27378685f%7Cd854f23f85534a6a958aa5db07b32c86%7Cc8e0bc57-2edb-4c06-a7cf-4ae6b98e3978&AppEnvironment=datacollector-binary&UploadType=eteventstream] status=Processing
[2017.10.16-09.24.32:631][907]LogModuleManager: Shutting down and abandoning module SSL (34)
[2017.10.16-09.24.32:633][907]LogModuleManager: Shutting down and abandoning module AudioEditor (30)
[2017.10.16-09.24.32:644][907]LogModuleManager: Shutting down and abandoning module TextureCompressor (28)
[2017.10.16-09.24.32:644][907]LogModuleManager: Shutting down and abandoning module ShaderCore (26)
[2017.10.16-09.24.32:644][907]LogModuleManager: Shutting down and abandoning module Landscape (24)
[2017.10.16-09.24.32:644][907]LogModuleManager: Shutting down and abandoning module SlateRHIRenderer (22)
[2017.10.16-09.24.32:668][907]LogModuleManager: Shutting down and abandoning module OpenGLDrv (20)
[2017.10.16-09.24.32:679][907]LogModuleManager: Shutting down and abandoning module D3D11RHI (18)
[2017.10.16-09.24.32:679][907]LogModuleManager: Shutting down and abandoning module AnimGraphRuntime (16)
[2017.10.16-09.24.32:679][907]LogModuleManager: Shutting down and abandoning module Renderer (14)
[2017.10.16-09.24.32:679][907]LogModuleManager: Shutting down and abandoning module Engine (12)
[2017.10.16-09.24.32:679][907]LogModuleManager: Shutting down and abandoning module CoreUObject (10)
[2017.10.16-09.24.32:679][907]LogModuleManager: Shutting down and abandoning module NetworkFile (8)
[2017.10.16-09.24.32:679][907]LogModuleManager: Shutting down and abandoning module StreamingFile (6)
[2017.10.16-09.24.32:679][907]LogModuleManager: Shutting down and abandoning module SandboxFile (4)
[2017.10.16-09.24.32:679][907]LogModuleManager: Shutting down and abandoning module PakFile (2)
[2017.10.16-09.24.32:691][907]LogExit: Exiting.
[2017.10.16-09.24.32:693][907]Log file closed, 10/16/17 17:24:32
