Log file open, 07/28/17 16:19:47
LogInit:Display: Running engine for game: Meeting
LogPlatformFile: Not using cached read wrapper
LogInit:Display: RandInit(1651185370) SRandInit(1651185370).
LogTaskGraph: Started task graph with 5 named threads and 8 total threads with 1 sets of task threads.
LogStats: Stats thread started at 0.074442
LogInit: Using libcurl 7.47.1
LogInit:  - built for x86_64-pc-win32
LogInit:  - supports SSL with OpenSSL/1.0.2g
LogInit:  - supports HTTP deflate (compression) using libz 1.2.8
LogInit:  - other features:
LogInit:      CURL_VERSION_SSL
LogInit:      CURL_VERSION_LIBZ
LogInit:      CURL_VERSION_IPV6
LogInit:      CURL_VERSION_ASYNCHDNS
LogInit:      CURL_VERSION_LARGEFILE
LogInit:      CURL_VERSION_IDN
LogInit:  CurlRequestOptions (configurable via config and command line):
LogInit:  - bVerifyPeer = false  - Libcurl will NOT verify peer certificate
LogInit:  - bUseHttpProxy = false  - Libcurl will NOT use HTTP proxy
LogInit:  - bDontReuseConnections = false  - Libcurl will reuse connections
LogInit:  - CertBundlePath = nullptr  - Libcurl will use whatever was configured at build time.
LogInit: Build: ++UE4+Release-4.15-CL-3450819
LogInit: Engine Version: 4.15.3-3450819+++UE4+Release-4.15
LogInit: Compatible Engine Version: 4.15.0-3299760+++UE4+Release-4.15
LogInit: Net CL: 3299760
LogDevObjectVersion: Number of dev versions registered: 14
LogDevObjectVersion:   Dev-Blueprints (B0D832E4-1F89-4F0D-ACCF-7EB736FD4AA2): 8
LogDevObjectVersion:   Dev-Build (E1C64328-A22C-4D53-A36C-8E866417BD8C): 0
LogDevObjectVersion:   Dev-Core (375EC13C-06E4-48FB-B500-84F0262A717E): 2
LogDevObjectVersion:   Dev-Editor (E4B068ED-F494-42E9-A231-DA0B2E46BB41): 14
LogDevObjectVersion:   Dev-Framework (CFFC743F-43B0-4480-9391-14DF171D2073): 22
LogDevObjectVersion:   Dev-Mobile (B02B49B5-BB20-44E9-A304-32B752E40360): 0
LogDevObjectVersion:   Dev-Networking (A4E4105C-59A1-49B5-A7C5-40C4547EDFEE): 0
LogDevObjectVersion:   Dev-Online (39C831C9-5AE6-47DC-9A44-9C173E1C8E7C): 0
LogDevObjectVersion:   Dev-Physics (78F01B33-EBEA-4F98-B9B4-84EACCB95AA2): 0
LogDevObjectVersion:   Dev-Platform (6631380F-2D4D-43E0-8009-CF276956A95A): 0
LogDevObjectVersion:   Dev-Rendering (12F88B9F-8875-4AFC-A67C-D90C383ABD29): 12
LogDevObjectVersion:   Dev-Sequencer (7B5AE74C-D270-4C10-A958-57980B212A5A): 3
LogDevObjectVersion:   Dev-VR (D7296918-1DD6-4BDD-9DE2-64A83CC13884): 0
LogDevObjectVersion:   Dev-LoadTimes (C2A15278-BFE7-4AFE-6C17-90FF531DF755): 1
LogInit: Compiled (64-bit): May 21 2017 11:02:34
LogInit: Compiled with Visual C++: 19.00.23026.00
LogInit: Build Configuration: Development
LogInit: Branch Name: ++UE4+Release-4.15
LogInit: Command line: 
LogInit: Base directory: C:/Program Files/Epic Games/UE_4.15/Engine/Binaries/Win64/
LogInit: Installed Engine Build: 1
LogInit: Presizing for max 8388607 objects, including 0 objects not considered by GC, pre-allocating 0 bytes for permanent pool.
LogInit: Object subsystem initialized
[2017.07.28-08.19.48:614][  0]LogInit: Selected Device Profile: [Windows]
[2017.07.28-08.19.48:614][  0]LogInit: Applying CVar settings loaded from the selected device profile: [Windows]
[2017.07.28-08.19.48:629][  0]LogInit: Computer: USER
[2017.07.28-08.19.48:629][  0]LogInit: User: Uses
[2017.07.28-08.19.48:629][  0]LogInit: CPU Page size=65536, Cores=4
[2017.07.28-08.19.48:629][  0]LogInit: High frequency timer resolution =3.320308 MHz
[2017.07.28-08.19.48:629][  0]LogMemory: Memory total: Physical=15.9GB (16GB approx)
[2017.07.28-08.19.48:629][  0]LogMemory: Platform Memory Stats for Windows
[2017.07.28-08.19.48:629][  0]LogMemory: Process Physical Memory: 264.69 MB used, 264.69 MB peak
[2017.07.28-08.19.48:629][  0]LogMemory: Process Virtual Memory: 262.52 MB used, 262.52 MB peak
[2017.07.28-08.19.48:629][  0]LogMemory: Physical Memory: 9107.75 MB used,  7203.73 MB free, 16311.48 MB total
[2017.07.28-08.19.48:629][  0]LogMemory: Virtual Memory: 645.11 MB used,  7203.73 MB free, 134217728.00 MB total
[2017.07.28-08.19.48:950][  0]LogTextLocalizationManager: No specific translations for ('en-US') exist, so ('en') translations will be used.
[2017.07.28-08.19.53:760][  0]LogD3D11RHI: D3D11 adapters:
[2017.07.28-08.19.53:853][  0]LogD3D11RHI:    0. 'NVIDIA GeForce GTX 960' (Feature Level 11_0)
[2017.07.28-08.19.53:853][  0]LogD3D11RHI:       2016/0/8155 MB DedicatedVideo/DedicatedSystem/SharedSystem, Outputs:1, VendorId:0x10de
[2017.07.28-08.19.53:854][  0]LogD3D11RHI:    1. 'Microsoft Basic Render Driver' (Feature Level 11_0)
[2017.07.28-08.19.53:854][  0]LogD3D11RHI:       0/0/8155 MB DedicatedVideo/DedicatedSystem/SharedSystem, Outputs:0, VendorId:0x1414
[2017.07.28-08.19.53:854][  0]LogD3D11RHI: Chosen D3D11 Adapter: 0
[2017.07.28-08.19.53:860][  0]LogD3D11RHI: Creating new Direct3DDevice
[2017.07.28-08.19.53:860][  0]LogD3D11RHI:     GPU DeviceId: 0x1401 (for the marketing name, search the web for "GPU Device Id")
[2017.07.28-08.19.53:860][  0]LogWindows: EnumDisplayDevices:
[2017.07.28-08.19.53:860][  0]LogWindows:    0. 'NVIDIA GeForce GTX 960' (P:1 D:1)
[2017.07.28-08.19.53:860][  0]LogWindows:    1. 'NVIDIA GeForce GTX 960' (P:0 D:0)
[2017.07.28-08.19.53:861][  0]LogWindows:    2. 'NVIDIA GeForce GTX 960' (P:0 D:0)
[2017.07.28-08.19.53:861][  0]LogWindows:    3. 'NVIDIA GeForce GTX 960' (P:0 D:0)
[2017.07.28-08.19.53:861][  0]LogWindows: DebugString: FoundDriverCount:4 
[2017.07.28-08.19.53:861][  0]LogD3D11RHI:     Adapter Name: NVIDIA GeForce GTX 960
[2017.07.28-08.19.53:861][  0]LogD3D11RHI:   Driver Version: 382.05 (internal:22.21.13.8205, unified:382.05)
[2017.07.28-08.19.53:861][  0]LogD3D11RHI:      Driver Date: 5-1-2017
[2017.07.28-08.19.53:861][  0]LogRHI: Texture pool is 1361 MB (70% of 1945 MB)
[2017.07.28-08.19.53:920][  0]LogD3D11RHI: Async texture creation enabled
[2017.07.28-08.19.53:946][  0]LogD3D11RHI: GPU Timing Frequency: 1000.000000 (Debug: 2 2)
[2017.07.28-08.19.53:948][  0]LogShaderCompilers: Guid format shader working directory is -19 characters bigger than the processId version (../../../../../../Users/Uses/Desktop/FYP/FYP_DumbTesting/Meeting/Intermediate/Shaders/WorkingDirectory/2424/).
[2017.07.28-08.19.53:948][  0]LogShaderCompilers: Cleaned the shader compiler working directory 'C:/Users/Uses/AppData/Local/Temp/UnrealShaderWorkingDir/FB42B0164FC16BD57C7478B59CBB12D7/'.
[2017.07.28-08.19.53:948][  0]LogShaderCompilers:Display: Using Local Shader Compiler.
[2017.07.28-08.19.57:491][  0]LogTemp:Display: Loaded TP AllDesktopTargetPlatform
[2017.07.28-08.19.57:544][  0]LogTemp:Display: Loaded TP MacClientTargetPlatform
[2017.07.28-08.19.57:601][  0]LogTemp:Display: Loaded TP MacNoEditorTargetPlatform
[2017.07.28-08.19.57:660][  0]LogTemp:Display: Loaded TP MacServerTargetPlatform
[2017.07.28-08.19.57:740][  0]LogTemp:Display: Loaded TP MacTargetPlatform
[2017.07.28-08.19.57:795][  0]LogTemp:Display: Loaded TP WindowsClientTargetPlatform
[2017.07.28-08.19.57:854][  0]LogTemp:Display: Loaded TP WindowsNoEditorTargetPlatform
[2017.07.28-08.19.57:906][  0]LogTemp:Display: Loaded TP WindowsServerTargetPlatform
[2017.07.28-08.19.57:950][  0]LogTemp:Display: Loaded TP WindowsTargetPlatform
[2017.07.28-08.19.58:031][  0]LogTemp:Display: Loaded TP AndroidTargetPlatform
[2017.07.28-08.19.58:083][  0]LogTemp:Display: Loaded TP Android_ASTCTargetPlatform
[2017.07.28-08.19.58:135][  0]LogTemp:Display: Loaded TP Android_ATCTargetPlatform
[2017.07.28-08.19.58:189][  0]LogTemp:Display: Loaded TP Android_DXTTargetPlatform
[2017.07.28-08.19.58:240][  0]LogTemp:Display: Loaded TP Android_ETC1TargetPlatform
[2017.07.28-08.19.58:291][  0]LogTemp:Display: Loaded TP Android_ETC2TargetPlatform
[2017.07.28-08.19.58:396][  0]LogTemp:Display: Loaded TP Android_MultiTargetPlatform
[2017.07.28-08.19.58:396][  0]LogTemp:Display: Loaded TP Android_PVRTCTargetPlatform
[2017.07.28-08.19.58:435][  0]LogTemp:Display: Loaded TP HTML5TargetPlatform
[2017.07.28-08.19.58:532][  0]LogTemp:Display: Loaded TP IOSTargetPlatform
[2017.07.28-08.19.58:564][  0]LogTemp:Display: Loaded TP TVOSTargetPlatform
[2017.07.28-08.19.58:616][  0]LogTemp:Display: Loaded TP LinuxClientTargetPlatform
[2017.07.28-08.19.58:668][  0]LogTemp:Display: Loaded TP LinuxNoEditorTargetPlatform
[2017.07.28-08.19.58:724][  0]LogTemp:Display: Loaded TP LinuxServerTargetPlatform
[2017.07.28-08.19.58:794][  0]LogTemp:Display: Loaded TP LinuxTargetPlatform
[2017.07.28-08.19.58:794][  0]LogTargetPlatformManager:Display: Building Assets For Windows
[2017.07.28-08.19.59:199][  0]LogDerivedDataCache:Display: Max Cache Size: 512 MB
[2017.07.28-08.19.59:247][  0]LogDerivedDataCache: Loaded boot cache 0.05s 50MB C:/Users/Uses/AppData/Local/UnrealEngine/4.15/DerivedDataCache/Boot.ddc.
[2017.07.28-08.19.59:247][  0]LogDerivedDataCache:Display: Loaded Boot cache: C:/Users/Uses/AppData/Local/UnrealEngine/4.15/DerivedDataCache/Boot.ddc
[2017.07.28-08.19.59:248][  0]LogDerivedDataCache: FDerivedDataBackendGraph:  Pak pak cache file ../../../../../../Users/Uses/Desktop/FYP/FYP_DumbTesting/Meeting/DerivedDataCache/DDC.ddp not found, will not use a pak cache.
[2017.07.28-08.19.59:248][  0]LogDerivedDataCache: Unable to find inner node Pak for hierarchical cache Hierarchy.
[2017.07.28-08.19.59:248][  0]LogDerivedDataCache: FDerivedDataBackendGraph:  CompressedPak pak cache file ../../../../../../Users/Uses/Desktop/FYP/FYP_DumbTesting/Meeting/DerivedDataCache/Compressed.ddp not found, will not use a pak cache.
[2017.07.28-08.19.59:248][  0]LogDerivedDataCache: Unable to find inner node CompressedPak for hierarchical cache Hierarchy.
[2017.07.28-08.19.59:264][  0]LogDerivedDataCache:Display: Pak cache opened for reading ../../../Engine/DerivedDataCache/Compressed.ddp.
[2017.07.28-08.19.59:276][  0]LogDerivedDataCache: Using Local data cache path C:/Users/Uses/AppData/Local/UnrealEngine/Common/DerivedDataCache: Writable
[2017.07.28-08.19.59:287][  0]LogSlate: Using Freetype 2.6.0
[2017.07.28-08.19.59:288][  0]LogSlate: SlateFontCache - WITH_FREETYPE: 1, WITH_HARFBUZZ: 1
[2017.07.28-08.19.59:288][  0]LogSlate: SlateFontCache - WITH_FREETYPE: 1, WITH_HARFBUZZ: 1
[2017.07.28-08.19.59:547][  0]LogInit: Selected Device Profile: [Windows]
[2017.07.28-08.19.59:550][  0]LogContentStreaming: Texture pool size is 0.00 MB
[2017.07.28-08.19.59:745][  0]LogMeshUtilities: Using QuadricMeshReduction for automatic static mesh reduction
[2017.07.28-08.19.59:786][  0]LogSimplygon: Simplygon DLL not present - disabling.
[2017.07.28-08.19.59:828][  0]LogMeshUtilities: Using SimplygonSwarm for distributed automatic mesh merging
[2017.07.28-08.19.59:828][  0]LogMeshUtilities: No automatic skeletal mesh reduction module available
[2017.07.28-08.19.59:828][  0]LogMeshUtilities: No automatic mesh merging module available
[2017.07.28-08.20.00:555][  0]LogNetVersion: GetLocalNetworkVersion: CL: 3299760, ProjectName: meeting, ProjectVersion: , EngineNetworkVersion: 2, GameNetworkVersion: 0, NetworkChecksum: 116300604
[2017.07.28-08.20.00:597][  0]LogAssetRegistry: FAssetRegistry took 0.0213 seconds to start up
[2017.07.28-08.20.00:886][  0]LogPackageLocalizationCache: Processed 3 localized package path(s) for 2 prioritized culture(s) in 0.269840 seconds
[2017.07.28-08.20.00:891][  0]LogUObjectArray: 32493 objects as part of root set at end of initial load.
[2017.07.28-08.20.00:891][  0]LogUObjectAllocator: 7077024 out of 0 bytes used by permanent object pool.
[2017.07.28-08.20.00:891][  0]LogUObjectArray: CloseDisregardForGC: 0/0 objects in disregard for GC pool
[2017.07.28-08.20.00:945][  0]LogInit: WinSock: version 1.1 (2.2), MaxSocks=32767, MaxUdp=65467
[2017.07.28-08.20.25:534][  0]LogTcpMessaging: Initializing TcpMessaging bridge
[2017.07.28-08.20.25:577][  0]LogUdpMessaging: Initializing bridge on interface 0.0.0.0:0 to multicast group 230.0.0.1:6666.
[2017.07.28-08.20.26:477][  0]LogMaterial: Uniform references updated for custom material expression Custom.
[2017.07.28-08.20.26:821][  0]SourceControl: Info Source control is disabled
[2017.07.28-08.20.26:925][  0]SourceControl: Info Source control is disabled
[2017.07.28-08.20.26:967][  0]SourceControl: Info Source control is disabled
[2017.07.28-08.20.27:008][  0]SourceControl: Info Source control is disabled
[2017.07.28-08.20.28:330][  0]LogEngine: Initializing Engine...
[2017.07.28-08.20.28:331][  0]LogHMD: Failed to initialize OpenVR with code 110
[2017.07.28-08.20.28:424][  0]LogStats: UGameplayTagsManager::ConstructGameplayTagTree: Construct from data asset -  0.000 s
[2017.07.28-08.20.28:424][  0]LogStats: UGameplayTagsManager::ConstructGameplayTagTree: GameplayTagTreeChangedEvent.Broadcast -  0.000 s
[2017.07.28-08.20.28:532][  0]LogAIModule: Creating AISystem for world Untitled
[2017.07.28-08.20.28:544][  0]LogInit: XAudio2 using 'Speakers (Realtek High Definition Audio)' : 2 channels at 48 kHz using 32 bits per sample (channel mask 0x3)
[2017.07.28-08.20.28:571][  0]LogInit: FAudioDevice initialized.
[2017.07.28-08.20.28:618][  0]LogDerivedDataCache: Saved boot cache 0.05s 50MB C:/Users/Uses/AppData/Local/UnrealEngine/4.15/DerivedDataCache/Boot.ddc.
[2017.07.28-08.20.28:623][  0]LogInit: Texture streaming: Enabled
[2017.07.28-08.20.28:705][  0]LogEngineSessionManager: EngineSessionManager initialized
[2017.07.28-08.20.28:716][  0]LogEngineSessionManager: EngineSessionManager sent abnormal shutdown report. Type=Crashed, SessionId={81BA890C-429C-991F-90FD-219B90211F86}
[2017.07.28-08.20.28:797][  0]LogInit: Transaction tracking system initialized
[2017.07.28-08.20.29:119][  0]BlueprintLog: New page: Editor Load
[2017.07.28-08.20.29:907][  0]LocalizationService: Info Localization service is disabled
[2017.07.28-08.20.30:747][  0]LogConsoleResponse:Display: 
[2017.07.28-08.20.30:881][  0]LogCook:Display: Max memory allowance for cook 16384mb min free memory 0mb
[2017.07.28-08.20.30:881][  0]LogCook:Display: Mobile HDR setting 1
[2017.07.28-08.20.31:223][  0]LogFileCache: Scanning file cache for directory 'C:/Users/Uses/Desktop/FYP/FYP_DumbTesting/Meeting/Content/' took 0.02s
[2017.07.28-08.20.32:471][  0]SourceControl: Info Source control is disabled
[2017.07.28-08.20.32:472][  0]Cmd: MAP LOAD FILE="../../../../../../Users/Uses/Desktop/FYP/FYP_DumbTesting/Meeting/Content/ThirdPersonBP/Maps/MockUp_Map.umap" TEMPLATE=0 SHOWPROGRESS=1 FEATURELEVEL=3
[2017.07.28-08.20.32:472][  0]LightingResults: New page: Lighting Build
[2017.07.28-08.20.32:508][  0]MapCheck: New page: Map Check
[2017.07.28-08.20.32:508][  0]LightingResults: New page: Lighting Build
[2017.07.28-08.20.32:968][  0]LogBlueprint:Warning: [Compiler ThirdPersonCharacter] Warning InputAction Event references unknown Action 'ResetVR' for  InputAction ResetVR
[2017.07.28-08.20.32:968][  0]LogBlueprint:Warning: [Compiler ThirdPersonCharacter] Warning Input Axis Event references unknown Axis 'LookUpRate' for  InputAxis LookUpRate
[2017.07.28-08.20.32:968][  0]LogBlueprint:Warning: [Compiler ThirdPersonCharacter] Warning Input Axis Event references unknown Axis 'TurnRate' for  InputAxis TurnRate
[2017.07.28-08.20.32:968][  0]LogBlueprint:Warning: [Compiler ThirdPersonCharacter] Warning InputAction Event references unknown Action 'Jump' for  InputAction Jump
[2017.07.28-08.20.32:968][  0]LogBlueprint:Warning: [Compiler ThirdPersonCharacter] Warning Input Axis Event references unknown Axis 'LookUp' for  InputAxis LookUp
[2017.07.28-08.20.32:968][  0]LogBlueprint:Warning: [Compiler ThirdPersonCharacter] Warning Input Axis Event references unknown Axis 'Turn' for  InputAxis Turn
[2017.07.28-08.20.32:971][  0]LogBlueprint:Warning: [Compiler ThirdPersonCharacter] Warning [0046.51] Compile of ThirdPersonCharacter successful, but with 6 Warning(s) [in 7 ms] (/Game/ThirdPersonBP/Blueprints/ThirdPersonCharacter.ThirdPersonCharacter)
[2017.07.28-08.20.32:971][  0]LogBlueprint:Warning: [Compiler ThirdPersonCharacter] Warning [0046.51] Compile of ThirdPersonCharacter successful, but with 7 Warning(s) [in 0 ms] (/Game/ThirdPersonBP/Blueprints/ThirdPersonCharacter.ThirdPersonCharacter)
[2017.07.28-08.20.32:971][  0]LogBlueprint:Warning: [Compiler ThirdPersonCharacter] Warning [0046.51] Compile of ThirdPersonCharacter successful, but with 8 Warning(s) [in 0 ms] (/Game/ThirdPersonBP/Blueprints/ThirdPersonCharacter.ThirdPersonCharacter)
[2017.07.28-08.20.32:976][  0]LogBlueprint:Warning: [Compiler ThirdPersonCharacter] Warning InputAction Event references unknown Action 'ResetVR' for  InputAction ResetVR
[2017.07.28-08.20.32:976][  0]LogBlueprint:Warning: [Compiler ThirdPersonCharacter] Warning Input Axis Event references unknown Axis 'LookUpRate' for  InputAxis LookUpRate
[2017.07.28-08.20.32:976][  0]LogBlueprint:Warning: [Compiler ThirdPersonCharacter] Warning Input Axis Event references unknown Axis 'TurnRate' for  InputAxis TurnRate
[2017.07.28-08.20.32:977][  0]LogBlueprint:Warning: [Compiler ThirdPersonCharacter] Warning InputAction Event references unknown Action 'Jump' for  InputAction Jump
[2017.07.28-08.20.32:977][  0]LogBlueprint:Warning: [Compiler ThirdPersonCharacter] Warning Input Axis Event references unknown Axis 'LookUp' for  InputAxis LookUp
[2017.07.28-08.20.32:977][  0]LogBlueprint:Warning: [Compiler ThirdPersonCharacter] Warning Input Axis Event references unknown Axis 'Turn' for  InputAxis Turn
[2017.07.28-08.20.32:981][  0]LogBlueprint:Warning: [Compiler ThirdPersonCharacter] Warning [0046.52] Compile of ThirdPersonCharacter successful, but with 6 Warning(s) [in 7 ms] (/Game/ThirdPersonBP/Blueprints/ThirdPersonCharacter.ThirdPersonCharacter)
[2017.07.28-08.20.32:981][  0]LogBlueprint:Warning: [Compiler ThirdPersonCharacter] Warning [0046.52] Compile of ThirdPersonCharacter successful, but with 7 Warning(s) [in 0 ms] (/Game/ThirdPersonBP/Blueprints/ThirdPersonCharacter.ThirdPersonCharacter)
[2017.07.28-08.20.32:981][  0]LogBlueprint:Warning: [Compiler ThirdPersonCharacter] Warning [0046.52] Compile of ThirdPersonCharacter successful, but with 8 Warning(s) [in 0 ms] (/Game/ThirdPersonBP/Blueprints/ThirdPersonCharacter.ThirdPersonCharacter)
[2017.07.28-08.20.33:105][  0]LogLinker:Warning: Can't find file '/Game/Art/Environment/newdev/zzzzzz'
[2017.07.28-08.20.33:105][  0]LogLinker:Warning: Can't find file for asset '/Game/Art/Environment/newdev/zzzzzz' while loading ../../../../../../Users/Uses/Desktop/FYP/FYP_DumbTesting/Meeting/Content/Art/Environment/Mesh/SM_Corridor_Frame.uasset.
[2017.07.28-08.20.33:105][  0]LoadErrors:Error: Error /Game/Art/Environment/Mesh/SM_Corridor_Frame : Can't find file for asset. /Game/Art/Environment/newdev/zzzzzz
[2017.07.28-08.20.33:105][  0]LogLinker:Warning: Can't find file '/Game/Art/Environment/newdev/zzzzzz'
[2017.07.28-08.20.33:105][  0]LogLinker:Warning: Can't find file for asset '/Game/Art/Environment/newdev/zzzzzz' while loading ../../../../../../Users/Uses/Desktop/FYP/FYP_DumbTesting/Meeting/Content/Art/Environment/Mesh/SM_Corridor_Frame.uasset.
[2017.07.28-08.20.33:105][  0]LoadErrors:Error: Error /Game/Art/Environment/Mesh/SM_Corridor_Frame : Can't find file for asset. /Game/Art/Environment/newdev/zzzzzz
[2017.07.28-08.20.33:112][  0]LogLinker:Warning: Can't find file '/Game/Art/Environment/newdev/2'
[2017.07.28-08.20.33:112][  0]LogLinker:Warning: Can't find file for asset '/Game/Art/Environment/newdev/2' while loading ../../../../../../Users/Uses/Desktop/FYP/FYP_DumbTesting/Meeting/Content/Art/Environment/Mesh/SM_Corridor_Wall.uasset.
[2017.07.28-08.20.33:112][  0]LoadErrors:Error: Error /Game/Art/Environment/Mesh/SM_Corridor_Wall : Can't find file for asset. /Game/Art/Environment/newdev/2
[2017.07.28-08.20.33:112][  0]LogLinker:Warning: Can't find file '/Game/Art/Environment/newdev/2'
[2017.07.28-08.20.33:112][  0]LogLinker:Warning: Can't find file for asset '/Game/Art/Environment/newdev/2' while loading ../../../../../../Users/Uses/Desktop/FYP/FYP_DumbTesting/Meeting/Content/Art/Environment/Mesh/SM_Corridor_Wall.uasset.
[2017.07.28-08.20.33:112][  0]LoadErrors:Error: Error /Game/Art/Environment/Mesh/SM_Corridor_Wall : Can't find file for asset. /Game/Art/Environment/newdev/2
[2017.07.28-08.20.33:367][  0]LogLinker:Warning: Can't find file '/Game/Art/Environment/newdev/2'
[2017.07.28-08.20.33:367][  0]LoadErrors: Info Failed to load /Game/Art/Environment/newdev/2.2 Referenced by SM_Corridor_Wall
[2017.07.28-08.20.33:367][  0]LogLinker:Warning: Can't find file for asset '/Game/Art/Environment/newdev/2' while loading NULL.
[2017.07.28-08.20.33:367][  0]LoadErrors: Info Failed to load /Game/Art/Environment/newdev/2.2 Referenced by SM_Corridor_Wall
[2017.07.28-08.20.33:368][  0]LogLinker:Warning: Can't find file '/Game/Art/Environment/newdev/zzzzzz'
[2017.07.28-08.20.33:368][  0]LoadErrors: Info Failed to load /Game/Art/Environment/newdev/zzzzzz.zzzzzz Referenced by SM_Corridor_Frame
[2017.07.28-08.20.33:368][  0]LogLinker:Warning: Can't find file for asset '/Game/Art/Environment/newdev/zzzzzz' while loading NULL.
[2017.07.28-08.20.33:368][  0]LoadErrors: Info Failed to load /Game/Art/Environment/newdev/zzzzzz.zzzzzz Referenced by SM_Corridor_Frame
[2017.07.28-08.20.43:279][  0]LogAIModule: Creating AISystem for world MockUp_Map
[2017.07.28-08.20.43:366][  0]LogEditorServer: Finished looking for orphan Actors (0.000 secs)
[2017.07.28-08.20.43:370][  0]Cmd: MAP CHECKDEP NOCLEARLOG
[2017.07.28-08.20.43:456][  0]MapCheck: Info Map check complete: 0 Error(s), 0 Warning(s), took 85.972ms to complete.
[2017.07.28-08.20.43:456][  0]LogFileHelpers: Loading map 'MockUp_Map' took 10.984
[2017.07.28-08.20.43:684][  0]LogCollectionManager: Loaded 0 collections in 0.000977 seconds
[2017.07.28-08.20.43:758][  0]LogFileCache: Scanning file cache for directory 'C:/Users/Uses/Desktop/FYP/FYP_DumbTesting/Meeting/Saved/Collections/' took 0.01s
[2017.07.28-08.20.43:758][  0]LogFileCache: Scanning file cache for directory 'C:/Users/Uses/Desktop/FYP/FYP_DumbTesting/Meeting/Content/Developers/Uses/Collections/' took 0.01s
[2017.07.28-08.20.43:758][  0]LogFileCache: Scanning file cache for directory 'C:/Users/Uses/Desktop/FYP/FYP_DumbTesting/Meeting/Content/Collections/' took 0.01s
[2017.07.28-08.20.43:758][  0]LogCollectionManager: Rebuilt the GUID cache for 0 collections in 0.000002 seconds
[2017.07.28-08.20.43:767][  0]LogContentBrowser: Native class hierarchy populated in 0.0091 seconds. Added 2254 classes and 455 folders.
[2017.07.28-08.20.43:823][  0]LogContentBrowser: Native class hierarchy updated for 'WidgetCarousel' in 0.0014 seconds. Added 0 classes and 0 folders.
[2017.07.28-08.20.44:534][  0]LogContentBrowser: Native class hierarchy updated for 'AddContentDialog' in 0.0016 seconds. Added 0 classes and 0 folders.
[2017.07.28-08.20.44:573][  0]LogContentBrowser: Native class hierarchy updated for 'SceneOutliner' in 0.0016 seconds. Added 1 classes and 2 folders.
[2017.07.28-08.20.44:682][  0]LogCrashTracker: Crashtracker disabled due to settings.
[2017.07.28-08.20.44:693][  0]LogUObjectGlobals:Warning: Failed to find object 'Class None.'
[2017.07.28-08.20.44:760][  0]LogContentBrowser: Native class hierarchy updated for 'HierarchicalLODOutliner' in 0.0017 seconds. Added 1 classes and 2 folders.
[2017.07.28-08.20.44:760][  0]LogLoad: (Engine Initialization) Total time: 58.30 seconds
[2017.07.28-08.20.44:760][  0]LogLoad: (Engine Initialization) Total Blueprint compile time: 0.49 seconds
[2017.07.28-08.20.44:760][  0]LogExternalProfiler: Found external profiler: VSPerf
[2017.07.28-08.20.44:760][  0]LogExternalProfiler: Using external profiler: VSPerf
[2017.07.28-08.20.45:100][  0]LogOcInput: OculusInput pre-init called
[2017.07.28-08.20.45:127][  0]LogContentStreaming: Texture pool size now 3000 MB
[2017.07.28-08.20.45:147][  0]LogSlate: Took 0.000177 seconds to synchronously load lazily loaded font '../../../Engine/Content/Slate/Fonts/Roboto-Regular.ttf' (155K)
[2017.07.28-08.20.45:151][  0]LogSlate: Took 0.000202 seconds to synchronously load lazily loaded font '../../../Engine/Content/Slate/Fonts/Roboto-Bold.ttf' (160K)
[2017.07.28-08.20.45:169][  0]LogSlate: Took 0.013432 seconds to synchronously load lazily loaded font '../../../Engine/Content/Editor/Slate/Fonts/FontAwesome.ttf' (139K)
[2017.07.28-08.20.45:409][  0]LogSlate: Took 0.000284 seconds to synchronously load lazily loaded font '../../../Engine/Content/Slate/Fonts/Roboto-Light.ttf' (159K)
[2017.07.28-08.20.45:448][  0]LogRenderer: Reallocating scene render targets to support 1184x660 NumSamples 1 (Frame:2).
[2017.07.28-08.20.50:800][  1]LogD3D11RHI:Error: Result failed 
 at D:\Build\++UE4+Release-4.15+Compile\Sync\Engine\Source\Runtime\Windows\D3D11RHI\Private\D3D11Viewport.cpp:289 
 with error DXGI_ERROR_DEVICE_REMOVED DXGI_ERROR_DEVICE_HUNG
[2017.07.28-08.20.50:803][  1]LogWindows: Windows GetLastError: The operation completed successfully. (0)
[2017.07.28-08.20.52:783][  1]LogCrashTracker: 


[2017.07.28-08.20.52:789][  1]LogWindows: Windows GetLastError: The operation completed successfully. (0)
[2017.07.28-08.20.53:517][  1]LogCrashTracker: 


[2017.07.28-08.20.53:517][  1]LogWindows:Error: === Critical error: ===
[2017.07.28-08.20.53:517][  1]LogWindows:Error: 
[2017.07.28-08.20.53:517][  1]LogWindows:Error: Fatal error: [File:D:\Build\++UE4+Release-4.15+Compile\Sync\Engine\Source\Runtime\RenderCore\Private\RenderingThread.cpp] [Line: 796] 
[2017.07.28-08.20.53:517][  1]LogWindows:Error: Rendering thread exception:
[2017.07.28-08.20.53:517][  1]LogWindows:Error: Fatal error: [File:D:\Build\++UE4+Release-4.15+Compile\Sync\Engine\Source\Runtime\Windows\D3D11RHI\Private\D3D11Util.cpp] [Line: 181] 
[2017.07.28-08.20.53:517][  1]LogWindows:Error: Unreal Engine is exiting due to D3D device being lost. (Error: 0x887A0006 - 'HUNG')
[2017.07.28-08.20.53:517][  1]LogWindows:Error: 
[2017.07.28-08.20.53:517][  1]LogWindows:Error: 
[2017.07.28-08.20.53:517][  1]LogWindows:Error: KERNELBASE.dll!0x000000006BF99E08
[2017.07.28-08.20.53:517][  1]LogWindows:Error: UE4Editor-Core.dll!0x00000000271464EE
[2017.07.28-08.20.53:517][  1]LogWindows:Error: UE4Editor-Core.dll!0x0000000026F6CEEE
[2017.07.28-08.20.53:517][  1]LogWindows:Error: UE4Editor-Core.dll!0x0000000026EF2729
[2017.07.28-08.20.53:517][  1]LogWindows:Error: UE4Editor-D3D11RHI.dll!0x0000000010BC896B
[2017.07.28-08.20.53:517][  1]LogWindows:Error: UE4Editor-D3D11RHI.dll!0x0000000010BCC5A0
[2017.07.28-08.20.53:517][  1]LogWindows:Error: UE4Editor-D3D11RHI.dll!0x0000000010BAC1A3
[2017.07.28-08.20.53:517][  1]LogWindows:Error: UE4Editor-D3D11RHI.dll!0x0000000010BAC0F1
[2017.07.28-08.20.53:517][  1]LogWindows:Error: UE4Editor-D3D11RHI.dll!0x0000000010BB941E
[2017.07.28-08.20.53:517][  1]LogWindows:Error: UE4Editor-RHI.dll!0x00000000434935F6
[2017.07.28-08.20.53:517][  1]LogWindows:Error: UE4Editor-SlateRHIRenderer.dll!0x0000000010ACA667
[2017.07.28-08.20.53:517][  1]LogWindows:Error: UE4Editor-SlateRHIRenderer.dll!0x0000000010AD2098
[2017.07.28-08.20.53:517][  1]LogWindows:Error: UE4Editor-Core.dll!0x0000000026DCD84D
[2017.07.28-08.20.53:517][  1]LogWindows:Error: UE4Editor-Core.dll!0x0000000026DCDC6D
[2017.07.28-08.20.53:517][  1]LogWindows:Error: UE4Editor-RenderCore.dll!0x0000000046740397
[2017.07.28-08.20.53:517][  1]LogWindows:Error: UE4Editor-RenderCore.dll!0x0000000046741486
[2017.07.28-08.20.53:517][  1]LogWindows:Error: UE4Editor-Core.dll!0x000000002715A3D8
[2017.07.28-08.20.53:517][  1]LogWindows:Error: UE4Editor-Core.dll!0x0000000027154C79
[2017.07.28-08.20.53:517][  1]LogWindows:Error: KERNEL32.DLL!0x000000006EAE2774
[2017.07.28-08.20.53:517][  1]LogWindows:Error: ntdll.dll!0x000000006EC90D51
[2017.07.28-08.20.53:517][  1]LogWindows:Error: ntdll.dll!0x000000006EC90D51
[2017.07.28-08.20.53:517][  1]LogWindows:Error: 
[2017.07.28-08.20.53:517][  1]LogWindows:Error: 
[2017.07.28-08.20.53:517][  1]LogWindows:Error: 
[2017.07.28-08.20.53:517][  1]LogWindows:Error: 
[2017.07.28-08.20.53:547][  1]LogExit: Executing StaticShutdownAfterError
[2017.07.28-08.20.53:552][  1]LogWindows: FPlatformMisc::RequestExit(1)
[2017.07.28-08.20.53:552][  1]Log file closed, 07/28/17 16:20:53
