Log file open, 07/20/17 00:33:34
LogInit:Display: Running engine for game: Meeting
LogPlatformFile: Not using cached read wrapper
LogInit:Display: RandInit(1917910708) SRandInit(1917910708).
LogTaskGraph: Started task graph with 5 named threads and 8 total threads with 1 sets of task threads.
LogStats: Stats thread started at 1.681933
LogInit: Using libcurl 7.47.1
LogInit:  - built for x86_64-pc-win32
LogInit:  - supports SSL with OpenSSL/1.0.2g
LogInit:  - supports HTTP deflate (compression) using libz 1.2.8
LogInit:  - other features:
LogInit:      CURL_VERSION_SSL
LogInit:      CURL_VERSION_LIBZ
LogInit:      CURL_VERSION_IPV6
LogInit:      CURL_VERSION_ASYNCHDNS
LogInit:      CURL_VERSION_LARGEFILE
LogInit:      CURL_VERSION_IDN
LogInit:  CurlRequestOptions (configurable via config and command line):
LogInit:  - bVerifyPeer = false  - Libcurl will NOT verify peer certificate
LogInit:  - bUseHttpProxy = false  - Libcurl will NOT use HTTP proxy
LogInit:  - bDontReuseConnections = false  - Libcurl will reuse connections
LogInit:  - CertBundlePath = nullptr  - Libcurl will use whatever was configured at build time.
LogInit: Build: ++UE4+Release-4.15-CL-3450819
LogInit: Engine Version: 4.15.3-3450819+++UE4+Release-4.15
LogInit: Compatible Engine Version: 4.15.0-3299760+++UE4+Release-4.15
LogInit: Net CL: 3299760
LogDevObjectVersion: Number of dev versions registered: 14
LogDevObjectVersion:   Dev-Blueprints (B0D832E4-1F89-4F0D-ACCF-7EB736FD4AA2): 8
LogDevObjectVersion:   Dev-Build (E1C64328-A22C-4D53-A36C-8E866417BD8C): 0
LogDevObjectVersion:   Dev-Core (375EC13C-06E4-48FB-B500-84F0262A717E): 2
LogDevObjectVersion:   Dev-Editor (E4B068ED-F494-42E9-A231-DA0B2E46BB41): 14
LogDevObjectVersion:   Dev-Framework (CFFC743F-43B0-4480-9391-14DF171D2073): 22
LogDevObjectVersion:   Dev-Mobile (B02B49B5-BB20-44E9-A304-32B752E40360): 0
LogDevObjectVersion:   Dev-Networking (A4E4105C-59A1-49B5-A7C5-40C4547EDFEE): 0
LogDevObjectVersion:   Dev-Online (39C831C9-5AE6-47DC-9A44-9C173E1C8E7C): 0
LogDevObjectVersion:   Dev-Physics (78F01B33-EBEA-4F98-B9B4-84EACCB95AA2): 0
LogDevObjectVersion:   Dev-Platform (6631380F-2D4D-43E0-8009-CF276956A95A): 0
LogDevObjectVersion:   Dev-Rendering (12F88B9F-8875-4AFC-A67C-D90C383ABD29): 12
LogDevObjectVersion:   Dev-Sequencer (7B5AE74C-D270-4C10-A958-57980B212A5A): 3
LogDevObjectVersion:   Dev-VR (D7296918-1DD6-4BDD-9DE2-64A83CC13884): 0
LogDevObjectVersion:   Dev-LoadTimes (C2A15278-BFE7-4AFE-6C17-90FF531DF755): 1
LogInit: Compiled (64-bit): May 21 2017 11:02:34
LogInit: Compiled with Visual C++: 19.00.23026.00
LogInit: Build Configuration: Development
LogInit: Branch Name: ++UE4+Release-4.15
LogInit: Command line:  
LogInit: Base directory: D:/UE_4.15/Engine/Binaries/Win64/
LogInit: Installed Engine Build: 1
LogInit: Presizing for max 8388607 objects, including 0 objects not considered by GC, pre-allocating 0 bytes for permanent pool.
LogInit: Object subsystem initialized
[2017.07.19-16.33.35:572][  0]LogInit: Selected Device Profile: [Windows]
[2017.07.19-16.33.35:572][  0]LogInit: Applying CVar settings loaded from the selected device profile: [Windows]
[2017.07.19-16.33.35:682][  0]LogInit: Computer: ASUS
[2017.07.19-16.33.35:682][  0]LogInit: User: User
[2017.07.19-16.33.35:682][  0]LogInit: CPU Page size=65536, Cores=4
[2017.07.19-16.33.35:682][  0]LogInit: High frequency timer resolution =2.338344 MHz
[2017.07.19-16.33.35:682][  0]LogMemory: Memory total: Physical=7.9GB (8GB approx)
[2017.07.19-16.33.35:682][  0]LogMemory: Platform Memory Stats for Windows
[2017.07.19-16.33.35:682][  0]LogMemory: Process Physical Memory: 263.96 MB used, 263.96 MB peak
[2017.07.19-16.33.35:682][  0]LogMemory: Process Virtual Memory: 262.52 MB used, 262.52 MB peak
[2017.07.19-16.33.35:682][  0]LogMemory: Physical Memory: 3605.54 MB used,  4503.94 MB free, 8109.48 MB total
[2017.07.19-16.33.35:682][  0]LogMemory: Virtual Memory: 646.04 MB used,  4503.94 MB free, 134217728.00 MB total
[2017.07.19-16.33.36:565][  0]LogTextLocalizationManager: No specific translations for ('en-US') exist, so ('en') translations will be used.
[2017.07.19-16.33.42:855][  0]LogD3D11RHI: D3D11 adapters:
[2017.07.19-16.33.43:083][  0]LogD3D11RHI:    0. 'NVIDIA GeForce GTX 770M' (Feature Level 11_0)
[2017.07.19-16.33.43:083][  0]LogD3D11RHI:       3039/0/4054 MB DedicatedVideo/DedicatedSystem/SharedSystem, Outputs:1, VendorId:0x10de
[2017.07.19-16.33.43:096][  0]LogD3D11RHI:    1. 'Microsoft Basic Render Driver' (Feature Level 11_0)
[2017.07.19-16.33.43:096][  0]LogD3D11RHI:       0/0/4054 MB DedicatedVideo/DedicatedSystem/SharedSystem, Outputs:0, VendorId:0x1414
[2017.07.19-16.33.43:096][  0]LogD3D11RHI: Chosen D3D11 Adapter: 0
[2017.07.19-16.33.43:117][  0]LogD3D11RHI: Creating new Direct3DDevice
[2017.07.19-16.33.43:117][  0]LogD3D11RHI:     GPU DeviceId: 0x11e0 (for the marketing name, search the web for "GPU Device Id")
[2017.07.19-16.33.43:117][  0]LogWindows: EnumDisplayDevices:
[2017.07.19-16.33.43:117][  0]LogWindows:    0. 'NVIDIA GeForce GTX 770M' (P:1 D:1)
[2017.07.19-16.33.43:117][  0]LogWindows:    1. 'NVIDIA GeForce GTX 770M' (P:0 D:0)
[2017.07.19-16.33.43:117][  0]LogWindows:    2. 'NVIDIA GeForce GTX 770M' (P:0 D:0)
[2017.07.19-16.33.43:117][  0]LogWindows:    3. 'NVIDIA GeForce GTX 770M' (P:0 D:0)
[2017.07.19-16.33.43:118][  0]LogWindows: DebugString: FoundDriverCount:4 
[2017.07.19-16.33.43:118][  0]LogD3D11RHI:     Adapter Name: NVIDIA GeForce GTX 770M
[2017.07.19-16.33.43:118][  0]LogD3D11RHI:   Driver Version: 375.63 (internal:21.21.13.7563, unified:375.63)
[2017.07.19-16.33.43:118][  0]LogD3D11RHI:      Driver Date: 10-21-2016
[2017.07.19-16.33.43:118][  0]LogRHI: Texture pool is 1361 MB (70% of 1945 MB)
[2017.07.19-16.33.43:132][  0]LogD3D11RHI:Warning: Timestamp queries are currently disabled on this hardware due to instability. Realtime GPU stats will not be available. You can override this behaviour by setting r.NVIDIATimestampWorkaround to 0
[2017.07.19-16.33.43:132][  0]LogD3D11RHI: Async texture creation enabled
[2017.07.19-16.33.43:148][  0]LogD3D11RHI: GPU Timing Frequency: 1000.000000 (Debug: 2 2)
[2017.07.19-16.33.43:195][  0]LogShaderCompilers: Guid format shader working directory is -14 characters bigger than the processId version (C:/Users/User/Desktop/Unreal/GitHub/FYP_DumbTesting/Meeting/Intermediate/Shaders/WorkingDirectory/5212/).
[2017.07.19-16.33.43:195][  0]LogShaderCompilers: Cleaned the shader compiler working directory 'C:/Users/User/AppData/Local/Temp/UnrealShaderWorkingDir/459E4C9647E36113D80A5383492562F6/'.
[2017.07.19-16.33.43:195][  0]LogShaderCompilers:Display: Using Local Shader Compiler.
[2017.07.19-16.33.51:315][  0]LogTemp:Display: Loaded TP AllDesktopTargetPlatform
[2017.07.19-16.33.51:359][  0]LogTemp:Display: Loaded TP MacClientTargetPlatform
[2017.07.19-16.33.51:403][  0]LogTemp:Display: Loaded TP MacNoEditorTargetPlatform
[2017.07.19-16.33.51:446][  0]LogTemp:Display: Loaded TP MacServerTargetPlatform
[2017.07.19-16.33.51:505][  0]LogTemp:Display: Loaded TP MacTargetPlatform
[2017.07.19-16.33.51:550][  0]LogTemp:Display: Loaded TP WindowsClientTargetPlatform
[2017.07.19-16.33.51:594][  0]LogTemp:Display: Loaded TP WindowsNoEditorTargetPlatform
[2017.07.19-16.33.51:638][  0]LogTemp:Display: Loaded TP WindowsServerTargetPlatform
[2017.07.19-16.33.51:674][  0]LogTemp:Display: Loaded TP WindowsTargetPlatform
[2017.07.19-16.33.51:769][  0]LogTemp:Display: Loaded TP AndroidTargetPlatform
[2017.07.19-16.33.51:813][  0]LogTemp:Display: Loaded TP Android_ASTCTargetPlatform
[2017.07.19-16.33.51:855][  0]LogTemp:Display: Loaded TP Android_ATCTargetPlatform
[2017.07.19-16.33.51:900][  0]LogTemp:Display: Loaded TP Android_DXTTargetPlatform
[2017.07.19-16.33.51:945][  0]LogTemp:Display: Loaded TP Android_ETC1TargetPlatform
[2017.07.19-16.33.51:988][  0]LogTemp:Display: Loaded TP Android_ETC2TargetPlatform
[2017.07.19-16.33.52:076][  0]LogTemp:Display: Loaded TP Android_MultiTargetPlatform
[2017.07.19-16.33.52:076][  0]LogTemp:Display: Loaded TP Android_PVRTCTargetPlatform
[2017.07.19-16.33.52:136][  0]LogTemp:Display: Loaded TP HTML5TargetPlatform
[2017.07.19-16.33.52:284][  0]LogTemp:Display: Loaded TP IOSTargetPlatform
[2017.07.19-16.33.52:313][  0]LogTemp:Display: Loaded TP TVOSTargetPlatform
[2017.07.19-16.33.52:369][  0]LogTemp:Display: Loaded TP LinuxClientTargetPlatform
[2017.07.19-16.33.52:412][  0]LogTemp:Display: Loaded TP LinuxNoEditorTargetPlatform
[2017.07.19-16.33.52:456][  0]LogTemp:Display: Loaded TP LinuxServerTargetPlatform
[2017.07.19-16.33.52:503][  0]LogTemp:Display: Loaded TP LinuxTargetPlatform
[2017.07.19-16.33.52:503][  0]LogTargetPlatformManager:Display: Building Assets For Windows
[2017.07.19-16.33.53:344][  0]LogDerivedDataCache:Display: Max Cache Size: 512 MB
[2017.07.19-16.33.54:029][  0]LogDerivedDataCache: Loaded boot cache 0.67s 50MB C:/Users/User/AppData/Local/UnrealEngine/4.15/DerivedDataCache/Boot.ddc.
[2017.07.19-16.33.54:029][  0]LogDerivedDataCache:Display: Loaded Boot cache: C:/Users/User/AppData/Local/UnrealEngine/4.15/DerivedDataCache/Boot.ddc
[2017.07.19-16.33.54:029][  0]LogDerivedDataCache: FDerivedDataBackendGraph:  Pak pak cache file C:/Users/User/Desktop/Unreal/GitHub/FYP_DumbTesting/Meeting/DerivedDataCache/DDC.ddp not found, will not use a pak cache.
[2017.07.19-16.33.54:029][  0]LogDerivedDataCache: Unable to find inner node Pak for hierarchical cache Hierarchy.
[2017.07.19-16.33.54:029][  0]LogDerivedDataCache: FDerivedDataBackendGraph:  CompressedPak pak cache file C:/Users/User/Desktop/Unreal/GitHub/FYP_DumbTesting/Meeting/DerivedDataCache/Compressed.ddp not found, will not use a pak cache.
[2017.07.19-16.33.54:029][  0]LogDerivedDataCache: Unable to find inner node CompressedPak for hierarchical cache Hierarchy.
[2017.07.19-16.33.54:072][  0]LogDerivedDataCache:Display: Pak cache opened for reading ../../../Engine/DerivedDataCache/Compressed.ddp.
[2017.07.19-16.33.54:084][  0]LogDerivedDataCache: Using Local data cache path C:/Users/User/AppData/Local/UnrealEngine/Common/DerivedDataCache: Writable
[2017.07.19-16.33.54:093][  0]LogSlate: Using Freetype 2.6.0
[2017.07.19-16.33.54:184][  0]LogSlate: SlateFontCache - WITH_FREETYPE: 1, WITH_HARFBUZZ: 1
[2017.07.19-16.33.54:184][  0]LogSlate: SlateFontCache - WITH_FREETYPE: 1, WITH_HARFBUZZ: 1
[2017.07.19-16.34.05:241][  0]LogInit: Selected Device Profile: [Windows]
[2017.07.19-16.34.05:243][  0]LogContentStreaming: Texture pool size is 0.00 MB
[2017.07.19-16.34.05:503][  0]LogMeshUtilities: Using QuadricMeshReduction for automatic static mesh reduction
[2017.07.19-16.34.05:612][  0]LogSimplygon: Simplygon DLL not present - disabling.
[2017.07.19-16.34.05:661][  0]LogMeshUtilities: Using SimplygonSwarm for distributed automatic mesh merging
[2017.07.19-16.34.05:661][  0]LogMeshUtilities: No automatic skeletal mesh reduction module available
[2017.07.19-16.34.05:661][  0]LogMeshUtilities: No automatic mesh merging module available
[2017.07.19-16.34.06:255][  0]LogNetVersion: GetLocalNetworkVersion: CL: 3299760, ProjectName: meeting, ProjectVersion: , EngineNetworkVersion: 2, GameNetworkVersion: 0, NetworkChecksum: 116300604
[2017.07.19-16.34.06:303][  0]LogAssetRegistry: FAssetRegistry took 0.0213 seconds to start up
[2017.07.19-16.34.06:407][  0]LogPackageLocalizationCache: Processed 3 localized package path(s) for 2 prioritized culture(s) in 0.090601 seconds
[2017.07.19-16.34.06:412][  0]LogUObjectArray: 32493 objects as part of root set at end of initial load.
[2017.07.19-16.34.06:412][  0]LogUObjectAllocator: 7077032 out of 0 bytes used by permanent object pool.
[2017.07.19-16.34.06:412][  0]LogUObjectArray: CloseDisregardForGC: 0/0 objects in disregard for GC pool
[2017.07.19-16.34.06:454][  0]LogInit: WinSock: version 1.1 (2.2), MaxSocks=32767, MaxUdp=65467
[2017.07.19-16.34.26:075][  0]LogTcpMessaging: Initializing TcpMessaging bridge
[2017.07.19-16.34.26:122][  0]LogUdpMessaging: Initializing bridge on interface 0.0.0.0:0 to multicast group 230.0.0.1:6666.
[2017.07.19-16.34.27:053][  0]LogMaterial: Uniform references updated for custom material expression Custom.
[2017.07.19-16.34.27:639][  0]SourceControl: Info Source control is disabled
[2017.07.19-16.34.29:611][  0]SourceControl: Info Source control is disabled
[2017.07.19-16.34.29:801][  0]SourceControl: Info Source control is disabled
[2017.07.19-16.34.29:873][  0]SourceControl: Info Source control is disabled
[2017.07.19-16.34.32:227][  0]LogEngine: Initializing Engine...
[2017.07.19-16.34.32:285][  0]LogHMD: Failed to initialize OpenVR with code 100
[2017.07.19-16.34.32:392][  0]LogStats: UGameplayTagsManager::ConstructGameplayTagTree: Construct from data asset -  0.000 s
[2017.07.19-16.34.32:392][  0]LogStats: UGameplayTagsManager::ConstructGameplayTagTree: GameplayTagTreeChangedEvent.Broadcast -  0.000 s
[2017.07.19-16.34.32:561][  0]LogAIModule: Creating AISystem for world Untitled
[2017.07.19-16.34.32:645][  0]LogInit: XAudio2 using 'Speakers (Realtek High Definition Audio)' : 2 channels at 48 kHz using 32 bits per sample (channel mask 0x3)
[2017.07.19-16.34.32:990][  0]LogInit: FAudioDevice initialized.
[2017.07.19-16.34.33:014][  0]LogDerivedDataCache: Saved boot cache 0.02s 50MB C:/Users/User/AppData/Local/UnrealEngine/4.15/DerivedDataCache/Boot.ddc.
[2017.07.19-16.34.33:020][  0]LogInit: Texture streaming: Enabled
[2017.07.19-16.34.33:538][  0]LogEngineSessionManager: EngineSessionManager initialized
[2017.07.19-16.34.33:776][  0]LogInit: Transaction tracking system initialized
[2017.07.19-16.34.34:255][  0]BlueprintLog: New page: Editor Load
[2017.07.19-16.34.35:708][  0]LocalizationService: Info Localization service is disabled
[2017.07.19-16.34.37:359][  0]LogConsoleResponse:Display: 
[2017.07.19-16.34.38:833][  0]LogCook:Display: Max memory allowance for cook 16384mb min free memory 0mb
[2017.07.19-16.34.38:833][  0]LogCook:Display: Mobile HDR setting 1
[2017.07.19-16.34.39:659][  0]LogFileCache: Scanning file cache for directory 'C:/Users/User/Desktop/Unreal/GitHub/FYP_DumbTesting/Meeting/Content/' took 0.02s
[2017.07.19-16.34.41:908][  0]SourceControl: Info Source control is disabled
[2017.07.19-16.34.41:908][  0]Cmd: MAP LOAD FILE="C:/Users/User/Desktop/Unreal/GitHub/FYP_DumbTesting/Meeting/Content/ThirdPersonBP/Maps/MockUp_Map.umap" TEMPLATE=0 SHOWPROGRESS=1 FEATURELEVEL=3
[2017.07.19-16.34.42:138][  0]LightingResults: New page: Lighting Build
[2017.07.19-16.34.42:167][  0]MapCheck: New page: Map Check
[2017.07.19-16.34.42:167][  0]LightingResults: New page: Lighting Build
[2017.07.19-16.34.46:539][  0]LogBlueprint:Warning: [Compiler ThirdPersonCharacter] Warning InputAction Event references unknown Action 'ResetVR' for  InputAction ResetVR
[2017.07.19-16.34.46:539][  0]LogBlueprint:Warning: [Compiler ThirdPersonCharacter] Warning Input Axis Event references unknown Axis 'LookUpRate' for  InputAxis LookUpRate
[2017.07.19-16.34.46:539][  0]LogBlueprint:Warning: [Compiler ThirdPersonCharacter] Warning Input Axis Event references unknown Axis 'TurnRate' for  InputAxis TurnRate
[2017.07.19-16.34.46:539][  0]LogBlueprint:Warning: [Compiler ThirdPersonCharacter] Warning InputAction Event references unknown Action 'Jump' for  InputAction Jump
[2017.07.19-16.34.46:540][  0]LogBlueprint:Warning: [Compiler ThirdPersonCharacter] Warning Input Axis Event references unknown Axis 'LookUp' for  InputAxis LookUp
[2017.07.19-16.34.46:540][  0]LogBlueprint:Warning: [Compiler ThirdPersonCharacter] Warning Input Axis Event references unknown Axis 'Turn' for  InputAxis Turn
[2017.07.19-16.34.46:543][  0]LogBlueprint:Warning: [Compiler ThirdPersonCharacter] Warning [0080.34] Compile of ThirdPersonCharacter successful, but with 6 Warning(s) [in 10 ms] (/Game/ThirdPersonBP/Blueprints/ThirdPersonCharacter.ThirdPersonCharacter)
[2017.07.19-16.34.46:543][  0]LogBlueprint:Warning: [Compiler ThirdPersonCharacter] Warning [0080.34] Compile of ThirdPersonCharacter successful, but with 7 Warning(s) [in 0 ms] (/Game/ThirdPersonBP/Blueprints/ThirdPersonCharacter.ThirdPersonCharacter)
[2017.07.19-16.34.46:543][  0]LogBlueprint:Warning: [Compiler ThirdPersonCharacter] Warning [0080.34] Compile of ThirdPersonCharacter successful, but with 8 Warning(s) [in 0 ms] (/Game/ThirdPersonBP/Blueprints/ThirdPersonCharacter.ThirdPersonCharacter)
[2017.07.19-16.34.46:548][  0]LogBlueprint:Warning: [Compiler ThirdPersonCharacter] Warning InputAction Event references unknown Action 'ResetVR' for  InputAction ResetVR
[2017.07.19-16.34.46:549][  0]LogBlueprint:Warning: [Compiler ThirdPersonCharacter] Warning Input Axis Event references unknown Axis 'LookUpRate' for  InputAxis LookUpRate
[2017.07.19-16.34.46:549][  0]LogBlueprint:Warning: [Compiler ThirdPersonCharacter] Warning Input Axis Event references unknown Axis 'TurnRate' for  InputAxis TurnRate
[2017.07.19-16.34.46:549][  0]LogBlueprint:Warning: [Compiler ThirdPersonCharacter] Warning InputAction Event references unknown Action 'Jump' for  InputAction Jump
[2017.07.19-16.34.46:549][  0]LogBlueprint:Warning: [Compiler ThirdPersonCharacter] Warning Input Axis Event references unknown Axis 'LookUp' for  InputAxis LookUp
[2017.07.19-16.34.46:549][  0]LogBlueprint:Warning: [Compiler ThirdPersonCharacter] Warning Input Axis Event references unknown Axis 'Turn' for  InputAxis Turn
[2017.07.19-16.34.46:553][  0]LogBlueprint:Warning: [Compiler ThirdPersonCharacter] Warning [0080.35] Compile of ThirdPersonCharacter successful, but with 6 Warning(s) [in 7 ms] (/Game/ThirdPersonBP/Blueprints/ThirdPersonCharacter.ThirdPersonCharacter)
[2017.07.19-16.34.46:553][  0]LogBlueprint:Warning: [Compiler ThirdPersonCharacter] Warning [0080.35] Compile of ThirdPersonCharacter successful, but with 7 Warning(s) [in 0 ms] (/Game/ThirdPersonBP/Blueprints/ThirdPersonCharacter.ThirdPersonCharacter)
[2017.07.19-16.34.46:553][  0]LogBlueprint:Warning: [Compiler ThirdPersonCharacter] Warning [0080.35] Compile of ThirdPersonCharacter successful, but with 8 Warning(s) [in 0 ms] (/Game/ThirdPersonBP/Blueprints/ThirdPersonCharacter.ThirdPersonCharacter)
[2017.07.19-16.35.02:458][  0]LogLinker:Warning: Can't find file '/Game/Art/Environment/newdev/FLOORFLOOR'
[2017.07.19-16.35.02:458][  0]LogLinker:Warning: Can't find file for asset '/Game/Art/Environment/newdev/FLOORFLOOR' while loading C:/Users/User/Desktop/Unreal/GitHub/FYP_DumbTesting/Meeting/Content/Art/Environment/Mesh/SM_Corridor_Floor.uasset.
[2017.07.19-16.35.02:458][  0]LoadErrors:Error: Error /Game/Art/Environment/Mesh/SM_Corridor_Floor : Can't find file for asset. /Game/Art/Environment/newdev/FLOORFLOOR
[2017.07.19-16.35.02:458][  0]LogLinker:Warning: Can't find file '/Game/Art/Environment/newdev/FLOORFLOOR'
[2017.07.19-16.35.02:459][  0]LogLinker:Warning: Can't find file for asset '/Game/Art/Environment/newdev/FLOORFLOOR' while loading C:/Users/User/Desktop/Unreal/GitHub/FYP_DumbTesting/Meeting/Content/Art/Environment/Mesh/SM_Corridor_Floor.uasset.
[2017.07.19-16.35.02:459][  0]LoadErrors:Error: Error /Game/Art/Environment/Mesh/SM_Corridor_Floor : Can't find file for asset. /Game/Art/Environment/newdev/FLOORFLOOR
[2017.07.19-16.35.02:482][  0]LogLinker:Warning: Can't find file '/Game/Art/Environment/newdev/zzzzzz'
[2017.07.19-16.35.02:482][  0]LogLinker:Warning: Can't find file for asset '/Game/Art/Environment/newdev/zzzzzz' while loading C:/Users/User/Desktop/Unreal/GitHub/FYP_DumbTesting/Meeting/Content/Art/Environment/Mesh/SM_Corridor_Frame.uasset.
[2017.07.19-16.35.02:482][  0]LoadErrors:Error: Error /Game/Art/Environment/Mesh/SM_Corridor_Frame : Can't find file for asset. /Game/Art/Environment/newdev/zzzzzz
[2017.07.19-16.35.02:482][  0]LogLinker:Warning: Can't find file '/Game/Art/Environment/newdev/zzzzzz'
[2017.07.19-16.35.02:482][  0]LogLinker:Warning: Can't find file for asset '/Game/Art/Environment/newdev/zzzzzz' while loading C:/Users/User/Desktop/Unreal/GitHub/FYP_DumbTesting/Meeting/Content/Art/Environment/Mesh/SM_Corridor_Frame.uasset.
[2017.07.19-16.35.02:482][  0]LoadErrors:Error: Error /Game/Art/Environment/Mesh/SM_Corridor_Frame : Can't find file for asset. /Game/Art/Environment/newdev/zzzzzz
[2017.07.19-16.35.03:289][  0]LogLinker:Warning: Can't find file '/Game/Art/Environment/newdev/2'
[2017.07.19-16.35.03:289][  0]LogLinker:Warning: Can't find file for asset '/Game/Art/Environment/newdev/2' while loading C:/Users/User/Desktop/Unreal/GitHub/FYP_DumbTesting/Meeting/Content/Art/Environment/Mesh/SM_Corridor_Wall.uasset.
[2017.07.19-16.35.03:289][  0]LoadErrors:Error: Error /Game/Art/Environment/Mesh/SM_Corridor_Wall : Can't find file for asset. /Game/Art/Environment/newdev/2
[2017.07.19-16.35.03:290][  0]LogLinker:Warning: Can't find file '/Game/Art/Environment/newdev/2'
[2017.07.19-16.35.03:290][  0]LogLinker:Warning: Can't find file for asset '/Game/Art/Environment/newdev/2' while loading C:/Users/User/Desktop/Unreal/GitHub/FYP_DumbTesting/Meeting/Content/Art/Environment/Mesh/SM_Corridor_Wall.uasset.
[2017.07.19-16.35.03:290][  0]LoadErrors:Error: Error /Game/Art/Environment/Mesh/SM_Corridor_Wall : Can't find file for asset. /Game/Art/Environment/newdev/2
[2017.07.19-16.35.12:691][  0]LogLinker:Warning: Can't find file '/Game/Art/Environment/newdev/2'
[2017.07.19-16.35.12:691][  0]LoadErrors: Info Failed to load /Game/Art/Environment/newdev/2.2 Referenced by SM_Corridor_Wall
[2017.07.19-16.35.12:691][  0]LogLinker:Warning: Can't find file for asset '/Game/Art/Environment/newdev/2' while loading NULL.
[2017.07.19-16.35.12:691][  0]LoadErrors: Info Failed to load /Game/Art/Environment/newdev/2.2 Referenced by SM_Corridor_Wall
[2017.07.19-16.35.12:693][  0]LogLinker:Warning: Can't find file '/Game/Art/Environment/newdev/zzzzzz'
[2017.07.19-16.35.12:693][  0]LoadErrors: Info Failed to load /Game/Art/Environment/newdev/zzzzzz.zzzzzz Referenced by SM_Corridor_Frame
[2017.07.19-16.35.12:693][  0]LogLinker:Warning: Can't find file for asset '/Game/Art/Environment/newdev/zzzzzz' while loading NULL.
[2017.07.19-16.35.12:693][  0]LoadErrors: Info Failed to load /Game/Art/Environment/newdev/zzzzzz.zzzzzz Referenced by SM_Corridor_Frame
[2017.07.19-16.35.12:693][  0]LogLinker:Warning: Can't find file '/Game/Art/Environment/newdev/FLOORFLOOR'
[2017.07.19-16.35.12:693][  0]LoadErrors: Info Failed to load /Game/Art/Environment/newdev/FLOORFLOOR.FLOORFLOOR Referenced by SM_Corridor_Floor
[2017.07.19-16.35.12:693][  0]LogLinker:Warning: Can't find file for asset '/Game/Art/Environment/newdev/FLOORFLOOR' while loading NULL.
[2017.07.19-16.35.12:694][  0]LoadErrors: Info Failed to load /Game/Art/Environment/newdev/FLOORFLOOR.FLOORFLOOR Referenced by SM_Corridor_Floor
[2017.07.19-16.35.46:286][  0]LogTexture:Display: Building textures: TfloorLP_1001_Emissive (AutoDXT, 2048X2048) - 45 MB total VRAM
[2017.07.19-16.35.47:942][  0]LogTexture:Display: Building textures: TfloorLP_1001_BaseColor (AutoDXT, 2048X2048) - 45 MB total VRAM
[2017.07.19-16.35.51:174][  0]LogTexture:Display: Building textures: TfloorLP_1001_OcclusionRoughnessMetallic (AutoDXT, 2048X2048) - 45 MB total VRAM
[2017.07.19-16.35.54:991][  0]LogTexture:Display: Building textures: TfloorLP_1001_Normal (BC5, 2048X2048) - 45 MB total VRAM
[2017.07.19-16.35.56:217][  0]LogMaterial: Missing cached shader map for material M_Floor_T, compiling. 
[2017.07.19-16.35.58:858][  0]LogTemp:Display: Added material ShaderMap 0x00000219D5EDFC80 with Material 0x00000219D26F2B00 to ShaderMapsBeingCompiled
[2017.07.19-16.35.59:936][  0]LogTemp:Display: Kicking off shader compilation for M_Floor_T, GameThreadShaderMap 0x00000219D5EDFC80
[2017.07.19-16.36.01:098][  0]LogTexture:Display: Building textures: cornerpillarLP_1001_OcclusionRoughnessMetallic (AutoDXT, 2048X2048) - 45 MB total VRAM
[2017.07.19-16.36.03:413][  0]LogTexture:Display: Building textures: cornerpillarLP_1001_Normal (BC5, 2048X2048) - 45 MB total VRAM
[2017.07.19-16.36.04:047][  0]LogTexture:Display: Building textures: cornerpillarLP_1001_BaseColor (AutoDXT, 2048X2048) - 45 MB total VRAM
[2017.07.19-16.36.04:706][  0]LogMaterial: Missing cached shader map for material M_CornerPillar, compiling. 
[2017.07.19-16.36.04:707][  0]LogTemp:Display: Added material ShaderMap 0x00000219832E2E80 with Material 0x00000219BB96C400 to ShaderMapsBeingCompiled
[2017.07.19-16.36.04:725][  0]LogTemp:Display: Kicking off shader compilation for M_CornerPillar, GameThreadShaderMap 0x00000219832E2E80
[2017.07.19-16.36.07:230][  0]LogTexture:Display: Building textures: HQ_Lightmap0_7 (AutoDXT, 64X64) - 45 MB total VRAM
[2017.07.19-16.36.21:524][  0]LogTexture:Display: Building textures: HQ_Lightmap1_1 (AutoDXT, 2048X2048) - 45 MB total VRAM
[2017.07.19-16.36.27:392][  0]LogTexture:Display: Building textures: HQ_Lightmap1_2 (AutoDXT, 1024X1024) - 45 MB total VRAM
[2017.07.19-16.36.30:311][  0]LogTexture:Display: Building textures: HQ_Lightmap1_3 (AutoDXT, 1024X1024) - 45 MB total VRAM
[2017.07.19-16.36.36:156][  0]LogTexture:Display: Building textures: HQ_Lightmap1_4 (AutoDXT, 1024X1024) - 45 MB total VRAM
[2017.07.19-16.36.40:750][  0]LogTexture:Display: Building textures: HQ_Lightmap1_5 (AutoDXT, 1024X1024) - 45 MB total VRAM
[2017.07.19-16.36.44:059][  0]LogTexture:Display: Building textures: HQ_Lightmap1_6 (AutoDXT, 512X512) - 45 MB total VRAM
[2017.07.19-16.36.44:384][  0]LogTexture:Display: Building textures: LQ_Lightmap_0_7 (DXT1, 64X64) - 45 MB total VRAM
[2017.07.19-16.36.48:958][  0]LogTexture:Display: Building textures: LQ_Lightmap_1_1 (DXT1, 2048X2048) - 45 MB total VRAM
[2017.07.19-16.36.50:123][  0]LogTexture:Display: Building textures: LQ_Lightmap_1_2 (DXT1, 1024X1024) - 45 MB total VRAM
[2017.07.19-16.36.50:310][  0]LogTexture:Display: Building textures: LQ_Lightmap_1_3 (DXT1, 1024X1024) - 45 MB total VRAM
[2017.07.19-16.36.50:859][  0]LogTexture:Display: Building textures: LQ_Lightmap_1_4 (DXT1, 1024X1024) - 45 MB total VRAM
[2017.07.19-16.36.51:261][  0]LogTexture:Display: Building textures: LQ_Lightmap_1_5 (DXT1, 1024X1024) - 45 MB total VRAM
[2017.07.19-16.36.51:633][  0]LogTexture:Display: Building textures: LQ_Lightmap_1_6 (DXT1, 512X512) - 45 MB total VRAM
[2017.07.19-16.36.53:087][  0]LogStaticMesh: Building static mesh SM_Corner_Pillar...
[2017.07.19-16.36.53:166][  0]LogStaticMesh: Built static mesh [0.10s] /Game/Art/Environment/SM_Corner_Pillar.SM_Corner_Pillar
[2017.07.19-16.36.53:641][  0]LogStaticMesh: Building static mesh SM_Corridor_Floor_T...
[2017.07.19-16.36.53:645][  0]LogStaticMesh: Built static mesh [0.00s] /Game/Art/Environment/SM_Corridor_Floor_T.SM_Corridor_Floor_T
[2017.07.19-16.36.53:646][  0]LogStaticMesh: Building static mesh SM_Corridor_Floor_Tcheat...
[2017.07.19-16.36.53:648][  0]LogStaticMesh: Built static mesh [0.00s] /Game/Art/Environment/SM_Corridor_Floor_Tcheat.SM_Corridor_Floor_Tcheat
[2017.07.19-16.36.59:578][  0]LogAIModule: Creating AISystem for world MockUp_Map
[2017.07.19-16.36.59:626][  0]LogTemp:Display: Finished compile of shader map 0x00000219D5EDFC80
[2017.07.19-16.36.59:626][  0]LogTemp:Display: Shader map M_Floor_T complete, GameThreadShaderMap 0x00000219D5EDFC80, marking material M_Floor_T as finished
[2017.07.19-16.36.59:626][  0]LogTemp:Display: Marking material as finished 0x00000219D26F2B00
[2017.07.19-16.36.59:631][  0]LogTemp:Display: Finished compile of shader map 0x00000219832E2E80
[2017.07.19-16.36.59:631][  0]LogTemp:Display: Shader map M_CornerPillar complete, GameThreadShaderMap 0x00000219832E2E80, marking material M_CornerPillar as finished
[2017.07.19-16.36.59:631][  0]LogTemp:Display: Marking material as finished 0x00000219BB96C400
[2017.07.19-16.36.59:784][  0]LogEditorServer: Finished looking for orphan Actors (0.000 secs)
[2017.07.19-16.36.59:785][  0]Cmd: MAP CHECKDEP NOCLEARLOG
[2017.07.19-16.36.59:907][  0]MapCheck: Info Map check complete: 0 Error(s), 0 Warning(s), took 122.08ms to complete.
[2017.07.19-16.36.59:907][  0]LogFileHelpers: Loading map 'MockUp_Map' took 137.999
[2017.07.19-16.37.00:321][  0]LogCollectionManager: Loaded 0 collections in 0.001087 seconds
[2017.07.19-16.37.00:389][  0]LogFileCache: Scanning file cache for directory 'C:/Users/User/Desktop/Unreal/GitHub/FYP_DumbTesting/Meeting/Saved/Collections/' took 0.01s
[2017.07.19-16.37.00:389][  0]LogFileCache: Scanning file cache for directory 'C:/Users/User/Desktop/Unreal/GitHub/FYP_DumbTesting/Meeting/Content/Developers/User/Collections/' took 0.01s
[2017.07.19-16.37.00:389][  0]LogFileCache: Scanning file cache for directory 'C:/Users/User/Desktop/Unreal/GitHub/FYP_DumbTesting/Meeting/Content/Collections/' took 0.01s
[2017.07.19-16.37.00:389][  0]LogCollectionManager: Rebuilt the GUID cache for 0 collections in 0.000002 seconds
[2017.07.19-16.37.00:399][  0]LogContentBrowser: Native class hierarchy populated in 0.0101 seconds. Added 2250 classes and 455 folders.
[2017.07.19-16.37.00:447][  0]LogContentBrowser: Native class hierarchy updated for 'WidgetCarousel' in 0.0020 seconds. Added 0 classes and 0 folders.
[2017.07.19-16.37.02:047][  0]LogContentBrowser: Native class hierarchy updated for 'AddContentDialog' in 0.0021 seconds. Added 0 classes and 0 folders.
[2017.07.19-16.37.02:125][  0]LogContentBrowser: Native class hierarchy updated for 'SceneOutliner' in 0.0022 seconds. Added 1 classes and 2 folders.
[2017.07.19-16.37.02:165][  0]LogCrashTracker: Crashtracker disabled due to settings.
[2017.07.19-16.37.02:174][  0]LogUObjectGlobals:Warning: Failed to find object 'Class None.'
[2017.07.19-16.37.02:248][  0]LogContentBrowser: Native class hierarchy updated for 'HierarchicalLODOutliner' in 0.0021 seconds. Added 1 classes and 2 folders.
[2017.07.19-16.37.02:248][  0]LogLoad: (Engine Initialization) Total time: 216.04 seconds
[2017.07.19-16.37.02:248][  0]LogLoad: (Engine Initialization) Total Blueprint compile time: 0.34 seconds
[2017.07.19-16.37.02:248][  0]LogExternalProfiler: Found external profiler: VSPerf
[2017.07.19-16.37.02:248][  0]LogExternalProfiler: Using external profiler: VSPerf
[2017.07.19-16.37.02:587][  0]LogOcInput: OculusInput pre-init called
[2017.07.19-16.37.02:609][  0]LogContentStreaming: Texture pool size now 1000 MB
[2017.07.19-16.37.02:642][  0]LogSlate: Took 0.022969 seconds to synchronously load lazily loaded font '../../../Engine/Content/Slate/Fonts/Roboto-Regular.ttf' (155K)
[2017.07.19-16.37.02:664][  0]LogSlate: Took 0.018029 seconds to synchronously load lazily loaded font '../../../Engine/Content/Slate/Fonts/Roboto-Bold.ttf' (160K)
[2017.07.19-16.37.02:683][  0]LogSlate: Took 0.016726 seconds to synchronously load lazily loaded font '../../../Engine/Content/Editor/Slate/Fonts/FontAwesome.ttf' (139K)
[2017.07.19-16.37.02:696][  0]LogSlate: Took 0.009672 seconds to synchronously load lazily loaded font '../../../Engine/Content/Editor/Slate/Fonts/DroidSansMono.ttf' (77K)
[2017.07.19-16.37.02:883][  0]LogSlate: Took 0.013401 seconds to synchronously load lazily loaded font '../../../Engine/Content/Slate/Fonts/Roboto-Light.ttf' (159K)
[2017.07.19-16.37.02:992][  0]LogRenderer: Reallocating scene render targets to support 1212x648 NumSamples 1 (Frame:2).
[2017.07.19-16.37.03:429][  2]LogAssetRegistry: Asset discovery search completed in 177.1476 seconds
[2017.07.19-16.37.03:429][  2]LogCollectionManager: Rebuilt the object cache for 0 collections in 0.000006 seconds (found 0 objects)
[2017.07.19-16.37.03:429][  2]LogCollectionManager: Fixed up redirectors for 0 collections in 0.000202 seconds (updated 0 objects)
[2017.07.19-16.37.20:495][532]MapCheck: New page: Map Check
[2017.07.19-16.37.20:513][532]Cmd: MAP REBUILD ALLVISIBLE
[2017.07.19-16.37.20:513][532]LogEditorServer: Rebuildmap Clear paths rebuilt
[2017.07.19-16.37.21:011][532]LightingResults: New page: Lighting Build - Jul 20, 2017, 8:37:21 AM
[2017.07.19-16.37.21:031][532]LightingResults:Warning: Warning InstancedFoliageActor_0 The total lightmap size for this InstancedStaticMeshComponent is large, consider reducing the component's lightmap resolution or number of mesh instances in this component
[2017.07.19-16.37.21:373][532]LogSwarmInterface: [OpenConnection] Registering TCP channel ...
[2017.07.19-16.37.21:475][532]LogSwarmInterface: [OpenConnection] Connecting to agent ...
[2017.07.19-16.37.21:575][532]LogSwarmInterface: [TryOpenConnection] Testing the Agent
[2017.07.19-16.37.24:325][532]LogSwarmInterface:Error: [TryOpenConnection] Waiting for the agent to start up ...
[2017.07.19-16.37.24:394][532]LogSwarmInterface:Error: System.Net.Sockets.SocketException (0x80004005): No connection could be made because the target machine actively refused it 127.0.0.1:8008

Server stack trace: 
   at System.Net.Sockets.Socket.DoConnect(EndPoint endPointSnapshot, SocketAddress socketAddress)
   at System.Net.Sockets.Socket.Connect(EndPoint remoteEP)
   at System.Runtime.Remoting.Channels.RemoteConnection.CreateNewSocket(EndPoint ipEndPoint)
   at System.Runtime.Remoting.Channels.SocketCache.GetSocket(String machinePortAndSid, Boolean openNew)
   at System.Runtime.Remoting.Channels.Tcp.TcpClientTransportSink.SendRequestWithRetry(IMessage msg, ITransportHeaders requestHeaders, Stream requestStream)
   at System.Runtime.Remoting.Channels.Tcp.TcpClientTransportSink.AsyncProcessRequest(IClientChannelSinkStack sinkStack, IMessage msg, ITransportHeaders headers, Stream stream)
   at System.Runtime.Remoting.Channels.BinaryClientFormatterSink.AsyncProcessMessage(IMessage msg, IMessageSink replySink)

Exception rethrown at [0]: 
   at System.Runtime.Remoting.Proxies.RealProxy.HandleReturnMessage(IMessage reqMsg, IMessage retMsg)
   at System.Runtime.Remoting.Proxies.RealProxy.PrivateInvoke(MessageData& msgData, Int32 type)
   at NSwarm.IAgentInterfaceWrapper.MethodDelegate.EndInvoke(Hashtable& OutParameters, IAsyncResult result)
   at NSwarm.FSwarmInterface.TryOpenConnection(FConnectionCallback CallbackFunc, IntPtr CallbackData, ELogFlags LoggingFlags)
[2017.07.19-16.37.29:534][532]LogSwarmInterface: [TryOpenConnection] Opening Connection to Agent
[2017.07.19-16.37.29:535][532]LogSwarmInterface: [TryOpenConnection] Local Process ID is 5212
[2017.07.19-16.37.34:595][532]LogStaticLightingSystem: Running Lightmass w/ ImmediateImport mode ENABLED
[2017.07.19-16.37.34:595][532]LogStaticLightingSystem: Running Lightmass w/ ImmediateProcess mode ENABLED
[2017.07.19-16.37.34:595][532]LogStaticLightingSystem: Running Lightmass w/ Sorting mode ENABLED
[2017.07.19-16.37.34:596][532]LogStaticLightingSystem: Running Lightmass w/ Mapping paddings ENABLED
[2017.07.19-16.37.34:596][532]LogStaticLightingSystem: Running Lightmass w/ Mapping debug paddings DISABLED
[2017.07.19-16.37.35:366][532]LogEditorBuildUtils: Build time 0:14
[2017.07.19-16.37.35:561][533]LogMaterial: Missing cached shader map for material FLightmassMaterialRenderer M_CornerPillar, compiling. 
[2017.07.19-16.37.35:606][533]LogTemp:Display: Added material ShaderMap 0x0000021A69180800 with Material 0x0000021A69156500 to ShaderMapsBeingCompiled
[2017.07.19-16.37.35:609][533]LogTemp:Display: Kicking off shader compilation for FLightmassMaterialRenderer M_CornerPillar, GameThreadShaderMap 0x0000021A69180800
[2017.07.19-16.37.35:612][533]LogMaterial: Missing cached shader map for material FLightmassMaterialRenderer M_CornerPillar, compiling. 
[2017.07.19-16.37.35:612][533]LogTemp:Display: Added material ShaderMap 0x0000021980F05600 with Material 0x0000021A69155300 to ShaderMapsBeingCompiled
[2017.07.19-16.37.35:615][533]LogTemp:Display: Kicking off shader compilation for FLightmassMaterialRenderer M_CornerPillar, GameThreadShaderMap 0x0000021980F05600
[2017.07.19-16.37.35:648][534]LogMaterial: Missing cached shader map for material FLightmassMaterialRenderer M_Floor_T, compiling. 
[2017.07.19-16.37.35:649][534]LogTemp:Display: Added material ShaderMap 0x0000021980F07200 with Material 0x0000021980F4E200 to ShaderMapsBeingCompiled
[2017.07.19-16.37.35:653][534]LogTemp:Display: Kicking off shader compilation for FLightmassMaterialRenderer M_Floor_T, GameThreadShaderMap 0x0000021980F07200
[2017.07.19-16.37.35:686][534]LogMaterial: Missing cached shader map for material FLightmassMaterialRenderer M_Floor_T, compiling. 
[2017.07.19-16.37.35:687][534]LogTemp:Display: Added material ShaderMap 0x0000021980F54F00 with Material 0x0000021980F4F700 to ShaderMapsBeingCompiled
[2017.07.19-16.37.35:690][534]LogTemp:Display: Kicking off shader compilation for FLightmassMaterialRenderer M_Floor_T, GameThreadShaderMap 0x0000021980F54F00
[2017.07.19-16.37.36:283][535]LogTemp:Display: Finished compile of shader map 0x0000021A69180800
[2017.07.19-16.37.36:283][535]LogTemp:Display: Shader map FLightmassMaterialRenderer M_CornerPillar complete, GameThreadShaderMap 0x0000021A69180800, marking material FLightmassMaterialRenderer M_CornerPillar as finished
[2017.07.19-16.37.36:283][535]LogTemp:Display: Marking material as finished 0x0000021A69156500
[2017.07.19-16.37.36:285][535]LogTemp:Display: Finished compile of shader map 0x0000021980F07200
[2017.07.19-16.37.36:285][535]LogTemp:Display: Shader map FLightmassMaterialRenderer M_Floor_T complete, GameThreadShaderMap 0x0000021980F07200, marking material FLightmassMaterialRenderer M_Floor_T as finished
[2017.07.19-16.37.36:286][535]LogTemp:Display: Marking material as finished 0x0000021980F4E200
[2017.07.19-16.37.36:288][535]LogTemp:Display: Finished compile of shader map 0x0000021980F05600
[2017.07.19-16.37.36:288][535]LogTemp:Display: Shader map FLightmassMaterialRenderer M_CornerPillar complete, GameThreadShaderMap 0x0000021980F05600, marking material FLightmassMaterialRenderer M_CornerPillar as finished
[2017.07.19-16.37.36:289][535]LogTemp:Display: Marking material as finished 0x0000021A69155300
[2017.07.19-16.37.36:292][535]LogTemp:Display: Finished compile of shader map 0x0000021980F54F00
[2017.07.19-16.37.36:292][535]LogTemp:Display: Shader map FLightmassMaterialRenderer M_Floor_T complete, GameThreadShaderMap 0x0000021980F54F00, marking material FLightmassMaterialRenderer M_Floor_T as finished
[2017.07.19-16.37.36:292][535]LogTemp:Display: Marking material as finished 0x0000021980F4F700
[2017.07.19-16.38.06:263][617]LightingResults:Warning: Warning SM_Ivy_Corner Object has overlapping UVs.
[2017.07.19-16.38.06:263][617]LightingResults: Info SM_Ivy_Corner Lightmap UV are overlapping by 2.7%. Please adjust content - Enable Error Coloring to visualize.
[2017.07.19-16.38.11:272][632]LightingResults:Warning: Warning SM_Ivy_Corner Object has overlapping UVs.
[2017.07.19-16.38.11:272][632]LightingResults: Info SM_Ivy_Corner Lightmap UV are overlapping by 2.7%. Please adjust content - Enable Error Coloring to visualize.
[2017.07.19-16.38.15:266][644]LightingResults:Warning: Warning SM_Ivy_Corner Object has overlapping UVs.
[2017.07.19-16.38.15:266][644]LightingResults: Info SM_Ivy_Corner Lightmap UV are overlapping by 2.7%. Please adjust content - Enable Error Coloring to visualize.
[2017.07.19-16.38.27:952][682]LightingResults:Warning: Warning SM_Wire Object has overlapping UVs.
[2017.07.19-16.38.27:952][682]LightingResults: Info SM_Wire Lightmap UV are overlapping by 4.7%. Please adjust content - Enable Error Coloring to visualize.
[2017.07.19-16.38.46:955][739]LightingResults:Warning: Warning SM_Vine_01 Object has overlapping UVs.
[2017.07.19-16.38.46:956][739]LightingResults: Info SM_Vine_01 Lightmap UV are overlapping by 5.2%. Please adjust content - Enable Error Coloring to visualize.
[2017.07.19-16.38.46:956][739]LightingResults:Warning: Warning SM_Vine_01 Object has overlapping UVs.
[2017.07.19-16.38.46:956][739]LightingResults: Info SM_Vine_01 Lightmap UV are overlapping by 5.2%. Please adjust content - Enable Error Coloring to visualize.
[2017.07.19-16.38.57:963][772]LightingResults:Warning: Warning SM_Vine_01 Object has overlapping UVs.
[2017.07.19-16.38.57:963][772]LightingResults: Info SM_Vine_01 Lightmap UV are overlapping by 5.2%. Please adjust content - Enable Error Coloring to visualize.
[2017.07.19-16.39.07:968][802]LightingResults:Warning: Warning SM_Vine_01 Object has overlapping UVs.
[2017.07.19-16.39.07:968][802]LightingResults: Info SM_Vine_01 Lightmap UV are overlapping by 5.2%. Please adjust content - Enable Error Coloring to visualize.
[2017.07.19-16.39.09:632][807]LightingResults:Warning: Warning SM_Vine_01 Object has overlapping UVs.
[2017.07.19-16.39.09:632][807]LightingResults: Info SM_Vine_01 Lightmap UV are overlapping by 5.2%. Please adjust content - Enable Error Coloring to visualize.
[2017.07.19-16.39.15:628][825]Job is a success!
[2017.07.19-16.39.16:015][826]LogSlate: Took 0.000218 seconds to synchronously load lazily loaded font '../../../Engine/Content/Slate/Fonts/Roboto-Light.ttf' (159K)
[2017.07.19-16.39.22:912][826]LogTexture:Display: Building textures: HQ_Lightmap0_1 (AutoDXT, 2048X2048) - 941 MB total VRAM
[2017.07.19-16.39.22:912][826]LogTexture:Display: Building textures: HQ_Lightmap0_2 (AutoDXT, 1024X1024) - 941 MB total VRAM
[2017.07.19-16.39.22:912][826]LogTexture:Display: Building textures: LQ_Lightmap_0_2 (DXT1, 1024X1024) - 941 MB total VRAM
[2017.07.19-16.39.22:912][826]LogTexture:Display: Building textures: HQ_Lightmap0_3 (AutoDXT, 1024X1024) - 941 MB total VRAM
[2017.07.19-16.39.22:912][826]LogTexture:Display: Building textures: LQ_Lightmap_0_3 (DXT1, 1024X1024) - 941 MB total VRAM
[2017.07.19-16.39.22:913][826]LogTexture:Display: Building textures: LQ_Lightmap_0_1 (DXT1, 2048X2048) - 941 MB total VRAM
[2017.07.19-16.39.22:913][826]LogTexture:Display: Building textures: HQ_Lightmap0_4 (AutoDXT, 1024X1024) - 941 MB total VRAM
[2017.07.19-16.39.22:913][826]LogTexture:Display: Building textures: LQ_Lightmap_0_4 (DXT1, 1024X1024) - 941 MB total VRAM
[2017.07.19-16.39.22:913][826]LogTexture:Display: Building textures: HQ_Lightmap0_5 (AutoDXT, 1024X1024) - 941 MB total VRAM
[2017.07.19-16.39.22:913][826]LogTexture:Display: Building textures: LQ_Lightmap_0_5 (DXT1, 1024X1024) - 941 MB total VRAM
[2017.07.19-16.39.22:913][826]LogTexture:Display: Building textures: HQ_Lightmap0_6 (AutoDXT, 1024X1024) - 941 MB total VRAM
[2017.07.19-16.39.22:913][826]LogTexture:Display: Building textures: LQ_Lightmap_0_6 (DXT1, 1024X1024) - 941 MB total VRAM
[2017.07.19-16.39.22:913][826]LogTexture:Display: Building textures: HQ_Lightmap1_7 (AutoDXT, 64X64) - 941 MB total VRAM
[2017.07.19-16.39.22:913][826]LogTexture:Display: Building textures: LQ_Lightmap_1_7 (DXT1, 64X64) - 941 MB total VRAM
[2017.07.19-16.39.30:549][826]Lightmass on ASUS: 1:47 min total, 3.44 sec importing, 848 ms setup, 10.2 sec photons, 1:25 min processing, 0 ms extra exporting [1080/1080 mappings]. Threads: 10:01 min total, 7:31 min processing.
[2017.07.19-16.39.30:688][826]LogStaticLightingSystem: Illumination: 2:09 min (5.54 sec encoding lightmaps, 1.12 sec encoding shadowmaps)
[2017.07.19-16.39.30:688][826]LogStaticLightingSystem: Lightmap texture memory:  18.0 MB (16.0 MB streaming, 2.0 MB non-streaming), 14 textures
[2017.07.19-16.39.30:688][826]LogStaticLightingSystem: Shadowmap texture memory: 0.0 MB (0.0 MB streaming, 0.0 MB non-streaming), 0 textures
[2017.07.19-16.39.31:843][826]DumpUnbuiltLightIteractions
[2017.07.19-16.39.31:843][826]Lights with unbuilt interactions: 0
[2017.07.19-16.39.31:843][826]
[2017.07.19-16.39.31:843][826]Primitives with unbuilt interactions: 0
[2017.07.19-16.39.31:940][827]Cmd: MAP CHECK NOTIFYRESULTS
[2017.07.19-16.39.31:940][827]MapCheck: New page: MockUp_Map - Jul 20, 2017, 8:39:31 AM
[2017.07.19-16.39.32:492][827]MapCheck:Warning: Warning 123_gwIvy002_3 Static mesh actor has NULL StaticMesh property 
[2017.07.19-16.39.32:492][827]MapCheck:Warning: Warning 123_gwIvy002_3 Static mesh actor has NULL StaticMesh property 
[2017.07.19-16.39.32:492][827]MapCheck:Warning: Warning 123_gwIvy003_6 Static mesh actor has NULL StaticMesh property 
[2017.07.19-16.39.32:492][827]MapCheck:Warning: Warning 123_gwIvy003_6 Static mesh actor has NULL StaticMesh property 
[2017.07.19-16.39.32:492][827]MapCheck:Warning: Warning 124_5 Static mesh actor has NULL StaticMesh property 
[2017.07.19-16.39.32:492][827]MapCheck:Warning: Warning 124_5 Static mesh actor has NULL StaticMesh property 
[2017.07.19-16.39.32:493][827]MapCheck:Warning: Warning 125_8 Static mesh actor has NULL StaticMesh property 
[2017.07.19-16.39.32:493][827]MapCheck:Warning: Warning 125_8 Static mesh actor has NULL StaticMesh property 
[2017.07.19-16.39.32:493][827]MapCheck:Warning: Warning 126 Static mesh actor has NULL StaticMesh property 
[2017.07.19-16.39.32:493][827]MapCheck:Warning: Warning 126 Static mesh actor has NULL StaticMesh property 
[2017.07.19-16.39.32:493][827]MapCheck:Warning: Warning 127 Static mesh actor has NULL StaticMesh property 
[2017.07.19-16.39.32:493][827]MapCheck:Warning: Warning 127 Static mesh actor has NULL StaticMesh property 
[2017.07.19-16.39.32:493][827]MapCheck:Warning: Warning 128 Static mesh actor has NULL StaticMesh property 
[2017.07.19-16.39.32:493][827]MapCheck:Warning: Warning 128 Static mesh actor has NULL StaticMesh property 
[2017.07.19-16.39.32:493][827]MapCheck:Warning: Warning 129 Static mesh actor has NULL StaticMesh property 
[2017.07.19-16.39.32:494][827]MapCheck:Warning: Warning 129 Static mesh actor has NULL StaticMesh property 
[2017.07.19-16.39.32:494][827]MapCheck:Warning: Warning 130 Static mesh actor has NULL StaticMesh property 
[2017.07.19-16.39.32:494][827]MapCheck:Warning: Warning 130 Static mesh actor has NULL StaticMesh property 
[2017.07.19-16.39.32:494][827]MapCheck:Warning: Warning 131 Static mesh actor has NULL StaticMesh property 
[2017.07.19-16.39.32:494][827]MapCheck:Warning: Warning 131 Static mesh actor has NULL StaticMesh property 
[2017.07.19-16.39.32:494][827]MapCheck:Warning: Warning 132 Static mesh actor has NULL StaticMesh property 
[2017.07.19-16.39.32:494][827]MapCheck:Warning: Warning 132 Static mesh actor has NULL StaticMesh property 
[2017.07.19-16.39.32:494][827]MapCheck:Warning: Warning 133 Static mesh actor has NULL StaticMesh property 
[2017.07.19-16.39.32:494][827]MapCheck:Warning: Warning 133 Static mesh actor has NULL StaticMesh property 
[2017.07.19-16.39.32:495][827]MapCheck:Warning: Warning 134 Static mesh actor has NULL StaticMesh property 
[2017.07.19-16.39.32:495][827]MapCheck:Warning: Warning 134 Static mesh actor has NULL StaticMesh property 
[2017.07.19-16.39.32:495][827]MapCheck:Warning: Warning 135 Static mesh actor has NULL StaticMesh property 
[2017.07.19-16.39.32:495][827]MapCheck:Warning: Warning 135 Static mesh actor has NULL StaticMesh property 
[2017.07.19-16.39.32:495][827]MapCheck:Warning: Warning 136 Static mesh actor has NULL StaticMesh property 
[2017.07.19-16.39.32:495][827]MapCheck:Warning: Warning 136 Static mesh actor has NULL StaticMesh property 
[2017.07.19-16.39.32:495][827]MapCheck:Warning: Warning 137 Static mesh actor has NULL StaticMesh property 
[2017.07.19-16.39.32:495][827]MapCheck:Warning: Warning 137 Static mesh actor has NULL StaticMesh property 
[2017.07.19-16.39.32:496][827]MapCheck:Warning: Warning 138 Static mesh actor has NULL StaticMesh property 
[2017.07.19-16.39.32:496][827]MapCheck:Warning: Warning 138 Static mesh actor has NULL StaticMesh property 
[2017.07.19-16.39.32:496][827]MapCheck:Warning: Warning 139 Static mesh actor has NULL StaticMesh property 
[2017.07.19-16.39.32:496][827]MapCheck:Warning: Warning 139 Static mesh actor has NULL StaticMesh property 
[2017.07.19-16.39.32:496][827]MapCheck:Warning: Warning 140 Static mesh actor has NULL StaticMesh property 
[2017.07.19-16.39.32:496][827]MapCheck:Warning: Warning 140 Static mesh actor has NULL StaticMesh property 
[2017.07.19-16.39.32:496][827]MapCheck:Warning: Warning 141 Static mesh actor has NULL StaticMesh property 
[2017.07.19-16.39.32:496][827]MapCheck:Warning: Warning 141 Static mesh actor has NULL StaticMesh property 
[2017.07.19-16.39.32:496][827]MapCheck:Warning: Warning 142 Static mesh actor has NULL StaticMesh property 
[2017.07.19-16.39.32:497][827]MapCheck:Warning: Warning 142 Static mesh actor has NULL StaticMesh property 
[2017.07.19-16.39.32:497][827]MapCheck:Warning: Warning 1_4 Static mesh actor has NULL StaticMesh property 
[2017.07.19-16.39.32:497][827]MapCheck:Warning: Warning 1_4 Static mesh actor has NULL StaticMesh property 
[2017.07.19-16.39.32:497][827]MapCheck:Warning: Warning 2_6 Static mesh actor has NULL StaticMesh property 
[2017.07.19-16.39.32:497][827]MapCheck:Warning: Warning 2_6 Static mesh actor has NULL StaticMesh property 
[2017.07.19-16.39.32:497][827]MapCheck:Warning: Warning 3_8 Static mesh actor has NULL StaticMesh property 
[2017.07.19-16.39.32:497][827]MapCheck:Warning: Warning 3_8 Static mesh actor has NULL StaticMesh property 
[2017.07.19-16.39.32:497][827]MapCheck:Warning: Warning 4 Static mesh actor has NULL StaticMesh property 
[2017.07.19-16.39.32:497][827]MapCheck:Warning: Warning 4 Static mesh actor has NULL StaticMesh property 
[2017.07.19-16.39.32:498][827]MapCheck:Warning: Warning 5 Static mesh actor has NULL StaticMesh property 
[2017.07.19-16.39.32:498][827]MapCheck:Warning: Warning 5 Static mesh actor has NULL StaticMesh property 
[2017.07.19-16.39.32:498][827]MapCheck:Warning: Warning 6 Static mesh actor has NULL StaticMesh property 
[2017.07.19-16.39.32:498][827]MapCheck:Warning: Warning 6 Static mesh actor has NULL StaticMesh property 
[2017.07.19-16.39.32:498][827]MapCheck:Warning: Warning 7 Static mesh actor has NULL StaticMesh property 
[2017.07.19-16.39.32:498][827]MapCheck:Warning: Warning 7 Static mesh actor has NULL StaticMesh property 
[2017.07.19-16.39.32:498][827]MapCheck:Warning: Warning 8 Static mesh actor has NULL StaticMesh property 
[2017.07.19-16.39.32:498][827]MapCheck:Warning: Warning 8 Static mesh actor has NULL StaticMesh property 
[2017.07.19-16.39.32:751][827]MapCheck:Warning: Warning SM_Corridor_Intersection_Ceiling2_8 Static mesh actor has NULL StaticMesh property 
[2017.07.19-16.39.32:751][827]MapCheck:Warning: Warning SM_Corridor_Intersection_Ceiling2_8 Static mesh actor has NULL StaticMesh property 
[2017.07.19-16.39.32:751][827]MapCheck:Warning: Warning SM_Corridor_Intersection_Ceiling_111 Static mesh actor has NULL StaticMesh property 
[2017.07.19-16.39.32:751][827]MapCheck:Warning: Warning SM_Corridor_Intersection_Ceiling_111 Static mesh actor has NULL StaticMesh property 
[2017.07.19-16.39.32:754][827]MapCheck:Warning: Performance Warning SM_OuterShit2 Large actor receives a pre-shadow and will cause an extreme performance hit unless bCastDynamicShadow is set to false. 
[2017.07.19-16.39.32:760][827]MapCheck:Warning: Performance Warning SM_OuterShit3 Large actor receives a pre-shadow and will cause an extreme performance hit unless bCastDynamicShadow is set to false. 
[2017.07.19-16.39.32:760][827]MapCheck:Warning: Performance Warning SM_OuterShit4 Large actor receives a pre-shadow and will cause an extreme performance hit unless bCastDynamicShadow is set to false. 
[2017.07.19-16.39.32:760][827]MapCheck:Warning: Performance Warning SM_OuterShit_2 Large actor receives a pre-shadow and will cause an extreme performance hit unless bCastDynamicShadow is set to false. 
[2017.07.19-16.39.32:906][827]MapCheck: Info Map check complete: 0 Error(s), 66 Warning(s), took 965.893ms to complete.
[2017.07.19-16.41.04:824][287]LogTemp: Repeting last play command: Selected Viewport
[2017.07.19-16.41.04:888][287]LogBlueprintUserMessages: Early PlayInEditor Detection: Level '/Game/ThirdPersonBP/Maps/MockUp_Map.MockUp_Map:PersistentLevel' has LevelScriptBlueprint '/Game/ThirdPersonBP/Maps/MockUp_Map.MockUp_Map:PersistentLevel.MockUp_Map' with GeneratedClass '/Game/ThirdPersonBP/Maps/MockUp_Map.MockUp_Map_C' with ClassGeneratedBy '/Game/ThirdPersonBP/Maps/MockUp_Map.MockUp_Map:PersistentLevel.MockUp_Map'
[2017.07.19-16.41.04:910][287]LogPlayLevel: PlayLevel: No blueprints needed recompiling
[2017.07.19-16.41.04:970][287]PIE: New page: PIE session: MockUp_Map (Jul 20, 2017, 8:41:04 AM)
[2017.07.19-16.41.04:997][287]LogPlayLevel: Creating play world package: /Game/ThirdPersonBP/Maps/UEDPIE_0_MockUp_Map
[2017.07.19-16.41.05:240][287]LogPlayLevel: PIE: StaticDuplicateObject took: (0.242307s)
[2017.07.19-16.41.05:241][287]LogAIModule: Creating AISystem for world MockUp_Map
[2017.07.19-16.41.05:241][287]LogPlayLevel: PIE: World Init took: (0.000839s)
[2017.07.19-16.41.05:253][287]LogPlayLevel: PIE: Created PIE world by copying editor world from /Game/ThirdPersonBP/Maps/MockUp_Map.MockUp_Map to /Game/ThirdPersonBP/Maps/UEDPIE_0_MockUp_Map.MockUp_Map (0.268604s)
[2017.07.19-16.41.05:290][287]LogInit: XAudio2 using 'Speakers (Realtek High Definition Audio)' : 2 channels at 48 kHz using 32 bits per sample (channel mask 0x3)
[2017.07.19-16.41.05:298][287]LogInit: FAudioDevice initialized.
[2017.07.19-16.41.05:502][287]LogLoad: Game class is 'MeetingGameModeBase_BP_C'
[2017.07.19-16.41.05:653][287]LogWorld: Bringing World /Game/ThirdPersonBP/Maps/UEDPIE_0_MockUp_Map.MockUp_Map up for play (max tick rate 0) at 2017.07.20-00.41.05
[2017.07.19-16.41.05:794][287]LogWorld: Bringing up level for play took: 0.166278
[2017.07.19-16.41.07:922][287]LogContentBrowser: Native class hierarchy updated for 'MovieSceneCapture' in 0.0026 seconds. Added 11 classes and 0 folders.
[2017.07.19-16.41.08:712][287]PIE: Info Play in editor start time for /Game/ThirdPersonBP/Maps/UEDPIE_0_MockUp_Map 3.925
[2017.07.19-16.41.08:724][287]LogBlueprintUserMessages: Late PlayInEditor Detection: Level '/Game/ThirdPersonBP/Maps/MockUp_Map.MockUp_Map:PersistentLevel' has LevelScriptBlueprint '/Game/ThirdPersonBP/Maps/MockUp_Map.MockUp_Map:PersistentLevel.MockUp_Map' with GeneratedClass '/Game/ThirdPersonBP/Maps/MockUp_Map.MockUp_Map_C' with ClassGeneratedBy '/Game/ThirdPersonBP/Maps/MockUp_Map.MockUp_Map:PersistentLevel.MockUp_Map'
[2017.07.19-16.41.48:828][340]LogBlueprintUserMessages: Early EndPlayMap Detection: Level '/Game/ThirdPersonBP/Maps/MockUp_Map.MockUp_Map:PersistentLevel' has LevelScriptBlueprint '/Game/ThirdPersonBP/Maps/MockUp_Map.MockUp_Map:PersistentLevel.MockUp_Map' with GeneratedClass '/Game/ThirdPersonBP/Maps/MockUp_Map.MockUp_Map_C' with ClassGeneratedBy '/Game/ThirdPersonBP/Maps/MockUp_Map.MockUp_Map:PersistentLevel.MockUp_Map'
[2017.07.19-16.41.49:005][340]LogBlueprintUserMessages: Late EndPlayMap Detection: Level '/Game/ThirdPersonBP/Maps/MockUp_Map.MockUp_Map:PersistentLevel' has LevelScriptBlueprint '/Game/ThirdPersonBP/Maps/MockUp_Map.MockUp_Map:PersistentLevel.MockUp_Map' with GeneratedClass '/Game/ThirdPersonBP/Maps/MockUp_Map.MockUp_Map_C' with ClassGeneratedBy '/Game/ThirdPersonBP/Maps/MockUp_Map.MockUp_Map:PersistentLevel.MockUp_Map'
[2017.07.19-16.41.51:483][412]LogSavePackage: Save=1377.28ms
[2017.07.19-16.41.51:483][412]LogSavePackage: Moving 'C:/Users/User/Desktop/Unreal/GitHub/FYP_DumbTesting/Meeting/Saved/MockUp_Map41C9D68346058034B68873B1FC9195C8.tmp' to 'C:/Users/User/Desktop/Unreal/GitHub/FYP_DumbTesting/Meeting/Content/ThirdPersonBP/Maps/MockUp_Map.umap'
[2017.07.19-16.41.51:556][412]LogSavePackage:Display: Finished SavePackage C:/Users/User/Desktop/Unreal/GitHub/FYP_DumbTesting/Meeting/Content/ThirdPersonBP/Maps/MockUp_Map.umap
[2017.07.19-16.41.51:607][412]LogSlate: Took 0.019799 seconds to synchronously load lazily loaded font '../../../Engine/Content/Slate/Fonts/Roboto-Regular.ttf' (155K)
[2017.07.19-16.41.54:396][412]LogSavePackage: Save=1191.01ms
[2017.07.19-16.41.54:396][412]LogSavePackage: Moving 'C:/Users/User/Desktop/Unreal/GitHub/FYP_DumbTesting/Meeting/Saved/MockUp_Map_BuiltDataAE0CBA5A46F4242DB86B67B1534AC9E1.tmp' to 'C:/Users/User/Desktop/Unreal/GitHub/FYP_DumbTesting/Meeting/Content/ThirdPersonBP/Maps/MockUp_Map_BuiltData.uasset'
[2017.07.19-16.41.54:427][412]LogSavePackage:Display: Finished SavePackage C:/Users/User/Desktop/Unreal/GitHub/FYP_DumbTesting/Meeting/Content/ThirdPersonBP/Maps/MockUp_Map_BuiltData.uasset
[2017.07.19-16.41.56:579][633]LogWindowsTextInputMethodSystem:Display: IME system now deactivated.
[2017.07.19-16.41.57:347][634]Cmd: QUIT_EDITOR
[2017.07.19-16.41.58:586][634]LogExit: Preparing to exit.
[2017.07.19-16.41.59:899][634]LogExit: Editor shut down
[2017.07.19-16.41.59:899][634]LogExit: Transaction tracking system shut down
[2017.07.19-16.42.01:852][634]LogObj: Freed 0b from 0 cluster array pools.
[2017.07.19-16.42.01:853][634]LogExit: Object subsystem successfully closed.
[2017.07.19-16.42.02:342][634]LogD3D11RHI: Shutdown
[2017.07.19-16.42.02:342][634]LogD3D11RHI: CleanupD3DDevice
[2017.07.19-16.42.02:561][634]LogD3D11RHI: ~FD3D11DynamicRHI
[2017.07.19-16.42.03:530][634]LogModuleManager: Shutting down and abandoning module MovieSceneCapture (502)
[2017.07.19-16.42.03:530][634]LogModuleManager: Shutting down and abandoning module HierarchicalLODOutliner (500)
[2017.07.19-16.42.03:542][634]LogModuleManager: Shutting down and abandoning module CrashTracker (498)
[2017.07.19-16.42.03:542][634]LogModuleManager: Shutting down and abandoning module SceneOutliner (496)
[2017.07.19-16.42.03:542][634]LogModuleManager: Shutting down and abandoning module AddContentDialog (494)
[2017.07.19-16.42.03:570][634]LogDirectoryWatcher: A directory notification for 'D:/UE_4.15/FeaturePacks/' was aborted.
[2017.07.19-16.42.03:571][634]LogModuleManager: Shutting down and abandoning module WidgetCarousel (493)
[2017.07.19-16.42.03:571][634]LogModuleManager: Shutting down and abandoning module EditorWidgets (490)
[2017.07.19-16.42.03:571][634]LogModuleManager: Shutting down and abandoning module CollectionManager (488)
[2017.07.19-16.42.03:581][634]LogDirectoryWatcher: A directory notification for 'C:/Users/User/Desktop/Unreal/GitHub/FYP_DumbTesting/Meeting/Content/Collections/' was aborted.
[2017.07.19-16.42.03:581][634]LogDirectoryWatcher: A directory notification for 'C:/Users/User/Desktop/Unreal/GitHub/FYP_DumbTesting/Meeting/Content/Developers/User/Collections/' was aborted.
[2017.07.19-16.42.03:581][634]LogDirectoryWatcher: A directory notification for 'C:/Users/User/Desktop/Unreal/GitHub/FYP_DumbTesting/Meeting/Saved/Collections/' was aborted.
[2017.07.19-16.42.03:581][634]LogModuleManager: Shutting down and abandoning module StatsViewer (486)
[2017.07.19-16.42.03:595][634]LogModuleManager: Shutting down and abandoning module FoliageEdit (484)
[2017.07.19-16.42.03:606][634]LogModuleManager: Shutting down and abandoning module LandscapeEditor (482)
[2017.07.19-16.42.03:642][634]LogModuleManager: Shutting down and abandoning module SceneDepthPickerMode (480)
[2017.07.19-16.42.03:642][634]LogModuleManager: Shutting down and abandoning module ActorPickerMode (478)
[2017.07.19-16.42.03:642][634]LogModuleManager: Shutting down and abandoning module GeometryMode (476)
[2017.07.19-16.42.03:642][634]LogModuleManager: Shutting down and abandoning module TextureAlignMode (474)
[2017.07.19-16.42.03:642][634]LogModuleManager: Shutting down and abandoning module BspMode (472)
[2017.07.19-16.42.03:655][634]LogModuleManager: Shutting down and abandoning module HardwareSurvey (470)
[2017.07.19-16.42.03:670][634]LogModuleManager: Shutting down and abandoning module SequenceRecorderSections (468)
[2017.07.19-16.42.03:678][634]LogModuleManager: Shutting down and abandoning module AutomationWorker (466)
[2017.07.19-16.42.03:685][634]LogModuleManager: Shutting down and abandoning module MatineeToLevelSequence (464)
[2017.07.19-16.42.03:700][634]LogModuleManager: Shutting down and abandoning module LevelSequenceEditor (462)
[2017.07.19-16.42.03:765][634]LogModuleManager: Shutting down and abandoning module PlacementMode (461)
[2017.07.19-16.42.03:765][634]LogModuleManager: Shutting down and abandoning module WmfMediaFactory (458)
[2017.07.19-16.42.03:765][634]LogModuleManager: Shutting down and abandoning module WmfMediaEditor (456)
[2017.07.19-16.42.03:765][634]LogModuleManager: Shutting down and abandoning module MfMediaFactory (454)
[2017.07.19-16.42.03:765][634]LogModuleManager: Shutting down and abandoning module MfMediaEditor (452)
[2017.07.19-16.42.03:765][634]LogModuleManager: Shutting down and abandoning module AvfMediaFactory (450)
[2017.07.19-16.42.03:765][634]LogModuleManager: Shutting down and abandoning module AvfMediaEditor (448)
[2017.07.19-16.42.03:765][634]LogModuleManager: Shutting down and abandoning module AndroidMediaFactory (446)
[2017.07.19-16.42.03:765][634]LogModuleManager: Shutting down and abandoning module Media (445)
[2017.07.19-16.42.03:765][634]LogModuleManager: Shutting down and abandoning module AndroidMediaEditor (442)
[2017.07.19-16.42.03:765][634]LogModuleManager: Shutting down and abandoning module CharacterAI (440)
[2017.07.19-16.42.03:765][634]LogModuleManager: Shutting down and abandoning module AudioCapture (438)
[2017.07.19-16.42.03:777][634]LogModuleManager: Shutting down and abandoning module SequenceRecorder (437)
[2017.07.19-16.42.03:813][634]LogModuleManager: Shutting down and abandoning module SmartSnapping (434)
[2017.07.19-16.42.03:813][634]LogModuleManager: Shutting down and abandoning module SessionServices (432)
[2017.07.19-16.42.03:813][634]LogModuleManager: Shutting down and abandoning module ViewportSnapping (430)
[2017.07.19-16.42.03:813][634]LogModuleManager: Shutting down and abandoning module ViewportInteraction (428)
[2017.07.19-16.42.03:813][634]LogModuleManager: Shutting down and abandoning module LogVisualizer (426)
[2017.07.19-16.42.03:831][634]LogModuleManager: Shutting down and abandoning module IntroTutorials (424)
[2017.07.19-16.42.03:836][634]LogModuleManager: Shutting down and abandoning module GameProjectGeneration (423)
[2017.07.19-16.42.03:855][634]LogModuleManager: Shutting down and abandoning module EditorLiveStreaming (420)
[2017.07.19-16.42.03:855][634]LogModuleManager: Shutting down and abandoning module IOSPlatformEditor (418)
[2017.07.19-16.42.03:855][634]LogModuleManager: Shutting down and abandoning module HTML5PlatformEditor (416)
[2017.07.19-16.42.03:855][634]LogModuleManager: Shutting down and abandoning module AndroidPlatformEditor (414)
[2017.07.19-16.42.03:862][634]LogModuleManager: Shutting down and abandoning module AndroidDeviceDetection (413)
[2017.07.19-16.42.03:933][634]LogModuleManager: Shutting down and abandoning module IOSRuntimeSettings (410)
[2017.07.19-16.42.03:933][634]LogModuleManager: Shutting down and abandoning module AndroidRuntimeSettings (408)
[2017.07.19-16.42.03:933][634]LogModuleManager: Shutting down and abandoning module InputBindingEditor (406)
[2017.07.19-16.42.03:949][634]LogModuleManager: Shutting down and abandoning module NiagaraEditor (404)
[2017.07.19-16.42.03:989][634]LogModuleManager: Shutting down and abandoning module MergeActors (402)
[2017.07.19-16.42.03:999][634]LogModuleManager: Shutting down and abandoning module SizeMap (400)
[2017.07.19-16.42.04:006][634]LogModuleManager: Shutting down and abandoning module TreeMap (398)
[2017.07.19-16.42.04:017][634]LogModuleManager: Shutting down and abandoning module ReferenceViewer (396)
[2017.07.19-16.42.04:017][634]LogModuleManager: Shutting down and abandoning module LocalizationDashboard (394)
[2017.07.19-16.42.04:027][634]LogModuleManager: Shutting down and abandoning module LocalizationService (393)
[2017.07.19-16.42.04:039][634]LogModuleManager: Shutting down and abandoning module HardwareTargeting (390)
[2017.07.19-16.42.04:056][634]LogModuleManager: Shutting down and abandoning module DeviceProfileEditor (388)
[2017.07.19-16.42.04:070][634]LogModuleManager: Shutting down and abandoning module UndoHistory (386)
[2017.07.19-16.42.04:083][634]LogModuleManager: Shutting down and abandoning module UserFeedback (384)
[2017.07.19-16.42.04:083][634]LogModuleManager: Shutting down and abandoning module XmlParser (382)
[2017.07.19-16.42.04:086][634]LogModuleManager: Shutting down and abandoning module Blutility (380)
[2017.07.19-16.42.04:096][634]LogModuleManager: Shutting down and abandoning module ProjectSettingsViewer (378)
[2017.07.19-16.42.04:096][634]LogModuleManager: Shutting down and abandoning module ProjectTargetPlatformEditor (377)
[2017.07.19-16.42.04:096][634]LogModuleManager: Shutting down and abandoning module EditorSettingsViewer (374)
[2017.07.19-16.42.04:096][634]LogModuleManager: Shutting down and abandoning module SettingsEditor (372)
[2017.07.19-16.42.04:113][634]LogModuleManager: Shutting down and abandoning module ProjectLauncher (370)
[2017.07.19-16.42.04:130][634]LogModuleManager: Shutting down and abandoning module SessionFrontend (368)
[2017.07.19-16.42.04:147][634]LogModuleManager: Shutting down and abandoning module ProfilerClient (366)
[2017.07.19-16.42.04:163][634]LogModuleManager: Shutting down and abandoning module DeviceManager (364)
[2017.07.19-16.42.04:173][634]LogModuleManager: Shutting down and abandoning module TargetDeviceServices (363)
[2017.07.19-16.42.04:226][634]LogModuleManager: Shutting down and abandoning module AutomationController (360)
[2017.07.19-16.42.04:237][634]LogModuleManager: Shutting down and abandoning module AutomationWindow (358)
[2017.07.19-16.42.04:265][634]LogModuleManager: Shutting down and abandoning module Layers (356)
[2017.07.19-16.42.04:286][634]LogModuleManager: Shutting down and abandoning module ComponentVisualizers (354)
[2017.07.19-16.42.04:286][634]LogModuleManager: Shutting down and abandoning module DetailCustomizations (352)
[2017.07.19-16.42.04:313][634]LogModuleManager: Shutting down and abandoning module PackagesDialog (350)
[2017.07.19-16.42.04:313][634]LogModuleManager: Shutting down and abandoning module Persona (348)
[2017.07.19-16.42.04:344][634]LogModuleManager: Shutting down and abandoning module AnimGraph (347)
[2017.07.19-16.42.04:344][634]LogModuleManager: Shutting down and abandoning module Kismet (344)
[2017.07.19-16.42.04:358][634]LogModuleManager: Shutting down and abandoning module GraphEditor (342)
[2017.07.19-16.42.04:413][634]LogModuleManager: Shutting down and abandoning module ClassViewer (340)
[2017.07.19-16.42.04:413][634]LogModuleManager: Shutting down and abandoning module Toolbox (338)
[2017.07.19-16.42.04:427][634]LogModuleManager: Shutting down and abandoning module ModuleUI (336)
[2017.07.19-16.42.04:444][634]LogModuleManager: Shutting down and abandoning module MovieSceneTools (334)
[2017.07.19-16.42.04:451][634]LogModuleManager: Shutting down and abandoning module OutputLog (332)
[2017.07.19-16.42.04:451][634]LogModuleManager: Shutting down and abandoning module GammaUI (330)
[2017.07.19-16.42.04:461][634]LogModuleManager: Shutting down and abandoning module Documentation (328)
[2017.07.19-16.42.04:461][634]LogModuleManager: Shutting down and abandoning module Niagara (326)
[2017.07.19-16.42.04:461][634]LogModuleManager: Shutting down and abandoning module StreamingPauseRendering (324)
[2017.07.19-16.42.04:461][634]LogModuleManager: Shutting down and abandoning module AnalyticsET (322)
[2017.07.19-16.42.04:461][634]LogModuleManager: Shutting down and abandoning module PortalServices (320)
[2017.07.19-16.42.04:461][634]LogModuleManager: Shutting down and abandoning module PortalRpc (318)
[2017.07.19-16.42.04:461][634]LogModuleManager: Shutting down and abandoning module MessagingRpc (316)
[2017.07.19-16.42.04:461][634]LogModuleManager: Shutting down and abandoning module AIModule (314)
[2017.07.19-16.42.04:461][634]LogModuleManager: Shutting down and abandoning module GameplayDebugger (313)
[2017.07.19-16.42.04:461][634]LogModuleManager: Shutting down and abandoning module AITestSuite (311)
[2017.07.19-16.42.04:461][634]LogModuleManager: Shutting down and abandoning module ProfilerService (308)
[2017.07.19-16.42.04:592][634]LogModuleManager: Shutting down and abandoning module TaskGraph (306)
[2017.07.19-16.42.04:641][634]LogModuleManager: Shutting down and abandoning module SteamVRController (304)
[2017.07.19-16.42.04:641][634]LogModuleManager: Shutting down and abandoning module SteamVR (302)
[2017.07.19-16.42.04:641][634]LogModuleManager: Shutting down and abandoning module ProceduralMeshComponentEditor (300)
[2017.07.19-16.42.04:641][634]LogModuleManager: Shutting down and abandoning module ProceduralMeshComponent (298)
[2017.07.19-16.42.04:651][634]LogModuleManager: Shutting down and abandoning module OculusLibrary (296)
[2017.07.19-16.42.04:651][634]LogModuleManager: Shutting down and abandoning module OculusInput (294)
[2017.07.19-16.42.04:651][634]LogModuleManager: Shutting down and abandoning module MobilePatchingUtils (292)
[2017.07.19-16.42.04:651][634]LogModuleManager: Shutting down and abandoning module CustomMeshComponent (290)
[2017.07.19-16.42.04:651][634]LogModuleManager: Shutting down and abandoning module CableComponent (288)
[2017.07.19-16.42.04:657][634]LogModuleManager: Shutting down and abandoning module ArchVisCharacter (286)
[2017.07.19-16.42.04:657][634]LogModuleManager: Shutting down and abandoning module MediaPlayerEditor (282)
[2017.07.19-16.42.04:695][634]LogModuleManager: Shutting down and abandoning module HTML5Networking (280)
[2017.07.19-16.42.04:695][634]LogModuleManager: Shutting down and abandoning module AlembicImporter (278)
[2017.07.19-16.42.04:704][634]LogModuleManager: Shutting down and abandoning module AlembicLibrary (277)
[2017.07.19-16.42.04:704][634]LogModuleManager: Shutting down and abandoning module GeometryCache (276)
[2017.07.19-16.42.04:704][634]LogModuleManager: Shutting down and abandoning module GeometryCacheEd (275)
[2017.07.19-16.42.04:704][634]LogModuleManager: Shutting down and abandoning module SuperSearchEditor (270)
[2017.07.19-16.42.04:704][634]LogModuleManager: Shutting down and abandoning module SuperSearch (269)
[2017.07.19-16.42.04:704][634]LogModuleManager: Shutting down and abandoning module SpeedTreeImporter (266)
[2017.07.19-16.42.04:704][634]LogModuleManager: Shutting down and abandoning module PluginBrowser (264)
[2017.07.19-16.42.04:729][634]LogModuleManager: Shutting down and abandoning module MobileLauncherProfileWizard (262)
[2017.07.19-16.42.04:739][634]LogModuleManager: Shutting down and abandoning module EpicSurvey (260)
[2017.07.19-16.42.04:739][634]LogModuleManager: Shutting down and abandoning module VisualStudioSourceCodeAccess (258)
[2017.07.19-16.42.04:739][634]LogModuleManager: Shutting down and abandoning module DesktopPlatform (257)
[2017.07.19-16.42.04:748][634]LogModuleManager: Shutting down and abandoning module UObjectPlugin (254)
[2017.07.19-16.42.04:748][634]LogModuleManager: Shutting down and abandoning module SubversionSourceControl (252)
[2017.07.19-16.42.04:762][634]LogModuleManager: Shutting down and abandoning module PerforceSourceControl (250)
[2017.07.19-16.42.04:778][634]LogModuleManager: Shutting down and abandoning module GitSourceControl (248)
[2017.07.19-16.42.04:781][634]LogModuleManager: Shutting down and abandoning module SourceControl (247)
[2017.07.19-16.42.04:792][634]LogModuleManager: Shutting down and abandoning module LightPropagationVolumeEditor (244)
[2017.07.19-16.42.04:792][634]LogModuleManager: Shutting down and abandoning module PaperTiledImporter (242)
[2017.07.19-16.42.04:792][634]LogModuleManager: Shutting down and abandoning module PaperSpriteSheetImporter (240)
[2017.07.19-16.42.04:792][634]LogModuleManager: Shutting down and abandoning module Paper2DEditor (238)
[2017.07.19-16.42.04:821][634]LogModuleManager: Shutting down and abandoning module MeshPaint (237)
[2017.07.19-16.42.04:828][634]LogModuleManager: Shutting down and abandoning module LevelEditor (235)
[2017.07.19-16.42.04:846][634]LogModuleManager: Shutting down and abandoning module PixelInspectorModule (234)
[2017.07.19-16.42.04:865][634]LogModuleManager: Shutting down and abandoning module MainFrame (232)
[2017.07.19-16.42.04:865][634]LogModuleManager: Shutting down and abandoning module HotReload (231)
[2017.07.19-16.42.04:875][634]LogDirectoryWatcher: A directory notification for 'C:/Users/User/Desktop/Unreal/GitHub/FYP_DumbTesting/Meeting/Binaries/Win64' was aborted.
[2017.07.19-16.42.04:972][634]LogModuleManager: Shutting down and abandoning module ContentBrowser (227)
[2017.07.19-16.42.04:973][634]LogModuleManager: Shutting down and abandoning module Meeting (224)
[2017.07.19-16.42.04:973][634]LogModuleManager: Shutting down and abandoning module PhysXVehiclesEditor (222)
[2017.07.19-16.42.04:990][634]LogModuleManager: Shutting down and abandoning module PhysXVehicles (220)
[2017.07.19-16.42.04:990][634]LogModuleManager: Shutting down and abandoning module LocationServicesBPLibrary (218)
[2017.07.19-16.42.04:990][634]LogModuleManager: Shutting down and abandoning module UdpMessaging (216)
[2017.07.19-16.42.05:091][634]LogModuleManager: Shutting down and abandoning module TcpMessaging (214)
[2017.07.19-16.42.05:205][634]LogModuleManager: Shutting down and abandoning module GameplayTagsEditor (212)
[2017.07.19-16.42.05:228][634]LogModuleManager: Shutting down and abandoning module FacialAnimationEditor (210)
[2017.07.19-16.42.05:240][634]LogModuleManager: Shutting down and abandoning module FacialAnimation (208)
[2017.07.19-16.42.05:240][634]LogModuleManager: Shutting down and abandoning module LightPropagationVolumeRuntime (206)
[2017.07.19-16.42.05:240][634]LogModuleManager: Shutting down and abandoning module Paper2D (204)
[2017.07.19-16.42.05:254][634]LogModuleManager: Shutting down and abandoning module WindowsMoviePlayer (202)
[2017.07.19-16.42.05:265][634]LogModuleManager: Shutting down and abandoning module WmfMedia (200)
[2017.07.19-16.42.05:281][634]LogModuleManager: Shutting down and abandoning module MfMedia (198)
[2017.07.19-16.42.05:281][634]LogModuleManager: Shutting down and abandoning module MediaAssets (196)
[2017.07.19-16.42.05:281][634]LogModuleManager: Shutting down and abandoning module GameLiveStreaming (194)
[2017.07.19-16.42.05:281][634]LogModuleManager: Shutting down and abandoning module VREditor (192)
[2017.07.19-16.42.05:281][634]LogModuleManager: Shutting down and abandoning module GameplayTasksEditor (190)
[2017.07.19-16.42.05:281][634]LogModuleManager: Shutting down and abandoning module BehaviorTreeEditor (188)
[2017.07.19-16.42.05:318][634]LogModuleManager: Shutting down and abandoning module FunctionalTesting (186)
[2017.07.19-16.42.05:331][634]LogModuleManager: Shutting down and abandoning module CollisionAnalyzer (184)
[2017.07.19-16.42.05:345][634]LogModuleManager: Shutting down and abandoning module UMG (182)
[2017.07.19-16.42.05:365][634]LogModuleManager: Shutting down and abandoning module UMGEditor (181)
[2017.07.19-16.42.05:401][634]LogModuleManager: Shutting down and abandoning module Sequencer (180)
[2017.07.19-16.42.05:436][634]LogModuleManager: Shutting down and abandoning module AssetTools (178)
[2017.07.19-16.42.05:459][634]LogModuleManager: Shutting down and abandoning module MessageLog (177)
[2017.07.19-16.42.05:459][634]LogModuleManager: Shutting down and abandoning module WorkspaceMenuStructure (176)
[2017.07.19-16.42.05:459][634]LogModuleManager: Shutting down and abandoning module SlateReflector (170)
[2017.07.19-16.42.05:485][634]LogModuleManager: Shutting down and abandoning module Slate (168)
[2017.07.19-16.42.05:485][634]LogModuleManager: Shutting down and abandoning module EditorStyle (166)
[2017.07.19-16.42.05:500][634]LogModuleManager: Shutting down and abandoning module SourceCodeAccess (164)
[2017.07.19-16.42.05:517][634]LogModuleManager: Shutting down and abandoning module HeadMountedDisplay (162)
[2017.07.19-16.42.05:517][634]LogModuleManager: Shutting down and abandoning module XAudio2 (160)
[2017.07.19-16.42.05:517][634]LogModuleManager: Shutting down and abandoning module Networking (158)
[2017.07.19-16.42.05:517][634]LogModuleManager: Shutting down and abandoning module Core (154)
[2017.07.19-16.42.05:517][634]LogModuleManager: Shutting down and abandoning module AssetRegistry (152)
[2017.07.19-16.42.05:632][634]LogDirectoryWatcher: A directory notification for '../../../Engine/Content/' was aborted.
[2017.07.19-16.42.05:632][634]LogDirectoryWatcher: A directory notification for 'C:/Users/User/Desktop/Unreal/GitHub/FYP_DumbTesting/Meeting/Content/' was aborted.
[2017.07.19-16.42.05:632][634]LogDirectoryWatcher: A directory notification for '../../../Engine/Plugins/2D/Paper2D/Content/' was aborted.
[2017.07.19-16.42.05:640][634]LogModuleManager: Shutting down and abandoning module DirectoryWatcher (151)
[2017.07.19-16.42.05:641][634]LogModuleManager: Shutting down and abandoning module KismetCompiler (148)
[2017.07.19-16.42.05:641][634]LogModuleManager: Shutting down and abandoning module PhysXFormats (146)
[2017.07.19-16.42.05:641][634]LogModuleManager: Shutting down and abandoning module MeshUtilities (144)
[2017.07.19-16.42.05:650][634]LogModuleManager: Shutting down and abandoning module SimplygonSwarm (143)
[2017.07.19-16.42.05:667][634]LogModuleManager: Shutting down and abandoning module SimplygonMeshReduction (141)
[2017.07.19-16.42.05:667][634]LogModuleManager: Shutting down and abandoning module QuadricMeshReduction (139)
[2017.07.19-16.42.05:677][634]LogModuleManager: Shutting down and abandoning module PropertyEditor (137)
[2017.07.19-16.42.05:697][634]LogModuleManager: Shutting down and abandoning module DerivedDataCache (134)
[2017.07.19-16.42.05:740][634]LogDerivedDataCache: Shutdown
[2017.07.19-16.42.05:740][634]LogModuleManager: Shutting down and abandoning module TargetPlatform (132)
[2017.07.19-16.42.05:740][634]LogModuleManager: Shutting down and abandoning module VulkanShaderFormat (131)
[2017.07.19-16.42.05:747][634]LogModuleManager: Shutting down and abandoning module ShaderFormatOpenGL (129)
[2017.07.19-16.42.05:769][634]LogModuleManager: Shutting down and abandoning module ShaderFormatD3D (127)
[2017.07.19-16.42.05:777][634]LogModuleManager: Shutting down and abandoning module MetalShaderFormat (125)
[2017.07.19-16.42.05:801][634]LogModuleManager: Shutting down and abandoning module TextureFormatUncompressed (123)
[2017.07.19-16.42.05:801][634]LogModuleManager: Shutting down and abandoning module TextureFormatPVR (121)
[2017.07.19-16.42.05:801][634]LogModuleManager: Shutting down and abandoning module TextureFormatDXT (119)
[2017.07.19-16.42.05:801][634]LogModuleManager: Shutting down and abandoning module TextureFormatIntelISPCTexComp (117)
[2017.07.19-16.42.05:877][634]LogModuleManager: Shutting down and abandoning module TextureFormatASTC (115)
[2017.07.19-16.42.05:877][634]LogModuleManager: Shutting down and abandoning module ImageWrapper (114)
[2017.07.19-16.42.05:877][634]LogModuleManager: Shutting down and abandoning module TextureFormatAndroid (111)
[2017.07.19-16.42.05:877][634]LogModuleManager: Shutting down and abandoning module AudioFormatOpus (109)
[2017.07.19-16.42.05:898][634]LogModuleManager: Shutting down and abandoning module AudioFormatOgg (107)
[2017.07.19-16.42.05:898][634]LogModuleManager: Shutting down and abandoning module AudioFormatADPCM (105)
[2017.07.19-16.42.05:898][634]LogModuleManager: Shutting down and abandoning module LinuxTargetPlatform (103)
[2017.07.19-16.42.05:898][634]LogModuleManager: Shutting down and abandoning module LinuxServerTargetPlatform (101)
[2017.07.19-16.42.05:898][634]LogModuleManager: Shutting down and abandoning module LinuxNoEditorTargetPlatform (99)
[2017.07.19-16.42.05:898][634]LogModuleManager: Shutting down and abandoning module LinuxClientTargetPlatform (97)
[2017.07.19-16.42.05:898][634]LogModuleManager: Shutting down and abandoning module TVOSTargetPlatform (95)
[2017.07.19-16.42.05:898][634]LogModuleManager: Shutting down and abandoning module Messaging (93)
[2017.07.19-16.42.05:898][634]LogModuleManager: Shutting down and abandoning module IOSTargetPlatform (91)
[2017.07.19-16.42.05:898][634]LogModuleManager: Shutting down and abandoning module HTML5TargetPlatform (89)
[2017.07.19-16.42.05:898][634]LogModuleManager: Shutting down and abandoning module Android_PVRTCTargetPlatform (87)
[2017.07.19-16.42.05:898][634]LogModuleManager: Shutting down and abandoning module Android_MultiTargetPlatform (85)
[2017.07.19-16.42.05:898][634]LogModuleManager: Shutting down and abandoning module Android_ETC2TargetPlatform (83)
[2017.07.19-16.42.05:898][634]LogModuleManager: Shutting down and abandoning module Android_ETC1TargetPlatform (81)
[2017.07.19-16.42.05:898][634]LogModuleManager: Shutting down and abandoning module Android_DXTTargetPlatform (79)
[2017.07.19-16.42.05:898][634]LogModuleManager: Shutting down and abandoning module Android_ATCTargetPlatform (77)
[2017.07.19-16.42.05:898][634]LogModuleManager: Shutting down and abandoning module Android_ASTCTargetPlatform (75)
[2017.07.19-16.42.05:898][634]LogModuleManager: Shutting down and abandoning module AndroidTargetPlatform (73)
[2017.07.19-16.42.05:898][634]LogModuleManager: Shutting down and abandoning module WindowsTargetPlatform (71)
[2017.07.19-16.42.05:898][634]LogModuleManager: Shutting down and abandoning module WindowsServerTargetPlatform (69)
[2017.07.19-16.42.05:898][634]LogModuleManager: Shutting down and abandoning module WindowsNoEditorTargetPlatform (67)
[2017.07.19-16.42.05:898][634]LogModuleManager: Shutting down and abandoning module WindowsClientTargetPlatform (65)
[2017.07.19-16.42.05:898][634]LogModuleManager: Shutting down and abandoning module MacTargetPlatform (63)
[2017.07.19-16.42.05:898][634]LogModuleManager: Shutting down and abandoning module MacServerTargetPlatform (61)
[2017.07.19-16.42.05:898][634]LogModuleManager: Shutting down and abandoning module MacNoEditorTargetPlatform (59)
[2017.07.19-16.42.05:898][634]LogModuleManager: Shutting down and abandoning module MacClientTargetPlatform (57)
[2017.07.19-16.42.05:898][634]LogModuleManager: Shutting down and abandoning module AllDesktopTargetPlatform (55)
[2017.07.19-16.42.05:898][634]LogModuleManager: Shutting down and abandoning module InputCore (52)
[2017.07.19-16.42.05:898][634]LogModuleManager: Shutting down and abandoning module Settings (50)
[2017.07.19-16.42.05:898][634]LogModuleManager: Shutting down and abandoning module OculusRift (48)
[2017.07.19-16.42.05:987][634]LogModuleManager: Shutting down and abandoning module GearVR (46)
[2017.07.19-16.42.05:987][634]LogModuleManager: Shutting down and abandoning module ExampleDeviceProfileSelector (44)
[2017.07.19-16.42.05:987][634]LogModuleManager: Shutting down and abandoning module OnlineBlueprintSupport (42)
[2017.07.19-16.42.05:987][634]LogModuleManager: Shutting down and abandoning module OnlineSubsystem (38)
[2017.07.19-16.42.05:987][634]LogOnline:Display: Unloading online subsystem: NULL
[2017.07.19-16.42.06:015][634]LogModuleManager: Shutting down and abandoning module XMPP (37)
[2017.07.19-16.42.06:036][634]LogModuleManager: Shutting down and abandoning module HTTP (35)
[2017.07.19-16.42.06:053][634]LogHttp:Display: Http module shutting down, but needs to wait on 1 outstanding Http requests:
[2017.07.19-16.42.06:053][634]LogHttp:Display: 	verb=[POST] url=[https://datarouter.ol.epicgames.com/datarouter/api/v1/public/data?SessionID=%7B179BC1AF-4105-5517-1A76-8D8DCD3D5C73%7D&AppID=UEEditor.Rocket.Release&AppVersion=4.15.3-3450819%2B%2B%2BUE4%2BRelease-4.15&UserID=114a053340218112b535419f5baeb955%7C9413889a592e4c1c866f4c4c8bc27d3e%7C8c3aa4a3-2f23-417e-a7f5-919d8ce1237f&AppEnvironment=datacollector-binary&UploadType=eteventstream] status=Processing
[2017.07.19-16.42.06:083][634]LogModuleManager: Shutting down and abandoning module SSL (34)
[2017.07.19-16.42.06:098][634]LogModuleManager: Shutting down and abandoning module AudioEditor (30)
[2017.07.19-16.42.06:121][634]LogModuleManager: Shutting down and abandoning module TextureCompressor (28)
[2017.07.19-16.42.06:121][634]LogModuleManager: Shutting down and abandoning module ShaderCore (26)
[2017.07.19-16.42.06:121][634]LogModuleManager: Shutting down and abandoning module Landscape (24)
[2017.07.19-16.42.06:121][634]LogModuleManager: Shutting down and abandoning module SlateRHIRenderer (22)
[2017.07.19-16.42.06:133][634]LogModuleManager: Shutting down and abandoning module OpenGLDrv (20)
[2017.07.19-16.42.06:147][634]LogModuleManager: Shutting down and abandoning module D3D11RHI (18)
[2017.07.19-16.42.06:147][634]LogModuleManager: Shutting down and abandoning module AnimGraphRuntime (16)
[2017.07.19-16.42.06:147][634]LogModuleManager: Shutting down and abandoning module Renderer (14)
[2017.07.19-16.42.06:147][634]LogModuleManager: Shutting down and abandoning module Engine (12)
[2017.07.19-16.42.06:147][634]LogModuleManager: Shutting down and abandoning module CoreUObject (10)
[2017.07.19-16.42.06:147][634]LogModuleManager: Shutting down and abandoning module NetworkFile (8)
[2017.07.19-16.42.06:155][634]LogModuleManager: Shutting down and abandoning module StreamingFile (6)
[2017.07.19-16.42.06:170][634]LogModuleManager: Shutting down and abandoning module SandboxFile (4)
[2017.07.19-16.42.06:170][634]LogModuleManager: Shutting down and abandoning module PakFile (2)
[2017.07.19-16.42.06:193][634]LogExit: Exiting.
[2017.07.19-16.42.06:209][634]Log file closed, 07/20/17 00:42:06
