Log file open, 10/08/17 04:50:42
LogInit:Display: Running engine for game: Meeting
LogPlatformFile: Not using cached read wrapper
LogInit:Display: RandInit(-1138808447) SRandInit(-1138808447).
LogTaskGraph: Started task graph with 5 named threads and 7 total threads with 1 sets of task threads.
LogStats: Stats thread started at 0.074185
LogInit: Using libcurl 7.47.1
LogInit:  - built for x86_64-pc-win32
LogInit:  - supports SSL with OpenSSL/1.0.2g
LogInit:  - supports HTTP deflate (compression) using libz 1.2.8
LogInit:  - other features:
LogInit:      CURL_VERSION_SSL
LogInit:      CURL_VERSION_LIBZ
LogInit:      CURL_VERSION_IPV6
LogInit:      CURL_VERSION_ASYNCHDNS
LogInit:      CURL_VERSION_LARGEFILE
LogInit:      CURL_VERSION_IDN
LogInit:  CurlRequestOptions (configurable via config and command line):
LogInit:  - bVerifyPeer = false  - Libcurl will NOT verify peer certificate
LogInit:  - bUseHttpProxy = false  - Libcurl will NOT use HTTP proxy
LogInit:  - bDontReuseConnections = false  - Libcurl will reuse connections
LogInit:  - CertBundlePath = nullptr  - Libcurl will use whatever was configured at build time.
LogInit: Build: ++UE4+Release-4.15-CL-3450819
LogInit: Engine Version: 4.15.3-3450819+++UE4+Release-4.15
LogInit: Compatible Engine Version: 4.15.0-3299760+++UE4+Release-4.15
LogInit: Net CL: 3299760
LogDevObjectVersion: Number of dev versions registered: 14
LogDevObjectVersion:   Dev-Blueprints (B0D832E4-1F89-4F0D-ACCF-7EB736FD4AA2): 8
LogDevObjectVersion:   Dev-Build (E1C64328-A22C-4D53-A36C-8E866417BD8C): 0
LogDevObjectVersion:   Dev-Core (375EC13C-06E4-48FB-B500-84F0262A717E): 2
LogDevObjectVersion:   Dev-Editor (E4B068ED-F494-42E9-A231-DA0B2E46BB41): 14
LogDevObjectVersion:   Dev-Framework (CFFC743F-43B0-4480-9391-14DF171D2073): 22
LogDevObjectVersion:   Dev-Mobile (B02B49B5-BB20-44E9-A304-32B752E40360): 0
LogDevObjectVersion:   Dev-Networking (A4E4105C-59A1-49B5-A7C5-40C4547EDFEE): 0
LogDevObjectVersion:   Dev-Online (39C831C9-5AE6-47DC-9A44-9C173E1C8E7C): 0
LogDevObjectVersion:   Dev-Physics (78F01B33-EBEA-4F98-B9B4-84EACCB95AA2): 0
LogDevObjectVersion:   Dev-Platform (6631380F-2D4D-43E0-8009-CF276956A95A): 0
LogDevObjectVersion:   Dev-Rendering (12F88B9F-8875-4AFC-A67C-D90C383ABD29): 12
LogDevObjectVersion:   Dev-Sequencer (7B5AE74C-D270-4C10-A958-57980B212A5A): 3
LogDevObjectVersion:   Dev-VR (D7296918-1DD6-4BDD-9DE2-64A83CC13884): 0
LogDevObjectVersion:   Dev-LoadTimes (C2A15278-BFE7-4AFE-6C17-90FF531DF755): 1
LogInit: Compiled (64-bit): May 21 2017 11:02:34
LogInit: Compiled with Visual C++: 19.00.23026.00
LogInit: Build Configuration: Development
LogInit: Branch Name: ++UE4+Release-4.15
LogInit: Command line:  
LogInit: Base directory: D:/UnrealEngine/UE_4.15/Engine/Binaries/Win64/
LogInit: Installed Engine Build: 1
LogInit: Presizing for max 8388607 objects, including 0 objects not considered by GC, pre-allocating 0 bytes for permanent pool.
LogInit: Object subsystem initialized
[2017.10.07-20.50.43:797][  0]LogInit: Selected Device Profile: [Windows]
[2017.10.07-20.50.43:797][  0]LogInit: Applying CVar settings loaded from the selected device profile: [Windows]
[2017.10.07-20.50.43:822][  0]LogInit: Computer: WINCTRL-E5MM7PO
[2017.10.07-20.50.43:822][  0]LogInit: User: HELLOBYE
[2017.10.07-20.50.43:822][  0]LogInit: CPU Page size=65536, Cores=3
[2017.10.07-20.50.43:822][  0]LogInit: High frequency timer resolution =3.825770 MHz
[2017.10.07-20.50.43:823][  0]LogMemory: Memory total: Physical=8.0GB (8GB approx)
[2017.10.07-20.50.43:823][  0]LogMemory: Platform Memory Stats for Windows
[2017.10.07-20.50.43:823][  0]LogMemory: Process Physical Memory: 270.91 MB used, 270.91 MB peak
[2017.10.07-20.50.43:823][  0]LogMemory: Process Virtual Memory: 268.16 MB used, 268.16 MB peak
[2017.10.07-20.50.43:823][  0]LogMemory: Physical Memory: 5150.22 MB used,  3023.89 MB free, 8174.11 MB total
[2017.10.07-20.50.43:823][  0]LogMemory: Virtual Memory: 650.48 MB used,  3023.89 MB free, 134217728.00 MB total
[2017.10.07-20.50.43:911][  0]LogTextLocalizationManager: No specific translations for ('en-MY') exist, so ('en') translations will be used.
[2017.10.07-20.50.44:625][  0]LogD3D11RHI: D3D11 adapters:
[2017.10.07-20.50.44:872][  0]LogD3D11RHI:    0. 'NVIDIA GeForce GTX 650' (Feature Level 11_0)
[2017.10.07-20.50.44:872][  0]LogD3D11RHI:       995/0/4087 MB DedicatedVideo/DedicatedSystem/SharedSystem, Outputs:1, VendorId:0x10de
[2017.10.07-20.50.44:874][  0]LogD3D11RHI:    1. 'Microsoft Basic Render Driver' (Feature Level 11_0)
[2017.10.07-20.50.44:874][  0]LogD3D11RHI:       0/0/4087 MB DedicatedVideo/DedicatedSystem/SharedSystem, Outputs:0, VendorId:0x1414
[2017.10.07-20.50.44:874][  0]LogD3D11RHI: Chosen D3D11 Adapter: 0
[2017.10.07-20.50.44:881][  0]LogD3D11RHI: Creating new Direct3DDevice
[2017.10.07-20.50.44:881][  0]LogD3D11RHI:     GPU DeviceId: 0xfc6 (for the marketing name, search the web for "GPU Device Id")
[2017.10.07-20.50.44:881][  0]LogWindows: EnumDisplayDevices:
[2017.10.07-20.50.44:881][  0]LogWindows:    0. 'NVIDIA GeForce GTX 650' (P:1 D:1)
[2017.10.07-20.50.44:881][  0]LogWindows:    1. 'NVIDIA GeForce GTX 650' (P:0 D:0)
[2017.10.07-20.50.44:881][  0]LogWindows:    2. 'NVIDIA GeForce GTX 650' (P:0 D:0)
[2017.10.07-20.50.44:881][  0]LogWindows:    3. 'NVIDIA GeForce GTX 650' (P:0 D:0)
[2017.10.07-20.50.44:882][  0]LogWindows: DebugString: FoundDriverCount:4 
[2017.10.07-20.50.44:882][  0]LogD3D11RHI:     Adapter Name: NVIDIA GeForce GTX 650
[2017.10.07-20.50.44:882][  0]LogD3D11RHI:   Driver Version: 382.05 (internal:22.21.13.8205, unified:382.05)
[2017.10.07-20.50.44:882][  0]LogD3D11RHI:      Driver Date: 5-1-2017
[2017.10.07-20.50.44:882][  0]LogRHI: Texture pool is 696 MB (70% of 995 MB)
[2017.10.07-20.50.45:116][  0]LogD3D11RHI:Warning: Timestamp queries are currently disabled on this hardware due to instability. Realtime GPU stats will not be available. You can override this behaviour by setting r.NVIDIATimestampWorkaround to 0
[2017.10.07-20.50.45:117][  0]LogD3D11RHI: Async texture creation enabled
[2017.10.07-20.50.45:391][  0]LogD3D11RHI: GPU Timing Frequency: 1000.000000 (Debug: 2 2)
[2017.10.07-20.50.45:441][  0]LogShaderCompilers: Guid format shader working directory is 6 characters bigger than the processId version (../../../../../GitHub/FYP_DumbTesting/Meeting/Intermediate/Shaders/WorkingDirectory/2660/).
[2017.10.07-20.50.45:441][  0]LogShaderCompilers: Cleaned the shader compiler working directory 'C:/Users/HELLO_BYE`/AppData/Local/Temp/UnrealShaderWorkingDir/83AEA5B14D337820521F369380AA319A/'.
[2017.10.07-20.50.45:442][  0]LogShaderCompilers:Display: Using Local Shader Compiler.
[2017.10.07-20.50.46:982][  0]LogTemp:Display: Loaded TP AllDesktopTargetPlatform
[2017.10.07-20.50.47:047][  0]LogTemp:Display: Loaded TP MacClientTargetPlatform
[2017.10.07-20.50.47:113][  0]LogTemp:Display: Loaded TP MacNoEditorTargetPlatform
[2017.10.07-20.50.47:179][  0]LogTemp:Display: Loaded TP MacServerTargetPlatform
[2017.10.07-20.50.47:245][  0]LogTemp:Display: Loaded TP MacTargetPlatform
[2017.10.07-20.50.47:314][  0]LogTemp:Display: Loaded TP WindowsClientTargetPlatform
[2017.10.07-20.50.47:380][  0]LogTemp:Display: Loaded TP WindowsNoEditorTargetPlatform
[2017.10.07-20.50.47:445][  0]LogTemp:Display: Loaded TP WindowsServerTargetPlatform
[2017.10.07-20.50.47:496][  0]LogTemp:Display: Loaded TP WindowsTargetPlatform
[2017.10.07-20.50.47:560][  0]LogTemp:Display: Loaded TP AndroidTargetPlatform
[2017.10.07-20.50.47:629][  0]LogTemp:Display: Loaded TP Android_ASTCTargetPlatform
[2017.10.07-20.50.47:695][  0]LogTemp:Display: Loaded TP Android_ATCTargetPlatform
[2017.10.07-20.50.47:762][  0]LogTemp:Display: Loaded TP Android_DXTTargetPlatform
[2017.10.07-20.50.47:828][  0]LogTemp:Display: Loaded TP Android_ETC1TargetPlatform
[2017.10.07-20.50.47:892][  0]LogTemp:Display: Loaded TP Android_ETC2TargetPlatform
[2017.10.07-20.50.48:025][  0]LogTemp:Display: Loaded TP Android_MultiTargetPlatform
[2017.10.07-20.50.48:025][  0]LogTemp:Display: Loaded TP Android_PVRTCTargetPlatform
[2017.10.07-20.50.48:069][  0]LogTemp:Display: Loaded TP HTML5TargetPlatform
[2017.10.07-20.50.48:184][  0]LogTemp:Display: Loaded TP IOSTargetPlatform
[2017.10.07-20.50.48:232][  0]LogTemp:Display: Loaded TP TVOSTargetPlatform
[2017.10.07-20.50.48:300][  0]LogTemp:Display: Loaded TP LinuxClientTargetPlatform
[2017.10.07-20.50.48:365][  0]LogTemp:Display: Loaded TP LinuxNoEditorTargetPlatform
[2017.10.07-20.50.48:428][  0]LogTemp:Display: Loaded TP LinuxServerTargetPlatform
[2017.10.07-20.50.48:493][  0]LogTemp:Display: Loaded TP LinuxTargetPlatform
[2017.10.07-20.50.48:493][  0]LogTargetPlatformManager:Display: Building Assets For Windows
[2017.10.07-20.50.48:996][  0]LogDerivedDataCache:Display: Max Cache Size: 512 MB
[2017.10.07-20.50.49:093][  0]LogDerivedDataCache: Loaded boot cache 0.10s 50MB C:/Users/HELLO_BYE`/AppData/Local/UnrealEngine/4.15/DerivedDataCache/Boot.ddc.
[2017.10.07-20.50.49:093][  0]LogDerivedDataCache:Display: Loaded Boot cache: C:/Users/HELLO_BYE`/AppData/Local/UnrealEngine/4.15/DerivedDataCache/Boot.ddc
[2017.10.07-20.50.49:093][  0]LogDerivedDataCache: FDerivedDataBackendGraph:  Pak pak cache file ../../../../../GitHub/FYP_DumbTesting/Meeting/DerivedDataCache/DDC.ddp not found, will not use a pak cache.
[2017.10.07-20.50.49:093][  0]LogDerivedDataCache: Unable to find inner node Pak for hierarchical cache Hierarchy.
[2017.10.07-20.50.49:093][  0]LogDerivedDataCache: FDerivedDataBackendGraph:  CompressedPak pak cache file ../../../../../GitHub/FYP_DumbTesting/Meeting/DerivedDataCache/Compressed.ddp not found, will not use a pak cache.
[2017.10.07-20.50.49:093][  0]LogDerivedDataCache: Unable to find inner node CompressedPak for hierarchical cache Hierarchy.
[2017.10.07-20.50.49:114][  0]LogDerivedDataCache:Display: Pak cache opened for reading ../../../Engine/DerivedDataCache/Compressed.ddp.
[2017.10.07-20.50.49:126][  0]LogDerivedDataCache: Using Local data cache path C:/Users/HELLO_BYE`/AppData/Local/UnrealEngine/Common/DerivedDataCache: Writable
[2017.10.07-20.50.49:143][  0]LogSlate: Using Freetype 2.6.0
[2017.10.07-20.50.49:144][  0]LogSlate: SlateFontCache - WITH_FREETYPE: 1, WITH_HARFBUZZ: 1
[2017.10.07-20.50.49:144][  0]LogSlate: SlateFontCache - WITH_FREETYPE: 1, WITH_HARFBUZZ: 1
[2017.10.07-20.50.49:533][  0]LogInit: Selected Device Profile: [Windows]
[2017.10.07-20.50.49:537][  0]LogContentStreaming: Texture pool size is 0.00 MB
[2017.10.07-20.50.49:780][  0]LogMeshUtilities: Using QuadricMeshReduction for automatic static mesh reduction
[2017.10.07-20.50.49:827][  0]LogSimplygon: Simplygon DLL not present - disabling.
[2017.10.07-20.50.49:878][  0]LogMeshUtilities: Using SimplygonSwarm for distributed automatic mesh merging
[2017.10.07-20.50.49:878][  0]LogMeshUtilities: No automatic skeletal mesh reduction module available
[2017.10.07-20.50.49:878][  0]LogMeshUtilities: No automatic mesh merging module available
[2017.10.07-20.50.50:594][  0]LogNetVersion: GetLocalNetworkVersion: CL: 3299760, ProjectName: meeting, ProjectVersion: , EngineNetworkVersion: 2, GameNetworkVersion: 0, NetworkChecksum: 116300604
[2017.10.07-20.50.50:654][  0]LogAssetRegistry: FAssetRegistry took 0.0210 seconds to start up
[2017.10.07-20.50.50:716][  0]LogPackageLocalizationCache: Processed 3 localized package path(s) for 2 prioritized culture(s) in 0.035457 seconds
[2017.10.07-20.50.50:722][  0]LogUObjectArray: 32493 objects as part of root set at end of initial load.
[2017.10.07-20.50.50:722][  0]LogUObjectAllocator: 7077032 out of 0 bytes used by permanent object pool.
[2017.10.07-20.50.50:722][  0]LogUObjectArray: CloseDisregardForGC: 0/0 objects in disregard for GC pool
[2017.10.07-20.50.50:799][  0]LogInit: WinSock: version 1.1 (2.2), MaxSocks=32767, MaxUdp=65467
[2017.10.07-20.50.52:647][  0]LogTcpMessaging: Initializing TcpMessaging bridge
[2017.10.07-20.50.52:693][  0]LogUdpMessaging: Initializing bridge on interface 0.0.0.0:0 to multicast group 230.0.0.1:6666.
[2017.10.07-20.50.53:267][  0]LogMaterial: Uniform references updated for custom material expression Custom.
[2017.10.07-20.50.53:705][  0]SourceControl: Info Source control is disabled
[2017.10.07-20.50.53:706][  0]SourceControl: Info Source control is disabled
[2017.10.07-20.50.53:760][  0]SourceControl: Info Source control is disabled
[2017.10.07-20.50.53:814][  0]SourceControl: Info Source control is disabled
[2017.10.07-20.50.55:231][  0]LogEngine: Initializing Engine...
[2017.10.07-20.50.55:231][  0]LogHMD: Failed to initialize OpenVR with code 100
[2017.10.07-20.50.55:363][  0]LogStats: UGameplayTagsManager::ConstructGameplayTagTree: Construct from data asset -  0.000 s
[2017.10.07-20.50.55:363][  0]LogStats: UGameplayTagsManager::ConstructGameplayTagTree: GameplayTagTreeChangedEvent.Broadcast -  0.000 s
[2017.10.07-20.50.55:501][  0]LogAIModule: Creating AISystem for world Untitled
[2017.10.07-20.50.55:516][  0]LogInit: XAudio2 using 'VX2363 Series-4 (NVIDIA High Definition Audio)' : 2 channels at 48 kHz using 16 bits per sample (channel mask 0x3)
[2017.10.07-20.50.55:529][  0]LogInit: FAudioDevice initialized.
[2017.10.07-20.50.55:625][  0]LogDerivedDataCache: Saved boot cache 0.10s 50MB C:/Users/HELLO_BYE`/AppData/Local/UnrealEngine/4.15/DerivedDataCache/Boot.ddc.
[2017.10.07-20.50.55:640][  0]LogInit: Texture streaming: Enabled
[2017.10.07-20.50.55:750][  0]LogEngineSessionManager: EngineSessionManager initialized
[2017.10.07-20.50.55:854][  0]LogInit: Transaction tracking system initialized
[2017.10.07-20.50.56:251][  0]BlueprintLog: New page: Editor Load
[2017.10.07-20.50.57:262][  0]LocalizationService: Info Localization service is disabled
[2017.10.07-20.50.58:180][  0]LogConsoleResponse:Display: 
[2017.10.07-20.50.58:344][  0]LogCook:Display: Max memory allowance for cook 16384mb min free memory 0mb
[2017.10.07-20.50.58:344][  0]LogCook:Display: Mobile HDR setting 1
[2017.10.07-20.50.58:654][  0]LogFileCache: Scanning file cache for directory 'D:/GitHub/FYP_DumbTesting/Meeting/Content/' took 0.02s
[2017.10.07-20.50.59:516][  0]SourceControl: Info Source control is disabled
[2017.10.07-20.50.59:516][  0]Cmd: MAP LOAD FILE="../../../../../GitHub/FYP_DumbTesting/Meeting/Content/ThirdPersonBP/Maps/MockUp_Map.umap" TEMPLATE=0 SHOWPROGRESS=1 FEATURELEVEL=3
[2017.10.07-20.50.59:551][  0]LightingResults: New page: Lighting Build
[2017.10.07-20.50.59:598][  0]MapCheck: New page: Map Check
[2017.10.07-20.50.59:598][  0]LightingResults: New page: Lighting Build
[2017.10.07-20.51.00:248][  0]LogProperty:Error: UStructProperty::Serialize Loading: Property 'StructProperty /Game/Tech/InteractionSystem/BPI_Interactable.BPI_Interactable_C:UseItem.itemInfo'. Unknown structure.
[2017.10.07-20.51.00:248][  0]LogProperty:Error: UStructProperty::Serialize Loading: Property 'StructProperty /Game/Tech/InteractionSystem/BPI_Interactable.BPI_Interactable_C:PickUp.itemInfo'. Unknown structure.
[2017.10.07-20.51.00:835][  0]LogLinker:Warning: Can't find file '/Game/Tech/Hacking/CameraActor_BP'
[2017.10.07-20.51.00:835][  0]LoadErrors: Info Failed to load /Game/Tech/InteractionSystem/Hacking_Terminal_UI_Blueprint.Hacking_Terminal_UI_Blueprint_C Referenced by CharacterMesh0
[2017.10.07-20.51.00:835][  0]LogLinker:Warning: Can't find file for asset '/Game/Tech/Hacking/CameraActor_BP' while loading ../../../../../GitHub/FYP_DumbTesting/Meeting/Content/Tech/InteractionSystem/Hacking_Terminal_UI_Blueprint.uasset.
[2017.10.07-20.51.00:835][  0]LoadErrors: Info Failed to load /Game/Tech/InteractionSystem/Hacking_Terminal_UI_Blueprint.Hacking_Terminal_UI_Blueprint_C Referenced by CharacterMesh0
[2017.10.07-20.51.00:835][  0]LoadErrors:Error: Error /Game/Tech/InteractionSystem/Hacking_Terminal_UI_Blueprint : Can't find file for asset. /Game/Tech/Hacking/CameraActor_BP
[2017.10.07-20.51.01:135][  0]LogLinker:Warning: Can't find file '/Game/Tech/Hacking/CameraActor_BP'
[2017.10.07-20.51.01:135][  0]LoadErrors: Info Failed to load /Game/Tech/InteractionSystem/Hacking_Terminal_UI_Blueprint.Hacking_Terminal_UI_Blueprint_C Referenced by CharacterMesh0
[2017.10.07-20.51.01:136][  0]LogLinker:Warning: Can't find file for asset '/Game/Tech/Hacking/CameraActor_BP' while loading ../../../../../GitHub/FYP_DumbTesting/Meeting/Content/Tech/InteractionSystem/Hacking_Terminal_UI_Blueprint.uasset.
[2017.10.07-20.51.01:136][  0]LoadErrors: Info Failed to load /Game/Tech/InteractionSystem/Hacking_Terminal_UI_Blueprint.Hacking_Terminal_UI_Blueprint_C Referenced by CharacterMesh0
[2017.10.07-20.51.01:136][  0]LoadErrors:Error: Error /Game/Tech/InteractionSystem/Hacking_Terminal_UI_Blueprint : Can't find file for asset. /Game/Tech/Hacking/CameraActor_BP
[2017.10.07-20.51.01:136][  0]LogLinker:Warning: Can't find file '/Game/Tech/Hacking/HackHUD'
[2017.10.07-20.51.01:136][  0]LoadErrors: Info Failed to load /Game/Tech/InteractionSystem/Hacking_Terminal_UI_Blueprint.Hacking_Terminal_UI_Blueprint_C Referenced by CharacterMesh0
[2017.10.07-20.51.01:137][  0]LogLinker:Warning: Can't find file for asset '/Game/Tech/Hacking/HackHUD' while loading ../../../../../GitHub/FYP_DumbTesting/Meeting/Content/Tech/InteractionSystem/Hacking_Terminal_UI_Blueprint.uasset.
[2017.10.07-20.51.01:137][  0]LoadErrors: Info Failed to load /Game/Tech/InteractionSystem/Hacking_Terminal_UI_Blueprint.Hacking_Terminal_UI_Blueprint_C Referenced by CharacterMesh0
[2017.10.07-20.51.01:137][  0]LoadErrors:Error: Error /Game/Tech/InteractionSystem/Hacking_Terminal_UI_Blueprint : Can't find file for asset. /Game/Tech/Hacking/HackHUD
[2017.10.07-20.51.01:140][  0]LogLinker:Warning: Can't find file '/Game/Tech/Hacking/HackHUD'
[2017.10.07-20.51.01:140][  0]LoadErrors: Info Failed to load /Game/Tech/InteractionSystem/Hacking_Terminal_UI_Blueprint.Hacking_Terminal_UI_Blueprint_C Referenced by CharacterMesh0
[2017.10.07-20.51.01:140][  0]LogLinker:Warning: Can't find file for asset '/Game/Tech/Hacking/HackHUD' while loading ../../../../../GitHub/FYP_DumbTesting/Meeting/Content/Tech/InteractionSystem/Hacking_Terminal_UI_Blueprint.uasset.
[2017.10.07-20.51.01:140][  0]LoadErrors: Info Failed to load /Game/Tech/InteractionSystem/Hacking_Terminal_UI_Blueprint.Hacking_Terminal_UI_Blueprint_C Referenced by CharacterMesh0
[2017.10.07-20.51.01:140][  0]LoadErrors:Error: Error /Game/Tech/InteractionSystem/Hacking_Terminal_UI_Blueprint : Can't find file for asset. /Game/Tech/Hacking/HackHUD
[2017.10.07-20.51.01:188][  0]LogLinker:Warning: Can't find file '/Game/Tech/Hacking/CameraActor_BP'
[2017.10.07-20.51.01:188][  0]LoadErrors: Info Failed to load /Game/Tech/Hacking/CameraActor_BP.CameraActor_BP_C Referenced by CharacterMesh0
[2017.10.07-20.51.01:189][  0]LogLinker:Warning: Can't find file for asset '/Game/Tech/Hacking/CameraActor_BP' while loading ../../../../../GitHub/FYP_DumbTesting/Meeting/Content/Tech/InteractionSystem/Door_Down_BP.uasset.
[2017.10.07-20.51.01:189][  0]LoadErrors: Info Failed to load /Game/Tech/Hacking/CameraActor_BP.CameraActor_BP_C Referenced by CharacterMesh0
[2017.10.07-20.51.01:189][  0]LoadErrors:Error: Error /Game/Tech/InteractionSystem/Door_Down_BP : Can't find file for asset. /Game/Tech/Hacking/CameraActor_BP
[2017.10.07-20.51.01:189][  0]LogLinker:Warning: Can't find file '/Game/Tech/Hacking/HackHUD'
[2017.10.07-20.51.01:190][  0]LoadErrors: Info Failed to load /Game/Tech/Hacking/HackHUD.HackHUD_C Referenced by CharacterMesh0
[2017.10.07-20.51.01:190][  0]LogLinker:Warning: Can't find file for asset '/Game/Tech/Hacking/HackHUD' while loading ../../../../../GitHub/FYP_DumbTesting/Meeting/Content/Tech/InteractionSystem/Door_Down_BP.uasset.
[2017.10.07-20.51.01:190][  0]LoadErrors: Info Failed to load /Game/Tech/Hacking/HackHUD.HackHUD_C Referenced by CharacterMesh0
[2017.10.07-20.51.01:190][  0]LoadErrors:Error: Error /Game/Tech/InteractionSystem/Door_Down_BP : Can't find file for asset. /Game/Tech/Hacking/HackHUD
[2017.10.07-20.51.01:495][  0]LogBlueprint:Error: [Compiler UI_InventoryItem] Error COMPILER ERROR: failed building connection with 'Only exactly matching structures are considered compatible.' at  Use Item
Using Interface BPI_Interactable_C
[2017.10.07-20.51.01:498][  0]LogBlueprint:Warning: [Compiler UI_InventoryItem] Warning [0020.52] Compile of UI_InventoryItem failed. 1 Fatal Issue(s) 0 Warning(s) [in 6 ms] (/Game/Tech/InteractionSystem/Inventory/UI_InventoryItem.UI_InventoryItem)
[2017.10.07-20.51.01:498][  0]LogBlueprint:Warning: [Compiler UI_InventoryItem] Warning [0020.52] Compile of UI_InventoryItem failed. 1 Fatal Issue(s) 1 Warning(s) [in 0 ms] (/Game/Tech/InteractionSystem/Inventory/UI_InventoryItem.UI_InventoryItem)
[2017.10.07-20.51.01:498][  0]LogBlueprint:Warning: [Compiler UI_InventoryItem] Warning [0020.52] Compile of UI_InventoryItem failed. 1 Fatal Issue(s) 2 Warning(s) [in 0 ms] (/Game/Tech/InteractionSystem/Inventory/UI_InventoryItem.UI_InventoryItem)
[2017.10.07-20.51.01:974][  0]LogLinker:Warning: Can't find file '/Game/Tech/Hacking/CameraActor_BP'
[2017.10.07-20.51.01:974][  0]LoadErrors: Info Failed to load /Game/Tech/Hacking/CameraActor_BP.CameraActor_BP_C Referenced by CharacterMesh0
[2017.10.07-20.51.01:974][  0]LogLinker:Warning: Can't find file for asset '/Game/Tech/Hacking/CameraActor_BP' while loading ../../../../../GitHub/FYP_DumbTesting/Meeting/Content/Tech/InteractionSystem/Door_Down_BP.uasset.
[2017.10.07-20.51.01:974][  0]LoadErrors: Info Failed to load /Game/Tech/Hacking/CameraActor_BP.CameraActor_BP_C Referenced by CharacterMesh0
[2017.10.07-20.51.01:974][  0]LoadErrors:Error: Error /Game/Tech/InteractionSystem/Door_Down_BP : Can't find file for asset. /Game/Tech/Hacking/CameraActor_BP
[2017.10.07-20.51.01:974][  0]LogLinker:Warning: Can't find file '/Game/Tech/Hacking/CameraActor_BP'
[2017.10.07-20.51.01:974][  0]LoadErrors: Info Failed to load /Game/Tech/Hacking/CameraActor_BP Referenced by CharacterMesh0
[2017.10.07-20.51.01:974][  0]LogLinker:Warning: Can't find file for asset '/Game/Tech/Hacking/CameraActor_BP' while loading ../../../../../GitHub/FYP_DumbTesting/Meeting/Content/Tech/InteractionSystem/Door_Down_BP.uasset.
[2017.10.07-20.51.01:974][  0]LoadErrors: Info Failed to load /Game/Tech/Hacking/CameraActor_BP Referenced by CharacterMesh0
[2017.10.07-20.51.01:974][  0]LoadErrors:Error: Error /Game/Tech/InteractionSystem/Door_Down_BP : Can't find file for asset. /Game/Tech/Hacking/CameraActor_BP
[2017.10.07-20.51.01:974][  0]LogLinker:Warning: Can't find file '/Game/Tech/Hacking/HackHUD'
[2017.10.07-20.51.01:974][  0]LoadErrors: Info Failed to load /Game/Tech/Hacking/HackHUD Referenced by CharacterMesh0
[2017.10.07-20.51.01:975][  0]LogLinker:Warning: Can't find file for asset '/Game/Tech/Hacking/HackHUD' while loading ../../../../../GitHub/FYP_DumbTesting/Meeting/Content/Tech/InteractionSystem/Door_Down_BP.uasset.
[2017.10.07-20.51.01:975][  0]LoadErrors: Info Failed to load /Game/Tech/Hacking/HackHUD Referenced by CharacterMesh0
[2017.10.07-20.51.01:975][  0]LoadErrors:Error: Error /Game/Tech/InteractionSystem/Door_Down_BP : Can't find file for asset. /Game/Tech/Hacking/HackHUD
[2017.10.07-20.51.01:975][  0]LogLinker:Warning: Can't find file '/Game/Tech/Hacking/HackHUD'
[2017.10.07-20.51.01:975][  0]LoadErrors: Info Failed to load /Game/Tech/Hacking/HackHUD.HackHUD_C Referenced by CharacterMesh0
[2017.10.07-20.51.01:975][  0]LogLinker:Warning: Can't find file for asset '/Game/Tech/Hacking/HackHUD' while loading ../../../../../GitHub/FYP_DumbTesting/Meeting/Content/Tech/InteractionSystem/Door_Down_BP.uasset.
[2017.10.07-20.51.01:975][  0]LoadErrors: Info Failed to load /Game/Tech/Hacking/HackHUD.HackHUD_C Referenced by CharacterMesh0
[2017.10.07-20.51.01:975][  0]LoadErrors:Error: Error /Game/Tech/InteractionSystem/Door_Down_BP : Can't find file for asset. /Game/Tech/Hacking/HackHUD
[2017.10.07-20.51.01:975][  0]LogLinker:Warning: Can't find file '/Game/Tech/Hacking/HackHUD'
[2017.10.07-20.51.01:975][  0]LoadErrors: Info Failed to load /Game/Tech/Hacking/HackHUD.HackHUD_C Referenced by Hacking_Terminal_UI_Blueprint
[2017.10.07-20.51.01:975][  0]LogLinker:Warning: Can't find file for asset '/Game/Tech/Hacking/HackHUD' while loading ../../../../../GitHub/FYP_DumbTesting/Meeting/Content/Tech/InteractionSystem/Door_Down_BP.uasset.
[2017.10.07-20.51.01:975][  0]LoadErrors: Info Failed to load /Game/Tech/Hacking/HackHUD.HackHUD_C Referenced by Hacking_Terminal_UI_Blueprint
[2017.10.07-20.51.01:975][  0]LoadErrors:Error: Error /Game/Tech/InteractionSystem/Door_Down_BP : Can't find file for asset. /Game/Tech/Hacking/HackHUD
[2017.10.07-20.51.01:976][  0]LogLinker:Warning: Can't find file '/Game/Tech/Hacking/CameraActor_BP'
[2017.10.07-20.51.01:976][  0]LoadErrors: Info Failed to load /Game/Tech/Hacking/CameraActor_BP.CameraActor_BP_C Referenced by Hacking_Terminal_UI_Blueprint
[2017.10.07-20.51.01:976][  0]LogLinker:Warning: Can't find file for asset '/Game/Tech/Hacking/CameraActor_BP' while loading ../../../../../GitHub/FYP_DumbTesting/Meeting/Content/Tech/InteractionSystem/Door_Down_BP.uasset.
[2017.10.07-20.51.01:976][  0]LoadErrors: Info Failed to load /Game/Tech/Hacking/CameraActor_BP.CameraActor_BP_C Referenced by Hacking_Terminal_UI_Blueprint
[2017.10.07-20.51.01:976][  0]LoadErrors:Error: Error /Game/Tech/InteractionSystem/Door_Down_BP : Can't find file for asset. /Game/Tech/Hacking/CameraActor_BP
[2017.10.07-20.51.01:983][  0]LogLinker:Warning: Can't find file '/Game/Tech/Hacking/HackHUD'
[2017.10.07-20.51.01:983][  0]LoadErrors: Info Failed to load /Game/Tech/Hacking/HackHUD.HackHUD_C Referenced by K2Node_CreateWidget_9
[2017.10.07-20.51.01:983][  0]LogLinker:Warning: Can't find file for asset '/Game/Tech/Hacking/HackHUD' while loading ../../../../../GitHub/FYP_DumbTesting/Meeting/Content/Tech/InteractionSystem/Door_Down_BP.uasset.
[2017.10.07-20.51.01:983][  0]LoadErrors: Info Failed to load /Game/Tech/Hacking/HackHUD.HackHUD_C Referenced by K2Node_CreateWidget_9
[2017.10.07-20.51.01:983][  0]LoadErrors:Error: Error /Game/Tech/InteractionSystem/Door_Down_BP : Can't find file for asset. /Game/Tech/Hacking/HackHUD
[2017.10.07-20.51.01:983][  0]LogLinker:Warning: Can't find file '/Game/Tech/Hacking/HackHUD'
[2017.10.07-20.51.01:983][  0]LoadErrors: Info Failed to load /Game/Tech/Hacking/HackHUD.HackHUD_C Referenced by K2Node_CreateWidget_9
[2017.10.07-20.51.01:983][  0]LogLinker:Warning: Can't find file for asset '/Game/Tech/Hacking/HackHUD' while loading ../../../../../GitHub/FYP_DumbTesting/Meeting/Content/Tech/InteractionSystem/Door_Down_BP.uasset.
[2017.10.07-20.51.01:983][  0]LoadErrors: Info Failed to load /Game/Tech/Hacking/HackHUD.HackHUD_C Referenced by K2Node_CreateWidget_9
[2017.10.07-20.51.01:983][  0]LoadErrors:Error: Error /Game/Tech/InteractionSystem/Door_Down_BP : Can't find file for asset. /Game/Tech/Hacking/HackHUD
[2017.10.07-20.51.01:984][  0]LogLinker:Warning: Can't find file '/Game/Tech/Hacking/HackHUD'
[2017.10.07-20.51.01:984][  0]LoadErrors: Info Failed to load /Game/Tech/Hacking/HackHUD.HackHUD_C Referenced by K2Node_VariableSet_45
[2017.10.07-20.51.01:984][  0]LogLinker:Warning: Can't find file for asset '/Game/Tech/Hacking/HackHUD' while loading ../../../../../GitHub/FYP_DumbTesting/Meeting/Content/Tech/InteractionSystem/Door_Down_BP.uasset.
[2017.10.07-20.51.01:984][  0]LoadErrors: Info Failed to load /Game/Tech/Hacking/HackHUD.HackHUD_C Referenced by K2Node_VariableSet_45
[2017.10.07-20.51.01:984][  0]LoadErrors:Error: Error /Game/Tech/InteractionSystem/Door_Down_BP : Can't find file for asset. /Game/Tech/Hacking/HackHUD
[2017.10.07-20.51.01:984][  0]LogLinker:Warning: Can't find file '/Game/Tech/Hacking/HackHUD'
[2017.10.07-20.51.01:984][  0]LoadErrors: Info Failed to load /Game/Tech/Hacking/HackHUD.HackHUD_C Referenced by K2Node_VariableSet_45
[2017.10.07-20.51.01:984][  0]LogLinker:Warning: Can't find file for asset '/Game/Tech/Hacking/HackHUD' while loading ../../../../../GitHub/FYP_DumbTesting/Meeting/Content/Tech/InteractionSystem/Door_Down_BP.uasset.
[2017.10.07-20.51.01:984][  0]LoadErrors: Info Failed to load /Game/Tech/Hacking/HackHUD.HackHUD_C Referenced by K2Node_VariableSet_45
[2017.10.07-20.51.01:984][  0]LoadErrors:Error: Error /Game/Tech/InteractionSystem/Door_Down_BP : Can't find file for asset. /Game/Tech/Hacking/HackHUD
[2017.10.07-20.51.01:984][  0]LogLinker:Warning: Can't find file '/Game/Tech/Hacking/HackHUD'
[2017.10.07-20.51.01:984][  0]LoadErrors: Info Failed to load /Game/Tech/Hacking/HackHUD.HackHUD_C Referenced by K2Node_VariableGet_396
[2017.10.07-20.51.01:984][  0]LogLinker:Warning: Can't find file for asset '/Game/Tech/Hacking/HackHUD' while loading ../../../../../GitHub/FYP_DumbTesting/Meeting/Content/Tech/InteractionSystem/Door_Down_BP.uasset.
[2017.10.07-20.51.01:985][  0]LoadErrors: Info Failed to load /Game/Tech/Hacking/HackHUD.HackHUD_C Referenced by K2Node_VariableGet_396
[2017.10.07-20.51.01:985][  0]LoadErrors:Error: Error /Game/Tech/InteractionSystem/Door_Down_BP : Can't find file for asset. /Game/Tech/Hacking/HackHUD
[2017.10.07-20.51.01:987][  0]LogLinker:Warning: Can't find file '/Game/Tech/Hacking/CameraActor_BP'
[2017.10.07-20.51.01:987][  0]LoadErrors: Info Failed to load /Game/Tech/Hacking/CameraActor_BP.CameraActor_BP_C Referenced by K2Node_VariableGet_392
[2017.10.07-20.51.01:987][  0]LogLinker:Warning: Can't find file for asset '/Game/Tech/Hacking/CameraActor_BP' while loading ../../../../../GitHub/FYP_DumbTesting/Meeting/Content/Tech/InteractionSystem/Door_Down_BP.uasset.
[2017.10.07-20.51.01:988][  0]LoadErrors: Info Failed to load /Game/Tech/Hacking/CameraActor_BP.CameraActor_BP_C Referenced by K2Node_VariableGet_392
[2017.10.07-20.51.01:988][  0]LoadErrors:Error: Error /Game/Tech/InteractionSystem/Door_Down_BP : Can't find file for asset. /Game/Tech/Hacking/CameraActor_BP
[2017.10.07-20.51.01:988][  0]LogLinker:Warning: Can't find file '/Game/Tech/Hacking/CameraActor_BP'
[2017.10.07-20.51.01:988][  0]LoadErrors: Info Failed to load /Game/Tech/Hacking/CameraActor_BP.CameraActor_BP_C Referenced by K2Node_VariableGet_395
[2017.10.07-20.51.01:988][  0]LogLinker:Warning: Can't find file for asset '/Game/Tech/Hacking/CameraActor_BP' while loading ../../../../../GitHub/FYP_DumbTesting/Meeting/Content/Tech/InteractionSystem/Door_Down_BP.uasset.
[2017.10.07-20.51.01:988][  0]LoadErrors: Info Failed to load /Game/Tech/Hacking/CameraActor_BP.CameraActor_BP_C Referenced by K2Node_VariableGet_395
[2017.10.07-20.51.01:988][  0]LoadErrors:Error: Error /Game/Tech/InteractionSystem/Door_Down_BP : Can't find file for asset. /Game/Tech/Hacking/CameraActor_BP
[2017.10.07-20.51.03:236][  0]LogLinker:Error: BPGC_ARCH_FOR_CDO_ExtraFunction_10 has an inappropriate outermost, it was probably saved with a deprecated outer (file: ../../../../../GitHub/FYP_DumbTesting/Meeting/Content/Blueprint/AI/UpdateVisionRadius.uasset)
[2017.10.07-20.51.03:237][  0]LogLinker:Error: BPGC_ARCH_FOR_CDO_ExtraFunction_10 has an inappropriate outermost, it was probably saved with a deprecated outer (file: ../../../../../GitHub/FYP_DumbTesting/Meeting/Content/Blueprint/AI/UpdateVisionRadius.uasset)
[2017.10.07-20.51.03:238][  0]LogLinker:Error: BPGC_ARCH_FOR_CDO_ExtraFunction_10 has an inappropriate outermost, it was probably saved with a deprecated outer (file: ../../../../../GitHub/FYP_DumbTesting/Meeting/Content/Blueprint/AI/UpdateVisionRadius.uasset)
[2017.10.07-20.51.04:561][  0]LogBlueprint:Warning: [Compiler ThirdPersonCharacter] Warning InputAction Event references unknown Action 'ResetVR' for  InputAction ResetVR
[2017.10.07-20.51.04:562][  0]LogBlueprint:Warning: [Compiler ThirdPersonCharacter] Warning Input Axis Event references unknown Axis 'LookUpRate' for  InputAxis LookUpRate
[2017.10.07-20.51.04:562][  0]LogBlueprint:Warning: [Compiler ThirdPersonCharacter] Warning Input Axis Event references unknown Axis 'TurnRate' for  InputAxis TurnRate
[2017.10.07-20.51.04:562][  0]LogBlueprint:Warning: [Compiler ThirdPersonCharacter] Warning InputAction Event references unknown Action 'Jump' for  InputAction Jump
[2017.10.07-20.51.04:562][  0]LogBlueprint:Warning: [Compiler ThirdPersonCharacter] Warning Input Axis Event references unknown Axis 'LookUp' for  InputAxis LookUp
[2017.10.07-20.51.04:563][  0]LogBlueprint:Warning: [Compiler ThirdPersonCharacter] Warning Input Axis Event references unknown Axis 'Turn' for  InputAxis Turn
[2017.10.07-20.51.04:569][  0]LogBlueprint:Warning: [Compiler ThirdPersonCharacter] Warning [0023.59] Compile of ThirdPersonCharacter successful, but with 6 Warning(s) [in 16 ms] (/Game/ThirdPersonBP/Blueprints/ThirdPersonCharacter.ThirdPersonCharacter)
[2017.10.07-20.51.04:569][  0]LogBlueprint:Warning: [Compiler ThirdPersonCharacter] Warning [0023.59] Compile of ThirdPersonCharacter successful, but with 7 Warning(s) [in 0 ms] (/Game/ThirdPersonBP/Blueprints/ThirdPersonCharacter.ThirdPersonCharacter)
[2017.10.07-20.51.04:569][  0]LogBlueprint:Warning: [Compiler ThirdPersonCharacter] Warning [0023.59] Compile of ThirdPersonCharacter successful, but with 8 Warning(s) [in 0 ms] (/Game/ThirdPersonBP/Blueprints/ThirdPersonCharacter.ThirdPersonCharacter)
[2017.10.07-20.51.04:579][  0]LogBlueprint:Warning: [Compiler ThirdPersonCharacter] Warning InputAction Event references unknown Action 'ResetVR' for  InputAction ResetVR
[2017.10.07-20.51.04:579][  0]LogBlueprint:Warning: [Compiler ThirdPersonCharacter] Warning Input Axis Event references unknown Axis 'LookUpRate' for  InputAxis LookUpRate
[2017.10.07-20.51.04:579][  0]LogBlueprint:Warning: [Compiler ThirdPersonCharacter] Warning Input Axis Event references unknown Axis 'TurnRate' for  InputAxis TurnRate
[2017.10.07-20.51.04:579][  0]LogBlueprint:Warning: [Compiler ThirdPersonCharacter] Warning InputAction Event references unknown Action 'Jump' for  InputAction Jump
[2017.10.07-20.51.04:579][  0]LogBlueprint:Warning: [Compiler ThirdPersonCharacter] Warning Input Axis Event references unknown Axis 'LookUp' for  InputAxis LookUp
[2017.10.07-20.51.04:580][  0]LogBlueprint:Warning: [Compiler ThirdPersonCharacter] Warning Input Axis Event references unknown Axis 'Turn' for  InputAxis Turn
[2017.10.07-20.51.04:585][  0]LogBlueprint:Warning: [Compiler ThirdPersonCharacter] Warning [0023.61] Compile of ThirdPersonCharacter successful, but with 6 Warning(s) [in 11 ms] (/Game/ThirdPersonBP/Blueprints/ThirdPersonCharacter.ThirdPersonCharacter)
[2017.10.07-20.51.04:585][  0]LogBlueprint:Warning: [Compiler ThirdPersonCharacter] Warning [0023.61] Compile of ThirdPersonCharacter successful, but with 7 Warning(s) [in 0 ms] (/Game/ThirdPersonBP/Blueprints/ThirdPersonCharacter.ThirdPersonCharacter)
[2017.10.07-20.51.04:585][  0]LogBlueprint:Warning: [Compiler ThirdPersonCharacter] Warning [0023.61] Compile of ThirdPersonCharacter successful, but with 8 Warning(s) [in 0 ms] (/Game/ThirdPersonBP/Blueprints/ThirdPersonCharacter.ThirdPersonCharacter)
[2017.10.07-20.51.41:641][  0]LogAIModule: Creating AISystem for world MockUp_Map
[2017.10.07-20.51.42:013][  0]LogEditorServer: Finished looking for orphan Actors (0.000 secs)
[2017.10.07-20.51.42:033][  0]Cmd: MAP CHECKDEP NOCLEARLOG
[2017.10.07-20.51.42:214][  0]MapCheck: Info Map check complete: 0 Error(s), 0 Warning(s), took 180.397ms to complete.
[2017.10.07-20.51.42:214][  0]LogFileHelpers: Loading map 'MockUp_Map' took 42.698
[2017.10.07-20.51.42:761][  0]LogCollectionManager: Loaded 0 collections in 0.002180 seconds
[2017.10.07-20.51.46:099][  0]LogFileCache: Scanning file cache for directory 'D:/GitHub/FYP_DumbTesting/Meeting/Saved/Collections/' took 0.01s
[2017.10.07-20.51.46:099][  0]LogFileCache: Scanning file cache for directory 'D:/GitHub/FYP_DumbTesting/Meeting/Content/Developers/HELLOBYE/Collections/' took 0.01s
[2017.10.07-20.51.46:099][  0]LogFileCache: Scanning file cache for directory 'D:/GitHub/FYP_DumbTesting/Meeting/Content/Collections/' took 0.01s
[2017.10.07-20.51.46:099][  0]LogCollectionManager: Rebuilt the GUID cache for 0 collections in 0.000004 seconds
[2017.10.07-20.51.46:134][  0]LogContentBrowser: Native class hierarchy populated in 0.0344 seconds. Added 2259 classes and 455 folders.
[2017.10.07-20.51.46:219][  0]LogContentBrowser: Native class hierarchy updated for 'WidgetCarousel' in 0.0018 seconds. Added 0 classes and 0 folders.
[2017.10.07-20.51.51:121][  0]LogContentBrowser: Native class hierarchy updated for 'AddContentDialog' in 0.0033 seconds. Added 0 classes and 0 folders.
[2017.10.07-20.51.51:364][  0]LogContentBrowser: Native class hierarchy updated for 'SceneOutliner' in 0.0034 seconds. Added 1 classes and 2 folders.
[2017.10.07-20.51.51:885][  0]LogCrashTracker: Crashtracker disabled due to settings.
[2017.10.07-20.51.51:893][  0]LogUObjectGlobals:Warning: Failed to find object 'Class None.'
[2017.10.07-20.51.52:069][  0]LogContentBrowser: Native class hierarchy updated for 'HierarchicalLODOutliner' in 0.0020 seconds. Added 1 classes and 2 folders.
[2017.10.07-20.51.52:071][  0]LogLoad: (Engine Initialization) Total time: 71.09 seconds
[2017.10.07-20.51.52:071][  0]LogLoad: (Engine Initialization) Total Blueprint compile time: 1.38 seconds
[2017.10.07-20.51.52:071][  0]LogExternalProfiler: Found external profiler: VSPerf
[2017.10.07-20.51.52:071][  0]LogExternalProfiler: Using external profiler: VSPerf
[2017.10.07-20.51.52:416][  0]LogOcInput: OculusInput pre-init called
[2017.10.07-20.51.52:481][  0]LogContentStreaming: Texture pool size now 400 MB
[2017.10.07-20.51.52:561][  0]LogSlate: Took 0.059295 seconds to synchronously load lazily loaded font '../../../Engine/Content/Slate/Fonts/Roboto-Regular.ttf' (155K)
[2017.10.07-20.51.53:079][  2]LogRenderer: Reallocating scene render targets to support 128x128 NumSamples 1 (Frame:1).
[2017.10.07-20.51.53:232][  2]LogSlate: Took 0.068955 seconds to synchronously load lazily loaded font '../../../Engine/Content/Slate/Fonts/Roboto-Bold.ttf' (160K)
[2017.10.07-20.51.53:428][  3]LogAssetRegistry: Asset discovery search completed in 62.7951 seconds
[2017.10.07-20.51.53:428][  3]LogCollectionManager: Rebuilt the object cache for 0 collections in 0.000006 seconds (found 0 objects)
[2017.10.07-20.51.53:428][  3]LogCollectionManager: Fixed up redirectors for 0 collections in 0.000050 seconds (updated 0 objects)
[2017.10.07-20.51.53:550][  3]LogSlate: Took 0.080406 seconds to synchronously load lazily loaded font '../../../Engine/Content/Slate/Fonts/Roboto-Light.ttf' (159K)
[2017.10.07-20.52.09:318][109]LogSlate: Took 0.020330 seconds to synchronously load lazily loaded font '../../../Engine/Content/Editor/Slate/Fonts/FontAwesome.ttf' (139K)
[2017.10.07-20.52.09:481][109]LogRenderer: Reallocating scene render targets to support 1208x616 NumSamples 1 (Frame:2).
[2017.10.07-20.52.09:481][109]LogSlate: Took 0.000291 seconds to synchronously load lazily loaded font '../../../Engine/Content/Slate/Fonts/Roboto-Light.ttf' (159K)
[2017.10.07-20.52.15:009][487]LogRenderer: Reallocating scene render targets to support 1208x616 NumSamples 1 (Frame:113).
[2017.10.07-20.52.15:512][490]LogContentStreaming: Texture pool size now 1000 MB
[2017.10.07-20.52.16:039][540]LogTemp: Repeting last play command: Selected Viewport
[2017.10.07-20.52.16:392][540]LogBlueprintUserMessages: Early PlayInEditor Detection: Level '/Game/ThirdPersonBP/Maps/MockUp_Map.MockUp_Map:PersistentLevel' has LevelScriptBlueprint '/Game/ThirdPersonBP/Maps/MockUp_Map.MockUp_Map:PersistentLevel.MockUp_Map' with GeneratedClass '/Game/ThirdPersonBP/Maps/MockUp_Map.MockUp_Map_C' with ClassGeneratedBy '/Game/ThirdPersonBP/Maps/MockUp_Map.MockUp_Map:PersistentLevel.MockUp_Map'
[2017.10.07-20.52.16:502][540]LogPlayLevel: PlayLevel: No blueprints needed recompiling
[2017.10.07-20.52.17:018][540]PIE: New page: PIE session: MockUp_Map (Oct 8, 2017, 12:52:16 PM)
[2017.10.07-20.52.17:115][540]LogPlayLevel: Creating play world package: /Game/ThirdPersonBP/Maps/UEDPIE_0_MockUp_Map
[2017.10.07-20.52.19:685][540]LogPlayLevel: PIE: StaticDuplicateObject took: (2.569704s)
[2017.10.07-20.52.19:686][540]LogAIModule: Creating AISystem for world MockUp_Map
[2017.10.07-20.52.19:686][540]LogPlayLevel: PIE: World Init took: (0.001310s)
[2017.10.07-20.52.19:723][540]LogPlayLevel: PIE: Created PIE world by copying editor world from /Game/ThirdPersonBP/Maps/MockUp_Map.MockUp_Map to /Game/ThirdPersonBP/Maps/UEDPIE_0_MockUp_Map.MockUp_Map (2.649683s)
[2017.10.07-20.52.19:872][540]LogInit: XAudio2 using 'VX2363 Series-4 (NVIDIA High Definition Audio)' : 2 channels at 48 kHz using 16 bits per sample (channel mask 0x3)
[2017.10.07-20.52.19:881][540]LogInit: FAudioDevice initialized.
[2017.10.07-20.52.23:170][540]LogLoad: Game class is 'MeetingGameModeBase_BP_C'
[2017.10.07-20.52.23:395][540]LogWorld: Bringing World /Game/ThirdPersonBP/Maps/UEDPIE_0_MockUp_Map.MockUp_Map up for play (max tick rate 0) at 2017.10.08-04.52.23
[2017.10.07-20.52.23:562][540]LogWorld: Bringing up level for play took: 0.281655
[2017.10.07-20.52.23:754][540]LogContentBrowser: Native class hierarchy updated for 'MovieSceneCapture' in 0.0055 seconds. Added 11 classes and 0 folders.
[2017.10.07-20.52.23:927][540]PIE: Info Play in editor start time for /Game/ThirdPersonBP/Maps/UEDPIE_0_MockUp_Map 7.45
[2017.10.07-20.52.23:930][540]LogBlueprintUserMessages: Late PlayInEditor Detection: Level '/Game/ThirdPersonBP/Maps/MockUp_Map.MockUp_Map:PersistentLevel' has LevelScriptBlueprint '/Game/ThirdPersonBP/Maps/MockUp_Map.MockUp_Map:PersistentLevel.MockUp_Map' with GeneratedClass '/Game/ThirdPersonBP/Maps/MockUp_Map.MockUp_Map_C' with ClassGeneratedBy '/Game/ThirdPersonBP/Maps/MockUp_Map.MockUp_Map:PersistentLevel.MockUp_Map'
[2017.10.07-20.52.25:930][554]LogTemp:Warning: Auto Correct Lose Sight
[2017.10.07-20.52.25:930][554]LogTemp:Warning: Auto Correct Lose Sight
[2017.10.07-20.52.25:931][554]LogTemp:Warning: Auto Correct Lose Sight
[2017.10.07-20.52.25:931][554]LogTemp:Warning: Auto Correct Lose Sight
[2017.10.07-20.52.25:931][554]LogTemp:Warning: Auto Correct Lose Sight
[2017.10.07-20.52.25:931][554]LogTemp:Warning: Auto Correct Lose Sight
[2017.10.07-20.52.27:576][572]LogBlueprintUserMessages: Early EndPlayMap Detection: Level '/Game/ThirdPersonBP/Maps/MockUp_Map.MockUp_Map:PersistentLevel' has LevelScriptBlueprint '/Game/ThirdPersonBP/Maps/MockUp_Map.MockUp_Map:PersistentLevel.MockUp_Map' with GeneratedClass '/Game/ThirdPersonBP/Maps/MockUp_Map.MockUp_Map_C' with ClassGeneratedBy '/Game/ThirdPersonBP/Maps/MockUp_Map.MockUp_Map:PersistentLevel.MockUp_Map'
[2017.10.07-20.52.28:328][572]LogBlueprintUserMessages: Late EndPlayMap Detection: Level '/Game/ThirdPersonBP/Maps/MockUp_Map.MockUp_Map:PersistentLevel' has LevelScriptBlueprint '/Game/ThirdPersonBP/Maps/MockUp_Map.MockUp_Map:PersistentLevel.MockUp_Map' with GeneratedClass '/Game/ThirdPersonBP/Maps/MockUp_Map.MockUp_Map_C' with ClassGeneratedBy '/Game/ThirdPersonBP/Maps/MockUp_Map.MockUp_Map:PersistentLevel.MockUp_Map'
[2017.10.07-20.52.34:027][645]LogMaterial: Missing cached shader map for material Material_0, compiling. 
[2017.10.07-20.52.34:030][645]LogTemp:Display: Added material ShaderMap 0x00000214168E8100 with Material 0x000002146F1E0280 to ShaderMapsBeingCompiled
[2017.10.07-20.52.34:115][645]LogTemp:Display: Kicking off shader compilation for Material_0, GameThreadShaderMap 0x00000214168E8100
[2017.10.07-20.52.34:288][646]LogMaterial: Missing cached shader map for material Material_1, compiling. 
[2017.10.07-20.52.34:289][646]LogTemp:Display: Added material ShaderMap 0x00000214B77F7900 with Material 0x000002145E838400 to ShaderMapsBeingCompiled
[2017.10.07-20.52.34:320][646]LogTemp:Display: Kicking off shader compilation for Material_1, GameThreadShaderMap 0x00000214B77F7900
[2017.10.07-20.52.34:463][647]LogMaterial: Missing cached shader map for material Material_2, compiling. 
[2017.10.07-20.52.34:464][647]LogTemp:Display: Added material ShaderMap 0x00000214B77BCB80 with Material 0x0000021471A29480 to ShaderMapsBeingCompiled
[2017.10.07-20.52.34:493][647]LogTemp:Display: Kicking off shader compilation for Material_2, GameThreadShaderMap 0x00000214B77BCB80
[2017.10.07-20.52.34:656][648]LogMaterial: Missing cached shader map for material Material_3, compiling. 
[2017.10.07-20.52.34:657][648]LogTemp:Display: Added material ShaderMap 0x00000214B7800800 with Material 0x000002145B3C2B00 to ShaderMapsBeingCompiled
[2017.10.07-20.52.34:693][648]LogTemp:Display: Kicking off shader compilation for Material_3, GameThreadShaderMap 0x00000214B7800800
[2017.10.07-20.52.34:855][649]LogSlate: Took 0.000368 seconds to synchronously load lazily loaded font '../../../Engine/Content/Slate/Fonts/Roboto-Light.ttf' (159K)
[2017.10.07-20.52.36:153][649]LogSlate: Took 0.051519 seconds to synchronously load lazily loaded font '../../../Engine/Content/Slate/Fonts/Roboto-Regular.ttf' (155K)
[2017.10.07-20.52.37:867][649]LogContentBrowser: Native class hierarchy updated for 'BlueprintGraph' in 0.0029 seconds. Added 112 classes and 0 folders.
[2017.10.07-20.52.43:366][649]LogSlate: Took 0.013713 seconds to synchronously load lazily loaded font '../../../Engine/Content/Editor/Slate/Fonts/Roboto-BoldCondensed.ttf' (158K)
[2017.10.07-20.52.48:358][650]LogSlate: Took 0.391288 seconds to synchronously load lazily loaded font '../../../Engine/Content/Editor/Slate/Fonts/Roboto-Italic.ttf' (157K)
[2017.10.07-20.52.50:484][651]LogTemp:Display: Finished compile of shader map 0x00000214168E8100
[2017.10.07-20.52.50:484][651]LogTemp:Display: Shader map Material_0 complete, GameThreadShaderMap 0x00000214168E8100, marking material Material_0 as finished
[2017.10.07-20.52.50:484][651]LogTemp:Display: Marking material as finished 0x000002146F1E0280
[2017.10.07-20.52.55:592][664]LogTemp:Display: Finished compile of shader map 0x00000214B77F7900
[2017.10.07-20.52.55:592][664]LogTemp:Display: Shader map Material_1 complete, GameThreadShaderMap 0x00000214B77F7900, marking material Material_1 as finished
[2017.10.07-20.52.55:592][664]LogTemp:Display: Marking material as finished 0x000002145E838400
[2017.10.07-20.53.01:023][680]LogTemp:Display: Finished compile of shader map 0x00000214B77BCB80
[2017.10.07-20.53.01:023][680]LogTemp:Display: Shader map Material_2 complete, GameThreadShaderMap 0x00000214B77BCB80, marking material Material_2 as finished
[2017.10.07-20.53.01:023][680]LogTemp:Display: Marking material as finished 0x0000021471A29480
[2017.10.07-20.53.04:377][690]LogTemp:Display: Finished compile of shader map 0x00000214B7800800
[2017.10.07-20.53.04:377][690]LogTemp:Display: Shader map Material_3 complete, GameThreadShaderMap 0x00000214B7800800, marking material Material_3 as finished
[2017.10.07-20.53.04:377][690]LogTemp:Display: Marking material as finished 0x000002145B3C2B00
[2017.10.07-20.53.13:738][876]LogD3D11RHI: Timed out while waiting for GPU to catch up. (0.5 s)
[2017.10.07-20.53.17:670][921]LogRenderer: Reallocating scene render targets to support 1208x616 NumSamples 1 (Frame:326).
[2017.10.07-20.53.17:862][924]LogContentStreaming: Texture pool size now 400 MB
[2017.10.07-20.54.31:239][499]BlueprintLog: New page: Compile Charater_BP
[2017.10.07-20.55.43:352][797]Cmd: OBJ SAVEPACKAGE PACKAGE="/Game/Blueprint/Charater_BP" FILE="../../../../../GitHub/FYP_DumbTesting/Meeting/Content/Blueprint/Charater_BP.uasset" SILENT=true
[2017.10.07-20.55.44:147][797]LogSavePackage: Save=712.56ms
[2017.10.07-20.55.44:147][797]LogSavePackage: Moving '../../../../../GitHub/FYP_DumbTesting/Meeting/Saved/Charater_BPDF622F1F4DC86927297C5BBB070EB35C.tmp' to '../../../../../GitHub/FYP_DumbTesting/Meeting/Content/Blueprint/Charater_BP.uasset'
[2017.10.07-20.55.44:168][797]LogSavePackage:Display: Finished SavePackage ../../../../../GitHub/FYP_DumbTesting/Meeting/Content/Blueprint/Charater_BP.uasset
[2017.10.07-20.55.45:982][882]LogEditorViewport: Clicking on Actor (LMB): StaticMeshActor (SM_Corridor_Wall_Samantha_55)
[2017.10.07-20.55.46:720][902]LogEditorViewport: Clicking on Actor (LMB): StaticMeshActor (SM_Corridor_Wall_Samantha_53)
[2017.10.07-20.55.50:540][924]LogRenderer: Reallocating scene render targets to support 1432x924 NumSamples 1 (Frame:1283).
[2017.10.07-20.56.28:386][541]LogSavePackage: Save=17.21ms
[2017.10.07-20.56.28:386][541]LogSavePackage: Moving '../../../../../GitHub/FYP_DumbTesting/Meeting/Saved/SM_Corridor_Wall_SamanthaF3181B8141DDF0B0FD7CF683CD8A967D.tmp' to '../../../../../GitHub/FYP_DumbTesting/Meeting/Content/Art/Environment/Mesh/SM_Corridor_Wall_Samantha.uasset'
[2017.10.07-20.56.28:389][541]LogSavePackage:Display: Finished SavePackage ../../../../../GitHub/FYP_DumbTesting/Meeting/Content/Art/Environment/Mesh/SM_Corridor_Wall_Samantha.uasset
[2017.10.07-20.56.31:309][614]LogTemp: Repeting last play command: Selected Viewport
[2017.10.07-20.56.31:365][614]LogBlueprintUserMessages: Early PlayInEditor Detection: Level '/Game/ThirdPersonBP/Maps/MockUp_Map.MockUp_Map:PersistentLevel' has LevelScriptBlueprint '/Game/ThirdPersonBP/Maps/MockUp_Map.MockUp_Map:PersistentLevel.MockUp_Map' with GeneratedClass '/Game/ThirdPersonBP/Maps/MockUp_Map.MockUp_Map_C' with ClassGeneratedBy '/Game/ThirdPersonBP/Maps/MockUp_Map.MockUp_Map:PersistentLevel.MockUp_Map'
[2017.10.07-20.56.31:365][614]LogPlayLevel: PlayLevel: No blueprints needed recompiling
[2017.10.07-20.56.31:366][614]PIE: New page: PIE session: MockUp_Map (Oct 8, 2017, 12:56:31 PM)
[2017.10.07-20.56.31:366][614]LogPlayLevel: Creating play world package: /Game/ThirdPersonBP/Maps/UEDPIE_0_MockUp_Map
[2017.10.07-20.56.32:161][614]LogPlayLevel: PIE: StaticDuplicateObject took: (0.795446s)
[2017.10.07-20.56.32:163][614]LogAIModule: Creating AISystem for world MockUp_Map
[2017.10.07-20.56.32:164][614]LogPlayLevel: PIE: World Init took: (0.002662s)
[2017.10.07-20.56.32:168][614]LogPlayLevel: PIE: Created PIE world by copying editor world from /Game/ThirdPersonBP/Maps/MockUp_Map.MockUp_Map to /Game/ThirdPersonBP/Maps/UEDPIE_0_MockUp_Map.MockUp_Map (0.801868s)
[2017.10.07-20.56.32:282][614]LogInit: XAudio2 using 'VX2363 Series-4 (NVIDIA High Definition Audio)' : 2 channels at 48 kHz using 16 bits per sample (channel mask 0x3)
[2017.10.07-20.56.32:291][614]LogInit: FAudioDevice initialized.
[2017.10.07-20.56.32:322][614]LogLoad: Game class is 'MeetingGameModeBase_BP_C'
[2017.10.07-20.56.32:415][614]LogWorld: Bringing World /Game/ThirdPersonBP/Maps/UEDPIE_0_MockUp_Map.MockUp_Map up for play (max tick rate 0) at 2017.10.08-04.56.32
[2017.10.07-20.56.32:439][614]LogWorld: Bringing up level for play took: 0.116229
[2017.10.07-20.56.32:450][614]PIE: Info Play in editor start time for /Game/ThirdPersonBP/Maps/UEDPIE_0_MockUp_Map 1.973
[2017.10.07-20.56.32:451][614]LogBlueprintUserMessages: Late PlayInEditor Detection: Level '/Game/ThirdPersonBP/Maps/MockUp_Map.MockUp_Map:PersistentLevel' has LevelScriptBlueprint '/Game/ThirdPersonBP/Maps/MockUp_Map.MockUp_Map:PersistentLevel.MockUp_Map' with GeneratedClass '/Game/ThirdPersonBP/Maps/MockUp_Map.MockUp_Map_C' with ClassGeneratedBy '/Game/ThirdPersonBP/Maps/MockUp_Map.MockUp_Map:PersistentLevel.MockUp_Map'
[2017.10.07-20.56.33:574][690]LogTemp:Warning: Auto Correct Lose Sight
[2017.10.07-20.56.33:574][690]LogTemp:Warning: Auto Correct Lose Sight
[2017.10.07-20.56.33:574][690]LogTemp:Warning: Auto Correct Lose Sight
[2017.10.07-20.56.33:574][690]LogTemp:Warning: Auto Correct Lose Sight
[2017.10.07-20.56.33:574][690]LogTemp:Warning: Auto Correct Lose Sight
[2017.10.07-20.56.33:574][690]LogTemp:Warning: Auto Correct Lose Sight
[2017.10.07-20.56.38:283][ 93]LogBlueprintUserMessages: Early EndPlayMap Detection: Level '/Game/ThirdPersonBP/Maps/MockUp_Map.MockUp_Map:PersistentLevel' has LevelScriptBlueprint '/Game/ThirdPersonBP/Maps/MockUp_Map.MockUp_Map:PersistentLevel.MockUp_Map' with GeneratedClass '/Game/ThirdPersonBP/Maps/MockUp_Map.MockUp_Map_C' with ClassGeneratedBy '/Game/ThirdPersonBP/Maps/MockUp_Map.MockUp_Map:PersistentLevel.MockUp_Map'
[2017.10.07-20.56.38:397][ 93]LogBlueprintUserMessages: Late EndPlayMap Detection: Level '/Game/ThirdPersonBP/Maps/MockUp_Map.MockUp_Map:PersistentLevel' has LevelScriptBlueprint '/Game/ThirdPersonBP/Maps/MockUp_Map.MockUp_Map:PersistentLevel.MockUp_Map' with GeneratedClass '/Game/ThirdPersonBP/Maps/MockUp_Map.MockUp_Map_C' with ClassGeneratedBy '/Game/ThirdPersonBP/Maps/MockUp_Map.MockUp_Map:PersistentLevel.MockUp_Map'
[2017.10.07-20.56.47:774][658]BlueprintLog: New page: Compile Charater_BP
[2017.10.07-20.56.52:671][785]Cmd: OBJ SAVEPACKAGE PACKAGE="/Game/Blueprint/Charater_BP" FILE="../../../../../GitHub/FYP_DumbTesting/Meeting/Content/Blueprint/Charater_BP.uasset" SILENT=true
[2017.10.07-20.56.53:213][785]LogSavePackage: Save=535.09ms
[2017.10.07-20.56.53:213][785]LogSavePackage: Moving '../../../../../GitHub/FYP_DumbTesting/Meeting/Saved/Charater_BPA97C60BB4457FD49C1E4029D46C9CF33.tmp' to '../../../../../GitHub/FYP_DumbTesting/Meeting/Content/Blueprint/Charater_BP.uasset'
[2017.10.07-20.56.53:216][785]LogSavePackage:Display: Finished SavePackage ../../../../../GitHub/FYP_DumbTesting/Meeting/Content/Blueprint/Charater_BP.uasset
[2017.10.07-20.56.55:057][864]LogTemp: Repeting last play command: Selected Viewport
[2017.10.07-20.56.55:110][864]LogBlueprintUserMessages: Early PlayInEditor Detection: Level '/Game/ThirdPersonBP/Maps/MockUp_Map.MockUp_Map:PersistentLevel' has LevelScriptBlueprint '/Game/ThirdPersonBP/Maps/MockUp_Map.MockUp_Map:PersistentLevel.MockUp_Map' with GeneratedClass '/Game/ThirdPersonBP/Maps/MockUp_Map.MockUp_Map_C' with ClassGeneratedBy '/Game/ThirdPersonBP/Maps/MockUp_Map.MockUp_Map:PersistentLevel.MockUp_Map'
[2017.10.07-20.56.55:110][864]LogPlayLevel: PlayLevel: No blueprints needed recompiling
[2017.10.07-20.56.55:111][864]PIE: New page: PIE session: MockUp_Map (Oct 8, 2017, 12:56:55 PM)
[2017.10.07-20.56.55:111][864]LogPlayLevel: Creating play world package: /Game/ThirdPersonBP/Maps/UEDPIE_0_MockUp_Map
[2017.10.07-20.56.55:373][864]LogPlayLevel: PIE: StaticDuplicateObject took: (0.262448s)
[2017.10.07-20.56.55:374][864]LogAIModule: Creating AISystem for world MockUp_Map
[2017.10.07-20.56.55:374][864]LogPlayLevel: PIE: World Init took: (0.001270s)
[2017.10.07-20.56.55:376][864]LogPlayLevel: PIE: Created PIE world by copying editor world from /Game/ThirdPersonBP/Maps/MockUp_Map.MockUp_Map to /Game/ThirdPersonBP/Maps/UEDPIE_0_MockUp_Map.MockUp_Map (0.265846s)
[2017.10.07-20.56.55:430][864]LogInit: XAudio2 using 'VX2363 Series-4 (NVIDIA High Definition Audio)' : 2 channels at 48 kHz using 16 bits per sample (channel mask 0x3)
[2017.10.07-20.56.55:439][864]LogInit: FAudioDevice initialized.
[2017.10.07-20.56.55:472][864]LogLoad: Game class is 'MeetingGameModeBase_BP_C'
[2017.10.07-20.56.55:560][864]LogWorld: Bringing World /Game/ThirdPersonBP/Maps/UEDPIE_0_MockUp_Map.MockUp_Map up for play (max tick rate 0) at 2017.10.08-04.56.55
[2017.10.07-20.56.55:583][864]LogWorld: Bringing up level for play took: 0.110205
[2017.10.07-20.56.55:603][864]PIE: Info Play in editor start time for /Game/ThirdPersonBP/Maps/UEDPIE_0_MockUp_Map 1.127
[2017.10.07-20.56.55:605][864]LogBlueprintUserMessages: Late PlayInEditor Detection: Level '/Game/ThirdPersonBP/Maps/MockUp_Map.MockUp_Map:PersistentLevel' has LevelScriptBlueprint '/Game/ThirdPersonBP/Maps/MockUp_Map.MockUp_Map:PersistentLevel.MockUp_Map' with GeneratedClass '/Game/ThirdPersonBP/Maps/MockUp_Map.MockUp_Map_C' with ClassGeneratedBy '/Game/ThirdPersonBP/Maps/MockUp_Map.MockUp_Map:PersistentLevel.MockUp_Map'
[2017.10.07-20.56.56:736][951]LogTemp:Warning: Auto Correct Lose Sight
[2017.10.07-20.56.56:736][951]LogTemp:Warning: Auto Correct Lose Sight
[2017.10.07-20.56.56:736][951]LogTemp:Warning: Auto Correct Lose Sight
[2017.10.07-20.56.56:736][951]LogTemp:Warning: Auto Correct Lose Sight
[2017.10.07-20.56.56:736][951]LogTemp:Warning: Auto Correct Lose Sight
[2017.10.07-20.56.56:736][951]LogTemp:Warning: Auto Correct Lose Sight
[2017.10.07-20.57.00:163][263]LogBlueprintUserMessages: Early EndPlayMap Detection: Level '/Game/ThirdPersonBP/Maps/MockUp_Map.MockUp_Map:PersistentLevel' has LevelScriptBlueprint '/Game/ThirdPersonBP/Maps/MockUp_Map.MockUp_Map:PersistentLevel.MockUp_Map' with GeneratedClass '/Game/ThirdPersonBP/Maps/MockUp_Map.MockUp_Map_C' with ClassGeneratedBy '/Game/ThirdPersonBP/Maps/MockUp_Map.MockUp_Map:PersistentLevel.MockUp_Map'
[2017.10.07-20.57.00:280][263]LogBlueprintUserMessages: Late EndPlayMap Detection: Level '/Game/ThirdPersonBP/Maps/MockUp_Map.MockUp_Map:PersistentLevel' has LevelScriptBlueprint '/Game/ThirdPersonBP/Maps/MockUp_Map.MockUp_Map:PersistentLevel.MockUp_Map' with GeneratedClass '/Game/ThirdPersonBP/Maps/MockUp_Map.MockUp_Map_C' with ClassGeneratedBy '/Game/ThirdPersonBP/Maps/MockUp_Map.MockUp_Map:PersistentLevel.MockUp_Map'
[2017.10.07-20.57.08:824][782]BlueprintLog: New page: Compile Charater_BP
[2017.10.07-20.57.13:025][830]Cmd: OBJ SAVEPACKAGE PACKAGE="/Game/Blueprint/Charater_BP" FILE="../../../../../GitHub/FYP_DumbTesting/Meeting/Content/Blueprint/Charater_BP.uasset" SILENT=true
[2017.10.07-20.57.13:556][830]LogSavePackage: Save=524.80ms
[2017.10.07-20.57.13:556][830]LogSavePackage: Moving '../../../../../GitHub/FYP_DumbTesting/Meeting/Saved/Charater_BP2AA2EDBE48C88B1F22CDE1A57CFCEAB6.tmp' to '../../../../../GitHub/FYP_DumbTesting/Meeting/Content/Blueprint/Charater_BP.uasset'
[2017.10.07-20.57.13:559][830]LogSavePackage:Display: Finished SavePackage ../../../../../GitHub/FYP_DumbTesting/Meeting/Content/Blueprint/Charater_BP.uasset
[2017.10.07-20.57.14:520][888]LogTemp: Repeting last play command: Selected Viewport
[2017.10.07-20.57.14:572][888]LogBlueprintUserMessages: Early PlayInEditor Detection: Level '/Game/ThirdPersonBP/Maps/MockUp_Map.MockUp_Map:PersistentLevel' has LevelScriptBlueprint '/Game/ThirdPersonBP/Maps/MockUp_Map.MockUp_Map:PersistentLevel.MockUp_Map' with GeneratedClass '/Game/ThirdPersonBP/Maps/MockUp_Map.MockUp_Map_C' with ClassGeneratedBy '/Game/ThirdPersonBP/Maps/MockUp_Map.MockUp_Map:PersistentLevel.MockUp_Map'
[2017.10.07-20.57.14:572][888]LogPlayLevel: PlayLevel: No blueprints needed recompiling
[2017.10.07-20.57.14:572][888]PIE: New page: PIE session: MockUp_Map (Oct 8, 2017, 12:57:14 PM)
[2017.10.07-20.57.14:572][888]LogPlayLevel: Creating play world package: /Game/ThirdPersonBP/Maps/UEDPIE_0_MockUp_Map
[2017.10.07-20.57.14:836][888]LogPlayLevel: PIE: StaticDuplicateObject took: (0.263488s)
[2017.10.07-20.57.14:837][888]LogAIModule: Creating AISystem for world MockUp_Map
[2017.10.07-20.57.14:837][888]LogPlayLevel: PIE: World Init took: (0.001242s)
[2017.10.07-20.57.14:839][888]LogPlayLevel: PIE: Created PIE world by copying editor world from /Game/ThirdPersonBP/Maps/MockUp_Map.MockUp_Map to /Game/ThirdPersonBP/Maps/UEDPIE_0_MockUp_Map.MockUp_Map (0.267220s)
[2017.10.07-20.57.14:894][888]LogInit: XAudio2 using 'VX2363 Series-4 (NVIDIA High Definition Audio)' : 2 channels at 48 kHz using 16 bits per sample (channel mask 0x3)
[2017.10.07-20.57.14:902][888]LogInit: FAudioDevice initialized.
[2017.10.07-20.57.14:933][888]LogLoad: Game class is 'MeetingGameModeBase_BP_C'
[2017.10.07-20.57.15:022][888]LogWorld: Bringing World /Game/ThirdPersonBP/Maps/UEDPIE_0_MockUp_Map.MockUp_Map up for play (max tick rate 0) at 2017.10.08-04.57.15
[2017.10.07-20.57.15:046][888]LogWorld: Bringing up level for play took: 0.111105
[2017.10.07-20.57.15:056][888]PIE: Info Play in editor start time for /Game/ThirdPersonBP/Maps/UEDPIE_0_MockUp_Map 0.579
[2017.10.07-20.57.15:057][888]LogBlueprintUserMessages: Late PlayInEditor Detection: Level '/Game/ThirdPersonBP/Maps/MockUp_Map.MockUp_Map:PersistentLevel' has LevelScriptBlueprint '/Game/ThirdPersonBP/Maps/MockUp_Map.MockUp_Map:PersistentLevel.MockUp_Map' with GeneratedClass '/Game/ThirdPersonBP/Maps/MockUp_Map.MockUp_Map_C' with ClassGeneratedBy '/Game/ThirdPersonBP/Maps/MockUp_Map.MockUp_Map:PersistentLevel.MockUp_Map'
[2017.10.07-20.57.16:190][973]LogTemp:Warning: Auto Correct Lose Sight
[2017.10.07-20.57.16:190][973]LogTemp:Warning: Auto Correct Lose Sight
[2017.10.07-20.57.16:190][973]LogTemp:Warning: Auto Correct Lose Sight
[2017.10.07-20.57.16:190][973]LogTemp:Warning: Auto Correct Lose Sight
[2017.10.07-20.57.16:190][973]LogTemp:Warning: Auto Correct Lose Sight
[2017.10.07-20.57.16:190][973]LogTemp:Warning: Auto Correct Lose Sight
[2017.10.07-20.57.28:898][102]LogBlueprintUserMessages: Early EndPlayMap Detection: Level '/Game/ThirdPersonBP/Maps/MockUp_Map.MockUp_Map:PersistentLevel' has LevelScriptBlueprint '/Game/ThirdPersonBP/Maps/MockUp_Map.MockUp_Map:PersistentLevel.MockUp_Map' with GeneratedClass '/Game/ThirdPersonBP/Maps/MockUp_Map.MockUp_Map_C' with ClassGeneratedBy '/Game/ThirdPersonBP/Maps/MockUp_Map.MockUp_Map:PersistentLevel.MockUp_Map'
[2017.10.07-20.57.29:014][102]LogBlueprintUserMessages: Late EndPlayMap Detection: Level '/Game/ThirdPersonBP/Maps/MockUp_Map.MockUp_Map:PersistentLevel' has LevelScriptBlueprint '/Game/ThirdPersonBP/Maps/MockUp_Map.MockUp_Map:PersistentLevel.MockUp_Map' with GeneratedClass '/Game/ThirdPersonBP/Maps/MockUp_Map.MockUp_Map_C' with ClassGeneratedBy '/Game/ThirdPersonBP/Maps/MockUp_Map.MockUp_Map:PersistentLevel.MockUp_Map'
[2017.10.07-20.57.50:567][821]LogEditorViewport: Clicking on Actor (LMB): Emitter (P_Sparks_LargeBurst)
[2017.10.07-20.57.51:013][833]Cmd: DELETE
[2017.10.07-20.57.51:013][833]Cmd: ACTOR DELETE
[2017.10.07-20.57.51:179][833]LogEditorActor: Deleted Actor: Emitter
[2017.10.07-20.57.51:229][833]LogEditorActor: Deleted 1 Actors (0.106 secs)
[2017.10.07-20.58.15:441][376]LogEditorViewport: Clicking on Actor (LMB): Emitter (P_Sparks_SmallBurst)
[2017.10.07-20.58.16:245][399]Cmd: DELETE
[2017.10.07-20.58.16:245][399]Cmd: ACTOR DELETE
[2017.10.07-20.58.16:255][399]LogEditorActor: Deleted Actor: Emitter
[2017.10.07-20.58.16:295][399]LogEditorActor: Deleted 1 Actors (0.050 secs)
[2017.10.07-20.58.48:430][822]LogEditorViewport: Clicking on Actor (LMB): StaticMeshActor (SM_Corridor_Floor_60)
[2017.10.07-20.58.51:477][931]LogEditorViewport: Clicking on Actor (LMB): StaticMeshActor (SM_Corridor_Corner_CeillingFloor4)
[2017.10.07-20.58.52:614][978]LogEditorViewport: Clicking on Actor (LMB): Emitter (P_Sparks_Spray)
[2017.10.07-20.58.52:813][984]Cmd: DELETE
[2017.10.07-20.58.52:813][984]Cmd: ACTOR DELETE
[2017.10.07-20.58.52:823][984]LogEditorActor: Deleted Actor: Emitter
[2017.10.07-20.58.52:866][984]LogEditorActor: Deleted 1 Actors (0.054 secs)
[2017.10.07-20.59.34:285][887]LogContentStreaming: Texture pool size now 1000 MB
[2017.10.07-20.59.34:713][899]LogRenderer: Reallocating scene render targets to support 1432x924 NumSamples 1 (Frame:8949).
[2017.10.07-20.59.36:526][910]LogRenderer: Reallocating scene render targets to support 1432x924 NumSamples 1 (Frame:8959).
[2017.10.07-21.00.23:294][394]Cmd: SELECT NONE
[2017.10.07-21.00.48:653][457]LogSavePackage: Save=4810.75ms
[2017.10.07-21.00.48:653][457]LogSavePackage: Moving '../../../../../GitHub/FYP_DumbTesting/Meeting/Saved/MockUp_Map6B36C6904557AF0C9965EE8451296CCD.tmp' to '../../../../../GitHub/FYP_DumbTesting/Meeting/Content/ThirdPersonBP/Maps/MockUp_Map.umap'
[2017.10.07-21.00.48:660][457]LogSavePackage:Display: Finished SavePackage ../../../../../GitHub/FYP_DumbTesting/Meeting/Content/ThirdPersonBP/Maps/MockUp_Map.umap
[2017.10.07-21.00.48:762][457]LogFileHelpers: Saving map 'MockUp_Map' took 5.318
[2017.10.07-21.00.49:344][458]Cmd: QUIT_EDITOR
[2017.10.07-21.00.50:299][458]LogWindowsTextInputMethodSystem:Display: IME system now deactivated.
[2017.10.07-21.00.50:433][458]LogExit: Preparing to exit.
[2017.10.07-21.00.51:181][458]LogDirectoryWatcher: A directory notification for 'D:/GitHub/FYP_DumbTesting/Meeting/Content/' was aborted.
[2017.10.07-21.00.51:562][458]LogExit: Editor shut down
[2017.10.07-21.00.51:564][458]LogExit: Transaction tracking system shut down
[2017.10.07-21.00.53:312][458]LogObj: Freed 0b from 0 cluster array pools.
[2017.10.07-21.00.53:313][458]LogExit: Object subsystem successfully closed.
[2017.10.07-21.00.53:354][458]LogD3D11RHI: Shutdown
[2017.10.07-21.00.53:354][458]LogD3D11RHI: CleanupD3DDevice
[2017.10.07-21.00.53:827][458]LogD3D11RHI: ~FD3D11DynamicRHI
[2017.10.07-21.00.53:841][458]LogModuleManager: Shutting down and abandoning module StaticMeshEditor (508)
[2017.10.07-21.00.53:841][458]LogModuleManager: Shutting down and abandoning module BlueprintGraph (506)
[2017.10.07-21.00.53:841][458]LogModuleManager: Shutting down and abandoning module BlueprintProfiler (504)
[2017.10.07-21.00.53:841][458]LogModuleManager: Shutting down and abandoning module MovieSceneCapture (502)
[2017.10.07-21.00.53:841][458]LogModuleManager: Shutting down and abandoning module HierarchicalLODOutliner (500)
[2017.10.07-21.00.53:841][458]LogModuleManager: Shutting down and abandoning module CrashTracker (498)
[2017.10.07-21.00.53:841][458]LogModuleManager: Shutting down and abandoning module SceneOutliner (496)
[2017.10.07-21.00.53:841][458]LogModuleManager: Shutting down and abandoning module AddContentDialog (494)
[2017.10.07-21.00.53:841][458]LogDirectoryWatcher: A directory notification for 'D:/UnrealEngine/UE_4.15/FeaturePacks/' was aborted.
[2017.10.07-21.00.53:850][458]LogModuleManager: Shutting down and abandoning module WidgetCarousel (493)
[2017.10.07-21.00.53:850][458]LogModuleManager: Shutting down and abandoning module EditorWidgets (490)
[2017.10.07-21.00.53:850][458]LogModuleManager: Shutting down and abandoning module CollectionManager (488)
[2017.10.07-21.00.53:850][458]LogDirectoryWatcher: A directory notification for 'D:/GitHub/FYP_DumbTesting/Meeting/Content/Collections/' was aborted.
[2017.10.07-21.00.53:851][458]LogDirectoryWatcher: A directory notification for 'D:/GitHub/FYP_DumbTesting/Meeting/Content/Developers/HELLOBYE/Collections/' was aborted.
[2017.10.07-21.00.53:851][458]LogDirectoryWatcher: A directory notification for 'D:/GitHub/FYP_DumbTesting/Meeting/Saved/Collections/' was aborted.
[2017.10.07-21.00.53:851][458]LogModuleManager: Shutting down and abandoning module StatsViewer (486)
[2017.10.07-21.00.53:851][458]LogModuleManager: Shutting down and abandoning module FoliageEdit (484)
[2017.10.07-21.00.53:851][458]LogModuleManager: Shutting down and abandoning module LandscapeEditor (482)
[2017.10.07-21.00.53:851][458]LogModuleManager: Shutting down and abandoning module SceneDepthPickerMode (480)
[2017.10.07-21.00.53:851][458]LogModuleManager: Shutting down and abandoning module ActorPickerMode (478)
[2017.10.07-21.00.53:851][458]LogModuleManager: Shutting down and abandoning module GeometryMode (476)
[2017.10.07-21.00.53:851][458]LogModuleManager: Shutting down and abandoning module TextureAlignMode (474)
[2017.10.07-21.00.53:851][458]LogModuleManager: Shutting down and abandoning module BspMode (472)
[2017.10.07-21.00.53:851][458]LogModuleManager: Shutting down and abandoning module HardwareSurvey (470)
[2017.10.07-21.00.53:851][458]LogModuleManager: Shutting down and abandoning module SequenceRecorderSections (468)
[2017.10.07-21.00.53:851][458]LogModuleManager: Shutting down and abandoning module AutomationWorker (466)
[2017.10.07-21.00.53:851][458]LogModuleManager: Shutting down and abandoning module MatineeToLevelSequence (464)
[2017.10.07-21.00.53:851][458]LogModuleManager: Shutting down and abandoning module LevelSequenceEditor (462)
[2017.10.07-21.00.53:851][458]LogModuleManager: Shutting down and abandoning module PlacementMode (461)
[2017.10.07-21.00.53:851][458]LogModuleManager: Shutting down and abandoning module WmfMediaFactory (458)
[2017.10.07-21.00.53:851][458]LogModuleManager: Shutting down and abandoning module WmfMediaEditor (456)
[2017.10.07-21.00.53:851][458]LogModuleManager: Shutting down and abandoning module MfMediaFactory (454)
[2017.10.07-21.00.53:851][458]LogModuleManager: Shutting down and abandoning module MfMediaEditor (452)
[2017.10.07-21.00.53:851][458]LogModuleManager: Shutting down and abandoning module AvfMediaFactory (450)
[2017.10.07-21.00.53:851][458]LogModuleManager: Shutting down and abandoning module AvfMediaEditor (448)
[2017.10.07-21.00.53:851][458]LogModuleManager: Shutting down and abandoning module AndroidMediaFactory (446)
[2017.10.07-21.00.53:851][458]LogModuleManager: Shutting down and abandoning module Media (445)
[2017.10.07-21.00.53:851][458]LogModuleManager: Shutting down and abandoning module AndroidMediaEditor (442)
[2017.10.07-21.00.53:851][458]LogModuleManager: Shutting down and abandoning module CharacterAI (440)
[2017.10.07-21.00.53:851][458]LogModuleManager: Shutting down and abandoning module AudioCapture (438)
[2017.10.07-21.00.53:851][458]LogModuleManager: Shutting down and abandoning module SequenceRecorder (437)
[2017.10.07-21.00.53:851][458]LogModuleManager: Shutting down and abandoning module SmartSnapping (434)
[2017.10.07-21.00.53:851][458]LogModuleManager: Shutting down and abandoning module SessionServices (432)
[2017.10.07-21.00.53:851][458]LogModuleManager: Shutting down and abandoning module ViewportSnapping (430)
[2017.10.07-21.00.53:851][458]LogModuleManager: Shutting down and abandoning module ViewportInteraction (428)
[2017.10.07-21.00.53:851][458]LogModuleManager: Shutting down and abandoning module LogVisualizer (426)
[2017.10.07-21.00.53:852][458]LogModuleManager: Shutting down and abandoning module IntroTutorials (424)
[2017.10.07-21.00.53:852][458]LogModuleManager: Shutting down and abandoning module GameProjectGeneration (423)
[2017.10.07-21.00.53:852][458]LogModuleManager: Shutting down and abandoning module EditorLiveStreaming (420)
[2017.10.07-21.00.53:852][458]LogModuleManager: Shutting down and abandoning module IOSPlatformEditor (418)
[2017.10.07-21.00.53:852][458]LogModuleManager: Shutting down and abandoning module HTML5PlatformEditor (416)
[2017.10.07-21.00.53:852][458]LogModuleManager: Shutting down and abandoning module AndroidPlatformEditor (414)
[2017.10.07-21.00.53:852][458]LogModuleManager: Shutting down and abandoning module AndroidDeviceDetection (413)
[2017.10.07-21.00.53:978][458]LogModuleManager: Shutting down and abandoning module IOSRuntimeSettings (410)
[2017.10.07-21.00.53:978][458]LogModuleManager: Shutting down and abandoning module AndroidRuntimeSettings (408)
[2017.10.07-21.00.53:978][458]LogModuleManager: Shutting down and abandoning module InputBindingEditor (406)
[2017.10.07-21.00.53:978][458]LogModuleManager: Shutting down and abandoning module NiagaraEditor (404)
[2017.10.07-21.00.53:978][458]LogModuleManager: Shutting down and abandoning module MergeActors (402)
[2017.10.07-21.00.53:978][458]LogModuleManager: Shutting down and abandoning module SizeMap (400)
[2017.10.07-21.00.53:978][458]LogModuleManager: Shutting down and abandoning module TreeMap (398)
[2017.10.07-21.00.53:978][458]LogModuleManager: Shutting down and abandoning module ReferenceViewer (396)
[2017.10.07-21.00.53:978][458]LogModuleManager: Shutting down and abandoning module LocalizationDashboard (394)
[2017.10.07-21.00.53:978][458]LogModuleManager: Shutting down and abandoning module LocalizationService (393)
[2017.10.07-21.00.53:978][458]LogModuleManager: Shutting down and abandoning module HardwareTargeting (390)
[2017.10.07-21.00.53:978][458]LogModuleManager: Shutting down and abandoning module DeviceProfileEditor (388)
[2017.10.07-21.00.53:978][458]LogModuleManager: Shutting down and abandoning module UndoHistory (386)
[2017.10.07-21.00.53:978][458]LogModuleManager: Shutting down and abandoning module UserFeedback (384)
[2017.10.07-21.00.53:978][458]LogModuleManager: Shutting down and abandoning module XmlParser (382)
[2017.10.07-21.00.53:978][458]LogModuleManager: Shutting down and abandoning module Blutility (380)
[2017.10.07-21.00.53:978][458]LogModuleManager: Shutting down and abandoning module ProjectSettingsViewer (378)
[2017.10.07-21.00.53:978][458]LogModuleManager: Shutting down and abandoning module ProjectTargetPlatformEditor (377)
[2017.10.07-21.00.53:979][458]LogModuleManager: Shutting down and abandoning module EditorSettingsViewer (374)
[2017.10.07-21.00.53:979][458]LogModuleManager: Shutting down and abandoning module SettingsEditor (372)
[2017.10.07-21.00.53:979][458]LogModuleManager: Shutting down and abandoning module ProjectLauncher (370)
[2017.10.07-21.00.53:979][458]LogModuleManager: Shutting down and abandoning module SessionFrontend (368)
[2017.10.07-21.00.53:979][458]LogModuleManager: Shutting down and abandoning module ProfilerClient (366)
[2017.10.07-21.00.53:979][458]LogModuleManager: Shutting down and abandoning module DeviceManager (364)
[2017.10.07-21.00.53:979][458]LogModuleManager: Shutting down and abandoning module TargetDeviceServices (363)
[2017.10.07-21.00.54:024][458]LogModuleManager: Shutting down and abandoning module AutomationController (360)
[2017.10.07-21.00.54:024][458]LogModuleManager: Shutting down and abandoning module AutomationWindow (358)
[2017.10.07-21.00.54:024][458]LogModuleManager: Shutting down and abandoning module Layers (356)
[2017.10.07-21.00.54:024][458]LogModuleManager: Shutting down and abandoning module ComponentVisualizers (354)
[2017.10.07-21.00.54:024][458]LogModuleManager: Shutting down and abandoning module DetailCustomizations (352)
[2017.10.07-21.00.54:024][458]LogModuleManager: Shutting down and abandoning module PackagesDialog (350)
[2017.10.07-21.00.54:024][458]LogModuleManager: Shutting down and abandoning module Persona (348)
[2017.10.07-21.00.54:024][458]LogModuleManager: Shutting down and abandoning module AnimGraph (347)
[2017.10.07-21.00.54:024][458]LogModuleManager: Shutting down and abandoning module Kismet (344)
[2017.10.07-21.00.54:044][458]LogModuleManager: Shutting down and abandoning module GraphEditor (342)
[2017.10.07-21.00.54:044][458]LogModuleManager: Shutting down and abandoning module ClassViewer (340)
[2017.10.07-21.00.54:044][458]LogModuleManager: Shutting down and abandoning module Toolbox (338)
[2017.10.07-21.00.54:044][458]LogModuleManager: Shutting down and abandoning module ModuleUI (336)
[2017.10.07-21.00.54:044][458]LogModuleManager: Shutting down and abandoning module MovieSceneTools (334)
[2017.10.07-21.00.54:044][458]LogModuleManager: Shutting down and abandoning module OutputLog (332)
[2017.10.07-21.00.54:044][458]LogModuleManager: Shutting down and abandoning module GammaUI (330)
[2017.10.07-21.00.54:044][458]LogModuleManager: Shutting down and abandoning module Documentation (328)
[2017.10.07-21.00.54:044][458]LogModuleManager: Shutting down and abandoning module Niagara (326)
[2017.10.07-21.00.54:044][458]LogModuleManager: Shutting down and abandoning module StreamingPauseRendering (324)
[2017.10.07-21.00.54:044][458]LogModuleManager: Shutting down and abandoning module AnalyticsET (322)
[2017.10.07-21.00.54:044][458]LogModuleManager: Shutting down and abandoning module PortalServices (320)
[2017.10.07-21.00.54:044][458]LogModuleManager: Shutting down and abandoning module PortalRpc (318)
[2017.10.07-21.00.54:044][458]LogModuleManager: Shutting down and abandoning module MessagingRpc (316)
[2017.10.07-21.00.54:044][458]LogModuleManager: Shutting down and abandoning module AIModule (314)
[2017.10.07-21.00.54:044][458]LogModuleManager: Shutting down and abandoning module GameplayDebugger (313)
[2017.10.07-21.00.54:044][458]LogModuleManager: Shutting down and abandoning module AITestSuite (311)
[2017.10.07-21.00.54:044][458]LogModuleManager: Shutting down and abandoning module ProfilerService (308)
[2017.10.07-21.00.54:074][458]LogModuleManager: Shutting down and abandoning module TaskGraph (306)
[2017.10.07-21.00.54:074][458]LogModuleManager: Shutting down and abandoning module SteamVRController (304)
[2017.10.07-21.00.54:074][458]LogModuleManager: Shutting down and abandoning module SteamVR (302)
[2017.10.07-21.00.54:074][458]LogModuleManager: Shutting down and abandoning module ProceduralMeshComponentEditor (300)
[2017.10.07-21.00.54:074][458]LogModuleManager: Shutting down and abandoning module ProceduralMeshComponent (298)
[2017.10.07-21.00.54:074][458]LogModuleManager: Shutting down and abandoning module OculusLibrary (296)
[2017.10.07-21.00.54:074][458]LogModuleManager: Shutting down and abandoning module OculusInput (294)
[2017.10.07-21.00.54:074][458]LogModuleManager: Shutting down and abandoning module MobilePatchingUtils (292)
[2017.10.07-21.00.54:074][458]LogModuleManager: Shutting down and abandoning module CustomMeshComponent (290)
[2017.10.07-21.00.54:074][458]LogModuleManager: Shutting down and abandoning module CableComponent (288)
[2017.10.07-21.00.54:074][458]LogModuleManager: Shutting down and abandoning module ArchVisCharacter (286)
[2017.10.07-21.00.54:074][458]LogModuleManager: Shutting down and abandoning module MediaPlayerEditor (282)
[2017.10.07-21.00.54:075][458]LogModuleManager: Shutting down and abandoning module HTML5Networking (280)
[2017.10.07-21.00.54:075][458]LogModuleManager: Shutting down and abandoning module AlembicImporter (278)
[2017.10.07-21.00.54:075][458]LogModuleManager: Shutting down and abandoning module AlembicLibrary (277)
[2017.10.07-21.00.54:075][458]LogModuleManager: Shutting down and abandoning module GeometryCache (276)
[2017.10.07-21.00.54:075][458]LogModuleManager: Shutting down and abandoning module GeometryCacheEd (275)
[2017.10.07-21.00.54:075][458]LogModuleManager: Shutting down and abandoning module SuperSearchEditor (270)
[2017.10.07-21.00.54:075][458]LogModuleManager: Shutting down and abandoning module SuperSearch (269)
[2017.10.07-21.00.54:075][458]LogModuleManager: Shutting down and abandoning module SpeedTreeImporter (266)
[2017.10.07-21.00.54:075][458]LogModuleManager: Shutting down and abandoning module PluginBrowser (264)
[2017.10.07-21.00.54:075][458]LogModuleManager: Shutting down and abandoning module MobileLauncherProfileWizard (262)
[2017.10.07-21.00.54:075][458]LogModuleManager: Shutting down and abandoning module EpicSurvey (260)
[2017.10.07-21.00.54:075][458]LogModuleManager: Shutting down and abandoning module VisualStudioSourceCodeAccess (258)
[2017.10.07-21.00.54:075][458]LogModuleManager: Shutting down and abandoning module DesktopPlatform (257)
[2017.10.07-21.00.54:075][458]LogModuleManager: Shutting down and abandoning module UObjectPlugin (254)
[2017.10.07-21.00.54:075][458]LogModuleManager: Shutting down and abandoning module SubversionSourceControl (252)
[2017.10.07-21.00.54:075][458]LogModuleManager: Shutting down and abandoning module PerforceSourceControl (250)
[2017.10.07-21.00.54:075][458]LogModuleManager: Shutting down and abandoning module GitSourceControl (248)
[2017.10.07-21.00.54:075][458]LogModuleManager: Shutting down and abandoning module SourceControl (247)
[2017.10.07-21.00.54:075][458]LogModuleManager: Shutting down and abandoning module LightPropagationVolumeEditor (244)
[2017.10.07-21.00.54:075][458]LogModuleManager: Shutting down and abandoning module PaperTiledImporter (242)
[2017.10.07-21.00.54:075][458]LogModuleManager: Shutting down and abandoning module PaperSpriteSheetImporter (240)
[2017.10.07-21.00.54:075][458]LogModuleManager: Shutting down and abandoning module Paper2DEditor (238)
[2017.10.07-21.00.54:075][458]LogModuleManager: Shutting down and abandoning module MeshPaint (237)
[2017.10.07-21.00.54:075][458]LogModuleManager: Shutting down and abandoning module LevelEditor (235)
[2017.10.07-21.00.54:077][458]LogModuleManager: Shutting down and abandoning module PixelInspectorModule (234)
[2017.10.07-21.00.54:077][458]LogModuleManager: Shutting down and abandoning module MainFrame (232)
[2017.10.07-21.00.54:077][458]LogModuleManager: Shutting down and abandoning module HotReload (231)
[2017.10.07-21.00.54:077][458]LogDirectoryWatcher: A directory notification for 'D:/GitHub/FYP_DumbTesting/Meeting/Binaries/Win64' was aborted.
[2017.10.07-21.00.54:078][458]LogModuleManager: Shutting down and abandoning module ContentBrowser (227)
[2017.10.07-21.00.54:080][458]LogModuleManager: Shutting down and abandoning module Meeting (224)
[2017.10.07-21.00.54:080][458]LogModuleManager: Shutting down and abandoning module PhysXVehiclesEditor (222)
[2017.10.07-21.00.54:080][458]LogModuleManager: Shutting down and abandoning module PhysXVehicles (220)
[2017.10.07-21.00.54:080][458]LogModuleManager: Shutting down and abandoning module LocationServicesBPLibrary (218)
[2017.10.07-21.00.54:080][458]LogModuleManager: Shutting down and abandoning module UdpMessaging (216)
[2017.10.07-21.00.54:181][458]LogModuleManager: Shutting down and abandoning module TcpMessaging (214)
[2017.10.07-21.00.54:281][458]LogModuleManager: Shutting down and abandoning module GameplayTagsEditor (212)
[2017.10.07-21.00.54:281][458]LogModuleManager: Shutting down and abandoning module FacialAnimationEditor (210)
[2017.10.07-21.00.54:281][458]LogModuleManager: Shutting down and abandoning module FacialAnimation (208)
[2017.10.07-21.00.54:281][458]LogModuleManager: Shutting down and abandoning module LightPropagationVolumeRuntime (206)
[2017.10.07-21.00.54:281][458]LogModuleManager: Shutting down and abandoning module Paper2D (204)
[2017.10.07-21.00.54:281][458]LogModuleManager: Shutting down and abandoning module WindowsMoviePlayer (202)
[2017.10.07-21.00.54:281][458]LogModuleManager: Shutting down and abandoning module WmfMedia (200)
[2017.10.07-21.00.54:281][458]LogModuleManager: Shutting down and abandoning module MfMedia (198)
[2017.10.07-21.00.54:281][458]LogModuleManager: Shutting down and abandoning module MediaAssets (196)
[2017.10.07-21.00.54:281][458]LogModuleManager: Shutting down and abandoning module GameLiveStreaming (194)
[2017.10.07-21.00.54:281][458]LogModuleManager: Shutting down and abandoning module VREditor (192)
[2017.10.07-21.00.54:281][458]LogModuleManager: Shutting down and abandoning module GameplayTasksEditor (190)
[2017.10.07-21.00.54:281][458]LogModuleManager: Shutting down and abandoning module BehaviorTreeEditor (188)
[2017.10.07-21.00.54:281][458]LogModuleManager: Shutting down and abandoning module FunctionalTesting (186)
[2017.10.07-21.00.54:281][458]LogModuleManager: Shutting down and abandoning module CollisionAnalyzer (184)
[2017.10.07-21.00.54:281][458]LogModuleManager: Shutting down and abandoning module UMG (182)
[2017.10.07-21.00.54:281][458]LogModuleManager: Shutting down and abandoning module UMGEditor (181)
[2017.10.07-21.00.54:281][458]LogModuleManager: Shutting down and abandoning module Sequencer (180)
[2017.10.07-21.00.54:281][458]LogModuleManager: Shutting down and abandoning module AssetTools (178)
[2017.10.07-21.00.54:281][458]LogModuleManager: Shutting down and abandoning module MessageLog (177)
[2017.10.07-21.00.54:281][458]LogModuleManager: Shutting down and abandoning module WorkspaceMenuStructure (176)
[2017.10.07-21.00.54:281][458]LogModuleManager: Shutting down and abandoning module SlateReflector (170)
[2017.10.07-21.00.54:282][458]LogModuleManager: Shutting down and abandoning module Slate (168)
[2017.10.07-21.00.54:282][458]LogModuleManager: Shutting down and abandoning module EditorStyle (166)
[2017.10.07-21.00.54:285][458]LogModuleManager: Shutting down and abandoning module SourceCodeAccess (164)
[2017.10.07-21.00.54:285][458]LogModuleManager: Shutting down and abandoning module HeadMountedDisplay (162)
[2017.10.07-21.00.54:285][458]LogModuleManager: Shutting down and abandoning module XAudio2 (160)
[2017.10.07-21.00.54:285][458]LogModuleManager: Shutting down and abandoning module Networking (158)
[2017.10.07-21.00.54:285][458]LogModuleManager: Shutting down and abandoning module Core (154)
[2017.10.07-21.00.54:285][458]LogModuleManager: Shutting down and abandoning module AssetRegistry (152)
[2017.10.07-21.00.54:525][458]LogDirectoryWatcher: A directory notification for '../../../Engine/Content/' was aborted.
[2017.10.07-21.00.54:525][458]LogDirectoryWatcher: A directory notification for '../../../../../GitHub/FYP_DumbTesting/Meeting/Content/' was aborted.
[2017.10.07-21.00.54:525][458]LogDirectoryWatcher: A directory notification for '../../../Engine/Plugins/2D/Paper2D/Content/' was aborted.
[2017.10.07-21.00.54:525][458]LogModuleManager: Shutting down and abandoning module DirectoryWatcher (151)
[2017.10.07-21.00.54:532][458]LogModuleManager: Shutting down and abandoning module KismetCompiler (148)
[2017.10.07-21.00.54:532][458]LogModuleManager: Shutting down and abandoning module PhysXFormats (146)
[2017.10.07-21.00.54:532][458]LogModuleManager: Shutting down and abandoning module MeshUtilities (144)
[2017.10.07-21.00.54:532][458]LogModuleManager: Shutting down and abandoning module SimplygonSwarm (143)
[2017.10.07-21.00.54:532][458]LogModuleManager: Shutting down and abandoning module SimplygonMeshReduction (141)
[2017.10.07-21.00.54:532][458]LogModuleManager: Shutting down and abandoning module QuadricMeshReduction (139)
[2017.10.07-21.00.54:532][458]LogModuleManager: Shutting down and abandoning module PropertyEditor (137)
[2017.10.07-21.00.54:532][458]LogModuleManager: Shutting down and abandoning module DerivedDataCache (134)
[2017.10.07-21.00.54:627][458]LogDerivedDataCache: Shutdown
[2017.10.07-21.00.54:627][458]LogModuleManager: Shutting down and abandoning module TargetPlatform (132)
[2017.10.07-21.00.54:628][458]LogModuleManager: Shutting down and abandoning module VulkanShaderFormat (131)
[2017.10.07-21.00.54:628][458]LogModuleManager: Shutting down and abandoning module ShaderFormatOpenGL (129)
[2017.10.07-21.00.54:628][458]LogModuleManager: Shutting down and abandoning module ShaderFormatD3D (127)
[2017.10.07-21.00.54:628][458]LogModuleManager: Shutting down and abandoning module MetalShaderFormat (125)
[2017.10.07-21.00.54:628][458]LogModuleManager: Shutting down and abandoning module TextureFormatUncompressed (123)
[2017.10.07-21.00.54:628][458]LogModuleManager: Shutting down and abandoning module TextureFormatPVR (121)
[2017.10.07-21.00.54:628][458]LogModuleManager: Shutting down and abandoning module TextureFormatDXT (119)
[2017.10.07-21.00.54:628][458]LogModuleManager: Shutting down and abandoning module TextureFormatIntelISPCTexComp (117)
[2017.10.07-21.00.54:628][458]LogModuleManager: Shutting down and abandoning module TextureFormatASTC (115)
[2017.10.07-21.00.54:628][458]LogModuleManager: Shutting down and abandoning module ImageWrapper (114)
[2017.10.07-21.00.54:628][458]LogModuleManager: Shutting down and abandoning module TextureFormatAndroid (111)
[2017.10.07-21.00.54:628][458]LogModuleManager: Shutting down and abandoning module AudioFormatOpus (109)
[2017.10.07-21.00.54:628][458]LogModuleManager: Shutting down and abandoning module AudioFormatOgg (107)
[2017.10.07-21.00.54:628][458]LogModuleManager: Shutting down and abandoning module AudioFormatADPCM (105)
[2017.10.07-21.00.54:628][458]LogModuleManager: Shutting down and abandoning module LinuxTargetPlatform (103)
[2017.10.07-21.00.54:629][458]LogModuleManager: Shutting down and abandoning module LinuxServerTargetPlatform (101)
[2017.10.07-21.00.54:629][458]LogModuleManager: Shutting down and abandoning module LinuxNoEditorTargetPlatform (99)
[2017.10.07-21.00.54:629][458]LogModuleManager: Shutting down and abandoning module LinuxClientTargetPlatform (97)
[2017.10.07-21.00.54:629][458]LogModuleManager: Shutting down and abandoning module TVOSTargetPlatform (95)
[2017.10.07-21.00.54:629][458]LogModuleManager: Shutting down and abandoning module Messaging (93)
[2017.10.07-21.00.54:629][458]LogModuleManager: Shutting down and abandoning module IOSTargetPlatform (91)
[2017.10.07-21.00.54:629][458]LogModuleManager: Shutting down and abandoning module HTML5TargetPlatform (89)
[2017.10.07-21.00.54:629][458]LogModuleManager: Shutting down and abandoning module Android_PVRTCTargetPlatform (87)
[2017.10.07-21.00.54:629][458]LogModuleManager: Shutting down and abandoning module Android_MultiTargetPlatform (85)
[2017.10.07-21.00.54:629][458]LogModuleManager: Shutting down and abandoning module Android_ETC2TargetPlatform (83)
[2017.10.07-21.00.54:629][458]LogModuleManager: Shutting down and abandoning module Android_ETC1TargetPlatform (81)
[2017.10.07-21.00.54:629][458]LogModuleManager: Shutting down and abandoning module Android_DXTTargetPlatform (79)
[2017.10.07-21.00.54:629][458]LogModuleManager: Shutting down and abandoning module Android_ATCTargetPlatform (77)
[2017.10.07-21.00.54:629][458]LogModuleManager: Shutting down and abandoning module Android_ASTCTargetPlatform (75)
[2017.10.07-21.00.54:629][458]LogModuleManager: Shutting down and abandoning module AndroidTargetPlatform (73)
[2017.10.07-21.00.54:629][458]LogModuleManager: Shutting down and abandoning module WindowsTargetPlatform (71)
[2017.10.07-21.00.54:629][458]LogModuleManager: Shutting down and abandoning module WindowsServerTargetPlatform (69)
[2017.10.07-21.00.54:629][458]LogModuleManager: Shutting down and abandoning module WindowsNoEditorTargetPlatform (67)
[2017.10.07-21.00.54:629][458]LogModuleManager: Shutting down and abandoning module WindowsClientTargetPlatform (65)
[2017.10.07-21.00.54:629][458]LogModuleManager: Shutting down and abandoning module MacTargetPlatform (63)
[2017.10.07-21.00.54:629][458]LogModuleManager: Shutting down and abandoning module MacServerTargetPlatform (61)
[2017.10.07-21.00.54:629][458]LogModuleManager: Shutting down and abandoning module MacNoEditorTargetPlatform (59)
[2017.10.07-21.00.54:629][458]LogModuleManager: Shutting down and abandoning module MacClientTargetPlatform (57)
[2017.10.07-21.00.54:630][458]LogModuleManager: Shutting down and abandoning module AllDesktopTargetPlatform (55)
[2017.10.07-21.00.54:630][458]LogModuleManager: Shutting down and abandoning module InputCore (52)
[2017.10.07-21.00.54:630][458]LogModuleManager: Shutting down and abandoning module Settings (50)
[2017.10.07-21.00.54:630][458]LogModuleManager: Shutting down and abandoning module OculusRift (48)
[2017.10.07-21.00.54:630][458]LogModuleManager: Shutting down and abandoning module GearVR (46)
[2017.10.07-21.00.54:630][458]LogModuleManager: Shutting down and abandoning module ExampleDeviceProfileSelector (44)
[2017.10.07-21.00.54:630][458]LogModuleManager: Shutting down and abandoning module OnlineBlueprintSupport (42)
[2017.10.07-21.00.54:630][458]LogModuleManager: Shutting down and abandoning module OnlineSubsystem (38)
[2017.10.07-21.00.54:630][458]LogOnline:Display: Unloading online subsystem: NULL
[2017.10.07-21.00.54:630][458]LogModuleManager: Shutting down and abandoning module XMPP (37)
[2017.10.07-21.00.54:630][458]LogModuleManager: Shutting down and abandoning module HTTP (35)
[2017.10.07-21.00.54:630][458]LogHttp:Display: Http module shutting down, but needs to wait on 1 outstanding Http requests:
[2017.10.07-21.00.54:630][458]LogHttp:Display: 	verb=[POST] url=[https://datarouter.ol.epicgames.com/datarouter/api/v1/public/data?SessionID=%7B968351FA-4799-E92C-6EA1-C983000B1524%7D&AppID=UEEditor.Rocket.Release&AppVersion=4.15.3-3450819%2B%2B%2BUE4%2BRelease-4.15&UserID=dd7208074aeeffd34e3340b0d5d8b2c0%7C50c3a4537b7f4de4a3d0dadca77c683d%7C7560d674-451b-4b79-847e-ce1bd6db5235&AppEnvironment=datacollector-binary&UploadType=eteventstream] status=Processing
[2017.10.07-21.00.54:647][458]LogModuleManager: Shutting down and abandoning module SSL (34)
[2017.10.07-21.00.54:650][458]LogModuleManager: Shutting down and abandoning module AudioEditor (30)
[2017.10.07-21.00.54:651][458]LogModuleManager: Shutting down and abandoning module TextureCompressor (28)
[2017.10.07-21.00.54:651][458]LogModuleManager: Shutting down and abandoning module ShaderCore (26)
[2017.10.07-21.00.54:651][458]LogModuleManager: Shutting down and abandoning module Landscape (24)
[2017.10.07-21.00.54:651][458]LogModuleManager: Shutting down and abandoning module SlateRHIRenderer (22)
[2017.10.07-21.00.54:666][458]LogModuleManager: Shutting down and abandoning module OpenGLDrv (20)
[2017.10.07-21.00.54:666][458]LogModuleManager: Shutting down and abandoning module D3D11RHI (18)
[2017.10.07-21.00.54:666][458]LogModuleManager: Shutting down and abandoning module AnimGraphRuntime (16)
[2017.10.07-21.00.54:666][458]LogModuleManager: Shutting down and abandoning module Renderer (14)
[2017.10.07-21.00.54:666][458]LogModuleManager: Shutting down and abandoning module Engine (12)
[2017.10.07-21.00.54:666][458]LogModuleManager: Shutting down and abandoning module CoreUObject (10)
[2017.10.07-21.00.54:666][458]LogModuleManager: Shutting down and abandoning module NetworkFile (8)
[2017.10.07-21.00.54:666][458]LogModuleManager: Shutting down and abandoning module StreamingFile (6)
[2017.10.07-21.00.54:666][458]LogModuleManager: Shutting down and abandoning module SandboxFile (4)
[2017.10.07-21.00.54:666][458]LogModuleManager: Shutting down and abandoning module PakFile (2)
[2017.10.07-21.00.54:669][458]LogExit: Exiting.
[2017.10.07-21.00.54:718][458]Log file closed, 10/08/17 05:00:54
