Log file open, 10/17/17 13:27:48
LogInit:Display: Running engine for game: Meeting
LogPlatformFile: Not using cached read wrapper
LogInit:Display: RandInit(-1253803465) SRandInit(-1253803464).
LogTaskGraph: Started task graph with 5 named threads and 8 total threads with 1 sets of task threads.
LogStats: Stats thread started at 0.098036
LogInit: Using libcurl 7.47.1
LogInit:  - built for x86_64-pc-win32
LogInit:  - supports SSL with OpenSSL/1.0.2g
LogInit:  - supports HTTP deflate (compression) using libz 1.2.8
LogInit:  - other features:
LogInit:      CURL_VERSION_SSL
LogInit:      CURL_VERSION_LIBZ
LogInit:      CURL_VERSION_IPV6
LogInit:      CURL_VERSION_ASYNCHDNS
LogInit:      CURL_VERSION_LARGEFILE
LogInit:      CURL_VERSION_IDN
LogInit:  CurlRequestOptions (configurable via config and command line):
LogInit:  - bVerifyPeer = false  - Libcurl will NOT verify peer certificate
LogInit:  - bUseHttpProxy = false  - Libcurl will NOT use HTTP proxy
LogInit:  - bDontReuseConnections = false  - Libcurl will reuse connections
LogInit:  - CertBundlePath = nullptr  - Libcurl will use whatever was configured at build time.
LogInit: Build: ++UE4+Release-4.15-CL-3450819
LogInit: Engine Version: 4.15.3-3450819+++UE4+Release-4.15
LogInit: Compatible Engine Version: 4.15.0-3299760+++UE4+Release-4.15
LogInit: Net CL: 3299760
LogDevObjectVersion: Number of dev versions registered: 14
LogDevObjectVersion:   Dev-Blueprints (B0D832E4-1F89-4F0D-ACCF-7EB736FD4AA2): 8
LogDevObjectVersion:   Dev-Build (E1C64328-A22C-4D53-A36C-8E866417BD8C): 0
LogDevObjectVersion:   Dev-Core (375EC13C-06E4-48FB-B500-84F0262A717E): 2
LogDevObjectVersion:   Dev-Editor (E4B068ED-F494-42E9-A231-DA0B2E46BB41): 14
LogDevObjectVersion:   Dev-Framework (CFFC743F-43B0-4480-9391-14DF171D2073): 22
LogDevObjectVersion:   Dev-Mobile (B02B49B5-BB20-44E9-A304-32B752E40360): 0
LogDevObjectVersion:   Dev-Networking (A4E4105C-59A1-49B5-A7C5-40C4547EDFEE): 0
LogDevObjectVersion:   Dev-Online (39C831C9-5AE6-47DC-9A44-9C173E1C8E7C): 0
LogDevObjectVersion:   Dev-Physics (78F01B33-EBEA-4F98-B9B4-84EACCB95AA2): 0
LogDevObjectVersion:   Dev-Platform (6631380F-2D4D-43E0-8009-CF276956A95A): 0
LogDevObjectVersion:   Dev-Rendering (12F88B9F-8875-4AFC-A67C-D90C383ABD29): 12
LogDevObjectVersion:   Dev-Sequencer (7B5AE74C-D270-4C10-A958-57980B212A5A): 3
LogDevObjectVersion:   Dev-VR (D7296918-1DD6-4BDD-9DE2-64A83CC13884): 0
LogDevObjectVersion:   Dev-LoadTimes (C2A15278-BFE7-4AFE-6C17-90FF531DF755): 1
LogInit: Compiled (64-bit): May 21 2017 11:02:34
LogInit: Compiled with Visual C++: 19.00.23026.00
LogInit: Build Configuration: Development
LogInit: Branch Name: ++UE4+Release-4.15
LogInit: Command line:  
LogInit: Base directory: C:/Program Files/Epic Games/UE_4.15/Engine/Binaries/Win64/
LogInit: Installed Engine Build: 1
LogInit: Presizing for max 8388607 objects, including 0 objects not considered by GC, pre-allocating 0 bytes for permanent pool.
LogInit: Object subsystem initialized
[2017.10.17-05.27.49:634][  0]LogInit: Selected Device Profile: [Windows]
[2017.10.17-05.27.49:634][  0]LogInit: Applying CVar settings loaded from the selected device profile: [Windows]
[2017.10.17-05.27.49:705][  0]LogInit: Computer: MSI
[2017.10.17-05.27.49:705][  0]LogInit: User: chong
[2017.10.17-05.27.49:705][  0]LogInit: CPU Page size=65536, Cores=4
[2017.10.17-05.27.49:705][  0]LogInit: High frequency timer resolution =2.531249 MHz
[2017.10.17-05.27.49:705][  0]LogMemory: Memory total: Physical=11.9GB (12GB approx)
[2017.10.17-05.27.49:705][  0]LogMemory: Platform Memory Stats for Windows
[2017.10.17-05.27.49:705][  0]LogMemory: Process Physical Memory: 271.08 MB used, 271.08 MB peak
[2017.10.17-05.27.49:705][  0]LogMemory: Process Virtual Memory: 266.45 MB used, 266.45 MB peak
[2017.10.17-05.27.49:705][  0]LogMemory: Physical Memory: 5908.24 MB used,  6290.36 MB free, 12198.60 MB total
[2017.10.17-05.27.49:705][  0]LogMemory: Virtual Memory: 649.17 MB used,  6290.36 MB free, 134217728.00 MB total
[2017.10.17-05.27.50:957][  0]LogTextLocalizationManager: No specific translations for ('en-MY') exist, so ('en') translations will be used.
[2017.10.17-05.27.58:624][  0]LogD3D11RHI: D3D11 adapters:
[2017.10.17-05.27.59:342][  0]LogD3D11RHI:    0. 'NVIDIA GeForce GTX 960M' (Feature Level 11_0)
[2017.10.17-05.27.59:342][  0]LogD3D11RHI:       2019/0/6099 MB DedicatedVideo/DedicatedSystem/SharedSystem, Outputs:1, VendorId:0x10de
[2017.10.17-05.27.59:350][  0]LogD3D11RHI:    1. 'Intel(R) HD Graphics 530' (Feature Level 11_0)
[2017.10.17-05.27.59:350][  0]LogD3D11RHI:       128/0/6099 MB DedicatedVideo/DedicatedSystem/SharedSystem, Outputs:0, VendorId:0x8086
[2017.10.17-05.27.59:351][  0]LogD3D11RHI:    2. 'Microsoft Basic Render Driver' (Feature Level 11_0)
[2017.10.17-05.27.59:351][  0]LogD3D11RHI:       0/0/6099 MB DedicatedVideo/DedicatedSystem/SharedSystem, Outputs:0, VendorId:0x1414
[2017.10.17-05.27.59:351][  0]LogD3D11RHI: Chosen D3D11 Adapter: 0
[2017.10.17-05.27.59:358][  0]LogD3D11RHI: Creating new Direct3DDevice
[2017.10.17-05.27.59:358][  0]LogD3D11RHI:     GPU DeviceId: 0x139b (for the marketing name, search the web for "GPU Device Id")
[2017.10.17-05.27.59:358][  0]LogWindows: EnumDisplayDevices:
[2017.10.17-05.27.59:358][  0]LogWindows:    0. 'Intel(R) HD Graphics 530' (P:1 D:1)
[2017.10.17-05.27.59:358][  0]LogWindows:    1. 'Intel(R) HD Graphics 530' (P:0 D:0)
[2017.10.17-05.27.59:359][  0]LogWindows:    2. 'Intel(R) HD Graphics 530' (P:0 D:0)
[2017.10.17-05.27.59:359][  0]LogWindows: DebugString: PrimaryIsNotTheChoosenAdapter PrimaryIsNotTheChoosenAdapter PrimaryIsNotTheChoosenAdapter FoundDriverCount:0 
[2017.10.17-05.27.59:359][  0]LogD3D11RHI:     Adapter Name: NVIDIA GeForce GTX 960M
[2017.10.17-05.27.59:359][  0]LogD3D11RHI:   Driver Version: Unknown (internal:Unknown, unified:Unknown)
[2017.10.17-05.27.59:359][  0]LogD3D11RHI:      Driver Date: Unknown
[2017.10.17-05.27.59:359][  0]LogRHI: Texture pool is 1361 MB (70% of 1945 MB)
[2017.10.17-05.27.59:959][  0]LogD3D11RHI: Async texture creation enabled
[2017.10.17-05.28.00:060][  0]LogD3D11RHI: GPU Timing Frequency: 1000.000000 (Debug: 2 1)
[2017.10.17-05.28.00:061][  0]LogShaderCompilers: Guid format shader working directory is -33 characters bigger than the processId version (../../../../../../Users/chong/OneDrive/Documents/GitHub/FYP_DumbTesting/Meeting/Intermediate/Shaders/WorkingDirectory/6984/).
[2017.10.17-05.28.00:061][  0]LogShaderCompilers: Cleaned the shader compiler working directory 'C:/Users/chong/AppData/Local/Temp/UnrealShaderWorkingDir/D48421EA47B634293D8A4687B2FF695A/'.
[2017.10.17-05.28.00:061][  0]LogShaderCompilers:Display: Using Local Shader Compiler.
[2017.10.17-05.28.03:739][  0]LogTemp:Display: Loaded TP AllDesktopTargetPlatform
[2017.10.17-05.28.03:817][  0]LogTemp:Display: Loaded TP MacClientTargetPlatform
[2017.10.17-05.28.03:878][  0]LogTemp:Display: Loaded TP MacNoEditorTargetPlatform
[2017.10.17-05.28.03:947][  0]LogTemp:Display: Loaded TP MacServerTargetPlatform
[2017.10.17-05.28.04:036][  0]LogTemp:Display: Loaded TP MacTargetPlatform
[2017.10.17-05.28.04:107][  0]LogTemp:Display: Loaded TP WindowsClientTargetPlatform
[2017.10.17-05.28.04:176][  0]LogTemp:Display: Loaded TP WindowsNoEditorTargetPlatform
[2017.10.17-05.28.04:239][  0]LogTemp:Display: Loaded TP WindowsServerTargetPlatform
[2017.10.17-05.28.04:287][  0]LogTemp:Display: Loaded TP WindowsTargetPlatform
[2017.10.17-05.28.04:359][  0]LogTemp:Display: Loaded TP AndroidTargetPlatform
[2017.10.17-05.28.04:420][  0]LogTemp:Display: Loaded TP Android_ASTCTargetPlatform
[2017.10.17-05.28.04:482][  0]LogTemp:Display: Loaded TP Android_ATCTargetPlatform
[2017.10.17-05.28.04:537][  0]LogTemp:Display: Loaded TP Android_DXTTargetPlatform
[2017.10.17-05.28.04:592][  0]LogTemp:Display: Loaded TP Android_ETC1TargetPlatform
[2017.10.17-05.28.04:650][  0]LogTemp:Display: Loaded TP Android_ETC2TargetPlatform
[2017.10.17-05.28.04:760][  0]LogTemp:Display: Loaded TP Android_MultiTargetPlatform
[2017.10.17-05.28.04:760][  0]LogTemp:Display: Loaded TP Android_PVRTCTargetPlatform
[2017.10.17-05.28.04:801][  0]LogTemp:Display: Loaded TP HTML5TargetPlatform
[2017.10.17-05.28.04:946][  0]LogTemp:Display: Loaded TP IOSTargetPlatform
[2017.10.17-05.28.05:028][  0]LogTemp:Display: Loaded TP TVOSTargetPlatform
[2017.10.17-05.28.05:083][  0]LogTemp:Display: Loaded TP LinuxClientTargetPlatform
[2017.10.17-05.28.05:191][  0]LogTemp:Display: Loaded TP LinuxNoEditorTargetPlatform
[2017.10.17-05.28.05:242][  0]LogTemp:Display: Loaded TP LinuxServerTargetPlatform
[2017.10.17-05.28.05:305][  0]LogTemp:Display: Loaded TP LinuxTargetPlatform
[2017.10.17-05.28.05:305][  0]LogTargetPlatformManager:Display: Building Assets For Windows
[2017.10.17-05.28.06:504][  0]LogDerivedDataCache:Display: Max Cache Size: 512 MB
[2017.10.17-05.28.07:232][  0]LogDerivedDataCache: Loaded boot cache 0.73s 50MB C:/Users/chong/AppData/Local/UnrealEngine/4.15/DerivedDataCache/Boot.ddc.
[2017.10.17-05.28.07:232][  0]LogDerivedDataCache:Display: Loaded Boot cache: C:/Users/chong/AppData/Local/UnrealEngine/4.15/DerivedDataCache/Boot.ddc
[2017.10.17-05.28.07:232][  0]LogDerivedDataCache: FDerivedDataBackendGraph:  Pak pak cache file ../../../../../../Users/chong/OneDrive/Documents/GitHub/FYP_DumbTesting/Meeting/DerivedDataCache/DDC.ddp not found, will not use a pak cache.
[2017.10.17-05.28.07:232][  0]LogDerivedDataCache: Unable to find inner node Pak for hierarchical cache Hierarchy.
[2017.10.17-05.28.07:232][  0]LogDerivedDataCache: FDerivedDataBackendGraph:  CompressedPak pak cache file ../../../../../../Users/chong/OneDrive/Documents/GitHub/FYP_DumbTesting/Meeting/DerivedDataCache/Compressed.ddp not found, will not use a pak cache.
[2017.10.17-05.28.07:232][  0]LogDerivedDataCache: Unable to find inner node CompressedPak for hierarchical cache Hierarchy.
[2017.10.17-05.28.07:288][  0]LogDerivedDataCache:Display: Pak cache opened for reading ../../../Engine/DerivedDataCache/Compressed.ddp.
[2017.10.17-05.28.07:301][  0]LogDerivedDataCache: Using Local data cache path C:/Users/chong/AppData/Local/UnrealEngine/Common/DerivedDataCache: Writable
[2017.10.17-05.28.07:312][  0]LogSlate: Using Freetype 2.6.0
[2017.10.17-05.28.07:361][  0]LogSlate: SlateFontCache - WITH_FREETYPE: 1, WITH_HARFBUZZ: 1
[2017.10.17-05.28.07:361][  0]LogSlate: SlateFontCache - WITH_FREETYPE: 1, WITH_HARFBUZZ: 1
[2017.10.17-05.28.14:892][  0]LogInit: Selected Device Profile: [Windows]
[2017.10.17-05.28.14:898][  0]LogContentStreaming: Texture pool size is 0.00 MB
[2017.10.17-05.28.15:197][  0]LogMeshUtilities: Using QuadricMeshReduction for automatic static mesh reduction
[2017.10.17-05.28.15:294][  0]LogSimplygon: Simplygon DLL not present - disabling.
[2017.10.17-05.28.15:385][  0]LogMeshUtilities: Using SimplygonSwarm for distributed automatic mesh merging
[2017.10.17-05.28.15:385][  0]LogMeshUtilities: No automatic skeletal mesh reduction module available
[2017.10.17-05.28.15:385][  0]LogMeshUtilities: No automatic mesh merging module available
[2017.10.17-05.28.17:667][  0]LogNetVersion: GetLocalNetworkVersion: CL: 3299760, ProjectName: meeting, ProjectVersion: , EngineNetworkVersion: 2, GameNetworkVersion: 0, NetworkChecksum: 116300604
[2017.10.17-05.28.17:720][  0]LogAssetRegistry: FAssetRegistry took 0.0219 seconds to start up
[2017.10.17-05.28.18:334][  0]LogPackageLocalizationCache: Processed 3 localized package path(s) for 2 prioritized culture(s) in 0.591062 seconds
[2017.10.17-05.28.18:342][  0]LogUObjectArray: 32493 objects as part of root set at end of initial load.
[2017.10.17-05.28.18:342][  0]LogUObjectAllocator: 7077024 out of 0 bytes used by permanent object pool.
[2017.10.17-05.28.18:342][  0]LogUObjectArray: CloseDisregardForGC: 0/0 objects in disregard for GC pool
[2017.10.17-05.28.18:418][  0]LogInit: WinSock: version 1.1 (2.2), MaxSocks=32767, MaxUdp=65467
[2017.10.17-05.28.52:699][  0]LogTcpMessaging: Initializing TcpMessaging bridge
[2017.10.17-05.28.52:753][  0]LogUdpMessaging: Initializing bridge on interface 0.0.0.0:0 to multicast group 230.0.0.1:6666.
[2017.10.17-05.28.54:148][  0]LogMaterial: Uniform references updated for custom material expression Custom.
[2017.10.17-05.28.54:704][  0]SourceControl: Info Source control is disabled
[2017.10.17-05.28.54:704][  0]SourceControl: Info Source control is disabled
[2017.10.17-05.28.54:773][  0]SourceControl: Info Source control is disabled
[2017.10.17-05.28.54:854][  0]SourceControl: Info Source control is disabled
[2017.10.17-05.28.57:987][  0]LogEngine: Initializing Engine...
[2017.10.17-05.28.57:988][  0]LogHMD: Failed to initialize OpenVR with code 110
[2017.10.17-05.28.58:122][  0]LogStats: UGameplayTagsManager::ConstructGameplayTagTree: Construct from data asset -  0.000 s
[2017.10.17-05.28.58:122][  0]LogStats: UGameplayTagsManager::ConstructGameplayTagTree: GameplayTagTreeChangedEvent.Broadcast -  0.000 s
[2017.10.17-05.28.58:281][  0]LogAIModule: Creating AISystem for world Untitled
[2017.10.17-05.28.58:292][  0]LogInit: XAudio2 using 'Speakers (Realtek High Definition Audio)' : 8 channels at 48 kHz using 32 bits per sample (channel mask 0x63f)
[2017.10.17-05.28.58:383][  0]LogInit: FAudioDevice initialized.
[2017.10.17-05.28.58:412][  0]LogDerivedDataCache: Saved boot cache 0.03s 50MB C:/Users/chong/AppData/Local/UnrealEngine/4.15/DerivedDataCache/Boot.ddc.
[2017.10.17-05.28.58:421][  0]LogInit: Texture streaming: Enabled
[2017.10.17-05.28.58:867][  0]LogEngineSessionManager: EngineSessionManager initialized
[2017.10.17-05.28.59:097][  0]LogInit: Transaction tracking system initialized
[2017.10.17-05.28.59:630][  0]BlueprintLog: New page: Editor Load
[2017.10.17-05.29.01:937][  0]LocalizationService: Info Localization service is disabled
[2017.10.17-05.29.03:897][  0]LogConsoleResponse:Display: 
[2017.10.17-05.29.05:464][  0]LogCook:Display: Max memory allowance for cook 16384mb min free memory 0mb
[2017.10.17-05.29.05:464][  0]LogCook:Display: Mobile HDR setting 1
[2017.10.17-05.29.05:781][  0]LogFileCache: Scanning file cache for directory 'C:/Users/chong/OneDrive/Documents/GitHub/FYP_DumbTesting/Meeting/Content/' took 0.04s
[2017.10.17-05.29.09:060][  0]SourceControl: Info Source control is disabled
[2017.10.17-05.29.09:060][  0]Cmd: MAP LOAD FILE="../../../../../../Users/chong/OneDrive/Documents/GitHub/FYP_DumbTesting/Meeting/Content/ThirdPersonBP/Maps/MockUp_Map.umap" TEMPLATE=0 SHOWPROGRESS=1 FEATURELEVEL=3
[2017.10.17-05.29.09:061][  0]LightingResults: New page: Lighting Build
[2017.10.17-05.29.09:104][  0]MapCheck: New page: Map Check
[2017.10.17-05.29.09:104][  0]LightingResults: New page: Lighting Build
[2017.10.17-05.29.16:125][  0]LogBlueprint:Warning: [Compiler ThirdPersonCharacter] Warning InputAction Event references unknown Action 'ResetVR' for  InputAction ResetVR
[2017.10.17-05.29.16:125][  0]LogBlueprint:Warning: [Compiler ThirdPersonCharacter] Warning Input Axis Event references unknown Axis 'LookUpRate' for  InputAxis LookUpRate
[2017.10.17-05.29.16:126][  0]LogBlueprint:Warning: [Compiler ThirdPersonCharacter] Warning Input Axis Event references unknown Axis 'TurnRate' for  InputAxis TurnRate
[2017.10.17-05.29.16:126][  0]LogBlueprint:Warning: [Compiler ThirdPersonCharacter] Warning InputAction Event references unknown Action 'Jump' for  InputAction Jump
[2017.10.17-05.29.16:126][  0]LogBlueprint:Warning: [Compiler ThirdPersonCharacter] Warning Input Axis Event references unknown Axis 'LookUp' for  InputAxis LookUp
[2017.10.17-05.29.16:126][  0]LogBlueprint:Warning: [Compiler ThirdPersonCharacter] Warning Input Axis Event references unknown Axis 'Turn' for  InputAxis Turn
[2017.10.17-05.29.16:130][  0]LogBlueprint:Warning: [Compiler ThirdPersonCharacter] Warning [0092.08] Compile of ThirdPersonCharacter successful, but with 6 Warning(s) [in 13 ms] (/Game/ThirdPersonBP/Blueprints/ThirdPersonCharacter.ThirdPersonCharacter)
[2017.10.17-05.29.16:130][  0]LogBlueprint:Warning: [Compiler ThirdPersonCharacter] Warning [0092.08] Compile of ThirdPersonCharacter successful, but with 7 Warning(s) [in 0 ms] (/Game/ThirdPersonBP/Blueprints/ThirdPersonCharacter.ThirdPersonCharacter)
[2017.10.17-05.29.16:130][  0]LogBlueprint:Warning: [Compiler ThirdPersonCharacter] Warning [0092.08] Compile of ThirdPersonCharacter successful, but with 8 Warning(s) [in 0 ms] (/Game/ThirdPersonBP/Blueprints/ThirdPersonCharacter.ThirdPersonCharacter)
[2017.10.17-05.29.16:137][  0]LogBlueprint:Warning: [Compiler ThirdPersonCharacter] Warning InputAction Event references unknown Action 'ResetVR' for  InputAction ResetVR
[2017.10.17-05.29.16:137][  0]LogBlueprint:Warning: [Compiler ThirdPersonCharacter] Warning Input Axis Event references unknown Axis 'LookUpRate' for  InputAxis LookUpRate
[2017.10.17-05.29.16:137][  0]LogBlueprint:Warning: [Compiler ThirdPersonCharacter] Warning Input Axis Event references unknown Axis 'TurnRate' for  InputAxis TurnRate
[2017.10.17-05.29.16:137][  0]LogBlueprint:Warning: [Compiler ThirdPersonCharacter] Warning InputAction Event references unknown Action 'Jump' for  InputAction Jump
[2017.10.17-05.29.16:137][  0]LogBlueprint:Warning: [Compiler ThirdPersonCharacter] Warning Input Axis Event references unknown Axis 'LookUp' for  InputAxis LookUp
[2017.10.17-05.29.16:137][  0]LogBlueprint:Warning: [Compiler ThirdPersonCharacter] Warning Input Axis Event references unknown Axis 'Turn' for  InputAxis Turn
[2017.10.17-05.29.16:141][  0]LogBlueprint:Warning: [Compiler ThirdPersonCharacter] Warning [0092.09] Compile of ThirdPersonCharacter successful, but with 6 Warning(s) [in 9 ms] (/Game/ThirdPersonBP/Blueprints/ThirdPersonCharacter.ThirdPersonCharacter)
[2017.10.17-05.29.16:141][  0]LogBlueprint:Warning: [Compiler ThirdPersonCharacter] Warning [0092.09] Compile of ThirdPersonCharacter successful, but with 7 Warning(s) [in 0 ms] (/Game/ThirdPersonBP/Blueprints/ThirdPersonCharacter.ThirdPersonCharacter)
[2017.10.17-05.29.16:141][  0]LogBlueprint:Warning: [Compiler ThirdPersonCharacter] Warning [0092.09] Compile of ThirdPersonCharacter successful, but with 8 Warning(s) [in 0 ms] (/Game/ThirdPersonBP/Blueprints/ThirdPersonCharacter.ThirdPersonCharacter)
[2017.10.17-05.29.16:144][  0]LogLinker:Warning: Can't find file '/Game/ThirdPersonBP/Maps/MockUp_Map_BuiltData'
[2017.10.17-05.29.16:246][  0]LogLinker:Warning: Can't find file for asset '/Game/ThirdPersonBP/Maps/MockUp_Map_BuiltData' while loading ../../../../../../Users/chong/OneDrive/Documents/GitHub/FYP_DumbTesting/Meeting/Content/ThirdPersonBP/Maps/MockUp_Map.umap.
[2017.10.17-05.29.16:246][  0]LoadErrors:Error: Error /Game/ThirdPersonBP/Maps/MockUp_Map : Can't find file for asset. /Game/ThirdPersonBP/Maps/MockUp_Map_BuiltData
[2017.10.17-05.29.24:333][  0]LogLinker:Warning: Can't find file '/Game/ThirdPersonBP/Maps/MockUp_Map_BuiltData'
[2017.10.17-05.29.24:334][  0]LogLinker:Warning: Can't find file for asset '/Game/ThirdPersonBP/Maps/MockUp_Map_BuiltData' while loading ../../../../../../Users/chong/OneDrive/Documents/GitHub/FYP_DumbTesting/Meeting/Content/ThirdPersonBP/Maps/MockUp_Map.umap.
[2017.10.17-05.29.24:334][  0]LoadErrors:Error: Error /Game/ThirdPersonBP/Maps/MockUp_Map : Can't find file for asset. /Game/ThirdPersonBP/Maps/MockUp_Map_BuiltData
[2017.10.17-05.29.24:346][  0]LogLinker:Warning: Can't find file '/Game/ThirdPersonBP/Maps/MockUp_Map_BuiltData'
[2017.10.17-05.29.24:346][  0]LogLinker:Warning: Can't find file for asset '/Game/ThirdPersonBP/Maps/MockUp_Map_BuiltData' while loading NULL.
[2017.10.17-05.29.24:347][  0]LogLinker:Warning: Can't find file '/Game/ThirdPersonBP/Maps/MockUp_Map_BuiltData'
[2017.10.17-05.29.24:347][  0]LogLinker:Warning: Can't find file for asset '/Game/ThirdPersonBP/Maps/MockUp_Map_BuiltData' while loading NULL.
[2017.10.17-05.29.25:147][  0]LogLinker:Warning: Can't find file '/Game/ThirdPersonBP/Maps/MockUp_Map_BuiltData'
[2017.10.17-05.29.25:147][  0]LoadErrors: Info Failed to load /Game/ThirdPersonBP/Maps/MockUp_Map_BuiltData.MockUp_Map_BuiltData Referenced by PersistentLevel
[2017.10.17-05.29.25:147][  0]LogLinker:Warning: Can't find file for asset '/Game/ThirdPersonBP/Maps/MockUp_Map_BuiltData' while loading NULL.
[2017.10.17-05.29.25:147][  0]LoadErrors: Info Failed to load /Game/ThirdPersonBP/Maps/MockUp_Map_BuiltData.MockUp_Map_BuiltData Referenced by PersistentLevel
[2017.10.17-05.30.55:979][  0]LogAIModule: Creating AISystem for world MockUp_Map
[2017.10.17-05.30.56:535][  0]LogEditorServer: Finished looking for orphan Actors (0.000 secs)
[2017.10.17-05.30.56:751][  0]Cmd: MAP CHECKDEP NOCLEARLOG
[2017.10.17-05.30.56:948][  0]MapCheck: Info Map check complete: 0 Error(s), 0 Warning(s), took 196.221ms to complete.
[2017.10.17-05.30.56:948][  0]LogFileHelpers: Loading map 'MockUp_Map' took 107.888
[2017.10.17-05.30.57:905][  0]LogCollectionManager: Loaded 0 collections in 0.004048 seconds
[2017.10.17-05.30.58:186][  0]LogFileCache: Scanning file cache for directory 'C:/Users/chong/OneDrive/Documents/GitHub/FYP_DumbTesting/Meeting/Saved/Collections/' took 0.01s
[2017.10.17-05.30.58:186][  0]LogFileCache: Scanning file cache for directory 'C:/Users/chong/OneDrive/Documents/GitHub/FYP_DumbTesting/Meeting/Content/Developers/chong/Collections/' took 0.01s
[2017.10.17-05.30.58:186][  0]LogFileCache: Scanning file cache for directory 'C:/Users/chong/OneDrive/Documents/GitHub/FYP_DumbTesting/Meeting/Content/Collections/' took 0.01s
[2017.10.17-05.30.58:186][  0]LogCollectionManager: Rebuilt the GUID cache for 0 collections in 0.000003 seconds
[2017.10.17-05.30.58:209][  0]LogContentBrowser: Native class hierarchy populated in 0.0107 seconds. Added 2259 classes and 455 folders.
[2017.10.17-05.30.58:359][  0]LogContentBrowser: Native class hierarchy updated for 'WidgetCarousel' in 0.0024 seconds. Added 0 classes and 0 folders.
[2017.10.17-05.31.02:039][  0]LogContentBrowser: Native class hierarchy updated for 'AddContentDialog' in 0.0026 seconds. Added 0 classes and 0 folders.
[2017.10.17-05.31.02:182][  0]LogContentBrowser: Native class hierarchy updated for 'SceneOutliner' in 0.0023 seconds. Added 1 classes and 2 folders.
[2017.10.17-05.31.02:588][  0]LogCrashTracker: Crashtracker disabled due to settings.
[2017.10.17-05.31.02:697][  0]LogUObjectGlobals:Warning: Failed to find object 'Class None.'
[2017.10.17-05.31.02:924][  0]LogContentBrowser: Native class hierarchy updated for 'HierarchicalLODOutliner' in 0.0027 seconds. Added 1 classes and 2 folders.
[2017.10.17-05.31.02:925][  0]LogLoad: (Engine Initialization) Total time: 198.87 seconds
[2017.10.17-05.31.02:925][  0]LogLoad: (Engine Initialization) Total Blueprint compile time: 1.50 seconds
[2017.10.17-05.31.02:925][  0]LogExternalProfiler: Found external profiler: VSPerf
[2017.10.17-05.31.02:925][  0]LogExternalProfiler: Using external profiler: VSPerf
[2017.10.17-05.31.03:264][  0]LogOcInput: OculusInput pre-init called
[2017.10.17-05.31.03:442][  0]LogContentStreaming: Texture pool size now 400 MB
[2017.10.17-05.31.03:634][  0]LogSlate: Took 0.050348 seconds to synchronously load lazily loaded font '../../../Engine/Content/Slate/Fonts/Roboto-Regular.ttf' (155K)
[2017.10.17-05.31.03:696][  0]LogSlate: Took 0.057115 seconds to synchronously load lazily loaded font '../../../Engine/Content/Slate/Fonts/Roboto-Bold.ttf' (160K)
[2017.10.17-05.31.03:784][  0]LogSlate: Took 0.066180 seconds to synchronously load lazily loaded font '../../../Engine/Content/Editor/Slate/Fonts/FontAwesome.ttf' (139K)
[2017.10.17-05.31.04:319][  0]LogSlate: Took 0.039313 seconds to synchronously load lazily loaded font '../../../Engine/Content/Slate/Fonts/Roboto-Light.ttf' (159K)
[2017.10.17-05.31.04:435][  0]LogRenderer: Reallocating scene render targets to support 1004x432 NumSamples 1 (Frame:2).
[2017.10.17-05.31.05:157][  2]LogSlate: Took 0.000287 seconds to synchronously load lazily loaded font '../../../Engine/Content/Slate/Fonts/Roboto-Light.ttf' (159K)
[2017.10.17-05.31.05:460][  3]LogAssetRegistry: Asset discovery search completed in 167.7611 seconds
[2017.10.17-05.31.05:460][  3]LogCollectionManager: Rebuilt the object cache for 0 collections in 0.000006 seconds (found 0 objects)
[2017.10.17-05.31.05:472][  3]LogCollectionManager: Fixed up redirectors for 0 collections in 0.000023 seconds (updated 0 objects)
[2017.10.17-05.32.59:772][850]LogEditorViewport: Clicking on Actor (LMB): EnemyChracter_BP_C (EnemyChracter_BP1)
[2017.10.17-05.33.18:782][ 79]LogSlate: Took 0.032668 seconds to synchronously load lazily loaded font '../../../Engine/Content/Editor/Slate/Fonts/Roboto-Italic.ttf' (157K)
[2017.10.17-05.33.35:027][138]LogSlate: Took 0.000120 seconds to synchronously load lazily loaded font '../../../Engine/Content/Slate/Fonts/Roboto-Light.ttf' (159K)
[2017.10.17-05.33.38:149][138]LogSlate: Took 0.000192 seconds to synchronously load lazily loaded font '../../../Engine/Content/Slate/Fonts/Roboto-Regular.ttf' (155K)
[2017.10.17-05.33.38:515][138]LogSavePackage: Save=3238.30ms
[2017.10.17-05.33.38:515][138]LogSavePackage: Moving '../../../../../../Users/chong/OneDrive/Documents/GitHub/FYP_DumbTesting/Meeting/Saved/MockUp_MapC9AC1C9341635F4E3AD4EB8C504010BD.tmp' to '../../../../../../Users/chong/OneDrive/Documents/GitHub/FYP_DumbTesting/Meeting/Content/ThirdPersonBP/Maps/MockUp_Map.umap'
[2017.10.17-05.33.38:526][138]LogSavePackage:Display: Finished SavePackage ../../../../../../Users/chong/OneDrive/Documents/GitHub/FYP_DumbTesting/Meeting/Content/ThirdPersonBP/Maps/MockUp_Map.umap
[2017.10.17-05.33.38:644][138]LogFileHelpers: Saving map 'MockUp_Map' took 3.567
[2017.10.17-05.34.24:429][363]LogContentBrowser: Native class hierarchy updated for 'SkeletonEditor' in 0.0023 seconds. Added 1 classes and 2 folders.
[2017.10.17-05.34.24:962][363]LogActorComponent: RegisterComponentWithWorld: (/Engine/Transient.World_7:PersistentLevel.Actor_0.DebugSkelMeshComponent_0) Already registered. Aborting.
[2017.10.17-05.34.25:630][363]LogContentBrowser: Native class hierarchy updated for 'BlueprintGraph' in 0.0027 seconds. Added 112 classes and 0 folders.
[2017.10.17-05.34.26:347][363]LogSkeletalMesh: USkeletalMeshComponent::InitArticulated : Bodies already created (/Engine/Transient.World_7:PersistentLevel.Actor_0.DebugSkelMeshComponent_0) - call TermArticulated first.
[2017.10.17-05.34.26:829][363]LogSlate: Took 0.018674 seconds to synchronously load lazily loaded font '../../../Engine/Content/Editor/Slate/Fonts/Roboto-BoldCondensed.ttf' (158K)
[2017.10.17-05.34.45:474][167]LogActorComponent: RegisterComponentWithWorld: (/Engine/Transient.World_11:PersistentLevel.Actor_1.DebugSkelMeshComponent_2) Already registered. Aborting.
[2017.10.17-05.34.45:566][167]LogSkeletalMesh: USkeletalMeshComponent::InitArticulated : Bodies already created (/Engine/Transient.World_11:PersistentLevel.Actor_1.DebugSkelMeshComponent_2) - call TermArticulated first.
[2017.10.17-05.38.27:982][818]LogSavePackage: Save=27.40ms
[2017.10.17-05.38.27:982][818]LogSavePackage: Moving '../../../../../../Users/chong/OneDrive/Documents/GitHub/FYP_DumbTesting/Meeting/Saved/EnemyBTA64F1E6243BFDD5BEDD177A080FCAF6E.tmp' to '../../../../../../Users/chong/OneDrive/Documents/GitHub/FYP_DumbTesting/Meeting/Content/Blueprint/AI/BehaviorTree/EnemyBT.uasset'
[2017.10.17-05.38.27:985][818]LogSavePackage:Display: Finished SavePackage ../../../../../../Users/chong/OneDrive/Documents/GitHub/FYP_DumbTesting/Meeting/Content/Blueprint/AI/BehaviorTree/EnemyBT.uasset
[2017.10.17-05.38.40:803][901]LogWindowsTextInputMethodSystem:Display: IME system now deactivated.
[2017.10.17-05.38.41:155][902]Cmd: QUIT_EDITOR
[2017.10.17-05.38.41:437][902]LogExit: Preparing to exit.
[2017.10.17-05.38.42:330][902]LogDirectoryWatcher: A directory notification for 'C:/Users/chong/OneDrive/Documents/GitHub/FYP_DumbTesting/Meeting/Content/' was aborted.
[2017.10.17-05.38.42:553][902]LogExit: Editor shut down
[2017.10.17-05.38.42:553][902]LogExit: Transaction tracking system shut down
[2017.10.17-05.38.43:859][902]LogObj: Freed 0b from 0 cluster array pools.
[2017.10.17-05.38.43:859][902]LogExit: Object subsystem successfully closed.
[2017.10.17-05.38.44:007][902]LogD3D11RHI: Shutdown
[2017.10.17-05.38.44:007][902]LogD3D11RHI: CleanupD3DDevice
[2017.10.17-05.38.44:211][902]LogD3D11RHI: ~FD3D11DynamicRHI
[2017.10.17-05.38.44:752][902]LogModuleManager: Shutting down and abandoning module AnimationEditor (510)
[2017.10.17-05.38.44:752][902]LogModuleManager: Shutting down and abandoning module BlueprintGraph (508)
[2017.10.17-05.38.44:752][902]LogModuleManager: Shutting down and abandoning module BlueprintProfiler (506)
[2017.10.17-05.38.44:759][902]LogModuleManager: Shutting down and abandoning module SkeletonEditor (504)
[2017.10.17-05.38.44:759][902]LogModuleManager: Shutting down and abandoning module AnimationBlueprintEditor (502)
[2017.10.17-05.38.44:769][902]LogModuleManager: Shutting down and abandoning module HierarchicalLODOutliner (500)
[2017.10.17-05.38.44:769][902]LogModuleManager: Shutting down and abandoning module CrashTracker (498)
[2017.10.17-05.38.44:769][902]LogModuleManager: Shutting down and abandoning module SceneOutliner (496)
[2017.10.17-05.38.44:769][902]LogModuleManager: Shutting down and abandoning module AddContentDialog (494)
[2017.10.17-05.38.44:769][902]LogDirectoryWatcher: A directory notification for 'C:/Program Files/Epic Games/UE_4.15/FeaturePacks/' was aborted.
[2017.10.17-05.38.44:770][902]LogModuleManager: Shutting down and abandoning module WidgetCarousel (493)
[2017.10.17-05.38.44:770][902]LogModuleManager: Shutting down and abandoning module EditorWidgets (490)
[2017.10.17-05.38.44:770][902]LogModuleManager: Shutting down and abandoning module CollectionManager (488)
[2017.10.17-05.38.44:776][902]LogDirectoryWatcher: A directory notification for 'C:/Users/chong/OneDrive/Documents/GitHub/FYP_DumbTesting/Meeting/Content/Collections/' was aborted.
[2017.10.17-05.38.44:776][902]LogDirectoryWatcher: A directory notification for 'C:/Users/chong/OneDrive/Documents/GitHub/FYP_DumbTesting/Meeting/Content/Developers/chong/Collections/' was aborted.
[2017.10.17-05.38.44:776][902]LogDirectoryWatcher: A directory notification for 'C:/Users/chong/OneDrive/Documents/GitHub/FYP_DumbTesting/Meeting/Saved/Collections/' was aborted.
[2017.10.17-05.38.44:776][902]LogModuleManager: Shutting down and abandoning module StatsViewer (486)
[2017.10.17-05.38.44:782][902]LogModuleManager: Shutting down and abandoning module FoliageEdit (484)
[2017.10.17-05.38.44:782][902]LogModuleManager: Shutting down and abandoning module LandscapeEditor (482)
[2017.10.17-05.38.44:788][902]LogModuleManager: Shutting down and abandoning module SceneDepthPickerMode (480)
[2017.10.17-05.38.44:788][902]LogModuleManager: Shutting down and abandoning module ActorPickerMode (478)
[2017.10.17-05.38.44:788][902]LogModuleManager: Shutting down and abandoning module GeometryMode (476)
[2017.10.17-05.38.44:788][902]LogModuleManager: Shutting down and abandoning module TextureAlignMode (474)
[2017.10.17-05.38.44:788][902]LogModuleManager: Shutting down and abandoning module BspMode (472)
[2017.10.17-05.38.44:794][902]LogModuleManager: Shutting down and abandoning module HardwareSurvey (470)
[2017.10.17-05.38.44:794][902]LogModuleManager: Shutting down and abandoning module SequenceRecorderSections (468)
[2017.10.17-05.38.44:794][902]LogModuleManager: Shutting down and abandoning module AutomationWorker (466)
[2017.10.17-05.38.44:800][902]LogModuleManager: Shutting down and abandoning module MatineeToLevelSequence (464)
[2017.10.17-05.38.44:800][902]LogModuleManager: Shutting down and abandoning module LevelSequenceEditor (462)
[2017.10.17-05.38.44:837][902]LogModuleManager: Shutting down and abandoning module PlacementMode (461)
[2017.10.17-05.38.44:837][902]LogModuleManager: Shutting down and abandoning module WmfMediaFactory (458)
[2017.10.17-05.38.44:837][902]LogModuleManager: Shutting down and abandoning module WmfMediaEditor (456)
[2017.10.17-05.38.44:837][902]LogModuleManager: Shutting down and abandoning module MfMediaFactory (454)
[2017.10.17-05.38.44:837][902]LogModuleManager: Shutting down and abandoning module MfMediaEditor (452)
[2017.10.17-05.38.44:837][902]LogModuleManager: Shutting down and abandoning module AvfMediaFactory (450)
[2017.10.17-05.38.44:837][902]LogModuleManager: Shutting down and abandoning module AvfMediaEditor (448)
[2017.10.17-05.38.44:837][902]LogModuleManager: Shutting down and abandoning module AndroidMediaFactory (446)
[2017.10.17-05.38.44:837][902]LogModuleManager: Shutting down and abandoning module Media (445)
[2017.10.17-05.38.44:837][902]LogModuleManager: Shutting down and abandoning module AndroidMediaEditor (442)
[2017.10.17-05.38.44:837][902]LogModuleManager: Shutting down and abandoning module CharacterAI (440)
[2017.10.17-05.38.44:837][902]LogModuleManager: Shutting down and abandoning module AudioCapture (438)
[2017.10.17-05.38.44:837][902]LogModuleManager: Shutting down and abandoning module SequenceRecorder (437)
[2017.10.17-05.38.44:856][902]LogModuleManager: Shutting down and abandoning module SmartSnapping (434)
[2017.10.17-05.38.44:856][902]LogModuleManager: Shutting down and abandoning module SessionServices (432)
[2017.10.17-05.38.44:856][902]LogModuleManager: Shutting down and abandoning module ViewportSnapping (430)
[2017.10.17-05.38.44:856][902]LogModuleManager: Shutting down and abandoning module ViewportInteraction (428)
[2017.10.17-05.38.44:856][902]LogModuleManager: Shutting down and abandoning module LogVisualizer (426)
[2017.10.17-05.38.44:865][902]LogModuleManager: Shutting down and abandoning module IntroTutorials (424)
[2017.10.17-05.38.44:875][902]LogModuleManager: Shutting down and abandoning module GameProjectGeneration (423)
[2017.10.17-05.38.44:885][902]LogModuleManager: Shutting down and abandoning module EditorLiveStreaming (420)
[2017.10.17-05.38.44:885][902]LogModuleManager: Shutting down and abandoning module IOSPlatformEditor (418)
[2017.10.17-05.38.44:885][902]LogModuleManager: Shutting down and abandoning module HTML5PlatformEditor (416)
[2017.10.17-05.38.44:885][902]LogModuleManager: Shutting down and abandoning module AndroidPlatformEditor (414)
[2017.10.17-05.38.44:885][902]LogModuleManager: Shutting down and abandoning module AndroidDeviceDetection (413)
[2017.10.17-05.38.45:068][902]LogModuleManager: Shutting down and abandoning module IOSRuntimeSettings (410)
[2017.10.17-05.38.45:068][902]LogModuleManager: Shutting down and abandoning module AndroidRuntimeSettings (408)
[2017.10.17-05.38.45:068][902]LogModuleManager: Shutting down and abandoning module InputBindingEditor (406)
[2017.10.17-05.38.45:068][902]LogModuleManager: Shutting down and abandoning module NiagaraEditor (404)
[2017.10.17-05.38.45:098][902]LogModuleManager: Shutting down and abandoning module MergeActors (402)
[2017.10.17-05.38.45:101][902]LogModuleManager: Shutting down and abandoning module SizeMap (400)
[2017.10.17-05.38.45:101][902]LogModuleManager: Shutting down and abandoning module TreeMap (398)
[2017.10.17-05.38.45:107][902]LogModuleManager: Shutting down and abandoning module ReferenceViewer (396)
[2017.10.17-05.38.45:107][902]LogModuleManager: Shutting down and abandoning module LocalizationDashboard (394)
[2017.10.17-05.38.45:117][902]LogModuleManager: Shutting down and abandoning module LocalizationService (393)
[2017.10.17-05.38.45:125][902]LogModuleManager: Shutting down and abandoning module HardwareTargeting (390)
[2017.10.17-05.38.45:130][902]LogModuleManager: Shutting down and abandoning module DeviceProfileEditor (388)
[2017.10.17-05.38.45:134][902]LogModuleManager: Shutting down and abandoning module UndoHistory (386)
[2017.10.17-05.38.45:144][902]LogModuleManager: Shutting down and abandoning module UserFeedback (384)
[2017.10.17-05.38.45:144][902]LogModuleManager: Shutting down and abandoning module XmlParser (382)
[2017.10.17-05.38.45:144][902]LogModuleManager: Shutting down and abandoning module Blutility (380)
[2017.10.17-05.38.45:155][902]LogModuleManager: Shutting down and abandoning module ProjectSettingsViewer (378)
[2017.10.17-05.38.45:155][902]LogModuleManager: Shutting down and abandoning module ProjectTargetPlatformEditor (377)
[2017.10.17-05.38.45:155][902]LogModuleManager: Shutting down and abandoning module EditorSettingsViewer (374)
[2017.10.17-05.38.45:155][902]LogModuleManager: Shutting down and abandoning module SettingsEditor (372)
[2017.10.17-05.38.45:155][902]LogModuleManager: Shutting down and abandoning module ProjectLauncher (370)
[2017.10.17-05.38.45:161][902]LogModuleManager: Shutting down and abandoning module SessionFrontend (368)
[2017.10.17-05.38.45:165][902]LogModuleManager: Shutting down and abandoning module ProfilerClient (366)
[2017.10.17-05.38.45:175][902]LogModuleManager: Shutting down and abandoning module DeviceManager (364)
[2017.10.17-05.38.45:188][902]LogModuleManager: Shutting down and abandoning module TargetDeviceServices (363)
[2017.10.17-05.38.45:232][902]LogModuleManager: Shutting down and abandoning module AutomationController (360)
[2017.10.17-05.38.45:237][902]LogModuleManager: Shutting down and abandoning module AutomationWindow (358)
[2017.10.17-05.38.45:251][902]LogModuleManager: Shutting down and abandoning module Layers (356)
[2017.10.17-05.38.45:259][902]LogModuleManager: Shutting down and abandoning module ComponentVisualizers (354)
[2017.10.17-05.38.45:259][902]LogModuleManager: Shutting down and abandoning module DetailCustomizations (352)
[2017.10.17-05.38.45:270][902]LogModuleManager: Shutting down and abandoning module PackagesDialog (350)
[2017.10.17-05.38.45:270][902]LogModuleManager: Shutting down and abandoning module Persona (348)
[2017.10.17-05.38.45:270][902]LogModuleManager: Shutting down and abandoning module AnimGraph (347)
[2017.10.17-05.38.45:270][902]LogModuleManager: Shutting down and abandoning module Kismet (344)
[2017.10.17-05.38.45:282][902]LogModuleManager: Shutting down and abandoning module GraphEditor (342)
[2017.10.17-05.38.45:282][902]LogModuleManager: Shutting down and abandoning module ClassViewer (340)
[2017.10.17-05.38.45:282][902]LogModuleManager: Shutting down and abandoning module Toolbox (338)
[2017.10.17-05.38.45:282][902]LogModuleManager: Shutting down and abandoning module ModuleUI (336)
[2017.10.17-05.38.45:286][902]LogModuleManager: Shutting down and abandoning module MovieSceneTools (334)
[2017.10.17-05.38.45:290][902]LogModuleManager: Shutting down and abandoning module OutputLog (332)
[2017.10.17-05.38.45:290][902]LogModuleManager: Shutting down and abandoning module GammaUI (330)
[2017.10.17-05.38.45:295][902]LogModuleManager: Shutting down and abandoning module Documentation (328)
[2017.10.17-05.38.45:295][902]LogModuleManager: Shutting down and abandoning module Niagara (326)
[2017.10.17-05.38.45:295][902]LogModuleManager: Shutting down and abandoning module StreamingPauseRendering (324)
[2017.10.17-05.38.45:295][902]LogModuleManager: Shutting down and abandoning module AnalyticsET (322)
[2017.10.17-05.38.45:295][902]LogModuleManager: Shutting down and abandoning module PortalServices (320)
[2017.10.17-05.38.45:295][902]LogModuleManager: Shutting down and abandoning module PortalRpc (318)
[2017.10.17-05.38.45:295][902]LogModuleManager: Shutting down and abandoning module MessagingRpc (316)
[2017.10.17-05.38.45:295][902]LogModuleManager: Shutting down and abandoning module AIModule (314)
[2017.10.17-05.38.45:295][902]LogModuleManager: Shutting down and abandoning module GameplayDebugger (313)
[2017.10.17-05.38.45:295][902]LogModuleManager: Shutting down and abandoning module AITestSuite (311)
[2017.10.17-05.38.45:295][902]LogModuleManager: Shutting down and abandoning module ProfilerService (308)
[2017.10.17-05.38.45:387][902]LogModuleManager: Shutting down and abandoning module TaskGraph (306)
[2017.10.17-05.38.45:398][902]LogModuleManager: Shutting down and abandoning module SteamVRController (304)
[2017.10.17-05.38.45:398][902]LogModuleManager: Shutting down and abandoning module SteamVR (302)
[2017.10.17-05.38.45:398][902]LogModuleManager: Shutting down and abandoning module ProceduralMeshComponentEditor (300)
[2017.10.17-05.38.45:398][902]LogModuleManager: Shutting down and abandoning module ProceduralMeshComponent (298)
[2017.10.17-05.38.45:409][902]LogModuleManager: Shutting down and abandoning module OculusLibrary (296)
[2017.10.17-05.38.45:409][902]LogModuleManager: Shutting down and abandoning module OculusInput (294)
[2017.10.17-05.38.45:409][902]LogModuleManager: Shutting down and abandoning module MobilePatchingUtils (292)
[2017.10.17-05.38.45:409][902]LogModuleManager: Shutting down and abandoning module CustomMeshComponent (290)
[2017.10.17-05.38.45:409][902]LogModuleManager: Shutting down and abandoning module CableComponent (288)
[2017.10.17-05.38.45:409][902]LogModuleManager: Shutting down and abandoning module ArchVisCharacter (286)
[2017.10.17-05.38.45:409][902]LogModuleManager: Shutting down and abandoning module MediaPlayerEditor (282)
[2017.10.17-05.38.45:431][902]LogModuleManager: Shutting down and abandoning module HTML5Networking (280)
[2017.10.17-05.38.45:431][902]LogModuleManager: Shutting down and abandoning module AlembicImporter (278)
[2017.10.17-05.38.45:438][902]LogModuleManager: Shutting down and abandoning module AlembicLibrary (277)
[2017.10.17-05.38.45:438][902]LogModuleManager: Shutting down and abandoning module GeometryCache (276)
[2017.10.17-05.38.45:438][902]LogModuleManager: Shutting down and abandoning module GeometryCacheEd (275)
[2017.10.17-05.38.45:438][902]LogModuleManager: Shutting down and abandoning module SuperSearchEditor (270)
[2017.10.17-05.38.45:438][902]LogModuleManager: Shutting down and abandoning module SuperSearch (269)
[2017.10.17-05.38.45:438][902]LogModuleManager: Shutting down and abandoning module SpeedTreeImporter (266)
[2017.10.17-05.38.45:438][902]LogModuleManager: Shutting down and abandoning module PluginBrowser (264)
[2017.10.17-05.38.45:455][902]LogModuleManager: Shutting down and abandoning module MobileLauncherProfileWizard (262)
[2017.10.17-05.38.45:463][902]LogModuleManager: Shutting down and abandoning module EpicSurvey (260)
[2017.10.17-05.38.45:463][902]LogModuleManager: Shutting down and abandoning module VisualStudioSourceCodeAccess (258)
[2017.10.17-05.38.45:463][902]LogModuleManager: Shutting down and abandoning module DesktopPlatform (257)
[2017.10.17-05.38.45:474][902]LogModuleManager: Shutting down and abandoning module UObjectPlugin (254)
[2017.10.17-05.38.45:474][902]LogModuleManager: Shutting down and abandoning module SubversionSourceControl (252)
[2017.10.17-05.38.45:514][902]LogModuleManager: Shutting down and abandoning module PerforceSourceControl (250)
[2017.10.17-05.38.45:521][902]LogModuleManager: Shutting down and abandoning module GitSourceControl (248)
[2017.10.17-05.38.45:528][902]LogModuleManager: Shutting down and abandoning module SourceControl (247)
[2017.10.17-05.38.45:538][902]LogModuleManager: Shutting down and abandoning module LightPropagationVolumeEditor (244)
[2017.10.17-05.38.45:539][902]LogModuleManager: Shutting down and abandoning module PaperTiledImporter (242)
[2017.10.17-05.38.45:539][902]LogModuleManager: Shutting down and abandoning module PaperSpriteSheetImporter (240)
[2017.10.17-05.38.45:539][902]LogModuleManager: Shutting down and abandoning module Paper2DEditor (238)
[2017.10.17-05.38.45:559][902]LogModuleManager: Shutting down and abandoning module MeshPaint (237)
[2017.10.17-05.38.45:572][902]LogModuleManager: Shutting down and abandoning module LevelEditor (235)
[2017.10.17-05.38.45:587][902]LogModuleManager: Shutting down and abandoning module PixelInspectorModule (234)
[2017.10.17-05.38.45:600][902]LogModuleManager: Shutting down and abandoning module MainFrame (232)
[2017.10.17-05.38.45:600][902]LogModuleManager: Shutting down and abandoning module HotReload (231)
[2017.10.17-05.38.45:600][902]LogDirectoryWatcher: A directory notification for 'C:/Users/chong/OneDrive/Documents/GitHub/FYP_DumbTesting/Meeting/Binaries/Win64' was aborted.
[2017.10.17-05.38.45:600][902]LogModuleManager: Shutting down and abandoning module ContentBrowser (227)
[2017.10.17-05.38.45:601][902]LogModuleManager: Shutting down and abandoning module Meeting (224)
[2017.10.17-05.38.45:601][902]LogModuleManager: Shutting down and abandoning module PhysXVehiclesEditor (222)
[2017.10.17-05.38.45:613][902]LogModuleManager: Shutting down and abandoning module PhysXVehicles (220)
[2017.10.17-05.38.45:613][902]LogModuleManager: Shutting down and abandoning module LocationServicesBPLibrary (218)
[2017.10.17-05.38.45:613][902]LogModuleManager: Shutting down and abandoning module UdpMessaging (216)
[2017.10.17-05.38.45:714][902]LogModuleManager: Shutting down and abandoning module TcpMessaging (214)
[2017.10.17-05.38.45:821][902]LogModuleManager: Shutting down and abandoning module GameplayTagsEditor (212)
[2017.10.17-05.38.45:828][902]LogModuleManager: Shutting down and abandoning module FacialAnimationEditor (210)
[2017.10.17-05.38.45:834][902]LogModuleManager: Shutting down and abandoning module FacialAnimation (208)
[2017.10.17-05.38.45:834][902]LogModuleManager: Shutting down and abandoning module LightPropagationVolumeRuntime (206)
[2017.10.17-05.38.45:834][902]LogModuleManager: Shutting down and abandoning module Paper2D (204)
[2017.10.17-05.38.45:838][902]LogModuleManager: Shutting down and abandoning module WindowsMoviePlayer (202)
[2017.10.17-05.38.45:838][902]LogModuleManager: Shutting down and abandoning module WmfMedia (200)
[2017.10.17-05.38.45:839][902]LogModuleManager: Shutting down and abandoning module MfMedia (198)
[2017.10.17-05.38.45:839][902]LogModuleManager: Shutting down and abandoning module MediaAssets (196)
[2017.10.17-05.38.45:839][902]LogModuleManager: Shutting down and abandoning module GameLiveStreaming (194)
[2017.10.17-05.38.45:844][902]LogModuleManager: Shutting down and abandoning module VREditor (192)
[2017.10.17-05.38.45:844][902]LogModuleManager: Shutting down and abandoning module GameplayTasksEditor (190)
[2017.10.17-05.38.45:844][902]LogModuleManager: Shutting down and abandoning module BehaviorTreeEditor (188)
[2017.10.17-05.38.45:844][902]LogModuleManager: Shutting down and abandoning module FunctionalTesting (186)
[2017.10.17-05.38.45:844][902]LogModuleManager: Shutting down and abandoning module CollisionAnalyzer (184)
[2017.10.17-05.38.45:853][902]LogModuleManager: Shutting down and abandoning module UMG (182)
[2017.10.17-05.38.45:853][902]LogModuleManager: Shutting down and abandoning module UMGEditor (181)
[2017.10.17-05.38.45:878][902]LogModuleManager: Shutting down and abandoning module Sequencer (180)
[2017.10.17-05.38.45:889][902]LogModuleManager: Shutting down and abandoning module AssetTools (178)
[2017.10.17-05.38.45:907][902]LogModuleManager: Shutting down and abandoning module MessageLog (177)
[2017.10.17-05.38.45:907][902]LogModuleManager: Shutting down and abandoning module WorkspaceMenuStructure (176)
[2017.10.17-05.38.45:907][902]LogModuleManager: Shutting down and abandoning module SlateReflector (170)
[2017.10.17-05.38.45:929][902]LogModuleManager: Shutting down and abandoning module Slate (168)
[2017.10.17-05.38.45:929][902]LogModuleManager: Shutting down and abandoning module EditorStyle (166)
[2017.10.17-05.38.45:932][902]LogModuleManager: Shutting down and abandoning module SourceCodeAccess (164)
[2017.10.17-05.38.45:937][902]LogModuleManager: Shutting down and abandoning module HeadMountedDisplay (162)
[2017.10.17-05.38.45:937][902]LogModuleManager: Shutting down and abandoning module XAudio2 (160)
[2017.10.17-05.38.45:937][902]LogModuleManager: Shutting down and abandoning module Networking (158)
[2017.10.17-05.38.45:937][902]LogModuleManager: Shutting down and abandoning module Core (154)
[2017.10.17-05.38.45:937][902]LogModuleManager: Shutting down and abandoning module AssetRegistry (152)
[2017.10.17-05.38.46:166][902]LogDirectoryWatcher: A directory notification for '../../../Engine/Content/' was aborted.
[2017.10.17-05.38.46:166][902]LogDirectoryWatcher: A directory notification for '../../../../../../Users/chong/OneDrive/Documents/GitHub/FYP_DumbTesting/Meeting/Content/' was aborted.
[2017.10.17-05.38.46:166][902]LogDirectoryWatcher: A directory notification for '../../../Engine/Plugins/2D/Paper2D/Content/' was aborted.
[2017.10.17-05.38.46:173][902]LogModuleManager: Shutting down and abandoning module DirectoryWatcher (151)
[2017.10.17-05.38.46:173][902]LogModuleManager: Shutting down and abandoning module KismetCompiler (148)
[2017.10.17-05.38.46:173][902]LogModuleManager: Shutting down and abandoning module PhysXFormats (146)
[2017.10.17-05.38.46:173][902]LogModuleManager: Shutting down and abandoning module MeshUtilities (144)
[2017.10.17-05.38.46:183][902]LogModuleManager: Shutting down and abandoning module SimplygonSwarm (143)
[2017.10.17-05.38.46:192][902]LogModuleManager: Shutting down and abandoning module SimplygonMeshReduction (141)
[2017.10.17-05.38.46:192][902]LogModuleManager: Shutting down and abandoning module QuadricMeshReduction (139)
[2017.10.17-05.38.46:192][902]LogModuleManager: Shutting down and abandoning module PropertyEditor (137)
[2017.10.17-05.38.46:192][902]LogModuleManager: Shutting down and abandoning module DerivedDataCache (134)
[2017.10.17-05.38.46:263][902]LogDerivedDataCache: Shutdown
[2017.10.17-05.38.46:263][902]LogModuleManager: Shutting down and abandoning module TargetPlatform (132)
[2017.10.17-05.38.46:263][902]LogModuleManager: Shutting down and abandoning module VulkanShaderFormat (131)
[2017.10.17-05.38.46:273][902]LogModuleManager: Shutting down and abandoning module ShaderFormatOpenGL (129)
[2017.10.17-05.38.46:280][902]LogModuleManager: Shutting down and abandoning module ShaderFormatD3D (127)
[2017.10.17-05.38.46:281][902]LogModuleManager: Shutting down and abandoning module MetalShaderFormat (125)
[2017.10.17-05.38.46:300][902]LogModuleManager: Shutting down and abandoning module TextureFormatUncompressed (123)
[2017.10.17-05.38.46:300][902]LogModuleManager: Shutting down and abandoning module TextureFormatPVR (121)
[2017.10.17-05.38.46:300][902]LogModuleManager: Shutting down and abandoning module TextureFormatDXT (119)
[2017.10.17-05.38.46:300][902]LogModuleManager: Shutting down and abandoning module TextureFormatIntelISPCTexComp (117)
[2017.10.17-05.38.46:310][902]LogModuleManager: Shutting down and abandoning module TextureFormatASTC (115)
[2017.10.17-05.38.46:310][902]LogModuleManager: Shutting down and abandoning module ImageWrapper (114)
[2017.10.17-05.38.46:310][902]LogModuleManager: Shutting down and abandoning module TextureFormatAndroid (111)
[2017.10.17-05.38.46:310][902]LogModuleManager: Shutting down and abandoning module AudioFormatOpus (109)
[2017.10.17-05.38.46:318][902]LogModuleManager: Shutting down and abandoning module AudioFormatOgg (107)
[2017.10.17-05.38.46:318][902]LogModuleManager: Shutting down and abandoning module AudioFormatADPCM (105)
[2017.10.17-05.38.46:318][902]LogModuleManager: Shutting down and abandoning module LinuxTargetPlatform (103)
[2017.10.17-05.38.46:318][902]LogModuleManager: Shutting down and abandoning module LinuxServerTargetPlatform (101)
[2017.10.17-05.38.46:318][902]LogModuleManager: Shutting down and abandoning module LinuxNoEditorTargetPlatform (99)
[2017.10.17-05.38.46:318][902]LogModuleManager: Shutting down and abandoning module LinuxClientTargetPlatform (97)
[2017.10.17-05.38.46:318][902]LogModuleManager: Shutting down and abandoning module TVOSTargetPlatform (95)
[2017.10.17-05.38.46:318][902]LogModuleManager: Shutting down and abandoning module Messaging (93)
[2017.10.17-05.38.46:318][902]LogModuleManager: Shutting down and abandoning module IOSTargetPlatform (91)
[2017.10.17-05.38.46:318][902]LogModuleManager: Shutting down and abandoning module HTML5TargetPlatform (89)
[2017.10.17-05.38.46:318][902]LogModuleManager: Shutting down and abandoning module Android_PVRTCTargetPlatform (87)
[2017.10.17-05.38.46:318][902]LogModuleManager: Shutting down and abandoning module Android_MultiTargetPlatform (85)
[2017.10.17-05.38.46:318][902]LogModuleManager: Shutting down and abandoning module Android_ETC2TargetPlatform (83)
[2017.10.17-05.38.46:318][902]LogModuleManager: Shutting down and abandoning module Android_ETC1TargetPlatform (81)
[2017.10.17-05.38.46:318][902]LogModuleManager: Shutting down and abandoning module Android_DXTTargetPlatform (79)
[2017.10.17-05.38.46:318][902]LogModuleManager: Shutting down and abandoning module Android_ATCTargetPlatform (77)
[2017.10.17-05.38.46:318][902]LogModuleManager: Shutting down and abandoning module Android_ASTCTargetPlatform (75)
[2017.10.17-05.38.46:318][902]LogModuleManager: Shutting down and abandoning module AndroidTargetPlatform (73)
[2017.10.17-05.38.46:318][902]LogModuleManager: Shutting down and abandoning module WindowsTargetPlatform (71)
[2017.10.17-05.38.46:318][902]LogModuleManager: Shutting down and abandoning module WindowsServerTargetPlatform (69)
[2017.10.17-05.38.46:318][902]LogModuleManager: Shutting down and abandoning module WindowsNoEditorTargetPlatform (67)
[2017.10.17-05.38.46:318][902]LogModuleManager: Shutting down and abandoning module WindowsClientTargetPlatform (65)
[2017.10.17-05.38.46:318][902]LogModuleManager: Shutting down and abandoning module MacTargetPlatform (63)
[2017.10.17-05.38.46:318][902]LogModuleManager: Shutting down and abandoning module MacServerTargetPlatform (61)
[2017.10.17-05.38.46:318][902]LogModuleManager: Shutting down and abandoning module MacNoEditorTargetPlatform (59)
[2017.10.17-05.38.46:318][902]LogModuleManager: Shutting down and abandoning module MacClientTargetPlatform (57)
[2017.10.17-05.38.46:318][902]LogModuleManager: Shutting down and abandoning module AllDesktopTargetPlatform (55)
[2017.10.17-05.38.46:318][902]LogModuleManager: Shutting down and abandoning module InputCore (52)
[2017.10.17-05.38.46:318][902]LogModuleManager: Shutting down and abandoning module Settings (50)
[2017.10.17-05.38.46:318][902]LogModuleManager: Shutting down and abandoning module OculusRift (48)
[2017.10.17-05.38.46:329][902]LogModuleManager: Shutting down and abandoning module GearVR (46)
[2017.10.17-05.38.46:329][902]LogModuleManager: Shutting down and abandoning module ExampleDeviceProfileSelector (44)
[2017.10.17-05.38.46:329][902]LogModuleManager: Shutting down and abandoning module OnlineBlueprintSupport (42)
[2017.10.17-05.38.46:329][902]LogModuleManager: Shutting down and abandoning module OnlineSubsystem (38)
[2017.10.17-05.38.46:329][902]LogOnline:Display: Unloading online subsystem: NULL
[2017.10.17-05.38.46:340][902]LogModuleManager: Shutting down and abandoning module XMPP (37)
[2017.10.17-05.38.46:354][902]LogModuleManager: Shutting down and abandoning module HTTP (35)
[2017.10.17-05.38.46:361][902]LogHttp:Display: Http module shutting down, but needs to wait on 1 outstanding Http requests:
[2017.10.17-05.38.46:361][902]LogHttp:Display: 	verb=[POST] url=[https://datarouter.ol.epicgames.com/datarouter/api/v1/public/data?SessionID=%7B1B73D077-47A0-C3AF-7D48-3F98C91FE1B5%7D&AppID=UEEditor.Rocket.Release&AppVersion=4.15.3-3450819%2B%2B%2BUE4%2BRelease-4.15&UserID=b99de09e4fd31c4d8810b7b27378685f%7Cd854f23f85534a6a958aa5db07b32c86%7Cc8e0bc57-2edb-4c06-a7cf-4ae6b98e3978&AppEnvironment=datacollector-binary&UploadType=eteventstream] status=Processing
[2017.10.17-05.38.46:383][902]LogModuleManager: Shutting down and abandoning module SSL (34)
[2017.10.17-05.38.46:390][902]LogModuleManager: Shutting down and abandoning module AudioEditor (30)
[2017.10.17-05.38.46:403][902]LogModuleManager: Shutting down and abandoning module TextureCompressor (28)
[2017.10.17-05.38.46:408][902]LogModuleManager: Shutting down and abandoning module ShaderCore (26)
[2017.10.17-05.38.46:408][902]LogModuleManager: Shutting down and abandoning module Landscape (24)
[2017.10.17-05.38.46:409][902]LogModuleManager: Shutting down and abandoning module SlateRHIRenderer (22)
[2017.10.17-05.38.46:426][902]LogModuleManager: Shutting down and abandoning module OpenGLDrv (20)
[2017.10.17-05.38.46:437][902]LogModuleManager: Shutting down and abandoning module D3D11RHI (18)
[2017.10.17-05.38.46:437][902]LogModuleManager: Shutting down and abandoning module AnimGraphRuntime (16)
[2017.10.17-05.38.46:446][902]LogModuleManager: Shutting down and abandoning module Renderer (14)
[2017.10.17-05.38.46:446][902]LogModuleManager: Shutting down and abandoning module Engine (12)
[2017.10.17-05.38.46:446][902]LogModuleManager: Shutting down and abandoning module CoreUObject (10)
[2017.10.17-05.38.46:446][902]LogModuleManager: Shutting down and abandoning module NetworkFile (8)
[2017.10.17-05.38.46:446][902]LogModuleManager: Shutting down and abandoning module StreamingFile (6)
[2017.10.17-05.38.46:446][902]LogModuleManager: Shutting down and abandoning module SandboxFile (4)
[2017.10.17-05.38.46:446][902]LogModuleManager: Shutting down and abandoning module PakFile (2)
[2017.10.17-05.38.46:465][902]LogExit: Exiting.
[2017.10.17-05.38.46:507][902]Log file closed, 10/17/17 13:38:46
