Log file open, 08/02/17 17:24:06
LogInit:Display: Running engine for game: Meeting
LogPlatformFile: Not using cached read wrapper
LogInit:Display: RandInit(-1842136460) SRandInit(-1842136460).
LogTaskGraph: Started task graph with 5 named threads and 8 total threads with 1 sets of task threads.
LogStats: Stats thread started at 0.149789
LogInit:Warning: Incompatible or missing module: UE4Editor-Meeting.dll
LogExit: Preparing to exit.
LogModuleManager: Shutting down and abandoning module AudioEditor (30)
LogModuleManager: Shutting down and abandoning module TextureCompressor (28)
LogModuleManager: Shutting down and abandoning module ShaderCore (26)
LogModuleManager: Shutting down and abandoning module Landscape (24)
LogModuleManager: Shutting down and abandoning module SlateRHIRenderer (22)
LogModuleManager: Shutting down and abandoning module OpenGLDrv (20)
LogModuleManager: Shutting down and abandoning module D3D11RHI (18)
LogModuleManager: Shutting down and abandoning module AnimGraphRuntime (16)
LogModuleManager: Shutting down and abandoning module Renderer (14)
LogModuleManager: Shutting down and abandoning module Engine (12)
LogModuleManager: Shutting down and abandoning module CoreUObject (10)
LogModuleManager: Shutting down and abandoning module NetworkFile (8)
LogModuleManager: Shutting down and abandoning module StreamingFile (6)
LogModuleManager: Shutting down and abandoning module SandboxFile (4)
LogModuleManager: Shutting down and abandoning module PakFile (2)
LogExit: Exiting.
Log file closed, 08/02/17 17:25:34
