Log file open, 09/26/17 02:11:00
LogInit:Display: Running engine for game: Meeting
LogPlatformFile: Not using cached read wrapper
LogInit:Display: RandInit(-180367132) SRandInit(-180367132).
LogTaskGraph: Started task graph with 5 named threads and 8 total threads with 1 sets of task threads.
LogStats: Stats thread started at 3.773257
LogInit: Using libcurl 7.47.1
LogInit:  - built for x86_64-pc-win32
LogInit:  - supports SSL with OpenSSL/1.0.2g
LogInit:  - supports HTTP deflate (compression) using libz 1.2.8
LogInit:  - other features:
LogInit:      CURL_VERSION_SSL
LogInit:      CURL_VERSION_LIBZ
LogInit:      CURL_VERSION_IPV6
LogInit:      CURL_VERSION_ASYNCHDNS
LogInit:      CURL_VERSION_LARGEFILE
LogInit:      CURL_VERSION_IDN
LogInit:  CurlRequestOptions (configurable via config and command line):
LogInit:  - bVerifyPeer = false  - Libcurl will NOT verify peer certificate
LogInit:  - bUseHttpProxy = false  - Libcurl will NOT use HTTP proxy
LogInit:  - bDontReuseConnections = false  - Libcurl will reuse connections
LogInit:  - CertBundlePath = nullptr  - Libcurl will use whatever was configured at build time.
LogInit: Build: ++UE4+Release-4.15-CL-3450819
LogInit: Engine Version: 4.15.3-3450819+++UE4+Release-4.15
LogInit: Compatible Engine Version: 4.15.0-3299760+++UE4+Release-4.15
LogInit: Net CL: 3299760
LogDevObjectVersion: Number of dev versions registered: 14
LogDevObjectVersion:   Dev-Blueprints (B0D832E4-1F89-4F0D-ACCF-7EB736FD4AA2): 8
LogDevObjectVersion:   Dev-Build (E1C64328-A22C-4D53-A36C-8E866417BD8C): 0
LogDevObjectVersion:   Dev-Core (375EC13C-06E4-48FB-B500-84F0262A717E): 2
LogDevObjectVersion:   Dev-Editor (E4B068ED-F494-42E9-A231-DA0B2E46BB41): 14
LogDevObjectVersion:   Dev-Framework (CFFC743F-43B0-4480-9391-14DF171D2073): 22
LogDevObjectVersion:   Dev-Mobile (B02B49B5-BB20-44E9-A304-32B752E40360): 0
LogDevObjectVersion:   Dev-Networking (A4E4105C-59A1-49B5-A7C5-40C4547EDFEE): 0
LogDevObjectVersion:   Dev-Online (39C831C9-5AE6-47DC-9A44-9C173E1C8E7C): 0
LogDevObjectVersion:   Dev-Physics (78F01B33-EBEA-4F98-B9B4-84EACCB95AA2): 0
LogDevObjectVersion:   Dev-Platform (6631380F-2D4D-43E0-8009-CF276956A95A): 0
LogDevObjectVersion:   Dev-Rendering (12F88B9F-8875-4AFC-A67C-D90C383ABD29): 12
LogDevObjectVersion:   Dev-Sequencer (7B5AE74C-D270-4C10-A958-57980B212A5A): 3
LogDevObjectVersion:   Dev-VR (D7296918-1DD6-4BDD-9DE2-64A83CC13884): 0
LogDevObjectVersion:   Dev-LoadTimes (C2A15278-BFE7-4AFE-6C17-90FF531DF755): 1
LogInit: Compiled (64-bit): May 21 2017 11:02:34
LogInit: Compiled with Visual C++: 19.00.23026.00
LogInit: Build Configuration: Development
LogInit: Branch Name: ++UE4+Release-4.15
LogInit: Command line:  
LogInit: Base directory: C:/Program Files/Epic Games/UE_4.15/Engine/Binaries/Win64/
LogInit: Installed Engine Build: 1
LogInit: Presizing for max 8388607 objects, including 0 objects not considered by GC, pre-allocating 0 bytes for permanent pool.
LogInit: Object subsystem initialized
[2017.09.25-18.11.02:138][  0]LogInit: Selected Device Profile: [Windows]
[2017.09.25-18.11.02:138][  0]LogInit: Applying CVar settings loaded from the selected device profile: [Windows]
[2017.09.25-18.11.02:290][  0]LogInit: Computer: MSI
[2017.09.25-18.11.02:290][  0]LogInit: User: chong
[2017.09.25-18.11.02:290][  0]LogInit: CPU Page size=65536, Cores=4
[2017.09.25-18.11.02:290][  0]LogInit: High frequency timer resolution =2.531248 MHz
[2017.09.25-18.11.02:290][  0]LogMemory: Memory total: Physical=11.9GB (12GB approx)
[2017.09.25-18.11.02:290][  0]LogMemory: Platform Memory Stats for Windows
[2017.09.25-18.11.02:290][  0]LogMemory: Process Physical Memory: 272.97 MB used, 272.97 MB peak
[2017.09.25-18.11.02:290][  0]LogMemory: Process Virtual Memory: 275.38 MB used, 275.38 MB peak
[2017.09.25-18.11.02:290][  0]LogMemory: Physical Memory: 6073.41 MB used,  6125.19 MB free, 12198.60 MB total
[2017.09.25-18.11.02:290][  0]LogMemory: Virtual Memory: 658.61 MB used,  6125.19 MB free, 134217728.00 MB total
[2017.09.25-18.11.03:734][  0]LogTextLocalizationManager: No specific translations for ('en-MY') exist, so ('en') translations will be used.
[2017.09.25-18.11.13:004][  0]LogD3D11RHI: D3D11 adapters:
[2017.09.25-18.11.14:060][  0]LogD3D11RHI:    0. 'NVIDIA GeForce GTX 960M' (Feature Level 11_0)
[2017.09.25-18.11.14:060][  0]LogD3D11RHI:       2019/0/6099 MB DedicatedVideo/DedicatedSystem/SharedSystem, Outputs:1, VendorId:0x10de
[2017.09.25-18.11.14:113][  0]LogD3D11RHI:    1. 'Intel(R) HD Graphics 530' (Feature Level 11_0)
[2017.09.25-18.11.14:113][  0]LogD3D11RHI:       128/0/6099 MB DedicatedVideo/DedicatedSystem/SharedSystem, Outputs:0, VendorId:0x8086
[2017.09.25-18.11.14:114][  0]LogD3D11RHI:    2. 'Microsoft Basic Render Driver' (Feature Level 11_0)
[2017.09.25-18.11.14:114][  0]LogD3D11RHI:       0/0/6099 MB DedicatedVideo/DedicatedSystem/SharedSystem, Outputs:0, VendorId:0x1414
[2017.09.25-18.11.14:114][  0]LogD3D11RHI: Chosen D3D11 Adapter: 0
[2017.09.25-18.11.14:148][  0]LogD3D11RHI: Creating new Direct3DDevice
[2017.09.25-18.11.14:148][  0]LogD3D11RHI:     GPU DeviceId: 0x139b (for the marketing name, search the web for "GPU Device Id")
[2017.09.25-18.11.14:148][  0]LogWindows: EnumDisplayDevices:
[2017.09.25-18.11.14:148][  0]LogWindows:    0. 'Intel(R) HD Graphics 530' (P:1 D:1)
[2017.09.25-18.11.14:148][  0]LogWindows:    1. 'Intel(R) HD Graphics 530' (P:0 D:0)
[2017.09.25-18.11.14:148][  0]LogWindows:    2. 'Intel(R) HD Graphics 530' (P:0 D:0)
[2017.09.25-18.11.14:148][  0]LogWindows: DebugString: PrimaryIsNotTheChoosenAdapter PrimaryIsNotTheChoosenAdapter PrimaryIsNotTheChoosenAdapter FoundDriverCount:0 
[2017.09.25-18.11.14:148][  0]LogD3D11RHI:     Adapter Name: NVIDIA GeForce GTX 960M
[2017.09.25-18.11.14:148][  0]LogD3D11RHI:   Driver Version: Unknown (internal:Unknown, unified:Unknown)
[2017.09.25-18.11.14:149][  0]LogD3D11RHI:      Driver Date: Unknown
[2017.09.25-18.11.14:149][  0]LogRHI: Texture pool is 1361 MB (70% of 1945 MB)
[2017.09.25-18.11.14:916][  0]LogD3D11RHI: Async texture creation enabled
[2017.09.25-18.11.15:672][  0]LogD3D11RHI: GPU Timing Frequency: 1000.000000 (Debug: 2 3)
[2017.09.25-18.11.15:940][  0]LogShaderCompilers: Guid format shader working directory is -34 characters bigger than the processId version (../../../../../../Users/chong/OneDrive/Documents/GitHub/FYP_DumbTesting/Meeting/Intermediate/Shaders/WorkingDirectory/14080/).
[2017.09.25-18.11.15:940][  0]LogShaderCompilers: Cleaned the shader compiler working directory 'C:/Users/chong/AppData/Local/Temp/UnrealShaderWorkingDir/723C29C74A08EC541E898BB32D83D2D0/'.
[2017.09.25-18.11.15:949][  0]LogShaderCompilers:Display: Using Local Shader Compiler.
[2017.09.25-18.11.24:780][  0]LogTemp:Display: Loaded TP AllDesktopTargetPlatform
[2017.09.25-18.11.24:846][  0]LogTemp:Display: Loaded TP MacClientTargetPlatform
[2017.09.25-18.11.24:935][  0]LogTemp:Display: Loaded TP MacNoEditorTargetPlatform
[2017.09.25-18.11.25:006][  0]LogTemp:Display: Loaded TP MacServerTargetPlatform
[2017.09.25-18.11.25:113][  0]LogTemp:Display: Loaded TP MacTargetPlatform
[2017.09.25-18.11.25:182][  0]LogTemp:Display: Loaded TP WindowsClientTargetPlatform
[2017.09.25-18.11.25:249][  0]LogTemp:Display: Loaded TP WindowsNoEditorTargetPlatform
[2017.09.25-18.11.25:323][  0]LogTemp:Display: Loaded TP WindowsServerTargetPlatform
[2017.09.25-18.11.25:387][  0]LogTemp:Display: Loaded TP WindowsTargetPlatform
[2017.09.25-18.11.25:495][  0]LogTemp:Display: Loaded TP AndroidTargetPlatform
[2017.09.25-18.11.25:565][  0]LogTemp:Display: Loaded TP Android_ASTCTargetPlatform
[2017.09.25-18.11.25:672][  0]LogTemp:Display: Loaded TP Android_ATCTargetPlatform
[2017.09.25-18.11.25:740][  0]LogTemp:Display: Loaded TP Android_DXTTargetPlatform
[2017.09.25-18.11.25:817][  0]LogTemp:Display: Loaded TP Android_ETC1TargetPlatform
[2017.09.25-18.11.25:895][  0]LogTemp:Display: Loaded TP Android_ETC2TargetPlatform
[2017.09.25-18.11.26:031][  0]LogTemp:Display: Loaded TP Android_MultiTargetPlatform
[2017.09.25-18.11.26:031][  0]LogTemp:Display: Loaded TP Android_PVRTCTargetPlatform
[2017.09.25-18.11.26:121][  0]LogTemp:Display: Loaded TP HTML5TargetPlatform
[2017.09.25-18.11.26:284][  0]LogTemp:Display: Loaded TP IOSTargetPlatform
[2017.09.25-18.11.26:320][  0]LogTemp:Display: Loaded TP TVOSTargetPlatform
[2017.09.25-18.11.26:388][  0]LogTemp:Display: Loaded TP LinuxClientTargetPlatform
[2017.09.25-18.11.26:458][  0]LogTemp:Display: Loaded TP LinuxNoEditorTargetPlatform
[2017.09.25-18.11.26:546][  0]LogTemp:Display: Loaded TP LinuxServerTargetPlatform
[2017.09.25-18.11.26:625][  0]LogTemp:Display: Loaded TP LinuxTargetPlatform
[2017.09.25-18.11.26:625][  0]LogTargetPlatformManager:Display: Building Assets For Windows
[2017.09.25-18.11.28:438][  0]LogDerivedDataCache:Display: Max Cache Size: 512 MB
[2017.09.25-18.11.32:520][  0]LogDerivedDataCache: Loaded boot cache 4.07s 50MB C:/Users/chong/AppData/Local/UnrealEngine/4.15/DerivedDataCache/Boot.ddc.
[2017.09.25-18.11.32:520][  0]LogDerivedDataCache:Display: Loaded Boot cache: C:/Users/chong/AppData/Local/UnrealEngine/4.15/DerivedDataCache/Boot.ddc
[2017.09.25-18.11.32:520][  0]LogDerivedDataCache: FDerivedDataBackendGraph:  Pak pak cache file ../../../../../../Users/chong/OneDrive/Documents/GitHub/FYP_DumbTesting/Meeting/DerivedDataCache/DDC.ddp not found, will not use a pak cache.
[2017.09.25-18.11.32:520][  0]LogDerivedDataCache: Unable to find inner node Pak for hierarchical cache Hierarchy.
[2017.09.25-18.11.32:520][  0]LogDerivedDataCache: FDerivedDataBackendGraph:  CompressedPak pak cache file ../../../../../../Users/chong/OneDrive/Documents/GitHub/FYP_DumbTesting/Meeting/DerivedDataCache/Compressed.ddp not found, will not use a pak cache.
[2017.09.25-18.11.32:520][  0]LogDerivedDataCache: Unable to find inner node CompressedPak for hierarchical cache Hierarchy.
[2017.09.25-18.11.32:619][  0]LogDerivedDataCache:Display: Pak cache opened for reading ../../../Engine/DerivedDataCache/Compressed.ddp.
[2017.09.25-18.11.32:631][  0]LogDerivedDataCache: Using Local data cache path C:/Users/chong/AppData/Local/UnrealEngine/Common/DerivedDataCache: Writable
[2017.09.25-18.11.33:013][  0]LogSlate: Using Freetype 2.6.0
[2017.09.25-18.11.33:172][  0]LogSlate: SlateFontCache - WITH_FREETYPE: 1, WITH_HARFBUZZ: 1
[2017.09.25-18.11.33:172][  0]LogSlate: SlateFontCache - WITH_FREETYPE: 1, WITH_HARFBUZZ: 1
[2017.09.25-18.11.54:401][  0]LogInit: Selected Device Profile: [Windows]
[2017.09.25-18.11.54:692][  0]LogContentStreaming: Texture pool size is 0.00 MB
[2017.09.25-18.11.56:120][  0]LogMeshUtilities: Using QuadricMeshReduction for automatic static mesh reduction
[2017.09.25-18.11.56:328][  0]LogSimplygon: Simplygon DLL not present - disabling.
[2017.09.25-18.11.56:406][  0]LogMeshUtilities: Using SimplygonSwarm for distributed automatic mesh merging
[2017.09.25-18.11.56:406][  0]LogMeshUtilities: No automatic skeletal mesh reduction module available
[2017.09.25-18.11.56:406][  0]LogMeshUtilities: No automatic mesh merging module available
[2017.09.25-18.12.03:904][  0]LogNetVersion: GetLocalNetworkVersion: CL: 3299760, ProjectName: meeting, ProjectVersion: , EngineNetworkVersion: 2, GameNetworkVersion: 0, NetworkChecksum: 116300604
[2017.09.25-18.12.04:102][  0]LogAssetRegistry: FAssetRegistry took 0.0233 seconds to start up
[2017.09.25-18.12.05:336][  0]LogPackageLocalizationCache: Processed 3 localized package path(s) for 2 prioritized culture(s) in 1.163289 seconds
[2017.09.25-18.12.05:391][  0]LogUObjectArray: 32493 objects as part of root set at end of initial load.
[2017.09.25-18.12.05:391][  0]LogUObjectAllocator: 7077032 out of 0 bytes used by permanent object pool.
[2017.09.25-18.12.05:391][  0]LogUObjectArray: CloseDisregardForGC: 0/0 objects in disregard for GC pool
[2017.09.25-18.12.05:505][  0]LogInit: WinSock: version 1.1 (2.2), MaxSocks=32767, MaxUdp=65467
[2017.09.25-18.12.57:164][  0]LogTcpMessaging: Initializing TcpMessaging bridge
[2017.09.25-18.12.57:259][  0]LogUdpMessaging: Initializing bridge on interface 0.0.0.0:0 to multicast group 230.0.0.1:6666.
[2017.09.25-18.13.01:185][  0]LogMaterial: Uniform references updated for custom material expression Custom.
[2017.09.25-18.13.03:184][  0]SourceControl: Info Source control is disabled
[2017.09.25-18.13.03:216][  0]SourceControl: Info Source control is disabled
[2017.09.25-18.13.03:653][  0]SourceControl: Info Source control is disabled
[2017.09.25-18.13.03:943][  0]SourceControl: Info Source control is disabled
[2017.09.25-18.13.09:582][  0]LogEngine: Initializing Engine...
[2017.09.25-18.13.09:646][  0]LogHMD: Failed to initialize OpenVR with code 110
[2017.09.25-18.13.10:107][  0]LogStats: UGameplayTagsManager::ConstructGameplayTagTree: Construct from data asset -  0.000 s
[2017.09.25-18.13.10:142][  0]LogStats: UGameplayTagsManager::ConstructGameplayTagTree: GameplayTagTreeChangedEvent.Broadcast -  0.001 s
[2017.09.25-18.13.12:206][  0]LogAIModule: Creating AISystem for world Untitled
[2017.09.25-18.13.13:038][  0]LogInit: XAudio2 using 'Speakers (Realtek High Definition Audio)' : 8 channels at 48 kHz using 32 bits per sample (channel mask 0x63f)
[2017.09.25-18.13.13:158][  0]LogInit: FAudioDevice initialized.
[2017.09.25-18.13.13:189][  0]LogDerivedDataCache: Saved boot cache 0.03s 50MB C:/Users/chong/AppData/Local/UnrealEngine/4.15/DerivedDataCache/Boot.ddc.
[2017.09.25-18.13.13:311][  0]LogInit: Texture streaming: Enabled
[2017.09.25-18.13.13:954][  0]LogEngineSessionManager: EngineSessionManager initialized
[2017.09.25-18.13.15:375][  0]LogInit: Transaction tracking system initialized
[2017.09.25-18.13.17:160][  0]BlueprintLog: New page: Editor Load
[2017.09.25-18.13.22:705][  0]LocalizationService: Info Localization service is disabled
[2017.09.25-18.13.27:373][  0]LogConsoleResponse:Display: 
[2017.09.25-18.13.32:939][  0]LogFileCache: Scanning file cache for directory 'C:/Users/chong/OneDrive/Documents/GitHub/FYP_DumbTesting/Meeting/Content/' took 0.03s
[2017.09.25-18.13.32:939][  0]LogCook:Display: Max memory allowance for cook 16384mb min free memory 0mb
[2017.09.25-18.13.32:968][  0]LogCook:Display: Mobile HDR setting 1
[2017.09.25-18.13.39:390][  0]SourceControl: Info Source control is disabled
[2017.09.25-18.13.39:608][  0]Cmd: MAP LOAD FILE="../../../../../../Users/chong/OneDrive/Documents/GitHub/FYP_DumbTesting/Meeting/Content/ThirdPersonBP/Maps/MockUp_Map.umap" TEMPLATE=0 SHOWPROGRESS=1 FEATURELEVEL=3
[2017.09.25-18.13.39:697][  0]LightingResults: New page: Lighting Build
[2017.09.25-18.13.41:057][  0]MapCheck: New page: Map Check
[2017.09.25-18.13.41:057][  0]LightingResults: New page: Lighting Build
[2017.09.25-18.14.03:208][  0]LogBlueprint:Warning: [Compiler ThirdPersonCharacter] Warning InputAction Event references unknown Action 'ResetVR' for  InputAction ResetVR
[2017.09.25-18.14.03:208][  0]LogBlueprint:Warning: [Compiler ThirdPersonCharacter] Warning Input Axis Event references unknown Axis 'LookUpRate' for  InputAxis LookUpRate
[2017.09.25-18.14.03:209][  0]LogBlueprint:Warning: [Compiler ThirdPersonCharacter] Warning Input Axis Event references unknown Axis 'TurnRate' for  InputAxis TurnRate
[2017.09.25-18.14.03:209][  0]LogBlueprint:Warning: [Compiler ThirdPersonCharacter] Warning InputAction Event references unknown Action 'Jump' for  InputAction Jump
[2017.09.25-18.14.03:209][  0]LogBlueprint:Warning: [Compiler ThirdPersonCharacter] Warning Input Axis Event references unknown Axis 'LookUp' for  InputAxis LookUp
[2017.09.25-18.14.03:209][  0]LogBlueprint:Warning: [Compiler ThirdPersonCharacter] Warning Input Axis Event references unknown Axis 'Turn' for  InputAxis Turn
[2017.09.25-18.14.03:247][  0]LogBlueprint:Warning: [Compiler ThirdPersonCharacter] Warning [0192.98] Compile of ThirdPersonCharacter successful, but with 6 Warning(s) [in 75 ms] (/Game/ThirdPersonBP/Blueprints/ThirdPersonCharacter.ThirdPersonCharacter)
[2017.09.25-18.14.03:247][  0]LogBlueprint:Warning: [Compiler ThirdPersonCharacter] Warning [0193.01] Compile of ThirdPersonCharacter successful, but with 7 Warning(s) [in 0 ms] (/Game/ThirdPersonBP/Blueprints/ThirdPersonCharacter.ThirdPersonCharacter)
[2017.09.25-18.14.03:247][  0]LogBlueprint:Warning: [Compiler ThirdPersonCharacter] Warning [0193.01] Compile of ThirdPersonCharacter successful, but with 8 Warning(s) [in 0 ms] (/Game/ThirdPersonBP/Blueprints/ThirdPersonCharacter.ThirdPersonCharacter)
[2017.09.25-18.14.03:254][  0]LogBlueprint:Warning: [Compiler ThirdPersonCharacter] Warning InputAction Event references unknown Action 'ResetVR' for  InputAction ResetVR
[2017.09.25-18.14.03:254][  0]LogBlueprint:Warning: [Compiler ThirdPersonCharacter] Warning Input Axis Event references unknown Axis 'LookUpRate' for  InputAxis LookUpRate
[2017.09.25-18.14.03:254][  0]LogBlueprint:Warning: [Compiler ThirdPersonCharacter] Warning Input Axis Event references unknown Axis 'TurnRate' for  InputAxis TurnRate
[2017.09.25-18.14.03:254][  0]LogBlueprint:Warning: [Compiler ThirdPersonCharacter] Warning InputAction Event references unknown Action 'Jump' for  InputAction Jump
[2017.09.25-18.14.03:254][  0]LogBlueprint:Warning: [Compiler ThirdPersonCharacter] Warning Input Axis Event references unknown Axis 'LookUp' for  InputAxis LookUp
[2017.09.25-18.14.03:254][  0]LogBlueprint:Warning: [Compiler ThirdPersonCharacter] Warning Input Axis Event references unknown Axis 'Turn' for  InputAxis Turn
[2017.09.25-18.14.03:259][  0]LogBlueprint:Warning: [Compiler ThirdPersonCharacter] Warning [0193.02] Compile of ThirdPersonCharacter successful, but with 6 Warning(s) [in 8 ms] (/Game/ThirdPersonBP/Blueprints/ThirdPersonCharacter.ThirdPersonCharacter)
[2017.09.25-18.14.03:259][  0]LogBlueprint:Warning: [Compiler ThirdPersonCharacter] Warning [0193.02] Compile of ThirdPersonCharacter successful, but with 7 Warning(s) [in 0 ms] (/Game/ThirdPersonBP/Blueprints/ThirdPersonCharacter.ThirdPersonCharacter)
[2017.09.25-18.14.03:259][  0]LogBlueprint:Warning: [Compiler ThirdPersonCharacter] Warning [0193.03] Compile of ThirdPersonCharacter successful, but with 8 Warning(s) [in 0 ms] (/Game/ThirdPersonBP/Blueprints/ThirdPersonCharacter.ThirdPersonCharacter)
[2017.09.25-18.14.03:263][  0]LogLinker:Warning: Can't find file '/Game/ThirdPersonBP/Maps/MockUp_Map_BuiltData'
[2017.09.25-18.14.03:322][  0]LogLinker:Warning: Can't find file for asset '/Game/ThirdPersonBP/Maps/MockUp_Map_BuiltData' while loading ../../../../../../Users/chong/OneDrive/Documents/GitHub/FYP_DumbTesting/Meeting/Content/ThirdPersonBP/Maps/MockUp_Map.umap.
[2017.09.25-18.14.03:322][  0]LoadErrors:Error: Error /Game/ThirdPersonBP/Maps/MockUp_Map : Can't find file for asset. /Game/ThirdPersonBP/Maps/MockUp_Map_BuiltData
[2017.09.25-18.14.14:811][  0]LogLinker:Warning: Can't find file '/Game/ThirdPersonBP/Maps/MockUp_Map_BuiltData'
[2017.09.25-18.14.14:811][  0]LogLinker:Warning: Can't find file for asset '/Game/ThirdPersonBP/Maps/MockUp_Map_BuiltData' while loading ../../../../../../Users/chong/OneDrive/Documents/GitHub/FYP_DumbTesting/Meeting/Content/ThirdPersonBP/Maps/MockUp_Map.umap.
[2017.09.25-18.14.14:812][  0]LoadErrors:Error: Error /Game/ThirdPersonBP/Maps/MockUp_Map : Can't find file for asset. /Game/ThirdPersonBP/Maps/MockUp_Map_BuiltData
[2017.09.25-18.14.14:821][  0]LogLinker:Warning: Can't find file '/Game/ThirdPersonBP/Maps/MockUp_Map_BuiltData'
[2017.09.25-18.14.14:821][  0]LogLinker:Warning: Can't find file for asset '/Game/ThirdPersonBP/Maps/MockUp_Map_BuiltData' while loading NULL.
[2017.09.25-18.14.14:821][  0]LogLinker:Warning: Can't find file '/Game/ThirdPersonBP/Maps/MockUp_Map_BuiltData'
[2017.09.25-18.14.14:821][  0]LogLinker:Warning: Can't find file for asset '/Game/ThirdPersonBP/Maps/MockUp_Map_BuiltData' while loading NULL.
[2017.09.25-18.14.15:441][  0]LogLinker:Warning: Can't find file '/Game/ThirdPersonBP/Maps/MockUp_Map_BuiltData'
[2017.09.25-18.14.15:441][  0]LoadErrors: Info Failed to load /Game/ThirdPersonBP/Maps/MockUp_Map_BuiltData.MockUp_Map_BuiltData Referenced by PersistentLevel
[2017.09.25-18.14.15:441][  0]LogLinker:Warning: Can't find file for asset '/Game/ThirdPersonBP/Maps/MockUp_Map_BuiltData' while loading NULL.
[2017.09.25-18.14.15:441][  0]LoadErrors: Info Failed to load /Game/ThirdPersonBP/Maps/MockUp_Map_BuiltData.MockUp_Map_BuiltData Referenced by PersistentLevel
[2017.09.25-18.14.44:663][  0]LogStaticMesh: Building static mesh container...
[2017.09.25-18.14.45:103][  0]LogStaticMesh: Built static mesh [0.69s] /Game/Art/RL_MOCK/container.container
[2017.09.25-18.14.45:343][  0]LogStaticMesh: Building static mesh cylinder_filler...
[2017.09.25-18.14.45:355][  0]LogStaticMesh: Built static mesh [0.01s] /Game/Art/RL_MOCK/cylinder_filler.cylinder_filler
[2017.09.25-18.14.50:227][  0]LogStaticMesh: Building static mesh Lab_Monitor_01...
[2017.09.25-18.14.50:236][  0]LogStaticMesh: Built static mesh [0.01s] /Game/Art/Environment/Material/Blockout_Lab/Lab_Monitor_01.Lab_Monitor_01
[2017.09.25-18.14.50:351][  0]LogStaticMesh: Building static mesh Lab_Table_01...
[2017.09.25-18.14.50:396][  0]LogStaticMesh: Built static mesh [0.04s] /Game/Art/Environment/Material/Blockout_Lab/Lab_Table_01.Lab_Table_01
[2017.09.25-18.15.07:499][  0]LogStaticMesh: Building static mesh SM_PcTable_02...
[2017.09.25-18.15.07:530][  0]LogStaticMesh: Built static mesh [0.03s] /Game/SM_PcTable_02.SM_PcTable_02
[2017.09.25-18.15.09:219][  0]LogStaticMesh: Building static mesh SM_ResearchLab_Fence...
[2017.09.25-18.15.09:252][  0]LogStaticMesh: Built static mesh [0.25s] /Game/Art/Environment/ResearchLab/SM_ResearchLab_Fence.SM_ResearchLab_Fence
[2017.09.25-18.15.24:962][  0]LogTexture:Display: Building textures: T_Lensflare_01 (AutoDXT, 512X512) - 78 MB total VRAM
[2017.09.25-18.15.25:537][  0]LogMaterial: Missing cached shader map for material M_Lensflare_01, compiling. 
[2017.09.25-18.15.27:597][  0]LogTemp:Display: Added material ShaderMap 0x0000022738D41D00 with Material 0x000002271485AC80 to ShaderMapsBeingCompiled
[2017.09.25-18.15.29:173][  0]LogTemp:Display: Kicking off shader compilation for M_Lensflare_01, GameThreadShaderMap 0x0000022738D41D00
[2017.09.25-18.15.31:550][  0]LogTexture:Display: Building textures: LP_1001_BaseColor (AutoDXT, 2048X2048) - 78 MB total VRAM
[2017.09.25-18.15.32:676][  0]LogTexture:Display: Building textures: LP_1001_Emissive (AutoDXT, 2048X2048) - 78 MB total VRAM
[2017.09.25-18.15.33:795][  0]LogTexture:Display: Building textures: ThumbnailTexture (DXT1, 512X512) - 78 MB total VRAM
[2017.09.25-18.15.36:435][  0]LogMaterial: Missing cached shader map for material M_Pixel_Cube_Particle, compiling. 
[2017.09.25-18.15.36:436][  0]LogTemp:Display: Added material ShaderMap 0x000002278CF75D00 with Material 0x0000022715834A00 to ShaderMapsBeingCompiled
[2017.09.25-18.15.36:793][  0]LogTemp:Display: Kicking off shader compilation for M_Pixel_Cube_Particle, GameThreadShaderMap 0x000002278CF75D00
[2017.09.25-18.15.36:794][  0]LogStaticMesh: Building static mesh SM_leaves...
[2017.09.25-18.15.36:855][  0]LogStaticMesh: Built static mesh [0.06s] /Game/Art/Environment/Mesh/SM_leaves.SM_leaves
[2017.09.25-18.15.38:095][  0]LogMaterial: Missing cached shader map for material M_LeafDissolve, compiling. 
[2017.09.25-18.15.38:383][  0]LogTemp:Display: Added material ShaderMap 0x000002278D602400 with Material 0x0000022715824400 to ShaderMapsBeingCompiled
[2017.09.25-18.15.38:698][  0]LogTemp:Display: Kicking off shader compilation for M_LeafDissolve, GameThreadShaderMap 0x000002278D602400
[2017.09.25-18.15.38:706][  0]LogTexture:Display: Building textures: T_sunflare (AutoDXT, 512X512) - 416 MB total VRAM
[2017.09.25-18.15.38:840][  0]LogMaterial: Missing cached shader map for material m_flare_03, compiling. 
[2017.09.25-18.15.38:842][  0]LogTemp:Display: Added material ShaderMap 0x000002278B160F00 with Material 0x0000022715826C80 to ShaderMapsBeingCompiled
[2017.09.25-18.15.38:870][  0]LogTemp:Display: Kicking off shader compilation for m_flare_03, GameThreadShaderMap 0x000002278B160F00
[2017.09.25-18.15.39:218][  0]LogTexture:Display: Building textures: T_Blood (BGRA8, 2568X2379) - 416 MB total VRAM
[2017.09.25-18.15.40:025][  0]LogMaterial: Missing cached shader map for material M_Blood, compiling. 
[2017.09.25-18.15.40:027][  0]LogTemp:Display: Added material ShaderMap 0x000002277B3F3C80 with Material 0x0000022715836500 to ShaderMapsBeingCompiled
[2017.09.25-18.15.40:146][  0]LogTemp:Display: Kicking off shader compilation for M_Blood, GameThreadShaderMap 0x000002277B3F3C80
[2017.09.25-18.15.40:154][  0]LogTexture:Display: Building textures: ThumbnailTexture (DXT1, 512X512) - 440 MB total VRAM
[2017.09.25-18.15.40:191][  0]LogMaterial: Missing cached shader map for material Mat_Dissolve, compiling. 
[2017.09.25-18.15.40:192][  0]LogTemp:Display: Added material ShaderMap 0x000002278E69EE80 with Material 0x0000022715874100 to ShaderMapsBeingCompiled
[2017.09.25-18.15.40:230][  0]LogTemp:Display: Kicking off shader compilation for Mat_Dissolve, GameThreadShaderMap 0x000002278E69EE80
[2017.09.25-18.15.55:190][  0]LogTexture:Display: Building textures: 1001_Opacity (AutoDXT, 2048X2048) - 899 MB total VRAM
[2017.09.25-18.15.56:259][  0]LogTexture:Display: Building textures: LP_1001_OcclusionRoughnessMetallic (AutoDXT, 2048X2048) - 899 MB total VRAM
[2017.09.25-18.15.57:113][  0]LogTexture:Display: Building textures: LP_1001_Normal (BC5, 2048X2048) - 899 MB total VRAM
[2017.09.25-18.15.57:520][  0]LogMaterial: Missing cached shader map for material M_fence, compiling. 
[2017.09.25-18.15.57:521][  0]LogTemp:Display: Added material ShaderMap 0x000002279E7BA080 with Material 0x000002271B496380 to ShaderMapsBeingCompiled
[2017.09.25-18.15.57:561][  0]LogTemp:Display: Kicking off shader compilation for M_fence, GameThreadShaderMap 0x000002279E7BA080
[2017.09.25-18.16.03:301][  0]LogAIModule: Creating AISystem for world MockUp_Map
[2017.09.25-18.16.03:696][  0]LogTemp:Display: Finished compile of shader map 0x0000022738D41D00
[2017.09.25-18.16.03:697][  0]LogTemp:Display: Shader map M_Lensflare_01 complete, GameThreadShaderMap 0x0000022738D41D00, marking material M_Lensflare_01 as finished
[2017.09.25-18.16.03:697][  0]LogTemp:Display: Marking material as finished 0x000002271485AC80
[2017.09.25-18.16.03:763][  0]LogTemp:Display: Finished compile of shader map 0x000002278CF75D00
[2017.09.25-18.16.03:763][  0]LogTemp:Display: Shader map M_Pixel_Cube_Particle complete, GameThreadShaderMap 0x000002278CF75D00, marking material M_Pixel_Cube_Particle as finished
[2017.09.25-18.16.03:763][  0]LogTemp:Display: Marking material as finished 0x0000022715834A00
[2017.09.25-18.16.03:840][  0]LogTemp:Display: Finished compile of shader map 0x000002278D602400
[2017.09.25-18.16.03:840][  0]LogTemp:Display: Shader map M_LeafDissolve complete, GameThreadShaderMap 0x000002278D602400, marking material M_LeafDissolve as finished
[2017.09.25-18.16.03:840][  0]LogTemp:Display: Marking material as finished 0x0000022715824400
[2017.09.25-18.16.03:848][  0]LogTemp:Display: Finished compile of shader map 0x000002278B160F00
[2017.09.25-18.16.03:848][  0]LogTemp:Display: Shader map m_flare_03 complete, GameThreadShaderMap 0x000002278B160F00, marking material m_flare_03 as finished
[2017.09.25-18.16.03:848][  0]LogTemp:Display: Marking material as finished 0x0000022715826C80
[2017.09.25-18.16.03:879][  0]LogTemp:Display: Finished compile of shader map 0x000002277B3F3C80
[2017.09.25-18.16.03:879][  0]LogTemp:Display: Shader map M_Blood complete, GameThreadShaderMap 0x000002277B3F3C80, marking material M_Blood as finished
[2017.09.25-18.16.03:879][  0]LogTemp:Display: Marking material as finished 0x0000022715836500
[2017.09.25-18.16.03:894][  0]LogTemp:Display: Finished compile of shader map 0x000002278E69EE80
[2017.09.25-18.16.03:894][  0]LogTemp:Display: Shader map Mat_Dissolve complete, GameThreadShaderMap 0x000002278E69EE80, marking material Mat_Dissolve as finished
[2017.09.25-18.16.03:894][  0]LogTemp:Display: Marking material as finished 0x0000022715874100
[2017.09.25-18.16.07:685][  0]LogEditorServer: Finished looking for orphan Actors (0.001 secs)
[2017.09.25-18.16.08:093][  0]Cmd: MAP CHECKDEP NOCLEARLOG
[2017.09.25-18.16.08:331][  0]MapCheck: Info Map check complete: 0 Error(s), 0 Warning(s), took 237.15ms to complete.
[2017.09.25-18.16.08:332][  0]LogFileHelpers: Loading map 'MockUp_Map' took 148.818
[2017.09.25-18.16.15:640][  0]LogCollectionManager: Loaded 0 collections in 0.001614 seconds
[2017.09.25-18.16.16:166][  0]LogFileCache: Scanning file cache for directory 'C:/Users/chong/OneDrive/Documents/GitHub/FYP_DumbTesting/Meeting/Saved/Collections/' took 0.01s
[2017.09.25-18.16.16:166][  0]LogFileCache: Scanning file cache for directory 'C:/Users/chong/OneDrive/Documents/GitHub/FYP_DumbTesting/Meeting/Content/Developers/chong/Collections/' took 0.01s
[2017.09.25-18.16.16:166][  0]LogFileCache: Scanning file cache for directory 'C:/Users/chong/OneDrive/Documents/GitHub/FYP_DumbTesting/Meeting/Content/Collections/' took 0.01s
[2017.09.25-18.16.16:166][  0]LogCollectionManager: Rebuilt the GUID cache for 0 collections in 0.000002 seconds
[2017.09.25-18.16.16:382][  0]LogContentBrowser: Native class hierarchy populated in 0.1913 seconds. Added 2258 classes and 455 folders.
[2017.09.25-18.16.16:914][  0]LogContentBrowser: Native class hierarchy updated for 'WidgetCarousel' in 0.0019 seconds. Added 0 classes and 0 folders.
[2017.09.25-18.16.21:452][  0]LogContentBrowser: Native class hierarchy updated for 'AddContentDialog' in 0.0022 seconds. Added 0 classes and 0 folders.
[2017.09.25-18.16.21:810][  0]LogContentBrowser: Native class hierarchy updated for 'SceneOutliner' in 0.0021 seconds. Added 1 classes and 2 folders.
[2017.09.25-18.16.23:569][  0]LogCrashTracker: Crashtracker disabled due to settings.
[2017.09.25-18.16.24:600][  0]LogUObjectGlobals:Warning: Failed to find object 'Class None.'
[2017.09.25-18.16.24:955][  0]LogContentBrowser: Native class hierarchy updated for 'HierarchicalLODOutliner' in 0.0028 seconds. Added 1 classes and 2 folders.
[2017.09.25-18.16.24:955][  0]LogLoad: (Engine Initialization) Total time: 334.72 seconds
[2017.09.25-18.16.24:955][  0]LogLoad: (Engine Initialization) Total Blueprint compile time: 6.13 seconds
[2017.09.25-18.16.24:955][  0]LogExternalProfiler: Found external profiler: VSPerf
[2017.09.25-18.16.24:955][  0]LogExternalProfiler: Using external profiler: VSPerf
[2017.09.25-18.16.25:417][  0]LogOcInput: OculusInput pre-init called
[2017.09.25-18.16.26:299][  0]LogContentStreaming: Texture pool size now 400 MB
[2017.09.25-18.16.26:814][  0]LogSlate: Took 0.036493 seconds to synchronously load lazily loaded font '../../../Engine/Content/Slate/Fonts/Roboto-Regular.ttf' (155K)
[2017.09.25-18.16.26:906][  0]LogSlate: Took 0.049308 seconds to synchronously load lazily loaded font '../../../Engine/Content/Slate/Fonts/Roboto-Bold.ttf' (160K)
[2017.09.25-18.16.27:078][  0]LogSlate: Took 0.062894 seconds to synchronously load lazily loaded font '../../../Engine/Content/Editor/Slate/Fonts/FontAwesome.ttf' (139K)
[2017.09.25-18.16.29:496][  0]LogRenderer: Reallocating scene render targets to support 872x432 NumSamples 1 (Frame:2).
[2017.09.25-18.16.29:496][  0]LogSlate: Took 0.043865 seconds to synchronously load lazily loaded font '../../../Engine/Content/Slate/Fonts/Roboto-Light.ttf' (159K)
[2017.09.25-18.16.31:006][  1]LogTemp:Display: Finished compile of shader map 0x000002279E7BA080
[2017.09.25-18.16.31:006][  1]LogTemp:Display: Shader map M_fence complete, GameThreadShaderMap 0x000002279E7BA080, marking material M_fence as finished
[2017.09.25-18.16.31:006][  1]LogTemp:Display: Marking material as finished 0x000002271B496380
[2017.09.25-18.16.32:954][  4]LogAssetRegistry: Asset discovery search completed in 268.8745 seconds
[2017.09.25-18.16.32:954][  4]LogCollectionManager: Rebuilt the object cache for 0 collections in 0.000005 seconds (found 0 objects)
[2017.09.25-18.16.32:954][  4]LogCollectionManager: Fixed up redirectors for 0 collections in 0.000023 seconds (updated 0 objects)
[2017.09.25-18.17.53:764][606]LogSlate: Took 0.000145 seconds to synchronously load lazily loaded font '../../../Engine/Content/Slate/Fonts/Roboto-Light.ttf' (159K)
[2017.09.25-18.17.54:488][606]LogSlate: Took 0.000127 seconds to synchronously load lazily loaded font '../../../Engine/Content/Slate/Fonts/Roboto-Regular.ttf' (155K)
[2017.09.25-18.17.54:984][606]LogContentBrowser: Native class hierarchy updated for 'BlueprintGraph' in 0.0048 seconds. Added 112 classes and 0 folders.
[2017.09.25-18.17.56:759][606]LogSlate: Took 0.015057 seconds to synchronously load lazily loaded font '../../../Engine/Content/Editor/Slate/Fonts/Roboto-BoldCondensed.ttf' (158K)
[2017.09.25-18.17.57:774][607]LogSlate: Took 0.016233 seconds to synchronously load lazily loaded font '../../../Engine/Content/Editor/Slate/Fonts/Roboto-Italic.ttf' (157K)
[2017.09.25-18.21.39:402][184]LogSlate: Took 0.012711 seconds to synchronously load lazily loaded font '../../../Engine/Content/Editor/Slate/Fonts/Roboto-BoldCondensedItalic.ttf' (160K)
[2017.09.25-18.22.59:841][823]BlueprintLog: New page: Compile EnemyChracter_BP
[2017.09.25-18.23.00:009][823]LogUObjectGlobals:Warning: Guid referenced by CapsuleComponent /Game/ThirdPersonBP/Maps/MockUp_Map.MockUp_Map:PersistentLevel.EnemyChracter_BP1.CollisionCylinder is already used by CapsuleComponent /Game/ThirdPersonBP/Maps/MockUp_Map.MockUp_Map:PersistentLevel.REINST_EnemyChracter_BP_C_0.CollisionCylinder, which should never happen in the editor but could happen at runtime with duplicate level loading or PIE
[2017.09.25-18.23.00:009][823]LogUObjectGlobals:Warning: Guid referenced by ArrowComponent /Game/ThirdPersonBP/Maps/MockUp_Map.MockUp_Map:PersistentLevel.EnemyChracter_BP1.Arrow is already used by ArrowComponent /Game/ThirdPersonBP/Maps/MockUp_Map.MockUp_Map:PersistentLevel.REINST_EnemyChracter_BP_C_0.Arrow, which should never happen in the editor but could happen at runtime with duplicate level loading or PIE
[2017.09.25-18.23.00:009][823]LogUObjectGlobals:Warning: Guid referenced by CharacterMovementComponent /Game/ThirdPersonBP/Maps/MockUp_Map.MockUp_Map:PersistentLevel.EnemyChracter_BP1.CharMoveComp is already used by CharacterMovementComponent /Game/ThirdPersonBP/Maps/MockUp_Map.MockUp_Map:PersistentLevel.REINST_EnemyChracter_BP_C_0.CharMoveComp, which should never happen in the editor but could happen at runtime with duplicate level loading or PIE
[2017.09.25-18.23.00:009][823]LogUObjectGlobals:Warning: Guid referenced by SkeletalMeshComponent /Game/ThirdPersonBP/Maps/MockUp_Map.MockUp_Map:PersistentLevel.EnemyChracter_BP1.CharacterMesh0 is already used by SkeletalMeshComponent /Game/ThirdPersonBP/Maps/MockUp_Map.MockUp_Map:PersistentLevel.REINST_EnemyChracter_BP_C_0.CharacterMesh0, which should never happen in the editor but could happen at runtime with duplicate level loading or PIE
[2017.09.25-18.26.34:315][ 40]BlueprintLog: New page: Compile EnemyChracter_BP
[2017.09.25-18.26.38:081][155]LogSavePackage: Save=162.84ms
[2017.09.25-18.26.38:081][155]LogSavePackage: Moving '../../../../../../Users/chong/OneDrive/Documents/GitHub/FYP_DumbTesting/Meeting/Saved/EnemyChracter_BP9B74D9E5467ABB6FED4EECB2BC381E13.tmp' to '../../../../../../Users/chong/OneDrive/Documents/GitHub/FYP_DumbTesting/Meeting/Content/Blueprint/AI/EnemyChracter_BP.uasset'
[2017.09.25-18.26.38:095][155]LogSavePackage:Display: Finished SavePackage ../../../../../../Users/chong/OneDrive/Documents/GitHub/FYP_DumbTesting/Meeting/Content/Blueprint/AI/EnemyChracter_BP.uasset
[2017.09.25-18.26.55:865][191]LogSlate: Took 0.000120 seconds to synchronously load lazily loaded font '../../../Engine/Content/Slate/Fonts/Roboto-Light.ttf' (159K)
[2017.09.25-18.27.37:732][683]Cmd: OBJ SAVEPACKAGE PACKAGE="/Game/Blueprint/AI/EnemyBB" FILE="../../../../../../Users/chong/OneDrive/Documents/GitHub/FYP_DumbTesting/Meeting/Content/Blueprint/AI/EnemyBB.uasset" SILENT=true
[2017.09.25-18.27.37:751][683]LogSavePackage: Save=7.64ms
[2017.09.25-18.27.37:751][683]LogSavePackage: Moving '../../../../../../Users/chong/OneDrive/Documents/GitHub/FYP_DumbTesting/Meeting/Saved/EnemyBB2C9183EC4ECFD9FE8F96E58B86B62369.tmp' to '../../../../../../Users/chong/OneDrive/Documents/GitHub/FYP_DumbTesting/Meeting/Content/Blueprint/AI/EnemyBB.uasset'
[2017.09.25-18.27.37:755][683]LogSavePackage:Display: Finished SavePackage ../../../../../../Users/chong/OneDrive/Documents/GitHub/FYP_DumbTesting/Meeting/Content/Blueprint/AI/EnemyBB.uasset
[2017.09.25-18.29.20:044][358]LogSavePackage: Save=4564.38ms
[2017.09.25-18.29.20:045][358]LogSavePackage: Moving '../../../../../../Users/chong/OneDrive/Documents/GitHub/FYP_DumbTesting/Meeting/Saved/MockUp_Map_Auto173E2DBEC4308DEA453338995D5BC03DF.tmp' to '../../../../../../Users/chong/OneDrive/Documents/GitHub/FYP_DumbTesting/Meeting/Saved/Autosaves/Game/ThirdPersonBP/Maps/MockUp_Map_Auto1.umap'
[2017.09.25-18.29.20:049][358]LogSavePackage:Display: Finished SavePackage ../../../../../../Users/chong/OneDrive/Documents/GitHub/FYP_DumbTesting/Meeting/Saved/Autosaves/Game/ThirdPersonBP/Maps/MockUp_Map_Auto1.umap
[2017.09.25-18.29.20:094][358]LogFileHelpers: Editor autosave (incl. sublevels) for '/Game/ThirdPersonBP/Maps/MockUp_Map' took 4.669
[2017.09.25-18.29.20:095][358]LogFileHelpers: Editor autosave (incl. sublevels) for all levels took 4.669
[2017.09.25-18.29.20:096][358]OBJ SavePackage: Generating thumbnails for [0] asset(s) in package [/Game/Blueprint/AI/EnemyBB] ([1] browsable assets)...
[2017.09.25-18.29.20:096][358]OBJ SavePackage: Finished generating thumbnails for package [/Game/Blueprint/AI/EnemyBB]
[2017.09.25-18.29.20:116][358]LogSavePackage: Save=5.51ms
[2017.09.25-18.29.20:116][358]LogSavePackage: Moving '../../../../../../Users/chong/OneDrive/Documents/GitHub/FYP_DumbTesting/Meeting/Saved/EnemyBB_Auto149FFF5BF4D3E83C5E1F174B57AD15D3A.tmp' to '../../../../../../Users/chong/OneDrive/Documents/GitHub/FYP_DumbTesting/Meeting/Saved/Autosaves/Game/Blueprint/AI/EnemyBB_Auto1.uasset'
[2017.09.25-18.29.20:118][358]LogSavePackage:Display: Finished SavePackage ../../../../../../Users/chong/OneDrive/Documents/GitHub/FYP_DumbTesting/Meeting/Saved/Autosaves/Game/Blueprint/AI/EnemyBB_Auto1.uasset
[2017.09.25-18.29.20:118][358]LogFileHelpers: Auto-saving content packages took 0.022
[2017.09.25-18.30.53:146][220]Cmd: OBJ SAVEPACKAGE PACKAGE="/Game/Blueprint/AI/EnemyBB" FILE="../../../../../../Users/chong/OneDrive/Documents/GitHub/FYP_DumbTesting/Meeting/Content/Blueprint/AI/EnemyBB.uasset" SILENT=true
[2017.09.25-18.30.53:160][220]LogSavePackage: Save=7.78ms
[2017.09.25-18.30.53:160][220]LogSavePackage: Moving '../../../../../../Users/chong/OneDrive/Documents/GitHub/FYP_DumbTesting/Meeting/Saved/EnemyBBDC674E744BDC8664BA0AA09C108C69CD.tmp' to '../../../../../../Users/chong/OneDrive/Documents/GitHub/FYP_DumbTesting/Meeting/Content/Blueprint/AI/EnemyBB.uasset'
[2017.09.25-18.30.53:168][220]LogSavePackage:Display: Finished SavePackage ../../../../../../Users/chong/OneDrive/Documents/GitHub/FYP_DumbTesting/Meeting/Content/Blueprint/AI/EnemyBB.uasset
[2017.09.25-18.30.57:551][478]LogSlate:Warning: Prevented a slow task dialog from being summoned while a context menu was open
[2017.09.25-18.30.58:927][556]LogSlate:Warning: Prevented a slow task dialog from being summoned while a context menu was open
[2017.09.25-18.30.59:245][556]LogPackageName: SearchForPackageOnDisk took   0.000s to resolve /Game/Blueprint/AI/BTService_BlueprintBase_New.
[2017.09.25-18.31.17:787][646]LogMetaData: Removing '/Game/Blueprint/AI/RangeChecker.SKEL_RangeChecker_C' ref from Metadata '/Game/Blueprint/AI/BTService_BlueprintBase_New.PackageMetaData'
[2017.09.25-18.31.17:787][646]LogMetaData: Removing '/Game/Blueprint/AI/RangeChecker.RangeChecker_C' ref from Metadata '/Game/Blueprint/AI/BTService_BlueprintBase_New.PackageMetaData'
[2017.09.25-18.31.17:862][646]Cmd: OBJ SAVEPACKAGE PACKAGE="/Game/Blueprint/AI/RangeChecker" FILE="../../../../../../Users/chong/OneDrive/Documents/GitHub/FYP_DumbTesting/Meeting/Content/Blueprint/AI/RangeChecker.uasset" SILENT=true
[2017.09.25-18.31.17:917][646]LogSavePackage: Save=53.67ms
[2017.09.25-18.31.17:917][646]LogSavePackage: Moving '../../../../../../Users/chong/OneDrive/Documents/GitHub/FYP_DumbTesting/Meeting/Saved/RangeCheckerF93920684DF4B223C07881B53F254647.tmp' to '../../../../../../Users/chong/OneDrive/Documents/GitHub/FYP_DumbTesting/Meeting/Content/Blueprint/AI/RangeChecker.uasset'
[2017.09.25-18.31.17:921][646]LogSavePackage:Display: Finished SavePackage ../../../../../../Users/chong/OneDrive/Documents/GitHub/FYP_DumbTesting/Meeting/Content/Blueprint/AI/RangeChecker.uasset
[2017.09.25-18.31.18:336][651]LogPackageName: SearchForPackageOnDisk took   0.000s to resolve /Game/Blueprint/AI/RangeChecker.
[2017.09.25-18.39.20:722][421]LogFileHelpers: Editor autosave (incl. sublevels) for '/Game/ThirdPersonBP/Maps/MockUp_Map' took 0.036
[2017.09.25-18.39.20:724][421]OBJ SavePackage: Generating thumbnails for [0] asset(s) in package [/Game/Blueprint/AI/RangeChecker] ([1] browsable assets)...
[2017.09.25-18.39.20:724][421]OBJ SavePackage: Finished generating thumbnails for package [/Game/Blueprint/AI/RangeChecker]
[2017.09.25-18.39.20:749][421]LogSavePackage: Save=12.47ms
[2017.09.25-18.39.20:749][421]LogSavePackage: Moving '../../../../../../Users/chong/OneDrive/Documents/GitHub/FYP_DumbTesting/Meeting/Saved/RangeChecker_Auto28B098E6C40D3B0F04B37F7891790FFFC.tmp' to '../../../../../../Users/chong/OneDrive/Documents/GitHub/FYP_DumbTesting/Meeting/Saved/Autosaves/Game/Blueprint/AI/RangeChecker_Auto2.uasset'
[2017.09.25-18.39.20:750][421]LogSavePackage:Display: Finished SavePackage ../../../../../../Users/chong/OneDrive/Documents/GitHub/FYP_DumbTesting/Meeting/Saved/Autosaves/Game/Blueprint/AI/RangeChecker_Auto2.uasset
[2017.09.25-18.39.20:750][421]LogFileHelpers: Auto-saving content packages took 0.027
[2017.09.25-18.58.49:149][483]BlueprintLog: New page: Compile EnemyChracter_BP
[2017.09.25-18.58.50:205][519]LogSavePackage: Save=88.07ms
[2017.09.25-18.58.50:205][519]LogSavePackage: Moving '../../../../../../Users/chong/OneDrive/Documents/GitHub/FYP_DumbTesting/Meeting/Saved/EnemyChracter_BP56C354AF404AA1E13BA57AA331A828EC.tmp' to '../../../../../../Users/chong/OneDrive/Documents/GitHub/FYP_DumbTesting/Meeting/Content/Blueprint/AI/EnemyChracter_BP.uasset'
[2017.09.25-18.58.50:210][519]LogSavePackage:Display: Finished SavePackage ../../../../../../Users/chong/OneDrive/Documents/GitHub/FYP_DumbTesting/Meeting/Content/Blueprint/AI/EnemyChracter_BP.uasset
[2017.09.25-19.03.28:824][141]BlueprintLog: New page: Compile RangeChecker
[2017.09.25-19.03.29:946][198]Cmd: OBJ SAVEPACKAGE PACKAGE="/Game/Blueprint/AI/RangeChecker" FILE="../../../../../../Users/chong/OneDrive/Documents/GitHub/FYP_DumbTesting/Meeting/Content/Blueprint/AI/RangeChecker.uasset" SILENT=true
[2017.09.25-19.03.29:982][198]LogSavePackage: Save=26.15ms
[2017.09.25-19.03.29:982][198]LogSavePackage: Moving '../../../../../../Users/chong/OneDrive/Documents/GitHub/FYP_DumbTesting/Meeting/Saved/RangeChecker7078651542649397B6D5CF81093017FC.tmp' to '../../../../../../Users/chong/OneDrive/Documents/GitHub/FYP_DumbTesting/Meeting/Content/Blueprint/AI/RangeChecker.uasset'
[2017.09.25-19.03.29:985][198]LogSavePackage:Display: Finished SavePackage ../../../../../../Users/chong/OneDrive/Documents/GitHub/FYP_DumbTesting/Meeting/Content/Blueprint/AI/RangeChecker.uasset
[2017.09.25-19.05.40:981][ 11]Cmd: OBJ SAVEPACKAGE PACKAGE="/Game/Blueprint/AI/EnemyBT" FILE="../../../../../../Users/chong/OneDrive/Documents/GitHub/FYP_DumbTesting/Meeting/Content/Blueprint/AI/EnemyBT.uasset" SILENT=true
[2017.09.25-19.05.41:017][ 11]LogSavePackage: Save=22.70ms
[2017.09.25-19.05.41:017][ 11]LogSavePackage: Moving '../../../../../../Users/chong/OneDrive/Documents/GitHub/FYP_DumbTesting/Meeting/Saved/EnemyBT9B9A9EE9435159398D9BC8809C68EDDA.tmp' to '../../../../../../Users/chong/OneDrive/Documents/GitHub/FYP_DumbTesting/Meeting/Content/Blueprint/AI/EnemyBT.uasset'
[2017.09.25-19.05.41:067][ 11]LogSavePackage:Display: Finished SavePackage ../../../../../../Users/chong/OneDrive/Documents/GitHub/FYP_DumbTesting/Meeting/Content/Blueprint/AI/EnemyBT.uasset
[2017.09.25-19.06.12:512][278]LogSavePackage: Save=3734.16ms
[2017.09.25-19.06.12:512][278]LogSavePackage: Moving '../../../../../../Users/chong/OneDrive/Documents/GitHub/FYP_DumbTesting/Meeting/Saved/MockUp_Map_Auto33C17DE3F446792EB89EF3EB072135737.tmp' to '../../../../../../Users/chong/OneDrive/Documents/GitHub/FYP_DumbTesting/Meeting/Saved/Autosaves/Game/ThirdPersonBP/Maps/MockUp_Map_Auto3.umap'
[2017.09.25-19.06.12:516][278]LogSavePackage:Display: Finished SavePackage ../../../../../../Users/chong/OneDrive/Documents/GitHub/FYP_DumbTesting/Meeting/Saved/Autosaves/Game/ThirdPersonBP/Maps/MockUp_Map_Auto3.umap
[2017.09.25-19.06.12:523][278]LogFileHelpers: Editor autosave (incl. sublevels) for '/Game/ThirdPersonBP/Maps/MockUp_Map' took 3.803
[2017.09.25-19.06.12:523][278]LogFileHelpers: Editor autosave (incl. sublevels) for all levels took 3.803
[2017.09.25-19.07.11:568][905]LogSlate:Warning: Prevented a slow task dialog from being summoned while a context menu was open
[2017.09.25-19.12.23:092][ 66]BlueprintLog: New page: Compile EnemyChracter_BP
[2017.09.25-19.12.24:191][ 95]LogSavePackage: Save=84.50ms
[2017.09.25-19.12.24:191][ 95]LogSavePackage: Moving '../../../../../../Users/chong/OneDrive/Documents/GitHub/FYP_DumbTesting/Meeting/Saved/EnemyChracter_BPC9E8C3224E299B397E12E8A0734E6A9C.tmp' to '../../../../../../Users/chong/OneDrive/Documents/GitHub/FYP_DumbTesting/Meeting/Content/Blueprint/AI/EnemyChracter_BP.uasset'
[2017.09.25-19.12.24:196][ 95]LogSavePackage:Display: Finished SavePackage ../../../../../../Users/chong/OneDrive/Documents/GitHub/FYP_DumbTesting/Meeting/Content/Blueprint/AI/EnemyChracter_BP.uasset
[2017.09.25-19.16.16:831][865]LogSavePackage: Save=3643.93ms
[2017.09.25-19.16.16:831][865]LogSavePackage: Moving '../../../../../../Users/chong/OneDrive/Documents/GitHub/FYP_DumbTesting/Meeting/Saved/MockUp_Map_Auto4B50215C0480C77AEAD2FA59A428C7EE8.tmp' to '../../../../../../Users/chong/OneDrive/Documents/GitHub/FYP_DumbTesting/Meeting/Saved/Autosaves/Game/ThirdPersonBP/Maps/MockUp_Map_Auto4.umap'
[2017.09.25-19.16.16:835][865]LogSavePackage:Display: Finished SavePackage ../../../../../../Users/chong/OneDrive/Documents/GitHub/FYP_DumbTesting/Meeting/Saved/Autosaves/Game/ThirdPersonBP/Maps/MockUp_Map_Auto4.umap
[2017.09.25-19.16.16:841][865]LogFileHelpers: Editor autosave (incl. sublevels) for '/Game/ThirdPersonBP/Maps/MockUp_Map' took 3.715
[2017.09.25-19.16.16:841][865]LogFileHelpers: Editor autosave (incl. sublevels) for all levels took 3.715
[2017.09.25-19.16.16:849][865]OBJ SavePackage: Generating thumbnails for [0] asset(s) in package [/Game/Blueprint/AI/EnemyBT] ([1] browsable assets)...
[2017.09.25-19.16.16:849][865]OBJ SavePackage: Finished generating thumbnails for package [/Game/Blueprint/AI/EnemyBT]
[2017.09.25-19.16.16:880][865]LogSavePackage: Save=18.08ms
[2017.09.25-19.16.16:880][865]LogSavePackage: Moving '../../../../../../Users/chong/OneDrive/Documents/GitHub/FYP_DumbTesting/Meeting/Saved/EnemyBT_Auto402F9ED0E46CCCCA05CD6C9BF7494DF4E.tmp' to '../../../../../../Users/chong/OneDrive/Documents/GitHub/FYP_DumbTesting/Meeting/Saved/Autosaves/Game/Blueprint/AI/EnemyBT_Auto4.uasset'
[2017.09.25-19.16.16:882][865]LogSavePackage:Display: Finished SavePackage ../../../../../../Users/chong/OneDrive/Documents/GitHub/FYP_DumbTesting/Meeting/Saved/Autosaves/Game/Blueprint/AI/EnemyBT_Auto4.uasset
[2017.09.25-19.16.16:882][865]OBJ SavePackage: Generating thumbnails for [0] asset(s) in package [/Game/Blueprint/AI/EnemyBB] ([1] browsable assets)...
[2017.09.25-19.16.16:882][865]OBJ SavePackage: Finished generating thumbnails for package [/Game/Blueprint/AI/EnemyBB]
[2017.09.25-19.16.16:897][865]LogSavePackage: Save=6.19ms
[2017.09.25-19.16.16:897][865]LogSavePackage: Moving '../../../../../../Users/chong/OneDrive/Documents/GitHub/FYP_DumbTesting/Meeting/Saved/EnemyBB_Auto45296844D4918EAA5D0E2F8A5608701D2.tmp' to '../../../../../../Users/chong/OneDrive/Documents/GitHub/FYP_DumbTesting/Meeting/Saved/Autosaves/Game/Blueprint/AI/EnemyBB_Auto4.uasset'
[2017.09.25-19.16.16:900][865]LogSavePackage:Display: Finished SavePackage ../../../../../../Users/chong/OneDrive/Documents/GitHub/FYP_DumbTesting/Meeting/Saved/Autosaves/Game/Blueprint/AI/EnemyBB_Auto4.uasset
[2017.09.25-19.16.16:900][865]LogFileHelpers: Auto-saving content packages took 0.051
[2017.09.25-19.20.21:790][685]Cmd: OBJ SAVEPACKAGE PACKAGE="/Game/Blueprint/AI/EnemyBT" FILE="../../../../../../Users/chong/OneDrive/Documents/GitHub/FYP_DumbTesting/Meeting/Content/Blueprint/AI/EnemyBT.uasset" SILENT=true
[2017.09.25-19.20.21:815][685]LogSavePackage: Save=17.48ms
[2017.09.25-19.20.21:816][685]LogSavePackage: Moving '../../../../../../Users/chong/OneDrive/Documents/GitHub/FYP_DumbTesting/Meeting/Saved/EnemyBT2BBCF2B64AD98861B76AA8BCC48605E0.tmp' to '../../../../../../Users/chong/OneDrive/Documents/GitHub/FYP_DumbTesting/Meeting/Content/Blueprint/AI/EnemyBT.uasset'
[2017.09.25-19.20.21:822][685]LogSavePackage:Display: Finished SavePackage ../../../../../../Users/chong/OneDrive/Documents/GitHub/FYP_DumbTesting/Meeting/Content/Blueprint/AI/EnemyBT.uasset
[2017.09.25-19.20.21:825][685]Cmd: OBJ SAVEPACKAGE PACKAGE="/Game/Blueprint/AI/EnemyBB" FILE="../../../../../../Users/chong/OneDrive/Documents/GitHub/FYP_DumbTesting/Meeting/Content/Blueprint/AI/EnemyBB.uasset" SILENT=true
[2017.09.25-19.20.21:900][685]LogSavePackage: Save=68.79ms
[2017.09.25-19.20.21:900][685]LogSavePackage: Moving '../../../../../../Users/chong/OneDrive/Documents/GitHub/FYP_DumbTesting/Meeting/Saved/EnemyBB187C0B834323CDED4BC3019A96BEAD82.tmp' to '../../../../../../Users/chong/OneDrive/Documents/GitHub/FYP_DumbTesting/Meeting/Content/Blueprint/AI/EnemyBB.uasset'
[2017.09.25-19.20.21:907][685]LogSavePackage:Display: Finished SavePackage ../../../../../../Users/chong/OneDrive/Documents/GitHub/FYP_DumbTesting/Meeting/Content/Blueprint/AI/EnemyBB.uasset
[2017.09.25-19.20.36:721][548]BlueprintLog: New page: Compile EnemyChracter_BP
[2017.09.25-19.20.37:664][570]LogSavePackage: Save=79.65ms
[2017.09.25-19.20.37:664][570]LogSavePackage: Moving '../../../../../../Users/chong/OneDrive/Documents/GitHub/FYP_DumbTesting/Meeting/Saved/EnemyChracter_BPB6935CE4477BFD7D0CF6A8B994BD11CF.tmp' to '../../../../../../Users/chong/OneDrive/Documents/GitHub/FYP_DumbTesting/Meeting/Content/Blueprint/AI/EnemyChracter_BP.uasset'
[2017.09.25-19.20.37:668][570]LogSavePackage:Display: Finished SavePackage ../../../../../../Users/chong/OneDrive/Documents/GitHub/FYP_DumbTesting/Meeting/Content/Blueprint/AI/EnemyChracter_BP.uasset
[2017.09.25-19.20.51:312][ 97]LogSavePackage: Save=3233.17ms
[2017.09.25-19.20.51:312][ 97]LogSavePackage: Moving '../../../../../../Users/chong/OneDrive/Documents/GitHub/FYP_DumbTesting/Meeting/Saved/MockUp_Map62C123A74CEC4D73BC1F6CBD4232BB07.tmp' to '../../../../../../Users/chong/OneDrive/Documents/GitHub/FYP_DumbTesting/Meeting/Content/ThirdPersonBP/Maps/MockUp_Map.umap'
[2017.09.25-19.20.51:318][ 97]LogSavePackage:Display: Finished SavePackage ../../../../../../Users/chong/OneDrive/Documents/GitHub/FYP_DumbTesting/Meeting/Content/ThirdPersonBP/Maps/MockUp_Map.umap
[2017.09.25-19.20.51:396][ 97]LogFileHelpers: Saving map 'MockUp_Map' took 3.486
[2017.09.25-19.21.03:567][804]LogActorComponent: UnregisterComponent: (/Engine/Transient.EditorFloorComp) Not registered. Aborting.
[2017.09.25-19.21.03:627][804]LogWindowsTextInputMethodSystem:Display: IME system now deactivated.
[2017.09.25-19.21.03:941][805]Cmd: QUIT_EDITOR
[2017.09.25-19.21.04:186][805]LogExit: Preparing to exit.
[2017.09.25-19.21.05:027][805]LogDirectoryWatcher: A directory notification for 'C:/Users/chong/OneDrive/Documents/GitHub/FYP_DumbTesting/Meeting/Content/' was aborted.
[2017.09.25-19.21.05:414][805]LogExit: Editor shut down
[2017.09.25-19.21.05:416][805]LogExit: Transaction tracking system shut down
[2017.09.25-19.21.07:576][805]LogObj: Freed 0b from 0 cluster array pools.
[2017.09.25-19.21.07:576][805]LogExit: Object subsystem successfully closed.
[2017.09.25-19.21.07:735][805]LogD3D11RHI: Shutdown
[2017.09.25-19.21.07:735][805]LogD3D11RHI: CleanupD3DDevice
[2017.09.25-19.21.07:925][805]LogD3D11RHI: ~FD3D11DynamicRHI
[2017.09.25-19.21.08:426][805]LogModuleManager: Shutting down and abandoning module BlueprintGraph (504)
[2017.09.25-19.21.08:426][805]LogModuleManager: Shutting down and abandoning module BlueprintProfiler (502)
[2017.09.25-19.21.08:426][805]LogModuleManager: Shutting down and abandoning module HierarchicalLODOutliner (500)
[2017.09.25-19.21.08:426][805]LogModuleManager: Shutting down and abandoning module CrashTracker (498)
[2017.09.25-19.21.08:426][805]LogModuleManager: Shutting down and abandoning module SceneOutliner (496)
[2017.09.25-19.21.08:426][805]LogModuleManager: Shutting down and abandoning module AddContentDialog (494)
[2017.09.25-19.21.08:427][805]LogDirectoryWatcher: A directory notification for 'C:/Program Files/Epic Games/UE_4.15/FeaturePacks/' was aborted.
[2017.09.25-19.21.08:432][805]LogModuleManager: Shutting down and abandoning module WidgetCarousel (493)
[2017.09.25-19.21.08:432][805]LogModuleManager: Shutting down and abandoning module EditorWidgets (490)
[2017.09.25-19.21.08:432][805]LogModuleManager: Shutting down and abandoning module CollectionManager (488)
[2017.09.25-19.21.08:433][805]LogDirectoryWatcher: A directory notification for 'C:/Users/chong/OneDrive/Documents/GitHub/FYP_DumbTesting/Meeting/Content/Collections/' was aborted.
[2017.09.25-19.21.08:433][805]LogDirectoryWatcher: A directory notification for 'C:/Users/chong/OneDrive/Documents/GitHub/FYP_DumbTesting/Meeting/Content/Developers/chong/Collections/' was aborted.
[2017.09.25-19.21.08:433][805]LogDirectoryWatcher: A directory notification for 'C:/Users/chong/OneDrive/Documents/GitHub/FYP_DumbTesting/Meeting/Saved/Collections/' was aborted.
[2017.09.25-19.21.08:433][805]LogModuleManager: Shutting down and abandoning module StatsViewer (486)
[2017.09.25-19.21.08:433][805]LogModuleManager: Shutting down and abandoning module FoliageEdit (484)
[2017.09.25-19.21.08:433][805]LogModuleManager: Shutting down and abandoning module LandscapeEditor (482)
[2017.09.25-19.21.08:440][805]LogModuleManager: Shutting down and abandoning module SceneDepthPickerMode (480)
[2017.09.25-19.21.08:440][805]LogModuleManager: Shutting down and abandoning module ActorPickerMode (478)
[2017.09.25-19.21.08:440][805]LogModuleManager: Shutting down and abandoning module GeometryMode (476)
[2017.09.25-19.21.08:440][805]LogModuleManager: Shutting down and abandoning module TextureAlignMode (474)
[2017.09.25-19.21.08:440][805]LogModuleManager: Shutting down and abandoning module BspMode (472)
[2017.09.25-19.21.08:449][805]LogModuleManager: Shutting down and abandoning module HardwareSurvey (470)
[2017.09.25-19.21.08:455][805]LogModuleManager: Shutting down and abandoning module SequenceRecorderSections (468)
[2017.09.25-19.21.08:466][805]LogModuleManager: Shutting down and abandoning module AutomationWorker (466)
[2017.09.25-19.21.08:471][805]LogModuleManager: Shutting down and abandoning module MatineeToLevelSequence (464)
[2017.09.25-19.21.08:471][805]LogModuleManager: Shutting down and abandoning module LevelSequenceEditor (462)
[2017.09.25-19.21.08:495][805]LogModuleManager: Shutting down and abandoning module PlacementMode (461)
[2017.09.25-19.21.08:495][805]LogModuleManager: Shutting down and abandoning module WmfMediaFactory (458)
[2017.09.25-19.21.08:495][805]LogModuleManager: Shutting down and abandoning module WmfMediaEditor (456)
[2017.09.25-19.21.08:495][805]LogModuleManager: Shutting down and abandoning module MfMediaFactory (454)
[2017.09.25-19.21.08:495][805]LogModuleManager: Shutting down and abandoning module MfMediaEditor (452)
[2017.09.25-19.21.08:495][805]LogModuleManager: Shutting down and abandoning module AvfMediaFactory (450)
[2017.09.25-19.21.08:495][805]LogModuleManager: Shutting down and abandoning module AvfMediaEditor (448)
[2017.09.25-19.21.08:495][805]LogModuleManager: Shutting down and abandoning module AndroidMediaFactory (446)
[2017.09.25-19.21.08:495][805]LogModuleManager: Shutting down and abandoning module Media (445)
[2017.09.25-19.21.08:495][805]LogModuleManager: Shutting down and abandoning module AndroidMediaEditor (442)
[2017.09.25-19.21.08:495][805]LogModuleManager: Shutting down and abandoning module CharacterAI (440)
[2017.09.25-19.21.08:495][805]LogModuleManager: Shutting down and abandoning module AudioCapture (438)
[2017.09.25-19.21.08:495][805]LogModuleManager: Shutting down and abandoning module SequenceRecorder (437)
[2017.09.25-19.21.08:521][805]LogModuleManager: Shutting down and abandoning module SmartSnapping (434)
[2017.09.25-19.21.08:521][805]LogModuleManager: Shutting down and abandoning module SessionServices (432)
[2017.09.25-19.21.08:521][805]LogModuleManager: Shutting down and abandoning module ViewportSnapping (430)
[2017.09.25-19.21.08:521][805]LogModuleManager: Shutting down and abandoning module ViewportInteraction (428)
[2017.09.25-19.21.08:522][805]LogModuleManager: Shutting down and abandoning module LogVisualizer (426)
[2017.09.25-19.21.08:534][805]LogModuleManager: Shutting down and abandoning module IntroTutorials (424)
[2017.09.25-19.21.08:534][805]LogModuleManager: Shutting down and abandoning module GameProjectGeneration (423)
[2017.09.25-19.21.08:544][805]LogModuleManager: Shutting down and abandoning module EditorLiveStreaming (420)
[2017.09.25-19.21.08:544][805]LogModuleManager: Shutting down and abandoning module IOSPlatformEditor (418)
[2017.09.25-19.21.08:544][805]LogModuleManager: Shutting down and abandoning module HTML5PlatformEditor (416)
[2017.09.25-19.21.08:544][805]LogModuleManager: Shutting down and abandoning module AndroidPlatformEditor (414)
[2017.09.25-19.21.08:544][805]LogModuleManager: Shutting down and abandoning module AndroidDeviceDetection (413)
[2017.09.25-19.21.09:263][805]LogModuleManager: Shutting down and abandoning module IOSRuntimeSettings (410)
[2017.09.25-19.21.09:263][805]LogModuleManager: Shutting down and abandoning module AndroidRuntimeSettings (408)
[2017.09.25-19.21.09:263][805]LogModuleManager: Shutting down and abandoning module InputBindingEditor (406)
[2017.09.25-19.21.09:267][805]LogModuleManager: Shutting down and abandoning module NiagaraEditor (404)
[2017.09.25-19.21.09:311][805]LogModuleManager: Shutting down and abandoning module MergeActors (402)
[2017.09.25-19.21.09:330][805]LogModuleManager: Shutting down and abandoning module SizeMap (400)
[2017.09.25-19.21.09:337][805]LogModuleManager: Shutting down and abandoning module TreeMap (398)
[2017.09.25-19.21.09:355][805]LogModuleManager: Shutting down and abandoning module ReferenceViewer (396)
[2017.09.25-19.21.09:355][805]LogModuleManager: Shutting down and abandoning module LocalizationDashboard (394)
[2017.09.25-19.21.09:365][805]LogModuleManager: Shutting down and abandoning module LocalizationService (393)
[2017.09.25-19.21.09:376][805]LogModuleManager: Shutting down and abandoning module HardwareTargeting (390)
[2017.09.25-19.21.09:376][805]LogModuleManager: Shutting down and abandoning module DeviceProfileEditor (388)
[2017.09.25-19.21.09:387][805]LogModuleManager: Shutting down and abandoning module UndoHistory (386)
[2017.09.25-19.21.09:393][805]LogModuleManager: Shutting down and abandoning module UserFeedback (384)
[2017.09.25-19.21.09:393][805]LogModuleManager: Shutting down and abandoning module XmlParser (382)
[2017.09.25-19.21.09:404][805]LogModuleManager: Shutting down and abandoning module Blutility (380)
[2017.09.25-19.21.09:413][805]LogModuleManager: Shutting down and abandoning module ProjectSettingsViewer (378)
[2017.09.25-19.21.09:413][805]LogModuleManager: Shutting down and abandoning module ProjectTargetPlatformEditor (377)
[2017.09.25-19.21.09:414][805]LogModuleManager: Shutting down and abandoning module EditorSettingsViewer (374)
[2017.09.25-19.21.09:414][805]LogModuleManager: Shutting down and abandoning module SettingsEditor (372)
[2017.09.25-19.21.09:425][805]LogModuleManager: Shutting down and abandoning module ProjectLauncher (370)
[2017.09.25-19.21.09:439][805]LogModuleManager: Shutting down and abandoning module SessionFrontend (368)
[2017.09.25-19.21.09:448][805]LogModuleManager: Shutting down and abandoning module ProfilerClient (366)
[2017.09.25-19.21.09:458][805]LogModuleManager: Shutting down and abandoning module DeviceManager (364)
[2017.09.25-19.21.09:469][805]LogModuleManager: Shutting down and abandoning module TargetDeviceServices (363)
[2017.09.25-19.21.09:515][805]LogModuleManager: Shutting down and abandoning module AutomationController (360)
[2017.09.25-19.21.09:524][805]LogModuleManager: Shutting down and abandoning module AutomationWindow (358)
[2017.09.25-19.21.09:548][805]LogModuleManager: Shutting down and abandoning module Layers (356)
[2017.09.25-19.21.09:567][805]LogModuleManager: Shutting down and abandoning module ComponentVisualizers (354)
[2017.09.25-19.21.09:568][805]LogModuleManager: Shutting down and abandoning module DetailCustomizations (352)
[2017.09.25-19.21.09:589][805]LogModuleManager: Shutting down and abandoning module PackagesDialog (350)
[2017.09.25-19.21.09:590][805]LogModuleManager: Shutting down and abandoning module Persona (348)
[2017.09.25-19.21.09:606][805]LogModuleManager: Shutting down and abandoning module AnimGraph (347)
[2017.09.25-19.21.09:606][805]LogModuleManager: Shutting down and abandoning module Kismet (344)
[2017.09.25-19.21.09:641][805]LogModuleManager: Shutting down and abandoning module GraphEditor (342)
[2017.09.25-19.21.09:641][805]LogModuleManager: Shutting down and abandoning module ClassViewer (340)
[2017.09.25-19.21.09:645][805]LogModuleManager: Shutting down and abandoning module Toolbox (338)
[2017.09.25-19.21.09:645][805]LogModuleManager: Shutting down and abandoning module ModuleUI (336)
[2017.09.25-19.21.09:653][805]LogModuleManager: Shutting down and abandoning module MovieSceneTools (334)
[2017.09.25-19.21.09:662][805]LogModuleManager: Shutting down and abandoning module OutputLog (332)
[2017.09.25-19.21.09:662][805]LogModuleManager: Shutting down and abandoning module GammaUI (330)
[2017.09.25-19.21.09:671][805]LogModuleManager: Shutting down and abandoning module Documentation (328)
[2017.09.25-19.21.09:671][805]LogModuleManager: Shutting down and abandoning module Niagara (326)
[2017.09.25-19.21.09:671][805]LogModuleManager: Shutting down and abandoning module StreamingPauseRendering (324)
[2017.09.25-19.21.09:671][805]LogModuleManager: Shutting down and abandoning module AnalyticsET (322)
[2017.09.25-19.21.09:671][805]LogModuleManager: Shutting down and abandoning module PortalServices (320)
[2017.09.25-19.21.09:671][805]LogModuleManager: Shutting down and abandoning module PortalRpc (318)
[2017.09.25-19.21.09:671][805]LogModuleManager: Shutting down and abandoning module MessagingRpc (316)
[2017.09.25-19.21.09:671][805]LogModuleManager: Shutting down and abandoning module AIModule (314)
[2017.09.25-19.21.09:671][805]LogModuleManager: Shutting down and abandoning module GameplayDebugger (313)
[2017.09.25-19.21.09:671][805]LogModuleManager: Shutting down and abandoning module AITestSuite (311)
[2017.09.25-19.21.09:671][805]LogModuleManager: Shutting down and abandoning module ProfilerService (308)
[2017.09.25-19.21.09:885][805]LogModuleManager: Shutting down and abandoning module TaskGraph (306)
[2017.09.25-19.21.09:901][805]LogModuleManager: Shutting down and abandoning module SteamVRController (304)
[2017.09.25-19.21.09:901][805]LogModuleManager: Shutting down and abandoning module SteamVR (302)
[2017.09.25-19.21.09:902][805]LogModuleManager: Shutting down and abandoning module ProceduralMeshComponentEditor (300)
[2017.09.25-19.21.09:902][805]LogModuleManager: Shutting down and abandoning module ProceduralMeshComponent (298)
[2017.09.25-19.21.09:902][805]LogModuleManager: Shutting down and abandoning module OculusLibrary (296)
[2017.09.25-19.21.09:902][805]LogModuleManager: Shutting down and abandoning module OculusInput (294)
[2017.09.25-19.21.09:902][805]LogModuleManager: Shutting down and abandoning module MobilePatchingUtils (292)
[2017.09.25-19.21.09:902][805]LogModuleManager: Shutting down and abandoning module CustomMeshComponent (290)
[2017.09.25-19.21.09:902][805]LogModuleManager: Shutting down and abandoning module CableComponent (288)
[2017.09.25-19.21.09:902][805]LogModuleManager: Shutting down and abandoning module ArchVisCharacter (286)
[2017.09.25-19.21.09:902][805]LogModuleManager: Shutting down and abandoning module MediaPlayerEditor (282)
[2017.09.25-19.21.09:918][805]LogModuleManager: Shutting down and abandoning module HTML5Networking (280)
[2017.09.25-19.21.09:918][805]LogModuleManager: Shutting down and abandoning module AlembicImporter (278)
[2017.09.25-19.21.09:930][805]LogModuleManager: Shutting down and abandoning module AlembicLibrary (277)
[2017.09.25-19.21.09:930][805]LogModuleManager: Shutting down and abandoning module GeometryCache (276)
[2017.09.25-19.21.09:930][805]LogModuleManager: Shutting down and abandoning module GeometryCacheEd (275)
[2017.09.25-19.21.09:930][805]LogModuleManager: Shutting down and abandoning module SuperSearchEditor (270)
[2017.09.25-19.21.09:930][805]LogModuleManager: Shutting down and abandoning module SuperSearch (269)
[2017.09.25-19.21.09:930][805]LogModuleManager: Shutting down and abandoning module SpeedTreeImporter (266)
[2017.09.25-19.21.09:930][805]LogModuleManager: Shutting down and abandoning module PluginBrowser (264)
[2017.09.25-19.21.09:945][805]LogModuleManager: Shutting down and abandoning module MobileLauncherProfileWizard (262)
[2017.09.25-19.21.09:956][805]LogModuleManager: Shutting down and abandoning module EpicSurvey (260)
[2017.09.25-19.21.09:956][805]LogModuleManager: Shutting down and abandoning module VisualStudioSourceCodeAccess (258)
[2017.09.25-19.21.09:956][805]LogModuleManager: Shutting down and abandoning module DesktopPlatform (257)
[2017.09.25-19.21.09:967][805]LogModuleManager: Shutting down and abandoning module UObjectPlugin (254)
[2017.09.25-19.21.09:967][805]LogModuleManager: Shutting down and abandoning module SubversionSourceControl (252)
[2017.09.25-19.21.09:972][805]LogModuleManager: Shutting down and abandoning module PerforceSourceControl (250)
[2017.09.25-19.21.09:985][805]LogModuleManager: Shutting down and abandoning module GitSourceControl (248)
[2017.09.25-19.21.09:997][805]LogModuleManager: Shutting down and abandoning module SourceControl (247)
[2017.09.25-19.21.10:003][805]LogModuleManager: Shutting down and abandoning module LightPropagationVolumeEditor (244)
[2017.09.25-19.21.10:003][805]LogModuleManager: Shutting down and abandoning module PaperTiledImporter (242)
[2017.09.25-19.21.10:003][805]LogModuleManager: Shutting down and abandoning module PaperSpriteSheetImporter (240)
[2017.09.25-19.21.10:003][805]LogModuleManager: Shutting down and abandoning module Paper2DEditor (238)
[2017.09.25-19.21.10:026][805]LogModuleManager: Shutting down and abandoning module MeshPaint (237)
[2017.09.25-19.21.10:036][805]LogModuleManager: Shutting down and abandoning module LevelEditor (235)
[2017.09.25-19.21.10:041][805]LogModuleManager: Shutting down and abandoning module PixelInspectorModule (234)
[2017.09.25-19.21.10:069][805]LogModuleManager: Shutting down and abandoning module MainFrame (232)
[2017.09.25-19.21.10:069][805]LogModuleManager: Shutting down and abandoning module HotReload (231)
[2017.09.25-19.21.10:076][805]LogDirectoryWatcher: A directory notification for 'C:/Users/chong/OneDrive/Documents/GitHub/FYP_DumbTesting/Meeting/Binaries/Win64' was aborted.
[2017.09.25-19.21.10:078][805]LogModuleManager: Shutting down and abandoning module ContentBrowser (227)
[2017.09.25-19.21.10:083][805]LogModuleManager: Shutting down and abandoning module Meeting (224)
[2017.09.25-19.21.10:083][805]LogModuleManager: Shutting down and abandoning module PhysXVehiclesEditor (222)
[2017.09.25-19.21.10:093][805]LogModuleManager: Shutting down and abandoning module PhysXVehicles (220)
[2017.09.25-19.21.10:094][805]LogModuleManager: Shutting down and abandoning module LocationServicesBPLibrary (218)
[2017.09.25-19.21.10:094][805]LogModuleManager: Shutting down and abandoning module UdpMessaging (216)
[2017.09.25-19.21.10:194][805]LogModuleManager: Shutting down and abandoning module TcpMessaging (214)
[2017.09.25-19.21.10:300][805]LogModuleManager: Shutting down and abandoning module GameplayTagsEditor (212)
[2017.09.25-19.21.10:300][805]LogModuleManager: Shutting down and abandoning module FacialAnimationEditor (210)
[2017.09.25-19.21.10:310][805]LogModuleManager: Shutting down and abandoning module FacialAnimation (208)
[2017.09.25-19.21.10:310][805]LogModuleManager: Shutting down and abandoning module LightPropagationVolumeRuntime (206)
[2017.09.25-19.21.10:310][805]LogModuleManager: Shutting down and abandoning module Paper2D (204)
[2017.09.25-19.21.10:320][805]LogModuleManager: Shutting down and abandoning module WindowsMoviePlayer (202)
[2017.09.25-19.21.10:321][805]LogModuleManager: Shutting down and abandoning module WmfMedia (200)
[2017.09.25-19.21.10:321][805]LogModuleManager: Shutting down and abandoning module MfMedia (198)
[2017.09.25-19.21.10:321][805]LogModuleManager: Shutting down and abandoning module MediaAssets (196)
[2017.09.25-19.21.10:321][805]LogModuleManager: Shutting down and abandoning module GameLiveStreaming (194)
[2017.09.25-19.21.10:321][805]LogModuleManager: Shutting down and abandoning module VREditor (192)
[2017.09.25-19.21.10:321][805]LogModuleManager: Shutting down and abandoning module GameplayTasksEditor (190)
[2017.09.25-19.21.10:322][805]LogModuleManager: Shutting down and abandoning module BehaviorTreeEditor (188)
[2017.09.25-19.21.10:322][805]LogModuleManager: Shutting down and abandoning module FunctionalTesting (186)
[2017.09.25-19.21.10:329][805]LogModuleManager: Shutting down and abandoning module CollisionAnalyzer (184)
[2017.09.25-19.21.10:340][805]LogModuleManager: Shutting down and abandoning module UMG (182)
[2017.09.25-19.21.10:351][805]LogModuleManager: Shutting down and abandoning module UMGEditor (181)
[2017.09.25-19.21.10:380][805]LogModuleManager: Shutting down and abandoning module Sequencer (180)
[2017.09.25-19.21.10:399][805]LogModuleManager: Shutting down and abandoning module AssetTools (178)
[2017.09.25-19.21.10:420][805]LogModuleManager: Shutting down and abandoning module MessageLog (177)
[2017.09.25-19.21.10:420][805]LogModuleManager: Shutting down and abandoning module WorkspaceMenuStructure (176)
[2017.09.25-19.21.10:420][805]LogModuleManager: Shutting down and abandoning module SlateReflector (170)
[2017.09.25-19.21.10:456][805]LogModuleManager: Shutting down and abandoning module Slate (168)
[2017.09.25-19.21.10:456][805]LogModuleManager: Shutting down and abandoning module EditorStyle (166)
[2017.09.25-19.21.10:460][805]LogModuleManager: Shutting down and abandoning module SourceCodeAccess (164)
[2017.09.25-19.21.10:470][805]LogModuleManager: Shutting down and abandoning module HeadMountedDisplay (162)
[2017.09.25-19.21.10:470][805]LogModuleManager: Shutting down and abandoning module XAudio2 (160)
[2017.09.25-19.21.10:470][805]LogModuleManager: Shutting down and abandoning module Networking (158)
[2017.09.25-19.21.10:470][805]LogModuleManager: Shutting down and abandoning module Core (154)
[2017.09.25-19.21.10:470][805]LogModuleManager: Shutting down and abandoning module AssetRegistry (152)
[2017.09.25-19.21.10:744][805]LogDirectoryWatcher: A directory notification for '../../../Engine/Content/' was aborted.
[2017.09.25-19.21.10:744][805]LogDirectoryWatcher: A directory notification for '../../../../../../Users/chong/OneDrive/Documents/GitHub/FYP_DumbTesting/Meeting/Content/' was aborted.
[2017.09.25-19.21.10:744][805]LogDirectoryWatcher: A directory notification for '../../../Engine/Plugins/2D/Paper2D/Content/' was aborted.
[2017.09.25-19.21.10:757][805]LogModuleManager: Shutting down and abandoning module DirectoryWatcher (151)
[2017.09.25-19.21.10:763][805]LogModuleManager: Shutting down and abandoning module KismetCompiler (148)
[2017.09.25-19.21.10:763][805]LogModuleManager: Shutting down and abandoning module PhysXFormats (146)
[2017.09.25-19.21.10:763][805]LogModuleManager: Shutting down and abandoning module MeshUtilities (144)
[2017.09.25-19.21.10:780][805]LogModuleManager: Shutting down and abandoning module SimplygonSwarm (143)
[2017.09.25-19.21.10:810][805]LogModuleManager: Shutting down and abandoning module SimplygonMeshReduction (141)
[2017.09.25-19.21.10:810][805]LogModuleManager: Shutting down and abandoning module QuadricMeshReduction (139)
[2017.09.25-19.21.10:810][805]LogModuleManager: Shutting down and abandoning module PropertyEditor (137)
[2017.09.25-19.21.10:810][805]LogModuleManager: Shutting down and abandoning module DerivedDataCache (134)
[2017.09.25-19.21.10:894][805]LogDerivedDataCache: Shutdown
[2017.09.25-19.21.10:894][805]LogModuleManager: Shutting down and abandoning module TargetPlatform (132)
[2017.09.25-19.21.10:895][805]LogModuleManager: Shutting down and abandoning module VulkanShaderFormat (131)
[2017.09.25-19.21.10:902][805]LogModuleManager: Shutting down and abandoning module ShaderFormatOpenGL (129)
[2017.09.25-19.21.10:915][805]LogModuleManager: Shutting down and abandoning module ShaderFormatD3D (127)
[2017.09.25-19.21.10:915][805]LogModuleManager: Shutting down and abandoning module MetalShaderFormat (125)
[2017.09.25-19.21.10:927][805]LogModuleManager: Shutting down and abandoning module TextureFormatUncompressed (123)
[2017.09.25-19.21.10:927][805]LogModuleManager: Shutting down and abandoning module TextureFormatPVR (121)
[2017.09.25-19.21.10:927][805]LogModuleManager: Shutting down and abandoning module TextureFormatDXT (119)
[2017.09.25-19.21.10:927][805]LogModuleManager: Shutting down and abandoning module TextureFormatIntelISPCTexComp (117)
[2017.09.25-19.21.10:933][805]LogModuleManager: Shutting down and abandoning module TextureFormatASTC (115)
[2017.09.25-19.21.10:933][805]LogModuleManager: Shutting down and abandoning module ImageWrapper (114)
[2017.09.25-19.21.10:933][805]LogModuleManager: Shutting down and abandoning module TextureFormatAndroid (111)
[2017.09.25-19.21.10:933][805]LogModuleManager: Shutting down and abandoning module AudioFormatOpus (109)
[2017.09.25-19.21.10:938][805]LogModuleManager: Shutting down and abandoning module AudioFormatOgg (107)
[2017.09.25-19.21.10:938][805]LogModuleManager: Shutting down and abandoning module AudioFormatADPCM (105)
[2017.09.25-19.21.10:938][805]LogModuleManager: Shutting down and abandoning module LinuxTargetPlatform (103)
[2017.09.25-19.21.10:938][805]LogModuleManager: Shutting down and abandoning module LinuxServerTargetPlatform (101)
[2017.09.25-19.21.10:938][805]LogModuleManager: Shutting down and abandoning module LinuxNoEditorTargetPlatform (99)
[2017.09.25-19.21.10:938][805]LogModuleManager: Shutting down and abandoning module LinuxClientTargetPlatform (97)
[2017.09.25-19.21.10:938][805]LogModuleManager: Shutting down and abandoning module TVOSTargetPlatform (95)
[2017.09.25-19.21.10:939][805]LogModuleManager: Shutting down and abandoning module Messaging (93)
[2017.09.25-19.21.10:939][805]LogModuleManager: Shutting down and abandoning module IOSTargetPlatform (91)
[2017.09.25-19.21.10:939][805]LogModuleManager: Shutting down and abandoning module HTML5TargetPlatform (89)
[2017.09.25-19.21.10:939][805]LogModuleManager: Shutting down and abandoning module Android_PVRTCTargetPlatform (87)
[2017.09.25-19.21.10:939][805]LogModuleManager: Shutting down and abandoning module Android_MultiTargetPlatform (85)
[2017.09.25-19.21.10:939][805]LogModuleManager: Shutting down and abandoning module Android_ETC2TargetPlatform (83)
[2017.09.25-19.21.10:939][805]LogModuleManager: Shutting down and abandoning module Android_ETC1TargetPlatform (81)
[2017.09.25-19.21.10:939][805]LogModuleManager: Shutting down and abandoning module Android_DXTTargetPlatform (79)
[2017.09.25-19.21.10:939][805]LogModuleManager: Shutting down and abandoning module Android_ATCTargetPlatform (77)
[2017.09.25-19.21.10:939][805]LogModuleManager: Shutting down and abandoning module Android_ASTCTargetPlatform (75)
[2017.09.25-19.21.10:939][805]LogModuleManager: Shutting down and abandoning module AndroidTargetPlatform (73)
[2017.09.25-19.21.10:939][805]LogModuleManager: Shutting down and abandoning module WindowsTargetPlatform (71)
[2017.09.25-19.21.10:940][805]LogModuleManager: Shutting down and abandoning module WindowsServerTargetPlatform (69)
[2017.09.25-19.21.10:940][805]LogModuleManager: Shutting down and abandoning module WindowsNoEditorTargetPlatform (67)
[2017.09.25-19.21.10:940][805]LogModuleManager: Shutting down and abandoning module WindowsClientTargetPlatform (65)
[2017.09.25-19.21.10:940][805]LogModuleManager: Shutting down and abandoning module MacTargetPlatform (63)
[2017.09.25-19.21.10:941][805]LogModuleManager: Shutting down and abandoning module MacServerTargetPlatform (61)
[2017.09.25-19.21.10:941][805]LogModuleManager: Shutting down and abandoning module MacNoEditorTargetPlatform (59)
[2017.09.25-19.21.10:941][805]LogModuleManager: Shutting down and abandoning module MacClientTargetPlatform (57)
[2017.09.25-19.21.10:941][805]LogModuleManager: Shutting down and abandoning module AllDesktopTargetPlatform (55)
[2017.09.25-19.21.10:941][805]LogModuleManager: Shutting down and abandoning module InputCore (52)
[2017.09.25-19.21.10:941][805]LogModuleManager: Shutting down and abandoning module Settings (50)
[2017.09.25-19.21.10:942][805]LogModuleManager: Shutting down and abandoning module OculusRift (48)
[2017.09.25-19.21.10:967][805]LogModuleManager: Shutting down and abandoning module GearVR (46)
[2017.09.25-19.21.10:967][805]LogModuleManager: Shutting down and abandoning module ExampleDeviceProfileSelector (44)
[2017.09.25-19.21.10:967][805]LogModuleManager: Shutting down and abandoning module OnlineBlueprintSupport (42)
[2017.09.25-19.21.10:967][805]LogModuleManager: Shutting down and abandoning module OnlineSubsystem (38)
[2017.09.25-19.21.10:967][805]LogOnline:Display: Unloading online subsystem: NULL
[2017.09.25-19.21.10:977][805]LogModuleManager: Shutting down and abandoning module XMPP (37)
[2017.09.25-19.21.10:987][805]LogModuleManager: Shutting down and abandoning module HTTP (35)
[2017.09.25-19.21.10:987][805]LogHttp:Display: Http module shutting down, but needs to wait on 1 outstanding Http requests:
[2017.09.25-19.21.10:987][805]LogHttp:Display: 	verb=[POST] url=[https://datarouter.ol.epicgames.com/datarouter/api/v1/public/data?SessionID=%7BAB2CEF78-447B-1945-5CA2-87A417C75E42%7D&AppID=UEEditor.Rocket.Release&AppVersion=4.15.3-3450819%2B%2B%2BUE4%2BRelease-4.15&UserID=b99de09e4fd31c4d8810b7b27378685f%7Cd854f23f85534a6a958aa5db07b32c86%7Cc8e0bc57-2edb-4c06-a7cf-4ae6b98e3978&AppEnvironment=datacollector-binary&UploadType=eteventstream] status=Processing
[2017.09.25-19.21.11:015][805]LogModuleManager: Shutting down and abandoning module SSL (34)
[2017.09.25-19.21.11:021][805]LogModuleManager: Shutting down and abandoning module AudioEditor (30)
[2017.09.25-19.21.11:024][805]LogModuleManager: Shutting down and abandoning module TextureCompressor (28)
[2017.09.25-19.21.11:024][805]LogModuleManager: Shutting down and abandoning module ShaderCore (26)
[2017.09.25-19.21.11:024][805]LogModuleManager: Shutting down and abandoning module Landscape (24)
[2017.09.25-19.21.11:024][805]LogModuleManager: Shutting down and abandoning module SlateRHIRenderer (22)
[2017.09.25-19.21.11:079][805]LogModuleManager: Shutting down and abandoning module OpenGLDrv (20)
[2017.09.25-19.21.11:091][805]LogModuleManager: Shutting down and abandoning module D3D11RHI (18)
[2017.09.25-19.21.11:091][805]LogModuleManager: Shutting down and abandoning module AnimGraphRuntime (16)
[2017.09.25-19.21.11:091][805]LogModuleManager: Shutting down and abandoning module Renderer (14)
[2017.09.25-19.21.11:091][805]LogModuleManager: Shutting down and abandoning module Engine (12)
[2017.09.25-19.21.11:091][805]LogModuleManager: Shutting down and abandoning module CoreUObject (10)
[2017.09.25-19.21.11:091][805]LogModuleManager: Shutting down and abandoning module NetworkFile (8)
[2017.09.25-19.21.11:092][805]LogModuleManager: Shutting down and abandoning module StreamingFile (6)
[2017.09.25-19.21.11:092][805]LogModuleManager: Shutting down and abandoning module SandboxFile (4)
[2017.09.25-19.21.11:092][805]LogModuleManager: Shutting down and abandoning module PakFile (2)
[2017.09.25-19.21.11:113][805]LogExit: Exiting.
[2017.09.25-19.21.11:166][805]Log file closed, 09/26/17 03:21:11
