Log file open, 10/11/17 13:30:32
LogInit:Display: Running engine for game: Meeting
LogPlatformFile: Not using cached read wrapper
LogInit:Display: RandInit(1435456663) SRandInit(1435456663).
LogTaskGraph: Started task graph with 5 named threads and 8 total threads with 1 sets of task threads.
LogStats: Stats thread started at 0.083382
LogInit: Using libcurl 7.47.1
LogInit:  - built for x86_64-pc-win32
LogInit:  - supports SSL with OpenSSL/1.0.2g
LogInit:  - supports HTTP deflate (compression) using libz 1.2.8
LogInit:  - other features:
LogInit:      CURL_VERSION_SSL
LogInit:      CURL_VERSION_LIBZ
LogInit:      CURL_VERSION_IPV6
LogInit:      CURL_VERSION_ASYNCHDNS
LogInit:      CURL_VERSION_LARGEFILE
LogInit:      CURL_VERSION_IDN
LogInit:  CurlRequestOptions (configurable via config and command line):
LogInit:  - bVerifyPeer = false  - Libcurl will NOT verify peer certificate
LogInit:  - bUseHttpProxy = false  - Libcurl will NOT use HTTP proxy
LogInit:  - bDontReuseConnections = false  - Libcurl will reuse connections
LogInit:  - CertBundlePath = nullptr  - Libcurl will use whatever was configured at build time.
LogInit: Build: ++UE4+Release-4.15-CL-3450819
LogInit: Engine Version: 4.15.3-3450819+++UE4+Release-4.15
LogInit: Compatible Engine Version: 4.15.0-3299760+++UE4+Release-4.15
LogInit: Net CL: 3299760
LogDevObjectVersion: Number of dev versions registered: 14
LogDevObjectVersion:   Dev-Blueprints (B0D832E4-1F89-4F0D-ACCF-7EB736FD4AA2): 8
LogDevObjectVersion:   Dev-Build (E1C64328-A22C-4D53-A36C-8E866417BD8C): 0
LogDevObjectVersion:   Dev-Core (375EC13C-06E4-48FB-B500-84F0262A717E): 2
LogDevObjectVersion:   Dev-Editor (E4B068ED-F494-42E9-A231-DA0B2E46BB41): 14
LogDevObjectVersion:   Dev-Framework (CFFC743F-43B0-4480-9391-14DF171D2073): 22
LogDevObjectVersion:   Dev-Mobile (B02B49B5-BB20-44E9-A304-32B752E40360): 0
LogDevObjectVersion:   Dev-Networking (A4E4105C-59A1-49B5-A7C5-40C4547EDFEE): 0
LogDevObjectVersion:   Dev-Online (39C831C9-5AE6-47DC-9A44-9C173E1C8E7C): 0
LogDevObjectVersion:   Dev-Physics (78F01B33-EBEA-4F98-B9B4-84EACCB95AA2): 0
LogDevObjectVersion:   Dev-Platform (6631380F-2D4D-43E0-8009-CF276956A95A): 0
LogDevObjectVersion:   Dev-Rendering (12F88B9F-8875-4AFC-A67C-D90C383ABD29): 12
LogDevObjectVersion:   Dev-Sequencer (7B5AE74C-D270-4C10-A958-57980B212A5A): 3
LogDevObjectVersion:   Dev-VR (D7296918-1DD6-4BDD-9DE2-64A83CC13884): 0
LogDevObjectVersion:   Dev-LoadTimes (C2A15278-BFE7-4AFE-6C17-90FF531DF755): 1
LogInit: Compiled (64-bit): May 21 2017 11:02:34
LogInit: Compiled with Visual C++: 19.00.23026.00
LogInit: Build Configuration: Development
LogInit: Branch Name: ++UE4+Release-4.15
LogInit: Command line:  
LogInit: Base directory: C:/Program Files/Epic Games/UE_4.15/Engine/Binaries/Win64/
LogInit: Installed Engine Build: 1
LogInit: Presizing for max 8388607 objects, including 0 objects not considered by GC, pre-allocating 0 bytes for permanent pool.
LogInit: Object subsystem initialized
[2017.10.11-05.30.33:145][  0]LogInit: Selected Device Profile: [Windows]
[2017.10.11-05.30.33:145][  0]LogInit: Applying CVar settings loaded from the selected device profile: [Windows]
[2017.10.11-05.30.33:194][  0]LogInit: Computer: USER
[2017.10.11-05.30.33:194][  0]LogInit: User: Uses
[2017.10.11-05.30.33:194][  0]LogInit: CPU Page size=65536, Cores=4
[2017.10.11-05.30.33:194][  0]LogInit: High frequency timer resolution =3.320311 MHz
[2017.10.11-05.30.33:194][  0]LogMemory: Memory total: Physical=15.9GB (16GB approx)
[2017.10.11-05.30.33:194][  0]LogMemory: Platform Memory Stats for Windows
[2017.10.11-05.30.33:194][  0]LogMemory: Process Physical Memory: 272.22 MB used, 272.22 MB peak
[2017.10.11-05.30.33:194][  0]LogMemory: Process Virtual Memory: 268.38 MB used, 268.38 MB peak
[2017.10.11-05.30.33:194][  0]LogMemory: Physical Memory: 9737.61 MB used,  6573.87 MB free, 16311.48 MB total
[2017.10.11-05.30.33:194][  0]LogMemory: Virtual Memory: 651.11 MB used,  6573.87 MB free, 134217728.00 MB total
[2017.10.11-05.30.33:398][  0]LogTextLocalizationManager: No specific translations for ('en-US') exist, so ('en') translations will be used.
[2017.10.11-05.30.37:678][  0]LogD3D11RHI: D3D11 adapters:
[2017.10.11-05.30.38:241][  0]LogD3D11RHI:    0. 'NVIDIA GeForce GTX 960' (Feature Level 11_0)
[2017.10.11-05.30.38:241][  0]LogD3D11RHI:       2016/0/8155 MB DedicatedVideo/DedicatedSystem/SharedSystem, Outputs:1, VendorId:0x10de
[2017.10.11-05.30.38:242][  0]LogD3D11RHI:    1. 'Microsoft Basic Render Driver' (Feature Level 11_0)
[2017.10.11-05.30.38:242][  0]LogD3D11RHI:       0/0/8155 MB DedicatedVideo/DedicatedSystem/SharedSystem, Outputs:0, VendorId:0x1414
[2017.10.11-05.30.38:242][  0]LogD3D11RHI: Chosen D3D11 Adapter: 0
[2017.10.11-05.30.38:252][  0]LogD3D11RHI: Creating new Direct3DDevice
[2017.10.11-05.30.38:252][  0]LogD3D11RHI:     GPU DeviceId: 0x1401 (for the marketing name, search the web for "GPU Device Id")
[2017.10.11-05.30.38:252][  0]LogWindows: EnumDisplayDevices:
[2017.10.11-05.30.38:252][  0]LogWindows:    0. 'NVIDIA GeForce GTX 960' (P:1 D:1)
[2017.10.11-05.30.38:252][  0]LogWindows:    1. 'NVIDIA GeForce GTX 960' (P:0 D:0)
[2017.10.11-05.30.38:252][  0]LogWindows:    2. 'NVIDIA GeForce GTX 960' (P:0 D:0)
[2017.10.11-05.30.38:252][  0]LogWindows:    3. 'NVIDIA GeForce GTX 960' (P:0 D:0)
[2017.10.11-05.30.38:252][  0]LogWindows: DebugString: FoundDriverCount:4 
[2017.10.11-05.30.38:252][  0]LogD3D11RHI:     Adapter Name: NVIDIA GeForce GTX 960
[2017.10.11-05.30.38:252][  0]LogD3D11RHI:   Driver Version: 385.41 (internal:22.21.13.8541, unified:385.41)
[2017.10.11-05.30.38:252][  0]LogD3D11RHI:      Driver Date: 8-21-2017
[2017.10.11-05.30.38:252][  0]LogRHI: Texture pool is 1361 MB (70% of 1945 MB)
[2017.10.11-05.30.38:797][  0]LogD3D11RHI: Async texture creation enabled
[2017.10.11-05.30.38:837][  0]LogD3D11RHI: GPU Timing Frequency: 1000.000000 (Debug: 2 1)
[2017.10.11-05.30.38:839][  0]LogShaderCompilers: Guid format shader working directory is -20 characters bigger than the processId version (../../../../../../Users/Uses/Desktop/FYP/FYP_DumbTesting/Meeting/Intermediate/Shaders/WorkingDirectory/46804/).
[2017.10.11-05.30.38:839][  0]LogShaderCompilers: Cleaned the shader compiler working directory 'C:/Users/Uses/AppData/Local/Temp/UnrealShaderWorkingDir/8BB3867A4A4B9B84CB1B9A8C676712B5/'.
[2017.10.11-05.30.38:839][  0]LogShaderCompilers:Display: Using Local Shader Compiler.
[2017.10.11-05.30.43:079][  0]LogTemp:Display: Loaded TP AllDesktopTargetPlatform
[2017.10.11-05.30.43:133][  0]LogTemp:Display: Loaded TP MacClientTargetPlatform
[2017.10.11-05.30.43:199][  0]LogTemp:Display: Loaded TP MacNoEditorTargetPlatform
[2017.10.11-05.30.43:250][  0]LogTemp:Display: Loaded TP MacServerTargetPlatform
[2017.10.11-05.30.43:326][  0]LogTemp:Display: Loaded TP MacTargetPlatform
[2017.10.11-05.30.43:381][  0]LogTemp:Display: Loaded TP WindowsClientTargetPlatform
[2017.10.11-05.30.43:439][  0]LogTemp:Display: Loaded TP WindowsNoEditorTargetPlatform
[2017.10.11-05.30.43:491][  0]LogTemp:Display: Loaded TP WindowsServerTargetPlatform
[2017.10.11-05.30.43:539][  0]LogTemp:Display: Loaded TP WindowsTargetPlatform
[2017.10.11-05.30.43:608][  0]LogTemp:Display: Loaded TP AndroidTargetPlatform
[2017.10.11-05.30.43:668][  0]LogTemp:Display: Loaded TP Android_ASTCTargetPlatform
[2017.10.11-05.30.43:725][  0]LogTemp:Display: Loaded TP Android_ATCTargetPlatform
[2017.10.11-05.30.43:794][  0]LogTemp:Display: Loaded TP Android_DXTTargetPlatform
[2017.10.11-05.30.43:856][  0]LogTemp:Display: Loaded TP Android_ETC1TargetPlatform
[2017.10.11-05.30.43:912][  0]LogTemp:Display: Loaded TP Android_ETC2TargetPlatform
[2017.10.11-05.30.44:053][  0]LogTemp:Display: Loaded TP Android_MultiTargetPlatform
[2017.10.11-05.30.44:053][  0]LogTemp:Display: Loaded TP Android_PVRTCTargetPlatform
[2017.10.11-05.30.44:095][  0]LogTemp:Display: Loaded TP HTML5TargetPlatform
[2017.10.11-05.30.44:195][  0]LogTemp:Display: Loaded TP IOSTargetPlatform
[2017.10.11-05.30.44:233][  0]LogTemp:Display: Loaded TP TVOSTargetPlatform
[2017.10.11-05.30.44:305][  0]LogTemp:Display: Loaded TP LinuxClientTargetPlatform
[2017.10.11-05.30.44:376][  0]LogTemp:Display: Loaded TP LinuxNoEditorTargetPlatform
[2017.10.11-05.30.44:438][  0]LogTemp:Display: Loaded TP LinuxServerTargetPlatform
[2017.10.11-05.30.44:521][  0]LogTemp:Display: Loaded TP LinuxTargetPlatform
[2017.10.11-05.30.44:521][  0]LogTargetPlatformManager:Display: Building Assets For Windows
[2017.10.11-05.30.45:196][  0]LogDerivedDataCache:Display: Max Cache Size: 512 MB
[2017.10.11-05.30.45:784][  0]LogDerivedDataCache: Loaded boot cache 0.59s 50MB C:/Users/Uses/AppData/Local/UnrealEngine/4.15/DerivedDataCache/Boot.ddc.
[2017.10.11-05.30.45:784][  0]LogDerivedDataCache:Display: Loaded Boot cache: C:/Users/Uses/AppData/Local/UnrealEngine/4.15/DerivedDataCache/Boot.ddc
[2017.10.11-05.30.45:784][  0]LogDerivedDataCache: FDerivedDataBackendGraph:  Pak pak cache file ../../../../../../Users/Uses/Desktop/FYP/FYP_DumbTesting/Meeting/DerivedDataCache/DDC.ddp not found, will not use a pak cache.
[2017.10.11-05.30.45:784][  0]LogDerivedDataCache: Unable to find inner node Pak for hierarchical cache Hierarchy.
[2017.10.11-05.30.45:784][  0]LogDerivedDataCache: FDerivedDataBackendGraph:  CompressedPak pak cache file ../../../../../../Users/Uses/Desktop/FYP/FYP_DumbTesting/Meeting/DerivedDataCache/Compressed.ddp not found, will not use a pak cache.
[2017.10.11-05.30.45:784][  0]LogDerivedDataCache: Unable to find inner node CompressedPak for hierarchical cache Hierarchy.
[2017.10.11-05.30.45:811][  0]LogDerivedDataCache:Display: Pak cache opened for reading ../../../Engine/DerivedDataCache/Compressed.ddp.
[2017.10.11-05.30.45:823][  0]LogDerivedDataCache: Using Local data cache path C:/Users/Uses/AppData/Local/UnrealEngine/Common/DerivedDataCache: Writable
[2017.10.11-05.30.45:832][  0]LogSlate: Using Freetype 2.6.0
[2017.10.11-05.30.45:953][  0]LogSlate: SlateFontCache - WITH_FREETYPE: 1, WITH_HARFBUZZ: 1
[2017.10.11-05.30.45:954][  0]LogSlate: SlateFontCache - WITH_FREETYPE: 1, WITH_HARFBUZZ: 1
[2017.10.11-05.30.48:670][  0]LogInit: Selected Device Profile: [Windows]
[2017.10.11-05.30.48:672][  0]LogContentStreaming: Texture pool size is 0.00 MB
[2017.10.11-05.30.48:972][  0]LogMeshUtilities: Using QuadricMeshReduction for automatic static mesh reduction
[2017.10.11-05.30.49:044][  0]LogSimplygon: Simplygon DLL not present - disabling.
[2017.10.11-05.30.49:093][  0]LogMeshUtilities: Using SimplygonSwarm for distributed automatic mesh merging
[2017.10.11-05.30.49:093][  0]LogMeshUtilities: No automatic skeletal mesh reduction module available
[2017.10.11-05.30.49:093][  0]LogMeshUtilities: No automatic mesh merging module available
[2017.10.11-05.30.50:617][  0]LogNetVersion: GetLocalNetworkVersion: CL: 3299760, ProjectName: meeting, ProjectVersion: , EngineNetworkVersion: 2, GameNetworkVersion: 0, NetworkChecksum: 116300604
[2017.10.11-05.30.50:680][  0]LogAssetRegistry: FAssetRegistry took 0.0220 seconds to start up
[2017.10.11-05.30.51:279][  0]LogPackageLocalizationCache: Processed 3 localized package path(s) for 2 prioritized culture(s) in 0.564326 seconds
[2017.10.11-05.30.51:284][  0]LogUObjectArray: 32493 objects as part of root set at end of initial load.
[2017.10.11-05.30.51:284][  0]LogUObjectAllocator: 7077032 out of 0 bytes used by permanent object pool.
[2017.10.11-05.30.51:284][  0]LogUObjectArray: CloseDisregardForGC: 0/0 objects in disregard for GC pool
[2017.10.11-05.30.51:357][  0]LogInit: WinSock: version 1.1 (2.2), MaxSocks=32767, MaxUdp=65467
[2017.10.11-05.31.13:180][  0]LogTcpMessaging: Initializing TcpMessaging bridge
[2017.10.11-05.31.13:223][  0]LogUdpMessaging: Initializing bridge on interface 0.0.0.0:0 to multicast group 230.0.0.1:6666.
[2017.10.11-05.31.14:239][  0]LogMaterial: Uniform references updated for custom material expression Custom.
[2017.10.11-05.31.14:885][  0]SourceControl: Info Source control is disabled
[2017.10.11-05.31.15:202][  0]SourceControl: Info Source control is disabled
[2017.10.11-05.31.15:249][  0]SourceControl: Info Source control is disabled
[2017.10.11-05.31.15:297][  0]SourceControl: Info Source control is disabled
[2017.10.11-05.31.16:878][  0]LogEngine: Initializing Engine...
[2017.10.11-05.31.16:879][  0]LogHMD: Failed to initialize OpenVR with code 110
[2017.10.11-05.31.17:273][  0]LogStats: UGameplayTagsManager::ConstructGameplayTagTree: Construct from data asset -  0.000 s
[2017.10.11-05.31.17:273][  0]LogStats: UGameplayTagsManager::ConstructGameplayTagTree: GameplayTagTreeChangedEvent.Broadcast -  0.000 s
[2017.10.11-05.31.17:424][  0]LogAIModule: Creating AISystem for world Untitled
[2017.10.11-05.31.17:435][  0]LogInit: XAudio2 using 'Speakers (Realtek High Definition Audio)' : 2 channels at 48 kHz using 32 bits per sample (channel mask 0x3)
[2017.10.11-05.31.17:462][  0]LogInit: FAudioDevice initialized.
[2017.10.11-05.31.17:523][  0]LogDerivedDataCache: Saved boot cache 0.06s 50MB C:/Users/Uses/AppData/Local/UnrealEngine/4.15/DerivedDataCache/Boot.ddc.
[2017.10.11-05.31.17:530][  0]LogInit: Texture streaming: Enabled
[2017.10.11-05.31.17:640][  0]LogEngineSessionManager: EngineSessionManager initialized
[2017.10.11-05.31.17:763][  0]LogInit: Transaction tracking system initialized
[2017.10.11-05.31.18:138][  0]BlueprintLog: New page: Editor Load
[2017.10.11-05.31.19:532][  0]LocalizationService: Info Localization service is disabled
[2017.10.11-05.31.20:432][  0]LogConsoleResponse:Display: 
[2017.10.11-05.31.22:409][  0]LogCook:Display: Max memory allowance for cook 16384mb min free memory 0mb
[2017.10.11-05.31.22:409][  0]LogCook:Display: Mobile HDR setting 1
[2017.10.11-05.31.23:559][  0]LogFileCache: Scanning file cache for directory 'C:/Users/Uses/Desktop/FYP/FYP_DumbTesting/Meeting/Content/' took 0.02s
[2017.10.11-05.31.24:866][  0]SourceControl: Info Source control is disabled
[2017.10.11-05.31.24:866][  0]Cmd: MAP LOAD FILE="../../../../../../Users/Uses/Desktop/FYP/FYP_DumbTesting/Meeting/Content/ThirdPersonBP/Maps/MockUp_Map.umap" TEMPLATE=0 SHOWPROGRESS=1 FEATURELEVEL=3
[2017.10.11-05.31.24:866][  0]LightingResults: New page: Lighting Build
[2017.10.11-05.31.24:914][  0]MapCheck: New page: Map Check
[2017.10.11-05.31.24:914][  0]LightingResults: New page: Lighting Build
[2017.10.11-05.31.25:253][  0]LogProperty:Error: UStructProperty::Serialize Loading: Property 'StructProperty /Game/Tech/InteractionSystem/BPI_Interactable.BPI_Interactable_C:UseItem.itemInfo'. Unknown structure.
[2017.10.11-05.31.25:253][  0]LogProperty:Error: UStructProperty::Serialize Loading: Property 'StructProperty /Game/Tech/InteractionSystem/BPI_Interactable.BPI_Interactable_C:PickUp.itemInfo'. Unknown structure.
[2017.10.11-05.31.25:550][  0]LogLinker:Warning: Can't find file '/Game/Tech/Hacking/CameraActor_BP'
[2017.10.11-05.31.25:550][  0]LoadErrors: Info Failed to load /Game/Tech/InteractionSystem/Hacking_Terminal_UI_Blueprint.Hacking_Terminal_UI_Blueprint_C Referenced by CharacterMesh0
[2017.10.11-05.31.25:550][  0]LogLinker:Warning: Can't find file for asset '/Game/Tech/Hacking/CameraActor_BP' while loading ../../../../../../Users/Uses/Desktop/FYP/FYP_DumbTesting/Meeting/Content/Tech/InteractionSystem/Hacking_Terminal_UI_Blueprint.uasset.
[2017.10.11-05.31.25:550][  0]LoadErrors: Info Failed to load /Game/Tech/InteractionSystem/Hacking_Terminal_UI_Blueprint.Hacking_Terminal_UI_Blueprint_C Referenced by CharacterMesh0
[2017.10.11-05.31.25:550][  0]LoadErrors:Error: Error /Game/Tech/InteractionSystem/Hacking_Terminal_UI_Blueprint : Can't find file for asset. /Game/Tech/Hacking/CameraActor_BP
[2017.10.11-05.31.25:567][  0]LogLinker:Warning: Can't find file '/Game/Tech/Hacking/CameraActor_BP'
[2017.10.11-05.31.25:567][  0]LoadErrors: Info Failed to load /Game/Tech/InteractionSystem/Hacking_Terminal_UI_Blueprint.Hacking_Terminal_UI_Blueprint_C Referenced by CharacterMesh0
[2017.10.11-05.31.25:567][  0]LogLinker:Warning: Can't find file for asset '/Game/Tech/Hacking/CameraActor_BP' while loading ../../../../../../Users/Uses/Desktop/FYP/FYP_DumbTesting/Meeting/Content/Tech/InteractionSystem/Hacking_Terminal_UI_Blueprint.uasset.
[2017.10.11-05.31.25:567][  0]LoadErrors: Info Failed to load /Game/Tech/InteractionSystem/Hacking_Terminal_UI_Blueprint.Hacking_Terminal_UI_Blueprint_C Referenced by CharacterMesh0
[2017.10.11-05.31.25:567][  0]LoadErrors:Error: Error /Game/Tech/InteractionSystem/Hacking_Terminal_UI_Blueprint : Can't find file for asset. /Game/Tech/Hacking/CameraActor_BP
[2017.10.11-05.31.25:567][  0]LogLinker:Warning: Can't find file '/Game/Tech/Hacking/HackHUD'
[2017.10.11-05.31.25:567][  0]LoadErrors: Info Failed to load /Game/Tech/InteractionSystem/Hacking_Terminal_UI_Blueprint.Hacking_Terminal_UI_Blueprint_C Referenced by CharacterMesh0
[2017.10.11-05.31.25:568][  0]LogLinker:Warning: Can't find file for asset '/Game/Tech/Hacking/HackHUD' while loading ../../../../../../Users/Uses/Desktop/FYP/FYP_DumbTesting/Meeting/Content/Tech/InteractionSystem/Hacking_Terminal_UI_Blueprint.uasset.
[2017.10.11-05.31.25:568][  0]LoadErrors: Info Failed to load /Game/Tech/InteractionSystem/Hacking_Terminal_UI_Blueprint.Hacking_Terminal_UI_Blueprint_C Referenced by CharacterMesh0
[2017.10.11-05.31.25:568][  0]LoadErrors:Error: Error /Game/Tech/InteractionSystem/Hacking_Terminal_UI_Blueprint : Can't find file for asset. /Game/Tech/Hacking/HackHUD
[2017.10.11-05.31.25:568][  0]LogLinker:Warning: Can't find file '/Game/Tech/Hacking/HackHUD'
[2017.10.11-05.31.25:568][  0]LoadErrors: Info Failed to load /Game/Tech/InteractionSystem/Hacking_Terminal_UI_Blueprint.Hacking_Terminal_UI_Blueprint_C Referenced by CharacterMesh0
[2017.10.11-05.31.25:569][  0]LogLinker:Warning: Can't find file for asset '/Game/Tech/Hacking/HackHUD' while loading ../../../../../../Users/Uses/Desktop/FYP/FYP_DumbTesting/Meeting/Content/Tech/InteractionSystem/Hacking_Terminal_UI_Blueprint.uasset.
[2017.10.11-05.31.25:569][  0]LoadErrors: Info Failed to load /Game/Tech/InteractionSystem/Hacking_Terminal_UI_Blueprint.Hacking_Terminal_UI_Blueprint_C Referenced by CharacterMesh0
[2017.10.11-05.31.25:569][  0]LoadErrors:Error: Error /Game/Tech/InteractionSystem/Hacking_Terminal_UI_Blueprint : Can't find file for asset. /Game/Tech/Hacking/HackHUD
[2017.10.11-05.31.25:571][  0]LogLinker:Warning: Can't find file '/Game/Tech/Hacking/CameraActor_BP'
[2017.10.11-05.31.25:571][  0]LoadErrors: Info Failed to load /Game/Tech/Hacking/CameraActor_BP.CameraActor_BP_C Referenced by CharacterMesh0
[2017.10.11-05.31.25:571][  0]LogLinker:Warning: Can't find file for asset '/Game/Tech/Hacking/CameraActor_BP' while loading ../../../../../../Users/Uses/Desktop/FYP/FYP_DumbTesting/Meeting/Content/Tech/InteractionSystem/Door_Down_BP.uasset.
[2017.10.11-05.31.25:571][  0]LoadErrors: Info Failed to load /Game/Tech/Hacking/CameraActor_BP.CameraActor_BP_C Referenced by CharacterMesh0
[2017.10.11-05.31.25:572][  0]LoadErrors:Error: Error /Game/Tech/InteractionSystem/Door_Down_BP : Can't find file for asset. /Game/Tech/Hacking/CameraActor_BP
[2017.10.11-05.31.25:572][  0]LogLinker:Warning: Can't find file '/Game/Tech/Hacking/HackHUD'
[2017.10.11-05.31.25:572][  0]LoadErrors: Info Failed to load /Game/Tech/Hacking/HackHUD.HackHUD_C Referenced by CharacterMesh0
[2017.10.11-05.31.25:572][  0]LogLinker:Warning: Can't find file for asset '/Game/Tech/Hacking/HackHUD' while loading ../../../../../../Users/Uses/Desktop/FYP/FYP_DumbTesting/Meeting/Content/Tech/InteractionSystem/Door_Down_BP.uasset.
[2017.10.11-05.31.25:572][  0]LoadErrors: Info Failed to load /Game/Tech/Hacking/HackHUD.HackHUD_C Referenced by CharacterMesh0
[2017.10.11-05.31.25:572][  0]LoadErrors:Error: Error /Game/Tech/InteractionSystem/Door_Down_BP : Can't find file for asset. /Game/Tech/Hacking/HackHUD
[2017.10.11-05.31.25:831][  0]LogBlueprint:Error: [Compiler UI_InventoryItem] Error COMPILER ERROR: failed building connection with 'Only exactly matching structures are considered compatible.' at  Use Item
Using Interface BPI_Interactable_C
[2017.10.11-05.31.25:833][  0]LogBlueprint:Warning: [Compiler UI_InventoryItem] Warning [0055.90] Compile of UI_InventoryItem failed. 1 Fatal Issue(s) 0 Warning(s) [in 4 ms] (/Game/Tech/InteractionSystem/Inventory/UI_InventoryItem.UI_InventoryItem)
[2017.10.11-05.31.25:833][  0]LogBlueprint:Warning: [Compiler UI_InventoryItem] Warning [0055.90] Compile of UI_InventoryItem failed. 1 Fatal Issue(s) 1 Warning(s) [in 0 ms] (/Game/Tech/InteractionSystem/Inventory/UI_InventoryItem.UI_InventoryItem)
[2017.10.11-05.31.25:833][  0]LogBlueprint:Warning: [Compiler UI_InventoryItem] Warning [0055.90] Compile of UI_InventoryItem failed. 1 Fatal Issue(s) 2 Warning(s) [in 0 ms] (/Game/Tech/InteractionSystem/Inventory/UI_InventoryItem.UI_InventoryItem)
[2017.10.11-05.31.26:147][  0]LogLinker:Warning: Can't find file '/Game/Tech/Hacking/CameraActor_BP'
[2017.10.11-05.31.26:147][  0]LoadErrors: Info Failed to load /Game/Tech/Hacking/CameraActor_BP.CameraActor_BP_C Referenced by CharacterMesh0
[2017.10.11-05.31.26:147][  0]LogLinker:Warning: Can't find file for asset '/Game/Tech/Hacking/CameraActor_BP' while loading ../../../../../../Users/Uses/Desktop/FYP/FYP_DumbTesting/Meeting/Content/Tech/InteractionSystem/Door_Down_BP.uasset.
[2017.10.11-05.31.26:147][  0]LoadErrors: Info Failed to load /Game/Tech/Hacking/CameraActor_BP.CameraActor_BP_C Referenced by CharacterMesh0
[2017.10.11-05.31.26:147][  0]LoadErrors:Error: Error /Game/Tech/InteractionSystem/Door_Down_BP : Can't find file for asset. /Game/Tech/Hacking/CameraActor_BP
[2017.10.11-05.31.26:147][  0]LogLinker:Warning: Can't find file '/Game/Tech/Hacking/CameraActor_BP'
[2017.10.11-05.31.26:147][  0]LoadErrors: Info Failed to load /Game/Tech/Hacking/CameraActor_BP Referenced by CharacterMesh0
[2017.10.11-05.31.26:147][  0]LogLinker:Warning: Can't find file for asset '/Game/Tech/Hacking/CameraActor_BP' while loading ../../../../../../Users/Uses/Desktop/FYP/FYP_DumbTesting/Meeting/Content/Tech/InteractionSystem/Door_Down_BP.uasset.
[2017.10.11-05.31.26:147][  0]LoadErrors: Info Failed to load /Game/Tech/Hacking/CameraActor_BP Referenced by CharacterMesh0
[2017.10.11-05.31.26:147][  0]LoadErrors:Error: Error /Game/Tech/InteractionSystem/Door_Down_BP : Can't find file for asset. /Game/Tech/Hacking/CameraActor_BP
[2017.10.11-05.31.26:147][  0]LogLinker:Warning: Can't find file '/Game/Tech/Hacking/HackHUD'
[2017.10.11-05.31.26:147][  0]LoadErrors: Info Failed to load /Game/Tech/Hacking/HackHUD Referenced by CharacterMesh0
[2017.10.11-05.31.26:147][  0]LogLinker:Warning: Can't find file for asset '/Game/Tech/Hacking/HackHUD' while loading ../../../../../../Users/Uses/Desktop/FYP/FYP_DumbTesting/Meeting/Content/Tech/InteractionSystem/Door_Down_BP.uasset.
[2017.10.11-05.31.26:147][  0]LoadErrors: Info Failed to load /Game/Tech/Hacking/HackHUD Referenced by CharacterMesh0
[2017.10.11-05.31.26:147][  0]LoadErrors:Error: Error /Game/Tech/InteractionSystem/Door_Down_BP : Can't find file for asset. /Game/Tech/Hacking/HackHUD
[2017.10.11-05.31.26:147][  0]LogLinker:Warning: Can't find file '/Game/Tech/Hacking/HackHUD'
[2017.10.11-05.31.26:147][  0]LoadErrors: Info Failed to load /Game/Tech/Hacking/HackHUD.HackHUD_C Referenced by CharacterMesh0
[2017.10.11-05.31.26:147][  0]LogLinker:Warning: Can't find file for asset '/Game/Tech/Hacking/HackHUD' while loading ../../../../../../Users/Uses/Desktop/FYP/FYP_DumbTesting/Meeting/Content/Tech/InteractionSystem/Door_Down_BP.uasset.
[2017.10.11-05.31.26:147][  0]LoadErrors: Info Failed to load /Game/Tech/Hacking/HackHUD.HackHUD_C Referenced by CharacterMesh0
[2017.10.11-05.31.26:147][  0]LoadErrors:Error: Error /Game/Tech/InteractionSystem/Door_Down_BP : Can't find file for asset. /Game/Tech/Hacking/HackHUD
[2017.10.11-05.31.26:148][  0]LogLinker:Warning: Can't find file '/Game/Tech/Hacking/HackHUD'
[2017.10.11-05.31.26:148][  0]LoadErrors: Info Failed to load /Game/Tech/Hacking/HackHUD.HackHUD_C Referenced by Hacking_Terminal_UI_Blueprint
[2017.10.11-05.31.26:148][  0]LogLinker:Warning: Can't find file for asset '/Game/Tech/Hacking/HackHUD' while loading ../../../../../../Users/Uses/Desktop/FYP/FYP_DumbTesting/Meeting/Content/Tech/InteractionSystem/Door_Down_BP.uasset.
[2017.10.11-05.31.26:148][  0]LoadErrors: Info Failed to load /Game/Tech/Hacking/HackHUD.HackHUD_C Referenced by Hacking_Terminal_UI_Blueprint
[2017.10.11-05.31.26:148][  0]LoadErrors:Error: Error /Game/Tech/InteractionSystem/Door_Down_BP : Can't find file for asset. /Game/Tech/Hacking/HackHUD
[2017.10.11-05.31.26:148][  0]LogLinker:Warning: Can't find file '/Game/Tech/Hacking/CameraActor_BP'
[2017.10.11-05.31.26:148][  0]LoadErrors: Info Failed to load /Game/Tech/Hacking/CameraActor_BP.CameraActor_BP_C Referenced by Hacking_Terminal_UI_Blueprint
[2017.10.11-05.31.26:148][  0]LogLinker:Warning: Can't find file for asset '/Game/Tech/Hacking/CameraActor_BP' while loading ../../../../../../Users/Uses/Desktop/FYP/FYP_DumbTesting/Meeting/Content/Tech/InteractionSystem/Door_Down_BP.uasset.
[2017.10.11-05.31.26:148][  0]LoadErrors: Info Failed to load /Game/Tech/Hacking/CameraActor_BP.CameraActor_BP_C Referenced by Hacking_Terminal_UI_Blueprint
[2017.10.11-05.31.26:148][  0]LoadErrors:Error: Error /Game/Tech/InteractionSystem/Door_Down_BP : Can't find file for asset. /Game/Tech/Hacking/CameraActor_BP
[2017.10.11-05.31.26:149][  0]LogLinker:Warning: Can't find file '/Game/Tech/Hacking/HackHUD'
[2017.10.11-05.31.26:149][  0]LoadErrors: Info Failed to load /Game/Tech/Hacking/HackHUD.HackHUD_C Referenced by K2Node_CreateWidget_9
[2017.10.11-05.31.26:149][  0]LogLinker:Warning: Can't find file for asset '/Game/Tech/Hacking/HackHUD' while loading ../../../../../../Users/Uses/Desktop/FYP/FYP_DumbTesting/Meeting/Content/Tech/InteractionSystem/Door_Down_BP.uasset.
[2017.10.11-05.31.26:149][  0]LoadErrors: Info Failed to load /Game/Tech/Hacking/HackHUD.HackHUD_C Referenced by K2Node_CreateWidget_9
[2017.10.11-05.31.26:149][  0]LoadErrors:Error: Error /Game/Tech/InteractionSystem/Door_Down_BP : Can't find file for asset. /Game/Tech/Hacking/HackHUD
[2017.10.11-05.31.26:149][  0]LogLinker:Warning: Can't find file '/Game/Tech/Hacking/HackHUD'
[2017.10.11-05.31.26:149][  0]LoadErrors: Info Failed to load /Game/Tech/Hacking/HackHUD.HackHUD_C Referenced by K2Node_CreateWidget_9
[2017.10.11-05.31.26:149][  0]LogLinker:Warning: Can't find file for asset '/Game/Tech/Hacking/HackHUD' while loading ../../../../../../Users/Uses/Desktop/FYP/FYP_DumbTesting/Meeting/Content/Tech/InteractionSystem/Door_Down_BP.uasset.
[2017.10.11-05.31.26:150][  0]LoadErrors: Info Failed to load /Game/Tech/Hacking/HackHUD.HackHUD_C Referenced by K2Node_CreateWidget_9
[2017.10.11-05.31.26:150][  0]LoadErrors:Error: Error /Game/Tech/InteractionSystem/Door_Down_BP : Can't find file for asset. /Game/Tech/Hacking/HackHUD
[2017.10.11-05.31.26:150][  0]LogLinker:Warning: Can't find file '/Game/Tech/Hacking/HackHUD'
[2017.10.11-05.31.26:150][  0]LoadErrors: Info Failed to load /Game/Tech/Hacking/HackHUD.HackHUD_C Referenced by K2Node_VariableSet_45
[2017.10.11-05.31.26:150][  0]LogLinker:Warning: Can't find file for asset '/Game/Tech/Hacking/HackHUD' while loading ../../../../../../Users/Uses/Desktop/FYP/FYP_DumbTesting/Meeting/Content/Tech/InteractionSystem/Door_Down_BP.uasset.
[2017.10.11-05.31.26:150][  0]LoadErrors: Info Failed to load /Game/Tech/Hacking/HackHUD.HackHUD_C Referenced by K2Node_VariableSet_45
[2017.10.11-05.31.26:150][  0]LoadErrors:Error: Error /Game/Tech/InteractionSystem/Door_Down_BP : Can't find file for asset. /Game/Tech/Hacking/HackHUD
[2017.10.11-05.31.26:150][  0]LogLinker:Warning: Can't find file '/Game/Tech/Hacking/HackHUD'
[2017.10.11-05.31.26:150][  0]LoadErrors: Info Failed to load /Game/Tech/Hacking/HackHUD.HackHUD_C Referenced by K2Node_VariableSet_45
[2017.10.11-05.31.26:150][  0]LogLinker:Warning: Can't find file for asset '/Game/Tech/Hacking/HackHUD' while loading ../../../../../../Users/Uses/Desktop/FYP/FYP_DumbTesting/Meeting/Content/Tech/InteractionSystem/Door_Down_BP.uasset.
[2017.10.11-05.31.26:150][  0]LoadErrors: Info Failed to load /Game/Tech/Hacking/HackHUD.HackHUD_C Referenced by K2Node_VariableSet_45
[2017.10.11-05.31.26:150][  0]LoadErrors:Error: Error /Game/Tech/InteractionSystem/Door_Down_BP : Can't find file for asset. /Game/Tech/Hacking/HackHUD
[2017.10.11-05.31.26:150][  0]LogLinker:Warning: Can't find file '/Game/Tech/Hacking/HackHUD'
[2017.10.11-05.31.26:150][  0]LoadErrors: Info Failed to load /Game/Tech/Hacking/HackHUD.HackHUD_C Referenced by K2Node_VariableGet_396
[2017.10.11-05.31.26:150][  0]LogLinker:Warning: Can't find file for asset '/Game/Tech/Hacking/HackHUD' while loading ../../../../../../Users/Uses/Desktop/FYP/FYP_DumbTesting/Meeting/Content/Tech/InteractionSystem/Door_Down_BP.uasset.
[2017.10.11-05.31.26:150][  0]LoadErrors: Info Failed to load /Game/Tech/Hacking/HackHUD.HackHUD_C Referenced by K2Node_VariableGet_396
[2017.10.11-05.31.26:151][  0]LoadErrors:Error: Error /Game/Tech/InteractionSystem/Door_Down_BP : Can't find file for asset. /Game/Tech/Hacking/HackHUD
[2017.10.11-05.31.26:152][  0]LogLinker:Warning: Can't find file '/Game/Tech/Hacking/CameraActor_BP'
[2017.10.11-05.31.26:152][  0]LoadErrors: Info Failed to load /Game/Tech/Hacking/CameraActor_BP.CameraActor_BP_C Referenced by K2Node_VariableGet_392
[2017.10.11-05.31.26:152][  0]LogLinker:Warning: Can't find file for asset '/Game/Tech/Hacking/CameraActor_BP' while loading ../../../../../../Users/Uses/Desktop/FYP/FYP_DumbTesting/Meeting/Content/Tech/InteractionSystem/Door_Down_BP.uasset.
[2017.10.11-05.31.26:152][  0]LoadErrors: Info Failed to load /Game/Tech/Hacking/CameraActor_BP.CameraActor_BP_C Referenced by K2Node_VariableGet_392
[2017.10.11-05.31.26:152][  0]LoadErrors:Error: Error /Game/Tech/InteractionSystem/Door_Down_BP : Can't find file for asset. /Game/Tech/Hacking/CameraActor_BP
[2017.10.11-05.31.26:153][  0]LogLinker:Warning: Can't find file '/Game/Tech/Hacking/CameraActor_BP'
[2017.10.11-05.31.26:153][  0]LoadErrors: Info Failed to load /Game/Tech/Hacking/CameraActor_BP.CameraActor_BP_C Referenced by K2Node_VariableGet_395
[2017.10.11-05.31.26:153][  0]LogLinker:Warning: Can't find file for asset '/Game/Tech/Hacking/CameraActor_BP' while loading ../../../../../../Users/Uses/Desktop/FYP/FYP_DumbTesting/Meeting/Content/Tech/InteractionSystem/Door_Down_BP.uasset.
[2017.10.11-05.31.26:153][  0]LoadErrors: Info Failed to load /Game/Tech/Hacking/CameraActor_BP.CameraActor_BP_C Referenced by K2Node_VariableGet_395
[2017.10.11-05.31.26:153][  0]LoadErrors:Error: Error /Game/Tech/InteractionSystem/Door_Down_BP : Can't find file for asset. /Game/Tech/Hacking/CameraActor_BP
[2017.10.11-05.31.27:120][  0]LogBlueprint:Error: [Compiler UpdateVisionRadius] Error Could not find a function named "SetSightRange" in 'UpdateVisionRadius'.
Make sure 'UpdateVisionRadius' has been compiled for  Set Sight Range
[2017.10.11-05.31.27:121][  0]LogBlueprint:Error: [Compiler UpdateVisionRadius] Error This blueprint (self) is not compatible with ' Target ', therefore that pin must have a connection.
[2017.10.11-05.31.27:122][  0]LogBlueprint:Warning: [Compiler UpdateVisionRadius] Warning [0057.19] Compile of UpdateVisionRadius failed. 2 Fatal Issue(s) 0 Warning(s) [in 2 ms] (/Game/Blueprint/AI/UpdateVisionRadius.UpdateVisionRadius)
[2017.10.11-05.31.27:122][  0]LogBlueprint:Warning: [Compiler UpdateVisionRadius] Warning [0057.19] Compile of UpdateVisionRadius failed. 2 Fatal Issue(s) 1 Warning(s) [in 0 ms] (/Game/Blueprint/AI/UpdateVisionRadius.UpdateVisionRadius)
[2017.10.11-05.31.27:123][  0]LogBlueprint:Warning: [Compiler UpdateVisionRadius] Warning [0057.19] Compile of UpdateVisionRadius failed. 2 Fatal Issue(s) 2 Warning(s) [in 0 ms] (/Game/Blueprint/AI/UpdateVisionRadius.UpdateVisionRadius)
[2017.10.11-05.31.27:923][  0]LogBlueprint:Warning: [Compiler ThirdPersonCharacter] Warning InputAction Event references unknown Action 'ResetVR' for  InputAction ResetVR
[2017.10.11-05.31.27:923][  0]LogBlueprint:Warning: [Compiler ThirdPersonCharacter] Warning Input Axis Event references unknown Axis 'LookUpRate' for  InputAxis LookUpRate
[2017.10.11-05.31.27:923][  0]LogBlueprint:Warning: [Compiler ThirdPersonCharacter] Warning Input Axis Event references unknown Axis 'TurnRate' for  InputAxis TurnRate
[2017.10.11-05.31.27:923][  0]LogBlueprint:Warning: [Compiler ThirdPersonCharacter] Warning InputAction Event references unknown Action 'Jump' for  InputAction Jump
[2017.10.11-05.31.27:923][  0]LogBlueprint:Warning: [Compiler ThirdPersonCharacter] Warning Input Axis Event references unknown Axis 'LookUp' for  InputAxis LookUp
[2017.10.11-05.31.27:924][  0]LogBlueprint:Warning: [Compiler ThirdPersonCharacter] Warning Input Axis Event references unknown Axis 'Turn' for  InputAxis Turn
[2017.10.11-05.31.27:927][  0]LogBlueprint:Warning: [Compiler ThirdPersonCharacter] Warning [0057.99] Compile of ThirdPersonCharacter successful, but with 6 Warning(s) [in 7 ms] (/Game/ThirdPersonBP/Blueprints/ThirdPersonCharacter.ThirdPersonCharacter)
[2017.10.11-05.31.27:927][  0]LogBlueprint:Warning: [Compiler ThirdPersonCharacter] Warning [0057.99] Compile of ThirdPersonCharacter successful, but with 7 Warning(s) [in 0 ms] (/Game/ThirdPersonBP/Blueprints/ThirdPersonCharacter.ThirdPersonCharacter)
[2017.10.11-05.31.27:927][  0]LogBlueprint:Warning: [Compiler ThirdPersonCharacter] Warning [0057.99] Compile of ThirdPersonCharacter successful, but with 8 Warning(s) [in 0 ms] (/Game/ThirdPersonBP/Blueprints/ThirdPersonCharacter.ThirdPersonCharacter)
[2017.10.11-05.31.27:933][  0]LogBlueprint:Warning: [Compiler ThirdPersonCharacter] Warning InputAction Event references unknown Action 'ResetVR' for  InputAction ResetVR
[2017.10.11-05.31.27:933][  0]LogBlueprint:Warning: [Compiler ThirdPersonCharacter] Warning Input Axis Event references unknown Axis 'LookUpRate' for  InputAxis LookUpRate
[2017.10.11-05.31.27:934][  0]LogBlueprint:Warning: [Compiler ThirdPersonCharacter] Warning Input Axis Event references unknown Axis 'TurnRate' for  InputAxis TurnRate
[2017.10.11-05.31.27:934][  0]LogBlueprint:Warning: [Compiler ThirdPersonCharacter] Warning InputAction Event references unknown Action 'Jump' for  InputAction Jump
[2017.10.11-05.31.27:934][  0]LogBlueprint:Warning: [Compiler ThirdPersonCharacter] Warning Input Axis Event references unknown Axis 'LookUp' for  InputAxis LookUp
[2017.10.11-05.31.27:934][  0]LogBlueprint:Warning: [Compiler ThirdPersonCharacter] Warning Input Axis Event references unknown Axis 'Turn' for  InputAxis Turn
[2017.10.11-05.31.27:939][  0]LogBlueprint:Warning: [Compiler ThirdPersonCharacter] Warning [0058.00] Compile of ThirdPersonCharacter successful, but with 6 Warning(s) [in 10 ms] (/Game/ThirdPersonBP/Blueprints/ThirdPersonCharacter.ThirdPersonCharacter)
[2017.10.11-05.31.27:939][  0]LogBlueprint:Warning: [Compiler ThirdPersonCharacter] Warning [0058.00] Compile of ThirdPersonCharacter successful, but with 7 Warning(s) [in 0 ms] (/Game/ThirdPersonBP/Blueprints/ThirdPersonCharacter.ThirdPersonCharacter)
[2017.10.11-05.31.27:939][  0]LogBlueprint:Warning: [Compiler ThirdPersonCharacter] Warning [0058.00] Compile of ThirdPersonCharacter successful, but with 8 Warning(s) [in 0 ms] (/Game/ThirdPersonBP/Blueprints/ThirdPersonCharacter.ThirdPersonCharacter)
[2017.10.11-05.32.54:428][  0]LogAIModule: Creating AISystem for world MockUp_Map
[2017.10.11-05.32.56:086][  0]LogEditorServer: Finished looking for orphan Actors (0.001 secs)
[2017.10.11-05.32.56:156][  0]Cmd: MAP CHECKDEP NOCLEARLOG
[2017.10.11-05.32.56:318][  0]MapCheck: Info Map check complete: 0 Error(s), 0 Warning(s), took 162.295ms to complete.
[2017.10.11-05.32.56:318][  0]LogFileHelpers: Loading map 'MockUp_Map' took 91.453
[2017.10.11-05.32.56:835][  0]LogCollectionManager: Loaded 0 collections in 0.001158 seconds
[2017.10.11-05.32.56:930][  0]LogFileCache: Scanning file cache for directory 'C:/Users/Uses/Desktop/FYP/FYP_DumbTesting/Meeting/Saved/Collections/' took 0.01s
[2017.10.11-05.32.56:930][  0]LogFileCache: Scanning file cache for directory 'C:/Users/Uses/Desktop/FYP/FYP_DumbTesting/Meeting/Content/Developers/Uses/Collections/' took 0.01s
[2017.10.11-05.32.56:930][  0]LogFileCache: Scanning file cache for directory 'C:/Users/Uses/Desktop/FYP/FYP_DumbTesting/Meeting/Content/Collections/' took 0.01s
[2017.10.11-05.32.56:930][  0]LogCollectionManager: Rebuilt the GUID cache for 0 collections in 0.000002 seconds
[2017.10.11-05.32.56:944][  0]LogContentBrowser: Native class hierarchy populated in 0.0131 seconds. Added 2258 classes and 455 folders.
[2017.10.11-05.32.57:021][  0]LogContentBrowser: Native class hierarchy updated for 'WidgetCarousel' in 0.0019 seconds. Added 0 classes and 0 folders.
[2017.10.11-05.32.59:182][  0]LogContentBrowser: Native class hierarchy updated for 'AddContentDialog' in 0.0019 seconds. Added 0 classes and 0 folders.
[2017.10.11-05.32.59:264][  0]LogContentBrowser: Native class hierarchy updated for 'SceneOutliner' in 0.0021 seconds. Added 1 classes and 2 folders.
[2017.10.11-05.32.59:633][  0]LogCrashTracker: Crashtracker disabled due to settings.
[2017.10.11-05.32.59:670][  0]LogUObjectGlobals:Warning: Failed to find object 'Class None.'
[2017.10.11-05.32.59:781][  0]LogContentBrowser: Native class hierarchy updated for 'HierarchicalLODOutliner' in 0.0020 seconds. Added 1 classes and 2 folders.
[2017.10.11-05.32.59:782][  0]LogLoad: (Engine Initialization) Total time: 149.85 seconds
[2017.10.11-05.32.59:782][  0]LogLoad: (Engine Initialization) Total Blueprint compile time: 1.21 seconds
[2017.10.11-05.32.59:782][  0]LogExternalProfiler: Found external profiler: VSPerf
[2017.10.11-05.32.59:782][  0]LogExternalProfiler: Using external profiler: VSPerf
[2017.10.11-05.33.00:243][  0]LogOcInput: OculusInput pre-init called
[2017.10.11-05.33.00:490][  0]LogContentStreaming: Texture pool size now 3000 MB
[2017.10.11-05.33.00:567][  0]LogSlate: Took 0.021433 seconds to synchronously load lazily loaded font '../../../Engine/Content/Slate/Fonts/Roboto-Regular.ttf' (155K)
[2017.10.11-05.33.00:591][  0]LogSlate: Took 0.020721 seconds to synchronously load lazily loaded font '../../../Engine/Content/Slate/Fonts/Roboto-Bold.ttf' (160K)
[2017.10.11-05.33.00:618][  0]LogSlate: Took 0.021804 seconds to synchronously load lazily loaded font '../../../Engine/Content/Editor/Slate/Fonts/FontAwesome.ttf' (139K)
[2017.10.11-05.33.01:318][  0]LogRenderer: Reallocating scene render targets to support 1012x648 NumSamples 1 (Frame:2).
[2017.10.11-05.33.01:318][  0]LogSlate: Took 0.042053 seconds to synchronously load lazily loaded font '../../../Engine/Content/Slate/Fonts/Roboto-Light.ttf' (159K)
[2017.10.11-05.33.02:479][  3]LogAssetRegistry: Asset discovery search completed in 131.8212 seconds
[2017.10.11-05.33.02:479][  3]LogCollectionManager: Rebuilt the object cache for 0 collections in 0.000005 seconds (found 0 objects)
[2017.10.11-05.33.02:480][  3]LogCollectionManager: Fixed up redirectors for 0 collections in 0.000027 seconds (updated 0 objects)
[2017.10.11-05.35.01:392][776]LogSlate: Took 0.000161 seconds to synchronously load lazily loaded font '../../../Engine/Content/Slate/Fonts/Roboto-Light.ttf' (159K)
[2017.10.11-05.35.01:408][776]LogFactory: FactoryCreateFile: StaticMesh with FbxFactory (0 0 ../../../../../../Users/Uses/Desktop/research lab/Container/SM_RL_Container.FBX)
[2017.10.11-05.35.01:426][776]LogFbx: ItemName: GlobalSettings, ItemCount : 1
[2017.10.11-05.35.01:426][776]LogFbx: ItemName: AnimationStack, ItemCount : 1
[2017.10.11-05.35.01:426][776]LogFbx: ItemName: AnimationLayer, ItemCount : 1
[2017.10.11-05.35.01:426][776]LogFbx: ItemName: Model, ItemCount : 1
[2017.10.11-05.35.01:426][776]LogFbx: ItemName: Geometry, ItemCount : 1
[2017.10.11-05.35.01:433][776]LogFbx: Loading FBX Scene from ../../../../../../Users/Uses/Desktop/research lab/Container/SM_RL_Container.FBX
[2017.10.11-05.35.01:456][776]LogFbx: FBX Scene Loaded Succesfully
[2017.10.11-05.35.02:812][776]LogFbx: Loading FBX Scene from ../../../../../../Users/Uses/Desktop/research lab/Container/SM_RL_Container.FBX
[2017.10.11-05.35.02:832][776]LogFbx: FBX Scene Loaded Succesfully
[2017.10.11-05.35.02:870][776]LogStaticMesh: Building static mesh SM_RL_Container...
[2017.10.11-05.35.02:903][776]LogStaticMesh: Built static mesh [0.03s] /Game/Art/Environment/ResearchLab/SM_RL_Container.SM_RL_Container
[2017.10.11-05.35.04:776][812]LogActorFactory: Actor Factory created SM_RL_Container
[2017.10.11-05.35.05:706][872]LogActorFactory: Actor Factory created SM_RL_Container
[2017.10.11-05.35.05:890][872]Cmd: TRANSACTION UNDO
[2017.10.11-05.35.05:890][872]LogEditorTransaction: Undo Create Actors
[2017.10.11-05.35.06:538][872]LogSlate: Took 0.000177 seconds to synchronously load lazily loaded font '../../../Engine/Content/Slate/Fonts/Roboto-Light.ttf' (159K)
[2017.10.11-05.35.07:286][891]LogActorFactory: Actor Factory created SM_RL_Container
[2017.10.11-05.35.07:764][936]LogActorFactory: Actor Factory created SM_RL_Container
[2017.10.11-05.35.29:839][ 53]LogEditorViewport: Clicking on Actor (LMB): StaticMeshActor (container5)
[2017.10.11-05.35.31:545][228]Cmd: DELETE
[2017.10.11-05.35.31:545][228]Cmd: ACTOR DELETE
[2017.10.11-05.35.31:707][228]LogEditorActor: Deleted Actor: StaticMeshActor
[2017.10.11-05.35.31:707][228]LogEditorActor: Deleted Actor: StaticMeshActor
[2017.10.11-05.35.31:828][228]LogEditorActor: Deleted 2 Actors (0.129 secs)
[2017.10.11-05.35.32:400][291]LogEditorViewport: Clicking on Actor (LMB): StaticMeshActor (SM_RL_Container)
[2017.10.11-05.35.43:578][285]LogEditorViewport: Clicking on Actor (CTRL LMB): StaticMeshActor (SM_RL_Container)
[2017.10.11-05.35.50:945][ 27]LogEditorViewport: Clicking on Actor (LMB): StaticMeshActor (container4)
[2017.10.11-05.35.51:980][131]Cmd: DELETE
[2017.10.11-05.35.51:980][131]Cmd: ACTOR DELETE
[2017.10.11-05.35.51:988][131]LogEditorActor: Deleted Actor: StaticMeshActor
[2017.10.11-05.35.51:989][131]LogEditorActor: Deleted Actor: StaticMeshActor
[2017.10.11-05.35.52:008][131]LogEditorActor: Deleted 2 Actors (0.027 secs)
[2017.10.11-05.35.52:442][179]LogEditorViewport: Clicking on Actor (LMB): StaticMeshActor (SM_RL_Container2)
[2017.10.11-05.35.53:795][288]Cmd: TRANSACTION UNDO
[2017.10.11-05.35.53:795][288]LogEditorTransaction: Undo Move Actors
[2017.10.11-05.35.54:161][300]LogEditorViewport: Clicking on Actor (LMB): StaticMeshActor (SM_RL_Container)
[2017.10.11-05.35.55:634][409]LogEditorViewport: Clicking on Actor (CTRL LMB): StaticMeshActor (SM_RL_Container2)
[2017.10.11-05.36.08:833][527]LogSavePackage: Save=25.49ms
[2017.10.11-05.36.08:833][527]LogSavePackage: Moving '../../../../../../Users/Uses/Desktop/FYP/FYP_DumbTesting/Meeting/Saved/SM_RL_ContainerBF7616D24B0044E300222786D7A5DE4E.tmp' to '../../../../../../Users/Uses/Desktop/FYP/FYP_DumbTesting/Meeting/Content/Art/Environment/ResearchLab/SM_RL_Container.uasset'
[2017.10.11-05.36.08:842][527]LogSavePackage:Display: Finished SavePackage ../../../../../../Users/Uses/Desktop/FYP/FYP_DumbTesting/Meeting/Content/Art/Environment/ResearchLab/SM_RL_Container.uasset
[2017.10.11-05.36.11:982][527]LogSlate: Took 0.000149 seconds to synchronously load lazily loaded font '../../../Engine/Content/Slate/Fonts/Roboto-Regular.ttf' (155K)
[2017.10.11-05.36.12:330][527]LogSavePackage: Save=3266.78ms
[2017.10.11-05.36.12:330][527]LogSavePackage: Moving '../../../../../../Users/Uses/Desktop/FYP/FYP_DumbTesting/Meeting/Saved/MockUp_MapBD27659F48593F10339F8F946A12047B.tmp' to '../../../../../../Users/Uses/Desktop/FYP/FYP_DumbTesting/Meeting/Content/ThirdPersonBP/Maps/MockUp_Map.umap'
[2017.10.11-05.36.12:338][527]LogSavePackage:Display: Finished SavePackage ../../../../../../Users/Uses/Desktop/FYP/FYP_DumbTesting/Meeting/Content/ThirdPersonBP/Maps/MockUp_Map.umap
[2017.10.11-05.36.12:416][527]LogFileHelpers: Saving map 'MockUp_Map' took 3.572
[2017.10.11-05.36.12:640][527]LogWindowsTextInputMethodSystem:Display: IME system now deactivated.
[2017.10.11-05.36.13:077][528]Cmd: QUIT_EDITOR
[2017.10.11-05.36.13:420][528]LogExit: Preparing to exit.
[2017.10.11-05.36.14:891][528]LogDirectoryWatcher: A directory notification for 'C:/Users/Uses/Desktop/FYP/FYP_DumbTesting/Meeting/Content/' was aborted.
[2017.10.11-05.36.15:110][528]LogExit: Editor shut down
[2017.10.11-05.36.15:110][528]LogExit: Transaction tracking system shut down
[2017.10.11-05.36.15:412][528]LogObj: Freed 0b from 0 cluster array pools.
[2017.10.11-05.36.15:412][528]LogExit: Object subsystem successfully closed.
[2017.10.11-05.36.15:465][528]LogD3D11RHI: Shutdown
[2017.10.11-05.36.15:465][528]LogD3D11RHI: CleanupD3DDevice
[2017.10.11-05.36.15:703][528]LogD3D11RHI: ~FD3D11DynamicRHI
[2017.10.11-05.36.15:720][528]LogModuleManager: Shutting down and abandoning module HierarchicalLODOutliner (500)
[2017.10.11-05.36.15:720][528]LogModuleManager: Shutting down and abandoning module CrashTracker (498)
[2017.10.11-05.36.15:720][528]LogModuleManager: Shutting down and abandoning module SceneOutliner (496)
[2017.10.11-05.36.15:720][528]LogModuleManager: Shutting down and abandoning module AddContentDialog (494)
[2017.10.11-05.36.15:720][528]LogDirectoryWatcher: A directory notification for 'C:/Program Files/Epic Games/UE_4.15/FeaturePacks/' was aborted.
[2017.10.11-05.36.15:721][528]LogModuleManager: Shutting down and abandoning module WidgetCarousel (493)
[2017.10.11-05.36.15:721][528]LogModuleManager: Shutting down and abandoning module EditorWidgets (490)
[2017.10.11-05.36.15:721][528]LogModuleManager: Shutting down and abandoning module CollectionManager (488)
[2017.10.11-05.36.15:721][528]LogDirectoryWatcher: A directory notification for 'C:/Users/Uses/Desktop/FYP/FYP_DumbTesting/Meeting/Content/Collections/' was aborted.
[2017.10.11-05.36.15:721][528]LogDirectoryWatcher: A directory notification for 'C:/Users/Uses/Desktop/FYP/FYP_DumbTesting/Meeting/Content/Developers/Uses/Collections/' was aborted.
[2017.10.11-05.36.15:721][528]LogDirectoryWatcher: A directory notification for 'C:/Users/Uses/Desktop/FYP/FYP_DumbTesting/Meeting/Saved/Collections/' was aborted.
[2017.10.11-05.36.15:721][528]LogModuleManager: Shutting down and abandoning module StatsViewer (486)
[2017.10.11-05.36.15:721][528]LogModuleManager: Shutting down and abandoning module FoliageEdit (484)
[2017.10.11-05.36.15:721][528]LogModuleManager: Shutting down and abandoning module LandscapeEditor (482)
[2017.10.11-05.36.15:721][528]LogModuleManager: Shutting down and abandoning module SceneDepthPickerMode (480)
[2017.10.11-05.36.15:721][528]LogModuleManager: Shutting down and abandoning module ActorPickerMode (478)
[2017.10.11-05.36.15:721][528]LogModuleManager: Shutting down and abandoning module GeometryMode (476)
[2017.10.11-05.36.15:721][528]LogModuleManager: Shutting down and abandoning module TextureAlignMode (474)
[2017.10.11-05.36.15:721][528]LogModuleManager: Shutting down and abandoning module BspMode (472)
[2017.10.11-05.36.15:722][528]LogModuleManager: Shutting down and abandoning module HardwareSurvey (470)
[2017.10.11-05.36.15:722][528]LogModuleManager: Shutting down and abandoning module SequenceRecorderSections (468)
[2017.10.11-05.36.15:722][528]LogModuleManager: Shutting down and abandoning module AutomationWorker (466)
[2017.10.11-05.36.15:722][528]LogModuleManager: Shutting down and abandoning module MatineeToLevelSequence (464)
[2017.10.11-05.36.15:722][528]LogModuleManager: Shutting down and abandoning module LevelSequenceEditor (462)
[2017.10.11-05.36.15:722][528]LogModuleManager: Shutting down and abandoning module PlacementMode (461)
[2017.10.11-05.36.15:722][528]LogModuleManager: Shutting down and abandoning module WmfMediaFactory (458)
[2017.10.11-05.36.15:722][528]LogModuleManager: Shutting down and abandoning module WmfMediaEditor (456)
[2017.10.11-05.36.15:722][528]LogModuleManager: Shutting down and abandoning module MfMediaFactory (454)
[2017.10.11-05.36.15:722][528]LogModuleManager: Shutting down and abandoning module MfMediaEditor (452)
[2017.10.11-05.36.15:722][528]LogModuleManager: Shutting down and abandoning module AvfMediaFactory (450)
[2017.10.11-05.36.15:722][528]LogModuleManager: Shutting down and abandoning module AvfMediaEditor (448)
[2017.10.11-05.36.15:722][528]LogModuleManager: Shutting down and abandoning module AndroidMediaFactory (446)
[2017.10.11-05.36.15:722][528]LogModuleManager: Shutting down and abandoning module Media (445)
[2017.10.11-05.36.15:722][528]LogModuleManager: Shutting down and abandoning module AndroidMediaEditor (442)
[2017.10.11-05.36.15:722][528]LogModuleManager: Shutting down and abandoning module CharacterAI (440)
[2017.10.11-05.36.15:722][528]LogModuleManager: Shutting down and abandoning module AudioCapture (438)
[2017.10.11-05.36.15:722][528]LogModuleManager: Shutting down and abandoning module SequenceRecorder (437)
[2017.10.11-05.36.15:722][528]LogModuleManager: Shutting down and abandoning module SmartSnapping (434)
[2017.10.11-05.36.15:722][528]LogModuleManager: Shutting down and abandoning module SessionServices (432)
[2017.10.11-05.36.15:722][528]LogModuleManager: Shutting down and abandoning module ViewportSnapping (430)
[2017.10.11-05.36.15:722][528]LogModuleManager: Shutting down and abandoning module ViewportInteraction (428)
[2017.10.11-05.36.15:722][528]LogModuleManager: Shutting down and abandoning module LogVisualizer (426)
[2017.10.11-05.36.15:722][528]LogModuleManager: Shutting down and abandoning module IntroTutorials (424)
[2017.10.11-05.36.15:722][528]LogModuleManager: Shutting down and abandoning module GameProjectGeneration (423)
[2017.10.11-05.36.15:722][528]LogModuleManager: Shutting down and abandoning module EditorLiveStreaming (420)
[2017.10.11-05.36.15:722][528]LogModuleManager: Shutting down and abandoning module IOSPlatformEditor (418)
[2017.10.11-05.36.15:722][528]LogModuleManager: Shutting down and abandoning module HTML5PlatformEditor (416)
[2017.10.11-05.36.15:722][528]LogModuleManager: Shutting down and abandoning module AndroidPlatformEditor (414)
[2017.10.11-05.36.15:722][528]LogModuleManager: Shutting down and abandoning module AndroidDeviceDetection (413)
[2017.10.11-05.36.16:121][528]LogModuleManager: Shutting down and abandoning module IOSRuntimeSettings (410)
[2017.10.11-05.36.16:121][528]LogModuleManager: Shutting down and abandoning module AndroidRuntimeSettings (408)
[2017.10.11-05.36.16:121][528]LogModuleManager: Shutting down and abandoning module InputBindingEditor (406)
[2017.10.11-05.36.16:121][528]LogModuleManager: Shutting down and abandoning module NiagaraEditor (404)
[2017.10.11-05.36.16:121][528]LogModuleManager: Shutting down and abandoning module MergeActors (402)
[2017.10.11-05.36.16:121][528]LogModuleManager: Shutting down and abandoning module SizeMap (400)
[2017.10.11-05.36.16:121][528]LogModuleManager: Shutting down and abandoning module TreeMap (398)
[2017.10.11-05.36.16:121][528]LogModuleManager: Shutting down and abandoning module ReferenceViewer (396)
[2017.10.11-05.36.16:121][528]LogModuleManager: Shutting down and abandoning module LocalizationDashboard (394)
[2017.10.11-05.36.16:121][528]LogModuleManager: Shutting down and abandoning module LocalizationService (393)
[2017.10.11-05.36.16:121][528]LogModuleManager: Shutting down and abandoning module HardwareTargeting (390)
[2017.10.11-05.36.16:121][528]LogModuleManager: Shutting down and abandoning module DeviceProfileEditor (388)
[2017.10.11-05.36.16:121][528]LogModuleManager: Shutting down and abandoning module UndoHistory (386)
[2017.10.11-05.36.16:121][528]LogModuleManager: Shutting down and abandoning module UserFeedback (384)
[2017.10.11-05.36.16:121][528]LogModuleManager: Shutting down and abandoning module XmlParser (382)
[2017.10.11-05.36.16:121][528]LogModuleManager: Shutting down and abandoning module Blutility (380)
[2017.10.11-05.36.16:121][528]LogModuleManager: Shutting down and abandoning module ProjectSettingsViewer (378)
[2017.10.11-05.36.16:121][528]LogModuleManager: Shutting down and abandoning module ProjectTargetPlatformEditor (377)
[2017.10.11-05.36.16:121][528]LogModuleManager: Shutting down and abandoning module EditorSettingsViewer (374)
[2017.10.11-05.36.16:121][528]LogModuleManager: Shutting down and abandoning module SettingsEditor (372)
[2017.10.11-05.36.16:121][528]LogModuleManager: Shutting down and abandoning module ProjectLauncher (370)
[2017.10.11-05.36.16:121][528]LogModuleManager: Shutting down and abandoning module SessionFrontend (368)
[2017.10.11-05.36.16:121][528]LogModuleManager: Shutting down and abandoning module ProfilerClient (366)
[2017.10.11-05.36.16:121][528]LogModuleManager: Shutting down and abandoning module DeviceManager (364)
[2017.10.11-05.36.16:121][528]LogModuleManager: Shutting down and abandoning module TargetDeviceServices (363)
[2017.10.11-05.36.16:175][528]LogModuleManager: Shutting down and abandoning module AutomationController (360)
[2017.10.11-05.36.16:175][528]LogModuleManager: Shutting down and abandoning module AutomationWindow (358)
[2017.10.11-05.36.16:175][528]LogModuleManager: Shutting down and abandoning module Layers (356)
[2017.10.11-05.36.16:175][528]LogModuleManager: Shutting down and abandoning module ComponentVisualizers (354)
[2017.10.11-05.36.16:175][528]LogModuleManager: Shutting down and abandoning module DetailCustomizations (352)
[2017.10.11-05.36.16:175][528]LogModuleManager: Shutting down and abandoning module PackagesDialog (350)
[2017.10.11-05.36.16:175][528]LogModuleManager: Shutting down and abandoning module Persona (348)
[2017.10.11-05.36.16:175][528]LogModuleManager: Shutting down and abandoning module AnimGraph (347)
[2017.10.11-05.36.16:175][528]LogModuleManager: Shutting down and abandoning module Kismet (344)
[2017.10.11-05.36.16:178][528]LogModuleManager: Shutting down and abandoning module GraphEditor (342)
[2017.10.11-05.36.16:178][528]LogModuleManager: Shutting down and abandoning module ClassViewer (340)
[2017.10.11-05.36.16:178][528]LogModuleManager: Shutting down and abandoning module Toolbox (338)
[2017.10.11-05.36.16:178][528]LogModuleManager: Shutting down and abandoning module ModuleUI (336)
[2017.10.11-05.36.16:178][528]LogModuleManager: Shutting down and abandoning module MovieSceneTools (334)
[2017.10.11-05.36.16:178][528]LogModuleManager: Shutting down and abandoning module OutputLog (332)
[2017.10.11-05.36.16:178][528]LogModuleManager: Shutting down and abandoning module GammaUI (330)
[2017.10.11-05.36.16:178][528]LogModuleManager: Shutting down and abandoning module Documentation (328)
[2017.10.11-05.36.16:178][528]LogModuleManager: Shutting down and abandoning module Niagara (326)
[2017.10.11-05.36.16:178][528]LogModuleManager: Shutting down and abandoning module StreamingPauseRendering (324)
[2017.10.11-05.36.16:178][528]LogModuleManager: Shutting down and abandoning module AnalyticsET (322)
[2017.10.11-05.36.16:178][528]LogModuleManager: Shutting down and abandoning module PortalServices (320)
[2017.10.11-05.36.16:178][528]LogModuleManager: Shutting down and abandoning module PortalRpc (318)
[2017.10.11-05.36.16:178][528]LogModuleManager: Shutting down and abandoning module MessagingRpc (316)
[2017.10.11-05.36.16:178][528]LogModuleManager: Shutting down and abandoning module AIModule (314)
[2017.10.11-05.36.16:178][528]LogModuleManager: Shutting down and abandoning module GameplayDebugger (313)
[2017.10.11-05.36.16:178][528]LogModuleManager: Shutting down and abandoning module AITestSuite (311)
[2017.10.11-05.36.16:178][528]LogModuleManager: Shutting down and abandoning module ProfilerService (308)
[2017.10.11-05.36.16:205][528]LogModuleManager: Shutting down and abandoning module TaskGraph (306)
[2017.10.11-05.36.16:205][528]LogModuleManager: Shutting down and abandoning module SteamVRController (304)
[2017.10.11-05.36.16:205][528]LogModuleManager: Shutting down and abandoning module SteamVR (302)
[2017.10.11-05.36.16:205][528]LogModuleManager: Shutting down and abandoning module ProceduralMeshComponentEditor (300)
[2017.10.11-05.36.16:205][528]LogModuleManager: Shutting down and abandoning module ProceduralMeshComponent (298)
[2017.10.11-05.36.16:205][528]LogModuleManager: Shutting down and abandoning module OculusLibrary (296)
[2017.10.11-05.36.16:205][528]LogModuleManager: Shutting down and abandoning module OculusInput (294)
[2017.10.11-05.36.16:205][528]LogModuleManager: Shutting down and abandoning module MobilePatchingUtils (292)
[2017.10.11-05.36.16:205][528]LogModuleManager: Shutting down and abandoning module CustomMeshComponent (290)
[2017.10.11-05.36.16:205][528]LogModuleManager: Shutting down and abandoning module CableComponent (288)
[2017.10.11-05.36.16:205][528]LogModuleManager: Shutting down and abandoning module ArchVisCharacter (286)
[2017.10.11-05.36.16:205][528]LogModuleManager: Shutting down and abandoning module MediaPlayerEditor (282)
[2017.10.11-05.36.16:205][528]LogModuleManager: Shutting down and abandoning module HTML5Networking (280)
[2017.10.11-05.36.16:205][528]LogModuleManager: Shutting down and abandoning module AlembicImporter (278)
[2017.10.11-05.36.16:205][528]LogModuleManager: Shutting down and abandoning module AlembicLibrary (277)
[2017.10.11-05.36.16:205][528]LogModuleManager: Shutting down and abandoning module GeometryCache (276)
[2017.10.11-05.36.16:205][528]LogModuleManager: Shutting down and abandoning module GeometryCacheEd (275)
[2017.10.11-05.36.16:205][528]LogModuleManager: Shutting down and abandoning module SuperSearchEditor (270)
[2017.10.11-05.36.16:205][528]LogModuleManager: Shutting down and abandoning module SuperSearch (269)
[2017.10.11-05.36.16:205][528]LogModuleManager: Shutting down and abandoning module SpeedTreeImporter (266)
[2017.10.11-05.36.16:205][528]LogModuleManager: Shutting down and abandoning module PluginBrowser (264)
[2017.10.11-05.36.16:205][528]LogModuleManager: Shutting down and abandoning module MobileLauncherProfileWizard (262)
[2017.10.11-05.36.16:206][528]LogModuleManager: Shutting down and abandoning module EpicSurvey (260)
[2017.10.11-05.36.16:206][528]LogModuleManager: Shutting down and abandoning module VisualStudioSourceCodeAccess (258)
[2017.10.11-05.36.16:206][528]LogModuleManager: Shutting down and abandoning module DesktopPlatform (257)
[2017.10.11-05.36.16:206][528]LogModuleManager: Shutting down and abandoning module UObjectPlugin (254)
[2017.10.11-05.36.16:206][528]LogModuleManager: Shutting down and abandoning module SubversionSourceControl (252)
[2017.10.11-05.36.16:206][528]LogModuleManager: Shutting down and abandoning module PerforceSourceControl (250)
[2017.10.11-05.36.16:206][528]LogModuleManager: Shutting down and abandoning module GitSourceControl (248)
[2017.10.11-05.36.16:206][528]LogModuleManager: Shutting down and abandoning module SourceControl (247)
[2017.10.11-05.36.16:206][528]LogModuleManager: Shutting down and abandoning module LightPropagationVolumeEditor (244)
[2017.10.11-05.36.16:206][528]LogModuleManager: Shutting down and abandoning module PaperTiledImporter (242)
[2017.10.11-05.36.16:206][528]LogModuleManager: Shutting down and abandoning module PaperSpriteSheetImporter (240)
[2017.10.11-05.36.16:206][528]LogModuleManager: Shutting down and abandoning module Paper2DEditor (238)
[2017.10.11-05.36.16:206][528]LogModuleManager: Shutting down and abandoning module MeshPaint (237)
[2017.10.11-05.36.16:206][528]LogModuleManager: Shutting down and abandoning module LevelEditor (235)
[2017.10.11-05.36.16:206][528]LogModuleManager: Shutting down and abandoning module PixelInspectorModule (234)
[2017.10.11-05.36.16:206][528]LogModuleManager: Shutting down and abandoning module MainFrame (232)
[2017.10.11-05.36.16:206][528]LogModuleManager: Shutting down and abandoning module HotReload (231)
[2017.10.11-05.36.16:206][528]LogDirectoryWatcher: A directory notification for 'C:/Users/Uses/Desktop/FYP/FYP_DumbTesting/Meeting/Binaries/Win64' was aborted.
[2017.10.11-05.36.16:207][528]LogModuleManager: Shutting down and abandoning module ContentBrowser (227)
[2017.10.11-05.36.16:208][528]LogModuleManager: Shutting down and abandoning module Meeting (224)
[2017.10.11-05.36.16:208][528]LogModuleManager: Shutting down and abandoning module PhysXVehiclesEditor (222)
[2017.10.11-05.36.16:208][528]LogModuleManager: Shutting down and abandoning module PhysXVehicles (220)
[2017.10.11-05.36.16:208][528]LogModuleManager: Shutting down and abandoning module LocationServicesBPLibrary (218)
[2017.10.11-05.36.16:208][528]LogModuleManager: Shutting down and abandoning module UdpMessaging (216)
[2017.10.11-05.36.16:309][528]LogModuleManager: Shutting down and abandoning module TcpMessaging (214)
[2017.10.11-05.36.16:410][528]LogModuleManager: Shutting down and abandoning module GameplayTagsEditor (212)
[2017.10.11-05.36.16:410][528]LogModuleManager: Shutting down and abandoning module FacialAnimationEditor (210)
[2017.10.11-05.36.16:410][528]LogModuleManager: Shutting down and abandoning module FacialAnimation (208)
[2017.10.11-05.36.16:410][528]LogModuleManager: Shutting down and abandoning module LightPropagationVolumeRuntime (206)
[2017.10.11-05.36.16:410][528]LogModuleManager: Shutting down and abandoning module Paper2D (204)
[2017.10.11-05.36.16:410][528]LogModuleManager: Shutting down and abandoning module WindowsMoviePlayer (202)
[2017.10.11-05.36.16:410][528]LogModuleManager: Shutting down and abandoning module WmfMedia (200)
[2017.10.11-05.36.16:410][528]LogModuleManager: Shutting down and abandoning module MfMedia (198)
[2017.10.11-05.36.16:410][528]LogModuleManager: Shutting down and abandoning module MediaAssets (196)
[2017.10.11-05.36.16:410][528]LogModuleManager: Shutting down and abandoning module GameLiveStreaming (194)
[2017.10.11-05.36.16:410][528]LogModuleManager: Shutting down and abandoning module VREditor (192)
[2017.10.11-05.36.16:410][528]LogModuleManager: Shutting down and abandoning module GameplayTasksEditor (190)
[2017.10.11-05.36.16:410][528]LogModuleManager: Shutting down and abandoning module BehaviorTreeEditor (188)
[2017.10.11-05.36.16:410][528]LogModuleManager: Shutting down and abandoning module FunctionalTesting (186)
[2017.10.11-05.36.16:410][528]LogModuleManager: Shutting down and abandoning module CollisionAnalyzer (184)
[2017.10.11-05.36.16:410][528]LogModuleManager: Shutting down and abandoning module UMG (182)
[2017.10.11-05.36.16:410][528]LogModuleManager: Shutting down and abandoning module UMGEditor (181)
[2017.10.11-05.36.16:410][528]LogModuleManager: Shutting down and abandoning module Sequencer (180)
[2017.10.11-05.36.16:410][528]LogModuleManager: Shutting down and abandoning module AssetTools (178)
[2017.10.11-05.36.16:410][528]LogModuleManager: Shutting down and abandoning module MessageLog (177)
[2017.10.11-05.36.16:410][528]LogModuleManager: Shutting down and abandoning module WorkspaceMenuStructure (176)
[2017.10.11-05.36.16:410][528]LogModuleManager: Shutting down and abandoning module SlateReflector (170)
[2017.10.11-05.36.16:410][528]LogModuleManager: Shutting down and abandoning module Slate (168)
[2017.10.11-05.36.16:410][528]LogModuleManager: Shutting down and abandoning module EditorStyle (166)
[2017.10.11-05.36.16:412][528]LogModuleManager: Shutting down and abandoning module SourceCodeAccess (164)
[2017.10.11-05.36.16:432][528]LogModuleManager: Shutting down and abandoning module HeadMountedDisplay (162)
[2017.10.11-05.36.16:432][528]LogModuleManager: Shutting down and abandoning module XAudio2 (160)
[2017.10.11-05.36.16:432][528]LogModuleManager: Shutting down and abandoning module Networking (158)
[2017.10.11-05.36.16:432][528]LogModuleManager: Shutting down and abandoning module Core (154)
[2017.10.11-05.36.16:432][528]LogModuleManager: Shutting down and abandoning module AssetRegistry (152)
[2017.10.11-05.36.16:627][528]LogDirectoryWatcher: A directory notification for '../../../Engine/Content/' was aborted.
[2017.10.11-05.36.16:627][528]LogDirectoryWatcher: A directory notification for '../../../../../../Users/Uses/Desktop/FYP/FYP_DumbTesting/Meeting/Content/' was aborted.
[2017.10.11-05.36.16:627][528]LogDirectoryWatcher: A directory notification for '../../../Engine/Plugins/2D/Paper2D/Content/' was aborted.
[2017.10.11-05.36.16:627][528]LogModuleManager: Shutting down and abandoning module DirectoryWatcher (151)
[2017.10.11-05.36.16:628][528]LogModuleManager: Shutting down and abandoning module KismetCompiler (148)
[2017.10.11-05.36.16:628][528]LogModuleManager: Shutting down and abandoning module PhysXFormats (146)
[2017.10.11-05.36.16:628][528]LogModuleManager: Shutting down and abandoning module MeshUtilities (144)
[2017.10.11-05.36.16:628][528]LogModuleManager: Shutting down and abandoning module SimplygonSwarm (143)
[2017.10.11-05.36.16:628][528]LogModuleManager: Shutting down and abandoning module SimplygonMeshReduction (141)
[2017.10.11-05.36.16:628][528]LogModuleManager: Shutting down and abandoning module QuadricMeshReduction (139)
[2017.10.11-05.36.16:628][528]LogModuleManager: Shutting down and abandoning module PropertyEditor (137)
[2017.10.11-05.36.16:628][528]LogModuleManager: Shutting down and abandoning module DerivedDataCache (134)
[2017.10.11-05.36.16:645][528]LogDerivedDataCache: Shutdown
[2017.10.11-05.36.16:645][528]LogModuleManager: Shutting down and abandoning module TargetPlatform (132)
[2017.10.11-05.36.16:645][528]LogModuleManager: Shutting down and abandoning module VulkanShaderFormat (131)
[2017.10.11-05.36.16:645][528]LogModuleManager: Shutting down and abandoning module ShaderFormatOpenGL (129)
[2017.10.11-05.36.16:645][528]LogModuleManager: Shutting down and abandoning module ShaderFormatD3D (127)
[2017.10.11-05.36.16:645][528]LogModuleManager: Shutting down and abandoning module MetalShaderFormat (125)
[2017.10.11-05.36.16:645][528]LogModuleManager: Shutting down and abandoning module TextureFormatUncompressed (123)
[2017.10.11-05.36.16:645][528]LogModuleManager: Shutting down and abandoning module TextureFormatPVR (121)
[2017.10.11-05.36.16:645][528]LogModuleManager: Shutting down and abandoning module TextureFormatDXT (119)
[2017.10.11-05.36.16:645][528]LogModuleManager: Shutting down and abandoning module TextureFormatIntelISPCTexComp (117)
[2017.10.11-05.36.16:645][528]LogModuleManager: Shutting down and abandoning module TextureFormatASTC (115)
[2017.10.11-05.36.16:645][528]LogModuleManager: Shutting down and abandoning module ImageWrapper (114)
[2017.10.11-05.36.16:645][528]LogModuleManager: Shutting down and abandoning module TextureFormatAndroid (111)
[2017.10.11-05.36.16:645][528]LogModuleManager: Shutting down and abandoning module AudioFormatOpus (109)
[2017.10.11-05.36.16:645][528]LogModuleManager: Shutting down and abandoning module AudioFormatOgg (107)
[2017.10.11-05.36.16:645][528]LogModuleManager: Shutting down and abandoning module AudioFormatADPCM (105)
[2017.10.11-05.36.16:645][528]LogModuleManager: Shutting down and abandoning module LinuxTargetPlatform (103)
[2017.10.11-05.36.16:645][528]LogModuleManager: Shutting down and abandoning module LinuxServerTargetPlatform (101)
[2017.10.11-05.36.16:645][528]LogModuleManager: Shutting down and abandoning module LinuxNoEditorTargetPlatform (99)
[2017.10.11-05.36.16:645][528]LogModuleManager: Shutting down and abandoning module LinuxClientTargetPlatform (97)
[2017.10.11-05.36.16:645][528]LogModuleManager: Shutting down and abandoning module TVOSTargetPlatform (95)
[2017.10.11-05.36.16:645][528]LogModuleManager: Shutting down and abandoning module Messaging (93)
[2017.10.11-05.36.16:645][528]LogModuleManager: Shutting down and abandoning module IOSTargetPlatform (91)
[2017.10.11-05.36.16:645][528]LogModuleManager: Shutting down and abandoning module HTML5TargetPlatform (89)
[2017.10.11-05.36.16:645][528]LogModuleManager: Shutting down and abandoning module Android_PVRTCTargetPlatform (87)
[2017.10.11-05.36.16:645][528]LogModuleManager: Shutting down and abandoning module Android_MultiTargetPlatform (85)
[2017.10.11-05.36.16:645][528]LogModuleManager: Shutting down and abandoning module Android_ETC2TargetPlatform (83)
[2017.10.11-05.36.16:645][528]LogModuleManager: Shutting down and abandoning module Android_ETC1TargetPlatform (81)
[2017.10.11-05.36.16:645][528]LogModuleManager: Shutting down and abandoning module Android_DXTTargetPlatform (79)
[2017.10.11-05.36.16:645][528]LogModuleManager: Shutting down and abandoning module Android_ATCTargetPlatform (77)
[2017.10.11-05.36.16:645][528]LogModuleManager: Shutting down and abandoning module Android_ASTCTargetPlatform (75)
[2017.10.11-05.36.16:645][528]LogModuleManager: Shutting down and abandoning module AndroidTargetPlatform (73)
[2017.10.11-05.36.16:645][528]LogModuleManager: Shutting down and abandoning module WindowsTargetPlatform (71)
[2017.10.11-05.36.16:645][528]LogModuleManager: Shutting down and abandoning module WindowsServerTargetPlatform (69)
[2017.10.11-05.36.16:645][528]LogModuleManager: Shutting down and abandoning module WindowsNoEditorTargetPlatform (67)
[2017.10.11-05.36.16:645][528]LogModuleManager: Shutting down and abandoning module WindowsClientTargetPlatform (65)
[2017.10.11-05.36.16:645][528]LogModuleManager: Shutting down and abandoning module MacTargetPlatform (63)
[2017.10.11-05.36.16:645][528]LogModuleManager: Shutting down and abandoning module MacServerTargetPlatform (61)
[2017.10.11-05.36.16:645][528]LogModuleManager: Shutting down and abandoning module MacNoEditorTargetPlatform (59)
[2017.10.11-05.36.16:645][528]LogModuleManager: Shutting down and abandoning module MacClientTargetPlatform (57)
[2017.10.11-05.36.16:645][528]LogModuleManager: Shutting down and abandoning module AllDesktopTargetPlatform (55)
[2017.10.11-05.36.16:645][528]LogModuleManager: Shutting down and abandoning module InputCore (52)
[2017.10.11-05.36.16:645][528]LogModuleManager: Shutting down and abandoning module Settings (50)
[2017.10.11-05.36.16:645][528]LogModuleManager: Shutting down and abandoning module OculusRift (48)
[2017.10.11-05.36.16:645][528]LogModuleManager: Shutting down and abandoning module GearVR (46)
[2017.10.11-05.36.16:645][528]LogModuleManager: Shutting down and abandoning module ExampleDeviceProfileSelector (44)
[2017.10.11-05.36.16:645][528]LogModuleManager: Shutting down and abandoning module OnlineBlueprintSupport (42)
[2017.10.11-05.36.16:645][528]LogModuleManager: Shutting down and abandoning module OnlineSubsystem (38)
[2017.10.11-05.36.16:645][528]LogOnline:Display: Unloading online subsystem: NULL
[2017.10.11-05.36.16:645][528]LogModuleManager: Shutting down and abandoning module XMPP (37)
[2017.10.11-05.36.16:645][528]LogModuleManager: Shutting down and abandoning module HTTP (35)
[2017.10.11-05.36.16:645][528]LogHttp:Display: Http module shutting down, but needs to wait on 1 outstanding Http requests:
[2017.10.11-05.36.16:645][528]LogHttp:Display: 	verb=[POST] url=[https://datarouter.ol.epicgames.com/datarouter/api/v1/public/data?SessionID=%7BD0360073-4CC1-D097-268C-D99C7D1B72D7%7D&AppID=UEEditor.Rocket.Release&AppVersion=4.15.3-3450819%2B%2B%2BUE4%2BRelease-4.15&UserID=ff5c9ed64219dcba232116aaa96ada53%7C658f3e819b6947628c70988c832621f1%7Cf581c966-c11e-46b0-983f-6267ea7ead98&AppEnvironment=datacollector-binary&UploadType=eteventstream] status=Processing
[2017.10.11-05.36.16:678][528]LogModuleManager: Shutting down and abandoning module SSL (34)
[2017.10.11-05.36.16:679][528]LogModuleManager: Shutting down and abandoning module AudioEditor (30)
[2017.10.11-05.36.16:679][528]LogModuleManager: Shutting down and abandoning module TextureCompressor (28)
[2017.10.11-05.36.16:679][528]LogModuleManager: Shutting down and abandoning module ShaderCore (26)
[2017.10.11-05.36.16:679][528]LogModuleManager: Shutting down and abandoning module Landscape (24)
[2017.10.11-05.36.16:679][528]LogModuleManager: Shutting down and abandoning module SlateRHIRenderer (22)
[2017.10.11-05.36.16:680][528]LogModuleManager: Shutting down and abandoning module OpenGLDrv (20)
[2017.10.11-05.36.16:680][528]LogModuleManager: Shutting down and abandoning module D3D11RHI (18)
[2017.10.11-05.36.16:680][528]LogModuleManager: Shutting down and abandoning module AnimGraphRuntime (16)
[2017.10.11-05.36.16:680][528]LogModuleManager: Shutting down and abandoning module Renderer (14)
[2017.10.11-05.36.16:680][528]LogModuleManager: Shutting down and abandoning module Engine (12)
[2017.10.11-05.36.16:680][528]LogModuleManager: Shutting down and abandoning module CoreUObject (10)
[2017.10.11-05.36.16:680][528]LogModuleManager: Shutting down and abandoning module NetworkFile (8)
[2017.10.11-05.36.16:680][528]LogModuleManager: Shutting down and abandoning module StreamingFile (6)
[2017.10.11-05.36.16:680][528]LogModuleManager: Shutting down and abandoning module SandboxFile (4)
[2017.10.11-05.36.16:680][528]LogModuleManager: Shutting down and abandoning module PakFile (2)
[2017.10.11-05.36.16:711][528]LogExit: Exiting.
[2017.10.11-05.36.16:743][528]Log file closed, 10/11/17 13:36:16
