Log file open, 07/13/17 08:23:17
LogInit:Display: Running engine for game: Meeting
LogPlatformFile: Not using cached read wrapper
LogInit:Display: RandInit(1561761839) SRandInit(1561761840).
LogTaskGraph: Started task graph with 5 named threads and 8 total threads with 1 sets of task threads.
LogStats: Stats thread started at 0.100701
LogFileManager:Error: Error flushing file: C:/Users/yeejin/AppData/Local/UnrealEngine/4.15/Saved/Config/Windows/EditorSettings.ini (There is not enough space on the disk.)
LogFileManager:Error: Error flushing file: C:/Users/yeejin/AppData/Local/UnrealEngine/4.15/Saved/Config/Windows/EditorLayout.ini (There is not enough space on the disk.)
LogInit:Warning: Incompatible or missing module: UE4Editor-Meeting.dll
Running C:/Program Files/Epic Games/UE_4.15/Engine/Binaries/DotNET/UnrealBuildTool.exe Meeting Development Win64 -project="D:/KDU/FYP_DumbTesting/Meeting/Meeting.uproject" -editorrecompile -progress -NoHotReloadFromIDE
Creating makefile for Meeting (.uproject file is newer)
ERROR: System.IO.FileNotFoundException: Could not load file or assembly 'file:///D:\KDU\FYP_DumbTesting\Meeting\Intermediate\Build\BuildRules\MeetingModuleRules.dll' or one of its dependencies. The system cannot find the file specified.
File name: 'file:///D:\KDU\FYP_DumbTesting\Meeting\Intermediate\Build\BuildRules\MeetingModuleRules.dll'
   at System.Reflection.RuntimeAssembly._nLoad(AssemblyName fileName, String codeBase, Evidence assemblySecurity, RuntimeAssembly locationHint, StackCrawlMark& stackMark, IntPtr pPrivHostBinder, Boolean throwOnFileNotFound, Boolean forIntrospection, Boolean suppressSecurityChecks)
   at System.Reflection.RuntimeAssembly.InternalLoadAssemblyName(AssemblyName assemblyRef, Evidence assemblySecurity, RuntimeAssembly reqAssembly, StackCrawlMark& stackMark, IntPtr pPrivHostBinder, Boolean throwOnFileNotFound, Boolean forIntrospection, Boolean suppressSecurityChecks)
   at System.Reflection.Assembly.Load(AssemblyName assemblyRef, Evidence assemblySecurity)
   at System.CodeDom.Compiler.CompilerResults.get_CompiledAssembly()
   at UnrealBuildTool.DynamicCompilation.CompileAssembly(FileReference OutputAssemblyPath, List`1 SourceFileNames, List`1 ReferencedAssembies, List`1 PreprocessorDefines, Boolean TreatWarningsAsErrors)
   at UnrealBuildTool.DynamicCompilation.CompileAndLoadAssembly(FileReference OutputAssemblyPath, List`1 SourceFileNames, List`1 ReferencedAssembies, List`1 PreprocessorDefines, Boolean DoNotCompile, Boolean TreatWarningsAsErrors)
   at UnrealBuildTool.RulesAssembly..ctor(IReadOnlyList`1 Plugins, List`1 ModuleFiles, List`1 TargetFiles, Dictionary`2 ModuleFileToPluginInfo, FileReference AssemblyFileName, RulesAssembly Parent)
   at UnrealBuildTool.RulesCompiler.CreateProjectRulesAssembly(FileReference ProjectFileName)
   at UnrealBuildTool.UEBuildTarget.CreateTarget(TargetDescriptor Desc)
   at UnrealBuildTool.UnrealBuildTool.RunUBT(String[] Arguments, FileReference ProjectFile)

WRN: Assembly binding logging is turned OFF.
To enable assembly bind failure logging, set the registry value [HKLM\Software\Microsoft\Fusion!EnableLog] (DWORD) to 1.
Note: There is some performance penalty associated with assembly bind failure logging.
To turn this feature off, remove the registry value [HKLM\Software\Microsoft\Fusion!EnableLog].

LogInit:Warning: Still incompatible or missing module: UE4Editor-Meeting.dll
LogExit: Preparing to exit.
LogModuleManager: Shutting down and abandoning module DesktopPlatform (32)
LogModuleManager: Shutting down and abandoning module AudioEditor (30)
LogModuleManager: Shutting down and abandoning module TextureCompressor (28)
LogModuleManager: Shutting down and abandoning module ShaderCore (26)
LogModuleManager: Shutting down and abandoning module Landscape (24)
LogModuleManager: Shutting down and abandoning module SlateRHIRenderer (22)
LogModuleManager: Shutting down and abandoning module OpenGLDrv (20)
LogModuleManager: Shutting down and abandoning module D3D11RHI (18)
LogModuleManager: Shutting down and abandoning module AnimGraphRuntime (16)
LogModuleManager: Shutting down and abandoning module Renderer (14)
LogModuleManager: Shutting down and abandoning module Engine (12)
LogModuleManager: Shutting down and abandoning module CoreUObject (10)
LogModuleManager: Shutting down and abandoning module NetworkFile (8)
LogModuleManager: Shutting down and abandoning module StreamingFile (6)
LogModuleManager: Shutting down and abandoning module SandboxFile (4)
LogModuleManager: Shutting down and abandoning module PakFile (2)
LogExit: Exiting.
Log file closed, 07/13/17 08:23:27
