Log file open, 08/03/17 02:43:16
LogInit:Display: Running engine for game: Meeting
LogPlatformFile: Not using cached read wrapper
LogInit:Display: RandInit(1341827738) SRandInit(1341827738).
LogTaskGraph: Started task graph with 5 named threads and 8 total threads with 1 sets of task threads.
LogStats: Stats thread started at 19.789261
LogInit: Using libcurl 7.47.1
LogInit:  - built for x86_64-pc-win32
LogInit:  - supports SSL with OpenSSL/1.0.2g
LogInit:  - supports HTTP deflate (compression) using libz 1.2.8
LogInit:  - other features:
LogInit:      CURL_VERSION_SSL
LogInit:      CURL_VERSION_LIBZ
LogInit:      CURL_VERSION_IPV6
LogInit:      CURL_VERSION_ASYNCHDNS
LogInit:      CURL_VERSION_LARGEFILE
LogInit:      CURL_VERSION_IDN
LogInit:  CurlRequestOptions (configurable via config and command line):
LogInit:  - bVerifyPeer = false  - Libcurl will NOT verify peer certificate
LogInit:  - bUseHttpProxy = false  - Libcurl will NOT use HTTP proxy
LogInit:  - bDontReuseConnections = false  - Libcurl will reuse connections
LogInit:  - CertBundlePath = nullptr  - Libcurl will use whatever was configured at build time.
LogInit: Build: ++UE4+Release-4.15-CL-3450819
LogInit: Engine Version: 4.15.3-3450819+++UE4+Release-4.15
LogInit: Compatible Engine Version: 4.15.0-3299760+++UE4+Release-4.15
LogInit: Net CL: 3299760
LogDevObjectVersion: Number of dev versions registered: 14
LogDevObjectVersion:   Dev-Blueprints (B0D832E4-1F89-4F0D-ACCF-7EB736FD4AA2): 8
LogDevObjectVersion:   Dev-Build (E1C64328-A22C-4D53-A36C-8E866417BD8C): 0
LogDevObjectVersion:   Dev-Core (375EC13C-06E4-48FB-B500-84F0262A717E): 2
LogDevObjectVersion:   Dev-Editor (E4B068ED-F494-42E9-A231-DA0B2E46BB41): 14
LogDevObjectVersion:   Dev-Framework (CFFC743F-43B0-4480-9391-14DF171D2073): 22
LogDevObjectVersion:   Dev-Mobile (B02B49B5-BB20-44E9-A304-32B752E40360): 0
LogDevObjectVersion:   Dev-Networking (A4E4105C-59A1-49B5-A7C5-40C4547EDFEE): 0
LogDevObjectVersion:   Dev-Online (39C831C9-5AE6-47DC-9A44-9C173E1C8E7C): 0
LogDevObjectVersion:   Dev-Physics (78F01B33-EBEA-4F98-B9B4-84EACCB95AA2): 0
LogDevObjectVersion:   Dev-Platform (6631380F-2D4D-43E0-8009-CF276956A95A): 0
LogDevObjectVersion:   Dev-Rendering (12F88B9F-8875-4AFC-A67C-D90C383ABD29): 12
LogDevObjectVersion:   Dev-Sequencer (7B5AE74C-D270-4C10-A958-57980B212A5A): 3
LogDevObjectVersion:   Dev-VR (D7296918-1DD6-4BDD-9DE2-64A83CC13884): 0
LogDevObjectVersion:   Dev-LoadTimes (C2A15278-BFE7-4AFE-6C17-90FF531DF755): 1
LogInit: Compiled (64-bit): May 21 2017 11:02:34
LogInit: Compiled with Visual C++: 19.00.23026.00
LogInit: Build Configuration: Development
LogInit: Branch Name: ++UE4+Release-4.15
LogInit: Command line:  
LogInit: Base directory: D:/UE_4.15/Engine/Binaries/Win64/
LogInit: Installed Engine Build: 1
LogInit: Presizing for max 8388607 objects, including 0 objects not considered by GC, pre-allocating 0 bytes for permanent pool.
LogInit: Object subsystem initialized
[2017.08.02-18.43.20:384][  0]LogInit: Selected Device Profile: [Windows]
[2017.08.02-18.43.20:384][  0]LogInit: Applying CVar settings loaded from the selected device profile: [Windows]
[2017.08.02-18.43.20:645][  0]LogInit: Computer: ASUS
[2017.08.02-18.43.20:645][  0]LogInit: User: User
[2017.08.02-18.43.20:645][  0]LogInit: CPU Page size=65536, Cores=4
[2017.08.02-18.43.20:645][  0]LogInit: High frequency timer resolution =2.338343 MHz
[2017.08.02-18.43.20:697][  0]LogMemory: Memory total: Physical=7.9GB (8GB approx)
[2017.08.02-18.43.20:727][  0]LogMemory: Platform Memory Stats for Windows
[2017.08.02-18.43.20:727][  0]LogMemory: Process Physical Memory: 264.57 MB used, 264.57 MB peak
[2017.08.02-18.43.20:727][  0]LogMemory: Process Virtual Memory: 262.61 MB used, 262.61 MB peak
[2017.08.02-18.43.20:727][  0]LogMemory: Physical Memory: 7537.21 MB used,  572.27 MB free, 8109.48 MB total
[2017.08.02-18.43.20:727][  0]LogMemory: Virtual Memory: 646.04 MB used,  572.27 MB free, 134217728.00 MB total
[2017.08.02-18.43.26:433][  0]LogTextLocalizationManager: No specific translations for ('en-US') exist, so ('en') translations will be used.
[2017.08.02-18.43.43:700][  0]LogD3D11RHI: D3D11 adapters:
[2017.08.02-18.43.44:392][  0]LogD3D11RHI:    0. 'NVIDIA GeForce GTX 770M' (Feature Level 11_0)
[2017.08.02-18.43.44:392][  0]LogD3D11RHI:       3039/0/4054 MB DedicatedVideo/DedicatedSystem/SharedSystem, Outputs:1, VendorId:0x10de
[2017.08.02-18.43.44:535][  0]LogD3D11RHI:    1. 'Microsoft Basic Render Driver' (Feature Level 11_0)
[2017.08.02-18.43.44:535][  0]LogD3D11RHI:       0/0/4054 MB DedicatedVideo/DedicatedSystem/SharedSystem, Outputs:0, VendorId:0x1414
[2017.08.02-18.43.44:535][  0]LogD3D11RHI: Chosen D3D11 Adapter: 0
[2017.08.02-18.43.44:645][  0]LogD3D11RHI: Creating new Direct3DDevice
[2017.08.02-18.43.44:645][  0]LogD3D11RHI:     GPU DeviceId: 0x11e0 (for the marketing name, search the web for "GPU Device Id")
[2017.08.02-18.43.44:645][  0]LogWindows: EnumDisplayDevices:
[2017.08.02-18.43.44:645][  0]LogWindows:    0. 'NVIDIA GeForce GTX 770M' (P:1 D:1)
[2017.08.02-18.43.44:645][  0]LogWindows:    1. 'NVIDIA GeForce GTX 770M' (P:0 D:0)
[2017.08.02-18.43.44:645][  0]LogWindows:    2. 'NVIDIA GeForce GTX 770M' (P:0 D:0)
[2017.08.02-18.43.44:645][  0]LogWindows:    3. 'NVIDIA GeForce GTX 770M' (P:0 D:0)
[2017.08.02-18.43.44:646][  0]LogWindows: DebugString: FoundDriverCount:4 
[2017.08.02-18.43.44:646][  0]LogD3D11RHI:     Adapter Name: NVIDIA GeForce GTX 770M
[2017.08.02-18.43.44:646][  0]LogD3D11RHI:   Driver Version: 375.63 (internal:21.21.13.7563, unified:375.63)
[2017.08.02-18.43.44:646][  0]LogD3D11RHI:      Driver Date: 10-21-2016
[2017.08.02-18.43.44:646][  0]LogRHI: Texture pool is 1361 MB (70% of 1945 MB)
[2017.08.02-18.43.44:683][  0]LogD3D11RHI:Warning: Timestamp queries are currently disabled on this hardware due to instability. Realtime GPU stats will not be available. You can override this behaviour by setting r.NVIDIATimestampWorkaround to 0
[2017.08.02-18.43.44:830][  0]LogD3D11RHI: Async texture creation enabled
[2017.08.02-18.43.45:487][  0]LogD3D11RHI: GPU Timing Frequency: 1000.000000 (Debug: 2 5)
[2017.08.02-18.43.45:694][  0]LogShaderCompilers: Guid format shader working directory is -14 characters bigger than the processId version (C:/Users/User/Desktop/Unreal/GitHub/FYP_DumbTesting/Meeting/Intermediate/Shaders/WorkingDirectory/8020/).
[2017.08.02-18.43.45:776][  0]LogShaderCompilers: Cleaned the shader compiler working directory 'C:/Users/User/AppData/Local/Temp/UnrealShaderWorkingDir/52D6F0B9421F46C3578620B7B98428CB/'.
[2017.08.02-18.43.45:776][  0]LogShaderCompilers:Display: Using Local Shader Compiler.
[2017.08.02-18.44.24:744][  0]LogTemp:Display: Loaded TP AllDesktopTargetPlatform
[2017.08.02-18.44.24:822][  0]LogTemp:Display: Loaded TP MacClientTargetPlatform
[2017.08.02-18.44.24:889][  0]LogTemp:Display: Loaded TP MacNoEditorTargetPlatform
[2017.08.02-18.44.24:960][  0]LogTemp:Display: Loaded TP MacServerTargetPlatform
[2017.08.02-18.44.25:065][  0]LogTemp:Display: Loaded TP MacTargetPlatform
[2017.08.02-18.44.25:144][  0]LogTemp:Display: Loaded TP WindowsClientTargetPlatform
[2017.08.02-18.44.25:236][  0]LogTemp:Display: Loaded TP WindowsNoEditorTargetPlatform
[2017.08.02-18.44.25:303][  0]LogTemp:Display: Loaded TP WindowsServerTargetPlatform
[2017.08.02-18.44.25:362][  0]LogTemp:Display: Loaded TP WindowsTargetPlatform
[2017.08.02-18.44.25:463][  0]LogTemp:Display: Loaded TP AndroidTargetPlatform
[2017.08.02-18.44.25:540][  0]LogTemp:Display: Loaded TP Android_ASTCTargetPlatform
[2017.08.02-18.44.25:608][  0]LogTemp:Display: Loaded TP Android_ATCTargetPlatform
[2017.08.02-18.44.25:693][  0]LogTemp:Display: Loaded TP Android_DXTTargetPlatform
[2017.08.02-18.44.25:766][  0]LogTemp:Display: Loaded TP Android_ETC1TargetPlatform
[2017.08.02-18.44.25:844][  0]LogTemp:Display: Loaded TP Android_ETC2TargetPlatform
[2017.08.02-18.44.26:039][  0]LogTemp:Display: Loaded TP Android_MultiTargetPlatform
[2017.08.02-18.44.26:039][  0]LogTemp:Display: Loaded TP Android_PVRTCTargetPlatform
[2017.08.02-18.44.26:204][  0]LogTemp:Display: Loaded TP HTML5TargetPlatform
[2017.08.02-18.44.26:628][  0]LogTemp:Display: Loaded TP IOSTargetPlatform
[2017.08.02-18.44.26:658][  0]LogTemp:Display: Loaded TP TVOSTargetPlatform
[2017.08.02-18.44.26:730][  0]LogTemp:Display: Loaded TP LinuxClientTargetPlatform
[2017.08.02-18.44.26:801][  0]LogTemp:Display: Loaded TP LinuxNoEditorTargetPlatform
[2017.08.02-18.44.26:886][  0]LogTemp:Display: Loaded TP LinuxServerTargetPlatform
[2017.08.02-18.44.27:017][  0]LogTemp:Display: Loaded TP LinuxTargetPlatform
[2017.08.02-18.44.27:017][  0]LogTargetPlatformManager:Display: Building Assets For Windows
[2017.08.02-18.44.31:045][  0]LogDerivedDataCache:Display: Max Cache Size: 512 MB
[2017.08.02-18.44.43:873][  0]LogDerivedDataCache: Loaded boot cache 12.80s 50MB C:/Users/User/AppData/Local/UnrealEngine/4.15/DerivedDataCache/Boot.ddc.
[2017.08.02-18.44.43:873][  0]LogDerivedDataCache:Display: Loaded Boot cache: C:/Users/User/AppData/Local/UnrealEngine/4.15/DerivedDataCache/Boot.ddc
[2017.08.02-18.44.43:873][  0]LogDerivedDataCache: FDerivedDataBackendGraph:  Pak pak cache file C:/Users/User/Desktop/Unreal/GitHub/FYP_DumbTesting/Meeting/DerivedDataCache/DDC.ddp not found, will not use a pak cache.
[2017.08.02-18.44.43:873][  0]LogDerivedDataCache: Unable to find inner node Pak for hierarchical cache Hierarchy.
[2017.08.02-18.44.43:873][  0]LogDerivedDataCache: FDerivedDataBackendGraph:  CompressedPak pak cache file C:/Users/User/Desktop/Unreal/GitHub/FYP_DumbTesting/Meeting/DerivedDataCache/Compressed.ddp not found, will not use a pak cache.
[2017.08.02-18.44.43:873][  0]LogDerivedDataCache: Unable to find inner node CompressedPak for hierarchical cache Hierarchy.
[2017.08.02-18.44.43:923][  0]LogDerivedDataCache:Display: Pak cache opened for reading ../../../Engine/DerivedDataCache/Compressed.ddp.
[2017.08.02-18.44.43:935][  0]LogDerivedDataCache: Using Local data cache path C:/Users/User/AppData/Local/UnrealEngine/Common/DerivedDataCache: Writable
[2017.08.02-18.44.44:116][  0]LogSlate: Using Freetype 2.6.0
[2017.08.02-18.44.44:282][  0]LogSlate: SlateFontCache - WITH_FREETYPE: 1, WITH_HARFBUZZ: 1
[2017.08.02-18.44.44:282][  0]LogSlate: SlateFontCache - WITH_FREETYPE: 1, WITH_HARFBUZZ: 1
[2017.08.02-18.45.36:918][  0]LogInit: Selected Device Profile: [Windows]
[2017.08.02-18.45.37:026][  0]LogContentStreaming: Texture pool size is 0.00 MB
[2017.08.02-18.45.38:508][  0]LogMeshUtilities: Using QuadricMeshReduction for automatic static mesh reduction
[2017.08.02-18.45.38:690][  0]LogSimplygon: Simplygon DLL not present - disabling.
[2017.08.02-18.45.38:874][  0]LogMeshUtilities: Using SimplygonSwarm for distributed automatic mesh merging
[2017.08.02-18.45.38:874][  0]LogMeshUtilities: No automatic skeletal mesh reduction module available
[2017.08.02-18.45.38:874][  0]LogMeshUtilities: No automatic mesh merging module available
[2017.08.02-18.45.50:113][  0]LogNetVersion: GetLocalNetworkVersion: CL: 3299760, ProjectName: meeting, ProjectVersion: , EngineNetworkVersion: 2, GameNetworkVersion: 0, NetworkChecksum: 116300604
[2017.08.02-18.45.50:624][  0]LogAssetRegistry: FAssetRegistry took 0.0212 seconds to start up
[2017.08.02-18.45.50:882][  0]LogPackageLocalizationCache: Processed 3 localized package path(s) for 2 prioritized culture(s) in 0.159503 seconds
[2017.08.02-18.45.51:052][  0]LogUObjectArray: 32493 objects as part of root set at end of initial load.
[2017.08.02-18.45.51:052][  0]LogUObjectAllocator: 7077032 out of 0 bytes used by permanent object pool.
[2017.08.02-18.45.51:052][  0]LogUObjectArray: CloseDisregardForGC: 0/0 objects in disregard for GC pool
[2017.08.02-18.45.51:160][  0]LogInit: WinSock: version 1.1 (2.2), MaxSocks=32767, MaxUdp=65467
[2017.08.02-18.46.08:594][  0]LogTcpMessaging: Initializing TcpMessaging bridge
[2017.08.02-18.46.08:642][  0]LogUdpMessaging: Initializing bridge on interface 0.0.0.0:0 to multicast group 230.0.0.1:6666.
[2017.08.02-18.46.09:874][  0]LogMaterial: Uniform references updated for custom material expression Custom.
[2017.08.02-18.46.10:516][  0]SourceControl: Info Source control is disabled
[2017.08.02-18.46.11:587][  0]SourceControl: Info Source control is disabled
[2017.08.02-18.46.11:725][  0]SourceControl: Info Source control is disabled
[2017.08.02-18.46.11:801][  0]SourceControl: Info Source control is disabled
[2017.08.02-18.46.14:274][  0]LogEngine: Initializing Engine...
[2017.08.02-18.46.14:371][  0]LogHMD: Failed to initialize OpenVR with code 100
[2017.08.02-18.46.14:584][  0]LogStats: UGameplayTagsManager::ConstructGameplayTagTree: Construct from data asset -  0.000 s
[2017.08.02-18.46.14:601][  0]LogStats: UGameplayTagsManager::ConstructGameplayTagTree: GameplayTagTreeChangedEvent.Broadcast -  0.000 s
[2017.08.02-18.46.14:787][  0]LogAIModule: Creating AISystem for world Untitled
[2017.08.02-18.46.14:851][  0]LogInit: XAudio2 using 'Speakers (Realtek High Definition Audio)' : 2 channels at 48 kHz using 32 bits per sample (channel mask 0x3)
[2017.08.02-18.46.14:899][  0]LogInit: FAudioDevice initialized.
[2017.08.02-18.46.14:925][  0]LogDerivedDataCache: Saved boot cache 0.03s 50MB C:/Users/User/AppData/Local/UnrealEngine/4.15/DerivedDataCache/Boot.ddc.
[2017.08.02-18.46.14:932][  0]LogInit: Texture streaming: Enabled
[2017.08.02-18.46.16:157][  0]LogEngineSessionManager: EngineSessionManager initialized
[2017.08.02-18.46.16:842][  0]LogInit: Transaction tracking system initialized
[2017.08.02-18.46.17:299][  0]BlueprintLog: New page: Editor Load
[2017.08.02-18.46.18:883][  0]LocalizationService: Info Localization service is disabled
[2017.08.02-18.46.20:062][  0]LogConsoleResponse:Display: 
[2017.08.02-18.46.22:544][  0]LogFileCache: Scanning file cache for directory 'C:/Users/User/Desktop/Unreal/GitHub/FYP_DumbTesting/Meeting/Content/' took 0.02s
[2017.08.02-18.46.22:544][  0]LogCook:Display: Max memory allowance for cook 16384mb min free memory 0mb
[2017.08.02-18.46.22:544][  0]LogCook:Display: Mobile HDR setting 1
[2017.08.02-18.46.27:184][  0]SourceControl: Info Source control is disabled
[2017.08.02-18.46.27:321][  0]Cmd: MAP LOAD FILE="C:/Users/User/Desktop/Unreal/GitHub/FYP_DumbTesting/Meeting/Content/ThirdPersonBP/Maps/MockUp_Map.umap" TEMPLATE=0 SHOWPROGRESS=1 FEATURELEVEL=3
[2017.08.02-18.46.27:361][  0]LightingResults: New page: Lighting Build
[2017.08.02-18.46.27:446][  0]MapCheck: New page: Map Check
[2017.08.02-18.46.27:446][  0]LightingResults: New page: Lighting Build
[2017.08.02-18.46.29:373][  0]LogBlueprint:Warning: [Compiler ThirdPersonCharacter] Warning InputAction Event references unknown Action 'ResetVR' for  InputAction ResetVR
[2017.08.02-18.46.29:373][  0]LogBlueprint:Warning: [Compiler ThirdPersonCharacter] Warning Input Axis Event references unknown Axis 'LookUpRate' for  InputAxis LookUpRate
[2017.08.02-18.46.29:373][  0]LogBlueprint:Warning: [Compiler ThirdPersonCharacter] Warning Input Axis Event references unknown Axis 'TurnRate' for  InputAxis TurnRate
[2017.08.02-18.46.29:373][  0]LogBlueprint:Warning: [Compiler ThirdPersonCharacter] Warning InputAction Event references unknown Action 'Jump' for  InputAction Jump
[2017.08.02-18.46.29:374][  0]LogBlueprint:Warning: [Compiler ThirdPersonCharacter] Warning Input Axis Event references unknown Axis 'LookUp' for  InputAxis LookUp
[2017.08.02-18.46.29:374][  0]LogBlueprint:Warning: [Compiler ThirdPersonCharacter] Warning Input Axis Event references unknown Axis 'Turn' for  InputAxis Turn
[2017.08.02-18.46.29:378][  0]LogBlueprint:Warning: [Compiler ThirdPersonCharacter] Warning [0243.23] Compile of ThirdPersonCharacter successful, but with 6 Warning(s) [in 8 ms] (/Game/ThirdPersonBP/Blueprints/ThirdPersonCharacter.ThirdPersonCharacter)
[2017.08.02-18.46.29:378][  0]LogBlueprint:Warning: [Compiler ThirdPersonCharacter] Warning [0243.23] Compile of ThirdPersonCharacter successful, but with 7 Warning(s) [in 0 ms] (/Game/ThirdPersonBP/Blueprints/ThirdPersonCharacter.ThirdPersonCharacter)
[2017.08.02-18.46.29:378][  0]LogBlueprint:Warning: [Compiler ThirdPersonCharacter] Warning [0243.23] Compile of ThirdPersonCharacter successful, but with 8 Warning(s) [in 0 ms] (/Game/ThirdPersonBP/Blueprints/ThirdPersonCharacter.ThirdPersonCharacter)
[2017.08.02-18.46.29:383][  0]LogBlueprint:Warning: [Compiler ThirdPersonCharacter] Warning InputAction Event references unknown Action 'ResetVR' for  InputAction ResetVR
[2017.08.02-18.46.29:383][  0]LogBlueprint:Warning: [Compiler ThirdPersonCharacter] Warning Input Axis Event references unknown Axis 'LookUpRate' for  InputAxis LookUpRate
[2017.08.02-18.46.29:383][  0]LogBlueprint:Warning: [Compiler ThirdPersonCharacter] Warning Input Axis Event references unknown Axis 'TurnRate' for  InputAxis TurnRate
[2017.08.02-18.46.29:383][  0]LogBlueprint:Warning: [Compiler ThirdPersonCharacter] Warning InputAction Event references unknown Action 'Jump' for  InputAction Jump
[2017.08.02-18.46.29:383][  0]LogBlueprint:Warning: [Compiler ThirdPersonCharacter] Warning Input Axis Event references unknown Axis 'LookUp' for  InputAxis LookUp
[2017.08.02-18.46.29:384][  0]LogBlueprint:Warning: [Compiler ThirdPersonCharacter] Warning Input Axis Event references unknown Axis 'Turn' for  InputAxis Turn
[2017.08.02-18.46.29:387][  0]LogBlueprint:Warning: [Compiler ThirdPersonCharacter] Warning [0243.24] Compile of ThirdPersonCharacter successful, but with 6 Warning(s) [in 7 ms] (/Game/ThirdPersonBP/Blueprints/ThirdPersonCharacter.ThirdPersonCharacter)
[2017.08.02-18.46.29:387][  0]LogBlueprint:Warning: [Compiler ThirdPersonCharacter] Warning [0243.24] Compile of ThirdPersonCharacter successful, but with 7 Warning(s) [in 0 ms] (/Game/ThirdPersonBP/Blueprints/ThirdPersonCharacter.ThirdPersonCharacter)
[2017.08.02-18.46.29:387][  0]LogBlueprint:Warning: [Compiler ThirdPersonCharacter] Warning [0243.24] Compile of ThirdPersonCharacter successful, but with 8 Warning(s) [in 0 ms] (/Game/ThirdPersonBP/Blueprints/ThirdPersonCharacter.ThirdPersonCharacter)
[2017.08.02-18.46.35:660][  0]LogLinker:Warning: Can't find file '/Game/Art/Environment/newdev/zzzzzz'
[2017.08.02-18.46.35:661][  0]LogLinker:Warning: Can't find file for asset '/Game/Art/Environment/newdev/zzzzzz' while loading C:/Users/User/Desktop/Unreal/GitHub/FYP_DumbTesting/Meeting/Content/Art/Environment/Mesh/SM_Corridor_Frame.uasset.
[2017.08.02-18.46.35:661][  0]LoadErrors:Error: Error /Game/Art/Environment/Mesh/SM_Corridor_Frame : Can't find file for asset. /Game/Art/Environment/newdev/zzzzzz
[2017.08.02-18.46.35:661][  0]LogLinker:Warning: Can't find file '/Game/Art/Environment/newdev/zzzzzz'
[2017.08.02-18.46.35:661][  0]LogLinker:Warning: Can't find file for asset '/Game/Art/Environment/newdev/zzzzzz' while loading C:/Users/User/Desktop/Unreal/GitHub/FYP_DumbTesting/Meeting/Content/Art/Environment/Mesh/SM_Corridor_Frame.uasset.
[2017.08.02-18.46.35:661][  0]LoadErrors:Error: Error /Game/Art/Environment/Mesh/SM_Corridor_Frame : Can't find file for asset. /Game/Art/Environment/newdev/zzzzzz
[2017.08.02-18.46.35:967][  0]LogLinker:Warning: Can't find file '/Game/Art/Environment/newdev/2'
[2017.08.02-18.46.35:968][  0]LogLinker:Warning: Can't find file for asset '/Game/Art/Environment/newdev/2' while loading C:/Users/User/Desktop/Unreal/GitHub/FYP_DumbTesting/Meeting/Content/Art/Environment/Mesh/SM_Corridor_Wall.uasset.
[2017.08.02-18.46.35:968][  0]LoadErrors:Error: Error /Game/Art/Environment/Mesh/SM_Corridor_Wall : Can't find file for asset. /Game/Art/Environment/newdev/2
[2017.08.02-18.46.35:968][  0]LogLinker:Warning: Can't find file '/Game/Art/Environment/newdev/2'
[2017.08.02-18.46.35:968][  0]LogLinker:Warning: Can't find file for asset '/Game/Art/Environment/newdev/2' while loading C:/Users/User/Desktop/Unreal/GitHub/FYP_DumbTesting/Meeting/Content/Art/Environment/Mesh/SM_Corridor_Wall.uasset.
[2017.08.02-18.46.35:968][  0]LoadErrors:Error: Error /Game/Art/Environment/Mesh/SM_Corridor_Wall : Can't find file for asset. /Game/Art/Environment/newdev/2
[2017.08.02-18.46.48:824][  0]LogLinker:Warning: Can't find file '/Game/Art/Environment/newdev/2'
[2017.08.02-18.46.48:825][  0]LoadErrors: Info Failed to load /Game/Art/Environment/newdev/2.2 Referenced by SM_Corridor_Wall
[2017.08.02-18.46.48:825][  0]LogLinker:Warning: Can't find file for asset '/Game/Art/Environment/newdev/2' while loading NULL.
[2017.08.02-18.46.48:825][  0]LoadErrors: Info Failed to load /Game/Art/Environment/newdev/2.2 Referenced by SM_Corridor_Wall
[2017.08.02-18.46.48:929][  0]LogLinker:Warning: Can't find file '/Game/Art/Environment/newdev/zzzzzz'
[2017.08.02-18.46.48:929][  0]LoadErrors: Info Failed to load /Game/Art/Environment/newdev/zzzzzz.zzzzzz Referenced by SM_Corridor_Frame
[2017.08.02-18.46.48:929][  0]LogLinker:Warning: Can't find file for asset '/Game/Art/Environment/newdev/zzzzzz' while loading NULL.
[2017.08.02-18.46.48:929][  0]LoadErrors: Info Failed to load /Game/Art/Environment/newdev/zzzzzz.zzzzzz Referenced by SM_Corridor_Frame
[2017.08.02-18.48.50:775][  0]LogAIModule: Creating AISystem for world MockUp_Map
[2017.08.02-18.48.51:429][  0]LogEditorServer: Finished looking for orphan Actors (0.000 secs)
[2017.08.02-18.48.51:706][  0]Cmd: MAP CHECKDEP NOCLEARLOG
[2017.08.02-18.48.51:969][  0]MapCheck: Info Map check complete: 0 Error(s), 0 Warning(s), took 262.972ms to complete.
[2017.08.02-18.48.51:969][  0]LogFileHelpers: Loading map 'MockUp_Map' took 144.648
[2017.08.02-18.48.52:735][  0]LogCollectionManager: Loaded 0 collections in 0.002428 seconds
[2017.08.02-18.48.52:835][  0]LogFileCache: Scanning file cache for directory 'C:/Users/User/Desktop/Unreal/GitHub/FYP_DumbTesting/Meeting/Saved/Collections/' took 0.01s
[2017.08.02-18.48.52:835][  0]LogFileCache: Scanning file cache for directory 'C:/Users/User/Desktop/Unreal/GitHub/FYP_DumbTesting/Meeting/Content/Developers/User/Collections/' took 0.01s
[2017.08.02-18.48.52:835][  0]LogFileCache: Scanning file cache for directory 'C:/Users/User/Desktop/Unreal/GitHub/FYP_DumbTesting/Meeting/Content/Collections/' took 0.01s
[2017.08.02-18.48.52:835][  0]LogCollectionManager: Rebuilt the GUID cache for 0 collections in 0.000001 seconds
[2017.08.02-18.48.52:887][  0]LogContentBrowser: Native class hierarchy populated in 0.0517 seconds. Added 2254 classes and 455 folders.
[2017.08.02-18.48.52:954][  0]LogContentBrowser: Native class hierarchy updated for 'WidgetCarousel' in 0.0024 seconds. Added 0 classes and 0 folders.
[2017.08.02-18.48.54:700][  0]LogContentBrowser: Native class hierarchy updated for 'AddContentDialog' in 0.0025 seconds. Added 0 classes and 0 folders.
[2017.08.02-18.48.54:798][  0]LogContentBrowser: Native class hierarchy updated for 'SceneOutliner' in 0.0027 seconds. Added 1 classes and 2 folders.
[2017.08.02-18.48.54:911][  0]LogCrashTracker: Crashtracker disabled due to settings.
[2017.08.02-18.48.54:970][  0]LogUObjectGlobals:Warning: Failed to find object 'Class None.'
[2017.08.02-18.48.55:239][  0]LogContentBrowser: Native class hierarchy updated for 'HierarchicalLODOutliner' in 0.0024 seconds. Added 1 classes and 2 folders.
[2017.08.02-18.48.55:240][  0]LogLoad: (Engine Initialization) Total time: 389.09 seconds
[2017.08.02-18.48.55:240][  0]LogLoad: (Engine Initialization) Total Blueprint compile time: 0.95 seconds
[2017.08.02-18.48.55:240][  0]LogExternalProfiler: Found external profiler: VSPerf
[2017.08.02-18.48.55:240][  0]LogExternalProfiler: Using external profiler: VSPerf
[2017.08.02-18.48.55:592][  0]LogOcInput: OculusInput pre-init called
[2017.08.02-18.48.55:691][  0]LogContentStreaming: Texture pool size now 600 MB
[2017.08.02-18.48.55:768][  0]LogSlate: Took 0.035653 seconds to synchronously load lazily loaded font '../../../Engine/Content/Slate/Fonts/Roboto-Regular.ttf' (155K)
[2017.08.02-18.48.55:790][  0]LogSlate: Took 0.016953 seconds to synchronously load lazily loaded font '../../../Engine/Content/Slate/Fonts/Roboto-Bold.ttf' (160K)
[2017.08.02-18.48.55:820][  0]LogSlate: Took 0.020731 seconds to synchronously load lazily loaded font '../../../Engine/Content/Editor/Slate/Fonts/FontAwesome.ttf' (139K)
[2017.08.02-18.48.55:833][  0]LogSlate: Took 0.009810 seconds to synchronously load lazily loaded font '../../../Engine/Content/Editor/Slate/Fonts/DroidSansMono.ttf' (77K)
[2017.08.02-18.48.56:197][  0]LogRenderer: Reallocating scene render targets to support 1116x648 NumSamples 1 (Frame:2).
[2017.08.02-18.48.56:717][  1]LogSlate: Took 0.118493 seconds to synchronously load lazily loaded font '../../../Engine/Content/Slate/Fonts/Roboto-Light.ttf' (159K)
[2017.08.02-18.48.56:788][  2]LogSlate: Took 0.000266 seconds to synchronously load lazily loaded font '../../../Engine/Content/Slate/Fonts/Roboto-Light.ttf' (159K)
[2017.08.02-18.48.57:105][  3]LogAssetRegistry: Asset discovery search completed in 186.5023 seconds
[2017.08.02-18.48.57:105][  3]LogCollectionManager: Rebuilt the object cache for 0 collections in 0.000006 seconds (found 0 objects)
[2017.08.02-18.48.57:106][  3]LogCollectionManager: Fixed up redirectors for 0 collections in 0.000180 seconds (updated 0 objects)
[2017.08.02-18.49.42:045][341]LogSlate: Took 0.000183 seconds to synchronously load lazily loaded font '../../../Engine/Content/Slate/Fonts/Roboto-Light.ttf' (159K)
[2017.08.02-18.49.42:647][341]LogContentBrowser: Native class hierarchy updated for 'BlueprintGraph' in 0.0028 seconds. Added 112 classes and 0 folders.
[2017.08.02-18.49.43:841][341]LogSlate: Took 0.019832 seconds to synchronously load lazily loaded font '../../../Engine/Content/Editor/Slate/Fonts/Roboto-BoldCondensed.ttf' (158K)
[2017.08.02-18.49.53:032][170]LogSlate: Took 0.000201 seconds to synchronously load lazily loaded font '../../../Engine/Content/Slate/Fonts/Roboto-Regular.ttf' (155K)
[2017.08.02-18.49.53:778][171]LogSlate: Took 0.010693 seconds to synchronously load lazily loaded font '../../../Engine/Content/Editor/Slate/Fonts/Roboto-Italic.ttf' (157K)
[2017.08.02-18.50.04:411][236]LogSavePackage: Save=37.28ms
[2017.08.02-18.50.04:412][236]LogSavePackage: Moving 'C:/Users/User/Desktop/Unreal/GitHub/FYP_DumbTesting/Meeting/Saved/Hacking_Terminal_UI8_BlueprintE827944243F8414689FD0D8789CD61F0.tmp' to 'C:/Users/User/Desktop/Unreal/GitHub/FYP_DumbTesting/Meeting/Content/Tech/InteractionSystem/Hacking_Terminal_UI8_Blueprint.uasset'
[2017.08.02-18.50.04:414][236]LogSavePackage:Display: Finished SavePackage C:/Users/User/Desktop/Unreal/GitHub/FYP_DumbTesting/Meeting/Content/Tech/InteractionSystem/Hacking_Terminal_UI8_Blueprint.uasset
[2017.08.02-18.50.12:763][ 14]Cmd: OBJ SAVEPACKAGE PACKAGE="/Game/Blueprint/Charater_BP" FILE="C:/Users/User/Desktop/Unreal/GitHub/FYP_DumbTesting/Meeting/Content/Blueprint/Charater_BP.uasset" SILENT=true
[2017.08.02-18.50.12:906][ 14]LogSavePackage: Save=132.05ms
[2017.08.02-18.50.12:906][ 14]LogSavePackage: Moving 'C:/Users/User/Desktop/Unreal/GitHub/FYP_DumbTesting/Meeting/Saved/Charater_BPC3281D4B47DED058C60F5F980C059A76.tmp' to 'C:/Users/User/Desktop/Unreal/GitHub/FYP_DumbTesting/Meeting/Content/Blueprint/Charater_BP.uasset'
[2017.08.02-18.50.12:912][ 14]LogSavePackage:Display: Finished SavePackage C:/Users/User/Desktop/Unreal/GitHub/FYP_DumbTesting/Meeting/Content/Blueprint/Charater_BP.uasset
[2017.08.02-18.50.15:839][308]BlueprintLog: New page: Compile Charater_BP
[2017.08.02-18.50.17:341][348]Cmd: OBJ SAVEPACKAGE PACKAGE="/Game/Blueprint/Charater_BP" FILE="C:/Users/User/Desktop/Unreal/GitHub/FYP_DumbTesting/Meeting/Content/Blueprint/Charater_BP.uasset" SILENT=true
[2017.08.02-18.50.17:482][348]LogSavePackage: Save=134.73ms
[2017.08.02-18.50.17:483][348]LogSavePackage: Moving 'C:/Users/User/Desktop/Unreal/GitHub/FYP_DumbTesting/Meeting/Saved/Charater_BP67374C8B4C85D1461483B798385EE384.tmp' to 'C:/Users/User/Desktop/Unreal/GitHub/FYP_DumbTesting/Meeting/Content/Blueprint/Charater_BP.uasset'
[2017.08.02-18.50.17:484][348]LogSavePackage:Display: Finished SavePackage C:/Users/User/Desktop/Unreal/GitHub/FYP_DumbTesting/Meeting/Content/Blueprint/Charater_BP.uasset
[2017.08.02-18.50.24:104][906]LogSavePackage: Save=1710.50ms
[2017.08.02-18.50.24:104][906]LogSavePackage: Moving 'C:/Users/User/Desktop/Unreal/GitHub/FYP_DumbTesting/Meeting/Saved/MockUp_Map42A8C61C4B213572B0016AB68EEDDFD0.tmp' to 'C:/Users/User/Desktop/Unreal/GitHub/FYP_DumbTesting/Meeting/Content/ThirdPersonBP/Maps/MockUp_Map.umap'
[2017.08.02-18.50.24:109][906]LogSavePackage:Display: Finished SavePackage C:/Users/User/Desktop/Unreal/GitHub/FYP_DumbTesting/Meeting/Content/ThirdPersonBP/Maps/MockUp_Map.umap
[2017.08.02-18.50.30:362][906]LogSavePackage: Save=3331.26ms
[2017.08.02-18.50.30:362][906]LogSavePackage: Moving 'C:/Users/User/Desktop/Unreal/GitHub/FYP_DumbTesting/Meeting/Saved/MockUp_Map_BuiltData5C256049452866C3568088824D403AA8.tmp' to 'C:/Users/User/Desktop/Unreal/GitHub/FYP_DumbTesting/Meeting/Content/ThirdPersonBP/Maps/MockUp_Map_BuiltData.uasset'
[2017.08.02-18.50.30:395][906]LogSavePackage:Display: Finished SavePackage C:/Users/User/Desktop/Unreal/GitHub/FYP_DumbTesting/Meeting/Content/ThirdPersonBP/Maps/MockUp_Map_BuiltData.uasset
[2017.08.02-18.50.31:500][ 33]LogTemp: Repeting last play command: Selected Viewport
[2017.08.02-18.50.31:525][ 33]LogBlueprintUserMessages: Early PlayInEditor Detection: Level '/Game/ThirdPersonBP/Maps/MockUp_Map.MockUp_Map:PersistentLevel' has LevelScriptBlueprint '/Game/ThirdPersonBP/Maps/MockUp_Map.MockUp_Map:PersistentLevel.MockUp_Map' with GeneratedClass '/Game/ThirdPersonBP/Maps/MockUp_Map.MockUp_Map_C' with ClassGeneratedBy '/Game/ThirdPersonBP/Maps/MockUp_Map.MockUp_Map:PersistentLevel.MockUp_Map'
[2017.08.02-18.50.31:526][ 33]LogPlayLevel: PlayLevel: No blueprints needed recompiling
[2017.08.02-18.50.31:526][ 33]PIE: New page: PIE session: MockUp_Map (Aug 3, 2017, 10:50:31 AM)
[2017.08.02-18.50.31:526][ 33]LogPlayLevel: Creating play world package: /Game/ThirdPersonBP/Maps/UEDPIE_0_MockUp_Map
[2017.08.02-18.50.31:641][ 33]LogPlayLevel: PIE: StaticDuplicateObject took: (0.114904s)
[2017.08.02-18.50.31:642][ 33]LogAIModule: Creating AISystem for world MockUp_Map
[2017.08.02-18.50.31:642][ 33]LogPlayLevel: PIE: World Init took: (0.000789s)
[2017.08.02-18.50.31:643][ 33]LogPlayLevel: PIE: Created PIE world by copying editor world from /Game/ThirdPersonBP/Maps/MockUp_Map.MockUp_Map to /Game/ThirdPersonBP/Maps/UEDPIE_0_MockUp_Map.MockUp_Map (0.117004s)
[2017.08.02-18.50.31:665][ 33]LogInit: XAudio2 using 'Speakers (Realtek High Definition Audio)' : 2 channels at 48 kHz using 32 bits per sample (channel mask 0x3)
[2017.08.02-18.50.31:672][ 33]LogInit: FAudioDevice initialized.
[2017.08.02-18.50.31:805][ 33]LogLoad: Game class is 'MeetingGameModeBase_BP_C'
[2017.08.02-18.50.31:851][ 33]LogWorld: Bringing World /Game/ThirdPersonBP/Maps/UEDPIE_0_MockUp_Map.MockUp_Map up for play (max tick rate 0) at 2017.08.03-02.50.31
[2017.08.02-18.50.31:855][ 33]LogWorld: Bringing up level for play took: 0.049166
[2017.08.02-18.50.31:889][ 33]LogContentBrowser: Native class hierarchy updated for 'MovieSceneCapture' in 0.0025 seconds. Added 11 classes and 0 folders.
[2017.08.02-18.50.31:894][ 33]PIE: Info Play in editor start time for /Game/ThirdPersonBP/Maps/UEDPIE_0_MockUp_Map -0.255
[2017.08.02-18.50.31:895][ 33]LogBlueprintUserMessages: Late PlayInEditor Detection: Level '/Game/ThirdPersonBP/Maps/MockUp_Map.MockUp_Map:PersistentLevel' has LevelScriptBlueprint '/Game/ThirdPersonBP/Maps/MockUp_Map.MockUp_Map:PersistentLevel.MockUp_Map' with GeneratedClass '/Game/ThirdPersonBP/Maps/MockUp_Map.MockUp_Map_C' with ClassGeneratedBy '/Game/ThirdPersonBP/Maps/MockUp_Map.MockUp_Map:PersistentLevel.MockUp_Map'
[2017.08.02-18.51.22:431][ 24]LogBlueprintUserMessages: Early EndPlayMap Detection: Level '/Game/ThirdPersonBP/Maps/MockUp_Map.MockUp_Map:PersistentLevel' has LevelScriptBlueprint '/Game/ThirdPersonBP/Maps/MockUp_Map.MockUp_Map:PersistentLevel.MockUp_Map' with GeneratedClass '/Game/ThirdPersonBP/Maps/MockUp_Map.MockUp_Map_C' with ClassGeneratedBy '/Game/ThirdPersonBP/Maps/MockUp_Map.MockUp_Map:PersistentLevel.MockUp_Map'
[2017.08.02-18.51.22:524][ 24]LogBlueprintUserMessages: Late EndPlayMap Detection: Level '/Game/ThirdPersonBP/Maps/MockUp_Map.MockUp_Map:PersistentLevel' has LevelScriptBlueprint '/Game/ThirdPersonBP/Maps/MockUp_Map.MockUp_Map:PersistentLevel.MockUp_Map' with GeneratedClass '/Game/ThirdPersonBP/Maps/MockUp_Map.MockUp_Map_C' with ClassGeneratedBy '/Game/ThirdPersonBP/Maps/MockUp_Map.MockUp_Map:PersistentLevel.MockUp_Map'
[2017.08.02-18.51.28:618][655]Cmd: OBJ SAVEPACKAGE PACKAGE="/Game/Blueprint/Charater_BP" FILE="C:/Users/User/Desktop/Unreal/GitHub/FYP_DumbTesting/Meeting/Content/Blueprint/Charater_BP.uasset" SILENT=true
[2017.08.02-18.51.28:746][655]LogSavePackage: Save=123.60ms
[2017.08.02-18.51.28:746][655]LogSavePackage: Moving 'C:/Users/User/Desktop/Unreal/GitHub/FYP_DumbTesting/Meeting/Saved/Charater_BP5DDC1DEC412458662BB1F7833EAABA6D.tmp' to 'C:/Users/User/Desktop/Unreal/GitHub/FYP_DumbTesting/Meeting/Content/Blueprint/Charater_BP.uasset'
[2017.08.02-18.51.28:748][655]LogSavePackage:Display: Finished SavePackage C:/Users/User/Desktop/Unreal/GitHub/FYP_DumbTesting/Meeting/Content/Blueprint/Charater_BP.uasset
[2017.08.02-18.51.47:320][628]LogSlate: Took 0.021525 seconds to synchronously load lazily loaded font '../../../Engine/Content/Editor/Slate/Fonts/Roboto-BoldCondensedItalic.ttf' (160K)
[2017.08.02-18.51.52:400][164]BlueprintLog: New page: Compile Charater_BP
[2017.08.02-18.51.54:032][217]Cmd: OBJ SAVEPACKAGE PACKAGE="/Game/Blueprint/Charater_BP" FILE="C:/Users/User/Desktop/Unreal/GitHub/FYP_DumbTesting/Meeting/Content/Blueprint/Charater_BP.uasset" SILENT=true
[2017.08.02-18.51.54:172][217]LogSavePackage: Save=134.80ms
[2017.08.02-18.51.54:172][217]LogSavePackage: Moving 'C:/Users/User/Desktop/Unreal/GitHub/FYP_DumbTesting/Meeting/Saved/Charater_BP8444C285488595519C435797E9E76DC0.tmp' to 'C:/Users/User/Desktop/Unreal/GitHub/FYP_DumbTesting/Meeting/Content/Blueprint/Charater_BP.uasset'
[2017.08.02-18.51.54:176][217]LogSavePackage:Display: Finished SavePackage C:/Users/User/Desktop/Unreal/GitHub/FYP_DumbTesting/Meeting/Content/Blueprint/Charater_BP.uasset
[2017.08.02-18.52.16:434][736]Cmd: OBJ SAVEPACKAGE PACKAGE="/Game/Blueprint/Charater_BP" FILE="C:/Users/User/Desktop/Unreal/GitHub/FYP_DumbTesting/Meeting/Content/Blueprint/Charater_BP.uasset" SILENT=true
[2017.08.02-18.52.16:575][736]LogSavePackage: Save=136.23ms
[2017.08.02-18.52.16:575][736]LogSavePackage: Moving 'C:/Users/User/Desktop/Unreal/GitHub/FYP_DumbTesting/Meeting/Saved/Charater_BPBCB8BC55436D263CA2FDACB67924E0D7.tmp' to 'C:/Users/User/Desktop/Unreal/GitHub/FYP_DumbTesting/Meeting/Content/Blueprint/Charater_BP.uasset'
[2017.08.02-18.52.16:579][736]LogSavePackage:Display: Finished SavePackage C:/Users/User/Desktop/Unreal/GitHub/FYP_DumbTesting/Meeting/Content/Blueprint/Charater_BP.uasset
[2017.08.02-18.52.17:263][811]BlueprintLog: New page: Compile Charater_BP
[2017.08.02-18.52.18:666][859]Cmd: OBJ SAVEPACKAGE PACKAGE="/Game/Blueprint/Charater_BP" FILE="C:/Users/User/Desktop/Unreal/GitHub/FYP_DumbTesting/Meeting/Content/Blueprint/Charater_BP.uasset" SILENT=true
[2017.08.02-18.52.18:808][859]LogSavePackage: Save=136.15ms
[2017.08.02-18.52.18:808][859]LogSavePackage: Moving 'C:/Users/User/Desktop/Unreal/GitHub/FYP_DumbTesting/Meeting/Saved/Charater_BP67ABCDD948BF10A5B19419A293B1807A.tmp' to 'C:/Users/User/Desktop/Unreal/GitHub/FYP_DumbTesting/Meeting/Content/Blueprint/Charater_BP.uasset'
[2017.08.02-18.52.18:810][859]LogSavePackage:Display: Finished SavePackage C:/Users/User/Desktop/Unreal/GitHub/FYP_DumbTesting/Meeting/Content/Blueprint/Charater_BP.uasset
[2017.08.02-18.52.20:439][ 45]LogTemp: Repeting last play command: Selected Viewport
[2017.08.02-18.52.20:463][ 45]LogBlueprintUserMessages: Early PlayInEditor Detection: Level '/Game/ThirdPersonBP/Maps/MockUp_Map.MockUp_Map:PersistentLevel' has LevelScriptBlueprint '/Game/ThirdPersonBP/Maps/MockUp_Map.MockUp_Map:PersistentLevel.MockUp_Map' with GeneratedClass '/Game/ThirdPersonBP/Maps/MockUp_Map.MockUp_Map_C' with ClassGeneratedBy '/Game/ThirdPersonBP/Maps/MockUp_Map.MockUp_Map:PersistentLevel.MockUp_Map'
[2017.08.02-18.52.20:463][ 45]LogPlayLevel: PlayLevel: No blueprints needed recompiling
[2017.08.02-18.52.20:464][ 45]PIE: New page: PIE session: MockUp_Map (Aug 3, 2017, 10:52:20 AM)
[2017.08.02-18.52.20:464][ 45]LogPlayLevel: Creating play world package: /Game/ThirdPersonBP/Maps/UEDPIE_0_MockUp_Map
[2017.08.02-18.52.20:579][ 45]LogPlayLevel: PIE: StaticDuplicateObject took: (0.114780s)
[2017.08.02-18.52.20:579][ 45]LogAIModule: Creating AISystem for world MockUp_Map
[2017.08.02-18.52.20:580][ 45]LogPlayLevel: PIE: World Init took: (0.000791s)
[2017.08.02-18.52.20:581][ 45]LogPlayLevel: PIE: Created PIE world by copying editor world from /Game/ThirdPersonBP/Maps/MockUp_Map.MockUp_Map to /Game/ThirdPersonBP/Maps/UEDPIE_0_MockUp_Map.MockUp_Map (0.116934s)
[2017.08.02-18.52.20:603][ 45]LogInit: XAudio2 using 'Speakers (Realtek High Definition Audio)' : 2 channels at 48 kHz using 32 bits per sample (channel mask 0x3)
[2017.08.02-18.52.20:610][ 45]LogInit: FAudioDevice initialized.
[2017.08.02-18.52.20:643][ 45]LogLoad: Game class is 'MeetingGameModeBase_BP_C'
[2017.08.02-18.52.20:683][ 45]LogWorld: Bringing World /Game/ThirdPersonBP/Maps/UEDPIE_0_MockUp_Map.MockUp_Map up for play (max tick rate 0) at 2017.08.03-02.52.20
[2017.08.02-18.52.20:687][ 45]LogWorld: Bringing up level for play took: 0.043502
[2017.08.02-18.52.20:692][ 45]PIE: Info Play in editor start time for /Game/ThirdPersonBP/Maps/UEDPIE_0_MockUp_Map 0.543
[2017.08.02-18.52.20:693][ 45]LogBlueprintUserMessages: Late PlayInEditor Detection: Level '/Game/ThirdPersonBP/Maps/MockUp_Map.MockUp_Map:PersistentLevel' has LevelScriptBlueprint '/Game/ThirdPersonBP/Maps/MockUp_Map.MockUp_Map:PersistentLevel.MockUp_Map' with GeneratedClass '/Game/ThirdPersonBP/Maps/MockUp_Map.MockUp_Map_C' with ClassGeneratedBy '/Game/ThirdPersonBP/Maps/MockUp_Map.MockUp_Map:PersistentLevel.MockUp_Map'
[2017.08.02-18.52.59:718][678]LogBlueprintUserMessages: Early EndPlayMap Detection: Level '/Game/ThirdPersonBP/Maps/MockUp_Map.MockUp_Map:PersistentLevel' has LevelScriptBlueprint '/Game/ThirdPersonBP/Maps/MockUp_Map.MockUp_Map:PersistentLevel.MockUp_Map' with GeneratedClass '/Game/ThirdPersonBP/Maps/MockUp_Map.MockUp_Map_C' with ClassGeneratedBy '/Game/ThirdPersonBP/Maps/MockUp_Map.MockUp_Map:PersistentLevel.MockUp_Map'
[2017.08.02-18.52.59:767][678]LogBlueprintUserMessages: Late EndPlayMap Detection: Level '/Game/ThirdPersonBP/Maps/MockUp_Map.MockUp_Map:PersistentLevel' has LevelScriptBlueprint '/Game/ThirdPersonBP/Maps/MockUp_Map.MockUp_Map:PersistentLevel.MockUp_Map' with GeneratedClass '/Game/ThirdPersonBP/Maps/MockUp_Map.MockUp_Map_C' with ClassGeneratedBy '/Game/ThirdPersonBP/Maps/MockUp_Map.MockUp_Map:PersistentLevel.MockUp_Map'
[2017.08.02-18.53.02:328][738]LogSavePackage: Save=1809.37ms
[2017.08.02-18.53.02:328][738]LogSavePackage: Moving 'C:/Users/User/Desktop/Unreal/GitHub/FYP_DumbTesting/Meeting/Saved/MockUp_Map9B812DDD44305F8558597388CCEC747B.tmp' to 'C:/Users/User/Desktop/Unreal/GitHub/FYP_DumbTesting/Meeting/Content/ThirdPersonBP/Maps/MockUp_Map.umap'
[2017.08.02-18.53.02:334][738]LogSavePackage:Display: Finished SavePackage C:/Users/User/Desktop/Unreal/GitHub/FYP_DumbTesting/Meeting/Content/ThirdPersonBP/Maps/MockUp_Map.umap
[2017.08.02-18.53.04:756][738]LogSavePackage: Save=2379.76ms
[2017.08.02-18.53.04:757][738]LogSavePackage: Moving 'C:/Users/User/Desktop/Unreal/GitHub/FYP_DumbTesting/Meeting/Saved/MockUp_Map_BuiltDataBC8052194665F33A59DE76968E71531E.tmp' to 'C:/Users/User/Desktop/Unreal/GitHub/FYP_DumbTesting/Meeting/Content/ThirdPersonBP/Maps/MockUp_Map_BuiltData.uasset'
[2017.08.02-18.53.04:765][738]LogSavePackage:Display: Finished SavePackage C:/Users/User/Desktop/Unreal/GitHub/FYP_DumbTesting/Meeting/Content/ThirdPersonBP/Maps/MockUp_Map_BuiltData.uasset
[2017.08.02-18.53.09:557][228]BlueprintLog: New page: Compile Charater_BP
[2017.08.02-18.53.10:867][268]Cmd: OBJ SAVEPACKAGE PACKAGE="/Game/Blueprint/Charater_BP" FILE="C:/Users/User/Desktop/Unreal/GitHub/FYP_DumbTesting/Meeting/Content/Blueprint/Charater_BP.uasset" SILENT=true
[2017.08.02-18.53.11:005][268]LogSavePackage: Save=134.07ms
[2017.08.02-18.53.11:005][268]LogSavePackage: Moving 'C:/Users/User/Desktop/Unreal/GitHub/FYP_DumbTesting/Meeting/Saved/Charater_BPB8A8D07B422C125EDD1A24855DA3C1DF.tmp' to 'C:/Users/User/Desktop/Unreal/GitHub/FYP_DumbTesting/Meeting/Content/Blueprint/Charater_BP.uasset'
[2017.08.02-18.53.11:010][268]LogSavePackage:Display: Finished SavePackage C:/Users/User/Desktop/Unreal/GitHub/FYP_DumbTesting/Meeting/Content/Blueprint/Charater_BP.uasset
[2017.08.02-18.53.15:070][537]LogSavePackage: Save=1709.43ms
[2017.08.02-18.53.15:070][537]LogSavePackage: Moving 'C:/Users/User/Desktop/Unreal/GitHub/FYP_DumbTesting/Meeting/Saved/MockUp_Map2A3FE5A7419689474EBB538DCB6219F1.tmp' to 'C:/Users/User/Desktop/Unreal/GitHub/FYP_DumbTesting/Meeting/Content/ThirdPersonBP/Maps/MockUp_Map.umap'
[2017.08.02-18.53.15:075][537]LogSavePackage:Display: Finished SavePackage C:/Users/User/Desktop/Unreal/GitHub/FYP_DumbTesting/Meeting/Content/ThirdPersonBP/Maps/MockUp_Map.umap
[2017.08.02-18.53.17:622][537]LogSavePackage: Save=2503.26ms
[2017.08.02-18.53.17:623][537]LogSavePackage: Moving 'C:/Users/User/Desktop/Unreal/GitHub/FYP_DumbTesting/Meeting/Saved/MockUp_Map_BuiltDataC440DE894918DD40BAA96181FE51CDA0.tmp' to 'C:/Users/User/Desktop/Unreal/GitHub/FYP_DumbTesting/Meeting/Content/ThirdPersonBP/Maps/MockUp_Map_BuiltData.uasset'
[2017.08.02-18.53.17:633][537]LogSavePackage:Display: Finished SavePackage C:/Users/User/Desktop/Unreal/GitHub/FYP_DumbTesting/Meeting/Content/ThirdPersonBP/Maps/MockUp_Map_BuiltData.uasset
[2017.08.02-18.53.18:165][593]LogTemp: Repeting last play command: Selected Viewport
[2017.08.02-18.53.18:188][593]LogBlueprintUserMessages: Early PlayInEditor Detection: Level '/Game/ThirdPersonBP/Maps/MockUp_Map.MockUp_Map:PersistentLevel' has LevelScriptBlueprint '/Game/ThirdPersonBP/Maps/MockUp_Map.MockUp_Map:PersistentLevel.MockUp_Map' with GeneratedClass '/Game/ThirdPersonBP/Maps/MockUp_Map.MockUp_Map_C' with ClassGeneratedBy '/Game/ThirdPersonBP/Maps/MockUp_Map.MockUp_Map:PersistentLevel.MockUp_Map'
[2017.08.02-18.53.18:188][593]LogPlayLevel: PlayLevel: No blueprints needed recompiling
[2017.08.02-18.53.18:188][593]PIE: New page: PIE session: MockUp_Map (Aug 3, 2017, 10:53:18 AM)
[2017.08.02-18.53.18:189][593]LogPlayLevel: Creating play world package: /Game/ThirdPersonBP/Maps/UEDPIE_0_MockUp_Map
[2017.08.02-18.53.18:303][593]LogPlayLevel: PIE: StaticDuplicateObject took: (0.114762s)
[2017.08.02-18.53.18:304][593]LogAIModule: Creating AISystem for world MockUp_Map
[2017.08.02-18.53.18:304][593]LogPlayLevel: PIE: World Init took: (0.000694s)
[2017.08.02-18.53.18:305][593]LogPlayLevel: PIE: Created PIE world by copying editor world from /Game/ThirdPersonBP/Maps/MockUp_Map.MockUp_Map to /Game/ThirdPersonBP/Maps/UEDPIE_0_MockUp_Map.MockUp_Map (0.116657s)
[2017.08.02-18.53.18:327][593]LogInit: XAudio2 using 'Speakers (Realtek High Definition Audio)' : 2 channels at 48 kHz using 32 bits per sample (channel mask 0x3)
[2017.08.02-18.53.18:337][593]LogInit: FAudioDevice initialized.
[2017.08.02-18.53.18:372][593]LogLoad: Game class is 'MeetingGameModeBase_BP_C'
[2017.08.02-18.53.18:413][593]LogWorld: Bringing World /Game/ThirdPersonBP/Maps/UEDPIE_0_MockUp_Map.MockUp_Map up for play (max tick rate 0) at 2017.08.03-02.53.18
[2017.08.02-18.53.18:417][593]LogWorld: Bringing up level for play took: 0.043365
[2017.08.02-18.53.18:422][593]PIE: Info Play in editor start time for /Game/ThirdPersonBP/Maps/UEDPIE_0_MockUp_Map 0.273
[2017.08.02-18.53.18:423][593]LogBlueprintUserMessages: Late PlayInEditor Detection: Level '/Game/ThirdPersonBP/Maps/MockUp_Map.MockUp_Map:PersistentLevel' has LevelScriptBlueprint '/Game/ThirdPersonBP/Maps/MockUp_Map.MockUp_Map:PersistentLevel.MockUp_Map' with GeneratedClass '/Game/ThirdPersonBP/Maps/MockUp_Map.MockUp_Map_C' with ClassGeneratedBy '/Game/ThirdPersonBP/Maps/MockUp_Map.MockUp_Map:PersistentLevel.MockUp_Map'
[2017.08.02-18.53.21:685][930]LogEditorViewport: Clicking on Actor (LMB): Charater_BP_C (Charater_BP)
[2017.08.02-18.53.41:719][692]LogEditorViewport: Clicking on Actor (LMB): Charater_BP_C (Charater_BP)
[2017.08.02-18.53.47:576][ 11]LogSavePackage: Save=1729.17ms
[2017.08.02-18.53.47:576][ 11]LogSavePackage: Moving 'C:/Users/User/Desktop/Unreal/GitHub/FYP_DumbTesting/Meeting/Saved/MockUp_Map11A12A3C41EBE762C612999830C0D887.tmp' to 'C:/Users/User/Desktop/Unreal/GitHub/FYP_DumbTesting/Meeting/Content/ThirdPersonBP/Maps/MockUp_Map.umap'
[2017.08.02-18.53.47:580][ 11]LogSavePackage:Display: Finished SavePackage C:/Users/User/Desktop/Unreal/GitHub/FYP_DumbTesting/Meeting/Content/ThirdPersonBP/Maps/MockUp_Map.umap
[2017.08.02-18.53.50:345][ 11]LogSavePackage: Save=2723.26ms
[2017.08.02-18.53.50:345][ 11]LogSavePackage: Moving 'C:/Users/User/Desktop/Unreal/GitHub/FYP_DumbTesting/Meeting/Saved/MockUp_Map_BuiltData66DD33C54F0E37DA1EBF9E9E3CE0D2B1.tmp' to 'C:/Users/User/Desktop/Unreal/GitHub/FYP_DumbTesting/Meeting/Content/ThirdPersonBP/Maps/MockUp_Map_BuiltData.uasset'
[2017.08.02-18.53.50:354][ 11]LogSavePackage:Display: Finished SavePackage C:/Users/User/Desktop/Unreal/GitHub/FYP_DumbTesting/Meeting/Content/ThirdPersonBP/Maps/MockUp_Map_BuiltData.uasset
[2017.08.02-18.53.59:837][ 51]LogBlueprintUserMessages: Early EndPlayMap Detection: Level '/Game/ThirdPersonBP/Maps/MockUp_Map.MockUp_Map:PersistentLevel' has LevelScriptBlueprint '/Game/ThirdPersonBP/Maps/MockUp_Map.MockUp_Map:PersistentLevel.MockUp_Map' with GeneratedClass '/Game/ThirdPersonBP/Maps/MockUp_Map.MockUp_Map_C' with ClassGeneratedBy '/Game/ThirdPersonBP/Maps/MockUp_Map.MockUp_Map:PersistentLevel.MockUp_Map'
[2017.08.02-18.54.01:064][ 51]LogStats: FPlatformStackWalk::StackWalkAndDump -  1.217 s
[2017.08.02-18.54.01:064][ 51]LogOutputDevice:Error: === Handled ensure: ===
[2017.08.02-18.54.01:064][ 51]LogOutputDevice:Error: 
[2017.08.02-18.54.01:064][ 51]LogOutputDevice:Error: Ensure condition failed: NewObject->IsA(this->GeneratedClass) [File:D:\Build\++UE4+Release-4.15+Compile\Sync\Engine\Source\Runtime\Engine\Private\Blueprint.cpp] [Line: 755]
[2017.08.02-18.54.01:067][ 51]LogOutputDevice:Error: Type mismatch: Expected MockUp_Map_C, Found REINST_MockUp_Map_C_149
[2017.08.02-18.54.01:067][ 51]LogOutputDevice:Error: Stack: 
[2017.08.02-18.54.01:067][ 51]LogOutputDevice:Error: UE4Editor-Core.dll!0x000000006EC095E6
[2017.08.02-18.54.01:067][ 51]LogOutputDevice:Error: UE4Editor-Core.dll!0x000000006E9B9B82
[2017.08.02-18.54.01:067][ 51]LogOutputDevice:Error: UE4Editor-Core.dll!0x000000006E9CB666
[2017.08.02-18.54.01:067][ 51]LogOutputDevice:Error: UE4Editor-Engine.dll!0x000000006B2DF281
[2017.08.02-18.54.01:068][ 51]LogOutputDevice:Error: UE4Editor-Engine.dll!0x000000006C0B9071
[2017.08.02-18.54.01:068][ 51]LogOutputDevice:Error: UE4Editor-UnrealEd.dll!0x00000000695D2DDD
[2017.08.02-18.54.01:068][ 51]LogOutputDevice:Error: UE4Editor-UnrealEd.dll!0x000000006958E9DE
[2017.08.02-18.54.01:068][ 51]LogOutputDevice:Error: UE4Editor-UnrealEd.dll!0x00000000690B7A9F
[2017.08.02-18.54.01:068][ 51]LogOutputDevice:Error: UE4Editor-UnrealEd.dll!0x00000000698C2196
[2017.08.02-18.54.01:068][ 51]LogOutputDevice:Error: UE4Editor.exe!0x0000000059CFDEE3
[2017.08.02-18.54.01:068][ 51]LogOutputDevice:Error: UE4Editor.exe!0x0000000059CEEB40
[2017.08.02-18.54.01:068][ 51]LogOutputDevice:Error: UE4Editor.exe!0x0000000059CEEBBA
[2017.08.02-18.54.01:068][ 51]LogOutputDevice:Error: UE4Editor.exe!0x0000000059D00A29
[2017.08.02-18.54.01:068][ 51]LogOutputDevice:Error: UE4Editor.exe!0x0000000059D022B6
[2017.08.02-18.54.01:068][ 51]LogOutputDevice:Error: KERNEL32.DLL!0x0000000090BF8102
[2017.08.02-18.54.01:068][ 51]LogOutputDevice:Error: ntdll.dll!0x00000000927DC5B4
[2017.08.02-18.54.01:068][ 51]LogOutputDevice:Error: 
[2017.08.02-18.54.01:073][ 51]LogStats:                SubmitErrorReport -  0.000 s
[2017.08.02-18.54.08:126][ 51]LogStats:                    SendNewReport -  7.053 s
[2017.08.02-18.54.08:126][ 51]LogStats:             FDebug::EnsureFailed -  8.280 s
[2017.08.02-18.54.08:171][ 51]LogBlueprintUserMessages: Late EndPlayMap Detection: Level '/Game/ThirdPersonBP/Maps/MockUp_Map.MockUp_Map:PersistentLevel' has LevelScriptBlueprint '/Game/ThirdPersonBP/Maps/MockUp_Map.MockUp_Map:PersistentLevel.MockUp_Map' with GeneratedClass '/Game/ThirdPersonBP/Maps/MockUp_Map.MockUp_Map_C' with ClassGeneratedBy '/Game/ThirdPersonBP/Maps/MockUp_Map.MockUp_Map:PersistentLevel.MockUp_Map'
[2017.08.02-18.54.14:867][736]LogTemp: Repeting last play command: Selected Viewport
[2017.08.02-18.54.14:889][736]LogBlueprintUserMessages: Early PlayInEditor Detection: Level '/Game/ThirdPersonBP/Maps/MockUp_Map.MockUp_Map:PersistentLevel' has LevelScriptBlueprint '/Game/ThirdPersonBP/Maps/MockUp_Map.MockUp_Map:PersistentLevel.MockUp_Map' with GeneratedClass '/Game/ThirdPersonBP/Maps/MockUp_Map.MockUp_Map_C' with ClassGeneratedBy '/Game/ThirdPersonBP/Maps/MockUp_Map.MockUp_Map:PersistentLevel.MockUp_Map'
[2017.08.02-18.54.14:890][736]LogPlayLevel: PlayLevel: No blueprints needed recompiling
[2017.08.02-18.54.14:890][736]PIE: New page: PIE session: MockUp_Map (Aug 3, 2017, 10:54:14 AM)
[2017.08.02-18.54.14:890][736]LogPlayLevel: Creating play world package: /Game/ThirdPersonBP/Maps/UEDPIE_0_MockUp_Map
[2017.08.02-18.54.15:005][736]LogPlayLevel: PIE: StaticDuplicateObject took: (0.114022s)
[2017.08.02-18.54.15:005][736]LogAIModule: Creating AISystem for world MockUp_Map
[2017.08.02-18.54.15:006][736]LogPlayLevel: PIE: World Init took: (0.000791s)
[2017.08.02-18.54.15:006][736]LogPlayLevel: PIE: Created PIE world by copying editor world from /Game/ThirdPersonBP/Maps/MockUp_Map.MockUp_Map to /Game/ThirdPersonBP/Maps/UEDPIE_0_MockUp_Map.MockUp_Map (0.115880s)
[2017.08.02-18.54.15:027][736]LogInit: XAudio2 using 'Speakers (Realtek High Definition Audio)' : 2 channels at 48 kHz using 32 bits per sample (channel mask 0x3)
[2017.08.02-18.54.15:036][736]LogInit: FAudioDevice initialized.
[2017.08.02-18.54.15:067][736]LogLoad: Game class is 'MeetingGameModeBase_BP_C'
[2017.08.02-18.54.15:108][736]LogWorld: Bringing World /Game/ThirdPersonBP/Maps/UEDPIE_0_MockUp_Map.MockUp_Map up for play (max tick rate 0) at 2017.08.03-02.54.15
[2017.08.02-18.54.15:112][736]LogWorld: Bringing up level for play took: 0.044289
[2017.08.02-18.54.15:117][736]PIE: Info Play in editor start time for /Game/ThirdPersonBP/Maps/UEDPIE_0_MockUp_Map 0.969
[2017.08.02-18.54.15:118][736]LogBlueprintUserMessages: Late PlayInEditor Detection: Level '/Game/ThirdPersonBP/Maps/MockUp_Map.MockUp_Map:PersistentLevel' has LevelScriptBlueprint '/Game/ThirdPersonBP/Maps/MockUp_Map.MockUp_Map:PersistentLevel.MockUp_Map' with GeneratedClass '/Game/ThirdPersonBP/Maps/MockUp_Map.MockUp_Map_C' with ClassGeneratedBy '/Game/ThirdPersonBP/Maps/MockUp_Map.MockUp_Map:PersistentLevel.MockUp_Map'
[2017.08.02-18.54.21:505][388]LogBlueprintUserMessages: Early EndPlayMap Detection: Level '/Game/ThirdPersonBP/Maps/MockUp_Map.MockUp_Map:PersistentLevel' has LevelScriptBlueprint '/Game/ThirdPersonBP/Maps/MockUp_Map.MockUp_Map:PersistentLevel.MockUp_Map' with GeneratedClass '/Game/ThirdPersonBP/Maps/MockUp_Map.MockUp_Map_C' with ClassGeneratedBy '/Game/ThirdPersonBP/Maps/MockUp_Map.MockUp_Map:PersistentLevel.MockUp_Map'
[2017.08.02-18.54.21:551][388]LogBlueprintUserMessages: Late EndPlayMap Detection: Level '/Game/ThirdPersonBP/Maps/MockUp_Map.MockUp_Map:PersistentLevel' has LevelScriptBlueprint '/Game/ThirdPersonBP/Maps/MockUp_Map.MockUp_Map:PersistentLevel.MockUp_Map' with GeneratedClass '/Game/ThirdPersonBP/Maps/MockUp_Map.MockUp_Map_C' with ClassGeneratedBy '/Game/ThirdPersonBP/Maps/MockUp_Map.MockUp_Map:PersistentLevel.MockUp_Map'
[2017.08.02-18.54.22:465][468]LogTemp: Repeting last play command: Selected Viewport
[2017.08.02-18.54.22:488][468]LogBlueprintUserMessages: Early PlayInEditor Detection: Level '/Game/ThirdPersonBP/Maps/MockUp_Map.MockUp_Map:PersistentLevel' has LevelScriptBlueprint '/Game/ThirdPersonBP/Maps/MockUp_Map.MockUp_Map:PersistentLevel.MockUp_Map' with GeneratedClass '/Game/ThirdPersonBP/Maps/MockUp_Map.MockUp_Map_C' with ClassGeneratedBy '/Game/ThirdPersonBP/Maps/MockUp_Map.MockUp_Map:PersistentLevel.MockUp_Map'
[2017.08.02-18.54.22:489][468]LogPlayLevel: PlayLevel: No blueprints needed recompiling
[2017.08.02-18.54.22:489][468]PIE: New page: PIE session: MockUp_Map (Aug 3, 2017, 10:54:22 AM)
[2017.08.02-18.54.22:489][468]LogPlayLevel: Creating play world package: /Game/ThirdPersonBP/Maps/UEDPIE_0_MockUp_Map
[2017.08.02-18.54.22:602][468]LogPlayLevel: PIE: StaticDuplicateObject took: (0.112953s)
[2017.08.02-18.54.22:603][468]LogAIModule: Creating AISystem for world MockUp_Map
[2017.08.02-18.54.22:603][468]LogPlayLevel: PIE: World Init took: (0.000816s)
[2017.08.02-18.54.22:604][468]LogPlayLevel: PIE: Created PIE world by copying editor world from /Game/ThirdPersonBP/Maps/MockUp_Map.MockUp_Map to /Game/ThirdPersonBP/Maps/UEDPIE_0_MockUp_Map.MockUp_Map (0.114832s)
[2017.08.02-18.54.22:625][468]LogInit: XAudio2 using 'Speakers (Realtek High Definition Audio)' : 2 channels at 48 kHz using 32 bits per sample (channel mask 0x3)
[2017.08.02-18.54.22:635][468]LogInit: FAudioDevice initialized.
[2017.08.02-18.54.22:666][468]LogLoad: Game class is 'MeetingGameModeBase_BP_C'
[2017.08.02-18.54.22:709][468]LogWorld: Bringing World /Game/ThirdPersonBP/Maps/UEDPIE_0_MockUp_Map.MockUp_Map up for play (max tick rate 0) at 2017.08.03-02.54.22
[2017.08.02-18.54.22:713][468]LogWorld: Bringing up level for play took: 0.044635
[2017.08.02-18.54.22:718][468]PIE: Info Play in editor start time for /Game/ThirdPersonBP/Maps/UEDPIE_0_MockUp_Map 0.569
[2017.08.02-18.54.22:719][468]LogBlueprintUserMessages: Late PlayInEditor Detection: Level '/Game/ThirdPersonBP/Maps/MockUp_Map.MockUp_Map:PersistentLevel' has LevelScriptBlueprint '/Game/ThirdPersonBP/Maps/MockUp_Map.MockUp_Map:PersistentLevel.MockUp_Map' with GeneratedClass '/Game/ThirdPersonBP/Maps/MockUp_Map.MockUp_Map_C' with ClassGeneratedBy '/Game/ThirdPersonBP/Maps/MockUp_Map.MockUp_Map:PersistentLevel.MockUp_Map'
[2017.08.02-18.54.28:224][ 55]LogEditorViewport: Clicking on Actor (LMB): Charater_BP_C (Charater_BP)
[2017.08.02-18.54.33:259][375]LogEditorViewport: Clicking on Actor (LMB): Blueprint_Effect_Steam_C (Blueprint_Effect_Steam2)
[2017.08.02-18.54.35:363][478]LogEditorViewport: Clicking on Actor (LMB): Charater_BP_C (Charater_BP)
[2017.08.02-18.54.40:125][964]LogBlueprintUserMessages: Early EndPlayMap Detection: Level '/Game/ThirdPersonBP/Maps/MockUp_Map.MockUp_Map:PersistentLevel' has LevelScriptBlueprint '/Game/ThirdPersonBP/Maps/MockUp_Map.MockUp_Map:PersistentLevel.MockUp_Map' with GeneratedClass '/Game/ThirdPersonBP/Maps/MockUp_Map.MockUp_Map_C' with ClassGeneratedBy '/Game/ThirdPersonBP/Maps/MockUp_Map.MockUp_Map:PersistentLevel.MockUp_Map'
[2017.08.02-18.54.40:170][964]LogBlueprintUserMessages: Late EndPlayMap Detection: Level '/Game/ThirdPersonBP/Maps/MockUp_Map.MockUp_Map:PersistentLevel' has LevelScriptBlueprint '/Game/ThirdPersonBP/Maps/MockUp_Map.MockUp_Map:PersistentLevel.MockUp_Map' with GeneratedClass '/Game/ThirdPersonBP/Maps/MockUp_Map.MockUp_Map_C' with ClassGeneratedBy '/Game/ThirdPersonBP/Maps/MockUp_Map.MockUp_Map:PersistentLevel.MockUp_Map'
[2017.08.02-18.54.41:546][ 98]LogTemp: Repeting last play command: Selected Viewport
[2017.08.02-18.54.41:569][ 98]LogBlueprintUserMessages: Early PlayInEditor Detection: Level '/Game/ThirdPersonBP/Maps/MockUp_Map.MockUp_Map:PersistentLevel' has LevelScriptBlueprint '/Game/ThirdPersonBP/Maps/MockUp_Map.MockUp_Map:PersistentLevel.MockUp_Map' with GeneratedClass '/Game/ThirdPersonBP/Maps/MockUp_Map.MockUp_Map_C' with ClassGeneratedBy '/Game/ThirdPersonBP/Maps/MockUp_Map.MockUp_Map:PersistentLevel.MockUp_Map'
[2017.08.02-18.54.41:570][ 98]LogPlayLevel: PlayLevel: No blueprints needed recompiling
[2017.08.02-18.54.41:570][ 98]PIE: New page: PIE session: MockUp_Map (Aug 3, 2017, 10:54:41 AM)
[2017.08.02-18.54.41:570][ 98]LogPlayLevel: Creating play world package: /Game/ThirdPersonBP/Maps/UEDPIE_0_MockUp_Map
[2017.08.02-18.54.41:682][ 98]LogPlayLevel: PIE: StaticDuplicateObject took: (0.112190s)
[2017.08.02-18.54.41:683][ 98]LogAIModule: Creating AISystem for world MockUp_Map
[2017.08.02-18.54.41:683][ 98]LogPlayLevel: PIE: World Init took: (0.000715s)
[2017.08.02-18.54.41:684][ 98]LogPlayLevel: PIE: Created PIE world by copying editor world from /Game/ThirdPersonBP/Maps/MockUp_Map.MockUp_Map to /Game/ThirdPersonBP/Maps/UEDPIE_0_MockUp_Map.MockUp_Map (0.114137s)
[2017.08.02-18.54.41:705][ 98]LogInit: XAudio2 using 'Speakers (Realtek High Definition Audio)' : 2 channels at 48 kHz using 32 bits per sample (channel mask 0x3)
[2017.08.02-18.54.41:713][ 98]LogInit: FAudioDevice initialized.
[2017.08.02-18.54.41:747][ 98]LogLoad: Game class is 'MeetingGameModeBase_BP_C'
[2017.08.02-18.54.41:788][ 98]LogWorld: Bringing World /Game/ThirdPersonBP/Maps/UEDPIE_0_MockUp_Map.MockUp_Map up for play (max tick rate 0) at 2017.08.03-02.54.41
[2017.08.02-18.54.41:792][ 98]LogWorld: Bringing up level for play took: 0.043245
[2017.08.02-18.54.41:797][ 98]PIE: Info Play in editor start time for /Game/ThirdPersonBP/Maps/UEDPIE_0_MockUp_Map -0.352
[2017.08.02-18.54.41:798][ 98]LogBlueprintUserMessages: Late PlayInEditor Detection: Level '/Game/ThirdPersonBP/Maps/MockUp_Map.MockUp_Map:PersistentLevel' has LevelScriptBlueprint '/Game/ThirdPersonBP/Maps/MockUp_Map.MockUp_Map:PersistentLevel.MockUp_Map' with GeneratedClass '/Game/ThirdPersonBP/Maps/MockUp_Map.MockUp_Map_C' with ClassGeneratedBy '/Game/ThirdPersonBP/Maps/MockUp_Map.MockUp_Map:PersistentLevel.MockUp_Map'
[2017.08.02-18.54.57:603][797]LogEditorViewport: Clicking on Actor (LMB): Charater_BP_C (Charater_BP)
[2017.08.02-18.55.18:024][986]LogBlueprintUserMessages: Early EndPlayMap Detection: Level '/Game/ThirdPersonBP/Maps/MockUp_Map.MockUp_Map:PersistentLevel' has LevelScriptBlueprint '/Game/ThirdPersonBP/Maps/MockUp_Map.MockUp_Map:PersistentLevel.MockUp_Map' with GeneratedClass '/Game/ThirdPersonBP/Maps/MockUp_Map.MockUp_Map_C' with ClassGeneratedBy '/Game/ThirdPersonBP/Maps/MockUp_Map.MockUp_Map:PersistentLevel.MockUp_Map'
[2017.08.02-18.55.18:076][986]LogBlueprintUserMessages: Late EndPlayMap Detection: Level '/Game/ThirdPersonBP/Maps/MockUp_Map.MockUp_Map:PersistentLevel' has LevelScriptBlueprint '/Game/ThirdPersonBP/Maps/MockUp_Map.MockUp_Map:PersistentLevel.MockUp_Map' with GeneratedClass '/Game/ThirdPersonBP/Maps/MockUp_Map.MockUp_Map_C' with ClassGeneratedBy '/Game/ThirdPersonBP/Maps/MockUp_Map.MockUp_Map:PersistentLevel.MockUp_Map'
[2017.08.02-18.55.20:488][ 31]LogSavePackage: Save=1723.19ms
[2017.08.02-18.55.20:488][ 31]LogSavePackage: Moving 'C:/Users/User/Desktop/Unreal/GitHub/FYP_DumbTesting/Meeting/Saved/MockUp_MapFE75770D44B4363ADF71E09A61102A3E.tmp' to 'C:/Users/User/Desktop/Unreal/GitHub/FYP_DumbTesting/Meeting/Content/ThirdPersonBP/Maps/MockUp_Map.umap'
[2017.08.02-18.55.20:491][ 31]LogSavePackage:Display: Finished SavePackage C:/Users/User/Desktop/Unreal/GitHub/FYP_DumbTesting/Meeting/Content/ThirdPersonBP/Maps/MockUp_Map.umap
[2017.08.02-18.55.22:951][ 31]LogSavePackage: Save=2416.17ms
[2017.08.02-18.55.22:951][ 31]LogSavePackage: Moving 'C:/Users/User/Desktop/Unreal/GitHub/FYP_DumbTesting/Meeting/Saved/MockUp_Map_BuiltData4A0E5FBA4F8A5EDFA519288B40168F45.tmp' to 'C:/Users/User/Desktop/Unreal/GitHub/FYP_DumbTesting/Meeting/Content/ThirdPersonBP/Maps/MockUp_Map_BuiltData.uasset'
[2017.08.02-18.55.22:960][ 31]LogSavePackage:Display: Finished SavePackage C:/Users/User/Desktop/Unreal/GitHub/FYP_DumbTesting/Meeting/Content/ThirdPersonBP/Maps/MockUp_Map_BuiltData.uasset
[2017.08.02-18.55.29:476][730]LogTemp: Repeting last play command: Selected Viewport
[2017.08.02-18.55.29:499][730]LogBlueprintUserMessages: Early PlayInEditor Detection: Level '/Game/ThirdPersonBP/Maps/MockUp_Map.MockUp_Map:PersistentLevel' has LevelScriptBlueprint '/Game/ThirdPersonBP/Maps/MockUp_Map.MockUp_Map:PersistentLevel.MockUp_Map' with GeneratedClass '/Game/ThirdPersonBP/Maps/MockUp_Map.MockUp_Map_C' with ClassGeneratedBy '/Game/ThirdPersonBP/Maps/MockUp_Map.MockUp_Map:PersistentLevel.MockUp_Map'
[2017.08.02-18.55.29:500][730]LogPlayLevel: PlayLevel: No blueprints needed recompiling
[2017.08.02-18.55.29:500][730]PIE: New page: PIE session: MockUp_Map (Aug 3, 2017, 10:55:29 AM)
[2017.08.02-18.55.29:500][730]LogPlayLevel: Creating play world package: /Game/ThirdPersonBP/Maps/UEDPIE_0_MockUp_Map
[2017.08.02-18.55.29:613][730]LogPlayLevel: PIE: StaticDuplicateObject took: (0.112394s)
[2017.08.02-18.55.29:613][730]LogAIModule: Creating AISystem for world MockUp_Map
[2017.08.02-18.55.29:614][730]LogPlayLevel: PIE: World Init took: (0.000761s)
[2017.08.02-18.55.29:614][730]LogPlayLevel: PIE: Created PIE world by copying editor world from /Game/ThirdPersonBP/Maps/MockUp_Map.MockUp_Map to /Game/ThirdPersonBP/Maps/UEDPIE_0_MockUp_Map.MockUp_Map (0.114320s)
[2017.08.02-18.55.29:636][730]LogInit: XAudio2 using 'Speakers (Realtek High Definition Audio)' : 2 channels at 48 kHz using 32 bits per sample (channel mask 0x3)
[2017.08.02-18.55.29:647][730]LogInit: FAudioDevice initialized.
[2017.08.02-18.55.29:680][730]LogLoad: Game class is 'MeetingGameModeBase_BP_C'
[2017.08.02-18.55.29:720][730]LogWorld: Bringing World /Game/ThirdPersonBP/Maps/UEDPIE_0_MockUp_Map.MockUp_Map up for play (max tick rate 0) at 2017.08.03-02.55.29
[2017.08.02-18.55.29:724][730]LogWorld: Bringing up level for play took: 0.042364
[2017.08.02-18.55.29:729][730]PIE: Info Play in editor start time for /Game/ThirdPersonBP/Maps/UEDPIE_0_MockUp_Map -0.42
[2017.08.02-18.55.29:730][730]LogBlueprintUserMessages: Late PlayInEditor Detection: Level '/Game/ThirdPersonBP/Maps/MockUp_Map.MockUp_Map:PersistentLevel' has LevelScriptBlueprint '/Game/ThirdPersonBP/Maps/MockUp_Map.MockUp_Map:PersistentLevel.MockUp_Map' with GeneratedClass '/Game/ThirdPersonBP/Maps/MockUp_Map.MockUp_Map_C' with ClassGeneratedBy '/Game/ThirdPersonBP/Maps/MockUp_Map.MockUp_Map:PersistentLevel.MockUp_Map'
[2017.08.02-18.55.31:021][825]LogEditorViewport: Clicking on Actor (LMB): Charater_BP_C (Charater_BP)
[2017.08.02-18.55.33:582][982]LogBlueprintUserMessages: Early EndPlayMap Detection: Level '/Game/ThirdPersonBP/Maps/MockUp_Map.MockUp_Map:PersistentLevel' has LevelScriptBlueprint '/Game/ThirdPersonBP/Maps/MockUp_Map.MockUp_Map:PersistentLevel.MockUp_Map' with GeneratedClass '/Game/ThirdPersonBP/Maps/MockUp_Map.MockUp_Map_C' with ClassGeneratedBy '/Game/ThirdPersonBP/Maps/MockUp_Map.MockUp_Map:PersistentLevel.MockUp_Map'
[2017.08.02-18.55.33:690][982]LogBlueprintUserMessages: Late EndPlayMap Detection: Level '/Game/ThirdPersonBP/Maps/MockUp_Map.MockUp_Map:PersistentLevel' has LevelScriptBlueprint '/Game/ThirdPersonBP/Maps/MockUp_Map.MockUp_Map:PersistentLevel.MockUp_Map' with GeneratedClass '/Game/ThirdPersonBP/Maps/MockUp_Map.MockUp_Map_C' with ClassGeneratedBy '/Game/ThirdPersonBP/Maps/MockUp_Map.MockUp_Map:PersistentLevel.MockUp_Map'
[2017.08.02-18.55.38:263][480]LogActorComponent: UnregisterComponent: (/Engine/Transient.EditorFloorComp) Not registered. Aborting.
[2017.08.02-18.55.40:762][560]LogSavePackage: Save=1715.95ms
[2017.08.02-18.55.40:763][560]LogSavePackage: Moving 'C:/Users/User/Desktop/Unreal/GitHub/FYP_DumbTesting/Meeting/Saved/MockUp_Map440379F54CA013C48794089E231685F5.tmp' to 'C:/Users/User/Desktop/Unreal/GitHub/FYP_DumbTesting/Meeting/Content/ThirdPersonBP/Maps/MockUp_Map.umap'
[2017.08.02-18.55.40:766][560]LogSavePackage:Display: Finished SavePackage C:/Users/User/Desktop/Unreal/GitHub/FYP_DumbTesting/Meeting/Content/ThirdPersonBP/Maps/MockUp_Map.umap
[2017.08.02-18.55.43:378][560]LogSavePackage: Save=2468.15ms
[2017.08.02-18.55.43:378][560]LogSavePackage: Moving 'C:/Users/User/Desktop/Unreal/GitHub/FYP_DumbTesting/Meeting/Saved/MockUp_Map_BuiltDataFE795BB04615A3D6903E3FBF36BCDE3D.tmp' to 'C:/Users/User/Desktop/Unreal/GitHub/FYP_DumbTesting/Meeting/Content/ThirdPersonBP/Maps/MockUp_Map_BuiltData.uasset'
[2017.08.02-18.55.43:387][560]LogSavePackage:Display: Finished SavePackage C:/Users/User/Desktop/Unreal/GitHub/FYP_DumbTesting/Meeting/Content/ThirdPersonBP/Maps/MockUp_Map_BuiltData.uasset
[2017.08.02-18.55.45:717][799]Cmd: QUIT_EDITOR
[2017.08.02-18.55.46:733][799]LogWindowsTextInputMethodSystem:Display: IME system now deactivated.
[2017.08.02-18.55.46:757][799]LogExit: Preparing to exit.
[2017.08.02-18.55.48:000][799]LogExit: Editor shut down
[2017.08.02-18.55.48:000][799]LogExit: Transaction tracking system shut down
[2017.08.02-18.55.48:250][799]LogObj: Freed 0b from 0 cluster array pools.
[2017.08.02-18.55.48:250][799]LogExit: Object subsystem successfully closed.
[2017.08.02-18.55.48:262][799]LogD3D11RHI: Shutdown
[2017.08.02-18.55.48:262][799]LogD3D11RHI: CleanupD3DDevice
[2017.08.02-18.55.48:378][799]LogD3D11RHI: ~FD3D11DynamicRHI
[2017.08.02-18.55.48:385][799]LogModuleManager: Shutting down and abandoning module MovieSceneCapture (508)
[2017.08.02-18.55.48:385][799]LogModuleManager: Shutting down and abandoning module SequencerWidgets (506)
[2017.08.02-18.55.48:385][799]LogModuleManager: Shutting down and abandoning module BlueprintGraph (504)
[2017.08.02-18.55.48:385][799]LogModuleManager: Shutting down and abandoning module BlueprintProfiler (502)
[2017.08.02-18.55.48:385][799]LogModuleManager: Shutting down and abandoning module HierarchicalLODOutliner (500)
[2017.08.02-18.55.48:385][799]LogModuleManager: Shutting down and abandoning module CrashTracker (498)
[2017.08.02-18.55.48:385][799]LogModuleManager: Shutting down and abandoning module SceneOutliner (496)
[2017.08.02-18.55.48:385][799]LogModuleManager: Shutting down and abandoning module AddContentDialog (494)
[2017.08.02-18.55.48:385][799]LogDirectoryWatcher: A directory notification for 'D:/UE_4.15/FeaturePacks/' was aborted.
[2017.08.02-18.55.48:386][799]LogModuleManager: Shutting down and abandoning module WidgetCarousel (493)
[2017.08.02-18.55.48:386][799]LogModuleManager: Shutting down and abandoning module EditorWidgets (490)
[2017.08.02-18.55.48:386][799]LogModuleManager: Shutting down and abandoning module CollectionManager (488)
[2017.08.02-18.55.48:386][799]LogDirectoryWatcher: A directory notification for 'C:/Users/User/Desktop/Unreal/GitHub/FYP_DumbTesting/Meeting/Content/Collections/' was aborted.
[2017.08.02-18.55.48:386][799]LogDirectoryWatcher: A directory notification for 'C:/Users/User/Desktop/Unreal/GitHub/FYP_DumbTesting/Meeting/Content/Developers/User/Collections/' was aborted.
[2017.08.02-18.55.48:386][799]LogDirectoryWatcher: A directory notification for 'C:/Users/User/Desktop/Unreal/GitHub/FYP_DumbTesting/Meeting/Saved/Collections/' was aborted.
[2017.08.02-18.55.48:386][799]LogModuleManager: Shutting down and abandoning module StatsViewer (486)
[2017.08.02-18.55.48:386][799]LogModuleManager: Shutting down and abandoning module FoliageEdit (484)
[2017.08.02-18.55.48:386][799]LogModuleManager: Shutting down and abandoning module LandscapeEditor (482)
[2017.08.02-18.55.48:386][799]LogModuleManager: Shutting down and abandoning module SceneDepthPickerMode (480)
[2017.08.02-18.55.48:386][799]LogModuleManager: Shutting down and abandoning module ActorPickerMode (478)
[2017.08.02-18.55.48:386][799]LogModuleManager: Shutting down and abandoning module GeometryMode (476)
[2017.08.02-18.55.48:386][799]LogModuleManager: Shutting down and abandoning module TextureAlignMode (474)
[2017.08.02-18.55.48:386][799]LogModuleManager: Shutting down and abandoning module BspMode (472)
[2017.08.02-18.55.48:386][799]LogModuleManager: Shutting down and abandoning module HardwareSurvey (470)
[2017.08.02-18.55.48:386][799]LogModuleManager: Shutting down and abandoning module SequenceRecorderSections (468)
[2017.08.02-18.55.48:386][799]LogModuleManager: Shutting down and abandoning module AutomationWorker (466)
[2017.08.02-18.55.48:386][799]LogModuleManager: Shutting down and abandoning module MatineeToLevelSequence (464)
[2017.08.02-18.55.48:386][799]LogModuleManager: Shutting down and abandoning module LevelSequenceEditor (462)
[2017.08.02-18.55.48:386][799]LogModuleManager: Shutting down and abandoning module PlacementMode (461)
[2017.08.02-18.55.48:386][799]LogModuleManager: Shutting down and abandoning module WmfMediaFactory (458)
[2017.08.02-18.55.48:386][799]LogModuleManager: Shutting down and abandoning module WmfMediaEditor (456)
[2017.08.02-18.55.48:386][799]LogModuleManager: Shutting down and abandoning module MfMediaFactory (454)
[2017.08.02-18.55.48:386][799]LogModuleManager: Shutting down and abandoning module MfMediaEditor (452)
[2017.08.02-18.55.48:386][799]LogModuleManager: Shutting down and abandoning module AvfMediaFactory (450)
[2017.08.02-18.55.48:386][799]LogModuleManager: Shutting down and abandoning module AvfMediaEditor (448)
[2017.08.02-18.55.48:386][799]LogModuleManager: Shutting down and abandoning module AndroidMediaFactory (446)
[2017.08.02-18.55.48:386][799]LogModuleManager: Shutting down and abandoning module Media (445)
[2017.08.02-18.55.48:386][799]LogModuleManager: Shutting down and abandoning module AndroidMediaEditor (442)
[2017.08.02-18.55.48:386][799]LogModuleManager: Shutting down and abandoning module CharacterAI (440)
[2017.08.02-18.55.48:386][799]LogModuleManager: Shutting down and abandoning module AudioCapture (438)
[2017.08.02-18.55.48:386][799]LogModuleManager: Shutting down and abandoning module SequenceRecorder (437)
[2017.08.02-18.55.48:386][799]LogModuleManager: Shutting down and abandoning module SmartSnapping (434)
[2017.08.02-18.55.48:386][799]LogModuleManager: Shutting down and abandoning module SessionServices (432)
[2017.08.02-18.55.48:386][799]LogModuleManager: Shutting down and abandoning module ViewportSnapping (430)
[2017.08.02-18.55.48:386][799]LogModuleManager: Shutting down and abandoning module ViewportInteraction (428)
[2017.08.02-18.55.48:386][799]LogModuleManager: Shutting down and abandoning module LogVisualizer (426)
[2017.08.02-18.55.48:386][799]LogModuleManager: Shutting down and abandoning module IntroTutorials (424)
[2017.08.02-18.55.48:386][799]LogModuleManager: Shutting down and abandoning module GameProjectGeneration (423)
[2017.08.02-18.55.48:386][799]LogModuleManager: Shutting down and abandoning module EditorLiveStreaming (420)
[2017.08.02-18.55.48:386][799]LogModuleManager: Shutting down and abandoning module IOSPlatformEditor (418)
[2017.08.02-18.55.48:386][799]LogModuleManager: Shutting down and abandoning module HTML5PlatformEditor (416)
[2017.08.02-18.55.48:386][799]LogModuleManager: Shutting down and abandoning module AndroidPlatformEditor (414)
[2017.08.02-18.55.48:386][799]LogModuleManager: Shutting down and abandoning module AndroidDeviceDetection (413)
[2017.08.02-18.55.48:818][799]LogModuleManager: Shutting down and abandoning module IOSRuntimeSettings (410)
[2017.08.02-18.55.48:818][799]LogModuleManager: Shutting down and abandoning module AndroidRuntimeSettings (408)
[2017.08.02-18.55.48:818][799]LogModuleManager: Shutting down and abandoning module InputBindingEditor (406)
[2017.08.02-18.55.48:818][799]LogModuleManager: Shutting down and abandoning module NiagaraEditor (404)
[2017.08.02-18.55.48:818][799]LogModuleManager: Shutting down and abandoning module MergeActors (402)
[2017.08.02-18.55.48:818][799]LogModuleManager: Shutting down and abandoning module SizeMap (400)
[2017.08.02-18.55.48:818][799]LogModuleManager: Shutting down and abandoning module TreeMap (398)
[2017.08.02-18.55.48:818][799]LogModuleManager: Shutting down and abandoning module ReferenceViewer (396)
[2017.08.02-18.55.48:818][799]LogModuleManager: Shutting down and abandoning module LocalizationDashboard (394)
[2017.08.02-18.55.48:818][799]LogModuleManager: Shutting down and abandoning module LocalizationService (393)
[2017.08.02-18.55.48:818][799]LogModuleManager: Shutting down and abandoning module HardwareTargeting (390)
[2017.08.02-18.55.48:818][799]LogModuleManager: Shutting down and abandoning module DeviceProfileEditor (388)
[2017.08.02-18.55.48:818][799]LogModuleManager: Shutting down and abandoning module UndoHistory (386)
[2017.08.02-18.55.48:818][799]LogModuleManager: Shutting down and abandoning module UserFeedback (384)
[2017.08.02-18.55.48:818][799]LogModuleManager: Shutting down and abandoning module XmlParser (382)
[2017.08.02-18.55.48:818][799]LogModuleManager: Shutting down and abandoning module Blutility (380)
[2017.08.02-18.55.48:818][799]LogModuleManager: Shutting down and abandoning module ProjectSettingsViewer (378)
[2017.08.02-18.55.48:818][799]LogModuleManager: Shutting down and abandoning module ProjectTargetPlatformEditor (377)
[2017.08.02-18.55.48:819][799]LogModuleManager: Shutting down and abandoning module EditorSettingsViewer (374)
[2017.08.02-18.55.48:819][799]LogModuleManager: Shutting down and abandoning module SettingsEditor (372)
[2017.08.02-18.55.48:819][799]LogModuleManager: Shutting down and abandoning module ProjectLauncher (370)
[2017.08.02-18.55.48:819][799]LogModuleManager: Shutting down and abandoning module SessionFrontend (368)
[2017.08.02-18.55.48:819][799]LogModuleManager: Shutting down and abandoning module ProfilerClient (366)
[2017.08.02-18.55.48:819][799]LogModuleManager: Shutting down and abandoning module DeviceManager (364)
[2017.08.02-18.55.48:819][799]LogModuleManager: Shutting down and abandoning module TargetDeviceServices (363)
[2017.08.02-18.55.48:874][799]LogModuleManager: Shutting down and abandoning module AutomationController (360)
[2017.08.02-18.55.48:874][799]LogModuleManager: Shutting down and abandoning module AutomationWindow (358)
[2017.08.02-18.55.48:874][799]LogModuleManager: Shutting down and abandoning module Layers (356)
[2017.08.02-18.55.48:874][799]LogModuleManager: Shutting down and abandoning module ComponentVisualizers (354)
[2017.08.02-18.55.48:874][799]LogModuleManager: Shutting down and abandoning module DetailCustomizations (352)
[2017.08.02-18.55.48:874][799]LogModuleManager: Shutting down and abandoning module PackagesDialog (350)
[2017.08.02-18.55.48:874][799]LogModuleManager: Shutting down and abandoning module Persona (348)
[2017.08.02-18.55.48:874][799]LogModuleManager: Shutting down and abandoning module AnimGraph (347)
[2017.08.02-18.55.48:874][799]LogModuleManager: Shutting down and abandoning module Kismet (344)
[2017.08.02-18.55.48:880][799]LogModuleManager: Shutting down and abandoning module GraphEditor (342)
[2017.08.02-18.55.48:880][799]LogModuleManager: Shutting down and abandoning module ClassViewer (340)
[2017.08.02-18.55.48:880][799]LogModuleManager: Shutting down and abandoning module Toolbox (338)
[2017.08.02-18.55.48:880][799]LogModuleManager: Shutting down and abandoning module ModuleUI (336)
[2017.08.02-18.55.48:880][799]LogModuleManager: Shutting down and abandoning module MovieSceneTools (334)
[2017.08.02-18.55.48:880][799]LogModuleManager: Shutting down and abandoning module OutputLog (332)
[2017.08.02-18.55.48:880][799]LogModuleManager: Shutting down and abandoning module GammaUI (330)
[2017.08.02-18.55.48:880][799]LogModuleManager: Shutting down and abandoning module Documentation (328)
[2017.08.02-18.55.48:880][799]LogModuleManager: Shutting down and abandoning module Niagara (326)
[2017.08.02-18.55.48:880][799]LogModuleManager: Shutting down and abandoning module StreamingPauseRendering (324)
[2017.08.02-18.55.48:880][799]LogModuleManager: Shutting down and abandoning module AnalyticsET (322)
[2017.08.02-18.55.48:880][799]LogModuleManager: Shutting down and abandoning module PortalServices (320)
[2017.08.02-18.55.48:880][799]LogModuleManager: Shutting down and abandoning module PortalRpc (318)
[2017.08.02-18.55.48:880][799]LogModuleManager: Shutting down and abandoning module MessagingRpc (316)
[2017.08.02-18.55.48:880][799]LogModuleManager: Shutting down and abandoning module AIModule (314)
[2017.08.02-18.55.48:880][799]LogModuleManager: Shutting down and abandoning module GameplayDebugger (313)
[2017.08.02-18.55.48:880][799]LogModuleManager: Shutting down and abandoning module AITestSuite (311)
[2017.08.02-18.55.48:880][799]LogModuleManager: Shutting down and abandoning module ProfilerService (308)
[2017.08.02-18.55.49:127][799]LogModuleManager: Shutting down and abandoning module TaskGraph (306)
[2017.08.02-18.55.49:127][799]LogModuleManager: Shutting down and abandoning module SteamVRController (304)
[2017.08.02-18.55.49:127][799]LogModuleManager: Shutting down and abandoning module SteamVR (302)
[2017.08.02-18.55.49:127][799]LogModuleManager: Shutting down and abandoning module ProceduralMeshComponentEditor (300)
[2017.08.02-18.55.49:127][799]LogModuleManager: Shutting down and abandoning module ProceduralMeshComponent (298)
[2017.08.02-18.55.49:127][799]LogModuleManager: Shutting down and abandoning module OculusLibrary (296)
[2017.08.02-18.55.49:127][799]LogModuleManager: Shutting down and abandoning module OculusInput (294)
[2017.08.02-18.55.49:127][799]LogModuleManager: Shutting down and abandoning module MobilePatchingUtils (292)
[2017.08.02-18.55.49:127][799]LogModuleManager: Shutting down and abandoning module CustomMeshComponent (290)
[2017.08.02-18.55.49:127][799]LogModuleManager: Shutting down and abandoning module CableComponent (288)
[2017.08.02-18.55.49:127][799]LogModuleManager: Shutting down and abandoning module ArchVisCharacter (286)
[2017.08.02-18.55.49:127][799]LogModuleManager: Shutting down and abandoning module MediaPlayerEditor (282)
[2017.08.02-18.55.49:127][799]LogModuleManager: Shutting down and abandoning module HTML5Networking (280)
[2017.08.02-18.55.49:127][799]LogModuleManager: Shutting down and abandoning module AlembicImporter (278)
[2017.08.02-18.55.49:127][799]LogModuleManager: Shutting down and abandoning module AlembicLibrary (277)
[2017.08.02-18.55.49:127][799]LogModuleManager: Shutting down and abandoning module GeometryCache (276)
[2017.08.02-18.55.49:127][799]LogModuleManager: Shutting down and abandoning module GeometryCacheEd (275)
[2017.08.02-18.55.49:127][799]LogModuleManager: Shutting down and abandoning module SuperSearchEditor (270)
[2017.08.02-18.55.49:127][799]LogModuleManager: Shutting down and abandoning module SuperSearch (269)
[2017.08.02-18.55.49:127][799]LogModuleManager: Shutting down and abandoning module SpeedTreeImporter (266)
[2017.08.02-18.55.49:127][799]LogModuleManager: Shutting down and abandoning module PluginBrowser (264)
[2017.08.02-18.55.49:127][799]LogModuleManager: Shutting down and abandoning module MobileLauncherProfileWizard (262)
[2017.08.02-18.55.49:128][799]LogModuleManager: Shutting down and abandoning module EpicSurvey (260)
[2017.08.02-18.55.49:128][799]LogModuleManager: Shutting down and abandoning module VisualStudioSourceCodeAccess (258)
[2017.08.02-18.55.49:128][799]LogModuleManager: Shutting down and abandoning module DesktopPlatform (257)
[2017.08.02-18.55.49:128][799]LogModuleManager: Shutting down and abandoning module UObjectPlugin (254)
[2017.08.02-18.55.49:128][799]LogModuleManager: Shutting down and abandoning module SubversionSourceControl (252)
[2017.08.02-18.55.49:128][799]LogModuleManager: Shutting down and abandoning module PerforceSourceControl (250)
[2017.08.02-18.55.49:128][799]LogModuleManager: Shutting down and abandoning module GitSourceControl (248)
[2017.08.02-18.55.49:128][799]LogModuleManager: Shutting down and abandoning module SourceControl (247)
[2017.08.02-18.55.49:128][799]LogModuleManager: Shutting down and abandoning module LightPropagationVolumeEditor (244)
[2017.08.02-18.55.49:128][799]LogModuleManager: Shutting down and abandoning module PaperTiledImporter (242)
[2017.08.02-18.55.49:128][799]LogModuleManager: Shutting down and abandoning module PaperSpriteSheetImporter (240)
[2017.08.02-18.55.49:128][799]LogModuleManager: Shutting down and abandoning module Paper2DEditor (238)
[2017.08.02-18.55.49:128][799]LogModuleManager: Shutting down and abandoning module MeshPaint (237)
[2017.08.02-18.55.49:128][799]LogModuleManager: Shutting down and abandoning module LevelEditor (235)
[2017.08.02-18.55.49:128][799]LogModuleManager: Shutting down and abandoning module PixelInspectorModule (234)
[2017.08.02-18.55.49:128][799]LogModuleManager: Shutting down and abandoning module MainFrame (232)
[2017.08.02-18.55.49:128][799]LogModuleManager: Shutting down and abandoning module HotReload (231)
[2017.08.02-18.55.49:128][799]LogDirectoryWatcher: A directory notification for 'C:/Users/User/Desktop/Unreal/GitHub/FYP_DumbTesting/Meeting/Binaries/Win64' was aborted.
[2017.08.02-18.55.49:129][799]LogModuleManager: Shutting down and abandoning module ContentBrowser (227)
[2017.08.02-18.55.49:129][799]LogModuleManager: Shutting down and abandoning module Meeting (224)
[2017.08.02-18.55.49:129][799]LogModuleManager: Shutting down and abandoning module PhysXVehiclesEditor (222)
[2017.08.02-18.55.49:129][799]LogModuleManager: Shutting down and abandoning module PhysXVehicles (220)
[2017.08.02-18.55.49:130][799]LogModuleManager: Shutting down and abandoning module LocationServicesBPLibrary (218)
[2017.08.02-18.55.49:130][799]LogModuleManager: Shutting down and abandoning module UdpMessaging (216)
[2017.08.02-18.55.49:231][799]LogModuleManager: Shutting down and abandoning module TcpMessaging (214)
[2017.08.02-18.55.49:331][799]LogModuleManager: Shutting down and abandoning module GameplayTagsEditor (212)
[2017.08.02-18.55.49:331][799]LogModuleManager: Shutting down and abandoning module FacialAnimationEditor (210)
[2017.08.02-18.55.49:331][799]LogModuleManager: Shutting down and abandoning module FacialAnimation (208)
[2017.08.02-18.55.49:331][799]LogModuleManager: Shutting down and abandoning module LightPropagationVolumeRuntime (206)
[2017.08.02-18.55.49:331][799]LogModuleManager: Shutting down and abandoning module Paper2D (204)
[2017.08.02-18.55.49:331][799]LogModuleManager: Shutting down and abandoning module WindowsMoviePlayer (202)
[2017.08.02-18.55.49:331][799]LogModuleManager: Shutting down and abandoning module WmfMedia (200)
[2017.08.02-18.55.49:331][799]LogModuleManager: Shutting down and abandoning module MfMedia (198)
[2017.08.02-18.55.49:331][799]LogModuleManager: Shutting down and abandoning module MediaAssets (196)
[2017.08.02-18.55.49:331][799]LogModuleManager: Shutting down and abandoning module GameLiveStreaming (194)
[2017.08.02-18.55.49:331][799]LogModuleManager: Shutting down and abandoning module VREditor (192)
[2017.08.02-18.55.49:331][799]LogModuleManager: Shutting down and abandoning module GameplayTasksEditor (190)
[2017.08.02-18.55.49:331][799]LogModuleManager: Shutting down and abandoning module BehaviorTreeEditor (188)
[2017.08.02-18.55.49:331][799]LogModuleManager: Shutting down and abandoning module FunctionalTesting (186)
[2017.08.02-18.55.49:331][799]LogModuleManager: Shutting down and abandoning module CollisionAnalyzer (184)
[2017.08.02-18.55.49:331][799]LogModuleManager: Shutting down and abandoning module UMG (182)
[2017.08.02-18.55.49:331][799]LogModuleManager: Shutting down and abandoning module UMGEditor (181)
[2017.08.02-18.55.49:331][799]LogModuleManager: Shutting down and abandoning module Sequencer (180)
[2017.08.02-18.55.49:331][799]LogModuleManager: Shutting down and abandoning module AssetTools (178)
[2017.08.02-18.55.49:331][799]LogModuleManager: Shutting down and abandoning module MessageLog (177)
[2017.08.02-18.55.49:331][799]LogModuleManager: Shutting down and abandoning module WorkspaceMenuStructure (176)
[2017.08.02-18.55.49:331][799]LogModuleManager: Shutting down and abandoning module SlateReflector (170)
[2017.08.02-18.55.49:331][799]LogModuleManager: Shutting down and abandoning module Slate (168)
[2017.08.02-18.55.49:331][799]LogModuleManager: Shutting down and abandoning module EditorStyle (166)
[2017.08.02-18.55.49:333][799]LogModuleManager: Shutting down and abandoning module SourceCodeAccess (164)
[2017.08.02-18.55.49:333][799]LogModuleManager: Shutting down and abandoning module HeadMountedDisplay (162)
[2017.08.02-18.55.49:333][799]LogModuleManager: Shutting down and abandoning module XAudio2 (160)
[2017.08.02-18.55.49:333][799]LogModuleManager: Shutting down and abandoning module Networking (158)
[2017.08.02-18.55.49:333][799]LogModuleManager: Shutting down and abandoning module Core (154)
[2017.08.02-18.55.49:333][799]LogModuleManager: Shutting down and abandoning module AssetRegistry (152)
[2017.08.02-18.55.49:466][799]LogDirectoryWatcher: A directory notification for '../../../Engine/Content/' was aborted.
[2017.08.02-18.55.49:466][799]LogDirectoryWatcher: A directory notification for 'C:/Users/User/Desktop/Unreal/GitHub/FYP_DumbTesting/Meeting/Content/' was aborted.
[2017.08.02-18.55.49:466][799]LogDirectoryWatcher: A directory notification for '../../../Engine/Plugins/2D/Paper2D/Content/' was aborted.
[2017.08.02-18.55.49:466][799]LogModuleManager: Shutting down and abandoning module DirectoryWatcher (151)
[2017.08.02-18.55.49:467][799]LogModuleManager: Shutting down and abandoning module KismetCompiler (148)
[2017.08.02-18.55.49:467][799]LogModuleManager: Shutting down and abandoning module PhysXFormats (146)
[2017.08.02-18.55.49:467][799]LogModuleManager: Shutting down and abandoning module MeshUtilities (144)
[2017.08.02-18.55.49:467][799]LogModuleManager: Shutting down and abandoning module SimplygonSwarm (143)
[2017.08.02-18.55.49:467][799]LogModuleManager: Shutting down and abandoning module SimplygonMeshReduction (141)
[2017.08.02-18.55.49:467][799]LogModuleManager: Shutting down and abandoning module QuadricMeshReduction (139)
[2017.08.02-18.55.49:467][799]LogModuleManager: Shutting down and abandoning module PropertyEditor (137)
[2017.08.02-18.55.49:467][799]LogModuleManager: Shutting down and abandoning module DerivedDataCache (134)
[2017.08.02-18.55.49:497][799]LogDerivedDataCache: Shutdown
[2017.08.02-18.55.49:497][799]LogModuleManager: Shutting down and abandoning module TargetPlatform (132)
[2017.08.02-18.55.49:497][799]LogModuleManager: Shutting down and abandoning module VulkanShaderFormat (131)
[2017.08.02-18.55.49:497][799]LogModuleManager: Shutting down and abandoning module ShaderFormatOpenGL (129)
[2017.08.02-18.55.49:497][799]LogModuleManager: Shutting down and abandoning module ShaderFormatD3D (127)
[2017.08.02-18.55.49:497][799]LogModuleManager: Shutting down and abandoning module MetalShaderFormat (125)
[2017.08.02-18.55.49:497][799]LogModuleManager: Shutting down and abandoning module TextureFormatUncompressed (123)
[2017.08.02-18.55.49:497][799]LogModuleManager: Shutting down and abandoning module TextureFormatPVR (121)
[2017.08.02-18.55.49:497][799]LogModuleManager: Shutting down and abandoning module TextureFormatDXT (119)
[2017.08.02-18.55.49:497][799]LogModuleManager: Shutting down and abandoning module TextureFormatIntelISPCTexComp (117)
[2017.08.02-18.55.49:497][799]LogModuleManager: Shutting down and abandoning module TextureFormatASTC (115)
[2017.08.02-18.55.49:497][799]LogModuleManager: Shutting down and abandoning module ImageWrapper (114)
[2017.08.02-18.55.49:497][799]LogModuleManager: Shutting down and abandoning module TextureFormatAndroid (111)
[2017.08.02-18.55.49:497][799]LogModuleManager: Shutting down and abandoning module AudioFormatOpus (109)
[2017.08.02-18.55.49:497][799]LogModuleManager: Shutting down and abandoning module AudioFormatOgg (107)
[2017.08.02-18.55.49:497][799]LogModuleManager: Shutting down and abandoning module AudioFormatADPCM (105)
[2017.08.02-18.55.49:497][799]LogModuleManager: Shutting down and abandoning module LinuxTargetPlatform (103)
[2017.08.02-18.55.49:498][799]LogModuleManager: Shutting down and abandoning module LinuxServerTargetPlatform (101)
[2017.08.02-18.55.49:498][799]LogModuleManager: Shutting down and abandoning module LinuxNoEditorTargetPlatform (99)
[2017.08.02-18.55.49:498][799]LogModuleManager: Shutting down and abandoning module LinuxClientTargetPlatform (97)
[2017.08.02-18.55.49:498][799]LogModuleManager: Shutting down and abandoning module TVOSTargetPlatform (95)
[2017.08.02-18.55.49:498][799]LogModuleManager: Shutting down and abandoning module Messaging (93)
[2017.08.02-18.55.49:498][799]LogModuleManager: Shutting down and abandoning module IOSTargetPlatform (91)
[2017.08.02-18.55.49:498][799]LogModuleManager: Shutting down and abandoning module HTML5TargetPlatform (89)
[2017.08.02-18.55.49:498][799]LogModuleManager: Shutting down and abandoning module Android_PVRTCTargetPlatform (87)
[2017.08.02-18.55.49:498][799]LogModuleManager: Shutting down and abandoning module Android_MultiTargetPlatform (85)
[2017.08.02-18.55.49:498][799]LogModuleManager: Shutting down and abandoning module Android_ETC2TargetPlatform (83)
[2017.08.02-18.55.49:498][799]LogModuleManager: Shutting down and abandoning module Android_ETC1TargetPlatform (81)
[2017.08.02-18.55.49:498][799]LogModuleManager: Shutting down and abandoning module Android_DXTTargetPlatform (79)
[2017.08.02-18.55.49:498][799]LogModuleManager: Shutting down and abandoning module Android_ATCTargetPlatform (77)
[2017.08.02-18.55.49:498][799]LogModuleManager: Shutting down and abandoning module Android_ASTCTargetPlatform (75)
[2017.08.02-18.55.49:498][799]LogModuleManager: Shutting down and abandoning module AndroidTargetPlatform (73)
[2017.08.02-18.55.49:498][799]LogModuleManager: Shutting down and abandoning module WindowsTargetPlatform (71)
[2017.08.02-18.55.49:498][799]LogModuleManager: Shutting down and abandoning module WindowsServerTargetPlatform (69)
[2017.08.02-18.55.49:498][799]LogModuleManager: Shutting down and abandoning module WindowsNoEditorTargetPlatform (67)
[2017.08.02-18.55.49:498][799]LogModuleManager: Shutting down and abandoning module WindowsClientTargetPlatform (65)
[2017.08.02-18.55.49:498][799]LogModuleManager: Shutting down and abandoning module MacTargetPlatform (63)
[2017.08.02-18.55.49:498][799]LogModuleManager: Shutting down and abandoning module MacServerTargetPlatform (61)
[2017.08.02-18.55.49:498][799]LogModuleManager: Shutting down and abandoning module MacNoEditorTargetPlatform (59)
[2017.08.02-18.55.49:498][799]LogModuleManager: Shutting down and abandoning module MacClientTargetPlatform (57)
[2017.08.02-18.55.49:498][799]LogModuleManager: Shutting down and abandoning module AllDesktopTargetPlatform (55)
[2017.08.02-18.55.49:498][799]LogModuleManager: Shutting down and abandoning module InputCore (52)
[2017.08.02-18.55.49:498][799]LogModuleManager: Shutting down and abandoning module Settings (50)
[2017.08.02-18.55.49:498][799]LogModuleManager: Shutting down and abandoning module OculusRift (48)
[2017.08.02-18.55.49:498][799]LogModuleManager: Shutting down and abandoning module GearVR (46)
[2017.08.02-18.55.49:498][799]LogModuleManager: Shutting down and abandoning module ExampleDeviceProfileSelector (44)
[2017.08.02-18.55.49:498][799]LogModuleManager: Shutting down and abandoning module OnlineBlueprintSupport (42)
[2017.08.02-18.55.49:498][799]LogModuleManager: Shutting down and abandoning module OnlineSubsystem (38)
[2017.08.02-18.55.49:498][799]LogOnline:Display: Unloading online subsystem: NULL
[2017.08.02-18.55.49:498][799]LogModuleManager: Shutting down and abandoning module XMPP (37)
[2017.08.02-18.55.49:498][799]LogModuleManager: Shutting down and abandoning module HTTP (35)
[2017.08.02-18.55.49:498][799]LogHttp:Display: Http module shutting down, but needs to wait on 1 outstanding Http requests:
[2017.08.02-18.55.49:498][799]LogHttp:Display: 	verb=[POST] url=[https://datarouter.ol.epicgames.com/datarouter/api/v1/public/data?SessionID=%7BB2927F02-43B1-BA36-6F8A-14BE8947C8A6%7D&AppID=UEEditor.Rocket.Release&AppVersion=4.15.3-3450819%2B%2B%2BUE4%2BRelease-4.15&UserID=114a053340218112b535419f5baeb955%7C9413889a592e4c1c866f4c4c8bc27d3e%7C8c3aa4a3-2f23-417e-a7f5-919d8ce1237f&AppEnvironment=datacollector-binary&UploadType=eteventstream] status=Processing
[2017.08.02-18.55.49:527][799]LogModuleManager: Shutting down and abandoning module SSL (34)
[2017.08.02-18.55.49:528][799]LogModuleManager: Shutting down and abandoning module AudioEditor (30)
[2017.08.02-18.55.49:528][799]LogModuleManager: Shutting down and abandoning module TextureCompressor (28)
[2017.08.02-18.55.49:528][799]LogModuleManager: Shutting down and abandoning module ShaderCore (26)
[2017.08.02-18.55.49:528][799]LogModuleManager: Shutting down and abandoning module Landscape (24)
[2017.08.02-18.55.49:528][799]LogModuleManager: Shutting down and abandoning module SlateRHIRenderer (22)
[2017.08.02-18.55.49:530][799]LogModuleManager: Shutting down and abandoning module OpenGLDrv (20)
[2017.08.02-18.55.49:530][799]LogModuleManager: Shutting down and abandoning module D3D11RHI (18)
[2017.08.02-18.55.49:530][799]LogModuleManager: Shutting down and abandoning module AnimGraphRuntime (16)
[2017.08.02-18.55.49:530][799]LogModuleManager: Shutting down and abandoning module Renderer (14)
[2017.08.02-18.55.49:530][799]LogModuleManager: Shutting down and abandoning module Engine (12)
[2017.08.02-18.55.49:530][799]LogModuleManager: Shutting down and abandoning module CoreUObject (10)
[2017.08.02-18.55.49:530][799]LogModuleManager: Shutting down and abandoning module NetworkFile (8)
[2017.08.02-18.55.49:530][799]LogModuleManager: Shutting down and abandoning module StreamingFile (6)
[2017.08.02-18.55.49:530][799]LogModuleManager: Shutting down and abandoning module SandboxFile (4)
[2017.08.02-18.55.49:530][799]LogModuleManager: Shutting down and abandoning module PakFile (2)
[2017.08.02-18.55.49:532][799]LogExit: Exiting.
[2017.08.02-18.55.49:533][799]Log file closed, 08/03/17 02:55:49
